000 (9125642.000.000) 02/11 00:03:25 Job submitted from host: <10.15.2.1:9618?PrivAddr=%3c172.22.0.101:9618%3fsock%3d2293896_6fb7_6%3e&PrivNet=internal.cluster.is.localnet&addrs=10.15.2.1-9618&noUDP&sock=2293896_6fb7_6>
...
001 (9125642.000.000) 02/11 01:46:53 Job executing on host: <172.22.2.70:9618?addrs=172.22.2.70-9618&noUDP&sock=22886_788c_3>
...
006 (9125642.000.000) 02/11 01:47:02 Image size of job updated: 32952
	18  -  MemoryUsage of job (MB)
	18300  -  ResidentSetSize of job (KB)
...
006 (9125642.000.000) 02/11 01:52:03 Image size of job updated: 2103256
	2029  -  MemoryUsage of job (MB)
	2077252  -  ResidentSetSize of job (KB)
...
006 (9125642.000.000) 02/11 01:57:03 Image size of job updated: 2103380
	2029  -  MemoryUsage of job (MB)
	2077252  -  ResidentSetSize of job (KB)
...
006 (9125642.000.000) 02/11 02:02:03 Image size of job updated: 2104412
	2029  -  MemoryUsage of job (MB)
	2077252  -  ResidentSetSize of job (KB)
...
006 (9125642.000.000) 02/11 02:07:04 Image size of job updated: 2105456
	2029  -  MemoryUsage of job (MB)
	2077252  -  ResidentSetSize of job (KB)
...
006 (9125642.000.000) 02/11 02:27:06 Image size of job updated: 2105604
	2029  -  MemoryUsage of job (MB)
	2077356  -  ResidentSetSize of job (KB)
...
006 (9125642.000.000) 02/11 02:37:07 Image size of job updated: 2105948
	2030  -  MemoryUsage of job (MB)
	2077700  -  ResidentSetSize of job (KB)
...
006 (9125642.000.000) 02/11 03:22:12 Image size of job updated: 2106032
	2030  -  MemoryUsage of job (MB)
	2077700  -  ResidentSetSize of job (KB)
...
006 (9125642.000.000) 02/11 03:32:13 Image size of job updated: 2106676
	2030  -  MemoryUsage of job (MB)
	2077700  -  ResidentSetSize of job (KB)
...
004 (9125642.000.000) 02/11 05:51:06 Job was evicted.
	(0) Job was not checkpointed.
		Usr 0 03:57:07, Sys 0 00:04:33  -  Run Remote Usage
		Usr 0 00:00:00, Sys 0 00:00:00  -  Run Local Usage
	0  -  Run Bytes Sent By Job
	0  -  Run Bytes Received By Job
	Partitionable Resources :    Usage  Request Allocated Assigned
	   Cpus                 :     1.00        1         1 
	   Disk (KB)            :     2           2    853458 
	   Gpus                 :                 1         1 "CUDA2"
	   Memory (MB)          :  2030       48000     48000 
...
009 (9125642.000.000) 02/11 05:51:07 Job was aborted by the user.
	via condor_rm (by user sbauer)
...
