HXLN_LN_LSTM-default-data-Triangle-version-0-num_layers-4-num_templates-4-dropout-0.1-epochs-200-patch_size-4-num_heads-4-batch_size-64-lr-0.0001-128-128-2-2-True-6-True-True-10-True-64-False-2
transformer embed_dim 128
functional? False
total heads 4
head dim 32
use topk?True
topk:10
MEM SLOTS:64
Null attention:False
USING SHARED MEMORY ATTENTION +++++++++
input projector:128
5679108
Total number of parameters:5792264

Epoch: 0
[1,   100] loss: 0.743 accuracy:49.672
[1,   200] loss: 0.725 accuracy:49.586
[1,   300] loss: 0.719 accuracy:49.891
[1,   400] loss: 0.715 accuracy:50.160
[1,   500] loss: 0.712 accuracy:50.138
[1,   600] loss: 0.710 accuracy:50.258
[1,   700] loss: 0.709 accuracy:50.190
test_accuracy is 52.030 after epochs 0
Saving..

Epoch: 1
[2,   100] loss: 0.698 accuracy:50.719
[2,   200] loss: 0.698 accuracy:50.602
[2,   300] loss: 0.699 accuracy:50.469
[2,   400] loss: 0.700 accuracy:50.367
[2,   500] loss: 0.699 accuracy:50.663
[2,   600] loss: 0.699 accuracy:50.719
[2,   700] loss: 0.699 accuracy:50.792
test_accuracy is 54.170 after epochs 1
Saving..

Epoch: 2
[3,   100] loss: 0.692 accuracy:53.703
[3,   200] loss: 0.693 accuracy:52.617
[3,   300] loss: 0.694 accuracy:52.266
[3,   400] loss: 0.694 accuracy:52.520
[3,   500] loss: 0.694 accuracy:52.509
[3,   600] loss: 0.693 accuracy:52.779
[3,   700] loss: 0.693 accuracy:52.922
test_accuracy is 51.260 after epochs 2

Epoch: 3
[4,   100] loss: 0.693 accuracy:53.469
[4,   200] loss: 0.691 accuracy:53.617
[4,   300] loss: 0.692 accuracy:53.552
[4,   400] loss: 0.691 accuracy:53.797
[4,   500] loss: 0.690 accuracy:54.122
[4,   600] loss: 0.689 accuracy:54.279
[4,   700] loss: 0.689 accuracy:54.286
test_accuracy is 55.290 after epochs 3
Saving..

Epoch: 4
[5,   100] loss: 0.687 accuracy:54.688
[5,   200] loss: 0.687 accuracy:54.797
[5,   300] loss: 0.687 accuracy:54.719
[5,   400] loss: 0.687 accuracy:54.715
[5,   500] loss: 0.686 accuracy:54.938
[5,   600] loss: 0.686 accuracy:54.943
[5,   700] loss: 0.686 accuracy:54.984
test_accuracy is 57.130 after epochs 4
Saving..

Epoch: 5
[6,   100] loss: 0.689 accuracy:54.312
[6,   200] loss: 0.688 accuracy:54.375
[6,   300] loss: 0.686 accuracy:55.161
[6,   400] loss: 0.685 accuracy:55.316
[6,   500] loss: 0.684 accuracy:55.597
[6,   600] loss: 0.683 accuracy:55.747
[6,   700] loss: 0.683 accuracy:55.864
test_accuracy is 57.520 after epochs 5
Saving..

Epoch: 6
[7,   100] loss: 0.684 accuracy:55.500
[7,   200] loss: 0.684 accuracy:55.656
[7,   300] loss: 0.682 accuracy:56.276
[7,   400] loss: 0.681 accuracy:56.406
[7,   500] loss: 0.681 accuracy:56.234
[7,   600] loss: 0.681 accuracy:56.318
[7,   700] loss: 0.680 accuracy:56.442
test_accuracy is 57.150 after epochs 6

Epoch: 7
[8,   100] loss: 0.679 accuracy:56.422
[8,   200] loss: 0.680 accuracy:56.586
[8,   300] loss: 0.679 accuracy:56.458
[8,   400] loss: 0.679 accuracy:56.508
[8,   500] loss: 0.680 accuracy:56.331
[8,   600] loss: 0.679 accuracy:56.578
[8,   700] loss: 0.679 accuracy:56.583
test_accuracy is 57.830 after epochs 7
Saving..

Epoch: 8
[9,   100] loss: 0.675 accuracy:57.109
[9,   200] loss: 0.675 accuracy:57.258
[9,   300] loss: 0.677 accuracy:56.719
[9,   400] loss: 0.677 accuracy:56.766
[9,   500] loss: 0.677 accuracy:56.816
[9,   600] loss: 0.677 accuracy:56.953
[9,   700] loss: 0.678 accuracy:56.859
test_accuracy is 56.300 after epochs 8

Epoch: 9
[10,   100] loss: 0.677 accuracy:57.141
[10,   200] loss: 0.677 accuracy:56.922
[10,   300] loss: 0.677 accuracy:56.984
[10,   400] loss: 0.677 accuracy:57.000
[10,   500] loss: 0.676 accuracy:57.222
[10,   600] loss: 0.676 accuracy:57.380
[10,   700] loss: 0.676 accuracy:57.368
test_accuracy is 57.390 after epochs 9

Epoch: 10
[11,   100] loss: 0.674 accuracy:57.750
[11,   200] loss: 0.674 accuracy:57.672
[11,   300] loss: 0.675 accuracy:57.510
[11,   400] loss: 0.675 accuracy:57.316
[11,   500] loss: 0.676 accuracy:57.234
[11,   600] loss: 0.676 accuracy:57.362
[11,   700] loss: 0.676 accuracy:57.420
test_accuracy is 57.850 after epochs 10
Saving..

Epoch: 11
[12,   100] loss: 0.676 accuracy:57.484
[12,   200] loss: 0.677 accuracy:57.312
[12,   300] loss: 0.675 accuracy:57.755
[12,   400] loss: 0.675 accuracy:57.523
[12,   500] loss: 0.676 accuracy:57.419
[12,   600] loss: 0.676 accuracy:57.315
[12,   700] loss: 0.676 accuracy:57.321
test_accuracy is 58.170 after epochs 11
Saving..

Epoch: 12
[13,   100] loss: 0.680 accuracy:56.547
[13,   200] loss: 0.679 accuracy:56.812
[13,   300] loss: 0.677 accuracy:57.234
[13,   400] loss: 0.677 accuracy:56.984
[13,   500] loss: 0.677 accuracy:57.075
[13,   600] loss: 0.676 accuracy:57.362
[13,   700] loss: 0.676 accuracy:57.605
test_accuracy is 56.440 after epochs 12

Epoch: 13
[14,   100] loss: 0.671 accuracy:58.484
[14,   200] loss: 0.674 accuracy:57.914
[14,   300] loss: 0.675 accuracy:57.521
[14,   400] loss: 0.674 accuracy:57.719
[14,   500] loss: 0.673 accuracy:57.741
[14,   600] loss: 0.673 accuracy:57.807
[14,   700] loss: 0.673 accuracy:57.877
test_accuracy is 57.770 after epochs 13

Epoch: 14
[15,   100] loss: 0.674 accuracy:58.516
[15,   200] loss: 0.674 accuracy:58.359
[15,   300] loss: 0.674 accuracy:58.141
[15,   400] loss: 0.674 accuracy:58.062
[15,   500] loss: 0.674 accuracy:58.128
[15,   600] loss: 0.674 accuracy:58.141
[15,   700] loss: 0.674 accuracy:58.154
test_accuracy is 59.300 after epochs 14
Saving..

Epoch: 15
[16,   100] loss: 0.670 accuracy:58.109
[16,   200] loss: 0.672 accuracy:58.055
[16,   300] loss: 0.672 accuracy:58.115
[16,   400] loss: 0.673 accuracy:58.164
[16,   500] loss: 0.672 accuracy:58.134
[16,   600] loss: 0.672 accuracy:58.284
[16,   700] loss: 0.672 accuracy:58.201
test_accuracy is 58.250 after epochs 15

Epoch: 16
[17,   100] loss: 0.674 accuracy:57.656
[17,   200] loss: 0.675 accuracy:57.203
[17,   300] loss: 0.672 accuracy:57.781
[17,   400] loss: 0.672 accuracy:58.023
[17,   500] loss: 0.671 accuracy:58.300
[17,   600] loss: 0.672 accuracy:58.245
[17,   700] loss: 0.672 accuracy:58.295
test_accuracy is 59.390 after epochs 16
Saving..

Epoch: 17
[18,   100] loss: 0.669 accuracy:59.062
[18,   200] loss: 0.670 accuracy:59.031
[18,   300] loss: 0.669 accuracy:59.021
[18,   400] loss: 0.669 accuracy:58.945
[18,   500] loss: 0.670 accuracy:58.844
[18,   600] loss: 0.669 accuracy:58.948
[18,   700] loss: 0.669 accuracy:58.964
test_accuracy is 58.210 after epochs 17

Epoch: 18
[19,   100] loss: 0.667 accuracy:58.875
[19,   200] loss: 0.670 accuracy:58.445
[19,   300] loss: 0.670 accuracy:58.464
[19,   400] loss: 0.671 accuracy:58.219
[19,   500] loss: 0.671 accuracy:58.138
[19,   600] loss: 0.671 accuracy:58.177
[19,   700] loss: 0.671 accuracy:58.270
test_accuracy is 59.530 after epochs 18
Saving..

Epoch: 19
[20,   100] loss: 0.669 accuracy:59.203
[20,   200] loss: 0.668 accuracy:58.922
[20,   300] loss: 0.670 accuracy:58.583
[20,   400] loss: 0.670 accuracy:58.773
[20,   500] loss: 0.669 accuracy:58.816
[20,   600] loss: 0.669 accuracy:58.667
[20,   700] loss: 0.670 accuracy:58.654
test_accuracy is 57.940 after epochs 19

Epoch: 20
[21,   100] loss: 0.669 accuracy:59.234
[21,   200] loss: 0.669 accuracy:58.891
[21,   300] loss: 0.670 accuracy:58.849
[21,   400] loss: 0.670 accuracy:58.688
[21,   500] loss: 0.670 accuracy:58.750
[21,   600] loss: 0.670 accuracy:58.711
[21,   700] loss: 0.671 accuracy:58.565
test_accuracy is 58.920 after epochs 20

Epoch: 21
[22,   100] loss: 0.669 accuracy:58.984
[22,   200] loss: 0.670 accuracy:59.008
[22,   300] loss: 0.671 accuracy:58.589
[22,   400] loss: 0.670 accuracy:58.844
[22,   500] loss: 0.669 accuracy:58.900
[22,   600] loss: 0.669 accuracy:58.753
[22,   700] loss: 0.669 accuracy:58.817
test_accuracy is 58.800 after epochs 21

Epoch: 22
[23,   100] loss: 0.667 accuracy:59.266
[23,   200] loss: 0.667 accuracy:59.070
[23,   300] loss: 0.668 accuracy:58.979
[23,   400] loss: 0.669 accuracy:58.832
[23,   500] loss: 0.669 accuracy:58.878
[23,   600] loss: 0.668 accuracy:58.935
[23,   700] loss: 0.668 accuracy:58.978
test_accuracy is 57.920 after epochs 22

Epoch: 23
[24,   100] loss: 0.669 accuracy:58.750
[24,   200] loss: 0.669 accuracy:58.805
[24,   300] loss: 0.667 accuracy:58.734
[24,   400] loss: 0.667 accuracy:58.871
[24,   500] loss: 0.667 accuracy:58.844
[24,   600] loss: 0.666 accuracy:59.042
[24,   700] loss: 0.665 accuracy:59.225
test_accuracy is 58.870 after epochs 23

Epoch: 24
[25,   100] loss: 0.665 accuracy:59.141
[25,   200] loss: 0.665 accuracy:59.422
[25,   300] loss: 0.665 accuracy:59.688
[25,   400] loss: 0.665 accuracy:59.555
[25,   500] loss: 0.664 accuracy:59.516
[25,   600] loss: 0.664 accuracy:59.497
[25,   700] loss: 0.664 accuracy:59.487
test_accuracy is 59.050 after epochs 24

Epoch: 25
[26,   100] loss: 0.664 accuracy:59.156
[26,   200] loss: 0.664 accuracy:59.156
[26,   300] loss: 0.663 accuracy:59.510
[26,   400] loss: 0.663 accuracy:59.578
[26,   500] loss: 0.663 accuracy:59.584
[26,   600] loss: 0.663 accuracy:59.419
[26,   700] loss: 0.663 accuracy:59.475
test_accuracy is 57.910 after epochs 25

Epoch: 26
[27,   100] loss: 0.660 accuracy:60.516
[27,   200] loss: 0.662 accuracy:59.773
[27,   300] loss: 0.662 accuracy:59.943
[27,   400] loss: 0.662 accuracy:60.039
[27,   500] loss: 0.661 accuracy:59.906
[27,   600] loss: 0.662 accuracy:59.776
[27,   700] loss: 0.661 accuracy:59.810
test_accuracy is 59.340 after epochs 26

Epoch: 27
[28,   100] loss: 0.664 accuracy:58.859
[28,   200] loss: 0.664 accuracy:59.438
[28,   300] loss: 0.661 accuracy:59.750
[28,   400] loss: 0.662 accuracy:59.688
[28,   500] loss: 0.661 accuracy:59.622
[28,   600] loss: 0.662 accuracy:59.510
[28,   700] loss: 0.661 accuracy:59.625
test_accuracy is 59.050 after epochs 27

Epoch: 28
[29,   100] loss: 0.661 accuracy:59.938
[29,   200] loss: 0.662 accuracy:59.594
[29,   300] loss: 0.660 accuracy:59.745
[29,   400] loss: 0.662 accuracy:59.504
[29,   500] loss: 0.663 accuracy:59.350
[29,   600] loss: 0.662 accuracy:59.464
[29,   700] loss: 0.662 accuracy:59.500
test_accuracy is 57.030 after epochs 28

Epoch: 29
[30,   100] loss: 0.668 accuracy:59.094
[30,   200] loss: 0.663 accuracy:59.719
[30,   300] loss: 0.664 accuracy:59.417
[30,   400] loss: 0.663 accuracy:59.473
[30,   500] loss: 0.663 accuracy:59.306
[30,   600] loss: 0.662 accuracy:59.620
[30,   700] loss: 0.662 accuracy:59.580
test_accuracy is 60.380 after epochs 29
Saving..

Epoch: 30
[31,   100] loss: 0.663 accuracy:58.828
[31,   200] loss: 0.660 accuracy:59.312
[31,   300] loss: 0.659 accuracy:59.708
[31,   400] loss: 0.659 accuracy:59.816
[31,   500] loss: 0.659 accuracy:59.944
[31,   600] loss: 0.659 accuracy:60.104
[31,   700] loss: 0.658 accuracy:60.170
test_accuracy is 62.500 after epochs 30
Saving..

Epoch: 31
[32,   100] loss: 0.663 accuracy:59.266
[32,   200] loss: 0.657 accuracy:60.086
[32,   300] loss: 0.656 accuracy:60.281
[32,   400] loss: 0.655 accuracy:60.414
[32,   500] loss: 0.656 accuracy:60.394
[32,   600] loss: 0.656 accuracy:60.406
[32,   700] loss: 0.656 accuracy:60.346
test_accuracy is 60.920 after epochs 31

Epoch: 32
[33,   100] loss: 0.655 accuracy:59.938
[33,   200] loss: 0.657 accuracy:59.969
[33,   300] loss: 0.659 accuracy:59.635
[33,   400] loss: 0.660 accuracy:59.688
[33,   500] loss: 0.659 accuracy:59.759
[33,   600] loss: 0.659 accuracy:59.823
[33,   700] loss: 0.659 accuracy:59.839
test_accuracy is 61.430 after epochs 32

Epoch: 33
[34,   100] loss: 0.658 accuracy:60.906
[34,   200] loss: 0.658 accuracy:60.156
[34,   300] loss: 0.657 accuracy:60.219
[34,   400] loss: 0.655 accuracy:60.551
[34,   500] loss: 0.657 accuracy:60.275
[34,   600] loss: 0.656 accuracy:60.310
[34,   700] loss: 0.657 accuracy:60.246
test_accuracy is 60.330 after epochs 33

Epoch: 34
[35,   100] loss: 0.653 accuracy:60.641
[35,   200] loss: 0.655 accuracy:59.961
[35,   300] loss: 0.654 accuracy:60.255
[35,   400] loss: 0.655 accuracy:60.324
[35,   500] loss: 0.654 accuracy:60.450
[35,   600] loss: 0.652 accuracy:60.755
[35,   700] loss: 0.652 accuracy:60.679
test_accuracy is 60.070 after epochs 34

Epoch: 35
[36,   100] loss: 0.650 accuracy:61.297
[36,   200] loss: 0.653 accuracy:60.477
[36,   300] loss: 0.654 accuracy:60.323
[36,   400] loss: 0.654 accuracy:60.141
[36,   500] loss: 0.654 accuracy:60.484
[36,   600] loss: 0.653 accuracy:60.542
[36,   700] loss: 0.653 accuracy:60.565
test_accuracy is 59.750 after epochs 35

Epoch: 36
[37,   100] loss: 0.650 accuracy:61.188
[37,   200] loss: 0.652 accuracy:61.305
[37,   300] loss: 0.653 accuracy:61.089
[37,   400] loss: 0.654 accuracy:60.777
[37,   500] loss: 0.655 accuracy:60.569
[37,   600] loss: 0.654 accuracy:60.698
[37,   700] loss: 0.654 accuracy:60.703
test_accuracy is 60.720 after epochs 36

Epoch: 37
[38,   100] loss: 0.652 accuracy:60.719
[38,   200] loss: 0.651 accuracy:60.898
[38,   300] loss: 0.650 accuracy:61.271
[38,   400] loss: 0.650 accuracy:61.234
[38,   500] loss: 0.653 accuracy:60.956
[38,   600] loss: 0.653 accuracy:60.823
[38,   700] loss: 0.653 accuracy:60.779
test_accuracy is 61.120 after epochs 37

Epoch: 38
[39,   100] loss: 0.661 accuracy:60.219
[39,   200] loss: 0.657 accuracy:60.164
[39,   300] loss: 0.656 accuracy:60.182
[39,   400] loss: 0.656 accuracy:60.223
[39,   500] loss: 0.656 accuracy:60.225
[39,   600] loss: 0.654 accuracy:60.385
[39,   700] loss: 0.654 accuracy:60.342
test_accuracy is 61.540 after epochs 38

Epoch: 39
[40,   100] loss: 0.655 accuracy:60.562
[40,   200] loss: 0.653 accuracy:60.367
[40,   300] loss: 0.651 accuracy:60.646
[40,   400] loss: 0.652 accuracy:60.520
[40,   500] loss: 0.652 accuracy:60.594
[40,   600] loss: 0.653 accuracy:60.518
[40,   700] loss: 0.652 accuracy:60.533
test_accuracy is 61.420 after epochs 39

Epoch: 40
[41,   100] loss: 0.656 accuracy:60.375
[41,   200] loss: 0.654 accuracy:60.742
[41,   300] loss: 0.651 accuracy:61.016
[41,   400] loss: 0.651 accuracy:60.992
[41,   500] loss: 0.651 accuracy:61.006
[41,   600] loss: 0.651 accuracy:60.958
[41,   700] loss: 0.650 accuracy:61.132
test_accuracy is 61.110 after epochs 40

Epoch: 41
[42,   100] loss: 0.653 accuracy:60.203
[42,   200] loss: 0.652 accuracy:60.266
[42,   300] loss: 0.652 accuracy:60.240
[42,   400] loss: 0.653 accuracy:60.109
[42,   500] loss: 0.651 accuracy:60.316
[42,   600] loss: 0.651 accuracy:60.372
[42,   700] loss: 0.652 accuracy:60.321
test_accuracy is 60.310 after epochs 41

Epoch: 42
[43,   100] loss: 0.652 accuracy:60.250
[43,   200] loss: 0.650 accuracy:60.773
[43,   300] loss: 0.649 accuracy:60.828
[43,   400] loss: 0.649 accuracy:60.797
[43,   500] loss: 0.648 accuracy:60.959
[43,   600] loss: 0.648 accuracy:61.013
[43,   700] loss: 0.649 accuracy:60.859
test_accuracy is 62.270 after epochs 42

Epoch: 43
[44,   100] loss: 0.648 accuracy:61.312
[44,   200] loss: 0.648 accuracy:61.352
[44,   300] loss: 0.651 accuracy:61.016
[44,   400] loss: 0.650 accuracy:61.355
[44,   500] loss: 0.650 accuracy:61.188
[44,   600] loss: 0.649 accuracy:61.310
[44,   700] loss: 0.650 accuracy:61.185
test_accuracy is 60.530 after epochs 43

Epoch: 44
[45,   100] loss: 0.649 accuracy:60.828
[45,   200] loss: 0.647 accuracy:61.023
[45,   300] loss: 0.649 accuracy:60.865
[45,   400] loss: 0.648 accuracy:61.055
[45,   500] loss: 0.648 accuracy:61.103
[45,   600] loss: 0.648 accuracy:61.060
[45,   700] loss: 0.647 accuracy:61.181
test_accuracy is 61.370 after epochs 44

Epoch: 45
[46,   100] loss: 0.652 accuracy:60.547
[46,   200] loss: 0.648 accuracy:61.289
[46,   300] loss: 0.651 accuracy:60.693
[46,   400] loss: 0.651 accuracy:60.734
[46,   500] loss: 0.651 accuracy:60.913
[46,   600] loss: 0.651 accuracy:60.945
[46,   700] loss: 0.650 accuracy:61.002
test_accuracy is 62.730 after epochs 45
Saving..

Epoch: 46
[47,   100] loss: 0.649 accuracy:61.203
[47,   200] loss: 0.647 accuracy:60.938
[47,   300] loss: 0.649 accuracy:60.724
[47,   400] loss: 0.649 accuracy:60.664
[47,   500] loss: 0.650 accuracy:60.538
[47,   600] loss: 0.649 accuracy:60.659
[47,   700] loss: 0.649 accuracy:60.775
test_accuracy is 62.030 after epochs 46

Epoch: 47
[48,   100] loss: 0.648 accuracy:61.234
[48,   200] loss: 0.647 accuracy:61.492
[48,   300] loss: 0.648 accuracy:61.365
[48,   400] loss: 0.648 accuracy:61.168
[48,   500] loss: 0.647 accuracy:61.263
[48,   600] loss: 0.646 accuracy:61.263
[48,   700] loss: 0.646 accuracy:61.333
test_accuracy is 62.280 after epochs 47

Epoch: 48
[49,   100] loss: 0.647 accuracy:60.875
[49,   200] loss: 0.648 accuracy:60.781
[49,   300] loss: 0.648 accuracy:60.823
[49,   400] loss: 0.647 accuracy:61.188
[49,   500] loss: 0.647 accuracy:61.191
[49,   600] loss: 0.647 accuracy:61.232
[49,   700] loss: 0.648 accuracy:61.062
test_accuracy is 60.850 after epochs 48

Epoch: 49
[50,   100] loss: 0.647 accuracy:61.328
[50,   200] loss: 0.646 accuracy:61.445
[50,   300] loss: 0.646 accuracy:61.505
[50,   400] loss: 0.648 accuracy:61.266
[50,   500] loss: 0.648 accuracy:61.334
[50,   600] loss: 0.647 accuracy:61.383
[50,   700] loss: 0.646 accuracy:61.500
test_accuracy is 62.280 after epochs 49

Epoch: 50
[51,   100] loss: 0.648 accuracy:61.078
[51,   200] loss: 0.648 accuracy:61.219
[51,   300] loss: 0.648 accuracy:61.255
[51,   400] loss: 0.646 accuracy:61.328
[51,   500] loss: 0.647 accuracy:61.350
[51,   600] loss: 0.647 accuracy:61.242
[51,   700] loss: 0.646 accuracy:61.259
test_accuracy is 61.880 after epochs 50

Epoch: 51
[52,   100] loss: 0.648 accuracy:60.906
[52,   200] loss: 0.647 accuracy:61.203
[52,   300] loss: 0.646 accuracy:61.328
[52,   400] loss: 0.646 accuracy:61.285
[52,   500] loss: 0.644 accuracy:61.472
[52,   600] loss: 0.645 accuracy:61.401
[52,   700] loss: 0.644 accuracy:61.522
test_accuracy is 62.200 after epochs 51

Epoch: 52
[53,   100] loss: 0.645 accuracy:61.641
[53,   200] loss: 0.644 accuracy:61.375
[53,   300] loss: 0.643 accuracy:61.625
[53,   400] loss: 0.644 accuracy:61.562
[53,   500] loss: 0.644 accuracy:61.528
[53,   600] loss: 0.642 accuracy:61.615
[53,   700] loss: 0.642 accuracy:61.589
test_accuracy is 61.650 after epochs 52

Epoch: 53
[54,   100] loss: 0.642 accuracy:62.016
[54,   200] loss: 0.640 accuracy:62.039
[54,   300] loss: 0.639 accuracy:62.271
[54,   400] loss: 0.639 accuracy:62.105
[54,   500] loss: 0.640 accuracy:62.028
[54,   600] loss: 0.640 accuracy:61.922
[54,   700] loss: 0.640 accuracy:61.786
test_accuracy is 62.600 after epochs 53

Epoch: 54
[55,   100] loss: 0.645 accuracy:61.125
[55,   200] loss: 0.644 accuracy:61.062
[55,   300] loss: 0.644 accuracy:61.391
[55,   400] loss: 0.643 accuracy:61.402
[55,   500] loss: 0.643 accuracy:61.562
[55,   600] loss: 0.643 accuracy:61.544
[55,   700] loss: 0.643 accuracy:61.571
test_accuracy is 61.560 after epochs 54

Epoch: 55
[56,   100] loss: 0.643 accuracy:61.766
[56,   200] loss: 0.642 accuracy:61.398
[56,   300] loss: 0.642 accuracy:61.672
[56,   400] loss: 0.642 accuracy:61.715
[56,   500] loss: 0.641 accuracy:61.759
[56,   600] loss: 0.641 accuracy:61.703
[56,   700] loss: 0.640 accuracy:61.850
test_accuracy is 61.640 after epochs 55

Epoch: 56
[57,   100] loss: 0.646 accuracy:61.094
[57,   200] loss: 0.643 accuracy:61.680
[57,   300] loss: 0.644 accuracy:61.536
[57,   400] loss: 0.642 accuracy:61.988
[57,   500] loss: 0.642 accuracy:62.028
[57,   600] loss: 0.642 accuracy:62.070
[57,   700] loss: 0.642 accuracy:61.938
test_accuracy is 61.810 after epochs 56

Epoch: 57
[58,   100] loss: 0.643 accuracy:60.672
[58,   200] loss: 0.639 accuracy:61.508
[58,   300] loss: 0.639 accuracy:61.797
[58,   400] loss: 0.639 accuracy:62.043
[58,   500] loss: 0.637 accuracy:62.166
[58,   600] loss: 0.638 accuracy:62.065
[58,   700] loss: 0.638 accuracy:61.839
test_accuracy is 61.830 after epochs 57

Epoch: 58
[59,   100] loss: 0.639 accuracy:61.328
[59,   200] loss: 0.637 accuracy:62.109
[59,   300] loss: 0.637 accuracy:62.068
[59,   400] loss: 0.636 accuracy:62.383
[59,   500] loss: 0.635 accuracy:62.597
[59,   600] loss: 0.636 accuracy:62.552
[59,   700] loss: 0.636 accuracy:62.609
test_accuracy is 62.250 after epochs 58

Epoch: 59
[60,   100] loss: 0.633 accuracy:62.109
[60,   200] loss: 0.636 accuracy:61.992
[60,   300] loss: 0.637 accuracy:62.073
[60,   400] loss: 0.638 accuracy:62.160
[60,   500] loss: 0.637 accuracy:62.181
[60,   600] loss: 0.636 accuracy:62.318
[60,   700] loss: 0.637 accuracy:62.324
test_accuracy is 61.800 after epochs 59

Epoch: 60
[61,   100] loss: 0.639 accuracy:61.578
[61,   200] loss: 0.635 accuracy:62.047
[61,   300] loss: 0.633 accuracy:62.417
[61,   400] loss: 0.634 accuracy:62.570
[61,   500] loss: 0.632 accuracy:62.653
[61,   600] loss: 0.634 accuracy:62.589
[61,   700] loss: 0.635 accuracy:62.426
test_accuracy is 62.890 after epochs 60
Saving..

Epoch: 61
[62,   100] loss: 0.633 accuracy:62.531
[62,   200] loss: 0.635 accuracy:62.336
[62,   300] loss: 0.635 accuracy:62.448
[62,   400] loss: 0.637 accuracy:62.273
[62,   500] loss: 0.637 accuracy:62.219
[62,   600] loss: 0.637 accuracy:62.148
[62,   700] loss: 0.636 accuracy:62.196
test_accuracy is 61.850 after epochs 61

Epoch: 62
[63,   100] loss: 0.634 accuracy:62.406
[63,   200] loss: 0.636 accuracy:62.055
[63,   300] loss: 0.636 accuracy:61.958
[63,   400] loss: 0.634 accuracy:62.164
[63,   500] loss: 0.633 accuracy:62.328
[63,   600] loss: 0.634 accuracy:62.492
[63,   700] loss: 0.633 accuracy:62.567
test_accuracy is 62.930 after epochs 62
Saving..

Epoch: 63
[64,   100] loss: 0.633 accuracy:62.062
[64,   200] loss: 0.631 accuracy:62.703
[64,   300] loss: 0.631 accuracy:62.557
[64,   400] loss: 0.633 accuracy:62.613
[64,   500] loss: 0.633 accuracy:62.688
[64,   600] loss: 0.632 accuracy:62.721
[64,   700] loss: 0.633 accuracy:62.527
test_accuracy is 62.340 after epochs 63

Epoch: 64
[65,   100] loss: 0.625 accuracy:63.344
[65,   200] loss: 0.631 accuracy:62.859
[65,   300] loss: 0.632 accuracy:62.766
[65,   400] loss: 0.634 accuracy:62.570
[65,   500] loss: 0.634 accuracy:62.709
[65,   600] loss: 0.633 accuracy:62.711
[65,   700] loss: 0.633 accuracy:62.587
test_accuracy is 63.380 after epochs 64
Saving..

Epoch: 65
[66,   100] loss: 0.633 accuracy:62.469
[66,   200] loss: 0.626 accuracy:62.961
[66,   300] loss: 0.627 accuracy:62.984
[66,   400] loss: 0.627 accuracy:62.961
[66,   500] loss: 0.629 accuracy:62.969
[66,   600] loss: 0.629 accuracy:63.008
[66,   700] loss: 0.628 accuracy:63.087
test_accuracy is 62.080 after epochs 65

Epoch: 66
[67,   100] loss: 0.634 accuracy:61.562
[67,   200] loss: 0.633 accuracy:61.859
[67,   300] loss: 0.631 accuracy:62.208
[67,   400] loss: 0.633 accuracy:62.191
[67,   500] loss: 0.632 accuracy:62.416
[67,   600] loss: 0.632 accuracy:62.552
[67,   700] loss: 0.631 accuracy:62.500
test_accuracy is 62.350 after epochs 66

Epoch: 67
[68,   100] loss: 0.635 accuracy:61.516
[68,   200] loss: 0.634 accuracy:61.906
[68,   300] loss: 0.634 accuracy:62.115
[68,   400] loss: 0.634 accuracy:62.266
[68,   500] loss: 0.631 accuracy:62.578
[68,   600] loss: 0.630 accuracy:62.615
[68,   700] loss: 0.631 accuracy:62.647
test_accuracy is 63.100 after epochs 67

Epoch: 68
[69,   100] loss: 0.623 accuracy:63.750
[69,   200] loss: 0.627 accuracy:62.961
[69,   300] loss: 0.628 accuracy:62.896
[69,   400] loss: 0.630 accuracy:62.703
[69,   500] loss: 0.630 accuracy:62.719
[69,   600] loss: 0.630 accuracy:62.630
[69,   700] loss: 0.630 accuracy:62.598
test_accuracy is 63.160 after epochs 68

Epoch: 69
[70,   100] loss: 0.625 accuracy:62.812
[70,   200] loss: 0.623 accuracy:63.492
[70,   300] loss: 0.623 accuracy:63.245
[70,   400] loss: 0.623 accuracy:63.113
[70,   500] loss: 0.623 accuracy:63.106
[70,   600] loss: 0.625 accuracy:63.091
[70,   700] loss: 0.625 accuracy:63.060
test_accuracy is 63.110 after epochs 69

Epoch: 70
[71,   100] loss: 0.628 accuracy:63.297
[71,   200] loss: 0.627 accuracy:63.234
[71,   300] loss: 0.628 accuracy:63.115
[71,   400] loss: 0.629 accuracy:62.988
[71,   500] loss: 0.628 accuracy:63.009
[71,   600] loss: 0.627 accuracy:63.000
[71,   700] loss: 0.627 accuracy:63.020
test_accuracy is 62.660 after epochs 70

Epoch: 71
[72,   100] loss: 0.621 accuracy:63.703
[72,   200] loss: 0.623 accuracy:63.781
[72,   300] loss: 0.624 accuracy:63.490
[72,   400] loss: 0.625 accuracy:63.180
[72,   500] loss: 0.627 accuracy:63.191
[72,   600] loss: 0.625 accuracy:63.411
[72,   700] loss: 0.624 accuracy:63.469
test_accuracy is 63.840 after epochs 71
Saving..

Epoch: 72
[73,   100] loss: 0.621 accuracy:63.906
[73,   200] loss: 0.622 accuracy:63.703
[73,   300] loss: 0.626 accuracy:63.172
[73,   400] loss: 0.622 accuracy:63.477
[73,   500] loss: 0.623 accuracy:63.366
[73,   600] loss: 0.621 accuracy:63.596
[73,   700] loss: 0.622 accuracy:63.489
test_accuracy is 64.360 after epochs 72
Saving..

Epoch: 73
[74,   100] loss: 0.628 accuracy:63.156
[74,   200] loss: 0.623 accuracy:62.945
[74,   300] loss: 0.623 accuracy:63.057
[74,   400] loss: 0.623 accuracy:63.059
[74,   500] loss: 0.622 accuracy:63.278
[74,   600] loss: 0.622 accuracy:63.388
[74,   700] loss: 0.621 accuracy:63.522
test_accuracy is 64.650 after epochs 73
Saving..

Epoch: 74
[75,   100] loss: 0.620 accuracy:64.672
[75,   200] loss: 0.617 accuracy:64.508
[75,   300] loss: 0.616 accuracy:64.510
[75,   400] loss: 0.616 accuracy:64.359
[75,   500] loss: 0.618 accuracy:64.078
[75,   600] loss: 0.617 accuracy:64.167
[75,   700] loss: 0.617 accuracy:64.190
test_accuracy is 65.830 after epochs 74
Saving..

Epoch: 75
[76,   100] loss: 0.613 accuracy:64.109
[76,   200] loss: 0.614 accuracy:64.156
[76,   300] loss: 0.616 accuracy:63.818
[76,   400] loss: 0.614 accuracy:63.984
[76,   500] loss: 0.614 accuracy:63.928
[76,   600] loss: 0.614 accuracy:63.880
[76,   700] loss: 0.615 accuracy:63.868
test_accuracy is 65.220 after epochs 75

Epoch: 76
[77,   100] loss: 0.607 accuracy:65.688
[77,   200] loss: 0.611 accuracy:64.695
[77,   300] loss: 0.609 accuracy:64.901
[77,   400] loss: 0.609 accuracy:64.879
[77,   500] loss: 0.609 accuracy:64.847
[77,   600] loss: 0.610 accuracy:64.786
[77,   700] loss: 0.609 accuracy:64.866
test_accuracy is 64.800 after epochs 76

Epoch: 77
[78,   100] loss: 0.604 accuracy:65.875
[78,   200] loss: 0.610 accuracy:64.859
[78,   300] loss: 0.610 accuracy:64.958
[78,   400] loss: 0.608 accuracy:65.066
[78,   500] loss: 0.607 accuracy:65.062
[78,   600] loss: 0.608 accuracy:65.010
[78,   700] loss: 0.609 accuracy:64.850
test_accuracy is 63.280 after epochs 77

Epoch: 78
[79,   100] loss: 0.602 accuracy:65.297
[79,   200] loss: 0.599 accuracy:65.453
[79,   300] loss: 0.602 accuracy:65.391
[79,   400] loss: 0.603 accuracy:65.410
[79,   500] loss: 0.604 accuracy:65.178
[79,   600] loss: 0.605 accuracy:65.180
[79,   700] loss: 0.606 accuracy:65.150
test_accuracy is 65.820 after epochs 78

Epoch: 79
[80,   100] loss: 0.606 accuracy:65.141
[80,   200] loss: 0.607 accuracy:65.117
[80,   300] loss: 0.606 accuracy:65.354
[80,   400] loss: 0.604 accuracy:65.328
[80,   500] loss: 0.604 accuracy:65.378
[80,   600] loss: 0.606 accuracy:65.214
[80,   700] loss: 0.604 accuracy:65.362
test_accuracy is 64.860 after epochs 79

Epoch: 80
[81,   100] loss: 0.608 accuracy:64.875
[81,   200] loss: 0.601 accuracy:65.258
[81,   300] loss: 0.601 accuracy:65.312
[81,   400] loss: 0.601 accuracy:65.340
[81,   500] loss: 0.602 accuracy:65.344
[81,   600] loss: 0.602 accuracy:65.370
[81,   700] loss: 0.601 accuracy:65.408
test_accuracy is 65.030 after epochs 80

Epoch: 81
[82,   100] loss: 0.593 accuracy:66.094
[82,   200] loss: 0.592 accuracy:66.562
[82,   300] loss: 0.595 accuracy:66.359
[82,   400] loss: 0.594 accuracy:66.340
[82,   500] loss: 0.594 accuracy:66.247
[82,   600] loss: 0.596 accuracy:66.156
[82,   700] loss: 0.596 accuracy:66.038
test_accuracy is 67.230 after epochs 81
Saving..

Epoch: 82
[83,   100] loss: 0.599 accuracy:65.078
[83,   200] loss: 0.592 accuracy:65.695
[83,   300] loss: 0.594 accuracy:66.068
[83,   400] loss: 0.591 accuracy:66.324
[83,   500] loss: 0.593 accuracy:66.091
[83,   600] loss: 0.592 accuracy:66.240
[83,   700] loss: 0.592 accuracy:66.257
test_accuracy is 67.720 after epochs 82
Saving..

Epoch: 83
[84,   100] loss: 0.596 accuracy:65.297
[84,   200] loss: 0.590 accuracy:66.031
[84,   300] loss: 0.591 accuracy:66.109
[84,   400] loss: 0.593 accuracy:65.855
[84,   500] loss: 0.594 accuracy:65.841
[84,   600] loss: 0.593 accuracy:65.893
[84,   700] loss: 0.593 accuracy:66.013
test_accuracy is 67.200 after epochs 83

Epoch: 84
[85,   100] loss: 0.590 accuracy:66.656
[85,   200] loss: 0.585 accuracy:67.328
[85,   300] loss: 0.587 accuracy:67.141
[85,   400] loss: 0.587 accuracy:67.051
[85,   500] loss: 0.586 accuracy:67.309
[85,   600] loss: 0.586 accuracy:67.151
[85,   700] loss: 0.586 accuracy:67.049
test_accuracy is 63.370 after epochs 84

Epoch: 85
[86,   100] loss: 0.590 accuracy:66.719
[86,   200] loss: 0.590 accuracy:66.961
[86,   300] loss: 0.589 accuracy:67.010
[86,   400] loss: 0.586 accuracy:67.402
[86,   500] loss: 0.586 accuracy:67.344
[86,   600] loss: 0.587 accuracy:67.237
[86,   700] loss: 0.586 accuracy:67.261
test_accuracy is 68.220 after epochs 85
Saving..

Epoch: 86
[87,   100] loss: 0.582 accuracy:66.953
[87,   200] loss: 0.586 accuracy:66.570
[87,   300] loss: 0.587 accuracy:66.594
[87,   400] loss: 0.586 accuracy:66.777
[87,   500] loss: 0.584 accuracy:67.125
[87,   600] loss: 0.583 accuracy:67.224
[87,   700] loss: 0.582 accuracy:67.239
test_accuracy is 66.420 after epochs 86

Epoch: 87
[88,   100] loss: 0.583 accuracy:67.641
[88,   200] loss: 0.576 accuracy:68.070
[88,   300] loss: 0.578 accuracy:67.859
[88,   400] loss: 0.577 accuracy:67.941
[88,   500] loss: 0.578 accuracy:67.969
[88,   600] loss: 0.576 accuracy:68.060
[88,   700] loss: 0.577 accuracy:68.076
test_accuracy is 68.570 after epochs 87
Saving..

Epoch: 88
[89,   100] loss: 0.568 accuracy:68.672
[89,   200] loss: 0.573 accuracy:68.344
[89,   300] loss: 0.573 accuracy:68.057
[89,   400] loss: 0.572 accuracy:68.445
[89,   500] loss: 0.572 accuracy:68.341
[89,   600] loss: 0.569 accuracy:68.602
[89,   700] loss: 0.570 accuracy:68.545
test_accuracy is 70.330 after epochs 88
Saving..

Epoch: 89
[90,   100] loss: 0.563 accuracy:69.203
[90,   200] loss: 0.568 accuracy:68.570
[90,   300] loss: 0.568 accuracy:68.526
[90,   400] loss: 0.568 accuracy:68.445
[90,   500] loss: 0.569 accuracy:68.291
[90,   600] loss: 0.568 accuracy:68.464
[90,   700] loss: 0.568 accuracy:68.471
test_accuracy is 69.140 after epochs 89

Epoch: 90
[91,   100] loss: 0.579 accuracy:68.094
[91,   200] loss: 0.570 accuracy:68.461
[91,   300] loss: 0.567 accuracy:68.896
[91,   400] loss: 0.566 accuracy:68.820
[91,   500] loss: 0.565 accuracy:68.916
[91,   600] loss: 0.566 accuracy:68.815
[91,   700] loss: 0.565 accuracy:68.871
test_accuracy is 68.280 after epochs 90

Epoch: 91
[92,   100] loss: 0.550 accuracy:69.906
[92,   200] loss: 0.554 accuracy:69.945
[92,   300] loss: 0.555 accuracy:69.797
[92,   400] loss: 0.561 accuracy:69.480
[92,   500] loss: 0.559 accuracy:69.581
[92,   600] loss: 0.559 accuracy:69.656
[92,   700] loss: 0.558 accuracy:69.676
test_accuracy is 71.160 after epochs 91
Saving..

Epoch: 92
[93,   100] loss: 0.551 accuracy:70.234
[93,   200] loss: 0.554 accuracy:69.852
[93,   300] loss: 0.554 accuracy:69.859
[93,   400] loss: 0.552 accuracy:70.023
[93,   500] loss: 0.553 accuracy:69.981
[93,   600] loss: 0.554 accuracy:69.930
[93,   700] loss: 0.554 accuracy:70.083
test_accuracy is 69.840 after epochs 92

Epoch: 93
[94,   100] loss: 0.556 accuracy:69.578
[94,   200] loss: 0.555 accuracy:69.445
[94,   300] loss: 0.555 accuracy:69.708
[94,   400] loss: 0.554 accuracy:69.855
[94,   500] loss: 0.553 accuracy:69.928
[94,   600] loss: 0.552 accuracy:70.023
[94,   700] loss: 0.552 accuracy:70.065
test_accuracy is 69.130 after epochs 93

Epoch: 94
[95,   100] loss: 0.551 accuracy:70.391
[95,   200] loss: 0.554 accuracy:69.953
[95,   300] loss: 0.548 accuracy:70.417
[95,   400] loss: 0.549 accuracy:70.453
[95,   500] loss: 0.549 accuracy:70.388
[95,   600] loss: 0.548 accuracy:70.357
[95,   700] loss: 0.547 accuracy:70.368
test_accuracy is 72.100 after epochs 94
Saving..

Epoch: 95
[96,   100] loss: 0.539 accuracy:71.594
[96,   200] loss: 0.539 accuracy:71.430
[96,   300] loss: 0.538 accuracy:71.432
[96,   400] loss: 0.538 accuracy:71.461
[96,   500] loss: 0.538 accuracy:71.509
[96,   600] loss: 0.537 accuracy:71.529
[96,   700] loss: 0.538 accuracy:71.406
test_accuracy is 70.870 after epochs 95

Epoch: 96
[97,   100] loss: 0.544 accuracy:70.344
[97,   200] loss: 0.543 accuracy:70.602
[97,   300] loss: 0.541 accuracy:70.750
[97,   400] loss: 0.542 accuracy:70.859
[97,   500] loss: 0.539 accuracy:71.300
[97,   600] loss: 0.538 accuracy:71.372
[97,   700] loss: 0.539 accuracy:71.263
test_accuracy is 72.890 after epochs 96
Saving..

Epoch: 97
[98,   100] loss: 0.531 accuracy:71.734
[98,   200] loss: 0.532 accuracy:71.695
[98,   300] loss: 0.532 accuracy:71.828
[98,   400] loss: 0.530 accuracy:72.066
[98,   500] loss: 0.531 accuracy:71.981
[98,   600] loss: 0.532 accuracy:71.846
[98,   700] loss: 0.533 accuracy:71.647
test_accuracy is 72.890 after epochs 97

Epoch: 98
[99,   100] loss: 0.533 accuracy:71.672
[99,   200] loss: 0.529 accuracy:72.000
[99,   300] loss: 0.531 accuracy:71.958
[99,   400] loss: 0.532 accuracy:71.809
[99,   500] loss: 0.530 accuracy:71.925
[99,   600] loss: 0.528 accuracy:72.099
[99,   700] loss: 0.527 accuracy:72.190
test_accuracy is 71.340 after epochs 98

Epoch: 99
[100,   100] loss: 0.530 accuracy:71.922
[100,   200] loss: 0.529 accuracy:71.969
[100,   300] loss: 0.527 accuracy:72.089
[100,   400] loss: 0.526 accuracy:72.059
[100,   500] loss: 0.524 accuracy:72.334
[100,   600] loss: 0.523 accuracy:72.448
[100,   700] loss: 0.522 accuracy:72.422
test_accuracy is 72.030 after epochs 99

Epoch: 100
[101,   100] loss: 0.525 accuracy:71.672
[101,   200] loss: 0.520 accuracy:72.078
[101,   300] loss: 0.519 accuracy:72.224
[101,   400] loss: 0.520 accuracy:72.199
[101,   500] loss: 0.519 accuracy:72.312
[101,   600] loss: 0.520 accuracy:72.339
[101,   700] loss: 0.520 accuracy:72.408
test_accuracy is 74.450 after epochs 100
Saving..

Epoch: 101
[102,   100] loss: 0.510 accuracy:73.016
[102,   200] loss: 0.519 accuracy:72.383
[102,   300] loss: 0.517 accuracy:72.828
[102,   400] loss: 0.520 accuracy:72.727
[102,   500] loss: 0.518 accuracy:72.906
[102,   600] loss: 0.516 accuracy:73.130
[102,   700] loss: 0.517 accuracy:73.078
test_accuracy is 73.380 after epochs 101

Epoch: 102
[103,   100] loss: 0.515 accuracy:72.859
[103,   200] loss: 0.518 accuracy:72.695
[103,   300] loss: 0.520 accuracy:72.609
[103,   400] loss: 0.515 accuracy:72.910
[103,   500] loss: 0.513 accuracy:73.144
[103,   600] loss: 0.510 accuracy:73.466
[103,   700] loss: 0.510 accuracy:73.460
test_accuracy is 74.040 after epochs 102

Epoch: 103
[104,   100] loss: 0.518 accuracy:73.109
[104,   200] loss: 0.514 accuracy:73.102
[104,   300] loss: 0.513 accuracy:73.302
[104,   400] loss: 0.513 accuracy:73.359
[104,   500] loss: 0.511 accuracy:73.537
[104,   600] loss: 0.511 accuracy:73.646
[104,   700] loss: 0.512 accuracy:73.536
test_accuracy is 75.140 after epochs 103
Saving..

Epoch: 104
[105,   100] loss: 0.516 accuracy:73.109
[105,   200] loss: 0.510 accuracy:73.930
[105,   300] loss: 0.509 accuracy:73.927
[105,   400] loss: 0.509 accuracy:73.797
[105,   500] loss: 0.508 accuracy:73.781
[105,   600] loss: 0.507 accuracy:73.844
[105,   700] loss: 0.506 accuracy:73.824
test_accuracy is 74.610 after epochs 104

Epoch: 105
[106,   100] loss: 0.498 accuracy:73.578
[106,   200] loss: 0.499 accuracy:73.656
[106,   300] loss: 0.499 accuracy:73.807
[106,   400] loss: 0.499 accuracy:74.043
[106,   500] loss: 0.501 accuracy:73.894
[106,   600] loss: 0.500 accuracy:73.971
[106,   700] loss: 0.497 accuracy:74.230
test_accuracy is 73.410 after epochs 105

Epoch: 106
[107,   100] loss: 0.503 accuracy:74.000
[107,   200] loss: 0.498 accuracy:74.586
[107,   300] loss: 0.499 accuracy:74.286
[107,   400] loss: 0.494 accuracy:74.836
[107,   500] loss: 0.496 accuracy:74.659
[107,   600] loss: 0.497 accuracy:74.549
[107,   700] loss: 0.496 accuracy:74.612
test_accuracy is 75.760 after epochs 106
Saving..

Epoch: 107
[108,   100] loss: 0.497 accuracy:74.297
[108,   200] loss: 0.496 accuracy:74.586
[108,   300] loss: 0.496 accuracy:74.464
[108,   400] loss: 0.494 accuracy:74.586
[108,   500] loss: 0.493 accuracy:74.778
[108,   600] loss: 0.491 accuracy:74.922
[108,   700] loss: 0.491 accuracy:74.866
test_accuracy is 73.450 after epochs 107

Epoch: 108
[109,   100] loss: 0.495 accuracy:74.953
[109,   200] loss: 0.492 accuracy:74.992
[109,   300] loss: 0.491 accuracy:75.089
[109,   400] loss: 0.487 accuracy:75.352
[109,   500] loss: 0.492 accuracy:74.941
[109,   600] loss: 0.490 accuracy:75.143
[109,   700] loss: 0.489 accuracy:75.150
test_accuracy is 75.110 after epochs 108

Epoch: 109
[110,   100] loss: 0.495 accuracy:75.203
[110,   200] loss: 0.493 accuracy:74.992
[110,   300] loss: 0.493 accuracy:74.891
[110,   400] loss: 0.493 accuracy:74.922
[110,   500] loss: 0.494 accuracy:74.941
[110,   600] loss: 0.491 accuracy:75.120
[110,   700] loss: 0.491 accuracy:75.116
test_accuracy is 77.400 after epochs 109
Saving..

Epoch: 110
[111,   100] loss: 0.500 accuracy:74.234
[111,   200] loss: 0.496 accuracy:74.625
[111,   300] loss: 0.485 accuracy:75.401
[111,   400] loss: 0.485 accuracy:75.344
[111,   500] loss: 0.487 accuracy:75.172
[111,   600] loss: 0.485 accuracy:75.359
[111,   700] loss: 0.484 accuracy:75.355
test_accuracy is 73.700 after epochs 110

Epoch: 111
[112,   100] loss: 0.476 accuracy:76.469
[112,   200] loss: 0.476 accuracy:76.289
[112,   300] loss: 0.478 accuracy:75.984
[112,   400] loss: 0.475 accuracy:76.305
[112,   500] loss: 0.476 accuracy:76.338
[112,   600] loss: 0.475 accuracy:76.268
[112,   700] loss: 0.474 accuracy:76.342
test_accuracy is 75.950 after epochs 111

Epoch: 112
[113,   100] loss: 0.482 accuracy:75.734
[113,   200] loss: 0.471 accuracy:76.414
[113,   300] loss: 0.472 accuracy:76.646
[113,   400] loss: 0.475 accuracy:76.344
[113,   500] loss: 0.475 accuracy:76.478
[113,   600] loss: 0.473 accuracy:76.573
[113,   700] loss: 0.474 accuracy:76.618
test_accuracy is 76.300 after epochs 112

Epoch: 113
[114,   100] loss: 0.459 accuracy:77.828
[114,   200] loss: 0.464 accuracy:77.008
[114,   300] loss: 0.462 accuracy:77.349
[114,   400] loss: 0.468 accuracy:76.953
[114,   500] loss: 0.469 accuracy:76.800
[114,   600] loss: 0.471 accuracy:76.685
[114,   700] loss: 0.469 accuracy:76.817
test_accuracy is 77.560 after epochs 113
Saving..

Epoch: 114
[115,   100] loss: 0.471 accuracy:76.719
[115,   200] loss: 0.463 accuracy:77.086
[115,   300] loss: 0.467 accuracy:76.849
[115,   400] loss: 0.468 accuracy:76.773
[115,   500] loss: 0.468 accuracy:76.756
[115,   600] loss: 0.468 accuracy:76.786
[115,   700] loss: 0.468 accuracy:76.750
test_accuracy is 77.350 after epochs 114

Epoch: 115
[116,   100] loss: 0.471 accuracy:76.844
[116,   200] loss: 0.467 accuracy:77.062
[116,   300] loss: 0.465 accuracy:77.021
[116,   400] loss: 0.467 accuracy:76.855
[116,   500] loss: 0.468 accuracy:76.856
[116,   600] loss: 0.464 accuracy:77.195
[116,   700] loss: 0.464 accuracy:77.181
test_accuracy is 77.990 after epochs 115
Saving..

Epoch: 116
[117,   100] loss: 0.454 accuracy:77.906
[117,   200] loss: 0.463 accuracy:77.328
[117,   300] loss: 0.467 accuracy:76.792
[117,   400] loss: 0.467 accuracy:76.848
[117,   500] loss: 0.466 accuracy:76.853
[117,   600] loss: 0.467 accuracy:76.802
[117,   700] loss: 0.467 accuracy:76.777
test_accuracy is 76.740 after epochs 116

Epoch: 117
[118,   100] loss: 0.458 accuracy:77.391
[118,   200] loss: 0.460 accuracy:77.328
[118,   300] loss: 0.457 accuracy:77.536
[118,   400] loss: 0.460 accuracy:77.289
[118,   500] loss: 0.465 accuracy:76.950
[118,   600] loss: 0.462 accuracy:77.167
[118,   700] loss: 0.461 accuracy:77.286
test_accuracy is 78.180 after epochs 117
Saving..

Epoch: 118
[119,   100] loss: 0.464 accuracy:76.875
[119,   200] loss: 0.458 accuracy:77.242
[119,   300] loss: 0.458 accuracy:77.453
[119,   400] loss: 0.457 accuracy:77.418
[119,   500] loss: 0.460 accuracy:77.244
[119,   600] loss: 0.461 accuracy:77.112
[119,   700] loss: 0.460 accuracy:77.181
test_accuracy is 76.500 after epochs 118

Epoch: 119
[120,   100] loss: 0.451 accuracy:77.562
[120,   200] loss: 0.459 accuracy:76.977
[120,   300] loss: 0.459 accuracy:76.990
[120,   400] loss: 0.457 accuracy:77.266
[120,   500] loss: 0.455 accuracy:77.441
[120,   600] loss: 0.456 accuracy:77.495
[120,   700] loss: 0.454 accuracy:77.683
test_accuracy is 78.110 after epochs 119

Epoch: 120
[121,   100] loss: 0.457 accuracy:77.672
[121,   200] loss: 0.459 accuracy:77.531
[121,   300] loss: 0.457 accuracy:77.583
[121,   400] loss: 0.455 accuracy:77.648
[121,   500] loss: 0.454 accuracy:77.741
[121,   600] loss: 0.453 accuracy:77.802
[121,   700] loss: 0.452 accuracy:77.866
test_accuracy is 80.110 after epochs 120
Saving..

Epoch: 121
[122,   100] loss: 0.461 accuracy:77.344
[122,   200] loss: 0.447 accuracy:78.359
[122,   300] loss: 0.445 accuracy:78.531
[122,   400] loss: 0.442 accuracy:78.648
[122,   500] loss: 0.443 accuracy:78.519
[122,   600] loss: 0.447 accuracy:78.206
[122,   700] loss: 0.446 accuracy:78.306
test_accuracy is 80.590 after epochs 121
Saving..

Epoch: 122
[123,   100] loss: 0.439 accuracy:78.875
[123,   200] loss: 0.436 accuracy:79.141
[123,   300] loss: 0.442 accuracy:78.745
[123,   400] loss: 0.442 accuracy:78.691
[123,   500] loss: 0.444 accuracy:78.519
[123,   600] loss: 0.446 accuracy:78.471
[123,   700] loss: 0.446 accuracy:78.433
test_accuracy is 80.320 after epochs 122

Epoch: 123
[124,   100] loss: 0.436 accuracy:79.000
[124,   200] loss: 0.439 accuracy:78.773
[124,   300] loss: 0.440 accuracy:78.594
[124,   400] loss: 0.443 accuracy:78.473
[124,   500] loss: 0.440 accuracy:78.631
[124,   600] loss: 0.440 accuracy:78.648
[124,   700] loss: 0.439 accuracy:78.855
test_accuracy is 80.620 after epochs 123
Saving..

Epoch: 124
[125,   100] loss: 0.440 accuracy:78.578
[125,   200] loss: 0.446 accuracy:78.367
[125,   300] loss: 0.447 accuracy:78.229
[125,   400] loss: 0.442 accuracy:78.648
[125,   500] loss: 0.440 accuracy:78.603
[125,   600] loss: 0.439 accuracy:78.664
[125,   700] loss: 0.438 accuracy:78.766
test_accuracy is 78.620 after epochs 124

Epoch: 125
[126,   100] loss: 0.442 accuracy:78.688
[126,   200] loss: 0.446 accuracy:78.438
[126,   300] loss: 0.444 accuracy:78.375
[126,   400] loss: 0.442 accuracy:78.434
[126,   500] loss: 0.439 accuracy:78.725
[126,   600] loss: 0.438 accuracy:78.818
[126,   700] loss: 0.439 accuracy:78.737
test_accuracy is 81.060 after epochs 125
Saving..

Epoch: 126
[127,   100] loss: 0.417 accuracy:79.656
[127,   200] loss: 0.423 accuracy:79.617
[127,   300] loss: 0.427 accuracy:79.594
[127,   400] loss: 0.427 accuracy:79.582
[127,   500] loss: 0.427 accuracy:79.734
[127,   600] loss: 0.426 accuracy:79.820
[127,   700] loss: 0.426 accuracy:79.797
test_accuracy is 80.570 after epochs 126

Epoch: 127
[128,   100] loss: 0.438 accuracy:78.484
[128,   200] loss: 0.434 accuracy:78.852
[128,   300] loss: 0.432 accuracy:79.214
[128,   400] loss: 0.431 accuracy:79.199
[128,   500] loss: 0.434 accuracy:78.972
[128,   600] loss: 0.434 accuracy:79.143
[128,   700] loss: 0.434 accuracy:79.134
test_accuracy is 80.440 after epochs 127

Epoch: 128
[129,   100] loss: 0.428 accuracy:78.797
[129,   200] loss: 0.428 accuracy:79.539
[129,   300] loss: 0.430 accuracy:79.417
[129,   400] loss: 0.428 accuracy:79.543
[129,   500] loss: 0.428 accuracy:79.606
[129,   600] loss: 0.427 accuracy:79.695
[129,   700] loss: 0.428 accuracy:79.600
test_accuracy is 79.910 after epochs 128

Epoch: 129
[130,   100] loss: 0.413 accuracy:80.219
[130,   200] loss: 0.422 accuracy:80.055
[130,   300] loss: 0.428 accuracy:79.479
[130,   400] loss: 0.426 accuracy:79.680
[130,   500] loss: 0.426 accuracy:79.638
[130,   600] loss: 0.427 accuracy:79.609
[130,   700] loss: 0.427 accuracy:79.614
test_accuracy is 80.640 after epochs 129

Epoch: 130
[131,   100] loss: 0.422 accuracy:79.766
[131,   200] loss: 0.419 accuracy:79.859
[131,   300] loss: 0.424 accuracy:79.609
[131,   400] loss: 0.425 accuracy:79.676
[131,   500] loss: 0.423 accuracy:79.800
[131,   600] loss: 0.423 accuracy:79.779
[131,   700] loss: 0.423 accuracy:79.879
test_accuracy is 75.090 after epochs 130

Epoch: 131
[132,   100] loss: 0.429 accuracy:79.656
[132,   200] loss: 0.428 accuracy:79.500
[132,   300] loss: 0.426 accuracy:79.651
[132,   400] loss: 0.425 accuracy:79.809
[132,   500] loss: 0.423 accuracy:79.900
[132,   600] loss: 0.423 accuracy:79.924
[132,   700] loss: 0.423 accuracy:79.884
test_accuracy is 80.790 after epochs 131

Epoch: 132
[133,   100] loss: 0.420 accuracy:79.734
[133,   200] loss: 0.419 accuracy:79.898
[133,   300] loss: 0.419 accuracy:79.901
[133,   400] loss: 0.420 accuracy:79.902
[133,   500] loss: 0.419 accuracy:80.047
[133,   600] loss: 0.418 accuracy:80.120
[133,   700] loss: 0.418 accuracy:80.103
test_accuracy is 81.100 after epochs 132
Saving..

Epoch: 133
[134,   100] loss: 0.423 accuracy:80.094
[134,   200] loss: 0.419 accuracy:80.016
[134,   300] loss: 0.420 accuracy:80.036
[134,   400] loss: 0.420 accuracy:80.031
[134,   500] loss: 0.420 accuracy:80.122
[134,   600] loss: 0.420 accuracy:80.096
[134,   700] loss: 0.419 accuracy:80.239
test_accuracy is 78.990 after epochs 133

Epoch: 134
[135,   100] loss: 0.429 accuracy:78.969
[135,   200] loss: 0.426 accuracy:79.406
[135,   300] loss: 0.421 accuracy:79.833
[135,   400] loss: 0.416 accuracy:80.215
[135,   500] loss: 0.417 accuracy:80.287
[135,   600] loss: 0.416 accuracy:80.354
[135,   700] loss: 0.416 accuracy:80.353
test_accuracy is 78.600 after epochs 134

Epoch: 135
[136,   100] loss: 0.410 accuracy:80.750
[136,   200] loss: 0.416 accuracy:80.219
[136,   300] loss: 0.416 accuracy:80.109
[136,   400] loss: 0.414 accuracy:80.434
[136,   500] loss: 0.415 accuracy:80.325
[136,   600] loss: 0.416 accuracy:80.370
[136,   700] loss: 0.415 accuracy:80.417
test_accuracy is 81.200 after epochs 135
Saving..

Epoch: 136
[137,   100] loss: 0.416 accuracy:80.172
[137,   200] loss: 0.418 accuracy:80.055
[137,   300] loss: 0.413 accuracy:80.536
[137,   400] loss: 0.412 accuracy:80.570
[137,   500] loss: 0.411 accuracy:80.612
[137,   600] loss: 0.411 accuracy:80.659
[137,   700] loss: 0.411 accuracy:80.719
test_accuracy is 80.810 after epochs 136

Epoch: 137
[138,   100] loss: 0.415 accuracy:80.375
[138,   200] loss: 0.413 accuracy:80.727
[138,   300] loss: 0.407 accuracy:81.005
[138,   400] loss: 0.408 accuracy:80.980
[138,   500] loss: 0.410 accuracy:80.934
[138,   600] loss: 0.408 accuracy:80.995
[138,   700] loss: 0.406 accuracy:81.067
test_accuracy is 81.590 after epochs 137
Saving..

Epoch: 138
[139,   100] loss: 0.410 accuracy:80.219
[139,   200] loss: 0.405 accuracy:80.766
[139,   300] loss: 0.404 accuracy:80.859
[139,   400] loss: 0.412 accuracy:80.371
[139,   500] loss: 0.409 accuracy:80.612
[139,   600] loss: 0.408 accuracy:80.768
[139,   700] loss: 0.408 accuracy:80.763
test_accuracy is 80.020 after epochs 138

Epoch: 139
[140,   100] loss: 0.399 accuracy:81.406
[140,   200] loss: 0.397 accuracy:81.664
[140,   300] loss: 0.401 accuracy:81.328
[140,   400] loss: 0.403 accuracy:81.145
[140,   500] loss: 0.406 accuracy:80.947
[140,   600] loss: 0.406 accuracy:80.995
[140,   700] loss: 0.405 accuracy:81.027
test_accuracy is 82.030 after epochs 139
Saving..

Epoch: 140
[141,   100] loss: 0.406 accuracy:81.047
[141,   200] loss: 0.402 accuracy:81.297
[141,   300] loss: 0.404 accuracy:81.182
[141,   400] loss: 0.405 accuracy:80.910
[141,   500] loss: 0.405 accuracy:81.037
[141,   600] loss: 0.404 accuracy:81.141
[141,   700] loss: 0.404 accuracy:81.109
test_accuracy is 79.800 after epochs 140

Epoch: 141
[142,   100] loss: 0.399 accuracy:81.453
[142,   200] loss: 0.396 accuracy:81.750
[142,   300] loss: 0.397 accuracy:81.667
[142,   400] loss: 0.398 accuracy:81.504
[142,   500] loss: 0.398 accuracy:81.541
[142,   600] loss: 0.399 accuracy:81.466
[142,   700] loss: 0.398 accuracy:81.556
test_accuracy is 81.970 after epochs 141

Epoch: 142
[143,   100] loss: 0.404 accuracy:81.312
[143,   200] loss: 0.399 accuracy:81.648
[143,   300] loss: 0.399 accuracy:81.562
[143,   400] loss: 0.396 accuracy:81.680
[143,   500] loss: 0.394 accuracy:81.772
[143,   600] loss: 0.395 accuracy:81.732
[143,   700] loss: 0.396 accuracy:81.634
test_accuracy is 80.210 after epochs 142

Epoch: 143
[144,   100] loss: 0.395 accuracy:81.578
[144,   200] loss: 0.403 accuracy:81.102
[144,   300] loss: 0.396 accuracy:81.568
[144,   400] loss: 0.399 accuracy:81.363
[144,   500] loss: 0.399 accuracy:81.481
[144,   600] loss: 0.399 accuracy:81.435
[144,   700] loss: 0.399 accuracy:81.379
test_accuracy is 80.300 after epochs 143

Epoch: 144
[145,   100] loss: 0.399 accuracy:81.312
[145,   200] loss: 0.400 accuracy:81.328
[145,   300] loss: 0.399 accuracy:81.349
[145,   400] loss: 0.398 accuracy:81.391
[145,   500] loss: 0.395 accuracy:81.603
[145,   600] loss: 0.394 accuracy:81.727
[145,   700] loss: 0.395 accuracy:81.739
test_accuracy is 82.840 after epochs 144
Saving..

Epoch: 145
[146,   100] loss: 0.401 accuracy:81.703
[146,   200] loss: 0.401 accuracy:81.672
[146,   300] loss: 0.401 accuracy:81.536
[146,   400] loss: 0.399 accuracy:81.809
[146,   500] loss: 0.397 accuracy:81.841
[146,   600] loss: 0.398 accuracy:81.799
[146,   700] loss: 0.397 accuracy:81.862
test_accuracy is 83.570 after epochs 145
Saving..

Epoch: 146
[147,   100] loss: 0.387 accuracy:82.125
[147,   200] loss: 0.385 accuracy:82.359
[147,   300] loss: 0.388 accuracy:82.271
[147,   400] loss: 0.389 accuracy:82.098
[147,   500] loss: 0.389 accuracy:82.072
[147,   600] loss: 0.390 accuracy:82.057
[147,   700] loss: 0.389 accuracy:82.138
test_accuracy is 83.020 after epochs 146

Epoch: 147
[148,   100] loss: 0.404 accuracy:81.062
[148,   200] loss: 0.397 accuracy:81.570
[148,   300] loss: 0.394 accuracy:81.714
[148,   400] loss: 0.389 accuracy:82.082
[148,   500] loss: 0.390 accuracy:82.084
[148,   600] loss: 0.388 accuracy:82.198
[148,   700] loss: 0.388 accuracy:82.170
test_accuracy is 83.780 after epochs 147
Saving..

Epoch: 148
[149,   100] loss: 0.388 accuracy:82.641
[149,   200] loss: 0.387 accuracy:82.133
[149,   300] loss: 0.388 accuracy:82.052
[149,   400] loss: 0.390 accuracy:81.934
[149,   500] loss: 0.391 accuracy:81.900
[149,   600] loss: 0.391 accuracy:81.859
[149,   700] loss: 0.391 accuracy:81.792
test_accuracy is 82.800 after epochs 148

Epoch: 149
[150,   100] loss: 0.387 accuracy:82.266
[150,   200] loss: 0.386 accuracy:82.234
[150,   300] loss: 0.386 accuracy:82.188
[150,   400] loss: 0.387 accuracy:82.152
[150,   500] loss: 0.385 accuracy:82.322
[150,   600] loss: 0.388 accuracy:82.052
[150,   700] loss: 0.388 accuracy:82.083
test_accuracy is 83.620 after epochs 149

Epoch: 150
[151,   100] loss: 0.382 accuracy:82.234
[151,   200] loss: 0.386 accuracy:82.195
[151,   300] loss: 0.387 accuracy:82.203
[151,   400] loss: 0.387 accuracy:82.258
[151,   500] loss: 0.391 accuracy:82.050
[151,   600] loss: 0.390 accuracy:82.138
[151,   700] loss: 0.390 accuracy:82.094
test_accuracy is 83.490 after epochs 150

Epoch: 151
[152,   100] loss: 0.386 accuracy:82.125
[152,   200] loss: 0.384 accuracy:82.469
[152,   300] loss: 0.383 accuracy:82.505
[152,   400] loss: 0.387 accuracy:82.352
[152,   500] loss: 0.386 accuracy:82.388
[152,   600] loss: 0.385 accuracy:82.466
[152,   700] loss: 0.386 accuracy:82.411
test_accuracy is 83.290 after epochs 151

Epoch: 152
[153,   100] loss: 0.382 accuracy:82.469
[153,   200] loss: 0.382 accuracy:82.398
[153,   300] loss: 0.380 accuracy:82.391
[153,   400] loss: 0.379 accuracy:82.461
[153,   500] loss: 0.380 accuracy:82.419
[153,   600] loss: 0.380 accuracy:82.445
[153,   700] loss: 0.381 accuracy:82.422
test_accuracy is 83.940 after epochs 152
Saving..

Epoch: 153
[154,   100] loss: 0.378 accuracy:83.188
[154,   200] loss: 0.377 accuracy:82.805
[154,   300] loss: 0.377 accuracy:82.859
[154,   400] loss: 0.376 accuracy:82.914
[154,   500] loss: 0.378 accuracy:82.787
[154,   600] loss: 0.377 accuracy:82.888
[154,   700] loss: 0.377 accuracy:82.926
test_accuracy is 83.740 after epochs 153

Epoch: 154
[155,   100] loss: 0.385 accuracy:82.438
[155,   200] loss: 0.383 accuracy:82.539
[155,   300] loss: 0.380 accuracy:82.615
[155,   400] loss: 0.380 accuracy:82.645
[155,   500] loss: 0.379 accuracy:82.616
[155,   600] loss: 0.379 accuracy:82.620
[155,   700] loss: 0.378 accuracy:82.656
test_accuracy is 84.280 after epochs 154
Saving..

Epoch: 155
[156,   100] loss: 0.368 accuracy:83.344
[156,   200] loss: 0.377 accuracy:82.625
[156,   300] loss: 0.377 accuracy:82.740
[156,   400] loss: 0.378 accuracy:82.727
[156,   500] loss: 0.378 accuracy:82.775
[156,   600] loss: 0.377 accuracy:82.831
[156,   700] loss: 0.377 accuracy:82.830
test_accuracy is 84.040 after epochs 155

Epoch: 156
[157,   100] loss: 0.372 accuracy:83.000
[157,   200] loss: 0.378 accuracy:82.711
[157,   300] loss: 0.376 accuracy:82.865
[157,   400] loss: 0.376 accuracy:82.902
[157,   500] loss: 0.378 accuracy:82.781
[157,   600] loss: 0.380 accuracy:82.589
[157,   700] loss: 0.380 accuracy:82.676
test_accuracy is 83.750 after epochs 156

Epoch: 157
[158,   100] loss: 0.383 accuracy:82.625
[158,   200] loss: 0.374 accuracy:83.156
[158,   300] loss: 0.372 accuracy:83.193
[158,   400] loss: 0.372 accuracy:83.195
[158,   500] loss: 0.373 accuracy:83.150
[158,   600] loss: 0.373 accuracy:83.182
[158,   700] loss: 0.372 accuracy:83.172
test_accuracy is 82.950 after epochs 157

Epoch: 158
[159,   100] loss: 0.376 accuracy:82.891
[159,   200] loss: 0.373 accuracy:83.047
[159,   300] loss: 0.370 accuracy:83.286
[159,   400] loss: 0.370 accuracy:83.336
[159,   500] loss: 0.371 accuracy:83.175
[159,   600] loss: 0.370 accuracy:83.237
[159,   700] loss: 0.370 accuracy:83.261
test_accuracy is 85.080 after epochs 158
Saving..

Epoch: 159
[160,   100] loss: 0.361 accuracy:83.828
[160,   200] loss: 0.367 accuracy:83.570
[160,   300] loss: 0.367 accuracy:83.411
[160,   400] loss: 0.368 accuracy:83.270
[160,   500] loss: 0.368 accuracy:83.222
[160,   600] loss: 0.368 accuracy:83.253
[160,   700] loss: 0.368 accuracy:83.288
test_accuracy is 83.330 after epochs 159

Epoch: 160
[161,   100] loss: 0.370 accuracy:82.734
[161,   200] loss: 0.370 accuracy:83.156
[161,   300] loss: 0.369 accuracy:83.208
[161,   400] loss: 0.370 accuracy:83.281
[161,   500] loss: 0.370 accuracy:83.350
[161,   600] loss: 0.369 accuracy:83.404
[161,   700] loss: 0.369 accuracy:83.449
test_accuracy is 84.030 after epochs 160

Epoch: 161
[162,   100] loss: 0.364 accuracy:83.172
[162,   200] loss: 0.370 accuracy:83.008
[162,   300] loss: 0.370 accuracy:83.245
[162,   400] loss: 0.368 accuracy:83.445
[162,   500] loss: 0.367 accuracy:83.487
[162,   600] loss: 0.367 accuracy:83.604
[162,   700] loss: 0.367 accuracy:83.560
test_accuracy is 84.840 after epochs 161

Epoch: 162
[163,   100] loss: 0.369 accuracy:83.422
[163,   200] loss: 0.368 accuracy:83.500
[163,   300] loss: 0.368 accuracy:83.354
[163,   400] loss: 0.367 accuracy:83.473
[163,   500] loss: 0.368 accuracy:83.372
[163,   600] loss: 0.368 accuracy:83.281
[163,   700] loss: 0.368 accuracy:83.319
test_accuracy is 83.980 after epochs 162

Epoch: 163
[164,   100] loss: 0.365 accuracy:83.703
[164,   200] loss: 0.373 accuracy:83.117
[164,   300] loss: 0.371 accuracy:83.198
[164,   400] loss: 0.369 accuracy:83.293
[164,   500] loss: 0.367 accuracy:83.509
[164,   600] loss: 0.366 accuracy:83.557
[164,   700] loss: 0.366 accuracy:83.576
test_accuracy is 84.690 after epochs 163

Epoch: 164
[165,   100] loss: 0.351 accuracy:84.438
[165,   200] loss: 0.361 accuracy:83.789
[165,   300] loss: 0.363 accuracy:83.474
[165,   400] loss: 0.364 accuracy:83.500
[165,   500] loss: 0.363 accuracy:83.472
[165,   600] loss: 0.362 accuracy:83.607
[165,   700] loss: 0.363 accuracy:83.562
test_accuracy is 84.340 after epochs 164

Epoch: 165
[166,   100] loss: 0.370 accuracy:83.547
[166,   200] loss: 0.366 accuracy:83.602
[166,   300] loss: 0.363 accuracy:83.797
[166,   400] loss: 0.363 accuracy:83.754
[166,   500] loss: 0.362 accuracy:83.831
[166,   600] loss: 0.359 accuracy:84.005
[166,   700] loss: 0.361 accuracy:83.781
test_accuracy is 84.160 after epochs 165

Epoch: 166
[167,   100] loss: 0.362 accuracy:83.859
[167,   200] loss: 0.362 accuracy:83.703
[167,   300] loss: 0.365 accuracy:83.417
[167,   400] loss: 0.365 accuracy:83.516
[167,   500] loss: 0.367 accuracy:83.384
[167,   600] loss: 0.365 accuracy:83.490
[167,   700] loss: 0.365 accuracy:83.538
test_accuracy is 84.450 after epochs 166

Epoch: 167
[168,   100] loss: 0.372 accuracy:83.234
[168,   200] loss: 0.366 accuracy:83.477
[168,   300] loss: 0.363 accuracy:83.625
[168,   400] loss: 0.363 accuracy:83.797
[168,   500] loss: 0.363 accuracy:83.728
[168,   600] loss: 0.364 accuracy:83.622
[168,   700] loss: 0.365 accuracy:83.618
test_accuracy is 85.530 after epochs 167
Saving..

Epoch: 168
[169,   100] loss: 0.360 accuracy:84.188
[169,   200] loss: 0.361 accuracy:84.047
[169,   300] loss: 0.360 accuracy:83.875
[169,   400] loss: 0.358 accuracy:83.949
[169,   500] loss: 0.361 accuracy:83.716
[169,   600] loss: 0.358 accuracy:83.852
[169,   700] loss: 0.360 accuracy:83.797
test_accuracy is 84.460 after epochs 168

Epoch: 169
[170,   100] loss: 0.354 accuracy:84.141
[170,   200] loss: 0.354 accuracy:84.242
[170,   300] loss: 0.359 accuracy:83.953
[170,   400] loss: 0.362 accuracy:83.766
[170,   500] loss: 0.363 accuracy:83.756
[170,   600] loss: 0.363 accuracy:83.708
[170,   700] loss: 0.363 accuracy:83.670
test_accuracy is 84.790 after epochs 169

Epoch: 170
[171,   100] loss: 0.364 accuracy:83.688
[171,   200] loss: 0.360 accuracy:83.984
[171,   300] loss: 0.359 accuracy:84.104
[171,   400] loss: 0.360 accuracy:84.016
[171,   500] loss: 0.360 accuracy:84.056
[171,   600] loss: 0.360 accuracy:84.036
[171,   700] loss: 0.360 accuracy:83.996
test_accuracy is 84.820 after epochs 170

Epoch: 171
[172,   100] loss: 0.366 accuracy:83.594
[172,   200] loss: 0.359 accuracy:83.875
[172,   300] loss: 0.360 accuracy:83.917
[172,   400] loss: 0.359 accuracy:83.992
[172,   500] loss: 0.359 accuracy:84.081
[172,   600] loss: 0.357 accuracy:84.216
[172,   700] loss: 0.357 accuracy:84.156
test_accuracy is 82.830 after epochs 171

Epoch: 172
[173,   100] loss: 0.356 accuracy:83.781
[173,   200] loss: 0.358 accuracy:83.945
[173,   300] loss: 0.357 accuracy:83.979
[173,   400] loss: 0.361 accuracy:83.867
[173,   500] loss: 0.361 accuracy:83.841
[173,   600] loss: 0.359 accuracy:83.979
[173,   700] loss: 0.358 accuracy:84.054
test_accuracy is 85.010 after epochs 172

Epoch: 173
[174,   100] loss: 0.356 accuracy:84.234
[174,   200] loss: 0.358 accuracy:84.047
[174,   300] loss: 0.356 accuracy:84.167
[174,   400] loss: 0.355 accuracy:84.160
[174,   500] loss: 0.355 accuracy:84.194
[174,   600] loss: 0.355 accuracy:84.232
[174,   700] loss: 0.354 accuracy:84.261
test_accuracy is 84.550 after epochs 173

Epoch: 174
[175,   100] loss: 0.360 accuracy:83.875
[175,   200] loss: 0.356 accuracy:84.281
[175,   300] loss: 0.353 accuracy:84.469
[175,   400] loss: 0.352 accuracy:84.496
[175,   500] loss: 0.353 accuracy:84.481
[175,   600] loss: 0.355 accuracy:84.315
[175,   700] loss: 0.354 accuracy:84.330
test_accuracy is 84.980 after epochs 174

Epoch: 175
[176,   100] loss: 0.367 accuracy:82.922
[176,   200] loss: 0.358 accuracy:83.781
[176,   300] loss: 0.357 accuracy:83.870
[176,   400] loss: 0.356 accuracy:83.910
[176,   500] loss: 0.356 accuracy:84.013
[176,   600] loss: 0.355 accuracy:84.091
[176,   700] loss: 0.355 accuracy:84.105
test_accuracy is 85.330 after epochs 175

Epoch: 176
[177,   100] loss: 0.359 accuracy:84.141
[177,   200] loss: 0.356 accuracy:84.031
[177,   300] loss: 0.355 accuracy:84.005
[177,   400] loss: 0.359 accuracy:83.766
[177,   500] loss: 0.359 accuracy:83.812
[177,   600] loss: 0.358 accuracy:83.878
[177,   700] loss: 0.357 accuracy:83.960
test_accuracy is 84.070 after epochs 176

Epoch: 177
[178,   100] loss: 0.354 accuracy:84.578
[178,   200] loss: 0.347 accuracy:84.945
[178,   300] loss: 0.349 accuracy:84.755
[178,   400] loss: 0.352 accuracy:84.520
[178,   500] loss: 0.353 accuracy:84.388
[178,   600] loss: 0.353 accuracy:84.422
[178,   700] loss: 0.353 accuracy:84.424
test_accuracy is 84.930 after epochs 177

Epoch: 178
[179,   100] loss: 0.353 accuracy:84.578
[179,   200] loss: 0.355 accuracy:84.383
[179,   300] loss: 0.358 accuracy:84.120
[179,   400] loss: 0.356 accuracy:84.156
[179,   500] loss: 0.355 accuracy:84.213
[179,   600] loss: 0.355 accuracy:84.146
[179,   700] loss: 0.356 accuracy:84.094
test_accuracy is 84.730 after epochs 178

Epoch: 179
[180,   100] loss: 0.342 accuracy:85.250
[180,   200] loss: 0.346 accuracy:84.906
[180,   300] loss: 0.347 accuracy:84.703
[180,   400] loss: 0.347 accuracy:84.617
[180,   500] loss: 0.347 accuracy:84.594
[180,   600] loss: 0.346 accuracy:84.664
[180,   700] loss: 0.346 accuracy:84.681
test_accuracy is 86.040 after epochs 179
Saving..

Epoch: 180
[181,   100] loss: 0.335 accuracy:85.656
[181,   200] loss: 0.341 accuracy:85.266
[181,   300] loss: 0.343 accuracy:84.849
[181,   400] loss: 0.345 accuracy:84.715
[181,   500] loss: 0.345 accuracy:84.684
[181,   600] loss: 0.347 accuracy:84.633
[181,   700] loss: 0.347 accuracy:84.688
test_accuracy is 85.600 after epochs 180

Epoch: 181
[182,   100] loss: 0.356 accuracy:84.391
[182,   200] loss: 0.354 accuracy:84.398
[182,   300] loss: 0.357 accuracy:84.172
[182,   400] loss: 0.356 accuracy:84.246
[182,   500] loss: 0.354 accuracy:84.378
[182,   600] loss: 0.353 accuracy:84.443
[182,   700] loss: 0.352 accuracy:84.507
test_accuracy is 83.710 after epochs 181

Epoch: 182
[183,   100] loss: 0.356 accuracy:84.125
[183,   200] loss: 0.348 accuracy:84.695
[183,   300] loss: 0.349 accuracy:84.589
[183,   400] loss: 0.347 accuracy:84.551
[183,   500] loss: 0.348 accuracy:84.531
[183,   600] loss: 0.349 accuracy:84.484
[183,   700] loss: 0.349 accuracy:84.571
test_accuracy is 84.970 after epochs 182

Epoch: 183
[184,   100] loss: 0.352 accuracy:84.109
[184,   200] loss: 0.347 accuracy:84.406
[184,   300] loss: 0.350 accuracy:84.302
[184,   400] loss: 0.350 accuracy:84.449
[184,   500] loss: 0.348 accuracy:84.534
[184,   600] loss: 0.347 accuracy:84.607
[184,   700] loss: 0.347 accuracy:84.701
test_accuracy is 86.180 after epochs 183
Saving..

Epoch: 184
[185,   100] loss: 0.345 accuracy:85.125
[185,   200] loss: 0.348 accuracy:84.859
[185,   300] loss: 0.346 accuracy:84.880
[185,   400] loss: 0.350 accuracy:84.543
[185,   500] loss: 0.348 accuracy:84.603
[185,   600] loss: 0.350 accuracy:84.562
[185,   700] loss: 0.349 accuracy:84.569
test_accuracy is 85.130 after epochs 184

Epoch: 185
[186,   100] loss: 0.359 accuracy:84.297
[186,   200] loss: 0.353 accuracy:84.570
[186,   300] loss: 0.352 accuracy:84.583
[186,   400] loss: 0.352 accuracy:84.484
[186,   500] loss: 0.352 accuracy:84.509
[186,   600] loss: 0.351 accuracy:84.534
[186,   700] loss: 0.351 accuracy:84.531
test_accuracy is 85.390 after epochs 185

Epoch: 186
[187,   100] loss: 0.360 accuracy:83.938
[187,   200] loss: 0.351 accuracy:84.430
[187,   300] loss: 0.350 accuracy:84.510
[187,   400] loss: 0.350 accuracy:84.566
[187,   500] loss: 0.350 accuracy:84.606
[187,   600] loss: 0.351 accuracy:84.503
[187,   700] loss: 0.351 accuracy:84.460
test_accuracy is 85.080 after epochs 186

Epoch: 187
[188,   100] loss: 0.350 accuracy:84.172
[188,   200] loss: 0.348 accuracy:84.375
[188,   300] loss: 0.348 accuracy:84.359
[188,   400] loss: 0.347 accuracy:84.461
[188,   500] loss: 0.347 accuracy:84.553
[188,   600] loss: 0.346 accuracy:84.596
[188,   700] loss: 0.346 accuracy:84.569
test_accuracy is 85.090 after epochs 187

Epoch: 188
[189,   100] loss: 0.345 accuracy:84.500
[189,   200] loss: 0.348 accuracy:84.656
[189,   300] loss: 0.353 accuracy:84.370
[189,   400] loss: 0.352 accuracy:84.402
[189,   500] loss: 0.352 accuracy:84.347
[189,   600] loss: 0.350 accuracy:84.461
[189,   700] loss: 0.352 accuracy:84.377
test_accuracy is 85.410 after epochs 188

Epoch: 189
[190,   100] loss: 0.345 accuracy:84.734
[190,   200] loss: 0.345 accuracy:84.766
[190,   300] loss: 0.345 accuracy:84.635
[190,   400] loss: 0.344 accuracy:84.762
[190,   500] loss: 0.345 accuracy:84.684
[190,   600] loss: 0.346 accuracy:84.596
[190,   700] loss: 0.347 accuracy:84.554
test_accuracy is 85.350 after epochs 189

Epoch: 190
[191,   100] loss: 0.350 accuracy:84.609
[191,   200] loss: 0.345 accuracy:84.836
[191,   300] loss: 0.346 accuracy:84.812
[191,   400] loss: 0.349 accuracy:84.645
[191,   500] loss: 0.349 accuracy:84.600
[191,   600] loss: 0.351 accuracy:84.458
[191,   700] loss: 0.350 accuracy:84.487
test_accuracy is 85.980 after epochs 190

Epoch: 191
[192,   100] loss: 0.346 accuracy:84.609
[192,   200] loss: 0.350 accuracy:84.531
[192,   300] loss: 0.346 accuracy:84.661
[192,   400] loss: 0.346 accuracy:84.707
[192,   500] loss: 0.346 accuracy:84.787
[192,   600] loss: 0.348 accuracy:84.734
[192,   700] loss: 0.348 accuracy:84.683
test_accuracy is 85.620 after epochs 191

Epoch: 192
[193,   100] loss: 0.348 accuracy:84.734
[193,   200] loss: 0.349 accuracy:84.719
[193,   300] loss: 0.347 accuracy:84.812
[193,   400] loss: 0.347 accuracy:84.715
[193,   500] loss: 0.345 accuracy:84.934
[193,   600] loss: 0.347 accuracy:84.799
[193,   700] loss: 0.347 accuracy:84.768
test_accuracy is 85.050 after epochs 192

Epoch: 193
[194,   100] loss: 0.346 accuracy:84.844
[194,   200] loss: 0.342 accuracy:85.156
[194,   300] loss: 0.342 accuracy:85.073
[194,   400] loss: 0.340 accuracy:85.156
[194,   500] loss: 0.343 accuracy:84.981
[194,   600] loss: 0.342 accuracy:84.990
[194,   700] loss: 0.344 accuracy:84.888
test_accuracy is 85.140 after epochs 193

Epoch: 194
[195,   100] loss: 0.346 accuracy:84.938
[195,   200] loss: 0.351 accuracy:84.820
[195,   300] loss: 0.351 accuracy:84.656
[195,   400] loss: 0.346 accuracy:84.973
[195,   500] loss: 0.347 accuracy:84.816
[195,   600] loss: 0.348 accuracy:84.740
[195,   700] loss: 0.347 accuracy:84.743
test_accuracy is 85.420 after epochs 194

Epoch: 195
[196,   100] loss: 0.340 accuracy:85.125
[196,   200] loss: 0.342 accuracy:84.852
[196,   300] loss: 0.341 accuracy:84.979
[196,   400] loss: 0.343 accuracy:84.828
[196,   500] loss: 0.343 accuracy:84.925
[196,   600] loss: 0.342 accuracy:84.984
[196,   700] loss: 0.342 accuracy:84.951
test_accuracy is 85.880 after epochs 195

Epoch: 196
[197,   100] loss: 0.332 accuracy:85.422
[197,   200] loss: 0.338 accuracy:85.117
[197,   300] loss: 0.340 accuracy:85.031
[197,   400] loss: 0.343 accuracy:84.914
[197,   500] loss: 0.344 accuracy:84.872
[197,   600] loss: 0.344 accuracy:84.883
[197,   700] loss: 0.344 accuracy:84.879
test_accuracy is 85.410 after epochs 196

Epoch: 197
[198,   100] loss: 0.355 accuracy:84.109
[198,   200] loss: 0.352 accuracy:84.539
[198,   300] loss: 0.346 accuracy:84.938
[198,   400] loss: 0.347 accuracy:84.793
[198,   500] loss: 0.345 accuracy:84.931
[198,   600] loss: 0.347 accuracy:84.724
[198,   700] loss: 0.347 accuracy:84.719
test_accuracy is 85.640 after epochs 197

Epoch: 198
[199,   100] loss: 0.344 accuracy:85.031
[199,   200] loss: 0.344 accuracy:85.047
[199,   300] loss: 0.347 accuracy:84.938
[199,   400] loss: 0.346 accuracy:84.906
[199,   500] loss: 0.345 accuracy:84.844
[199,   600] loss: 0.347 accuracy:84.706
[199,   700] loss: 0.347 accuracy:84.714
test_accuracy is 85.140 after epochs 198

Epoch: 199
[200,   100] loss: 0.340 accuracy:85.250
[200,   200] loss: 0.346 accuracy:84.719
[200,   300] loss: 0.344 accuracy:84.891
[200,   400] loss: 0.347 accuracy:84.688
[200,   500] loss: 0.348 accuracy:84.656
[200,   600] loss: 0.347 accuracy:84.719
[200,   700] loss: 0.346 accuracy:84.734
test_accuracy is 85.310 after epochs 199
