HXLN_LN_LSTM-default-data-Triangle-version-0-num_layers-4-num_templates-4-dropout-0.1-epochs-200-patch_size-4-num_heads-4-batch_size-64-lr-0.0001-128-128-2-2-True-6-True-True-20-True-16-False-1
transformer embed_dim 128
functional? False
total heads 4
head dim 32
use topk?True
topk:20
MEM SLOTS:16
Null attention:False
USING SHARED MEMORY ATTENTION +++++++++
input projector:128
1734660
Total number of parameters:1847816

Epoch: 0
[1,   100] loss: 0.741 accuracy:50.594
[1,   200] loss: 0.724 accuracy:50.508
[1,   300] loss: 0.717 accuracy:50.427
[1,   400] loss: 0.712 accuracy:50.973
[1,   500] loss: 0.708 accuracy:51.622
[1,   600] loss: 0.704 accuracy:52.344
[1,   700] loss: 0.702 accuracy:52.748
test_accuracy is 57.300 after epochs 0
Saving..

Epoch: 1
[2,   100] loss: 0.684 accuracy:55.703
[2,   200] loss: 0.685 accuracy:55.812
[2,   300] loss: 0.685 accuracy:55.865
[2,   400] loss: 0.684 accuracy:55.957
[2,   500] loss: 0.683 accuracy:56.013
[2,   600] loss: 0.682 accuracy:56.156
[2,   700] loss: 0.681 accuracy:56.616
test_accuracy is 59.300 after epochs 1
Saving..

Epoch: 2
[3,   100] loss: 0.675 accuracy:57.797
[3,   200] loss: 0.676 accuracy:57.586
[3,   300] loss: 0.675 accuracy:57.911
[3,   400] loss: 0.677 accuracy:57.355
[3,   500] loss: 0.676 accuracy:57.525
[3,   600] loss: 0.676 accuracy:57.484
[3,   700] loss: 0.676 accuracy:57.487
test_accuracy is 59.290 after epochs 2

Epoch: 3
[4,   100] loss: 0.679 accuracy:57.406
[4,   200] loss: 0.676 accuracy:57.586
[4,   300] loss: 0.676 accuracy:57.464
[4,   400] loss: 0.676 accuracy:57.395
[4,   500] loss: 0.676 accuracy:57.491
[4,   600] loss: 0.675 accuracy:57.586
[4,   700] loss: 0.676 accuracy:57.422
test_accuracy is 58.480 after epochs 3

Epoch: 4
[5,   100] loss: 0.677 accuracy:56.406
[5,   200] loss: 0.678 accuracy:56.469
[5,   300] loss: 0.677 accuracy:56.974
[5,   400] loss: 0.675 accuracy:57.496
[5,   500] loss: 0.675 accuracy:57.600
[5,   600] loss: 0.674 accuracy:57.560
[5,   700] loss: 0.674 accuracy:57.667
test_accuracy is 59.170 after epochs 4

Epoch: 5
[6,   100] loss: 0.672 accuracy:57.797
[6,   200] loss: 0.673 accuracy:58.148
[6,   300] loss: 0.674 accuracy:58.005
[6,   400] loss: 0.672 accuracy:58.242
[6,   500] loss: 0.673 accuracy:58.253
[6,   600] loss: 0.672 accuracy:58.307
[6,   700] loss: 0.672 accuracy:58.304
test_accuracy is 57.200 after epochs 5

Epoch: 6
[7,   100] loss: 0.667 accuracy:59.391
[7,   200] loss: 0.667 accuracy:59.031
[7,   300] loss: 0.667 accuracy:58.917
[7,   400] loss: 0.668 accuracy:58.781
[7,   500] loss: 0.670 accuracy:58.319
[7,   600] loss: 0.669 accuracy:58.451
[7,   700] loss: 0.669 accuracy:58.605
test_accuracy is 58.550 after epochs 6

Epoch: 7
[8,   100] loss: 0.669 accuracy:57.953
[8,   200] loss: 0.667 accuracy:58.758
[8,   300] loss: 0.668 accuracy:58.667
[8,   400] loss: 0.669 accuracy:58.492
[8,   500] loss: 0.669 accuracy:58.497
[8,   600] loss: 0.669 accuracy:58.508
[8,   700] loss: 0.670 accuracy:58.536
test_accuracy is 59.670 after epochs 7
Saving..

Epoch: 8
[9,   100] loss: 0.671 accuracy:58.391
[9,   200] loss: 0.669 accuracy:58.344
[9,   300] loss: 0.668 accuracy:58.531
[9,   400] loss: 0.669 accuracy:58.496
[9,   500] loss: 0.669 accuracy:58.647
[9,   600] loss: 0.668 accuracy:58.805
[9,   700] loss: 0.668 accuracy:58.661
test_accuracy is 57.630 after epochs 8

Epoch: 9
[10,   100] loss: 0.672 accuracy:58.109
[10,   200] loss: 0.672 accuracy:58.000
[10,   300] loss: 0.671 accuracy:57.938
[10,   400] loss: 0.670 accuracy:58.055
[10,   500] loss: 0.669 accuracy:58.388
[10,   600] loss: 0.668 accuracy:58.628
[10,   700] loss: 0.668 accuracy:58.522
test_accuracy is 59.850 after epochs 9
Saving..

Epoch: 10
[11,   100] loss: 0.668 accuracy:58.297
[11,   200] loss: 0.667 accuracy:58.586
[11,   300] loss: 0.668 accuracy:58.552
[11,   400] loss: 0.668 accuracy:58.516
[11,   500] loss: 0.669 accuracy:58.413
[11,   600] loss: 0.673 accuracy:57.721
[11,   700] loss: 0.676 accuracy:57.002
test_accuracy is 53.350 after epochs 10

Epoch: 11
[12,   100] loss: 0.693 accuracy:51.672
[12,   200] loss: 0.693 accuracy:51.734
[12,   300] loss: 0.691 accuracy:52.469
[12,   400] loss: 0.691 accuracy:52.488
[12,   500] loss: 0.691 accuracy:52.612
[12,   600] loss: 0.691 accuracy:52.703
[12,   700] loss: 0.691 accuracy:52.833
test_accuracy is 55.630 after epochs 11

Epoch: 12
[13,   100] loss: 0.691 accuracy:52.516
[13,   200] loss: 0.690 accuracy:53.281
[13,   300] loss: 0.691 accuracy:52.875
[13,   400] loss: 0.691 accuracy:52.875
[13,   500] loss: 0.691 accuracy:52.900
[13,   600] loss: 0.691 accuracy:52.938
[13,   700] loss: 0.691 accuracy:53.011
test_accuracy is 54.030 after epochs 12

Epoch: 13
[14,   100] loss: 0.690 accuracy:53.125
[14,   200] loss: 0.690 accuracy:53.492
[14,   300] loss: 0.689 accuracy:53.641
[14,   400] loss: 0.690 accuracy:53.551
[14,   500] loss: 0.690 accuracy:53.450
[14,   600] loss: 0.690 accuracy:53.349
[14,   700] loss: 0.690 accuracy:53.165
test_accuracy is 54.200 after epochs 13

Epoch: 14
[15,   100] loss: 0.692 accuracy:51.703
[15,   200] loss: 0.692 accuracy:52.320
[15,   300] loss: 0.691 accuracy:52.781
[15,   400] loss: 0.691 accuracy:52.910
[15,   500] loss: 0.691 accuracy:52.969
[15,   600] loss: 0.691 accuracy:53.104
[15,   700] loss: 0.691 accuracy:52.958
test_accuracy is 53.990 after epochs 14

Epoch: 15
[16,   100] loss: 0.692 accuracy:52.281
[16,   200] loss: 0.691 accuracy:52.531
[16,   300] loss: 0.691 accuracy:52.589
[16,   400] loss: 0.691 accuracy:52.812
[16,   500] loss: 0.691 accuracy:52.966
[16,   600] loss: 0.691 accuracy:52.896
[16,   700] loss: 0.691 accuracy:52.900
test_accuracy is 55.520 after epochs 15

Epoch: 16
[17,   100] loss: 0.690 accuracy:54.094
[17,   200] loss: 0.690 accuracy:53.938
[17,   300] loss: 0.690 accuracy:53.625
[17,   400] loss: 0.690 accuracy:53.336
[17,   500] loss: 0.690 accuracy:53.459
[17,   600] loss: 0.689 accuracy:53.630
[17,   700] loss: 0.689 accuracy:53.574
test_accuracy is 55.780 after epochs 16

Epoch: 17
[18,   100] loss: 0.687 accuracy:54.484
[18,   200] loss: 0.687 accuracy:54.656
[18,   300] loss: 0.687 accuracy:54.901
[18,   400] loss: 0.687 accuracy:54.797
[18,   500] loss: 0.687 accuracy:54.519
[18,   600] loss: 0.687 accuracy:54.448
[18,   700] loss: 0.687 accuracy:54.458
test_accuracy is 55.100 after epochs 17

Epoch: 18
[19,   100] loss: 0.684 accuracy:55.297
[19,   200] loss: 0.685 accuracy:55.172
[19,   300] loss: 0.686 accuracy:55.172
[19,   400] loss: 0.686 accuracy:55.078
[19,   500] loss: 0.686 accuracy:54.922
[19,   600] loss: 0.686 accuracy:54.935
[19,   700] loss: 0.687 accuracy:54.920
test_accuracy is 55.600 after epochs 18

Epoch: 19
[20,   100] loss: 0.686 accuracy:55.125
[20,   200] loss: 0.687 accuracy:55.047
[20,   300] loss: 0.686 accuracy:54.932
[20,   400] loss: 0.687 accuracy:54.695
[20,   500] loss: 0.687 accuracy:54.772
[20,   600] loss: 0.687 accuracy:54.880
[20,   700] loss: 0.687 accuracy:54.913
test_accuracy is 56.140 after epochs 19

Epoch: 20
[21,   100] loss: 0.686 accuracy:55.297
[21,   200] loss: 0.687 accuracy:54.664
[21,   300] loss: 0.686 accuracy:54.875
[21,   400] loss: 0.685 accuracy:55.207
[21,   500] loss: 0.685 accuracy:55.194
[21,   600] loss: 0.685 accuracy:55.227
[21,   700] loss: 0.685 accuracy:55.259
test_accuracy is 55.200 after epochs 20

Epoch: 21
[22,   100] loss: 0.683 accuracy:56.312
[22,   200] loss: 0.684 accuracy:55.438
[22,   300] loss: 0.684 accuracy:55.458
[22,   400] loss: 0.684 accuracy:55.359
[22,   500] loss: 0.685 accuracy:55.353
[22,   600] loss: 0.684 accuracy:55.461
[22,   700] loss: 0.684 accuracy:55.449
test_accuracy is 54.420 after epochs 21

Epoch: 22
[23,   100] loss: 0.683 accuracy:55.047
[23,   200] loss: 0.683 accuracy:55.609
[23,   300] loss: 0.681 accuracy:56.318
[23,   400] loss: 0.681 accuracy:56.332
[23,   500] loss: 0.681 accuracy:56.269
[23,   600] loss: 0.682 accuracy:56.099
[23,   700] loss: 0.682 accuracy:56.116
test_accuracy is 56.380 after epochs 22

Epoch: 23
[24,   100] loss: 0.686 accuracy:54.641
[24,   200] loss: 0.686 accuracy:54.797
[24,   300] loss: 0.686 accuracy:55.016
[24,   400] loss: 0.683 accuracy:55.621
[24,   500] loss: 0.682 accuracy:55.831
[24,   600] loss: 0.681 accuracy:56.305
[24,   700] loss: 0.680 accuracy:56.375
test_accuracy is 55.940 after epochs 23

Epoch: 24
[25,   100] loss: 0.674 accuracy:57.875
[25,   200] loss: 0.675 accuracy:57.453
[25,   300] loss: 0.679 accuracy:56.266
[25,   400] loss: 0.681 accuracy:55.996
[25,   500] loss: 0.681 accuracy:55.997
[25,   600] loss: 0.681 accuracy:56.060
[25,   700] loss: 0.680 accuracy:56.283
test_accuracy is 56.700 after epochs 24

Epoch: 25
[26,   100] loss: 0.672 accuracy:58.109
[26,   200] loss: 0.673 accuracy:58.195
[26,   300] loss: 0.673 accuracy:58.135
[26,   400] loss: 0.676 accuracy:57.680
[26,   500] loss: 0.682 accuracy:56.234
[26,   600] loss: 0.684 accuracy:55.422
[26,   700] loss: 0.685 accuracy:54.772
test_accuracy is 51.730 after epochs 25

Epoch: 26
[27,   100] loss: 0.694 accuracy:51.422
[27,   200] loss: 0.695 accuracy:50.961
[27,   300] loss: 0.694 accuracy:51.172
[27,   400] loss: 0.694 accuracy:51.059
[27,   500] loss: 0.694 accuracy:51.159
[27,   600] loss: 0.694 accuracy:51.253
[27,   700] loss: 0.694 accuracy:51.420
test_accuracy is 51.890 after epochs 26

Epoch: 27
[28,   100] loss: 0.692 accuracy:51.953
[28,   200] loss: 0.692 accuracy:51.773
[28,   300] loss: 0.692 accuracy:51.688
[28,   400] loss: 0.692 accuracy:51.930
[28,   500] loss: 0.692 accuracy:52.169
[28,   600] loss: 0.692 accuracy:52.245
[28,   700] loss: 0.692 accuracy:52.368
test_accuracy is 53.120 after epochs 27

Epoch: 28
[29,   100] loss: 0.688 accuracy:53.641
[29,   200] loss: 0.689 accuracy:53.812
[29,   300] loss: 0.689 accuracy:54.094
[29,   400] loss: 0.688 accuracy:54.258
[29,   500] loss: 0.688 accuracy:54.066
[29,   600] loss: 0.688 accuracy:54.297
[29,   700] loss: 0.687 accuracy:54.335
test_accuracy is 57.020 after epochs 28

Epoch: 29
[30,   100] loss: 0.681 accuracy:55.938
[30,   200] loss: 0.678 accuracy:56.938
[30,   300] loss: 0.680 accuracy:56.365
[30,   400] loss: 0.680 accuracy:56.434
[30,   500] loss: 0.680 accuracy:56.581
[30,   600] loss: 0.680 accuracy:56.573
[30,   700] loss: 0.680 accuracy:56.556
test_accuracy is 56.170 after epochs 29

Epoch: 30
[31,   100] loss: 0.677 accuracy:56.562
[31,   200] loss: 0.676 accuracy:57.031
[31,   300] loss: 0.678 accuracy:56.760
[31,   400] loss: 0.678 accuracy:56.648
[31,   500] loss: 0.678 accuracy:56.744
[31,   600] loss: 0.676 accuracy:57.078
[31,   700] loss: 0.676 accuracy:57.254
test_accuracy is 57.890 after epochs 30

Epoch: 31
[32,   100] loss: 0.677 accuracy:57.312
[32,   200] loss: 0.676 accuracy:57.125
[32,   300] loss: 0.676 accuracy:56.849
[32,   400] loss: 0.676 accuracy:57.098
[32,   500] loss: 0.676 accuracy:57.062
[32,   600] loss: 0.676 accuracy:57.094
[32,   700] loss: 0.675 accuracy:57.172
test_accuracy is 56.240 after epochs 31

Epoch: 32
[33,   100] loss: 0.670 accuracy:58.016
[33,   200] loss: 0.671 accuracy:58.078
[33,   300] loss: 0.672 accuracy:58.083
[33,   400] loss: 0.671 accuracy:58.352
[33,   500] loss: 0.672 accuracy:58.013
[33,   600] loss: 0.671 accuracy:58.169
[33,   700] loss: 0.671 accuracy:58.217
test_accuracy is 58.350 after epochs 32

Epoch: 33
[34,   100] loss: 0.665 accuracy:58.906
[34,   200] loss: 0.669 accuracy:58.008
[34,   300] loss: 0.667 accuracy:58.615
[34,   400] loss: 0.669 accuracy:58.348
[34,   500] loss: 0.669 accuracy:58.319
[34,   600] loss: 0.670 accuracy:58.255
[34,   700] loss: 0.669 accuracy:58.259
test_accuracy is 58.300 after epochs 33

Epoch: 34
[35,   100] loss: 0.670 accuracy:58.656
[35,   200] loss: 0.670 accuracy:58.469
[35,   300] loss: 0.670 accuracy:58.245
[35,   400] loss: 0.669 accuracy:58.512
[35,   500] loss: 0.668 accuracy:58.650
[35,   600] loss: 0.669 accuracy:58.536
[35,   700] loss: 0.669 accuracy:58.446
test_accuracy is 57.040 after epochs 34

Epoch: 35
[36,   100] loss: 0.664 accuracy:59.234
[36,   200] loss: 0.666 accuracy:59.102
[36,   300] loss: 0.667 accuracy:59.078
[36,   400] loss: 0.668 accuracy:58.707
[36,   500] loss: 0.668 accuracy:58.781
[36,   600] loss: 0.668 accuracy:58.852
[36,   700] loss: 0.668 accuracy:58.884
test_accuracy is 58.510 after epochs 35

Epoch: 36
[37,   100] loss: 0.665 accuracy:59.250
[37,   200] loss: 0.666 accuracy:59.023
[37,   300] loss: 0.667 accuracy:58.745
[37,   400] loss: 0.667 accuracy:58.723
[37,   500] loss: 0.667 accuracy:58.784
[37,   600] loss: 0.667 accuracy:58.711
[37,   700] loss: 0.667 accuracy:58.815
test_accuracy is 60.020 after epochs 36
Saving..

Epoch: 37
[38,   100] loss: 0.671 accuracy:58.031
[38,   200] loss: 0.670 accuracy:58.359
[38,   300] loss: 0.669 accuracy:58.740
[38,   400] loss: 0.670 accuracy:58.609
[38,   500] loss: 0.669 accuracy:58.600
[38,   600] loss: 0.669 accuracy:58.654
[38,   700] loss: 0.669 accuracy:58.725
test_accuracy is 50.970 after epochs 37

Epoch: 38
[39,   100] loss: 0.672 accuracy:57.891
[39,   200] loss: 0.672 accuracy:58.008
[39,   300] loss: 0.670 accuracy:58.411
[39,   400] loss: 0.669 accuracy:58.555
[39,   500] loss: 0.668 accuracy:58.837
[39,   600] loss: 0.668 accuracy:58.714
[39,   700] loss: 0.667 accuracy:58.929
test_accuracy is 58.560 after epochs 38

Epoch: 39
[40,   100] loss: 0.666 accuracy:59.203
[40,   200] loss: 0.668 accuracy:59.031
[40,   300] loss: 0.669 accuracy:58.708
[40,   400] loss: 0.667 accuracy:59.000
[40,   500] loss: 0.667 accuracy:59.062
[40,   600] loss: 0.668 accuracy:58.852
[40,   700] loss: 0.668 accuracy:58.721
test_accuracy is 59.100 after epochs 39

Epoch: 40
[41,   100] loss: 0.665 accuracy:59.000
[41,   200] loss: 0.665 accuracy:58.734
[41,   300] loss: 0.665 accuracy:59.042
[41,   400] loss: 0.666 accuracy:59.074
[41,   500] loss: 0.666 accuracy:59.212
[41,   600] loss: 0.665 accuracy:59.401
[41,   700] loss: 0.664 accuracy:59.504
test_accuracy is 59.890 after epochs 40

Epoch: 41
[42,   100] loss: 0.659 accuracy:60.500
[42,   200] loss: 0.659 accuracy:60.188
[42,   300] loss: 0.661 accuracy:59.891
[42,   400] loss: 0.662 accuracy:59.559
[42,   500] loss: 0.663 accuracy:59.462
[42,   600] loss: 0.663 accuracy:59.581
[42,   700] loss: 0.663 accuracy:59.609
test_accuracy is 60.130 after epochs 41
Saving..

Epoch: 42
[43,   100] loss: 0.660 accuracy:59.703
[43,   200] loss: 0.663 accuracy:59.133
[43,   300] loss: 0.663 accuracy:59.286
[43,   400] loss: 0.663 accuracy:59.383
[43,   500] loss: 0.662 accuracy:59.600
[43,   600] loss: 0.662 accuracy:59.596
[43,   700] loss: 0.663 accuracy:59.549
test_accuracy is 59.990 after epochs 42

Epoch: 43
[44,   100] loss: 0.662 accuracy:59.859
[44,   200] loss: 0.661 accuracy:60.102
[44,   300] loss: 0.660 accuracy:60.219
[44,   400] loss: 0.662 accuracy:59.906
[44,   500] loss: 0.661 accuracy:59.966
[44,   600] loss: 0.661 accuracy:59.917
[44,   700] loss: 0.661 accuracy:59.915
test_accuracy is 58.780 after epochs 43

Epoch: 44
[45,   100] loss: 0.662 accuracy:60.656
[45,   200] loss: 0.658 accuracy:60.555
[45,   300] loss: 0.658 accuracy:60.432
[45,   400] loss: 0.657 accuracy:60.371
[45,   500] loss: 0.658 accuracy:60.197
[45,   600] loss: 0.658 accuracy:60.312
[45,   700] loss: 0.657 accuracy:60.357
test_accuracy is 59.500 after epochs 44

Epoch: 45
[46,   100] loss: 0.654 accuracy:60.578
[46,   200] loss: 0.657 accuracy:60.016
[46,   300] loss: 0.657 accuracy:60.193
[46,   400] loss: 0.658 accuracy:60.121
[46,   500] loss: 0.658 accuracy:60.056
[46,   600] loss: 0.658 accuracy:59.961
[46,   700] loss: 0.658 accuracy:59.973
test_accuracy is 59.490 after epochs 45

Epoch: 46
[47,   100] loss: 0.659 accuracy:59.531
[47,   200] loss: 0.661 accuracy:59.188
[47,   300] loss: 0.659 accuracy:59.427
[47,   400] loss: 0.657 accuracy:59.762
[47,   500] loss: 0.657 accuracy:59.797
[47,   600] loss: 0.657 accuracy:59.927
[47,   700] loss: 0.656 accuracy:60.031
test_accuracy is 60.350 after epochs 46
Saving..

Epoch: 47
[48,   100] loss: 0.656 accuracy:60.047
[48,   200] loss: 0.656 accuracy:59.945
[48,   300] loss: 0.654 accuracy:60.161
[48,   400] loss: 0.653 accuracy:60.332
[48,   500] loss: 0.653 accuracy:60.306
[48,   600] loss: 0.654 accuracy:60.247
[48,   700] loss: 0.653 accuracy:60.324
test_accuracy is 60.280 after epochs 47

Epoch: 48
[49,   100] loss: 0.648 accuracy:59.641
[49,   200] loss: 0.651 accuracy:59.930
[49,   300] loss: 0.652 accuracy:59.828
[49,   400] loss: 0.652 accuracy:59.977
[49,   500] loss: 0.651 accuracy:60.013
[49,   600] loss: 0.651 accuracy:60.172
[49,   700] loss: 0.650 accuracy:60.286
test_accuracy is 60.530 after epochs 48
Saving..

Epoch: 49
[50,   100] loss: 0.648 accuracy:60.906
[50,   200] loss: 0.649 accuracy:60.797
[50,   300] loss: 0.647 accuracy:60.938
[50,   400] loss: 0.647 accuracy:60.895
[50,   500] loss: 0.648 accuracy:60.766
[50,   600] loss: 0.647 accuracy:60.815
[50,   700] loss: 0.647 accuracy:60.938
test_accuracy is 60.470 after epochs 49

Epoch: 50
[51,   100] loss: 0.642 accuracy:60.234
[51,   200] loss: 0.647 accuracy:59.953
[51,   300] loss: 0.645 accuracy:60.198
[51,   400] loss: 0.645 accuracy:60.273
[51,   500] loss: 0.644 accuracy:60.331
[51,   600] loss: 0.645 accuracy:60.208
[51,   700] loss: 0.645 accuracy:60.254
test_accuracy is 61.260 after epochs 50
Saving..

Epoch: 51
[52,   100] loss: 0.640 accuracy:60.750
[52,   200] loss: 0.640 accuracy:60.938
[52,   300] loss: 0.640 accuracy:60.974
[52,   400] loss: 0.640 accuracy:61.027
[52,   500] loss: 0.640 accuracy:60.859
[52,   600] loss: 0.639 accuracy:60.919
[52,   700] loss: 0.640 accuracy:60.830
test_accuracy is 61.450 after epochs 51
Saving..

Epoch: 52
[53,   100] loss: 0.639 accuracy:60.891
[53,   200] loss: 0.639 accuracy:60.727
[53,   300] loss: 0.642 accuracy:60.599
[53,   400] loss: 0.643 accuracy:60.668
[53,   500] loss: 0.642 accuracy:60.697
[53,   600] loss: 0.640 accuracy:60.815
[53,   700] loss: 0.640 accuracy:60.871
test_accuracy is 61.370 after epochs 52

Epoch: 53
[54,   100] loss: 0.632 accuracy:61.734
[54,   200] loss: 0.634 accuracy:61.461
[54,   300] loss: 0.634 accuracy:61.370
[54,   400] loss: 0.635 accuracy:61.285
[54,   500] loss: 0.635 accuracy:61.328
[54,   600] loss: 0.635 accuracy:61.237
[54,   700] loss: 0.635 accuracy:61.188
test_accuracy is 61.630 after epochs 53
Saving..

Epoch: 54
[55,   100] loss: 0.634 accuracy:61.812
[55,   200] loss: 0.629 accuracy:61.984
[55,   300] loss: 0.632 accuracy:61.615
[55,   400] loss: 0.631 accuracy:61.730
[55,   500] loss: 0.631 accuracy:61.622
[55,   600] loss: 0.631 accuracy:61.630
[55,   700] loss: 0.631 accuracy:61.685
test_accuracy is 61.230 after epochs 54

Epoch: 55
[56,   100] loss: 0.629 accuracy:61.312
[56,   200] loss: 0.627 accuracy:61.828
[56,   300] loss: 0.625 accuracy:61.964
[56,   400] loss: 0.625 accuracy:62.168
[56,   500] loss: 0.625 accuracy:62.350
[56,   600] loss: 0.625 accuracy:62.404
[56,   700] loss: 0.625 accuracy:62.337
test_accuracy is 61.360 after epochs 55

Epoch: 56
[57,   100] loss: 0.625 accuracy:62.406
[57,   200] loss: 0.624 accuracy:62.305
[57,   300] loss: 0.624 accuracy:62.495
[57,   400] loss: 0.623 accuracy:62.480
[57,   500] loss: 0.622 accuracy:62.491
[57,   600] loss: 0.620 accuracy:62.828
[57,   700] loss: 0.621 accuracy:62.732
test_accuracy is 61.290 after epochs 56

Epoch: 57
[58,   100] loss: 0.620 accuracy:62.344
[58,   200] loss: 0.621 accuracy:62.602
[58,   300] loss: 0.620 accuracy:62.651
[58,   400] loss: 0.619 accuracy:62.852
[58,   500] loss: 0.620 accuracy:62.834
[58,   600] loss: 0.618 accuracy:62.872
[58,   700] loss: 0.618 accuracy:62.900
test_accuracy is 62.840 after epochs 57
Saving..

Epoch: 58
[59,   100] loss: 0.611 accuracy:63.984
[59,   200] loss: 0.611 accuracy:63.758
[59,   300] loss: 0.611 accuracy:63.536
[59,   400] loss: 0.611 accuracy:63.508
[59,   500] loss: 0.612 accuracy:63.419
[59,   600] loss: 0.612 accuracy:63.237
[59,   700] loss: 0.613 accuracy:63.190
test_accuracy is 63.870 after epochs 58
Saving..

Epoch: 59
[60,   100] loss: 0.609 accuracy:64.250
[60,   200] loss: 0.608 accuracy:64.148
[60,   300] loss: 0.609 accuracy:64.219
[60,   400] loss: 0.611 accuracy:64.039
[60,   500] loss: 0.610 accuracy:64.162
[60,   600] loss: 0.612 accuracy:64.068
[60,   700] loss: 0.613 accuracy:63.835
test_accuracy is 64.170 after epochs 59
Saving..

Epoch: 60
[61,   100] loss: 0.617 accuracy:62.516
[61,   200] loss: 0.618 accuracy:62.594
[61,   300] loss: 0.617 accuracy:62.906
[61,   400] loss: 0.614 accuracy:63.191
[61,   500] loss: 0.612 accuracy:63.481
[61,   600] loss: 0.611 accuracy:63.594
[61,   700] loss: 0.610 accuracy:63.634
test_accuracy is 65.290 after epochs 60
Saving..

Epoch: 61
[62,   100] loss: 0.609 accuracy:63.266
[62,   200] loss: 0.609 accuracy:63.430
[62,   300] loss: 0.608 accuracy:63.802
[62,   400] loss: 0.606 accuracy:63.969
[62,   500] loss: 0.606 accuracy:64.062
[62,   600] loss: 0.605 accuracy:64.188
[62,   700] loss: 0.605 accuracy:64.277
test_accuracy is 64.740 after epochs 61

Epoch: 62
[63,   100] loss: 0.598 accuracy:65.391
[63,   200] loss: 0.599 accuracy:65.180
[63,   300] loss: 0.602 accuracy:64.792
[63,   400] loss: 0.601 accuracy:64.906
[63,   500] loss: 0.600 accuracy:64.819
[63,   600] loss: 0.599 accuracy:64.906
[63,   700] loss: 0.599 accuracy:64.946
test_accuracy is 64.990 after epochs 62

Epoch: 63
[64,   100] loss: 0.608 accuracy:64.484
[64,   200] loss: 0.600 accuracy:64.844
[64,   300] loss: 0.598 accuracy:65.052
[64,   400] loss: 0.599 accuracy:65.062
[64,   500] loss: 0.600 accuracy:65.031
[64,   600] loss: 0.599 accuracy:64.938
[64,   700] loss: 0.599 accuracy:64.971
test_accuracy is 65.750 after epochs 63
Saving..

Epoch: 64
[65,   100] loss: 0.590 accuracy:66.609
[65,   200] loss: 0.593 accuracy:65.969
[65,   300] loss: 0.596 accuracy:65.401
[65,   400] loss: 0.597 accuracy:65.398
[65,   500] loss: 0.596 accuracy:65.388
[65,   600] loss: 0.595 accuracy:65.432
[65,   700] loss: 0.594 accuracy:65.520
test_accuracy is 65.030 after epochs 64

Epoch: 65
[66,   100] loss: 0.589 accuracy:65.828
[66,   200] loss: 0.586 accuracy:66.609
[66,   300] loss: 0.587 accuracy:66.318
[66,   400] loss: 0.590 accuracy:65.617
[66,   500] loss: 0.591 accuracy:65.803
[66,   600] loss: 0.591 accuracy:65.727
[66,   700] loss: 0.590 accuracy:65.835
test_accuracy is 64.990 after epochs 65

Epoch: 66
[67,   100] loss: 0.590 accuracy:66.250
[67,   200] loss: 0.587 accuracy:66.281
[67,   300] loss: 0.585 accuracy:66.406
[67,   400] loss: 0.587 accuracy:66.156
[67,   500] loss: 0.586 accuracy:66.300
[67,   600] loss: 0.586 accuracy:66.203
[67,   700] loss: 0.586 accuracy:66.288
test_accuracy is 66.500 after epochs 66
Saving..

Epoch: 67
[68,   100] loss: 0.580 accuracy:66.484
[68,   200] loss: 0.583 accuracy:66.453
[68,   300] loss: 0.586 accuracy:66.542
[68,   400] loss: 0.587 accuracy:66.445
[68,   500] loss: 0.586 accuracy:66.447
[68,   600] loss: 0.584 accuracy:66.516
[68,   700] loss: 0.583 accuracy:66.661
test_accuracy is 66.370 after epochs 67

Epoch: 68
[69,   100] loss: 0.574 accuracy:66.875
[69,   200] loss: 0.580 accuracy:66.930
[69,   300] loss: 0.580 accuracy:66.708
[69,   400] loss: 0.579 accuracy:67.047
[69,   500] loss: 0.581 accuracy:66.744
[69,   600] loss: 0.582 accuracy:66.602
[69,   700] loss: 0.581 accuracy:66.730
test_accuracy is 65.870 after epochs 68

Epoch: 69
[70,   100] loss: 0.595 accuracy:65.203
[70,   200] loss: 0.589 accuracy:65.789
[70,   300] loss: 0.584 accuracy:66.453
[70,   400] loss: 0.584 accuracy:66.441
[70,   500] loss: 0.583 accuracy:66.425
[70,   600] loss: 0.582 accuracy:66.443
[70,   700] loss: 0.583 accuracy:66.417
test_accuracy is 66.020 after epochs 69

Epoch: 70
[71,   100] loss: 0.574 accuracy:67.234
[71,   200] loss: 0.572 accuracy:67.227
[71,   300] loss: 0.572 accuracy:67.281
[71,   400] loss: 0.574 accuracy:67.078
[71,   500] loss: 0.575 accuracy:67.053
[71,   600] loss: 0.574 accuracy:67.115
[71,   700] loss: 0.572 accuracy:67.326
test_accuracy is 66.540 after epochs 70
Saving..

Epoch: 71
[72,   100] loss: 0.571 accuracy:68.422
[72,   200] loss: 0.570 accuracy:68.164
[72,   300] loss: 0.573 accuracy:67.760
[72,   400] loss: 0.571 accuracy:67.977
[72,   500] loss: 0.573 accuracy:67.753
[72,   600] loss: 0.572 accuracy:67.794
[72,   700] loss: 0.571 accuracy:67.699
test_accuracy is 68.730 after epochs 71
Saving..

Epoch: 72
[73,   100] loss: 0.563 accuracy:69.172
[73,   200] loss: 0.564 accuracy:68.492
[73,   300] loss: 0.565 accuracy:68.328
[73,   400] loss: 0.565 accuracy:68.172
[73,   500] loss: 0.565 accuracy:68.162
[73,   600] loss: 0.567 accuracy:67.966
[73,   700] loss: 0.566 accuracy:68.089
test_accuracy is 66.800 after epochs 72

Epoch: 73
[74,   100] loss: 0.557 accuracy:68.688
[74,   200] loss: 0.560 accuracy:68.562
[74,   300] loss: 0.563 accuracy:68.583
[74,   400] loss: 0.561 accuracy:68.746
[74,   500] loss: 0.560 accuracy:68.922
[74,   600] loss: 0.561 accuracy:68.763
[74,   700] loss: 0.560 accuracy:68.839
test_accuracy is 69.390 after epochs 73
Saving..

Epoch: 74
[75,   100] loss: 0.568 accuracy:67.344
[75,   200] loss: 0.563 accuracy:67.992
[75,   300] loss: 0.560 accuracy:68.339
[75,   400] loss: 0.559 accuracy:68.566
[75,   500] loss: 0.559 accuracy:68.500
[75,   600] loss: 0.559 accuracy:68.617
[75,   700] loss: 0.559 accuracy:68.565
test_accuracy is 68.140 after epochs 74

Epoch: 75
[76,   100] loss: 0.571 accuracy:67.516
[76,   200] loss: 0.564 accuracy:68.625
[76,   300] loss: 0.563 accuracy:68.406
[76,   400] loss: 0.562 accuracy:68.453
[76,   500] loss: 0.561 accuracy:68.625
[76,   600] loss: 0.562 accuracy:68.401
[76,   700] loss: 0.559 accuracy:68.770
test_accuracy is 69.680 after epochs 75
Saving..

Epoch: 76
[77,   100] loss: 0.550 accuracy:69.672
[77,   200] loss: 0.552 accuracy:69.570
[77,   300] loss: 0.553 accuracy:69.375
[77,   400] loss: 0.553 accuracy:69.406
[77,   500] loss: 0.550 accuracy:69.684
[77,   600] loss: 0.550 accuracy:69.760
[77,   700] loss: 0.549 accuracy:69.835
test_accuracy is 70.730 after epochs 76
Saving..

Epoch: 77
[78,   100] loss: 0.550 accuracy:69.562
[78,   200] loss: 0.551 accuracy:69.766
[78,   300] loss: 0.552 accuracy:69.219
[78,   400] loss: 0.553 accuracy:69.176
[78,   500] loss: 0.552 accuracy:69.300
[78,   600] loss: 0.552 accuracy:69.315
[78,   700] loss: 0.551 accuracy:69.536
test_accuracy is 69.110 after epochs 77

Epoch: 78
[79,   100] loss: 0.548 accuracy:69.891
[79,   200] loss: 0.544 accuracy:70.039
[79,   300] loss: 0.541 accuracy:70.312
[79,   400] loss: 0.541 accuracy:70.344
[79,   500] loss: 0.542 accuracy:70.244
[79,   600] loss: 0.541 accuracy:70.440
[79,   700] loss: 0.541 accuracy:70.404
test_accuracy is 71.180 after epochs 78
Saving..

Epoch: 79
[80,   100] loss: 0.529 accuracy:71.578
[80,   200] loss: 0.540 accuracy:70.414
[80,   300] loss: 0.538 accuracy:70.568
[80,   400] loss: 0.539 accuracy:70.617
[80,   500] loss: 0.539 accuracy:70.631
[80,   600] loss: 0.537 accuracy:70.784
[80,   700] loss: 0.536 accuracy:70.879
test_accuracy is 71.020 after epochs 79

Epoch: 80
[81,   100] loss: 0.532 accuracy:71.250
[81,   200] loss: 0.529 accuracy:71.836
[81,   300] loss: 0.531 accuracy:71.547
[81,   400] loss: 0.532 accuracy:71.488
[81,   500] loss: 0.532 accuracy:71.519
[81,   600] loss: 0.531 accuracy:71.534
[81,   700] loss: 0.530 accuracy:71.518
test_accuracy is 72.580 after epochs 80
Saving..

Epoch: 81
[82,   100] loss: 0.526 accuracy:71.969
[82,   200] loss: 0.524 accuracy:72.070
[82,   300] loss: 0.526 accuracy:71.781
[82,   400] loss: 0.525 accuracy:71.895
[82,   500] loss: 0.525 accuracy:71.897
[82,   600] loss: 0.525 accuracy:71.938
[82,   700] loss: 0.526 accuracy:71.868
test_accuracy is 72.430 after epochs 81

Epoch: 82
[83,   100] loss: 0.525 accuracy:72.297
[83,   200] loss: 0.523 accuracy:72.297
[83,   300] loss: 0.522 accuracy:72.266
[83,   400] loss: 0.523 accuracy:72.137
[83,   500] loss: 0.524 accuracy:72.022
[83,   600] loss: 0.523 accuracy:72.247
[83,   700] loss: 0.523 accuracy:72.237
test_accuracy is 74.040 after epochs 82
Saving..

Epoch: 83
[84,   100] loss: 0.512 accuracy:73.141
[84,   200] loss: 0.517 accuracy:72.906
[84,   300] loss: 0.518 accuracy:72.672
[84,   400] loss: 0.516 accuracy:72.684
[84,   500] loss: 0.517 accuracy:72.709
[84,   600] loss: 0.517 accuracy:72.651
[84,   700] loss: 0.518 accuracy:72.554
test_accuracy is 75.540 after epochs 83
Saving..

Epoch: 84
[85,   100] loss: 0.515 accuracy:73.188
[85,   200] loss: 0.515 accuracy:72.812
[85,   300] loss: 0.513 accuracy:72.786
[85,   400] loss: 0.509 accuracy:73.016
[85,   500] loss: 0.509 accuracy:73.034
[85,   600] loss: 0.510 accuracy:72.992
[85,   700] loss: 0.510 accuracy:73.112
test_accuracy is 74.150 after epochs 84

Epoch: 85
[86,   100] loss: 0.504 accuracy:74.266
[86,   200] loss: 0.507 accuracy:73.719
[86,   300] loss: 0.505 accuracy:73.661
[86,   400] loss: 0.504 accuracy:73.727
[86,   500] loss: 0.504 accuracy:73.787
[86,   600] loss: 0.504 accuracy:73.875
[86,   700] loss: 0.503 accuracy:73.917
test_accuracy is 72.700 after epochs 85

Epoch: 86
[87,   100] loss: 0.517 accuracy:72.797
[87,   200] loss: 0.515 accuracy:72.758
[87,   300] loss: 0.511 accuracy:73.099
[87,   400] loss: 0.508 accuracy:73.309
[87,   500] loss: 0.506 accuracy:73.522
[87,   600] loss: 0.503 accuracy:73.635
[87,   700] loss: 0.504 accuracy:73.594
test_accuracy is 74.430 after epochs 86

Epoch: 87
[88,   100] loss: 0.502 accuracy:74.469
[88,   200] loss: 0.499 accuracy:74.492
[88,   300] loss: 0.498 accuracy:74.500
[88,   400] loss: 0.499 accuracy:74.348
[88,   500] loss: 0.498 accuracy:74.372
[88,   600] loss: 0.498 accuracy:74.357
[88,   700] loss: 0.498 accuracy:74.297
test_accuracy is 74.880 after epochs 87

Epoch: 88
[89,   100] loss: 0.481 accuracy:75.625
[89,   200] loss: 0.488 accuracy:74.945
[89,   300] loss: 0.486 accuracy:75.115
[89,   400] loss: 0.486 accuracy:75.246
[89,   500] loss: 0.485 accuracy:75.403
[89,   600] loss: 0.487 accuracy:75.211
[89,   700] loss: 0.488 accuracy:75.018
test_accuracy is 76.060 after epochs 88
Saving..

Epoch: 89
[90,   100] loss: 0.481 accuracy:75.625
[90,   200] loss: 0.485 accuracy:75.367
[90,   300] loss: 0.485 accuracy:75.406
[90,   400] loss: 0.486 accuracy:75.367
[90,   500] loss: 0.486 accuracy:75.300
[90,   600] loss: 0.486 accuracy:75.273
[90,   700] loss: 0.485 accuracy:75.388
test_accuracy is 73.700 after epochs 89

Epoch: 90
[91,   100] loss: 0.483 accuracy:75.812
[91,   200] loss: 0.486 accuracy:75.422
[91,   300] loss: 0.479 accuracy:75.812
[91,   400] loss: 0.481 accuracy:75.531
[91,   500] loss: 0.482 accuracy:75.434
[91,   600] loss: 0.482 accuracy:75.477
[91,   700] loss: 0.482 accuracy:75.487
test_accuracy is 75.480 after epochs 90

Epoch: 91
[92,   100] loss: 0.502 accuracy:73.438
[92,   200] loss: 0.484 accuracy:75.047
[92,   300] loss: 0.479 accuracy:75.500
[92,   400] loss: 0.475 accuracy:75.711
[92,   500] loss: 0.473 accuracy:75.922
[92,   600] loss: 0.472 accuracy:76.008
[92,   700] loss: 0.474 accuracy:75.960
test_accuracy is 76.260 after epochs 91
Saving..

Epoch: 92
[93,   100] loss: 0.477 accuracy:75.609
[93,   200] loss: 0.474 accuracy:75.844
[93,   300] loss: 0.476 accuracy:75.745
[93,   400] loss: 0.473 accuracy:76.082
[93,   500] loss: 0.472 accuracy:76.197
[93,   600] loss: 0.470 accuracy:76.370
[93,   700] loss: 0.469 accuracy:76.368
test_accuracy is 76.090 after epochs 92

Epoch: 93
[94,   100] loss: 0.480 accuracy:75.531
[94,   200] loss: 0.475 accuracy:76.023
[94,   300] loss: 0.477 accuracy:76.078
[94,   400] loss: 0.473 accuracy:76.457
[94,   500] loss: 0.471 accuracy:76.572
[94,   600] loss: 0.469 accuracy:76.607
[94,   700] loss: 0.469 accuracy:76.565
test_accuracy is 74.980 after epochs 93

Epoch: 94
[95,   100] loss: 0.445 accuracy:78.281
[95,   200] loss: 0.448 accuracy:77.789
[95,   300] loss: 0.451 accuracy:77.641
[95,   400] loss: 0.453 accuracy:77.512
[95,   500] loss: 0.455 accuracy:77.372
[95,   600] loss: 0.455 accuracy:77.362
[95,   700] loss: 0.456 accuracy:77.321
test_accuracy is 77.920 after epochs 94
Saving..

Epoch: 95
[96,   100] loss: 0.451 accuracy:77.812
[96,   200] loss: 0.454 accuracy:77.484
[96,   300] loss: 0.458 accuracy:77.146
[96,   400] loss: 0.453 accuracy:77.520
[96,   500] loss: 0.454 accuracy:77.531
[96,   600] loss: 0.453 accuracy:77.664
[96,   700] loss: 0.453 accuracy:77.688
test_accuracy is 75.770 after epochs 95

Epoch: 96
[97,   100] loss: 0.460 accuracy:77.141
[97,   200] loss: 0.461 accuracy:77.109
[97,   300] loss: 0.457 accuracy:77.396
[97,   400] loss: 0.457 accuracy:77.398
[97,   500] loss: 0.454 accuracy:77.575
[97,   600] loss: 0.456 accuracy:77.419
[97,   700] loss: 0.456 accuracy:77.444
test_accuracy is 78.670 after epochs 96
Saving..

Epoch: 97
[98,   100] loss: 0.448 accuracy:78.172
[98,   200] loss: 0.446 accuracy:78.258
[98,   300] loss: 0.448 accuracy:78.036
[98,   400] loss: 0.448 accuracy:78.027
[98,   500] loss: 0.446 accuracy:78.209
[98,   600] loss: 0.446 accuracy:78.221
[98,   700] loss: 0.447 accuracy:78.246
test_accuracy is 78.400 after epochs 97

Epoch: 98
[99,   100] loss: 0.448 accuracy:77.953
[99,   200] loss: 0.451 accuracy:77.852
[99,   300] loss: 0.447 accuracy:78.005
[99,   400] loss: 0.446 accuracy:78.125
[99,   500] loss: 0.446 accuracy:78.025
[99,   600] loss: 0.446 accuracy:78.115
[99,   700] loss: 0.445 accuracy:78.170
test_accuracy is 78.610 after epochs 98

Epoch: 99
[100,   100] loss: 0.426 accuracy:79.312
[100,   200] loss: 0.435 accuracy:78.766
[100,   300] loss: 0.438 accuracy:78.766
[100,   400] loss: 0.436 accuracy:78.871
[100,   500] loss: 0.437 accuracy:78.816
[100,   600] loss: 0.440 accuracy:78.565
[100,   700] loss: 0.440 accuracy:78.484
test_accuracy is 80.420 after epochs 99
Saving..

Epoch: 100
[101,   100] loss: 0.441 accuracy:78.766
[101,   200] loss: 0.443 accuracy:78.672
[101,   300] loss: 0.441 accuracy:78.656
[101,   400] loss: 0.439 accuracy:78.652
[101,   500] loss: 0.437 accuracy:78.781
[101,   600] loss: 0.436 accuracy:78.880
[101,   700] loss: 0.438 accuracy:78.826
test_accuracy is 79.600 after epochs 100

Epoch: 101
[102,   100] loss: 0.426 accuracy:79.406
[102,   200] loss: 0.428 accuracy:79.328
[102,   300] loss: 0.429 accuracy:79.276
[102,   400] loss: 0.430 accuracy:79.148
[102,   500] loss: 0.430 accuracy:79.175
[102,   600] loss: 0.428 accuracy:79.310
[102,   700] loss: 0.427 accuracy:79.442
test_accuracy is 80.210 after epochs 101

Epoch: 102
[103,   100] loss: 0.415 accuracy:80.344
[103,   200] loss: 0.420 accuracy:80.008
[103,   300] loss: 0.416 accuracy:80.234
[103,   400] loss: 0.418 accuracy:80.090
[103,   500] loss: 0.419 accuracy:79.987
[103,   600] loss: 0.420 accuracy:79.896
[103,   700] loss: 0.421 accuracy:79.812
test_accuracy is 79.410 after epochs 102

Epoch: 103
[104,   100] loss: 0.431 accuracy:78.844
[104,   200] loss: 0.424 accuracy:79.375
[104,   300] loss: 0.423 accuracy:79.594
[104,   400] loss: 0.423 accuracy:79.602
[104,   500] loss: 0.423 accuracy:79.619
[104,   600] loss: 0.421 accuracy:79.781
[104,   700] loss: 0.421 accuracy:79.795
test_accuracy is 81.460 after epochs 103
Saving..

Epoch: 104
[105,   100] loss: 0.415 accuracy:80.188
[105,   200] loss: 0.417 accuracy:80.180
[105,   300] loss: 0.417 accuracy:80.109
[105,   400] loss: 0.419 accuracy:80.031
[105,   500] loss: 0.420 accuracy:79.953
[105,   600] loss: 0.419 accuracy:80.023
[105,   700] loss: 0.418 accuracy:80.020
test_accuracy is 81.830 after epochs 104
Saving..

Epoch: 105
[106,   100] loss: 0.423 accuracy:79.203
[106,   200] loss: 0.418 accuracy:79.695
[106,   300] loss: 0.419 accuracy:79.688
[106,   400] loss: 0.420 accuracy:79.750
[106,   500] loss: 0.420 accuracy:79.831
[106,   600] loss: 0.419 accuracy:79.922
[106,   700] loss: 0.418 accuracy:79.949
test_accuracy is 81.770 after epochs 105

Epoch: 106
[107,   100] loss: 0.402 accuracy:81.094
[107,   200] loss: 0.402 accuracy:81.219
[107,   300] loss: 0.406 accuracy:80.859
[107,   400] loss: 0.407 accuracy:80.703
[107,   500] loss: 0.407 accuracy:80.700
[107,   600] loss: 0.410 accuracy:80.466
[107,   700] loss: 0.410 accuracy:80.471
test_accuracy is 76.160 after epochs 106

Epoch: 107
[108,   100] loss: 0.418 accuracy:80.031
[108,   200] loss: 0.414 accuracy:80.289
[108,   300] loss: 0.409 accuracy:80.766
[108,   400] loss: 0.410 accuracy:80.727
[108,   500] loss: 0.410 accuracy:80.666
[108,   600] loss: 0.408 accuracy:80.737
[108,   700] loss: 0.408 accuracy:80.779
test_accuracy is 81.450 after epochs 107

Epoch: 108
[109,   100] loss: 0.408 accuracy:80.297
[109,   200] loss: 0.405 accuracy:80.672
[109,   300] loss: 0.404 accuracy:80.802
[109,   400] loss: 0.405 accuracy:80.777
[109,   500] loss: 0.403 accuracy:80.912
[109,   600] loss: 0.405 accuracy:80.844
[109,   700] loss: 0.403 accuracy:80.969
test_accuracy is 81.980 after epochs 108
Saving..

Epoch: 109
[110,   100] loss: 0.400 accuracy:81.406
[110,   200] loss: 0.399 accuracy:81.430
[110,   300] loss: 0.400 accuracy:81.542
[110,   400] loss: 0.398 accuracy:81.516
[110,   500] loss: 0.397 accuracy:81.672
[110,   600] loss: 0.397 accuracy:81.565
[110,   700] loss: 0.396 accuracy:81.618
test_accuracy is 81.220 after epochs 109

Epoch: 110
[111,   100] loss: 0.401 accuracy:81.562
[111,   200] loss: 0.398 accuracy:81.508
[111,   300] loss: 0.395 accuracy:81.510
[111,   400] loss: 0.399 accuracy:81.379
[111,   500] loss: 0.399 accuracy:81.450
[111,   600] loss: 0.399 accuracy:81.424
[111,   700] loss: 0.399 accuracy:81.353
test_accuracy is 82.910 after epochs 110
Saving..

Epoch: 111
[112,   100] loss: 0.396 accuracy:81.328
[112,   200] loss: 0.388 accuracy:81.992
[112,   300] loss: 0.389 accuracy:81.911
[112,   400] loss: 0.390 accuracy:81.855
[112,   500] loss: 0.388 accuracy:82.013
[112,   600] loss: 0.390 accuracy:81.917
[112,   700] loss: 0.392 accuracy:81.868
test_accuracy is 82.700 after epochs 111

Epoch: 112
[113,   100] loss: 0.403 accuracy:80.703
[113,   200] loss: 0.399 accuracy:81.258
[113,   300] loss: 0.395 accuracy:81.458
[113,   400] loss: 0.397 accuracy:81.430
[113,   500] loss: 0.394 accuracy:81.638
[113,   600] loss: 0.394 accuracy:81.669
[113,   700] loss: 0.393 accuracy:81.752
test_accuracy is 80.860 after epochs 112

Epoch: 113
[114,   100] loss: 0.384 accuracy:82.391
[114,   200] loss: 0.388 accuracy:82.203
[114,   300] loss: 0.386 accuracy:82.188
[114,   400] loss: 0.387 accuracy:82.109
[114,   500] loss: 0.385 accuracy:82.228
[114,   600] loss: 0.385 accuracy:82.224
[114,   700] loss: 0.387 accuracy:82.083
test_accuracy is 83.460 after epochs 113
Saving..

Epoch: 114
[115,   100] loss: 0.381 accuracy:82.656
[115,   200] loss: 0.388 accuracy:81.945
[115,   300] loss: 0.385 accuracy:82.146
[115,   400] loss: 0.385 accuracy:82.121
[115,   500] loss: 0.386 accuracy:82.131
[115,   600] loss: 0.385 accuracy:82.219
[115,   700] loss: 0.384 accuracy:82.230
test_accuracy is 81.390 after epochs 114

Epoch: 115
[116,   100] loss: 0.383 accuracy:82.641
[116,   200] loss: 0.381 accuracy:82.750
[116,   300] loss: 0.387 accuracy:82.234
[116,   400] loss: 0.387 accuracy:82.230
[116,   500] loss: 0.385 accuracy:82.303
[116,   600] loss: 0.383 accuracy:82.419
[116,   700] loss: 0.384 accuracy:82.357
test_accuracy is 83.930 after epochs 115
Saving..

Epoch: 116
[117,   100] loss: 0.374 accuracy:82.844
[117,   200] loss: 0.381 accuracy:82.469
[117,   300] loss: 0.374 accuracy:82.870
[117,   400] loss: 0.374 accuracy:82.812
[117,   500] loss: 0.374 accuracy:82.828
[117,   600] loss: 0.374 accuracy:82.784
[117,   700] loss: 0.376 accuracy:82.685
test_accuracy is 83.810 after epochs 116

Epoch: 117
[118,   100] loss: 0.378 accuracy:82.750
[118,   200] loss: 0.378 accuracy:82.586
[118,   300] loss: 0.381 accuracy:82.620
[118,   400] loss: 0.378 accuracy:82.543
[118,   500] loss: 0.377 accuracy:82.603
[118,   600] loss: 0.375 accuracy:82.760
[118,   700] loss: 0.377 accuracy:82.658
test_accuracy is 83.950 after epochs 117
Saving..

Epoch: 118
[119,   100] loss: 0.385 accuracy:82.016
[119,   200] loss: 0.377 accuracy:82.594
[119,   300] loss: 0.376 accuracy:82.552
[119,   400] loss: 0.376 accuracy:82.738
[119,   500] loss: 0.374 accuracy:82.812
[119,   600] loss: 0.372 accuracy:82.943
[119,   700] loss: 0.371 accuracy:82.991
test_accuracy is 83.760 after epochs 118

Epoch: 119
[120,   100] loss: 0.368 accuracy:83.406
[120,   200] loss: 0.367 accuracy:83.539
[120,   300] loss: 0.367 accuracy:83.385
[120,   400] loss: 0.364 accuracy:83.480
[120,   500] loss: 0.365 accuracy:83.513
[120,   600] loss: 0.363 accuracy:83.513
[120,   700] loss: 0.366 accuracy:83.384
test_accuracy is 83.460 after epochs 119

Epoch: 120
[121,   100] loss: 0.372 accuracy:82.656
[121,   200] loss: 0.375 accuracy:82.539
[121,   300] loss: 0.369 accuracy:83.104
[121,   400] loss: 0.370 accuracy:83.082
[121,   500] loss: 0.370 accuracy:83.109
[121,   600] loss: 0.369 accuracy:83.227
[121,   700] loss: 0.366 accuracy:83.366
test_accuracy is 82.250 after epochs 120

Epoch: 121
[122,   100] loss: 0.372 accuracy:83.359
[122,   200] loss: 0.373 accuracy:82.875
[122,   300] loss: 0.371 accuracy:83.089
[122,   400] loss: 0.368 accuracy:83.363
[122,   500] loss: 0.369 accuracy:83.237
[122,   600] loss: 0.370 accuracy:83.182
[122,   700] loss: 0.369 accuracy:83.217
test_accuracy is 84.050 after epochs 121
Saving..

Epoch: 122
[123,   100] loss: 0.369 accuracy:83.328
[123,   200] loss: 0.362 accuracy:83.648
[123,   300] loss: 0.362 accuracy:83.609
[123,   400] loss: 0.360 accuracy:83.633
[123,   500] loss: 0.363 accuracy:83.503
[123,   600] loss: 0.363 accuracy:83.549
[123,   700] loss: 0.361 accuracy:83.623
test_accuracy is 83.030 after epochs 122

Epoch: 123
[124,   100] loss: 0.345 accuracy:84.625
[124,   200] loss: 0.356 accuracy:83.773
[124,   300] loss: 0.356 accuracy:83.943
[124,   400] loss: 0.359 accuracy:83.727
[124,   500] loss: 0.356 accuracy:83.984
[124,   600] loss: 0.357 accuracy:83.935
[124,   700] loss: 0.358 accuracy:83.960
test_accuracy is 84.540 after epochs 123
Saving..

Epoch: 124
[125,   100] loss: 0.355 accuracy:83.875
[125,   200] loss: 0.360 accuracy:83.445
[125,   300] loss: 0.365 accuracy:83.156
[125,   400] loss: 0.365 accuracy:83.188
[125,   500] loss: 0.365 accuracy:83.322
[125,   600] loss: 0.363 accuracy:83.458
[125,   700] loss: 0.362 accuracy:83.616
test_accuracy is 84.220 after epochs 124

Epoch: 125
[126,   100] loss: 0.364 accuracy:83.422
[126,   200] loss: 0.358 accuracy:84.062
[126,   300] loss: 0.361 accuracy:83.786
[126,   400] loss: 0.359 accuracy:83.992
[126,   500] loss: 0.356 accuracy:84.031
[126,   600] loss: 0.357 accuracy:83.992
[126,   700] loss: 0.357 accuracy:83.967
test_accuracy is 84.140 after epochs 125

Epoch: 126
[127,   100] loss: 0.360 accuracy:83.578
[127,   200] loss: 0.359 accuracy:83.805
[127,   300] loss: 0.358 accuracy:84.000
[127,   400] loss: 0.358 accuracy:84.109
[127,   500] loss: 0.356 accuracy:84.166
[127,   600] loss: 0.355 accuracy:84.180
[127,   700] loss: 0.354 accuracy:84.196
test_accuracy is 85.260 after epochs 126
Saving..

Epoch: 127
[128,   100] loss: 0.342 accuracy:85.250
[128,   200] loss: 0.351 accuracy:84.398
[128,   300] loss: 0.347 accuracy:84.771
[128,   400] loss: 0.349 accuracy:84.602
[128,   500] loss: 0.349 accuracy:84.619
[128,   600] loss: 0.349 accuracy:84.547
[128,   700] loss: 0.348 accuracy:84.632
test_accuracy is 85.650 after epochs 127
Saving..

Epoch: 128
[129,   100] loss: 0.357 accuracy:84.109
[129,   200] loss: 0.355 accuracy:84.125
[129,   300] loss: 0.349 accuracy:84.250
[129,   400] loss: 0.347 accuracy:84.441
[129,   500] loss: 0.348 accuracy:84.334
[129,   600] loss: 0.349 accuracy:84.333
[129,   700] loss: 0.350 accuracy:84.290
test_accuracy is 85.650 after epochs 128

Epoch: 129
[130,   100] loss: 0.344 accuracy:85.094
[130,   200] loss: 0.347 accuracy:84.672
[130,   300] loss: 0.342 accuracy:84.875
[130,   400] loss: 0.345 accuracy:84.668
[130,   500] loss: 0.345 accuracy:84.766
[130,   600] loss: 0.345 accuracy:84.786
[130,   700] loss: 0.347 accuracy:84.670
test_accuracy is 85.540 after epochs 129

Epoch: 130
[131,   100] loss: 0.349 accuracy:84.750
[131,   200] loss: 0.353 accuracy:84.250
[131,   300] loss: 0.352 accuracy:84.380
[131,   400] loss: 0.352 accuracy:84.348
[131,   500] loss: 0.351 accuracy:84.397
[131,   600] loss: 0.351 accuracy:84.297
[131,   700] loss: 0.349 accuracy:84.420
test_accuracy is 85.570 after epochs 130

Epoch: 131
[132,   100] loss: 0.340 accuracy:84.969
[132,   200] loss: 0.339 accuracy:84.938
[132,   300] loss: 0.337 accuracy:85.167
[132,   400] loss: 0.339 accuracy:84.984
[132,   500] loss: 0.340 accuracy:84.850
[132,   600] loss: 0.339 accuracy:84.872
[132,   700] loss: 0.339 accuracy:84.857
test_accuracy is 86.130 after epochs 131
Saving..

Epoch: 132
[133,   100] loss: 0.345 accuracy:84.453
[133,   200] loss: 0.344 accuracy:84.602
[133,   300] loss: 0.343 accuracy:84.688
[133,   400] loss: 0.342 accuracy:84.746
[133,   500] loss: 0.339 accuracy:84.928
[133,   600] loss: 0.340 accuracy:84.818
[133,   700] loss: 0.339 accuracy:84.922
test_accuracy is 85.800 after epochs 132

Epoch: 133
[134,   100] loss: 0.333 accuracy:85.219
[134,   200] loss: 0.339 accuracy:84.852
[134,   300] loss: 0.337 accuracy:85.188
[134,   400] loss: 0.338 accuracy:85.078
[134,   500] loss: 0.338 accuracy:85.088
[134,   600] loss: 0.338 accuracy:85.104
[134,   700] loss: 0.338 accuracy:85.062
test_accuracy is 86.020 after epochs 133

Epoch: 134
[135,   100] loss: 0.339 accuracy:84.797
[135,   200] loss: 0.332 accuracy:85.188
[135,   300] loss: 0.331 accuracy:85.177
[135,   400] loss: 0.329 accuracy:85.387
[135,   500] loss: 0.332 accuracy:85.209
[135,   600] loss: 0.333 accuracy:85.234
[135,   700] loss: 0.333 accuracy:85.221
test_accuracy is 87.050 after epochs 134
Saving..

Epoch: 135
[136,   100] loss: 0.332 accuracy:85.422
[136,   200] loss: 0.333 accuracy:85.375
[136,   300] loss: 0.330 accuracy:85.505
[136,   400] loss: 0.329 accuracy:85.508
[136,   500] loss: 0.331 accuracy:85.384
[136,   600] loss: 0.334 accuracy:85.174
[136,   700] loss: 0.335 accuracy:85.210
test_accuracy is 85.920 after epochs 135

Epoch: 136
[137,   100] loss: 0.332 accuracy:85.547
[137,   200] loss: 0.331 accuracy:85.602
[137,   300] loss: 0.329 accuracy:85.667
[137,   400] loss: 0.332 accuracy:85.504
[137,   500] loss: 0.332 accuracy:85.419
[137,   600] loss: 0.332 accuracy:85.438
[137,   700] loss: 0.332 accuracy:85.393
test_accuracy is 85.320 after epochs 136

Epoch: 137
[138,   100] loss: 0.329 accuracy:85.344
[138,   200] loss: 0.332 accuracy:85.227
[138,   300] loss: 0.329 accuracy:85.557
[138,   400] loss: 0.327 accuracy:85.699
[138,   500] loss: 0.326 accuracy:85.675
[138,   600] loss: 0.326 accuracy:85.714
[138,   700] loss: 0.326 accuracy:85.723
test_accuracy is 86.850 after epochs 137

Epoch: 138
[139,   100] loss: 0.332 accuracy:85.281
[139,   200] loss: 0.333 accuracy:85.227
[139,   300] loss: 0.333 accuracy:85.245
[139,   400] loss: 0.333 accuracy:85.230
[139,   500] loss: 0.331 accuracy:85.397
[139,   600] loss: 0.329 accuracy:85.542
[139,   700] loss: 0.329 accuracy:85.625
test_accuracy is 85.920 after epochs 138

Epoch: 139
[140,   100] loss: 0.318 accuracy:86.016
[140,   200] loss: 0.324 accuracy:85.695
[140,   300] loss: 0.322 accuracy:85.938
[140,   400] loss: 0.320 accuracy:86.004
[140,   500] loss: 0.320 accuracy:86.044
[140,   600] loss: 0.321 accuracy:86.026
[140,   700] loss: 0.322 accuracy:85.987
test_accuracy is 87.230 after epochs 139
Saving..

Epoch: 140
[141,   100] loss: 0.331 accuracy:85.125
[141,   200] loss: 0.324 accuracy:85.734
[141,   300] loss: 0.320 accuracy:85.849
[141,   400] loss: 0.320 accuracy:85.914
[141,   500] loss: 0.321 accuracy:85.938
[141,   600] loss: 0.322 accuracy:85.974
[141,   700] loss: 0.320 accuracy:86.058
test_accuracy is 87.060 after epochs 140

Epoch: 141
[142,   100] loss: 0.320 accuracy:85.906
[142,   200] loss: 0.319 accuracy:85.953
[142,   300] loss: 0.320 accuracy:85.995
[142,   400] loss: 0.319 accuracy:86.113
[142,   500] loss: 0.320 accuracy:86.097
[142,   600] loss: 0.319 accuracy:86.174
[142,   700] loss: 0.319 accuracy:86.152
test_accuracy is 87.380 after epochs 141
Saving..

Epoch: 142
[143,   100] loss: 0.324 accuracy:85.562
[143,   200] loss: 0.315 accuracy:86.336
[143,   300] loss: 0.314 accuracy:86.391
[143,   400] loss: 0.314 accuracy:86.406
[143,   500] loss: 0.316 accuracy:86.297
[143,   600] loss: 0.315 accuracy:86.406
[143,   700] loss: 0.315 accuracy:86.379
test_accuracy is 86.920 after epochs 142

Epoch: 143
[144,   100] loss: 0.317 accuracy:86.406
[144,   200] loss: 0.313 accuracy:86.562
[144,   300] loss: 0.317 accuracy:86.224
[144,   400] loss: 0.314 accuracy:86.363
[144,   500] loss: 0.314 accuracy:86.353
[144,   600] loss: 0.317 accuracy:86.195
[144,   700] loss: 0.317 accuracy:86.098
test_accuracy is 85.940 after epochs 143

Epoch: 144
[145,   100] loss: 0.319 accuracy:86.203
[145,   200] loss: 0.312 accuracy:86.602
[145,   300] loss: 0.310 accuracy:86.755
[145,   400] loss: 0.311 accuracy:86.645
[145,   500] loss: 0.311 accuracy:86.638
[145,   600] loss: 0.311 accuracy:86.651
[145,   700] loss: 0.311 accuracy:86.694
test_accuracy is 87.770 after epochs 144
Saving..

Epoch: 145
[146,   100] loss: 0.313 accuracy:86.578
[146,   200] loss: 0.310 accuracy:86.562
[146,   300] loss: 0.309 accuracy:86.688
[146,   400] loss: 0.309 accuracy:86.746
[146,   500] loss: 0.310 accuracy:86.713
[146,   600] loss: 0.312 accuracy:86.607
[146,   700] loss: 0.310 accuracy:86.699
test_accuracy is 87.360 after epochs 145

Epoch: 146
