000 (9125642.007.000) 02/11 00:03:25 Job submitted from host: <10.15.2.1:9618?PrivAddr=%3c172.22.0.101:9618%3fsock%3d2293896_6fb7_6%3e&PrivNet=internal.cluster.is.localnet&addrs=10.15.2.1-9618&noUDP&sock=2293896_6fb7_6>
...
001 (9125642.007.000) 02/11 01:46:53 Job executing on host: <172.22.2.65:9618?addrs=172.22.2.65-9618&noUDP&sock=22815_c553_3>
...
006 (9125642.007.000) 02/11 01:47:03 Image size of job updated: 44940
	22  -  MemoryUsage of job (MB)
	21708  -  ResidentSetSize of job (KB)
...
006 (9125642.007.000) 02/11 01:52:04 Image size of job updated: 2129668
	2057  -  MemoryUsage of job (MB)
	2105380  -  ResidentSetSize of job (KB)
...
006 (9125642.007.000) 02/11 01:57:04 Image size of job updated: 2130784
	2057  -  MemoryUsage of job (MB)
	2105572  -  ResidentSetSize of job (KB)
...
006 (9125642.007.000) 02/11 02:02:04 Image size of job updated: 2133548
	2057  -  MemoryUsage of job (MB)
	2105960  -  ResidentSetSize of job (KB)
...
006 (9125642.007.000) 02/11 02:07:05 Image size of job updated: 2133940
	2057  -  MemoryUsage of job (MB)
	2105960  -  ResidentSetSize of job (KB)
...
006 (9125642.007.000) 02/11 02:12:06 Image size of job updated: 2134020
	2057  -  MemoryUsage of job (MB)
	2106036  -  ResidentSetSize of job (KB)
...
006 (9125642.007.000) 02/11 02:37:08 Image size of job updated: 2142028
	2057  -  MemoryUsage of job (MB)
	2106036  -  ResidentSetSize of job (KB)
...
006 (9125642.007.000) 02/11 02:42:08 Image size of job updated: 2142440
	2057  -  MemoryUsage of job (MB)
	2106036  -  ResidentSetSize of job (KB)
...
006 (9125642.007.000) 02/11 02:47:09 Image size of job updated: 2142476
	2057  -  MemoryUsage of job (MB)
	2106036  -  ResidentSetSize of job (KB)
...
005 (9125642.007.000) 02/11 04:04:51 Job terminated.
	(1) Normal termination (return value 0)
		Usr 0 02:10:22, Sys 0 00:05:45  -  Run Remote Usage
		Usr 0 00:00:00, Sys 0 00:00:00  -  Run Local Usage
		Usr 0 02:10:22, Sys 0 00:05:45  -  Total Remote Usage
		Usr 0 00:00:00, Sys 0 00:00:00  -  Total Local Usage
	0  -  Run Bytes Sent By Job
	0  -  Run Bytes Received By Job
	0  -  Total Bytes Sent By Job
	0  -  Total Bytes Received By Job
	Partitionable Resources :    Usage  Request Allocated Assigned
	   Cpus                 :     1.00        1         1 
	   Disk (KB)            :     2           2    853458 
	   Gpus                 :                 1         1 "CUDA2"
	   Memory (MB)          :  2057       48000     48000 
...
