HXLN_LN_LSTM-default-data-Triangle-version-0-num_layers-4-num_templates-4-dropout-0.1-epochs-200-patch_size-4-num_heads-4-batch_size-64-lr-0.0001-128-128-2-2-True-6-True-True-10-True-64-False-1
transformer embed_dim 128
functional? False
total heads 4
head dim 32
use topk?True
topk:10
MEM SLOTS:64
Null attention:False
USING SHARED MEMORY ATTENTION +++++++++
input projector:128
5679108
Total number of parameters:5792264

Epoch: 0
[1,   100] loss: 0.737 accuracy:51.094
[1,   200] loss: 0.721 accuracy:51.125
[1,   300] loss: 0.716 accuracy:50.995
[1,   400] loss: 0.713 accuracy:50.836
[1,   500] loss: 0.710 accuracy:51.031
[1,   600] loss: 0.709 accuracy:50.966
[1,   700] loss: 0.707 accuracy:51.047
test_accuracy is 52.420 after epochs 0
Saving..

Epoch: 1
[2,   100] loss: 0.696 accuracy:51.781
[2,   200] loss: 0.694 accuracy:52.250
[2,   300] loss: 0.693 accuracy:53.016
[2,   400] loss: 0.693 accuracy:53.133
[2,   500] loss: 0.694 accuracy:52.894
[2,   600] loss: 0.693 accuracy:52.891
[2,   700] loss: 0.693 accuracy:53.121
test_accuracy is 52.130 after epochs 1

Epoch: 2
[3,   100] loss: 0.693 accuracy:53.219
[3,   200] loss: 0.690 accuracy:53.906
[3,   300] loss: 0.689 accuracy:54.167
[3,   400] loss: 0.689 accuracy:54.359
[3,   500] loss: 0.689 accuracy:54.272
[3,   600] loss: 0.689 accuracy:54.190
[3,   700] loss: 0.689 accuracy:54.138
test_accuracy is 54.080 after epochs 2
Saving..

Epoch: 3
[4,   100] loss: 0.684 accuracy:55.469
[4,   200] loss: 0.685 accuracy:54.867
[4,   300] loss: 0.684 accuracy:55.557
[4,   400] loss: 0.684 accuracy:55.523
[4,   500] loss: 0.684 accuracy:55.575
[4,   600] loss: 0.684 accuracy:55.549
[4,   700] loss: 0.685 accuracy:55.377
test_accuracy is 56.460 after epochs 3
Saving..

Epoch: 4
[5,   100] loss: 0.682 accuracy:56.578
[5,   200] loss: 0.679 accuracy:56.961
[5,   300] loss: 0.681 accuracy:56.505
[5,   400] loss: 0.682 accuracy:56.293
[5,   500] loss: 0.682 accuracy:56.156
[5,   600] loss: 0.682 accuracy:56.005
[5,   700] loss: 0.683 accuracy:55.908
test_accuracy is 55.730 after epochs 4

Epoch: 5
[6,   100] loss: 0.686 accuracy:55.203
[6,   200] loss: 0.687 accuracy:54.945
[6,   300] loss: 0.685 accuracy:55.417
[6,   400] loss: 0.684 accuracy:55.277
[6,   500] loss: 0.684 accuracy:55.350
[6,   600] loss: 0.684 accuracy:55.529
[6,   700] loss: 0.684 accuracy:55.596
test_accuracy is 56.650 after epochs 5
Saving..

Epoch: 6
[7,   100] loss: 0.678 accuracy:56.812
[7,   200] loss: 0.682 accuracy:55.711
[7,   300] loss: 0.683 accuracy:55.359
[7,   400] loss: 0.683 accuracy:55.562
[7,   500] loss: 0.683 accuracy:55.828
[7,   600] loss: 0.682 accuracy:55.891
[7,   700] loss: 0.681 accuracy:56.107
test_accuracy is 57.420 after epochs 6
Saving..

Epoch: 7
[8,   100] loss: 0.685 accuracy:55.984
[8,   200] loss: 0.684 accuracy:56.055
[8,   300] loss: 0.681 accuracy:56.438
[8,   400] loss: 0.682 accuracy:55.973
[8,   500] loss: 0.680 accuracy:56.237
[8,   600] loss: 0.681 accuracy:56.083
[8,   700] loss: 0.681 accuracy:56.060
test_accuracy is 56.320 after epochs 7

Epoch: 8
[9,   100] loss: 0.679 accuracy:56.750
[9,   200] loss: 0.679 accuracy:56.664
[9,   300] loss: 0.679 accuracy:56.812
[9,   400] loss: 0.679 accuracy:56.824
[9,   500] loss: 0.678 accuracy:57.022
[9,   600] loss: 0.679 accuracy:56.956
[9,   700] loss: 0.678 accuracy:57.069
test_accuracy is 56.630 after epochs 8

Epoch: 9
[10,   100] loss: 0.679 accuracy:55.438
[10,   200] loss: 0.680 accuracy:56.055
[10,   300] loss: 0.680 accuracy:55.953
[10,   400] loss: 0.681 accuracy:55.973
[10,   500] loss: 0.680 accuracy:56.328
[10,   600] loss: 0.680 accuracy:56.333
[10,   700] loss: 0.680 accuracy:56.208
test_accuracy is 56.400 after epochs 9

Epoch: 10
[11,   100] loss: 0.677 accuracy:57.078
[11,   200] loss: 0.678 accuracy:56.875
[11,   300] loss: 0.678 accuracy:56.922
[11,   400] loss: 0.678 accuracy:57.137
[11,   500] loss: 0.678 accuracy:57.144
[11,   600] loss: 0.678 accuracy:57.182
[11,   700] loss: 0.678 accuracy:57.214
test_accuracy is 57.560 after epochs 10
Saving..

Epoch: 11
[12,   100] loss: 0.676 accuracy:57.625
[12,   200] loss: 0.676 accuracy:57.375
[12,   300] loss: 0.676 accuracy:57.078
[12,   400] loss: 0.676 accuracy:57.098
[12,   500] loss: 0.676 accuracy:57.222
[12,   600] loss: 0.676 accuracy:57.299
[12,   700] loss: 0.676 accuracy:57.203
test_accuracy is 55.450 after epochs 11

Epoch: 12
[13,   100] loss: 0.677 accuracy:57.234
[13,   200] loss: 0.678 accuracy:56.836
[13,   300] loss: 0.678 accuracy:56.906
[13,   400] loss: 0.678 accuracy:56.852
[13,   500] loss: 0.678 accuracy:57.087
[13,   600] loss: 0.677 accuracy:57.346
[13,   700] loss: 0.677 accuracy:57.321
test_accuracy is 56.960 after epochs 12

Epoch: 13
[14,   100] loss: 0.672 accuracy:57.891
[14,   200] loss: 0.674 accuracy:57.125
[14,   300] loss: 0.675 accuracy:57.354
[14,   400] loss: 0.675 accuracy:57.301
[14,   500] loss: 0.675 accuracy:57.353
[14,   600] loss: 0.674 accuracy:57.542
[14,   700] loss: 0.674 accuracy:57.511
test_accuracy is 57.000 after epochs 13

Epoch: 14
[15,   100] loss: 0.672 accuracy:57.609
[15,   200] loss: 0.673 accuracy:57.844
[15,   300] loss: 0.673 accuracy:57.922
[15,   400] loss: 0.674 accuracy:57.680
[15,   500] loss: 0.674 accuracy:57.703
[15,   600] loss: 0.674 accuracy:57.820
[15,   700] loss: 0.674 accuracy:57.739
test_accuracy is 56.410 after epochs 14

Epoch: 15
[16,   100] loss: 0.674 accuracy:58.047
[16,   200] loss: 0.673 accuracy:58.133
[16,   300] loss: 0.673 accuracy:57.948
[16,   400] loss: 0.673 accuracy:58.016
[16,   500] loss: 0.672 accuracy:58.106
[16,   600] loss: 0.672 accuracy:58.096
[16,   700] loss: 0.672 accuracy:58.047
test_accuracy is 58.260 after epochs 15
Saving..

Epoch: 16
[17,   100] loss: 0.673 accuracy:58.219
[17,   200] loss: 0.673 accuracy:58.195
[17,   300] loss: 0.674 accuracy:58.151
[17,   400] loss: 0.674 accuracy:57.996
[17,   500] loss: 0.673 accuracy:58.025
[17,   600] loss: 0.673 accuracy:58.107
[17,   700] loss: 0.673 accuracy:58.167
test_accuracy is 58.260 after epochs 16

Epoch: 17
[18,   100] loss: 0.672 accuracy:57.703
[18,   200] loss: 0.672 accuracy:58.000
[18,   300] loss: 0.671 accuracy:57.844
[18,   400] loss: 0.672 accuracy:58.008
[18,   500] loss: 0.672 accuracy:58.081
[18,   600] loss: 0.672 accuracy:58.148
[18,   700] loss: 0.672 accuracy:58.060
test_accuracy is 58.680 after epochs 17
Saving..

Epoch: 18
[19,   100] loss: 0.669 accuracy:58.500
[19,   200] loss: 0.670 accuracy:57.938
[19,   300] loss: 0.672 accuracy:57.865
[19,   400] loss: 0.673 accuracy:57.652
[19,   500] loss: 0.673 accuracy:57.778
[19,   600] loss: 0.672 accuracy:57.906
[19,   700] loss: 0.673 accuracy:57.728
test_accuracy is 56.950 after epochs 18

Epoch: 19
[20,   100] loss: 0.671 accuracy:58.141
[20,   200] loss: 0.670 accuracy:58.609
[20,   300] loss: 0.672 accuracy:58.604
[20,   400] loss: 0.673 accuracy:58.133
[20,   500] loss: 0.673 accuracy:58.078
[20,   600] loss: 0.673 accuracy:58.076
[20,   700] loss: 0.673 accuracy:58.103
test_accuracy is 58.670 after epochs 19

Epoch: 20
[21,   100] loss: 0.675 accuracy:57.516
[21,   200] loss: 0.675 accuracy:57.609
[21,   300] loss: 0.672 accuracy:58.057
[21,   400] loss: 0.671 accuracy:58.125
[21,   500] loss: 0.672 accuracy:58.219
[21,   600] loss: 0.672 accuracy:58.154
[21,   700] loss: 0.672 accuracy:58.107
test_accuracy is 57.750 after epochs 20

Epoch: 21
[22,   100] loss: 0.672 accuracy:57.938
[22,   200] loss: 0.671 accuracy:58.258
[22,   300] loss: 0.671 accuracy:58.375
[22,   400] loss: 0.672 accuracy:58.289
[22,   500] loss: 0.671 accuracy:58.400
[22,   600] loss: 0.671 accuracy:58.255
[22,   700] loss: 0.671 accuracy:58.388
test_accuracy is 58.330 after epochs 21

Epoch: 22
[23,   100] loss: 0.672 accuracy:57.625
[23,   200] loss: 0.673 accuracy:57.867
[23,   300] loss: 0.671 accuracy:58.302
[23,   400] loss: 0.671 accuracy:58.422
[23,   500] loss: 0.672 accuracy:58.259
[23,   600] loss: 0.671 accuracy:58.388
[23,   700] loss: 0.671 accuracy:58.462
test_accuracy is 57.600 after epochs 22

Epoch: 23
[24,   100] loss: 0.669 accuracy:58.984
[24,   200] loss: 0.669 accuracy:58.773
[24,   300] loss: 0.669 accuracy:59.099
[24,   400] loss: 0.669 accuracy:58.848
[24,   500] loss: 0.670 accuracy:58.756
[24,   600] loss: 0.669 accuracy:58.826
[24,   700] loss: 0.670 accuracy:58.799
test_accuracy is 57.750 after epochs 23

Epoch: 24
[25,   100] loss: 0.668 accuracy:58.688
[25,   200] loss: 0.669 accuracy:58.555
[25,   300] loss: 0.668 accuracy:58.812
[25,   400] loss: 0.669 accuracy:58.594
[25,   500] loss: 0.669 accuracy:58.509
[25,   600] loss: 0.670 accuracy:58.411
[25,   700] loss: 0.670 accuracy:58.373
test_accuracy is 58.100 after epochs 24

Epoch: 25
[26,   100] loss: 0.665 accuracy:59.766
[26,   200] loss: 0.669 accuracy:58.609
[26,   300] loss: 0.670 accuracy:58.615
[26,   400] loss: 0.669 accuracy:58.699
[26,   500] loss: 0.670 accuracy:58.544
[26,   600] loss: 0.670 accuracy:58.544
[26,   700] loss: 0.670 accuracy:58.516
test_accuracy is 59.490 after epochs 25
Saving..

Epoch: 26
[27,   100] loss: 0.664 accuracy:59.609
[27,   200] loss: 0.665 accuracy:59.453
[27,   300] loss: 0.668 accuracy:59.057
[27,   400] loss: 0.667 accuracy:59.141
[27,   500] loss: 0.668 accuracy:59.062
[27,   600] loss: 0.668 accuracy:59.062
[27,   700] loss: 0.668 accuracy:59.016
test_accuracy is 59.360 after epochs 26

Epoch: 27
[28,   100] loss: 0.664 accuracy:59.625
[28,   200] loss: 0.666 accuracy:59.219
[28,   300] loss: 0.666 accuracy:59.115
[28,   400] loss: 0.667 accuracy:58.742
[28,   500] loss: 0.667 accuracy:58.628
[28,   600] loss: 0.667 accuracy:58.768
[28,   700] loss: 0.668 accuracy:58.777
test_accuracy is 58.700 after epochs 27

Epoch: 28
[29,   100] loss: 0.669 accuracy:58.297
[29,   200] loss: 0.670 accuracy:58.383
[29,   300] loss: 0.669 accuracy:58.490
[29,   400] loss: 0.670 accuracy:58.328
[29,   500] loss: 0.669 accuracy:58.453
[29,   600] loss: 0.670 accuracy:58.482
[29,   700] loss: 0.670 accuracy:58.431
test_accuracy is 59.550 after epochs 28
Saving..

Epoch: 29
[30,   100] loss: 0.675 accuracy:57.078
[30,   200] loss: 0.671 accuracy:57.477
[30,   300] loss: 0.671 accuracy:57.354
[30,   400] loss: 0.670 accuracy:57.766
[30,   500] loss: 0.669 accuracy:58.119
[30,   600] loss: 0.669 accuracy:58.292
[30,   700] loss: 0.669 accuracy:58.192
test_accuracy is 59.190 after epochs 29

Epoch: 30
[31,   100] loss: 0.668 accuracy:58.250
[31,   200] loss: 0.663 accuracy:58.766
[31,   300] loss: 0.664 accuracy:58.854
[31,   400] loss: 0.664 accuracy:58.855
[31,   500] loss: 0.665 accuracy:58.934
[31,   600] loss: 0.665 accuracy:58.906
[31,   700] loss: 0.666 accuracy:58.875
test_accuracy is 58.130 after epochs 30

Epoch: 31
[32,   100] loss: 0.661 accuracy:59.188
[32,   200] loss: 0.663 accuracy:58.812
[32,   300] loss: 0.663 accuracy:59.146
[32,   400] loss: 0.662 accuracy:59.477
[32,   500] loss: 0.664 accuracy:59.341
[32,   600] loss: 0.664 accuracy:59.286
[32,   700] loss: 0.664 accuracy:59.188
test_accuracy is 60.230 after epochs 31
Saving..

Epoch: 32
[33,   100] loss: 0.663 accuracy:59.641
[33,   200] loss: 0.664 accuracy:59.141
[33,   300] loss: 0.664 accuracy:59.323
[33,   400] loss: 0.665 accuracy:59.250
[33,   500] loss: 0.665 accuracy:59.291
[33,   600] loss: 0.665 accuracy:59.263
[33,   700] loss: 0.664 accuracy:59.324
test_accuracy is 58.580 after epochs 32

Epoch: 33
[34,   100] loss: 0.661 accuracy:59.531
[34,   200] loss: 0.660 accuracy:60.086
[34,   300] loss: 0.660 accuracy:60.016
[34,   400] loss: 0.660 accuracy:60.133
[34,   500] loss: 0.661 accuracy:59.900
[34,   600] loss: 0.661 accuracy:59.792
[34,   700] loss: 0.662 accuracy:59.580
test_accuracy is 59.420 after epochs 33

Epoch: 34
[35,   100] loss: 0.665 accuracy:59.250
[35,   200] loss: 0.666 accuracy:59.141
[35,   300] loss: 0.665 accuracy:59.240
[35,   400] loss: 0.664 accuracy:59.109
[35,   500] loss: 0.664 accuracy:59.175
[35,   600] loss: 0.664 accuracy:59.193
[35,   700] loss: 0.663 accuracy:59.246
test_accuracy is 59.770 after epochs 34

Epoch: 35
[36,   100] loss: 0.662 accuracy:59.828
[36,   200] loss: 0.663 accuracy:59.766
[36,   300] loss: 0.661 accuracy:59.854
[36,   400] loss: 0.661 accuracy:59.605
[36,   500] loss: 0.661 accuracy:59.684
[36,   600] loss: 0.659 accuracy:59.932
[36,   700] loss: 0.659 accuracy:59.917
test_accuracy is 59.390 after epochs 35

Epoch: 36
[37,   100] loss: 0.666 accuracy:58.969
[37,   200] loss: 0.663 accuracy:59.102
[37,   300] loss: 0.665 accuracy:59.073
[37,   400] loss: 0.665 accuracy:59.125
[37,   500] loss: 0.663 accuracy:59.278
[37,   600] loss: 0.662 accuracy:59.372
[37,   700] loss: 0.661 accuracy:59.500
test_accuracy is 59.410 after epochs 36

Epoch: 37
[38,   100] loss: 0.663 accuracy:59.703
[38,   200] loss: 0.662 accuracy:59.367
[38,   300] loss: 0.662 accuracy:59.422
[38,   400] loss: 0.660 accuracy:59.547
[38,   500] loss: 0.661 accuracy:59.413
[38,   600] loss: 0.660 accuracy:59.445
[38,   700] loss: 0.661 accuracy:59.366
test_accuracy is 60.360 after epochs 37
Saving..

Epoch: 38
[39,   100] loss: 0.658 accuracy:59.891
[39,   200] loss: 0.658 accuracy:60.344
[39,   300] loss: 0.656 accuracy:60.464
[39,   400] loss: 0.658 accuracy:60.070
[39,   500] loss: 0.660 accuracy:59.856
[39,   600] loss: 0.659 accuracy:59.833
[39,   700] loss: 0.659 accuracy:59.884
test_accuracy is 59.870 after epochs 38

Epoch: 39
[40,   100] loss: 0.661 accuracy:59.094
[40,   200] loss: 0.658 accuracy:59.578
[40,   300] loss: 0.656 accuracy:60.078
[40,   400] loss: 0.657 accuracy:60.305
[40,   500] loss: 0.658 accuracy:60.131
[40,   600] loss: 0.658 accuracy:60.005
[40,   700] loss: 0.659 accuracy:59.815
test_accuracy is 60.680 after epochs 39
Saving..

Epoch: 40
[41,   100] loss: 0.659 accuracy:60.375
[41,   200] loss: 0.657 accuracy:60.758
[41,   300] loss: 0.656 accuracy:60.703
[41,   400] loss: 0.656 accuracy:60.336
[41,   500] loss: 0.657 accuracy:60.122
[41,   600] loss: 0.657 accuracy:60.188
[41,   700] loss: 0.657 accuracy:60.176
test_accuracy is 60.000 after epochs 40

Epoch: 41
[42,   100] loss: 0.656 accuracy:60.203
[42,   200] loss: 0.659 accuracy:59.828
[42,   300] loss: 0.659 accuracy:59.818
[42,   400] loss: 0.657 accuracy:60.066
[42,   500] loss: 0.656 accuracy:60.153
[42,   600] loss: 0.657 accuracy:60.010
[42,   700] loss: 0.658 accuracy:59.757
test_accuracy is 60.330 after epochs 41

Epoch: 42
[43,   100] loss: 0.659 accuracy:59.453
[43,   200] loss: 0.660 accuracy:59.297
[43,   300] loss: 0.658 accuracy:59.781
[43,   400] loss: 0.656 accuracy:60.184
[43,   500] loss: 0.656 accuracy:60.122
[43,   600] loss: 0.655 accuracy:60.174
[43,   700] loss: 0.656 accuracy:60.201
test_accuracy is 58.790 after epochs 42

Epoch: 43
[44,   100] loss: 0.664 accuracy:58.797
[44,   200] loss: 0.657 accuracy:59.930
[44,   300] loss: 0.655 accuracy:60.073
[44,   400] loss: 0.654 accuracy:60.168
[44,   500] loss: 0.654 accuracy:59.997
[44,   600] loss: 0.655 accuracy:59.997
[44,   700] loss: 0.655 accuracy:59.958
test_accuracy is 58.420 after epochs 43

Epoch: 44
[45,   100] loss: 0.657 accuracy:59.375
[45,   200] loss: 0.655 accuracy:60.109
[45,   300] loss: 0.654 accuracy:60.292
[45,   400] loss: 0.652 accuracy:60.594
[45,   500] loss: 0.652 accuracy:60.694
[45,   600] loss: 0.652 accuracy:60.659
[45,   700] loss: 0.652 accuracy:60.603
test_accuracy is 60.160 after epochs 44

Epoch: 45
[46,   100] loss: 0.661 accuracy:59.766
[46,   200] loss: 0.655 accuracy:60.445
[46,   300] loss: 0.655 accuracy:60.604
[46,   400] loss: 0.654 accuracy:60.715
[46,   500] loss: 0.655 accuracy:60.456
[46,   600] loss: 0.654 accuracy:60.560
[46,   700] loss: 0.653 accuracy:60.625
test_accuracy is 61.040 after epochs 45
Saving..

Epoch: 46
[47,   100] loss: 0.653 accuracy:60.312
[47,   200] loss: 0.651 accuracy:60.938
[47,   300] loss: 0.651 accuracy:60.620
[47,   400] loss: 0.650 accuracy:60.574
[47,   500] loss: 0.649 accuracy:60.625
[47,   600] loss: 0.650 accuracy:60.625
[47,   700] loss: 0.650 accuracy:60.638
test_accuracy is 61.660 after epochs 46
Saving..

Epoch: 47
[48,   100] loss: 0.653 accuracy:59.875
[48,   200] loss: 0.653 accuracy:60.352
[48,   300] loss: 0.652 accuracy:60.495
[48,   400] loss: 0.652 accuracy:60.480
[48,   500] loss: 0.652 accuracy:60.506
[48,   600] loss: 0.651 accuracy:60.755
[48,   700] loss: 0.651 accuracy:60.806
test_accuracy is 61.430 after epochs 47

Epoch: 48
[49,   100] loss: 0.647 accuracy:61.359
[49,   200] loss: 0.650 accuracy:60.781
[49,   300] loss: 0.651 accuracy:60.500
[49,   400] loss: 0.650 accuracy:60.754
[49,   500] loss: 0.649 accuracy:60.822
[49,   600] loss: 0.649 accuracy:60.938
[49,   700] loss: 0.649 accuracy:61.002
test_accuracy is 61.360 after epochs 48

Epoch: 49
[50,   100] loss: 0.650 accuracy:60.938
[50,   200] loss: 0.649 accuracy:60.727
[50,   300] loss: 0.652 accuracy:60.359
[50,   400] loss: 0.651 accuracy:60.258
[50,   500] loss: 0.652 accuracy:60.231
[50,   600] loss: 0.651 accuracy:60.286
[50,   700] loss: 0.651 accuracy:60.377
test_accuracy is 60.410 after epochs 49

Epoch: 50
[51,   100] loss: 0.651 accuracy:60.625
[51,   200] loss: 0.649 accuracy:60.922
[51,   300] loss: 0.650 accuracy:60.880
[51,   400] loss: 0.649 accuracy:60.922
[51,   500] loss: 0.651 accuracy:60.688
[51,   600] loss: 0.651 accuracy:60.732
[51,   700] loss: 0.650 accuracy:60.779
test_accuracy is 60.910 after epochs 50

Epoch: 51
[52,   100] loss: 0.642 accuracy:61.359
[52,   200] loss: 0.644 accuracy:61.289
[52,   300] loss: 0.644 accuracy:61.432
[52,   400] loss: 0.644 accuracy:61.465
[52,   500] loss: 0.645 accuracy:61.341
[52,   600] loss: 0.645 accuracy:61.193
[52,   700] loss: 0.647 accuracy:61.047
test_accuracy is 60.440 after epochs 51

Epoch: 52
[53,   100] loss: 0.656 accuracy:59.578
[53,   200] loss: 0.652 accuracy:60.320
[53,   300] loss: 0.650 accuracy:60.661
[53,   400] loss: 0.650 accuracy:60.398
[53,   500] loss: 0.651 accuracy:60.294
[53,   600] loss: 0.650 accuracy:60.378
[53,   700] loss: 0.649 accuracy:60.513
test_accuracy is 60.500 after epochs 52

Epoch: 53
[54,   100] loss: 0.647 accuracy:61.047
[54,   200] loss: 0.648 accuracy:61.039
[54,   300] loss: 0.646 accuracy:61.182
[54,   400] loss: 0.646 accuracy:61.363
[54,   500] loss: 0.645 accuracy:61.366
[54,   600] loss: 0.645 accuracy:61.229
[54,   700] loss: 0.646 accuracy:61.029
test_accuracy is 61.100 after epochs 53

Epoch: 54
[55,   100] loss: 0.643 accuracy:61.562
[55,   200] loss: 0.649 accuracy:60.266
[55,   300] loss: 0.647 accuracy:60.375
[55,   400] loss: 0.648 accuracy:60.383
[55,   500] loss: 0.648 accuracy:60.459
[55,   600] loss: 0.648 accuracy:60.578
[55,   700] loss: 0.647 accuracy:60.712
test_accuracy is 61.750 after epochs 54
Saving..

Epoch: 55
[56,   100] loss: 0.641 accuracy:61.609
[56,   200] loss: 0.642 accuracy:61.375
[56,   300] loss: 0.643 accuracy:61.177
[56,   400] loss: 0.643 accuracy:61.230
[56,   500] loss: 0.643 accuracy:61.156
[56,   600] loss: 0.644 accuracy:60.958
[56,   700] loss: 0.644 accuracy:61.074
test_accuracy is 61.170 after epochs 55

Epoch: 56
[57,   100] loss: 0.642 accuracy:61.797
[57,   200] loss: 0.644 accuracy:61.258
[57,   300] loss: 0.644 accuracy:61.370
[57,   400] loss: 0.644 accuracy:61.340
[57,   500] loss: 0.644 accuracy:61.288
[57,   600] loss: 0.643 accuracy:61.203
[57,   700] loss: 0.643 accuracy:61.114
test_accuracy is 60.280 after epochs 56

Epoch: 57
[58,   100] loss: 0.638 accuracy:61.859
[58,   200] loss: 0.643 accuracy:61.469
[58,   300] loss: 0.640 accuracy:61.906
[58,   400] loss: 0.640 accuracy:61.879
[58,   500] loss: 0.640 accuracy:61.959
[58,   600] loss: 0.640 accuracy:61.865
[58,   700] loss: 0.640 accuracy:61.708
test_accuracy is 62.010 after epochs 57
Saving..

Epoch: 58
[59,   100] loss: 0.641 accuracy:61.672
[59,   200] loss: 0.639 accuracy:61.812
[59,   300] loss: 0.640 accuracy:61.870
[59,   400] loss: 0.640 accuracy:61.734
[59,   500] loss: 0.640 accuracy:61.631
[59,   600] loss: 0.640 accuracy:61.622
[59,   700] loss: 0.640 accuracy:61.583
test_accuracy is 62.500 after epochs 58
Saving..

Epoch: 59
[60,   100] loss: 0.642 accuracy:61.562
[60,   200] loss: 0.637 accuracy:61.969
[60,   300] loss: 0.637 accuracy:62.031
[60,   400] loss: 0.637 accuracy:62.047
[60,   500] loss: 0.638 accuracy:62.019
[60,   600] loss: 0.638 accuracy:62.021
[60,   700] loss: 0.639 accuracy:61.886
test_accuracy is 62.400 after epochs 59

Epoch: 60
[61,   100] loss: 0.638 accuracy:60.984
[61,   200] loss: 0.639 accuracy:61.328
[61,   300] loss: 0.640 accuracy:61.443
[61,   400] loss: 0.639 accuracy:61.348
[61,   500] loss: 0.639 accuracy:61.337
[61,   600] loss: 0.639 accuracy:61.344
[61,   700] loss: 0.640 accuracy:61.266
test_accuracy is 61.940 after epochs 60

Epoch: 61
[62,   100] loss: 0.635 accuracy:62.234
[62,   200] loss: 0.638 accuracy:62.109
[62,   300] loss: 0.637 accuracy:62.120
[62,   400] loss: 0.636 accuracy:61.945
[62,   500] loss: 0.636 accuracy:62.150
[62,   600] loss: 0.635 accuracy:62.229
[62,   700] loss: 0.636 accuracy:62.078
test_accuracy is 62.710 after epochs 61
Saving..

Epoch: 62
[63,   100] loss: 0.637 accuracy:61.578
[63,   200] loss: 0.637 accuracy:61.055
[63,   300] loss: 0.640 accuracy:60.927
[63,   400] loss: 0.639 accuracy:61.004
[63,   500] loss: 0.638 accuracy:61.053
[63,   600] loss: 0.637 accuracy:61.263
[63,   700] loss: 0.636 accuracy:61.520
test_accuracy is 61.060 after epochs 62

Epoch: 63
[64,   100] loss: 0.637 accuracy:61.328
[64,   200] loss: 0.636 accuracy:61.617
[64,   300] loss: 0.635 accuracy:61.932
[64,   400] loss: 0.635 accuracy:61.820
[64,   500] loss: 0.633 accuracy:61.966
[64,   600] loss: 0.633 accuracy:61.932
[64,   700] loss: 0.633 accuracy:61.904
test_accuracy is 62.450 after epochs 63

Epoch: 64
[65,   100] loss: 0.638 accuracy:61.438
[65,   200] loss: 0.634 accuracy:62.172
[65,   300] loss: 0.633 accuracy:62.016
[65,   400] loss: 0.632 accuracy:62.148
[65,   500] loss: 0.633 accuracy:61.956
[65,   600] loss: 0.633 accuracy:61.995
[65,   700] loss: 0.634 accuracy:61.935
test_accuracy is 61.670 after epochs 64

Epoch: 65
[66,   100] loss: 0.635 accuracy:62.219
[66,   200] loss: 0.635 accuracy:61.703
[66,   300] loss: 0.634 accuracy:61.609
[66,   400] loss: 0.634 accuracy:61.637
[66,   500] loss: 0.634 accuracy:61.484
[66,   600] loss: 0.633 accuracy:61.638
[66,   700] loss: 0.633 accuracy:61.672
test_accuracy is 61.770 after epochs 65

Epoch: 66
[67,   100] loss: 0.630 accuracy:62.859
[67,   200] loss: 0.630 accuracy:62.430
[67,   300] loss: 0.629 accuracy:62.302
[67,   400] loss: 0.629 accuracy:62.227
[67,   500] loss: 0.628 accuracy:62.375
[67,   600] loss: 0.628 accuracy:62.401
[67,   700] loss: 0.629 accuracy:62.321
test_accuracy is 62.960 after epochs 66
Saving..

Epoch: 67
[68,   100] loss: 0.628 accuracy:62.344
[68,   200] loss: 0.627 accuracy:62.734
[68,   300] loss: 0.627 accuracy:62.547
[68,   400] loss: 0.628 accuracy:62.547
[68,   500] loss: 0.628 accuracy:62.550
[68,   600] loss: 0.628 accuracy:62.680
[68,   700] loss: 0.628 accuracy:62.623
test_accuracy is 62.490 after epochs 67

Epoch: 68
[69,   100] loss: 0.619 accuracy:63.578
[69,   200] loss: 0.621 accuracy:63.242
[69,   300] loss: 0.623 accuracy:63.130
[69,   400] loss: 0.623 accuracy:63.133
[69,   500] loss: 0.622 accuracy:63.119
[69,   600] loss: 0.623 accuracy:63.042
[69,   700] loss: 0.622 accuracy:63.100
test_accuracy is 63.160 after epochs 68
Saving..

Epoch: 69
[70,   100] loss: 0.624 accuracy:63.328
[70,   200] loss: 0.623 accuracy:63.469
[70,   300] loss: 0.620 accuracy:63.500
[70,   400] loss: 0.619 accuracy:63.664
[70,   500] loss: 0.620 accuracy:63.375
[70,   600] loss: 0.621 accuracy:63.320
[70,   700] loss: 0.622 accuracy:63.161
test_accuracy is 64.420 after epochs 69
Saving..

Epoch: 70
[71,   100] loss: 0.625 accuracy:63.016
[71,   200] loss: 0.619 accuracy:63.430
[71,   300] loss: 0.619 accuracy:63.516
[71,   400] loss: 0.617 accuracy:63.598
[71,   500] loss: 0.618 accuracy:63.428
[71,   600] loss: 0.618 accuracy:63.503
[71,   700] loss: 0.618 accuracy:63.435
test_accuracy is 62.740 after epochs 70

Epoch: 71
[72,   100] loss: 0.614 accuracy:63.672
[72,   200] loss: 0.617 accuracy:63.422
[72,   300] loss: 0.615 accuracy:63.750
[72,   400] loss: 0.615 accuracy:63.848
[72,   500] loss: 0.614 accuracy:63.788
[72,   600] loss: 0.612 accuracy:64.039
[72,   700] loss: 0.613 accuracy:63.971
test_accuracy is 63.800 after epochs 71

Epoch: 72
[73,   100] loss: 0.615 accuracy:63.641
[73,   200] loss: 0.614 accuracy:63.484
[73,   300] loss: 0.614 accuracy:63.604
[73,   400] loss: 0.613 accuracy:63.742
[73,   500] loss: 0.615 accuracy:63.494
[73,   600] loss: 0.615 accuracy:63.497
[73,   700] loss: 0.614 accuracy:63.676
test_accuracy is 63.140 after epochs 72

Epoch: 73
[74,   100] loss: 0.615 accuracy:64.078
[74,   200] loss: 0.616 accuracy:64.023
[74,   300] loss: 0.614 accuracy:64.109
[74,   400] loss: 0.613 accuracy:64.195
[74,   500] loss: 0.613 accuracy:64.300
[74,   600] loss: 0.612 accuracy:64.367
[74,   700] loss: 0.612 accuracy:64.368
test_accuracy is 64.060 after epochs 73

Epoch: 74
[75,   100] loss: 0.601 accuracy:66.344
[75,   200] loss: 0.604 accuracy:65.617
[75,   300] loss: 0.605 accuracy:65.266
[75,   400] loss: 0.604 accuracy:65.203
[75,   500] loss: 0.604 accuracy:65.078
[75,   600] loss: 0.605 accuracy:64.919
[75,   700] loss: 0.604 accuracy:65.007
test_accuracy is 65.580 after epochs 74
Saving..

Epoch: 75
[76,   100] loss: 0.605 accuracy:64.734
[76,   200] loss: 0.607 accuracy:64.766
[76,   300] loss: 0.605 accuracy:64.953
[76,   400] loss: 0.603 accuracy:65.113
[76,   500] loss: 0.603 accuracy:65.097
[76,   600] loss: 0.604 accuracy:65.062
[76,   700] loss: 0.602 accuracy:65.297
test_accuracy is 66.170 after epochs 75
Saving..

Epoch: 76
[77,   100] loss: 0.606 accuracy:64.922
[77,   200] loss: 0.599 accuracy:65.203
[77,   300] loss: 0.597 accuracy:65.417
[77,   400] loss: 0.597 accuracy:65.414
[77,   500] loss: 0.598 accuracy:65.409
[77,   600] loss: 0.598 accuracy:65.404
[77,   700] loss: 0.598 accuracy:65.411
test_accuracy is 66.220 after epochs 76
Saving..

Epoch: 77
[78,   100] loss: 0.599 accuracy:65.781
[78,   200] loss: 0.599 accuracy:65.672
[78,   300] loss: 0.597 accuracy:65.943
[78,   400] loss: 0.596 accuracy:65.938
[78,   500] loss: 0.594 accuracy:66.047
[78,   600] loss: 0.594 accuracy:66.049
[78,   700] loss: 0.594 accuracy:66.161
test_accuracy is 67.120 after epochs 77
Saving..

Epoch: 78
[79,   100] loss: 0.587 accuracy:66.719
[79,   200] loss: 0.585 accuracy:67.109
[79,   300] loss: 0.584 accuracy:67.318
[79,   400] loss: 0.585 accuracy:67.078
[79,   500] loss: 0.585 accuracy:67.122
[79,   600] loss: 0.585 accuracy:67.081
[79,   700] loss: 0.586 accuracy:66.949
test_accuracy is 65.040 after epochs 78

Epoch: 79
[80,   100] loss: 0.581 accuracy:66.984
[80,   200] loss: 0.583 accuracy:67.195
[80,   300] loss: 0.584 accuracy:66.891
[80,   400] loss: 0.582 accuracy:67.059
[80,   500] loss: 0.585 accuracy:66.803
[80,   600] loss: 0.584 accuracy:66.904
[80,   700] loss: 0.584 accuracy:66.888
test_accuracy is 66.740 after epochs 79

Epoch: 80
[81,   100] loss: 0.581 accuracy:67.359
[81,   200] loss: 0.578 accuracy:67.250
[81,   300] loss: 0.577 accuracy:67.599
[81,   400] loss: 0.577 accuracy:67.699
[81,   500] loss: 0.575 accuracy:67.809
[81,   600] loss: 0.575 accuracy:67.904
[81,   700] loss: 0.576 accuracy:67.821
test_accuracy is 69.270 after epochs 80
Saving..

Epoch: 81
[82,   100] loss: 0.566 accuracy:68.922
[82,   200] loss: 0.572 accuracy:68.383
[82,   300] loss: 0.564 accuracy:69.047
[82,   400] loss: 0.564 accuracy:69.113
[82,   500] loss: 0.565 accuracy:69.106
[82,   600] loss: 0.567 accuracy:68.945
[82,   700] loss: 0.568 accuracy:68.821
test_accuracy is 67.940 after epochs 81

Epoch: 82
[83,   100] loss: 0.567 accuracy:68.547
[83,   200] loss: 0.563 accuracy:68.867
[83,   300] loss: 0.559 accuracy:69.333
[83,   400] loss: 0.561 accuracy:69.180
[83,   500] loss: 0.559 accuracy:69.409
[83,   600] loss: 0.557 accuracy:69.542
[83,   700] loss: 0.557 accuracy:69.647
test_accuracy is 69.630 after epochs 82
Saving..

Epoch: 83
[84,   100] loss: 0.550 accuracy:70.766
[84,   200] loss: 0.552 accuracy:70.531
[84,   300] loss: 0.549 accuracy:70.641
[84,   400] loss: 0.551 accuracy:70.254
[84,   500] loss: 0.550 accuracy:70.291
[84,   600] loss: 0.549 accuracy:70.422
[84,   700] loss: 0.546 accuracy:70.643
test_accuracy is 73.240 after epochs 83
Saving..

Epoch: 84
[85,   100] loss: 0.534 accuracy:71.406
[85,   200] loss: 0.541 accuracy:70.945
[85,   300] loss: 0.539 accuracy:71.161
[85,   400] loss: 0.540 accuracy:70.969
[85,   500] loss: 0.539 accuracy:71.116
[85,   600] loss: 0.539 accuracy:71.065
[85,   700] loss: 0.538 accuracy:71.098
test_accuracy is 71.650 after epochs 84

Epoch: 85
[86,   100] loss: 0.534 accuracy:71.625
[86,   200] loss: 0.539 accuracy:71.148
[86,   300] loss: 0.541 accuracy:71.078
[86,   400] loss: 0.539 accuracy:71.191
[86,   500] loss: 0.538 accuracy:71.441
[86,   600] loss: 0.540 accuracy:71.190
[86,   700] loss: 0.540 accuracy:71.254
test_accuracy is 73.040 after epochs 85

Epoch: 86
[87,   100] loss: 0.542 accuracy:70.719
[87,   200] loss: 0.540 accuracy:70.883
[87,   300] loss: 0.535 accuracy:71.385
[87,   400] loss: 0.533 accuracy:71.508
[87,   500] loss: 0.532 accuracy:71.591
[87,   600] loss: 0.532 accuracy:71.674
[87,   700] loss: 0.531 accuracy:71.748
test_accuracy is 72.350 after epochs 86

Epoch: 87
[88,   100] loss: 0.533 accuracy:71.594
[88,   200] loss: 0.530 accuracy:71.961
[88,   300] loss: 0.527 accuracy:71.953
[88,   400] loss: 0.528 accuracy:71.875
[88,   500] loss: 0.527 accuracy:71.950
[88,   600] loss: 0.528 accuracy:71.849
[88,   700] loss: 0.526 accuracy:72.098
test_accuracy is 73.460 after epochs 87
Saving..

Epoch: 88
[89,   100] loss: 0.505 accuracy:74.297
[89,   200] loss: 0.514 accuracy:73.367
[89,   300] loss: 0.516 accuracy:73.193
[89,   400] loss: 0.515 accuracy:73.191
[89,   500] loss: 0.514 accuracy:73.250
[89,   600] loss: 0.514 accuracy:73.224
[89,   700] loss: 0.516 accuracy:73.076
test_accuracy is 74.880 after epochs 88
Saving..

Epoch: 89
[90,   100] loss: 0.510 accuracy:73.062
[90,   200] loss: 0.517 accuracy:72.891
[90,   300] loss: 0.520 accuracy:72.854
[90,   400] loss: 0.519 accuracy:72.910
[90,   500] loss: 0.518 accuracy:73.078
[90,   600] loss: 0.515 accuracy:73.193
[90,   700] loss: 0.516 accuracy:73.067
test_accuracy is 75.000 after epochs 89
Saving..

Epoch: 90
[91,   100] loss: 0.508 accuracy:73.156
[91,   200] loss: 0.508 accuracy:73.180
[91,   300] loss: 0.506 accuracy:73.438
[91,   400] loss: 0.510 accuracy:73.238
[91,   500] loss: 0.510 accuracy:73.372
[91,   600] loss: 0.510 accuracy:73.359
[91,   700] loss: 0.508 accuracy:73.531
test_accuracy is 73.530 after epochs 90

Epoch: 91
[92,   100] loss: 0.505 accuracy:73.828
[92,   200] loss: 0.505 accuracy:73.602
[92,   300] loss: 0.502 accuracy:74.016
[92,   400] loss: 0.500 accuracy:74.062
[92,   500] loss: 0.498 accuracy:74.119
[92,   600] loss: 0.499 accuracy:74.133
[92,   700] loss: 0.498 accuracy:74.205
test_accuracy is 76.500 after epochs 91
Saving..

Epoch: 92
[93,   100] loss: 0.505 accuracy:74.031
[93,   200] loss: 0.505 accuracy:74.219
[93,   300] loss: 0.498 accuracy:74.469
[93,   400] loss: 0.501 accuracy:74.113
[93,   500] loss: 0.499 accuracy:74.431
[93,   600] loss: 0.497 accuracy:74.536
[93,   700] loss: 0.498 accuracy:74.491
test_accuracy is 75.460 after epochs 92

Epoch: 93
[94,   100] loss: 0.496 accuracy:74.172
[94,   200] loss: 0.499 accuracy:74.359
[94,   300] loss: 0.493 accuracy:74.896
[94,   400] loss: 0.491 accuracy:74.859
[94,   500] loss: 0.492 accuracy:74.822
[94,   600] loss: 0.492 accuracy:74.768
[94,   700] loss: 0.491 accuracy:74.944
test_accuracy is 77.470 after epochs 93
Saving..

Epoch: 94
[95,   100] loss: 0.489 accuracy:74.969
[95,   200] loss: 0.483 accuracy:75.398
[95,   300] loss: 0.484 accuracy:75.432
[95,   400] loss: 0.485 accuracy:75.207
[95,   500] loss: 0.487 accuracy:75.025
[95,   600] loss: 0.485 accuracy:75.188
[95,   700] loss: 0.485 accuracy:75.239
test_accuracy is 77.920 after epochs 94
Saving..

Epoch: 95
[96,   100] loss: 0.481 accuracy:75.422
[96,   200] loss: 0.481 accuracy:75.359
[96,   300] loss: 0.482 accuracy:75.479
[96,   400] loss: 0.481 accuracy:75.652
[96,   500] loss: 0.481 accuracy:75.553
[96,   600] loss: 0.481 accuracy:75.539
[96,   700] loss: 0.483 accuracy:75.382
test_accuracy is 74.430 after epochs 95

Epoch: 96
[97,   100] loss: 0.485 accuracy:75.547
[97,   200] loss: 0.485 accuracy:75.211
[97,   300] loss: 0.482 accuracy:75.573
[97,   400] loss: 0.483 accuracy:75.426
[97,   500] loss: 0.483 accuracy:75.300
[97,   600] loss: 0.480 accuracy:75.542
[97,   700] loss: 0.478 accuracy:75.634
test_accuracy is 77.930 after epochs 96
Saving..

Epoch: 97
[98,   100] loss: 0.471 accuracy:76.719
[98,   200] loss: 0.474 accuracy:76.719
[98,   300] loss: 0.476 accuracy:76.432
[98,   400] loss: 0.475 accuracy:76.375
[98,   500] loss: 0.474 accuracy:76.347
[98,   600] loss: 0.473 accuracy:76.359
[98,   700] loss: 0.473 accuracy:76.384
test_accuracy is 78.390 after epochs 97
Saving..

Epoch: 98
[99,   100] loss: 0.486 accuracy:75.500
[99,   200] loss: 0.472 accuracy:76.336
[99,   300] loss: 0.470 accuracy:76.391
[99,   400] loss: 0.468 accuracy:76.688
[99,   500] loss: 0.472 accuracy:76.303
[99,   600] loss: 0.470 accuracy:76.406
[99,   700] loss: 0.471 accuracy:76.310
test_accuracy is 77.070 after epochs 98

Epoch: 99
[100,   100] loss: 0.474 accuracy:75.750
[100,   200] loss: 0.468 accuracy:76.242
[100,   300] loss: 0.472 accuracy:76.172
[100,   400] loss: 0.472 accuracy:76.258
[100,   500] loss: 0.469 accuracy:76.497
[100,   600] loss: 0.468 accuracy:76.557
[100,   700] loss: 0.465 accuracy:76.812
test_accuracy is 77.820 after epochs 99

Epoch: 100
[101,   100] loss: 0.460 accuracy:77.125
[101,   200] loss: 0.469 accuracy:76.258
[101,   300] loss: 0.466 accuracy:76.573
[101,   400] loss: 0.465 accuracy:76.707
[101,   500] loss: 0.469 accuracy:76.569
[101,   600] loss: 0.466 accuracy:76.862
[101,   700] loss: 0.465 accuracy:76.958
test_accuracy is 79.160 after epochs 100
Saving..

Epoch: 101
[102,   100] loss: 0.456 accuracy:77.875
[102,   200] loss: 0.455 accuracy:78.008
[102,   300] loss: 0.456 accuracy:77.849
[102,   400] loss: 0.457 accuracy:77.621
[102,   500] loss: 0.457 accuracy:77.534
[102,   600] loss: 0.456 accuracy:77.534
[102,   700] loss: 0.456 accuracy:77.525
test_accuracy is 78.380 after epochs 101

Epoch: 102
[103,   100] loss: 0.447 accuracy:77.953
[103,   200] loss: 0.451 accuracy:77.648
[103,   300] loss: 0.451 accuracy:77.776
[103,   400] loss: 0.457 accuracy:77.434
[103,   500] loss: 0.456 accuracy:77.419
[103,   600] loss: 0.455 accuracy:77.466
[103,   700] loss: 0.454 accuracy:77.576
test_accuracy is 78.430 after epochs 102

Epoch: 103
[104,   100] loss: 0.443 accuracy:78.906
[104,   200] loss: 0.449 accuracy:78.430
[104,   300] loss: 0.446 accuracy:78.266
[104,   400] loss: 0.446 accuracy:78.391
[104,   500] loss: 0.446 accuracy:78.219
[104,   600] loss: 0.446 accuracy:78.185
[104,   700] loss: 0.446 accuracy:78.266
test_accuracy is 78.790 after epochs 103

Epoch: 104
[105,   100] loss: 0.446 accuracy:78.109
[105,   200] loss: 0.443 accuracy:78.273
[105,   300] loss: 0.445 accuracy:78.385
[105,   400] loss: 0.444 accuracy:78.438
[105,   500] loss: 0.448 accuracy:78.084
[105,   600] loss: 0.449 accuracy:78.117
[105,   700] loss: 0.448 accuracy:78.167
test_accuracy is 78.980 after epochs 104

Epoch: 105
[106,   100] loss: 0.442 accuracy:78.891
[106,   200] loss: 0.437 accuracy:79.133
[106,   300] loss: 0.443 accuracy:78.453
[106,   400] loss: 0.442 accuracy:78.508
[106,   500] loss: 0.443 accuracy:78.412
[106,   600] loss: 0.442 accuracy:78.474
[106,   700] loss: 0.441 accuracy:78.545
test_accuracy is 80.540 after epochs 105
Saving..

Epoch: 106
[107,   100] loss: 0.439 accuracy:78.719
[107,   200] loss: 0.436 accuracy:78.945
[107,   300] loss: 0.436 accuracy:79.089
[107,   400] loss: 0.437 accuracy:78.898
[107,   500] loss: 0.438 accuracy:78.931
[107,   600] loss: 0.439 accuracy:78.823
[107,   700] loss: 0.440 accuracy:78.708
test_accuracy is 81.560 after epochs 106
Saving..

Epoch: 107
[108,   100] loss: 0.430 accuracy:79.719
[108,   200] loss: 0.432 accuracy:79.453
[108,   300] loss: 0.437 accuracy:79.104
[108,   400] loss: 0.439 accuracy:78.863
[108,   500] loss: 0.436 accuracy:79.003
[108,   600] loss: 0.436 accuracy:78.909
[108,   700] loss: 0.437 accuracy:78.837
test_accuracy is 79.670 after epochs 107

Epoch: 108
[109,   100] loss: 0.434 accuracy:78.688
[109,   200] loss: 0.434 accuracy:79.000
[109,   300] loss: 0.431 accuracy:79.219
[109,   400] loss: 0.431 accuracy:79.176
[109,   500] loss: 0.432 accuracy:79.213
[109,   600] loss: 0.431 accuracy:79.320
[109,   700] loss: 0.431 accuracy:79.355
test_accuracy is 80.990 after epochs 108

Epoch: 109
[110,   100] loss: 0.439 accuracy:78.891
[110,   200] loss: 0.426 accuracy:79.570
[110,   300] loss: 0.432 accuracy:79.276
[110,   400] loss: 0.433 accuracy:79.145
[110,   500] loss: 0.430 accuracy:79.287
[110,   600] loss: 0.431 accuracy:79.240
[110,   700] loss: 0.430 accuracy:79.308
test_accuracy is 80.920 after epochs 109

Epoch: 110
[111,   100] loss: 0.442 accuracy:78.203
[111,   200] loss: 0.443 accuracy:78.289
[111,   300] loss: 0.437 accuracy:78.630
[111,   400] loss: 0.435 accuracy:78.840
[111,   500] loss: 0.436 accuracy:78.737
[111,   600] loss: 0.433 accuracy:79.047
[111,   700] loss: 0.430 accuracy:79.208
test_accuracy is 80.500 after epochs 110

Epoch: 111
[112,   100] loss: 0.439 accuracy:78.438
[112,   200] loss: 0.428 accuracy:79.320
[112,   300] loss: 0.426 accuracy:79.427
[112,   400] loss: 0.426 accuracy:79.457
[112,   500] loss: 0.423 accuracy:79.728
[112,   600] loss: 0.422 accuracy:79.812
[112,   700] loss: 0.423 accuracy:79.728
test_accuracy is 82.840 after epochs 111
Saving..

Epoch: 112
[113,   100] loss: 0.431 accuracy:79.172
[113,   200] loss: 0.426 accuracy:79.477
[113,   300] loss: 0.425 accuracy:79.411
[113,   400] loss: 0.425 accuracy:79.387
[113,   500] loss: 0.422 accuracy:79.688
[113,   600] loss: 0.423 accuracy:79.672
[113,   700] loss: 0.423 accuracy:79.692
test_accuracy is 81.320 after epochs 112

Epoch: 113
[114,   100] loss: 0.421 accuracy:79.781
[114,   200] loss: 0.415 accuracy:79.922
[114,   300] loss: 0.416 accuracy:79.786
[114,   400] loss: 0.417 accuracy:79.891
[114,   500] loss: 0.418 accuracy:79.947
[114,   600] loss: 0.419 accuracy:79.896
[114,   700] loss: 0.420 accuracy:79.866
test_accuracy is 81.050 after epochs 113

Epoch: 114
[115,   100] loss: 0.425 accuracy:79.984
[115,   200] loss: 0.419 accuracy:80.320
[115,   300] loss: 0.421 accuracy:80.068
[115,   400] loss: 0.419 accuracy:80.184
[115,   500] loss: 0.417 accuracy:80.300
[115,   600] loss: 0.416 accuracy:80.380
[115,   700] loss: 0.415 accuracy:80.366
test_accuracy is 79.120 after epochs 114

Epoch: 115
[116,   100] loss: 0.424 accuracy:80.031
[116,   200] loss: 0.422 accuracy:79.883
[116,   300] loss: 0.420 accuracy:79.865
[116,   400] loss: 0.417 accuracy:80.109
[116,   500] loss: 0.417 accuracy:80.131
[116,   600] loss: 0.417 accuracy:80.214
[116,   700] loss: 0.416 accuracy:80.310
test_accuracy is 81.180 after epochs 115

Epoch: 116
[117,   100] loss: 0.403 accuracy:81.203
[117,   200] loss: 0.398 accuracy:81.359
[117,   300] loss: 0.401 accuracy:81.260
[117,   400] loss: 0.405 accuracy:80.836
[117,   500] loss: 0.406 accuracy:80.909
[117,   600] loss: 0.408 accuracy:80.839
[117,   700] loss: 0.407 accuracy:80.844
test_accuracy is 82.540 after epochs 116

Epoch: 117
[118,   100] loss: 0.400 accuracy:80.781
[118,   200] loss: 0.402 accuracy:80.898
[118,   300] loss: 0.405 accuracy:80.833
[118,   400] loss: 0.405 accuracy:80.922
[118,   500] loss: 0.404 accuracy:81.059
[118,   600] loss: 0.403 accuracy:81.122
[118,   700] loss: 0.403 accuracy:81.098
test_accuracy is 82.490 after epochs 117

Epoch: 118
[119,   100] loss: 0.404 accuracy:81.141
[119,   200] loss: 0.401 accuracy:81.172
[119,   300] loss: 0.405 accuracy:80.922
[119,   400] loss: 0.404 accuracy:81.031
[119,   500] loss: 0.405 accuracy:80.969
[119,   600] loss: 0.406 accuracy:80.898
[119,   700] loss: 0.405 accuracy:80.915
test_accuracy is 81.390 after epochs 118

Epoch: 119
[120,   100] loss: 0.406 accuracy:80.922
[120,   200] loss: 0.398 accuracy:81.742
[120,   300] loss: 0.402 accuracy:81.479
[120,   400] loss: 0.401 accuracy:81.605
[120,   500] loss: 0.401 accuracy:81.578
[120,   600] loss: 0.401 accuracy:81.474
[120,   700] loss: 0.402 accuracy:81.308
test_accuracy is 82.370 after epochs 119

Epoch: 120
[121,   100] loss: 0.400 accuracy:81.094
[121,   200] loss: 0.402 accuracy:81.211
[121,   300] loss: 0.402 accuracy:81.214
[121,   400] loss: 0.402 accuracy:81.332
[121,   500] loss: 0.402 accuracy:81.272
[121,   600] loss: 0.404 accuracy:81.172
[121,   700] loss: 0.403 accuracy:81.243
test_accuracy is 83.750 after epochs 120
Saving..

Epoch: 121
[122,   100] loss: 0.402 accuracy:81.234
[122,   200] loss: 0.405 accuracy:81.188
[122,   300] loss: 0.403 accuracy:81.318
[122,   400] loss: 0.401 accuracy:81.465
[122,   500] loss: 0.401 accuracy:81.419
[122,   600] loss: 0.398 accuracy:81.576
[122,   700] loss: 0.399 accuracy:81.455
test_accuracy is 81.540 after epochs 121

Epoch: 122
[123,   100] loss: 0.411 accuracy:80.766
[123,   200] loss: 0.404 accuracy:81.078
[123,   300] loss: 0.401 accuracy:81.203
[123,   400] loss: 0.400 accuracy:81.250
[123,   500] loss: 0.397 accuracy:81.431
[123,   600] loss: 0.397 accuracy:81.521
[123,   700] loss: 0.395 accuracy:81.549
test_accuracy is 83.830 after epochs 122
Saving..

Epoch: 123
[124,   100] loss: 0.400 accuracy:81.344
[124,   200] loss: 0.391 accuracy:82.055
[124,   300] loss: 0.391 accuracy:82.151
[124,   400] loss: 0.391 accuracy:82.145
[124,   500] loss: 0.392 accuracy:81.947
[124,   600] loss: 0.394 accuracy:81.836
[124,   700] loss: 0.393 accuracy:81.951
test_accuracy is 83.760 after epochs 123

Epoch: 124
[125,   100] loss: 0.397 accuracy:81.078
[125,   200] loss: 0.399 accuracy:81.164
[125,   300] loss: 0.398 accuracy:81.302
[125,   400] loss: 0.397 accuracy:81.379
[125,   500] loss: 0.396 accuracy:81.541
[125,   600] loss: 0.396 accuracy:81.573
[125,   700] loss: 0.394 accuracy:81.705
test_accuracy is 83.260 after epochs 124

Epoch: 125
[126,   100] loss: 0.384 accuracy:81.891
[126,   200] loss: 0.388 accuracy:81.898
[126,   300] loss: 0.394 accuracy:81.552
[126,   400] loss: 0.393 accuracy:81.613
[126,   500] loss: 0.393 accuracy:81.703
[126,   600] loss: 0.392 accuracy:81.844
[126,   700] loss: 0.391 accuracy:81.951
test_accuracy is 84.590 after epochs 125
Saving..

Epoch: 126
[127,   100] loss: 0.382 accuracy:82.812
[127,   200] loss: 0.377 accuracy:83.039
[127,   300] loss: 0.378 accuracy:83.016
[127,   400] loss: 0.378 accuracy:83.000
[127,   500] loss: 0.379 accuracy:82.866
[127,   600] loss: 0.380 accuracy:82.763
[127,   700] loss: 0.382 accuracy:82.667
test_accuracy is 82.060 after epochs 126

Epoch: 127
[128,   100] loss: 0.386 accuracy:82.672
[128,   200] loss: 0.385 accuracy:82.578
[128,   300] loss: 0.383 accuracy:82.562
[128,   400] loss: 0.382 accuracy:82.613
[128,   500] loss: 0.382 accuracy:82.606
[128,   600] loss: 0.382 accuracy:82.622
[128,   700] loss: 0.382 accuracy:82.574
test_accuracy is 83.170 after epochs 127

Epoch: 128
[129,   100] loss: 0.387 accuracy:82.016
[129,   200] loss: 0.385 accuracy:82.273
[129,   300] loss: 0.388 accuracy:82.120
[129,   400] loss: 0.390 accuracy:82.008
[129,   500] loss: 0.389 accuracy:82.091
[129,   600] loss: 0.387 accuracy:82.201
[129,   700] loss: 0.387 accuracy:82.192
test_accuracy is 84.970 after epochs 128
Saving..

Epoch: 129
[130,   100] loss: 0.384 accuracy:82.688
[130,   200] loss: 0.383 accuracy:82.609
[130,   300] loss: 0.386 accuracy:82.255
[130,   400] loss: 0.381 accuracy:82.504
[130,   500] loss: 0.384 accuracy:82.441
[130,   600] loss: 0.382 accuracy:82.568
[130,   700] loss: 0.381 accuracy:82.554
test_accuracy is 83.670 after epochs 129

Epoch: 130
[131,   100] loss: 0.370 accuracy:83.078
[131,   200] loss: 0.373 accuracy:83.039
[131,   300] loss: 0.372 accuracy:83.089
[131,   400] loss: 0.369 accuracy:83.316
[131,   500] loss: 0.369 accuracy:83.334
[131,   600] loss: 0.369 accuracy:83.331
[131,   700] loss: 0.369 accuracy:83.310
test_accuracy is 84.180 after epochs 130

Epoch: 131
[132,   100] loss: 0.364 accuracy:83.500
[132,   200] loss: 0.375 accuracy:83.180
[132,   300] loss: 0.371 accuracy:83.260
[132,   400] loss: 0.375 accuracy:83.035
[132,   500] loss: 0.373 accuracy:83.191
[132,   600] loss: 0.374 accuracy:83.055
[132,   700] loss: 0.372 accuracy:83.107
test_accuracy is 84.800 after epochs 131

Epoch: 132
[133,   100] loss: 0.363 accuracy:83.859
[133,   200] loss: 0.369 accuracy:83.602
[133,   300] loss: 0.370 accuracy:83.365
[133,   400] loss: 0.370 accuracy:83.301
[133,   500] loss: 0.370 accuracy:83.372
[133,   600] loss: 0.370 accuracy:83.302
[133,   700] loss: 0.370 accuracy:83.328
test_accuracy is 83.890 after epochs 132

Epoch: 133
[134,   100] loss: 0.372 accuracy:83.516
[134,   200] loss: 0.374 accuracy:83.227
[134,   300] loss: 0.372 accuracy:83.229
[134,   400] loss: 0.376 accuracy:82.992
[134,   500] loss: 0.375 accuracy:83.016
[134,   600] loss: 0.371 accuracy:83.302
[134,   700] loss: 0.371 accuracy:83.234
test_accuracy is 84.050 after epochs 133

Epoch: 134
[135,   100] loss: 0.370 accuracy:83.594
[135,   200] loss: 0.371 accuracy:83.391
[135,   300] loss: 0.372 accuracy:83.193
[135,   400] loss: 0.370 accuracy:83.414
[135,   500] loss: 0.366 accuracy:83.594
[135,   600] loss: 0.366 accuracy:83.599
[135,   700] loss: 0.367 accuracy:83.542
test_accuracy is 85.780 after epochs 134
Saving..

Epoch: 135
[136,   100] loss: 0.367 accuracy:83.656
[136,   200] loss: 0.366 accuracy:83.445
[136,   300] loss: 0.369 accuracy:83.411
[136,   400] loss: 0.367 accuracy:83.613
[136,   500] loss: 0.368 accuracy:83.581
[136,   600] loss: 0.366 accuracy:83.635
[136,   700] loss: 0.366 accuracy:83.627
test_accuracy is 84.060 after epochs 135

Epoch: 136
[137,   100] loss: 0.365 accuracy:83.297
[137,   200] loss: 0.370 accuracy:82.875
[137,   300] loss: 0.368 accuracy:83.161
[137,   400] loss: 0.371 accuracy:83.012
[137,   500] loss: 0.370 accuracy:83.156
[137,   600] loss: 0.371 accuracy:83.154
[137,   700] loss: 0.370 accuracy:83.212
test_accuracy is 83.750 after epochs 136

Epoch: 137
[138,   100] loss: 0.371 accuracy:83.297
[138,   200] loss: 0.360 accuracy:83.867
[138,   300] loss: 0.362 accuracy:83.714
[138,   400] loss: 0.363 accuracy:83.715
[138,   500] loss: 0.363 accuracy:83.694
[138,   600] loss: 0.365 accuracy:83.602
[138,   700] loss: 0.364 accuracy:83.779
test_accuracy is 85.250 after epochs 137

Epoch: 138
[139,   100] loss: 0.374 accuracy:83.125
[139,   200] loss: 0.369 accuracy:83.570
[139,   300] loss: 0.365 accuracy:83.719
[139,   400] loss: 0.366 accuracy:83.609
[139,   500] loss: 0.366 accuracy:83.588
[139,   600] loss: 0.364 accuracy:83.682
[139,   700] loss: 0.363 accuracy:83.725
test_accuracy is 85.380 after epochs 138

Epoch: 139
[140,   100] loss: 0.351 accuracy:84.562
[140,   200] loss: 0.362 accuracy:83.750
[140,   300] loss: 0.365 accuracy:83.479
[140,   400] loss: 0.361 accuracy:83.770
[140,   500] loss: 0.361 accuracy:83.816
[140,   600] loss: 0.358 accuracy:84.029
[140,   700] loss: 0.359 accuracy:83.915
test_accuracy is 86.200 after epochs 139
Saving..

Epoch: 140
[141,   100] loss: 0.353 accuracy:84.172
[141,   200] loss: 0.354 accuracy:84.062
[141,   300] loss: 0.355 accuracy:84.005
[141,   400] loss: 0.356 accuracy:84.000
[141,   500] loss: 0.357 accuracy:83.991
[141,   600] loss: 0.359 accuracy:83.828
[141,   700] loss: 0.359 accuracy:83.882
test_accuracy is 85.940 after epochs 140

Epoch: 141
[142,   100] loss: 0.365 accuracy:82.891
[142,   200] loss: 0.362 accuracy:83.570
[142,   300] loss: 0.364 accuracy:83.531
[142,   400] loss: 0.363 accuracy:83.539
[142,   500] loss: 0.362 accuracy:83.594
[142,   600] loss: 0.361 accuracy:83.604
[142,   700] loss: 0.359 accuracy:83.732
test_accuracy is 86.250 after epochs 141
Saving..

Epoch: 142
[143,   100] loss: 0.347 accuracy:84.750
[143,   200] loss: 0.351 accuracy:84.570
[143,   300] loss: 0.351 accuracy:84.635
[143,   400] loss: 0.350 accuracy:84.656
[143,   500] loss: 0.351 accuracy:84.544
[143,   600] loss: 0.353 accuracy:84.453
[143,   700] loss: 0.353 accuracy:84.440
test_accuracy is 85.190 after epochs 142

Epoch: 143
[144,   100] loss: 0.347 accuracy:84.234
[144,   200] loss: 0.356 accuracy:84.180
[144,   300] loss: 0.354 accuracy:84.276
[144,   400] loss: 0.350 accuracy:84.449
[144,   500] loss: 0.348 accuracy:84.594
[144,   600] loss: 0.349 accuracy:84.529
[144,   700] loss: 0.348 accuracy:84.587
test_accuracy is 85.420 after epochs 143

Epoch: 144
[145,   100] loss: 0.343 accuracy:84.906
[145,   200] loss: 0.344 accuracy:84.922
[145,   300] loss: 0.344 accuracy:84.948
[145,   400] loss: 0.343 accuracy:84.930
[145,   500] loss: 0.344 accuracy:84.812
[145,   600] loss: 0.343 accuracy:84.857
[145,   700] loss: 0.343 accuracy:84.935
test_accuracy is 85.720 after epochs 144

Epoch: 145
[146,   100] loss: 0.346 accuracy:84.625
[146,   200] loss: 0.345 accuracy:84.859
[146,   300] loss: 0.342 accuracy:85.005
[146,   400] loss: 0.345 accuracy:84.957
[146,   500] loss: 0.345 accuracy:84.897
[146,   600] loss: 0.349 accuracy:84.724
[146,   700] loss: 0.348 accuracy:84.743
test_accuracy is 86.110 after epochs 145

Epoch: 146
[147,   100] loss: 0.334 accuracy:85.625
[147,   200] loss: 0.332 accuracy:85.727
[147,   300] loss: 0.338 accuracy:85.406
[147,   400] loss: 0.340 accuracy:85.176
[147,   500] loss: 0.338 accuracy:85.253
[147,   600] loss: 0.339 accuracy:85.180
[147,   700] loss: 0.339 accuracy:85.138
test_accuracy is 86.790 after epochs 146
Saving..

Epoch: 147
[148,   100] loss: 0.339 accuracy:85.297
[148,   200] loss: 0.345 accuracy:84.789
[148,   300] loss: 0.346 accuracy:84.729
[148,   400] loss: 0.344 accuracy:84.895
[148,   500] loss: 0.345 accuracy:84.841
[148,   600] loss: 0.345 accuracy:84.773
[148,   700] loss: 0.346 accuracy:84.705
test_accuracy is 86.460 after epochs 147

Epoch: 148
[149,   100] loss: 0.348 accuracy:84.391
[149,   200] loss: 0.342 accuracy:84.844
[149,   300] loss: 0.338 accuracy:84.958
[149,   400] loss: 0.343 accuracy:84.703
[149,   500] loss: 0.343 accuracy:84.731
[149,   600] loss: 0.342 accuracy:84.924
[149,   700] loss: 0.341 accuracy:84.980
test_accuracy is 86.610 after epochs 148

Epoch: 149
[150,   100] loss: 0.334 accuracy:85.406
[150,   200] loss: 0.335 accuracy:85.297
[150,   300] loss: 0.339 accuracy:85.083
[150,   400] loss: 0.339 accuracy:85.105
[150,   500] loss: 0.341 accuracy:85.059
[150,   600] loss: 0.339 accuracy:85.102
[150,   700] loss: 0.340 accuracy:85.098
test_accuracy is 86.790 after epochs 149

Epoch: 150
[151,   100] loss: 0.336 accuracy:85.156
[151,   200] loss: 0.337 accuracy:85.211
[151,   300] loss: 0.340 accuracy:85.120
[151,   400] loss: 0.339 accuracy:85.109
[151,   500] loss: 0.341 accuracy:85.019
[151,   600] loss: 0.340 accuracy:85.047
[151,   700] loss: 0.340 accuracy:85.085
test_accuracy is 86.520 after epochs 150

Epoch: 151
[152,   100] loss: 0.335 accuracy:84.781
[152,   200] loss: 0.338 accuracy:84.922
[152,   300] loss: 0.342 accuracy:84.802
[152,   400] loss: 0.339 accuracy:85.039
[152,   500] loss: 0.338 accuracy:85.041
[152,   600] loss: 0.336 accuracy:85.164
[152,   700] loss: 0.335 accuracy:85.212
test_accuracy is 86.860 after epochs 151
Saving..

Epoch: 152
[153,   100] loss: 0.346 accuracy:84.984
[153,   200] loss: 0.342 accuracy:85.039
[153,   300] loss: 0.340 accuracy:85.276
[153,   400] loss: 0.338 accuracy:85.320
[153,   500] loss: 0.339 accuracy:85.184
[153,   600] loss: 0.338 accuracy:85.219
[153,   700] loss: 0.338 accuracy:85.205
test_accuracy is 86.710 after epochs 152

Epoch: 153
[154,   100] loss: 0.333 accuracy:85.484
[154,   200] loss: 0.332 accuracy:85.555
[154,   300] loss: 0.331 accuracy:85.583
[154,   400] loss: 0.333 accuracy:85.543
[154,   500] loss: 0.336 accuracy:85.434
[154,   600] loss: 0.335 accuracy:85.505
[154,   700] loss: 0.336 accuracy:85.433
test_accuracy is 86.850 after epochs 153

Epoch: 154
[155,   100] loss: 0.351 accuracy:84.422
[155,   200] loss: 0.340 accuracy:85.188
[155,   300] loss: 0.338 accuracy:85.312
[155,   400] loss: 0.335 accuracy:85.359
[155,   500] loss: 0.335 accuracy:85.375
[155,   600] loss: 0.337 accuracy:85.281
[155,   700] loss: 0.334 accuracy:85.364
test_accuracy is 86.690 after epochs 154

Epoch: 155
[156,   100] loss: 0.331 accuracy:85.219
[156,   200] loss: 0.330 accuracy:85.562
[156,   300] loss: 0.335 accuracy:85.323
[156,   400] loss: 0.335 accuracy:85.293
[156,   500] loss: 0.336 accuracy:85.269
[156,   600] loss: 0.335 accuracy:85.273
[156,   700] loss: 0.334 accuracy:85.435
test_accuracy is 87.630 after epochs 155
Saving..

Epoch: 156
[157,   100] loss: 0.326 accuracy:85.844
[157,   200] loss: 0.335 accuracy:85.305
[157,   300] loss: 0.335 accuracy:85.172
[157,   400] loss: 0.338 accuracy:85.004
[157,   500] loss: 0.337 accuracy:85.003
[157,   600] loss: 0.333 accuracy:85.315
[157,   700] loss: 0.333 accuracy:85.321
test_accuracy is 87.450 after epochs 156

Epoch: 157
[158,   100] loss: 0.327 accuracy:86.031
[158,   200] loss: 0.330 accuracy:85.766
[158,   300] loss: 0.329 accuracy:85.776
[158,   400] loss: 0.329 accuracy:85.703
[158,   500] loss: 0.330 accuracy:85.716
[158,   600] loss: 0.330 accuracy:85.672
[158,   700] loss: 0.330 accuracy:85.721
test_accuracy is 87.210 after epochs 157

Epoch: 158
[159,   100] loss: 0.332 accuracy:85.922
[159,   200] loss: 0.328 accuracy:85.938
[159,   300] loss: 0.328 accuracy:85.990
[159,   400] loss: 0.329 accuracy:85.863
[159,   500] loss: 0.329 accuracy:85.825
[159,   600] loss: 0.329 accuracy:85.844
[159,   700] loss: 0.328 accuracy:85.879
test_accuracy is 87.090 after epochs 158

Epoch: 159
[160,   100] loss: 0.337 accuracy:85.453
[160,   200] loss: 0.338 accuracy:85.336
[160,   300] loss: 0.338 accuracy:85.260
[160,   400] loss: 0.333 accuracy:85.531
[160,   500] loss: 0.331 accuracy:85.666
[160,   600] loss: 0.329 accuracy:85.711
[160,   700] loss: 0.329 accuracy:85.728
test_accuracy is 88.320 after epochs 159
Saving..

Epoch: 160
[161,   100] loss: 0.330 accuracy:85.312
[161,   200] loss: 0.330 accuracy:85.523
[161,   300] loss: 0.325 accuracy:85.911
[161,   400] loss: 0.327 accuracy:85.746
[161,   500] loss: 0.327 accuracy:85.803
[161,   600] loss: 0.328 accuracy:85.747
[161,   700] loss: 0.327 accuracy:85.835
test_accuracy is 87.140 after epochs 160

Epoch: 161
[162,   100] loss: 0.332 accuracy:85.250
[162,   200] loss: 0.328 accuracy:85.500
[162,   300] loss: 0.330 accuracy:85.438
[162,   400] loss: 0.331 accuracy:85.484
[162,   500] loss: 0.328 accuracy:85.650
[162,   600] loss: 0.328 accuracy:85.674
[162,   700] loss: 0.327 accuracy:85.790
test_accuracy is 87.060 after epochs 161

Epoch: 162
[163,   100] loss: 0.329 accuracy:85.812
[163,   200] loss: 0.325 accuracy:85.906
[163,   300] loss: 0.323 accuracy:86.135
[163,   400] loss: 0.322 accuracy:86.219
[163,   500] loss: 0.323 accuracy:86.147
[163,   600] loss: 0.323 accuracy:86.143
[163,   700] loss: 0.322 accuracy:86.163
test_accuracy is 87.250 after epochs 162

Epoch: 163
[164,   100] loss: 0.316 accuracy:86.438
[164,   200] loss: 0.315 accuracy:86.570
[164,   300] loss: 0.319 accuracy:86.396
[164,   400] loss: 0.320 accuracy:86.234
[164,   500] loss: 0.319 accuracy:86.391
[164,   600] loss: 0.317 accuracy:86.471
[164,   700] loss: 0.318 accuracy:86.455
test_accuracy is 87.560 after epochs 163

Epoch: 164
[165,   100] loss: 0.322 accuracy:86.094
[165,   200] loss: 0.318 accuracy:86.266
[165,   300] loss: 0.318 accuracy:86.297
[165,   400] loss: 0.319 accuracy:86.297
[165,   500] loss: 0.319 accuracy:86.241
[165,   600] loss: 0.323 accuracy:85.992
[165,   700] loss: 0.322 accuracy:86.105
test_accuracy is 87.380 after epochs 164

Epoch: 165
[166,   100] loss: 0.323 accuracy:85.953
[166,   200] loss: 0.314 accuracy:86.422
[166,   300] loss: 0.317 accuracy:86.375
[166,   400] loss: 0.318 accuracy:86.375
[166,   500] loss: 0.321 accuracy:86.222
[166,   600] loss: 0.318 accuracy:86.365
[166,   700] loss: 0.318 accuracy:86.350
test_accuracy is 87.700 after epochs 165

Epoch: 166
[167,   100] loss: 0.317 accuracy:86.547
[167,   200] loss: 0.312 accuracy:86.633
[167,   300] loss: 0.318 accuracy:86.453
[167,   400] loss: 0.316 accuracy:86.508
[167,   500] loss: 0.318 accuracy:86.447
[167,   600] loss: 0.316 accuracy:86.487
[167,   700] loss: 0.318 accuracy:86.377
test_accuracy is 88.210 after epochs 166

Epoch: 167
[168,   100] loss: 0.300 accuracy:87.438
[168,   200] loss: 0.304 accuracy:87.336
[168,   300] loss: 0.309 accuracy:86.969
[168,   400] loss: 0.313 accuracy:86.676
[168,   500] loss: 0.313 accuracy:86.647
[168,   600] loss: 0.311 accuracy:86.815
[168,   700] loss: 0.313 accuracy:86.772
test_accuracy is 87.590 after epochs 167

Epoch: 168
[169,   100] loss: 0.305 accuracy:86.875
[169,   200] loss: 0.300 accuracy:87.172
[169,   300] loss: 0.307 accuracy:86.724
[169,   400] loss: 0.309 accuracy:86.656
[169,   500] loss: 0.311 accuracy:86.581
[169,   600] loss: 0.312 accuracy:86.490
[169,   700] loss: 0.313 accuracy:86.469
test_accuracy is 88.040 after epochs 168

Epoch: 169
[170,   100] loss: 0.307 accuracy:87.234
[170,   200] loss: 0.307 accuracy:87.211
[170,   300] loss: 0.311 accuracy:86.896
[170,   400] loss: 0.309 accuracy:86.922
[170,   500] loss: 0.310 accuracy:86.816
[170,   600] loss: 0.314 accuracy:86.641
[170,   700] loss: 0.313 accuracy:86.638
test_accuracy is 88.370 after epochs 169
Saving..

Epoch: 170
[171,   100] loss: 0.310 accuracy:86.734
[171,   200] loss: 0.312 accuracy:86.742
[171,   300] loss: 0.307 accuracy:86.943
[171,   400] loss: 0.308 accuracy:86.820
[171,   500] loss: 0.310 accuracy:86.816
[171,   600] loss: 0.312 accuracy:86.745
[171,   700] loss: 0.312 accuracy:86.717
test_accuracy is 87.800 after epochs 170

Epoch: 171
[172,   100] loss: 0.324 accuracy:85.922
[172,   200] loss: 0.324 accuracy:86.000
[172,   300] loss: 0.319 accuracy:86.281
[172,   400] loss: 0.317 accuracy:86.398
[172,   500] loss: 0.318 accuracy:86.391
[172,   600] loss: 0.317 accuracy:86.411
[172,   700] loss: 0.315 accuracy:86.533
test_accuracy is 87.560 after epochs 171

Epoch: 172
[173,   100] loss: 0.317 accuracy:86.344
[173,   200] loss: 0.315 accuracy:86.250
[173,   300] loss: 0.315 accuracy:86.286
[173,   400] loss: 0.313 accuracy:86.520
[173,   500] loss: 0.314 accuracy:86.525
[173,   600] loss: 0.314 accuracy:86.458
[173,   700] loss: 0.314 accuracy:86.449
test_accuracy is 88.130 after epochs 172

Epoch: 173
[174,   100] loss: 0.320 accuracy:86.406
[174,   200] loss: 0.321 accuracy:86.273
[174,   300] loss: 0.318 accuracy:86.406
[174,   400] loss: 0.319 accuracy:86.301
[174,   500] loss: 0.317 accuracy:86.338
[174,   600] loss: 0.316 accuracy:86.500
[174,   700] loss: 0.316 accuracy:86.500
test_accuracy is 88.120 after epochs 173

Epoch: 174
[175,   100] loss: 0.321 accuracy:85.797
[175,   200] loss: 0.318 accuracy:86.242
[175,   300] loss: 0.315 accuracy:86.396
[175,   400] loss: 0.316 accuracy:86.348
[175,   500] loss: 0.317 accuracy:86.347
[175,   600] loss: 0.314 accuracy:86.471
[175,   700] loss: 0.313 accuracy:86.594
test_accuracy is 88.560 after epochs 174
Saving..

Epoch: 175
[176,   100] loss: 0.315 accuracy:86.531
[176,   200] loss: 0.316 accuracy:86.273
[176,   300] loss: 0.315 accuracy:86.411
[176,   400] loss: 0.315 accuracy:86.348
[176,   500] loss: 0.314 accuracy:86.434
[176,   600] loss: 0.313 accuracy:86.505
[176,   700] loss: 0.314 accuracy:86.511
test_accuracy is 88.120 after epochs 175

Epoch: 176
[177,   100] loss: 0.305 accuracy:87.016
[177,   200] loss: 0.300 accuracy:87.180
[177,   300] loss: 0.300 accuracy:87.234
[177,   400] loss: 0.303 accuracy:87.094
[177,   500] loss: 0.305 accuracy:86.981
[177,   600] loss: 0.303 accuracy:87.026
[177,   700] loss: 0.305 accuracy:86.900
test_accuracy is 88.440 after epochs 176

Epoch: 177
[178,   100] loss: 0.300 accuracy:87.484
[178,   200] loss: 0.306 accuracy:87.078
[178,   300] loss: 0.305 accuracy:87.177
[178,   400] loss: 0.306 accuracy:87.062
[178,   500] loss: 0.309 accuracy:86.919
[178,   600] loss: 0.308 accuracy:86.935
[178,   700] loss: 0.310 accuracy:86.833
test_accuracy is 88.460 after epochs 177

Epoch: 178
[179,   100] loss: 0.321 accuracy:85.969
[179,   200] loss: 0.314 accuracy:86.352
[179,   300] loss: 0.314 accuracy:86.417
[179,   400] loss: 0.312 accuracy:86.617
[179,   500] loss: 0.309 accuracy:86.713
[179,   600] loss: 0.310 accuracy:86.677
[179,   700] loss: 0.310 accuracy:86.714
test_accuracy is 88.140 after epochs 178

Epoch: 179
[180,   100] loss: 0.308 accuracy:86.750
[180,   200] loss: 0.311 accuracy:86.664
[180,   300] loss: 0.310 accuracy:86.854
[180,   400] loss: 0.308 accuracy:86.855
[180,   500] loss: 0.310 accuracy:86.709
[180,   600] loss: 0.309 accuracy:86.844
[180,   700] loss: 0.311 accuracy:86.754
test_accuracy is 88.160 after epochs 179

Epoch: 180
[181,   100] loss: 0.310 accuracy:86.922
[181,   200] loss: 0.310 accuracy:86.984
[181,   300] loss: 0.309 accuracy:87.010
[181,   400] loss: 0.307 accuracy:87.070
[181,   500] loss: 0.306 accuracy:87.047
[181,   600] loss: 0.306 accuracy:86.997
[181,   700] loss: 0.307 accuracy:86.969
test_accuracy is 88.110 after epochs 180

Epoch: 181
[182,   100] loss: 0.311 accuracy:86.906
[182,   200] loss: 0.309 accuracy:86.930
[182,   300] loss: 0.307 accuracy:86.953
[182,   400] loss: 0.306 accuracy:86.902
[182,   500] loss: 0.307 accuracy:86.938
[182,   600] loss: 0.307 accuracy:86.857
[182,   700] loss: 0.306 accuracy:86.819
test_accuracy is 87.820 after epochs 181

Epoch: 182
[183,   100] loss: 0.312 accuracy:86.734
[183,   200] loss: 0.309 accuracy:86.703
[183,   300] loss: 0.307 accuracy:86.776
[183,   400] loss: 0.310 accuracy:86.625
[183,   500] loss: 0.309 accuracy:86.716
[183,   600] loss: 0.312 accuracy:86.549
[183,   700] loss: 0.312 accuracy:86.540
test_accuracy is 87.790 after epochs 182

Epoch: 183
[184,   100] loss: 0.313 accuracy:86.500
[184,   200] loss: 0.312 accuracy:86.688
[184,   300] loss: 0.311 accuracy:86.760
[184,   400] loss: 0.309 accuracy:86.887
[184,   500] loss: 0.309 accuracy:86.869
[184,   600] loss: 0.309 accuracy:86.872
[184,   700] loss: 0.308 accuracy:86.895
test_accuracy is 88.710 after epochs 183
Saving..

Epoch: 184
[185,   100] loss: 0.303 accuracy:87.125
[185,   200] loss: 0.300 accuracy:87.500
[185,   300] loss: 0.306 accuracy:87.214
[185,   400] loss: 0.307 accuracy:87.023
[185,   500] loss: 0.309 accuracy:86.906
[185,   600] loss: 0.305 accuracy:87.049
[185,   700] loss: 0.305 accuracy:87.038
test_accuracy is 88.870 after epochs 184
Saving..

Epoch: 185
[186,   100] loss: 0.307 accuracy:87.141
[186,   200] loss: 0.305 accuracy:87.164
[186,   300] loss: 0.305 accuracy:87.125
[186,   400] loss: 0.308 accuracy:86.977
[186,   500] loss: 0.306 accuracy:87.072
[186,   600] loss: 0.307 accuracy:87.065
[186,   700] loss: 0.307 accuracy:86.987
test_accuracy is 88.120 after epochs 185

Epoch: 186
[187,   100] loss: 0.296 accuracy:87.500
[187,   200] loss: 0.297 accuracy:87.391
[187,   300] loss: 0.301 accuracy:87.224
[187,   400] loss: 0.301 accuracy:87.203
[187,   500] loss: 0.303 accuracy:87.172
[187,   600] loss: 0.303 accuracy:87.234
[187,   700] loss: 0.302 accuracy:87.295
test_accuracy is 88.610 after epochs 186

Epoch: 187
[188,   100] loss: 0.304 accuracy:87.344
[188,   200] loss: 0.308 accuracy:87.055
[188,   300] loss: 0.307 accuracy:87.104
[188,   400] loss: 0.305 accuracy:87.211
[188,   500] loss: 0.308 accuracy:87.050
[188,   600] loss: 0.308 accuracy:86.971
[188,   700] loss: 0.308 accuracy:86.967
test_accuracy is 88.490 after epochs 187

Epoch: 188
[189,   100] loss: 0.295 accuracy:87.688
[189,   200] loss: 0.305 accuracy:87.086
[189,   300] loss: 0.306 accuracy:86.927
[189,   400] loss: 0.305 accuracy:86.918
[189,   500] loss: 0.305 accuracy:86.941
[189,   600] loss: 0.307 accuracy:86.849
[189,   700] loss: 0.308 accuracy:86.783
test_accuracy is 87.920 after epochs 188

Epoch: 189
[190,   100] loss: 0.293 accuracy:87.766
[190,   200] loss: 0.294 accuracy:87.773
[190,   300] loss: 0.298 accuracy:87.484
[190,   400] loss: 0.299 accuracy:87.422
[190,   500] loss: 0.299 accuracy:87.406
[190,   600] loss: 0.301 accuracy:87.276
[190,   700] loss: 0.302 accuracy:87.194
test_accuracy is 88.820 after epochs 189

Epoch: 190
[191,   100] loss: 0.308 accuracy:87.031
[191,   200] loss: 0.308 accuracy:86.875
[191,   300] loss: 0.307 accuracy:86.875
[191,   400] loss: 0.305 accuracy:86.988
[191,   500] loss: 0.307 accuracy:86.922
[191,   600] loss: 0.306 accuracy:87.060
[191,   700] loss: 0.304 accuracy:87.112
test_accuracy is 87.890 after epochs 190

Epoch: 191
[192,   100] loss: 0.306 accuracy:87.109
[192,   200] loss: 0.302 accuracy:87.453
[192,   300] loss: 0.301 accuracy:87.354
[192,   400] loss: 0.304 accuracy:87.203
[192,   500] loss: 0.303 accuracy:87.178
[192,   600] loss: 0.303 accuracy:87.174
[192,   700] loss: 0.303 accuracy:87.192
test_accuracy is 88.590 after epochs 191

Epoch: 192
[193,   100] loss: 0.295 accuracy:87.609
[193,   200] loss: 0.301 accuracy:87.297
[193,   300] loss: 0.303 accuracy:87.078
[193,   400] loss: 0.306 accuracy:86.965
[193,   500] loss: 0.306 accuracy:86.938
[193,   600] loss: 0.307 accuracy:86.807
[193,   700] loss: 0.305 accuracy:86.929
test_accuracy is 88.020 after epochs 192

Epoch: 193
[194,   100] loss: 0.303 accuracy:86.766
[194,   200] loss: 0.307 accuracy:86.719
[194,   300] loss: 0.307 accuracy:86.818
[194,   400] loss: 0.305 accuracy:86.922
[194,   500] loss: 0.304 accuracy:87.084
[194,   600] loss: 0.305 accuracy:87.073
[194,   700] loss: 0.301 accuracy:87.232
test_accuracy is 88.550 after epochs 193

Epoch: 194
[195,   100] loss: 0.301 accuracy:87.641
[195,   200] loss: 0.299 accuracy:87.406
[195,   300] loss: 0.299 accuracy:87.417
[195,   400] loss: 0.301 accuracy:87.395
[195,   500] loss: 0.301 accuracy:87.388
[195,   600] loss: 0.302 accuracy:87.375
[195,   700] loss: 0.302 accuracy:87.272
test_accuracy is 88.000 after epochs 194

Epoch: 195
[196,   100] loss: 0.304 accuracy:87.141
[196,   200] loss: 0.306 accuracy:87.086
[196,   300] loss: 0.303 accuracy:87.182
[196,   400] loss: 0.304 accuracy:87.113
[196,   500] loss: 0.305 accuracy:87.112
[196,   600] loss: 0.305 accuracy:87.130
[196,   700] loss: 0.304 accuracy:87.176
test_accuracy is 88.360 after epochs 195

Epoch: 196
[197,   100] loss: 0.290 accuracy:87.969
[197,   200] loss: 0.298 accuracy:87.500
[197,   300] loss: 0.298 accuracy:87.422
[197,   400] loss: 0.303 accuracy:87.184
[197,   500] loss: 0.302 accuracy:87.256
[197,   600] loss: 0.302 accuracy:87.263
[197,   700] loss: 0.302 accuracy:87.281
test_accuracy is 88.390 after epochs 196

Epoch: 197
[198,   100] loss: 0.305 accuracy:86.609
[198,   200] loss: 0.307 accuracy:86.695
[198,   300] loss: 0.306 accuracy:86.781
[198,   400] loss: 0.303 accuracy:86.934
[198,   500] loss: 0.306 accuracy:86.822
[198,   600] loss: 0.308 accuracy:86.781
[198,   700] loss: 0.307 accuracy:86.808
test_accuracy is 88.860 after epochs 197

Epoch: 198
[199,   100] loss: 0.305 accuracy:87.516
[199,   200] loss: 0.301 accuracy:87.594
[199,   300] loss: 0.303 accuracy:87.375
[199,   400] loss: 0.304 accuracy:87.340
[199,   500] loss: 0.305 accuracy:87.284
[199,   600] loss: 0.304 accuracy:87.284
[199,   700] loss: 0.305 accuracy:87.212
test_accuracy is 88.710 after epochs 198

Epoch: 199
[200,   100] loss: 0.313 accuracy:86.516
[200,   200] loss: 0.312 accuracy:86.766
[200,   300] loss: 0.311 accuracy:86.693
[200,   400] loss: 0.308 accuracy:86.859
[200,   500] loss: 0.306 accuracy:86.944
[200,   600] loss: 0.305 accuracy:87.021
[200,   700] loss: 0.304 accuracy:87.067
test_accuracy is 89.040 after epochs 199
Saving..
