000 (9125642.008.000) 02/11 00:03:25 Job submitted from host: <10.15.2.1:9618?PrivAddr=%3c172.22.0.101:9618%3fsock%3d2293896_6fb7_6%3e&PrivNet=internal.cluster.is.localnet&addrs=10.15.2.1-9618&noUDP&sock=2293896_6fb7_6>
...
001 (9125642.008.000) 02/11 01:46:53 Job executing on host: <172.22.2.63:9618?addrs=172.22.2.63-9618&noUDP&sock=22786_e114_3>
...
006 (9125642.008.000) 02/11 01:47:02 Image size of job updated: 31012
	19  -  MemoryUsage of job (MB)
	18868  -  ResidentSetSize of job (KB)
...
006 (9125642.008.000) 02/11 01:52:02 Image size of job updated: 2126056
	2052  -  MemoryUsage of job (MB)
	2101108  -  ResidentSetSize of job (KB)
...
006 (9125642.008.000) 02/11 01:57:03 Image size of job updated: 2127332
	2052  -  MemoryUsage of job (MB)
	2101108  -  ResidentSetSize of job (KB)
...
006 (9125642.008.000) 02/11 02:02:04 Image size of job updated: 2128492
	2052  -  MemoryUsage of job (MB)
	2101108  -  ResidentSetSize of job (KB)
...
006 (9125642.008.000) 02/11 02:07:05 Image size of job updated: 2128608
	2052  -  MemoryUsage of job (MB)
	2101108  -  ResidentSetSize of job (KB)
...
006 (9125642.008.000) 02/11 02:12:06 Image size of job updated: 2128608
	2053  -  MemoryUsage of job (MB)
	2101256  -  ResidentSetSize of job (KB)
...
006 (9125642.008.000) 02/11 03:27:12 Image size of job updated: 2128608
	2053  -  MemoryUsage of job (MB)
	2101596  -  ResidentSetSize of job (KB)
...
005 (9125642.008.000) 02/11 04:13:33 Job terminated.
	(1) Normal termination (return value 0)
		Usr 0 02:17:30, Sys 0 00:06:11  -  Run Remote Usage
		Usr 0 00:00:00, Sys 0 00:00:00  -  Run Local Usage
		Usr 0 02:17:30, Sys 0 00:06:11  -  Total Remote Usage
		Usr 0 00:00:00, Sys 0 00:00:00  -  Total Local Usage
	0  -  Run Bytes Sent By Job
	0  -  Run Bytes Received By Job
	0  -  Total Bytes Sent By Job
	0  -  Total Bytes Received By Job
	Partitionable Resources :    Usage  Request Allocated Assigned
	   Cpus                 :     1.01        1         1 
	   Disk (KB)            :     2           2    853458 
	   Gpus                 :                 1         1 "CUDA2"
	   Memory (MB)          :  2053       48000     48000 
...
