000 (9125642.001.000) 02/11 00:03:25 Job submitted from host: <10.15.2.1:9618?PrivAddr=%3c172.22.0.101:9618%3fsock%3d2293896_6fb7_6%3e&PrivNet=internal.cluster.is.localnet&addrs=10.15.2.1-9618&noUDP&sock=2293896_6fb7_6>
...
001 (9125642.001.000) 02/11 01:46:53 Job executing on host: <172.22.2.57:9618?addrs=172.22.2.57-9618&noUDP&sock=22837_dc68_3>
...
006 (9125642.001.000) 02/11 01:47:02 Image size of job updated: 32536
	20  -  MemoryUsage of job (MB)
	19732  -  ResidentSetSize of job (KB)
...
006 (9125642.001.000) 02/11 01:52:03 Image size of job updated: 2102308
	2029  -  MemoryUsage of job (MB)
	2077624  -  ResidentSetSize of job (KB)
...
006 (9125642.001.000) 02/11 01:57:03 Image size of job updated: 2103312
	2029  -  MemoryUsage of job (MB)
	2077624  -  ResidentSetSize of job (KB)
...
006 (9125642.001.000) 02/11 02:02:03 Image size of job updated: 2104880
	2029  -  MemoryUsage of job (MB)
	2077624  -  ResidentSetSize of job (KB)
...
006 (9125642.001.000) 02/11 02:07:04 Image size of job updated: 2106452
	2031  -  MemoryUsage of job (MB)
	2078732  -  ResidentSetSize of job (KB)
...
006 (9125642.001.000) 02/11 02:22:05 Image size of job updated: 2106520
	2031  -  MemoryUsage of job (MB)
	2078732  -  ResidentSetSize of job (KB)
...
006 (9125642.001.000) 02/11 02:37:07 Image size of job updated: 2106624
	2031  -  MemoryUsage of job (MB)
	2078772  -  ResidentSetSize of job (KB)
...
006 (9125642.001.000) 02/11 02:42:07 Image size of job updated: 2112784
	2031  -  MemoryUsage of job (MB)
	2078860  -  ResidentSetSize of job (KB)
...
006 (9125642.001.000) 02/11 02:47:08 Image size of job updated: 2114724
	2031  -  MemoryUsage of job (MB)
	2078860  -  ResidentSetSize of job (KB)
...
006 (9125642.001.000) 02/11 05:47:25 Image size of job updated: 2114724
	2031  -  MemoryUsage of job (MB)
	2079364  -  ResidentSetSize of job (KB)
...
004 (9125642.001.000) 02/11 05:51:06 Job was evicted.
	(0) Job was not checkpointed.
		Usr 0 03:57:23, Sys 0 00:04:20  -  Run Remote Usage
		Usr 0 00:00:00, Sys 0 00:00:00  -  Run Local Usage
	0  -  Run Bytes Sent By Job
	0  -  Run Bytes Received By Job
	Partitionable Resources :    Usage  Request Allocated Assigned
	   Cpus                 :     1.00        1         1 
	   Disk (KB)            :     2           2    853458 
	   Gpus                 :                 1         1 "CUDA2"
	   Memory (MB)          :  2031       48000     48000 
...
009 (9125642.001.000) 02/11 05:51:06 Job was aborted by the user.
	via condor_rm (by user sbauer)
...
