000 (9125642.006.000) 02/11 00:03:25 Job submitted from host: <10.15.2.1:9618?PrivAddr=%3c172.22.0.101:9618%3fsock%3d2293896_6fb7_6%3e&PrivNet=internal.cluster.is.localnet&addrs=10.15.2.1-9618&noUDP&sock=2293896_6fb7_6>
...
001 (9125642.006.000) 02/11 01:46:53 Job executing on host: <172.22.2.79:9618?addrs=172.22.2.79-9618&noUDP&sock=22929_f71f_3>
...
006 (9125642.006.000) 02/11 01:47:03 Image size of job updated: 45008
	22  -  MemoryUsage of job (MB)
	21776  -  ResidentSetSize of job (KB)
...
006 (9125642.006.000) 02/11 01:52:04 Image size of job updated: 2129256
	2055  -  MemoryUsage of job (MB)
	2104308  -  ResidentSetSize of job (KB)
...
006 (9125642.006.000) 02/11 01:57:04 Image size of job updated: 2130548
	2056  -  MemoryUsage of job (MB)
	2104544  -  ResidentSetSize of job (KB)
...
006 (9125642.006.000) 02/11 02:02:04 Image size of job updated: 2131488
	2056  -  MemoryUsage of job (MB)
	2104560  -  ResidentSetSize of job (KB)
...
006 (9125642.006.000) 02/11 02:07:05 Image size of job updated: 2132496
	2056  -  MemoryUsage of job (MB)
	2104776  -  ResidentSetSize of job (KB)
...
005 (9125642.006.000) 02/11 04:12:44 Job terminated.
	(1) Normal termination (return value 0)
		Usr 0 02:15:52, Sys 0 00:06:02  -  Run Remote Usage
		Usr 0 00:00:00, Sys 0 00:00:00  -  Run Local Usage
		Usr 0 02:15:52, Sys 0 00:06:02  -  Total Remote Usage
		Usr 0 00:00:00, Sys 0 00:00:00  -  Total Local Usage
	0  -  Run Bytes Sent By Job
	0  -  Run Bytes Received By Job
	0  -  Total Bytes Sent By Job
	0  -  Total Bytes Received By Job
	Partitionable Resources :    Usage  Request Allocated Assigned
	   Cpus                 :     0.97        1         1 
	   Disk (KB)            :     2           2    853458 
	   Gpus                 :                 1         1 "CUDA2"
	   Memory (MB)          :  2056       48000     48000 
...
