000 (9126475.003.000) 02/11 02:35:28 Job submitted from host: <10.15.2.1:9618?PrivAddr=%3c172.22.0.101:9618%3fsock%3d2293896_6fb7_6%3e&PrivNet=internal.cluster.is.localnet&addrs=10.15.2.1-9618&noUDP&sock=2293896_6fb7_6>
...
001 (9126475.003.000) 02/11 02:36:39 Job executing on host: <172.22.2.28:9618?addrs=172.22.2.28-9618&noUDP&sock=29272_bc59_3>
...
006 (9126475.003.000) 02/11 02:36:48 Image size of job updated: 105936
	46  -  MemoryUsage of job (MB)
	46800  -  ResidentSetSize of job (KB)
...
006 (9126475.003.000) 02/11 02:41:48 Image size of job updated: 2394008
	2063  -  MemoryUsage of job (MB)
	2111660  -  ResidentSetSize of job (KB)
...
006 (9126475.003.000) 02/11 03:01:51 Image size of job updated: 2397312
	2066  -  MemoryUsage of job (MB)
	2114964  -  ResidentSetSize of job (KB)
...
006 (9126475.003.000) 02/11 03:06:51 Image size of job updated: 2397468
	2066  -  MemoryUsage of job (MB)
	2115120  -  ResidentSetSize of job (KB)
...
005 (9126475.003.000) 02/11 05:29:50 Job terminated.
	(1) Normal termination (return value 0)
		Usr 0 02:45:28, Sys 0 00:05:59  -  Run Remote Usage
		Usr 0 00:00:00, Sys 0 00:00:00  -  Run Local Usage
		Usr 0 02:45:28, Sys 0 00:05:59  -  Total Remote Usage
		Usr 0 00:00:00, Sys 0 00:00:00  -  Total Local Usage
	0  -  Run Bytes Sent By Job
	0  -  Run Bytes Received By Job
	0  -  Total Bytes Sent By Job
	0  -  Total Bytes Received By Job
	Partitionable Resources :    Usage  Request Allocated Assigned
	   Cpus                 :     1.00        1         1 
	   Disk (KB)            :     2           2    853458 
	   Gpus                 :                 1         1 "CUDA4"
	   Memory (MB)          :  2066       48000     48000 
...
