000 (9126475.015.000) 02/11 02:35:28 Job submitted from host: <10.15.2.1:9618?PrivAddr=%3c172.22.0.101:9618%3fsock%3d2293896_6fb7_6%3e&PrivNet=internal.cluster.is.localnet&addrs=10.15.2.1-9618&noUDP&sock=2293896_6fb7_6>
...
001 (9126475.015.000) 02/11 02:39:16 Job executing on host: <172.22.2.92:9618?addrs=172.22.2.92-9618&noUDP&sock=2417553_da61_3>
...
006 (9126475.015.000) 02/11 02:39:25 Image size of job updated: 148696
	81  -  MemoryUsage of job (MB)
	82036  -  ResidentSetSize of job (KB)
...
006 (9126475.015.000) 02/11 02:44:26 Image size of job updated: 2376132
	2047  -  MemoryUsage of job (MB)
	2095368  -  ResidentSetSize of job (KB)
...
006 (9126475.015.000) 02/11 02:49:27 Image size of job updated: 2376132
	2047  -  MemoryUsage of job (MB)
	2095372  -  ResidentSetSize of job (KB)
...
006 (9126475.015.000) 02/11 02:54:28 Image size of job updated: 2376132
	2047  -  MemoryUsage of job (MB)
	2095708  -  ResidentSetSize of job (KB)
...
006 (9126475.015.000) 02/11 02:59:28 Image size of job updated: 2376196
	2047  -  MemoryUsage of job (MB)
	2095708  -  ResidentSetSize of job (KB)
...
006 (9126475.015.000) 02/11 03:04:28 Image size of job updated: 2376356
	2047  -  MemoryUsage of job (MB)
	2095708  -  ResidentSetSize of job (KB)
...
005 (9126475.015.000) 02/11 05:49:26 Job terminated.
	(1) Normal termination (return value 0)
		Usr 0 03:00:16, Sys 0 00:09:30  -  Run Remote Usage
		Usr 0 00:00:00, Sys 0 00:00:00  -  Run Local Usage
		Usr 0 03:00:16, Sys 0 00:09:30  -  Total Remote Usage
		Usr 0 00:00:00, Sys 0 00:00:00  -  Total Local Usage
	0  -  Run Bytes Sent By Job
	0  -  Run Bytes Received By Job
	0  -  Total Bytes Sent By Job
	0  -  Total Bytes Received By Job
	Partitionable Resources :    Usage  Request Allocated Assigned
	   Cpus                 :     1.00        1         1 
	   Disk (KB)            :     2           2    847459 
	   Gpus                 :                 1         1 "CUDA6"
	   Memory (MB)          :  2047       48000     48000 
...
