HXLN_LN_LSTM-default-data-Triangle-version-0-num_layers-4-num_templates-4-dropout-0.1-epochs-200-patch_size-4-num_heads-4-batch_size-64-lr-0.0001-256-512-2-2-True-6-True-True-20-True-8-False-3
transformer embed_dim 256
functional? False
total heads 4
head dim 64
use topk?True
topk:20
MEM SLOTS:8
Null attention:False
USING SHARED MEMORY ATTENTION +++++++++
Using gate style unit
query:32896
key:32896
value:65792
attention_mlp:65792
layernorm1:512
layernorm2:512
input_projector:65792
input projector:256
input_gate_projector:208640
memory_gate_projector:1052672
relational volatie!!!
1525506
Total number of parameters:1948678

Epoch: 0
[1,   100] loss: 0.738 accuracy:50.438
[1,   200] loss: 0.728 accuracy:50.062
[1,   300] loss: 0.720 accuracy:50.380
[1,   400] loss: 0.716 accuracy:50.418
[1,   500] loss: 0.713 accuracy:50.700
[1,   600] loss: 0.711 accuracy:50.560
[1,   700] loss: 0.711 accuracy:50.480
test_accuracy is 50.240 after epochs 0
Saving..

Epoch: 1
[2,   100] loss: 0.698 accuracy:50.453
[2,   200] loss: 0.699 accuracy:49.992
[2,   300] loss: 0.698 accuracy:50.344
[2,   400] loss: 0.698 accuracy:50.359
[2,   500] loss: 0.698 accuracy:50.369
[2,   600] loss: 0.699 accuracy:50.406
[2,   700] loss: 0.699 accuracy:50.516
test_accuracy is 50.180 after epochs 1

Epoch: 2
[3,   100] loss: 0.696 accuracy:50.594
[3,   200] loss: 0.696 accuracy:50.633
[3,   300] loss: 0.696 accuracy:50.703
[3,   400] loss: 0.697 accuracy:50.914
[3,   500] loss: 0.697 accuracy:51.025
[3,   600] loss: 0.696 accuracy:51.161
[3,   700] loss: 0.696 accuracy:51.288
test_accuracy is 50.440 after epochs 2
Saving..

Epoch: 3
[4,   100] loss: 0.693 accuracy:51.922
[4,   200] loss: 0.694 accuracy:51.930
[4,   300] loss: 0.695 accuracy:51.771
[4,   400] loss: 0.695 accuracy:51.918
[4,   500] loss: 0.694 accuracy:52.072
[4,   600] loss: 0.694 accuracy:52.102
[4,   700] loss: 0.694 accuracy:52.038
test_accuracy is 49.940 after epochs 3

Epoch: 4
[5,   100] loss: 0.696 accuracy:50.766
[5,   200] loss: 0.694 accuracy:51.656
[5,   300] loss: 0.693 accuracy:52.089
[5,   400] loss: 0.692 accuracy:52.309
[5,   500] loss: 0.692 accuracy:52.612
[5,   600] loss: 0.692 accuracy:52.591
[5,   700] loss: 0.691 accuracy:52.728
test_accuracy is 52.470 after epochs 4
Saving..

Epoch: 5
[6,   100] loss: 0.691 accuracy:52.281
[6,   200] loss: 0.691 accuracy:52.750
[6,   300] loss: 0.691 accuracy:53.161
[6,   400] loss: 0.690 accuracy:53.262
[6,   500] loss: 0.690 accuracy:53.456
[6,   600] loss: 0.690 accuracy:53.331
[6,   700] loss: 0.691 accuracy:53.228
test_accuracy is 54.990 after epochs 5
Saving..

Epoch: 6
[7,   100] loss: 0.690 accuracy:54.391
[7,   200] loss: 0.689 accuracy:53.938
[7,   300] loss: 0.688 accuracy:54.276
[7,   400] loss: 0.688 accuracy:54.199
[7,   500] loss: 0.688 accuracy:54.169
[7,   600] loss: 0.688 accuracy:54.250
[7,   700] loss: 0.688 accuracy:54.147
test_accuracy is 55.100 after epochs 6
Saving..

Epoch: 7
[8,   100] loss: 0.686 accuracy:55.281
[8,   200] loss: 0.686 accuracy:54.836
[8,   300] loss: 0.688 accuracy:54.255
[8,   400] loss: 0.688 accuracy:54.160
[8,   500] loss: 0.688 accuracy:54.200
[8,   600] loss: 0.688 accuracy:54.250
[8,   700] loss: 0.688 accuracy:54.179
test_accuracy is 51.510 after epochs 7

Epoch: 8
[9,   100] loss: 0.692 accuracy:52.859
[9,   200] loss: 0.691 accuracy:53.266
[9,   300] loss: 0.690 accuracy:53.583
[9,   400] loss: 0.688 accuracy:54.094
[9,   500] loss: 0.688 accuracy:54.422
[9,   600] loss: 0.687 accuracy:54.638
[9,   700] loss: 0.687 accuracy:54.580
test_accuracy is 51.100 after epochs 8

Epoch: 9
[10,   100] loss: 0.684 accuracy:55.438
[10,   200] loss: 0.684 accuracy:55.578
[10,   300] loss: 0.684 accuracy:55.688
[10,   400] loss: 0.684 accuracy:55.699
[10,   500] loss: 0.684 accuracy:55.766
[10,   600] loss: 0.684 accuracy:55.591
[10,   700] loss: 0.684 accuracy:55.364
test_accuracy is 57.280 after epochs 9
Saving..

Epoch: 10
[11,   100] loss: 0.677 accuracy:57.844
[11,   200] loss: 0.679 accuracy:57.305
[11,   300] loss: 0.679 accuracy:57.099
[11,   400] loss: 0.681 accuracy:56.617
[11,   500] loss: 0.679 accuracy:56.994
[11,   600] loss: 0.681 accuracy:56.578
[11,   700] loss: 0.682 accuracy:56.429
test_accuracy is 59.370 after epochs 10
Saving..

Epoch: 11
[12,   100] loss: 0.683 accuracy:56.391
[12,   200] loss: 0.680 accuracy:56.602
[12,   300] loss: 0.681 accuracy:56.198
[12,   400] loss: 0.679 accuracy:56.559
[12,   500] loss: 0.679 accuracy:56.456
[12,   600] loss: 0.679 accuracy:56.458
[12,   700] loss: 0.679 accuracy:56.379
test_accuracy is 56.400 after epochs 11

Epoch: 12
[13,   100] loss: 0.675 accuracy:57.375
[13,   200] loss: 0.678 accuracy:56.641
[13,   300] loss: 0.676 accuracy:57.146
[13,   400] loss: 0.675 accuracy:57.387
[13,   500] loss: 0.675 accuracy:57.409
[13,   600] loss: 0.675 accuracy:57.349
[13,   700] loss: 0.675 accuracy:57.453
test_accuracy is 58.680 after epochs 12

Epoch: 13
[14,   100] loss: 0.678 accuracy:57.094
[14,   200] loss: 0.676 accuracy:57.461
[14,   300] loss: 0.675 accuracy:57.760
[14,   400] loss: 0.673 accuracy:58.070
[14,   500] loss: 0.673 accuracy:58.069
[14,   600] loss: 0.673 accuracy:58.000
[14,   700] loss: 0.672 accuracy:57.998
test_accuracy is 59.040 after epochs 13

Epoch: 14
[15,   100] loss: 0.666 accuracy:58.359
[15,   200] loss: 0.670 accuracy:57.578
[15,   300] loss: 0.669 accuracy:57.745
[15,   400] loss: 0.669 accuracy:57.957
[15,   500] loss: 0.669 accuracy:58.006
[15,   600] loss: 0.669 accuracy:58.177
[15,   700] loss: 0.669 accuracy:58.103
test_accuracy is 55.830 after epochs 14

Epoch: 15
[16,   100] loss: 0.664 accuracy:58.875
[16,   200] loss: 0.666 accuracy:58.711
[16,   300] loss: 0.666 accuracy:58.776
[16,   400] loss: 0.665 accuracy:59.137
[16,   500] loss: 0.665 accuracy:59.062
[16,   600] loss: 0.665 accuracy:58.997
[16,   700] loss: 0.666 accuracy:58.804
test_accuracy is 59.940 after epochs 15
Saving..

Epoch: 16
[17,   100] loss: 0.663 accuracy:59.438
[17,   200] loss: 0.663 accuracy:59.500
[17,   300] loss: 0.664 accuracy:59.297
[17,   400] loss: 0.664 accuracy:59.414
[17,   500] loss: 0.665 accuracy:59.147
[17,   600] loss: 0.665 accuracy:58.927
[17,   700] loss: 0.665 accuracy:58.846
test_accuracy is 57.370 after epochs 16

Epoch: 17
[18,   100] loss: 0.662 accuracy:59.625
[18,   200] loss: 0.665 accuracy:58.914
[18,   300] loss: 0.666 accuracy:58.724
[18,   400] loss: 0.666 accuracy:58.660
[18,   500] loss: 0.665 accuracy:58.638
[18,   600] loss: 0.665 accuracy:58.805
[18,   700] loss: 0.665 accuracy:58.801
test_accuracy is 59.610 after epochs 17

Epoch: 18
[19,   100] loss: 0.664 accuracy:58.531
[19,   200] loss: 0.664 accuracy:58.477
[19,   300] loss: 0.666 accuracy:58.156
[19,   400] loss: 0.665 accuracy:58.492
[19,   500] loss: 0.665 accuracy:58.575
[19,   600] loss: 0.663 accuracy:58.904
[19,   700] loss: 0.663 accuracy:58.951
test_accuracy is 60.450 after epochs 18
Saving..

Epoch: 19
[20,   100] loss: 0.663 accuracy:59.406
[20,   200] loss: 0.663 accuracy:59.109
[20,   300] loss: 0.663 accuracy:59.292
[20,   400] loss: 0.663 accuracy:59.289
[20,   500] loss: 0.663 accuracy:59.159
[20,   600] loss: 0.663 accuracy:59.250
[20,   700] loss: 0.662 accuracy:59.337
test_accuracy is 58.260 after epochs 19

Epoch: 20
[21,   100] loss: 0.659 accuracy:59.594
[21,   200] loss: 0.658 accuracy:60.008
[21,   300] loss: 0.659 accuracy:59.969
[21,   400] loss: 0.660 accuracy:59.852
[21,   500] loss: 0.660 accuracy:59.566
[21,   600] loss: 0.660 accuracy:59.688
[21,   700] loss: 0.659 accuracy:59.893
test_accuracy is 56.470 after epochs 20

Epoch: 21
[22,   100] loss: 0.654 accuracy:60.172
[22,   200] loss: 0.655 accuracy:60.438
[22,   300] loss: 0.658 accuracy:60.182
[22,   400] loss: 0.657 accuracy:60.246
[22,   500] loss: 0.657 accuracy:60.200
[22,   600] loss: 0.658 accuracy:60.086
[22,   700] loss: 0.658 accuracy:59.763
test_accuracy is 59.030 after epochs 21

Epoch: 22
[23,   100] loss: 0.661 accuracy:59.438
[23,   200] loss: 0.661 accuracy:59.164
[23,   300] loss: 0.659 accuracy:59.401
[23,   400] loss: 0.662 accuracy:59.133
[23,   500] loss: 0.661 accuracy:59.156
[23,   600] loss: 0.661 accuracy:59.333
[23,   700] loss: 0.661 accuracy:59.373
test_accuracy is 61.650 after epochs 22
Saving..

Epoch: 23
[24,   100] loss: 0.656 accuracy:59.781
[24,   200] loss: 0.652 accuracy:60.398
[24,   300] loss: 0.652 accuracy:60.818
[24,   400] loss: 0.653 accuracy:60.508
[24,   500] loss: 0.653 accuracy:60.631
[24,   600] loss: 0.654 accuracy:60.305
[24,   700] loss: 0.656 accuracy:60.038
test_accuracy is 58.950 after epochs 23

Epoch: 24
[25,   100] loss: 0.661 accuracy:59.406
[25,   200] loss: 0.658 accuracy:60.078
[25,   300] loss: 0.659 accuracy:59.583
[25,   400] loss: 0.659 accuracy:59.711
[25,   500] loss: 0.658 accuracy:59.750
[25,   600] loss: 0.659 accuracy:59.617
[25,   700] loss: 0.659 accuracy:59.683
test_accuracy is 60.530 after epochs 24

Epoch: 25
[26,   100] loss: 0.652 accuracy:60.656
[26,   200] loss: 0.652 accuracy:60.656
[26,   300] loss: 0.656 accuracy:60.359
[26,   400] loss: 0.657 accuracy:60.238
[26,   500] loss: 0.656 accuracy:60.397
[26,   600] loss: 0.656 accuracy:60.299
[26,   700] loss: 0.656 accuracy:60.306
test_accuracy is 60.930 after epochs 25

Epoch: 26
[27,   100] loss: 0.653 accuracy:60.672
[27,   200] loss: 0.652 accuracy:60.328
[27,   300] loss: 0.654 accuracy:60.260
[27,   400] loss: 0.653 accuracy:60.578
[27,   500] loss: 0.653 accuracy:60.525
[27,   600] loss: 0.654 accuracy:60.422
[27,   700] loss: 0.654 accuracy:60.433
test_accuracy is 58.100 after epochs 26

Epoch: 27
[28,   100] loss: 0.661 accuracy:58.438
[28,   200] loss: 0.659 accuracy:59.156
[28,   300] loss: 0.659 accuracy:59.266
[28,   400] loss: 0.656 accuracy:59.785
[28,   500] loss: 0.657 accuracy:59.825
[28,   600] loss: 0.655 accuracy:59.945
[28,   700] loss: 0.656 accuracy:59.964
test_accuracy is 60.620 after epochs 27

Epoch: 28
[29,   100] loss: 0.661 accuracy:59.391
[29,   200] loss: 0.658 accuracy:59.891
[29,   300] loss: 0.656 accuracy:60.068
[29,   400] loss: 0.656 accuracy:59.953
[29,   500] loss: 0.656 accuracy:59.875
[29,   600] loss: 0.657 accuracy:59.914
[29,   700] loss: 0.656 accuracy:60.089
test_accuracy is 60.680 after epochs 28

Epoch: 29
[30,   100] loss: 0.655 accuracy:60.312
[30,   200] loss: 0.656 accuracy:60.133
[30,   300] loss: 0.658 accuracy:59.672
[30,   400] loss: 0.657 accuracy:59.777
[30,   500] loss: 0.656 accuracy:59.950
[30,   600] loss: 0.656 accuracy:60.130
[30,   700] loss: 0.656 accuracy:60.085
test_accuracy is 61.200 after epochs 29

Epoch: 30
[31,   100] loss: 0.658 accuracy:59.531
[31,   200] loss: 0.655 accuracy:59.844
[31,   300] loss: 0.655 accuracy:59.854
[31,   400] loss: 0.655 accuracy:59.930
[31,   500] loss: 0.656 accuracy:59.819
[31,   600] loss: 0.655 accuracy:59.948
[31,   700] loss: 0.655 accuracy:60.049
test_accuracy is 61.620 after epochs 30

Epoch: 31
[32,   100] loss: 0.656 accuracy:60.438
[32,   200] loss: 0.655 accuracy:60.531
[32,   300] loss: 0.651 accuracy:60.880
[32,   400] loss: 0.652 accuracy:60.629
[32,   500] loss: 0.653 accuracy:60.528
[32,   600] loss: 0.653 accuracy:60.414
[32,   700] loss: 0.653 accuracy:60.435
test_accuracy is 61.130 after epochs 31

Epoch: 32
[33,   100] loss: 0.652 accuracy:60.969
[33,   200] loss: 0.651 accuracy:61.070
[33,   300] loss: 0.651 accuracy:61.370
[33,   400] loss: 0.650 accuracy:61.605
[33,   500] loss: 0.651 accuracy:61.356
[33,   600] loss: 0.650 accuracy:61.263
[33,   700] loss: 0.650 accuracy:61.127
test_accuracy is 59.160 after epochs 32

Epoch: 33
[34,   100] loss: 0.653 accuracy:60.156
[34,   200] loss: 0.653 accuracy:60.352
[34,   300] loss: 0.652 accuracy:60.495
[34,   400] loss: 0.650 accuracy:60.855
[34,   500] loss: 0.649 accuracy:60.913
[34,   600] loss: 0.648 accuracy:61.208
[34,   700] loss: 0.649 accuracy:61.112
test_accuracy is 62.460 after epochs 33
Saving..

Epoch: 34
[35,   100] loss: 0.648 accuracy:60.281
[35,   200] loss: 0.649 accuracy:60.539
[35,   300] loss: 0.649 accuracy:60.339
[35,   400] loss: 0.649 accuracy:60.480
[35,   500] loss: 0.649 accuracy:60.481
[35,   600] loss: 0.650 accuracy:60.531
[35,   700] loss: 0.650 accuracy:60.562
test_accuracy is 61.070 after epochs 34

Epoch: 35
[36,   100] loss: 0.651 accuracy:60.531
[36,   200] loss: 0.650 accuracy:60.211
[36,   300] loss: 0.648 accuracy:60.698
[36,   400] loss: 0.649 accuracy:60.684
[36,   500] loss: 0.648 accuracy:60.794
[36,   600] loss: 0.649 accuracy:60.690
[36,   700] loss: 0.650 accuracy:60.650
test_accuracy is 58.270 after epochs 35

Epoch: 36
[37,   100] loss: 0.653 accuracy:60.531
[37,   200] loss: 0.649 accuracy:60.773
[37,   300] loss: 0.649 accuracy:61.073
[37,   400] loss: 0.649 accuracy:60.898
[37,   500] loss: 0.649 accuracy:61.094
[37,   600] loss: 0.648 accuracy:61.255
[37,   700] loss: 0.649 accuracy:61.185
test_accuracy is 59.890 after epochs 36

Epoch: 37
[38,   100] loss: 0.650 accuracy:60.688
[38,   200] loss: 0.653 accuracy:60.492
[38,   300] loss: 0.650 accuracy:60.776
[38,   400] loss: 0.650 accuracy:60.816
[38,   500] loss: 0.650 accuracy:60.744
[38,   600] loss: 0.651 accuracy:60.523
[38,   700] loss: 0.650 accuracy:60.759
test_accuracy is 61.890 after epochs 37

Epoch: 38
[39,   100] loss: 0.650 accuracy:60.766
[39,   200] loss: 0.649 accuracy:60.695
[39,   300] loss: 0.648 accuracy:60.828
[39,   400] loss: 0.646 accuracy:61.195
[39,   500] loss: 0.646 accuracy:61.266
[39,   600] loss: 0.646 accuracy:61.365
[39,   700] loss: 0.646 accuracy:61.288
test_accuracy is 62.220 after epochs 38

Epoch: 39
[40,   100] loss: 0.647 accuracy:61.141
[40,   200] loss: 0.655 accuracy:60.336
[40,   300] loss: 0.653 accuracy:60.547
[40,   400] loss: 0.650 accuracy:61.156
[40,   500] loss: 0.650 accuracy:61.078
[40,   600] loss: 0.650 accuracy:61.253
[40,   700] loss: 0.649 accuracy:61.299
test_accuracy is 59.900 after epochs 39

Epoch: 40
[41,   100] loss: 0.648 accuracy:61.016
[41,   200] loss: 0.648 accuracy:61.203
[41,   300] loss: 0.647 accuracy:61.562
[41,   400] loss: 0.648 accuracy:61.242
[41,   500] loss: 0.647 accuracy:61.362
[41,   600] loss: 0.647 accuracy:61.375
[41,   700] loss: 0.645 accuracy:61.491
test_accuracy is 57.780 after epochs 40

Epoch: 41
[42,   100] loss: 0.644 accuracy:61.594
[42,   200] loss: 0.646 accuracy:61.242
[42,   300] loss: 0.642 accuracy:61.833
[42,   400] loss: 0.643 accuracy:61.676
[42,   500] loss: 0.642 accuracy:61.734
[42,   600] loss: 0.642 accuracy:61.802
[42,   700] loss: 0.642 accuracy:61.850
test_accuracy is 60.750 after epochs 41

Epoch: 42
[43,   100] loss: 0.640 accuracy:62.750
[43,   200] loss: 0.641 accuracy:62.211
[43,   300] loss: 0.642 accuracy:61.990
[43,   400] loss: 0.642 accuracy:62.098
[43,   500] loss: 0.644 accuracy:61.775
[43,   600] loss: 0.643 accuracy:61.872
[43,   700] loss: 0.643 accuracy:61.886
test_accuracy is 62.750 after epochs 42
Saving..

Epoch: 43
[44,   100] loss: 0.643 accuracy:61.578
[44,   200] loss: 0.646 accuracy:61.469
[44,   300] loss: 0.643 accuracy:61.750
[44,   400] loss: 0.643 accuracy:61.871
[44,   500] loss: 0.642 accuracy:62.006
[44,   600] loss: 0.642 accuracy:61.865
[44,   700] loss: 0.643 accuracy:61.855
test_accuracy is 61.710 after epochs 43

Epoch: 44
[45,   100] loss: 0.639 accuracy:61.766
[45,   200] loss: 0.640 accuracy:62.609
[45,   300] loss: 0.641 accuracy:62.370
[45,   400] loss: 0.641 accuracy:62.453
[45,   500] loss: 0.641 accuracy:62.381
[45,   600] loss: 0.641 accuracy:62.383
[45,   700] loss: 0.641 accuracy:62.460
test_accuracy is 60.970 after epochs 44

Epoch: 45
[46,   100] loss: 0.648 accuracy:61.922
[46,   200] loss: 0.643 accuracy:62.211
[46,   300] loss: 0.641 accuracy:62.208
[46,   400] loss: 0.643 accuracy:61.980
[46,   500] loss: 0.642 accuracy:62.044
[46,   600] loss: 0.643 accuracy:61.958
[46,   700] loss: 0.641 accuracy:62.054
test_accuracy is 62.340 after epochs 45

Epoch: 46
[47,   100] loss: 0.646 accuracy:62.172
[47,   200] loss: 0.641 accuracy:62.148
[47,   300] loss: 0.644 accuracy:61.807
[47,   400] loss: 0.642 accuracy:61.938
[47,   500] loss: 0.640 accuracy:62.031
[47,   600] loss: 0.640 accuracy:61.966
[47,   700] loss: 0.640 accuracy:61.971
test_accuracy is 63.150 after epochs 46
Saving..

Epoch: 47
[48,   100] loss: 0.642 accuracy:61.938
[48,   200] loss: 0.641 accuracy:62.055
[48,   300] loss: 0.642 accuracy:61.729
[48,   400] loss: 0.643 accuracy:61.641
[48,   500] loss: 0.643 accuracy:61.744
[48,   600] loss: 0.642 accuracy:61.906
[48,   700] loss: 0.641 accuracy:62.054
test_accuracy is 63.560 after epochs 47
Saving..

Epoch: 48
[49,   100] loss: 0.626 accuracy:64.109
[49,   200] loss: 0.634 accuracy:62.758
[49,   300] loss: 0.634 accuracy:62.714
[49,   400] loss: 0.634 accuracy:62.906
[49,   500] loss: 0.637 accuracy:62.459
[49,   600] loss: 0.636 accuracy:62.484
[49,   700] loss: 0.636 accuracy:62.536
test_accuracy is 61.890 after epochs 48

Epoch: 49
[50,   100] loss: 0.643 accuracy:61.609
[50,   200] loss: 0.637 accuracy:62.781
[50,   300] loss: 0.636 accuracy:62.859
[50,   400] loss: 0.636 accuracy:62.711
[50,   500] loss: 0.634 accuracy:62.978
[50,   600] loss: 0.636 accuracy:62.721
[50,   700] loss: 0.637 accuracy:62.701
test_accuracy is 62.490 after epochs 49

Epoch: 50
[51,   100] loss: 0.647 accuracy:61.250
[51,   200] loss: 0.639 accuracy:62.305
[51,   300] loss: 0.637 accuracy:62.500
[51,   400] loss: 0.636 accuracy:62.668
[51,   500] loss: 0.635 accuracy:62.803
[51,   600] loss: 0.636 accuracy:62.729
[51,   700] loss: 0.636 accuracy:62.665
test_accuracy is 61.910 after epochs 50

Epoch: 51
[52,   100] loss: 0.640 accuracy:62.391
[52,   200] loss: 0.635 accuracy:62.742
[52,   300] loss: 0.635 accuracy:62.964
[52,   400] loss: 0.634 accuracy:63.102
[52,   500] loss: 0.634 accuracy:63.044
[52,   600] loss: 0.634 accuracy:63.049
[52,   700] loss: 0.633 accuracy:63.161
test_accuracy is 63.940 after epochs 51
Saving..

Epoch: 52
[53,   100] loss: 0.631 accuracy:62.828
[53,   200] loss: 0.632 accuracy:62.820
[53,   300] loss: 0.632 accuracy:62.870
[53,   400] loss: 0.632 accuracy:62.902
[53,   500] loss: 0.632 accuracy:62.959
[53,   600] loss: 0.633 accuracy:63.021
[53,   700] loss: 0.632 accuracy:63.096
test_accuracy is 64.530 after epochs 52
Saving..

Epoch: 53
[54,   100] loss: 0.629 accuracy:63.438
[54,   200] loss: 0.633 accuracy:62.508
[54,   300] loss: 0.632 accuracy:62.849
[54,   400] loss: 0.634 accuracy:62.508
[54,   500] loss: 0.635 accuracy:62.394
[54,   600] loss: 0.634 accuracy:62.435
[54,   700] loss: 0.633 accuracy:62.667
test_accuracy is 61.710 after epochs 53

Epoch: 54
[55,   100] loss: 0.631 accuracy:63.188
[55,   200] loss: 0.630 accuracy:63.523
[55,   300] loss: 0.631 accuracy:63.292
[55,   400] loss: 0.633 accuracy:62.945
[55,   500] loss: 0.632 accuracy:63.025
[55,   600] loss: 0.632 accuracy:63.062
[55,   700] loss: 0.631 accuracy:63.156
test_accuracy is 63.190 after epochs 54

Epoch: 55
[56,   100] loss: 0.628 accuracy:62.891
[56,   200] loss: 0.625 accuracy:63.445
[56,   300] loss: 0.624 accuracy:63.562
[56,   400] loss: 0.625 accuracy:63.508
[56,   500] loss: 0.625 accuracy:63.434
[56,   600] loss: 0.625 accuracy:63.427
[56,   700] loss: 0.626 accuracy:63.438
test_accuracy is 65.250 after epochs 55
Saving..

Epoch: 56
[57,   100] loss: 0.622 accuracy:63.812
[57,   200] loss: 0.625 accuracy:63.508
[57,   300] loss: 0.624 accuracy:63.875
[57,   400] loss: 0.626 accuracy:63.797
[57,   500] loss: 0.627 accuracy:63.638
[57,   600] loss: 0.627 accuracy:63.555
[57,   700] loss: 0.628 accuracy:63.473
test_accuracy is 64.020 after epochs 56

Epoch: 57
[58,   100] loss: 0.628 accuracy:62.766
[58,   200] loss: 0.625 accuracy:63.164
[58,   300] loss: 0.627 accuracy:62.964
[58,   400] loss: 0.626 accuracy:63.285
[58,   500] loss: 0.628 accuracy:63.141
[58,   600] loss: 0.627 accuracy:63.260
[58,   700] loss: 0.626 accuracy:63.357
test_accuracy is 64.150 after epochs 57

Epoch: 58
[59,   100] loss: 0.630 accuracy:63.328
[59,   200] loss: 0.628 accuracy:63.633
[59,   300] loss: 0.621 accuracy:64.255
[59,   400] loss: 0.622 accuracy:64.375
[59,   500] loss: 0.621 accuracy:64.487
[59,   600] loss: 0.620 accuracy:64.664
[59,   700] loss: 0.622 accuracy:64.560
test_accuracy is 64.200 after epochs 58

Epoch: 59
[60,   100] loss: 0.619 accuracy:64.625
[60,   200] loss: 0.620 accuracy:64.508
[60,   300] loss: 0.621 accuracy:64.120
[60,   400] loss: 0.618 accuracy:64.516
[60,   500] loss: 0.617 accuracy:64.634
[60,   600] loss: 0.616 accuracy:64.771
[60,   700] loss: 0.616 accuracy:64.681
test_accuracy is 66.250 after epochs 59
Saving..

Epoch: 60
[61,   100] loss: 0.621 accuracy:64.141
[61,   200] loss: 0.622 accuracy:64.156
[61,   300] loss: 0.618 accuracy:64.583
[61,   400] loss: 0.614 accuracy:64.961
[61,   500] loss: 0.615 accuracy:64.781
[61,   600] loss: 0.615 accuracy:64.727
[61,   700] loss: 0.616 accuracy:64.708
test_accuracy is 66.750 after epochs 60
Saving..

Epoch: 61
[62,   100] loss: 0.612 accuracy:64.781
[62,   200] loss: 0.618 accuracy:64.406
[62,   300] loss: 0.615 accuracy:65.068
[62,   400] loss: 0.618 accuracy:64.723
[62,   500] loss: 0.617 accuracy:64.881
[62,   600] loss: 0.616 accuracy:64.932
[62,   700] loss: 0.616 accuracy:64.998
test_accuracy is 64.740 after epochs 61

Epoch: 62
[63,   100] loss: 0.610 accuracy:65.422
[63,   200] loss: 0.609 accuracy:65.219
[63,   300] loss: 0.608 accuracy:65.505
[63,   400] loss: 0.607 accuracy:65.648
[63,   500] loss: 0.607 accuracy:65.609
[63,   600] loss: 0.607 accuracy:65.805
[63,   700] loss: 0.607 accuracy:65.819
test_accuracy is 65.820 after epochs 62

Epoch: 63
[64,   100] loss: 0.608 accuracy:65.969
[64,   200] loss: 0.609 accuracy:65.992
[64,   300] loss: 0.608 accuracy:66.115
[64,   400] loss: 0.607 accuracy:66.145
[64,   500] loss: 0.608 accuracy:65.963
[64,   600] loss: 0.609 accuracy:65.875
[64,   700] loss: 0.609 accuracy:65.719
test_accuracy is 66.310 after epochs 63

Epoch: 64
[65,   100] loss: 0.611 accuracy:65.203
[65,   200] loss: 0.604 accuracy:66.070
[65,   300] loss: 0.604 accuracy:65.953
[65,   400] loss: 0.603 accuracy:66.016
[65,   500] loss: 0.601 accuracy:66.225
[65,   600] loss: 0.602 accuracy:66.190
[65,   700] loss: 0.601 accuracy:66.232
test_accuracy is 66.930 after epochs 64
Saving..

Epoch: 65
[66,   100] loss: 0.596 accuracy:66.531
[66,   200] loss: 0.602 accuracy:65.758
[66,   300] loss: 0.601 accuracy:65.760
[66,   400] loss: 0.601 accuracy:66.062
[66,   500] loss: 0.602 accuracy:66.022
[66,   600] loss: 0.601 accuracy:66.083
[66,   700] loss: 0.599 accuracy:66.277
test_accuracy is 67.940 after epochs 65
Saving..

Epoch: 66
[67,   100] loss: 0.589 accuracy:67.203
[67,   200] loss: 0.589 accuracy:67.312
[67,   300] loss: 0.589 accuracy:67.260
[67,   400] loss: 0.589 accuracy:67.129
[67,   500] loss: 0.590 accuracy:67.066
[67,   600] loss: 0.590 accuracy:67.130
[67,   700] loss: 0.588 accuracy:67.290
test_accuracy is 66.980 after epochs 66

Epoch: 67
[68,   100] loss: 0.593 accuracy:67.391
[68,   200] loss: 0.588 accuracy:67.836
[68,   300] loss: 0.588 accuracy:67.698
[68,   400] loss: 0.591 accuracy:67.371
[68,   500] loss: 0.589 accuracy:67.525
[68,   600] loss: 0.589 accuracy:67.576
[68,   700] loss: 0.589 accuracy:67.574
test_accuracy is 68.110 after epochs 67
Saving..

Epoch: 68
[69,   100] loss: 0.583 accuracy:68.359
[69,   200] loss: 0.586 accuracy:67.969
[69,   300] loss: 0.585 accuracy:68.005
[69,   400] loss: 0.583 accuracy:68.027
[69,   500] loss: 0.582 accuracy:68.112
[69,   600] loss: 0.585 accuracy:67.833
[69,   700] loss: 0.582 accuracy:68.141
test_accuracy is 69.370 after epochs 68
Saving..

Epoch: 69
[70,   100] loss: 0.572 accuracy:68.953
[70,   200] loss: 0.579 accuracy:68.344
[70,   300] loss: 0.576 accuracy:68.443
[70,   400] loss: 0.577 accuracy:68.363
[70,   500] loss: 0.575 accuracy:68.653
[70,   600] loss: 0.574 accuracy:68.674
[70,   700] loss: 0.574 accuracy:68.732
test_accuracy is 70.720 after epochs 69
Saving..

Epoch: 70
[71,   100] loss: 0.572 accuracy:69.094
[71,   200] loss: 0.570 accuracy:69.055
[71,   300] loss: 0.568 accuracy:69.260
[71,   400] loss: 0.567 accuracy:69.277
[71,   500] loss: 0.565 accuracy:69.412
[71,   600] loss: 0.565 accuracy:69.469
[71,   700] loss: 0.564 accuracy:69.475
test_accuracy is 69.850 after epochs 70

Epoch: 71
[72,   100] loss: 0.552 accuracy:70.688
[72,   200] loss: 0.551 accuracy:70.945
[72,   300] loss: 0.555 accuracy:70.781
[72,   400] loss: 0.554 accuracy:70.680
[72,   500] loss: 0.550 accuracy:71.037
[72,   600] loss: 0.549 accuracy:71.026
[72,   700] loss: 0.550 accuracy:71.007
test_accuracy is 72.360 after epochs 71
Saving..

Epoch: 72
[73,   100] loss: 0.552 accuracy:70.750
[73,   200] loss: 0.548 accuracy:70.688
[73,   300] loss: 0.544 accuracy:70.990
[73,   400] loss: 0.541 accuracy:71.348
[73,   500] loss: 0.540 accuracy:71.478
[73,   600] loss: 0.538 accuracy:71.807
[73,   700] loss: 0.536 accuracy:72.013
test_accuracy is 72.640 after epochs 72
Saving..

Epoch: 73
[74,   100] loss: 0.545 accuracy:71.391
[74,   200] loss: 0.552 accuracy:70.711
[74,   300] loss: 0.549 accuracy:71.021
[74,   400] loss: 0.546 accuracy:71.305
[74,   500] loss: 0.543 accuracy:71.722
[74,   600] loss: 0.541 accuracy:71.810
[74,   700] loss: 0.539 accuracy:71.996
test_accuracy is 74.790 after epochs 73
Saving..

Epoch: 74
[75,   100] loss: 0.524 accuracy:73.219
[75,   200] loss: 0.518 accuracy:73.719
[75,   300] loss: 0.516 accuracy:73.896
[75,   400] loss: 0.516 accuracy:74.016
[75,   500] loss: 0.517 accuracy:73.987
[75,   600] loss: 0.517 accuracy:73.919
[75,   700] loss: 0.516 accuracy:74.042
test_accuracy is 74.830 after epochs 74
Saving..

Epoch: 75
[76,   100] loss: 0.503 accuracy:74.656
[76,   200] loss: 0.510 accuracy:74.133
[76,   300] loss: 0.507 accuracy:74.438
[76,   400] loss: 0.509 accuracy:74.258
[76,   500] loss: 0.507 accuracy:74.453
[76,   600] loss: 0.505 accuracy:74.560
[76,   700] loss: 0.508 accuracy:74.462
test_accuracy is 76.220 after epochs 75
Saving..

Epoch: 76
[77,   100] loss: 0.513 accuracy:74.281
[77,   200] loss: 0.507 accuracy:74.375
[77,   300] loss: 0.506 accuracy:74.651
[77,   400] loss: 0.502 accuracy:74.785
[77,   500] loss: 0.502 accuracy:74.778
[77,   600] loss: 0.500 accuracy:75.016
[77,   700] loss: 0.498 accuracy:75.176
test_accuracy is 77.810 after epochs 76
Saving..

Epoch: 77
[78,   100] loss: 0.491 accuracy:75.641
[78,   200] loss: 0.485 accuracy:75.828
[78,   300] loss: 0.486 accuracy:75.578
[78,   400] loss: 0.483 accuracy:75.844
[78,   500] loss: 0.482 accuracy:76.022
[78,   600] loss: 0.481 accuracy:76.159
[78,   700] loss: 0.480 accuracy:76.261
test_accuracy is 79.500 after epochs 77
Saving..

Epoch: 78
[79,   100] loss: 0.484 accuracy:76.188
[79,   200] loss: 0.479 accuracy:76.766
[79,   300] loss: 0.476 accuracy:76.781
[79,   400] loss: 0.470 accuracy:77.246
[79,   500] loss: 0.467 accuracy:77.316
[79,   600] loss: 0.466 accuracy:77.430
[79,   700] loss: 0.465 accuracy:77.538
test_accuracy is 78.740 after epochs 78

Epoch: 79
[80,   100] loss: 0.447 accuracy:78.688
[80,   200] loss: 0.455 accuracy:78.141
[80,   300] loss: 0.458 accuracy:77.948
[80,   400] loss: 0.456 accuracy:78.090
[80,   500] loss: 0.449 accuracy:78.606
[80,   600] loss: 0.445 accuracy:78.859
[80,   700] loss: 0.444 accuracy:79.029
test_accuracy is 74.920 after epochs 79

Epoch: 80
[81,   100] loss: 0.427 accuracy:80.312
[81,   200] loss: 0.434 accuracy:79.844
[81,   300] loss: 0.436 accuracy:79.703
[81,   400] loss: 0.430 accuracy:80.133
[81,   500] loss: 0.431 accuracy:80.025
[81,   600] loss: 0.429 accuracy:80.141
[81,   700] loss: 0.430 accuracy:80.029
test_accuracy is 82.950 after epochs 80
Saving..

Epoch: 81
[82,   100] loss: 0.423 accuracy:80.344
[82,   200] loss: 0.418 accuracy:80.617
[82,   300] loss: 0.415 accuracy:80.786
[82,   400] loss: 0.411 accuracy:81.070
[82,   500] loss: 0.413 accuracy:80.866
[82,   600] loss: 0.411 accuracy:80.987
[82,   700] loss: 0.412 accuracy:80.960
test_accuracy is 83.790 after epochs 81
Saving..

Epoch: 82
[83,   100] loss: 0.393 accuracy:82.375
[83,   200] loss: 0.396 accuracy:82.273
[83,   300] loss: 0.399 accuracy:81.958
[83,   400] loss: 0.396 accuracy:82.227
[83,   500] loss: 0.394 accuracy:82.247
[83,   600] loss: 0.395 accuracy:82.268
[83,   700] loss: 0.393 accuracy:82.373
test_accuracy is 79.470 after epochs 82

Epoch: 83
[84,   100] loss: 0.405 accuracy:82.484
[84,   200] loss: 0.400 accuracy:82.562
[84,   300] loss: 0.393 accuracy:82.781
[84,   400] loss: 0.389 accuracy:82.961
[84,   500] loss: 0.391 accuracy:82.741
[84,   600] loss: 0.391 accuracy:82.841
[84,   700] loss: 0.388 accuracy:82.978
test_accuracy is 84.510 after epochs 83
Saving..

Epoch: 84
[85,   100] loss: 0.397 accuracy:82.094
[85,   200] loss: 0.384 accuracy:83.094
[85,   300] loss: 0.381 accuracy:83.109
[85,   400] loss: 0.380 accuracy:83.121
[85,   500] loss: 0.380 accuracy:83.153
[85,   600] loss: 0.380 accuracy:83.307
[85,   700] loss: 0.377 accuracy:83.496
test_accuracy is 83.390 after epochs 84

Epoch: 85
[86,   100] loss: 0.356 accuracy:85.000
[86,   200] loss: 0.347 accuracy:85.289
[86,   300] loss: 0.349 accuracy:85.234
[86,   400] loss: 0.350 accuracy:85.145
[86,   500] loss: 0.351 accuracy:85.034
[86,   600] loss: 0.350 accuracy:85.052
[86,   700] loss: 0.352 accuracy:84.848
test_accuracy is 85.020 after epochs 85
Saving..

Epoch: 86
[87,   100] loss: 0.347 accuracy:85.219
[87,   200] loss: 0.354 accuracy:84.836
[87,   300] loss: 0.356 accuracy:84.667
[87,   400] loss: 0.355 accuracy:84.672
[87,   500] loss: 0.352 accuracy:84.866
[87,   600] loss: 0.346 accuracy:85.297
[87,   700] loss: 0.344 accuracy:85.375
test_accuracy is 86.690 after epochs 86
Saving..

Epoch: 87
[88,   100] loss: 0.350 accuracy:85.031
[88,   200] loss: 0.337 accuracy:85.828
[88,   300] loss: 0.340 accuracy:85.495
[88,   400] loss: 0.341 accuracy:85.480
[88,   500] loss: 0.338 accuracy:85.691
[88,   600] loss: 0.337 accuracy:85.711
[88,   700] loss: 0.333 accuracy:85.904
test_accuracy is 85.150 after epochs 87

Epoch: 88
[89,   100] loss: 0.326 accuracy:86.219
[89,   200] loss: 0.327 accuracy:86.531
[89,   300] loss: 0.322 accuracy:86.766
[89,   400] loss: 0.322 accuracy:86.711
[89,   500] loss: 0.323 accuracy:86.688
[89,   600] loss: 0.326 accuracy:86.484
[89,   700] loss: 0.325 accuracy:86.504
test_accuracy is 88.360 after epochs 88
Saving..

Epoch: 89
[90,   100] loss: 0.330 accuracy:86.531
[90,   200] loss: 0.324 accuracy:86.695
[90,   300] loss: 0.323 accuracy:86.672
[90,   400] loss: 0.321 accuracy:86.699
[90,   500] loss: 0.319 accuracy:86.778
[90,   600] loss: 0.318 accuracy:86.792
[90,   700] loss: 0.317 accuracy:86.826
test_accuracy is 88.010 after epochs 89

Epoch: 90
[91,   100] loss: 0.318 accuracy:86.812
[91,   200] loss: 0.318 accuracy:86.836
[91,   300] loss: 0.315 accuracy:86.958
[91,   400] loss: 0.312 accuracy:87.168
[91,   500] loss: 0.311 accuracy:87.325
[91,   600] loss: 0.309 accuracy:87.359
[91,   700] loss: 0.307 accuracy:87.424
test_accuracy is 87.960 after epochs 90

Epoch: 91
[92,   100] loss: 0.309 accuracy:87.172
[92,   200] loss: 0.312 accuracy:87.109
[92,   300] loss: 0.314 accuracy:86.964
[92,   400] loss: 0.309 accuracy:87.121
[92,   500] loss: 0.306 accuracy:87.425
[92,   600] loss: 0.303 accuracy:87.565
[92,   700] loss: 0.301 accuracy:87.746
test_accuracy is 87.890 after epochs 91

Epoch: 92
[93,   100] loss: 0.314 accuracy:87.000
[93,   200] loss: 0.304 accuracy:87.289
[93,   300] loss: 0.301 accuracy:87.708
[93,   400] loss: 0.301 accuracy:87.754
[93,   500] loss: 0.301 accuracy:87.806
[93,   600] loss: 0.302 accuracy:87.654
[93,   700] loss: 0.300 accuracy:87.759
test_accuracy is 89.400 after epochs 92
Saving..

Epoch: 93
[94,   100] loss: 0.288 accuracy:88.500
[94,   200] loss: 0.287 accuracy:88.570
[94,   300] loss: 0.289 accuracy:88.401
[94,   400] loss: 0.288 accuracy:88.531
[94,   500] loss: 0.291 accuracy:88.366
[94,   600] loss: 0.292 accuracy:88.352
[94,   700] loss: 0.292 accuracy:88.377
test_accuracy is 89.110 after epochs 93

Epoch: 94
[95,   100] loss: 0.286 accuracy:88.594
[95,   200] loss: 0.278 accuracy:88.844
[95,   300] loss: 0.282 accuracy:88.661
[95,   400] loss: 0.281 accuracy:88.723
[95,   500] loss: 0.279 accuracy:88.828
[95,   600] loss: 0.275 accuracy:88.951
[95,   700] loss: 0.274 accuracy:89.002
test_accuracy is 88.320 after epochs 94

Epoch: 95
[96,   100] loss: 0.274 accuracy:88.953
[96,   200] loss: 0.275 accuracy:89.016
[96,   300] loss: 0.273 accuracy:89.214
[96,   400] loss: 0.272 accuracy:89.266
[96,   500] loss: 0.271 accuracy:89.216
[96,   600] loss: 0.272 accuracy:89.135
[96,   700] loss: 0.273 accuracy:89.121
test_accuracy is 89.400 after epochs 95

Epoch: 96
[97,   100] loss: 0.280 accuracy:88.656
[97,   200] loss: 0.263 accuracy:89.492
[97,   300] loss: 0.265 accuracy:89.453
[97,   400] loss: 0.265 accuracy:89.465
[97,   500] loss: 0.266 accuracy:89.416
[97,   600] loss: 0.263 accuracy:89.617
[97,   700] loss: 0.266 accuracy:89.496
test_accuracy is 90.350 after epochs 96
Saving..

Epoch: 97
[98,   100] loss: 0.264 accuracy:89.578
[98,   200] loss: 0.257 accuracy:89.938
[98,   300] loss: 0.259 accuracy:89.807
[98,   400] loss: 0.266 accuracy:89.508
[98,   500] loss: 0.264 accuracy:89.553
[98,   600] loss: 0.262 accuracy:89.703
[98,   700] loss: 0.259 accuracy:89.826
test_accuracy is 90.670 after epochs 97
Saving..

Epoch: 98
[99,   100] loss: 0.248 accuracy:90.219
[99,   200] loss: 0.256 accuracy:89.906
[99,   300] loss: 0.257 accuracy:90.005
[99,   400] loss: 0.262 accuracy:89.699
[99,   500] loss: 0.259 accuracy:89.844
[99,   600] loss: 0.259 accuracy:89.818
[99,   700] loss: 0.259 accuracy:89.826
test_accuracy is 90.960 after epochs 98
Saving..

Epoch: 99
[100,   100] loss: 0.245 accuracy:90.953
[100,   200] loss: 0.248 accuracy:90.648
[100,   300] loss: 0.243 accuracy:90.755
[100,   400] loss: 0.247 accuracy:90.418
[100,   500] loss: 0.247 accuracy:90.425
[100,   600] loss: 0.248 accuracy:90.435
[100,   700] loss: 0.246 accuracy:90.491
test_accuracy is 91.920 after epochs 99
Saving..

Epoch: 100
[101,   100] loss: 0.251 accuracy:90.453
[101,   200] loss: 0.250 accuracy:90.352
[101,   300] loss: 0.242 accuracy:90.641
[101,   400] loss: 0.240 accuracy:90.781
[101,   500] loss: 0.237 accuracy:90.847
[101,   600] loss: 0.237 accuracy:90.883
[101,   700] loss: 0.239 accuracy:90.826
test_accuracy is 90.490 after epochs 100

Epoch: 101
[102,   100] loss: 0.229 accuracy:91.359
[102,   200] loss: 0.235 accuracy:91.070
[102,   300] loss: 0.239 accuracy:90.807
[102,   400] loss: 0.236 accuracy:90.984
[102,   500] loss: 0.234 accuracy:91.116
[102,   600] loss: 0.235 accuracy:91.029
[102,   700] loss: 0.236 accuracy:90.913
test_accuracy is 92.060 after epochs 101
Saving..

Epoch: 102
[103,   100] loss: 0.232 accuracy:91.297
[103,   200] loss: 0.233 accuracy:91.094
[103,   300] loss: 0.233 accuracy:91.161
[103,   400] loss: 0.231 accuracy:91.219
[103,   500] loss: 0.230 accuracy:91.222
[103,   600] loss: 0.229 accuracy:91.242
[103,   700] loss: 0.230 accuracy:91.188
test_accuracy is 91.970 after epochs 102

Epoch: 103
[104,   100] loss: 0.221 accuracy:91.984
[104,   200] loss: 0.222 accuracy:91.672
[104,   300] loss: 0.221 accuracy:91.661
[104,   400] loss: 0.225 accuracy:91.441
[104,   500] loss: 0.226 accuracy:91.406
[104,   600] loss: 0.229 accuracy:91.253
[104,   700] loss: 0.231 accuracy:91.150
test_accuracy is 92.770 after epochs 103
Saving..

Epoch: 104
[105,   100] loss: 0.219 accuracy:91.516
[105,   200] loss: 0.222 accuracy:91.523
[105,   300] loss: 0.219 accuracy:91.651
[105,   400] loss: 0.221 accuracy:91.613
[105,   500] loss: 0.219 accuracy:91.719
[105,   600] loss: 0.218 accuracy:91.753
[105,   700] loss: 0.217 accuracy:91.833
test_accuracy is 91.300 after epochs 104

Epoch: 105
[106,   100] loss: 0.243 accuracy:90.266
[106,   200] loss: 0.225 accuracy:91.281
[106,   300] loss: 0.225 accuracy:91.411
[106,   400] loss: 0.226 accuracy:91.395
[106,   500] loss: 0.225 accuracy:91.478
[106,   600] loss: 0.226 accuracy:91.451
[106,   700] loss: 0.223 accuracy:91.641
test_accuracy is 91.250 after epochs 105

Epoch: 106
[107,   100] loss: 0.215 accuracy:91.828
[107,   200] loss: 0.211 accuracy:92.188
[107,   300] loss: 0.209 accuracy:92.365
[107,   400] loss: 0.214 accuracy:92.207
[107,   500] loss: 0.213 accuracy:92.175
[107,   600] loss: 0.211 accuracy:92.266
[107,   700] loss: 0.211 accuracy:92.243
test_accuracy is 91.410 after epochs 106

Epoch: 107
[108,   100] loss: 0.200 accuracy:92.719
[108,   200] loss: 0.208 accuracy:92.398
[108,   300] loss: 0.207 accuracy:92.422
[108,   400] loss: 0.210 accuracy:92.305
[108,   500] loss: 0.209 accuracy:92.353
[108,   600] loss: 0.213 accuracy:92.164
[108,   700] loss: 0.212 accuracy:92.188
test_accuracy is 92.890 after epochs 107
Saving..

Epoch: 108
[109,   100] loss: 0.230 accuracy:91.406
[109,   200] loss: 0.215 accuracy:92.180
[109,   300] loss: 0.212 accuracy:92.208
[109,   400] loss: 0.214 accuracy:92.094
[109,   500] loss: 0.213 accuracy:92.097
[109,   600] loss: 0.213 accuracy:92.042
[109,   700] loss: 0.213 accuracy:92.027
test_accuracy is 91.860 after epochs 108

Epoch: 109
[110,   100] loss: 0.205 accuracy:92.438
[110,   200] loss: 0.201 accuracy:92.625
[110,   300] loss: 0.199 accuracy:92.792
[110,   400] loss: 0.201 accuracy:92.629
[110,   500] loss: 0.202 accuracy:92.550
[110,   600] loss: 0.201 accuracy:92.617
[110,   700] loss: 0.203 accuracy:92.502
test_accuracy is 91.670 after epochs 109

Epoch: 110
[111,   100] loss: 0.212 accuracy:92.188
[111,   200] loss: 0.208 accuracy:92.383
[111,   300] loss: 0.212 accuracy:92.188
[111,   400] loss: 0.208 accuracy:92.332
[111,   500] loss: 0.208 accuracy:92.366
[111,   600] loss: 0.208 accuracy:92.320
[111,   700] loss: 0.207 accuracy:92.288
test_accuracy is 93.590 after epochs 110
Saving..

Epoch: 111
[112,   100] loss: 0.216 accuracy:91.844
[112,   200] loss: 0.211 accuracy:92.086
[112,   300] loss: 0.215 accuracy:91.875
[112,   400] loss: 0.214 accuracy:91.949
[112,   500] loss: 0.213 accuracy:91.991
[112,   600] loss: 0.210 accuracy:92.086
[112,   700] loss: 0.210 accuracy:92.147
test_accuracy is 93.150 after epochs 111

Epoch: 112
[113,   100] loss: 0.195 accuracy:92.594
[113,   200] loss: 0.194 accuracy:92.703
[113,   300] loss: 0.192 accuracy:92.849
[113,   400] loss: 0.193 accuracy:92.852
[113,   500] loss: 0.196 accuracy:92.763
[113,   600] loss: 0.196 accuracy:92.781
[113,   700] loss: 0.196 accuracy:92.772
test_accuracy is 93.390 after epochs 112

Epoch: 113
[114,   100] loss: 0.195 accuracy:92.844
[114,   200] loss: 0.199 accuracy:92.758
[114,   300] loss: 0.198 accuracy:92.802
[114,   400] loss: 0.199 accuracy:92.762
[114,   500] loss: 0.198 accuracy:92.825
[114,   600] loss: 0.197 accuracy:92.906
[114,   700] loss: 0.198 accuracy:92.759
test_accuracy is 92.990 after epochs 113

Epoch: 114
[115,   100] loss: 0.190 accuracy:93.047
[115,   200] loss: 0.192 accuracy:93.125
[115,   300] loss: 0.197 accuracy:92.802
[115,   400] loss: 0.198 accuracy:92.648
[115,   500] loss: 0.199 accuracy:92.675
[115,   600] loss: 0.200 accuracy:92.682
[115,   700] loss: 0.199 accuracy:92.692
test_accuracy is 93.780 after epochs 114
Saving..

Epoch: 115
[116,   100] loss: 0.191 accuracy:93.062
[116,   200] loss: 0.190 accuracy:92.938
[116,   300] loss: 0.194 accuracy:92.812
[116,   400] loss: 0.195 accuracy:92.816
[116,   500] loss: 0.196 accuracy:92.797
[116,   600] loss: 0.195 accuracy:92.841
[116,   700] loss: 0.196 accuracy:92.815
test_accuracy is 94.090 after epochs 115
Saving..

Epoch: 116
[117,   100] loss: 0.197 accuracy:92.781
[117,   200] loss: 0.191 accuracy:93.188
[117,   300] loss: 0.191 accuracy:93.135
[117,   400] loss: 0.189 accuracy:93.172
[117,   500] loss: 0.189 accuracy:93.194
[117,   600] loss: 0.188 accuracy:93.247
[117,   700] loss: 0.188 accuracy:93.194
test_accuracy is 93.310 after epochs 116

Epoch: 117
[118,   100] loss: 0.197 accuracy:92.688
[118,   200] loss: 0.194 accuracy:92.750
[118,   300] loss: 0.193 accuracy:92.880
[118,   400] loss: 0.191 accuracy:92.988
[118,   500] loss: 0.190 accuracy:93.016
[118,   600] loss: 0.192 accuracy:92.883
[118,   700] loss: 0.191 accuracy:92.924
test_accuracy is 93.600 after epochs 117

Epoch: 118
[119,   100] loss: 0.197 accuracy:93.188
[119,   200] loss: 0.190 accuracy:93.422
[119,   300] loss: 0.192 accuracy:93.245
[119,   400] loss: 0.190 accuracy:93.340
[119,   500] loss: 0.189 accuracy:93.347
[119,   600] loss: 0.188 accuracy:93.326
[119,   700] loss: 0.189 accuracy:93.290
test_accuracy is 93.910 after epochs 118

Epoch: 119
[120,   100] loss: 0.184 accuracy:93.266
[120,   200] loss: 0.185 accuracy:93.375
[120,   300] loss: 0.183 accuracy:93.401
[120,   400] loss: 0.181 accuracy:93.488
[120,   500] loss: 0.182 accuracy:93.550
[120,   600] loss: 0.181 accuracy:93.586
[120,   700] loss: 0.179 accuracy:93.634
test_accuracy is 94.020 after epochs 119

Epoch: 120
[121,   100] loss: 0.179 accuracy:93.469
[121,   200] loss: 0.179 accuracy:93.555
[121,   300] loss: 0.182 accuracy:93.391
[121,   400] loss: 0.182 accuracy:93.375
[121,   500] loss: 0.181 accuracy:93.513
[121,   600] loss: 0.182 accuracy:93.534
[121,   700] loss: 0.180 accuracy:93.542
test_accuracy is 94.180 after epochs 120
Saving..

Epoch: 121
[122,   100] loss: 0.177 accuracy:93.422
[122,   200] loss: 0.173 accuracy:93.875
[122,   300] loss: 0.176 accuracy:93.771
[122,   400] loss: 0.177 accuracy:93.805
[122,   500] loss: 0.179 accuracy:93.709
[122,   600] loss: 0.178 accuracy:93.688
[122,   700] loss: 0.178 accuracy:93.690
test_accuracy is 92.580 after epochs 121

Epoch: 122
[123,   100] loss: 0.174 accuracy:93.875
[123,   200] loss: 0.181 accuracy:93.617
[123,   300] loss: 0.175 accuracy:93.771
[123,   400] loss: 0.175 accuracy:93.719
[123,   500] loss: 0.172 accuracy:93.834
[123,   600] loss: 0.172 accuracy:93.841
[123,   700] loss: 0.174 accuracy:93.790
test_accuracy is 94.290 after epochs 122
Saving..

Epoch: 123
[124,   100] loss: 0.183 accuracy:93.531
[124,   200] loss: 0.173 accuracy:93.812
[124,   300] loss: 0.176 accuracy:93.661
[124,   400] loss: 0.175 accuracy:93.742
[124,   500] loss: 0.174 accuracy:93.791
[124,   600] loss: 0.173 accuracy:93.854
[124,   700] loss: 0.172 accuracy:93.900
test_accuracy is 94.090 after epochs 123

Epoch: 124
[125,   100] loss: 0.176 accuracy:93.734
[125,   200] loss: 0.177 accuracy:93.602
[125,   300] loss: 0.172 accuracy:93.802
[125,   400] loss: 0.169 accuracy:93.980
[125,   500] loss: 0.169 accuracy:93.928
[125,   600] loss: 0.170 accuracy:93.945
[125,   700] loss: 0.167 accuracy:93.971
test_accuracy is 94.640 after epochs 124
Saving..

Epoch: 125
[126,   100] loss: 0.186 accuracy:93.422
[126,   200] loss: 0.179 accuracy:93.602
[126,   300] loss: 0.177 accuracy:93.818
[126,   400] loss: 0.173 accuracy:93.957
[126,   500] loss: 0.173 accuracy:93.997
[126,   600] loss: 0.172 accuracy:94.049
[126,   700] loss: 0.171 accuracy:94.051
test_accuracy is 93.920 after epochs 125

Epoch: 126
[127,   100] loss: 0.180 accuracy:93.594
[127,   200] loss: 0.176 accuracy:93.633
[127,   300] loss: 0.172 accuracy:93.792
[127,   400] loss: 0.171 accuracy:93.867
[127,   500] loss: 0.172 accuracy:93.900
[127,   600] loss: 0.171 accuracy:93.961
[127,   700] loss: 0.170 accuracy:93.964
test_accuracy is 94.220 after epochs 126

Epoch: 127
[128,   100] loss: 0.174 accuracy:93.891
[128,   200] loss: 0.171 accuracy:93.875
[128,   300] loss: 0.167 accuracy:94.062
[128,   400] loss: 0.166 accuracy:94.094
[128,   500] loss: 0.166 accuracy:94.156
[128,   600] loss: 0.166 accuracy:94.146
[128,   700] loss: 0.167 accuracy:94.109
test_accuracy is 94.880 after epochs 127
Saving..

Epoch: 128
[129,   100] loss: 0.163 accuracy:94.141
[129,   200] loss: 0.161 accuracy:94.094
[129,   300] loss: 0.165 accuracy:94.073
[129,   400] loss: 0.166 accuracy:94.078
[129,   500] loss: 0.166 accuracy:94.075
[129,   600] loss: 0.163 accuracy:94.219
[129,   700] loss: 0.163 accuracy:94.237
test_accuracy is 94.950 after epochs 128
Saving..

Epoch: 129
[130,   100] loss: 0.156 accuracy:94.547
[130,   200] loss: 0.160 accuracy:94.461
[130,   300] loss: 0.161 accuracy:94.510
[130,   400] loss: 0.158 accuracy:94.602
[130,   500] loss: 0.160 accuracy:94.528
[130,   600] loss: 0.158 accuracy:94.628
[130,   700] loss: 0.159 accuracy:94.531
test_accuracy is 94.750 after epochs 129

Epoch: 130
[131,   100] loss: 0.166 accuracy:94.203
[131,   200] loss: 0.168 accuracy:94.023
[131,   300] loss: 0.166 accuracy:94.172
[131,   400] loss: 0.166 accuracy:94.227
[131,   500] loss: 0.165 accuracy:94.231
[131,   600] loss: 0.165 accuracy:94.242
[131,   700] loss: 0.165 accuracy:94.283
test_accuracy is 94.770 after epochs 130

Epoch: 131
[132,   100] loss: 0.163 accuracy:94.203
[132,   200] loss: 0.158 accuracy:94.453
[132,   300] loss: 0.162 accuracy:94.354
[132,   400] loss: 0.160 accuracy:94.473
[132,   500] loss: 0.161 accuracy:94.391
[132,   600] loss: 0.162 accuracy:94.333
[132,   700] loss: 0.161 accuracy:94.364
test_accuracy is 95.100 after epochs 131
Saving..

Epoch: 132
[133,   100] loss: 0.149 accuracy:94.797
[133,   200] loss: 0.151 accuracy:94.680
[133,   300] loss: 0.155 accuracy:94.479
[133,   400] loss: 0.155 accuracy:94.453
[133,   500] loss: 0.155 accuracy:94.531
[133,   600] loss: 0.154 accuracy:94.549
[133,   700] loss: 0.155 accuracy:94.556
test_accuracy is 94.660 after epochs 132

Epoch: 133
[134,   100] loss: 0.165 accuracy:94.000
[134,   200] loss: 0.154 accuracy:94.562
[134,   300] loss: 0.155 accuracy:94.495
[134,   400] loss: 0.154 accuracy:94.602
[134,   500] loss: 0.154 accuracy:94.653
[134,   600] loss: 0.155 accuracy:94.596
[134,   700] loss: 0.153 accuracy:94.650
test_accuracy is 94.630 after epochs 133

Epoch: 134
[135,   100] loss: 0.146 accuracy:94.828
[135,   200] loss: 0.143 accuracy:95.008
[135,   300] loss: 0.153 accuracy:94.703
[135,   400] loss: 0.154 accuracy:94.605
[135,   500] loss: 0.152 accuracy:94.700
[135,   600] loss: 0.155 accuracy:94.596
[135,   700] loss: 0.155 accuracy:94.638
test_accuracy is 94.970 after epochs 134

Epoch: 135
[136,   100] loss: 0.157 accuracy:94.406
[136,   200] loss: 0.152 accuracy:94.648
[136,   300] loss: 0.148 accuracy:94.760
[136,   400] loss: 0.146 accuracy:94.805
[136,   500] loss: 0.146 accuracy:94.869
[136,   600] loss: 0.148 accuracy:94.763
[136,   700] loss: 0.149 accuracy:94.746
test_accuracy is 94.800 after epochs 135

Epoch: 136
[137,   100] loss: 0.155 accuracy:94.641
[137,   200] loss: 0.149 accuracy:94.883
[137,   300] loss: 0.150 accuracy:94.932
[137,   400] loss: 0.151 accuracy:94.871
[137,   500] loss: 0.149 accuracy:94.953
[137,   600] loss: 0.148 accuracy:94.984
[137,   700] loss: 0.149 accuracy:94.913
test_accuracy is 95.480 after epochs 136
Saving..

Epoch: 137
[138,   100] loss: 0.162 accuracy:94.234
[138,   200] loss: 0.158 accuracy:94.422
[138,   300] loss: 0.155 accuracy:94.682
[138,   400] loss: 0.155 accuracy:94.625
[138,   500] loss: 0.152 accuracy:94.722
[138,   600] loss: 0.151 accuracy:94.781
[138,   700] loss: 0.152 accuracy:94.741
test_accuracy is 95.210 after epochs 137

Epoch: 138
[139,   100] loss: 0.144 accuracy:94.828
[139,   200] loss: 0.142 accuracy:94.898
[139,   300] loss: 0.142 accuracy:94.984
[139,   400] loss: 0.142 accuracy:94.969
[139,   500] loss: 0.143 accuracy:94.925
[139,   600] loss: 0.144 accuracy:94.977
[139,   700] loss: 0.144 accuracy:95.007
test_accuracy is 95.200 after epochs 138

Epoch: 139
[140,   100] loss: 0.147 accuracy:95.094
[140,   200] loss: 0.146 accuracy:95.125
[140,   300] loss: 0.145 accuracy:95.203
[140,   400] loss: 0.146 accuracy:95.090
[140,   500] loss: 0.148 accuracy:95.041
[140,   600] loss: 0.149 accuracy:94.974
[140,   700] loss: 0.149 accuracy:94.951
test_accuracy is 95.390 after epochs 139

Epoch: 140
[141,   100] loss: 0.165 accuracy:94.500
[141,   200] loss: 0.157 accuracy:94.609
[141,   300] loss: 0.154 accuracy:94.698
[141,   400] loss: 0.150 accuracy:94.824
[141,   500] loss: 0.150 accuracy:94.822
[141,   600] loss: 0.148 accuracy:94.914
[141,   700] loss: 0.148 accuracy:94.877
test_accuracy is 95.460 after epochs 140

Epoch: 141
[142,   100] loss: 0.145 accuracy:95.094
[142,   200] loss: 0.144 accuracy:95.094
[142,   300] loss: 0.148 accuracy:94.995
[142,   400] loss: 0.150 accuracy:94.859
[142,   500] loss: 0.152 accuracy:94.809
[142,   600] loss: 0.150 accuracy:94.885
[142,   700] loss: 0.150 accuracy:94.886
test_accuracy is 95.550 after epochs 141
Saving..

Epoch: 142
[143,   100] loss: 0.143 accuracy:95.172
[143,   200] loss: 0.142 accuracy:95.102
[143,   300] loss: 0.145 accuracy:95.052
[143,   400] loss: 0.145 accuracy:95.051
[143,   500] loss: 0.143 accuracy:95.144
[143,   600] loss: 0.141 accuracy:95.240
[143,   700] loss: 0.142 accuracy:95.203
test_accuracy is 95.390 after epochs 142

Epoch: 143
[144,   100] loss: 0.150 accuracy:94.594
[144,   200] loss: 0.149 accuracy:94.852
[144,   300] loss: 0.147 accuracy:95.010
[144,   400] loss: 0.146 accuracy:95.098
[144,   500] loss: 0.145 accuracy:95.138
[144,   600] loss: 0.146 accuracy:95.060
[144,   700] loss: 0.146 accuracy:95.074
test_accuracy is 95.540 after epochs 143

Epoch: 144
[145,   100] loss: 0.138 accuracy:95.219
[145,   200] loss: 0.139 accuracy:95.320
[145,   300] loss: 0.139 accuracy:95.359
[145,   400] loss: 0.142 accuracy:95.266
[145,   500] loss: 0.142 accuracy:95.269
[145,   600] loss: 0.142 accuracy:95.276
[145,   700] loss: 0.140 accuracy:95.304
test_accuracy is 95.450 after epochs 144

Epoch: 145
[146,   100] loss: 0.143 accuracy:95.297
[146,   200] loss: 0.149 accuracy:94.961
[146,   300] loss: 0.148 accuracy:95.047
[146,   400] loss: 0.145 accuracy:95.223
[146,   500] loss: 0.146 accuracy:95.181
[146,   600] loss: 0.145 accuracy:95.201
[146,   700] loss: 0.144 accuracy:95.257
test_accuracy is 95.530 after epochs 145

Epoch: 146
[147,   100] loss: 0.146 accuracy:95.016
[147,   200] loss: 0.148 accuracy:94.797
[147,   300] loss: 0.146 accuracy:94.943
[147,   400] loss: 0.144 accuracy:94.988
[147,   500] loss: 0.145 accuracy:95.022
[147,   600] loss: 0.145 accuracy:95.029
[147,   700] loss: 0.144 accuracy:95.058
test_accuracy is 95.900 after epochs 146
Saving..

Epoch: 147
[148,   100] loss: 0.146 accuracy:95.125
[148,   200] loss: 0.143 accuracy:95.102
[148,   300] loss: 0.143 accuracy:95.182
[148,   400] loss: 0.141 accuracy:95.230
[148,   500] loss: 0.141 accuracy:95.200
[148,   600] loss: 0.142 accuracy:95.201
[148,   700] loss: 0.143 accuracy:95.129
test_accuracy is 95.240 after epochs 147

Epoch: 148
[149,   100] loss: 0.139 accuracy:95.297
[149,   200] loss: 0.137 accuracy:95.258
[149,   300] loss: 0.142 accuracy:95.094
[149,   400] loss: 0.142 accuracy:95.055
[149,   500] loss: 0.141 accuracy:95.125
[149,   600] loss: 0.142 accuracy:95.068
[149,   700] loss: 0.142 accuracy:95.085
test_accuracy is 95.710 after epochs 148

Epoch: 149
[150,   100] loss: 0.146 accuracy:95.359
[150,   200] loss: 0.139 accuracy:95.406
[150,   300] loss: 0.141 accuracy:95.234
[150,   400] loss: 0.141 accuracy:95.289
[150,   500] loss: 0.139 accuracy:95.356
[150,   600] loss: 0.140 accuracy:95.320
[150,   700] loss: 0.140 accuracy:95.310
test_accuracy is 95.590 after epochs 149

Epoch: 150
[151,   100] loss: 0.147 accuracy:95.000
[151,   200] loss: 0.145 accuracy:95.016
[151,   300] loss: 0.142 accuracy:95.141
[151,   400] loss: 0.142 accuracy:95.102
[151,   500] loss: 0.140 accuracy:95.231
[151,   600] loss: 0.142 accuracy:95.138
[151,   700] loss: 0.141 accuracy:95.163
test_accuracy is 95.680 after epochs 150

Epoch: 151
[152,   100] loss: 0.137 accuracy:95.328
[152,   200] loss: 0.135 accuracy:95.523
[152,   300] loss: 0.134 accuracy:95.469
[152,   400] loss: 0.137 accuracy:95.352
[152,   500] loss: 0.138 accuracy:95.319
[152,   600] loss: 0.135 accuracy:95.417
[152,   700] loss: 0.136 accuracy:95.342
test_accuracy is 95.160 after epochs 151

Epoch: 152
[153,   100] loss: 0.126 accuracy:95.797
[153,   200] loss: 0.126 accuracy:95.719
[153,   300] loss: 0.127 accuracy:95.708
[153,   400] loss: 0.130 accuracy:95.582
[153,   500] loss: 0.129 accuracy:95.650
[153,   600] loss: 0.132 accuracy:95.560
[153,   700] loss: 0.132 accuracy:95.527
test_accuracy is 95.610 after epochs 152

Epoch: 153
[154,   100] loss: 0.136 accuracy:95.328
[154,   200] loss: 0.131 accuracy:95.555
[154,   300] loss: 0.134 accuracy:95.490
[154,   400] loss: 0.134 accuracy:95.504
[154,   500] loss: 0.134 accuracy:95.516
[154,   600] loss: 0.132 accuracy:95.552
[154,   700] loss: 0.132 accuracy:95.580
test_accuracy is 96.050 after epochs 153
Saving..

Epoch: 154
[155,   100] loss: 0.135 accuracy:95.484
[155,   200] loss: 0.137 accuracy:95.406
[155,   300] loss: 0.136 accuracy:95.328
[155,   400] loss: 0.136 accuracy:95.348
[155,   500] loss: 0.135 accuracy:95.331
[155,   600] loss: 0.133 accuracy:95.435
[155,   700] loss: 0.134 accuracy:95.406
test_accuracy is 95.600 after epochs 154

Epoch: 155
[156,   100] loss: 0.130 accuracy:95.812
[156,   200] loss: 0.133 accuracy:95.625
[156,   300] loss: 0.134 accuracy:95.500
[156,   400] loss: 0.135 accuracy:95.461
[156,   500] loss: 0.133 accuracy:95.566
[156,   600] loss: 0.133 accuracy:95.586
[156,   700] loss: 0.134 accuracy:95.616
test_accuracy is 96.070 after epochs 155
Saving..

Epoch: 156
[157,   100] loss: 0.129 accuracy:95.875
[157,   200] loss: 0.131 accuracy:95.703
[157,   300] loss: 0.133 accuracy:95.547
[157,   400] loss: 0.130 accuracy:95.648
[157,   500] loss: 0.132 accuracy:95.544
[157,   600] loss: 0.132 accuracy:95.562
[157,   700] loss: 0.132 accuracy:95.554
test_accuracy is 95.950 after epochs 156

Epoch: 157
[158,   100] loss: 0.129 accuracy:95.703
[158,   200] loss: 0.127 accuracy:95.891
[158,   300] loss: 0.130 accuracy:95.714
[158,   400] loss: 0.130 accuracy:95.711
[158,   500] loss: 0.131 accuracy:95.678
[158,   600] loss: 0.131 accuracy:95.682
[158,   700] loss: 0.132 accuracy:95.652
test_accuracy is 96.020 after epochs 157

Epoch: 158
[159,   100] loss: 0.132 accuracy:95.375
[159,   200] loss: 0.132 accuracy:95.445
[159,   300] loss: 0.129 accuracy:95.578
[159,   400] loss: 0.127 accuracy:95.691
[159,   500] loss: 0.128 accuracy:95.659
[159,   600] loss: 0.129 accuracy:95.648
[159,   700] loss: 0.129 accuracy:95.632
test_accuracy is 95.900 after epochs 158

Epoch: 159
[160,   100] loss: 0.119 accuracy:96.125
[160,   200] loss: 0.124 accuracy:96.016
[160,   300] loss: 0.126 accuracy:95.922
[160,   400] loss: 0.128 accuracy:95.812
[160,   500] loss: 0.130 accuracy:95.756
[160,   600] loss: 0.130 accuracy:95.708
[160,   700] loss: 0.131 accuracy:95.658
test_accuracy is 95.930 after epochs 159

Epoch: 160
[161,   100] loss: 0.131 accuracy:95.500
[161,   200] loss: 0.125 accuracy:95.750
[161,   300] loss: 0.125 accuracy:95.656
[161,   400] loss: 0.126 accuracy:95.613
[161,   500] loss: 0.127 accuracy:95.597
[161,   600] loss: 0.126 accuracy:95.664
[161,   700] loss: 0.125 accuracy:95.714
test_accuracy is 96.070 after epochs 160

Epoch: 161
[162,   100] loss: 0.139 accuracy:95.609
[162,   200] loss: 0.133 accuracy:95.648
[162,   300] loss: 0.131 accuracy:95.688
[162,   400] loss: 0.131 accuracy:95.754
[162,   500] loss: 0.131 accuracy:95.737
[162,   600] loss: 0.133 accuracy:95.646
[162,   700] loss: 0.132 accuracy:95.643
test_accuracy is 96.170 after epochs 161
Saving..

Epoch: 162
[163,   100] loss: 0.126 accuracy:95.547
[163,   200] loss: 0.127 accuracy:95.477
[163,   300] loss: 0.129 accuracy:95.526
[163,   400] loss: 0.125 accuracy:95.664
[163,   500] loss: 0.126 accuracy:95.628
[163,   600] loss: 0.130 accuracy:95.581
[163,   700] loss: 0.128 accuracy:95.674
test_accuracy is 95.920 after epochs 162

Epoch: 163
[164,   100] loss: 0.129 accuracy:95.469
[164,   200] loss: 0.131 accuracy:95.531
[164,   300] loss: 0.131 accuracy:95.547
[164,   400] loss: 0.128 accuracy:95.695
[164,   500] loss: 0.129 accuracy:95.638
[164,   600] loss: 0.130 accuracy:95.669
[164,   700] loss: 0.129 accuracy:95.721
test_accuracy is 96.430 after epochs 163
Saving..

Epoch: 164
[165,   100] loss: 0.130 accuracy:95.875
[165,   200] loss: 0.121 accuracy:96.133
[165,   300] loss: 0.125 accuracy:95.953
[165,   400] loss: 0.125 accuracy:95.902
[165,   500] loss: 0.125 accuracy:95.987
[165,   600] loss: 0.126 accuracy:95.956
[165,   700] loss: 0.126 accuracy:95.906
test_accuracy is 95.740 after epochs 164

Epoch: 165
[166,   100] loss: 0.126 accuracy:95.906
[166,   200] loss: 0.129 accuracy:95.836
[166,   300] loss: 0.125 accuracy:95.969
[166,   400] loss: 0.124 accuracy:95.988
[166,   500] loss: 0.124 accuracy:95.987
[166,   600] loss: 0.127 accuracy:95.862
[166,   700] loss: 0.126 accuracy:95.855
test_accuracy is 95.770 after epochs 165

Epoch: 166
[167,   100] loss: 0.129 accuracy:95.891
[167,   200] loss: 0.121 accuracy:96.156
[167,   300] loss: 0.120 accuracy:96.135
[167,   400] loss: 0.121 accuracy:96.070
[167,   500] loss: 0.122 accuracy:96.053
[167,   600] loss: 0.123 accuracy:96.013
[167,   700] loss: 0.123 accuracy:96.033
test_accuracy is 95.850 after epochs 166

Epoch: 167
[168,   100] loss: 0.122 accuracy:96.062
[168,   200] loss: 0.119 accuracy:96.109
[168,   300] loss: 0.120 accuracy:96.062
[168,   400] loss: 0.119 accuracy:96.070
[168,   500] loss: 0.122 accuracy:95.959
[168,   600] loss: 0.122 accuracy:95.969
[168,   700] loss: 0.122 accuracy:95.982
test_accuracy is 96.480 after epochs 167
Saving..

Epoch: 168
[169,   100] loss: 0.121 accuracy:95.922
[169,   200] loss: 0.123 accuracy:95.922
[169,   300] loss: 0.125 accuracy:95.786
[169,   400] loss: 0.125 accuracy:95.812
[169,   500] loss: 0.124 accuracy:95.787
[169,   600] loss: 0.123 accuracy:95.865
[169,   700] loss: 0.122 accuracy:95.915
test_accuracy is 96.410 after epochs 168

Epoch: 169
[170,   100] loss: 0.122 accuracy:96.047
[170,   200] loss: 0.118 accuracy:96.055
[170,   300] loss: 0.117 accuracy:96.099
[170,   400] loss: 0.118 accuracy:96.102
[170,   500] loss: 0.119 accuracy:96.081
[170,   600] loss: 0.120 accuracy:96.057
[170,   700] loss: 0.120 accuracy:96.085
test_accuracy is 96.430 after epochs 169

Epoch: 170
[171,   100] loss: 0.111 accuracy:96.469
[171,   200] loss: 0.112 accuracy:96.336
[171,   300] loss: 0.116 accuracy:96.214
[171,   400] loss: 0.119 accuracy:96.156
[171,   500] loss: 0.119 accuracy:96.141
[171,   600] loss: 0.121 accuracy:96.094
[171,   700] loss: 0.122 accuracy:96.020
test_accuracy is 96.190 after epochs 170

Epoch: 171
[172,   100] loss: 0.132 accuracy:95.531
[172,   200] loss: 0.123 accuracy:95.867
[172,   300] loss: 0.123 accuracy:95.859
[172,   400] loss: 0.122 accuracy:95.934
[172,   500] loss: 0.122 accuracy:95.925
[172,   600] loss: 0.122 accuracy:95.969
[172,   700] loss: 0.123 accuracy:95.915
test_accuracy is 96.780 after epochs 171
Saving..

Epoch: 172
[173,   100] loss: 0.125 accuracy:95.922
[173,   200] loss: 0.123 accuracy:95.961
[173,   300] loss: 0.121 accuracy:96.057
[173,   400] loss: 0.118 accuracy:96.188
[173,   500] loss: 0.121 accuracy:96.062
[173,   600] loss: 0.119 accuracy:96.164
[173,   700] loss: 0.120 accuracy:96.150
test_accuracy is 96.130 after epochs 172

Epoch: 173
[174,   100] loss: 0.115 accuracy:96.359
[174,   200] loss: 0.115 accuracy:96.172
[174,   300] loss: 0.115 accuracy:96.219
[174,   400] loss: 0.116 accuracy:96.211
[174,   500] loss: 0.118 accuracy:96.150
[174,   600] loss: 0.117 accuracy:96.182
[174,   700] loss: 0.118 accuracy:96.156
test_accuracy is 96.600 after epochs 173

Epoch: 174
[175,   100] loss: 0.112 accuracy:96.516
[175,   200] loss: 0.113 accuracy:96.281
[175,   300] loss: 0.116 accuracy:96.193
[175,   400] loss: 0.116 accuracy:96.230
[175,   500] loss: 0.116 accuracy:96.200
[175,   600] loss: 0.118 accuracy:96.161
[175,   700] loss: 0.119 accuracy:96.114
test_accuracy is 96.370 after epochs 174

Epoch: 175
[176,   100] loss: 0.118 accuracy:95.969
[176,   200] loss: 0.116 accuracy:96.148
[176,   300] loss: 0.117 accuracy:96.167
[176,   400] loss: 0.118 accuracy:96.113
[176,   500] loss: 0.118 accuracy:96.097
[176,   600] loss: 0.118 accuracy:96.128
[176,   700] loss: 0.118 accuracy:96.096
test_accuracy is 96.260 after epochs 175

Epoch: 176
[177,   100] loss: 0.123 accuracy:96.000
[177,   200] loss: 0.116 accuracy:96.227
[177,   300] loss: 0.116 accuracy:96.193
[177,   400] loss: 0.117 accuracy:96.191
[177,   500] loss: 0.116 accuracy:96.222
[177,   600] loss: 0.115 accuracy:96.276
[177,   700] loss: 0.114 accuracy:96.283
test_accuracy is 95.890 after epochs 176

Epoch: 177
[178,   100] loss: 0.114 accuracy:96.391
[178,   200] loss: 0.119 accuracy:96.164
[178,   300] loss: 0.122 accuracy:96.094
[178,   400] loss: 0.121 accuracy:96.109
[178,   500] loss: 0.120 accuracy:96.134
[178,   600] loss: 0.119 accuracy:96.167
[178,   700] loss: 0.120 accuracy:96.127
test_accuracy is 96.020 after epochs 177

Epoch: 178
[179,   100] loss: 0.116 accuracy:96.219
[179,   200] loss: 0.118 accuracy:96.180
[179,   300] loss: 0.120 accuracy:96.094
[179,   400] loss: 0.119 accuracy:96.133
[179,   500] loss: 0.117 accuracy:96.200
[179,   600] loss: 0.117 accuracy:96.214
[179,   700] loss: 0.117 accuracy:96.194
test_accuracy is 96.420 after epochs 178

Epoch: 179
[180,   100] loss: 0.127 accuracy:96.062
[180,   200] loss: 0.127 accuracy:95.953
[180,   300] loss: 0.124 accuracy:96.026
[180,   400] loss: 0.122 accuracy:96.078
[180,   500] loss: 0.120 accuracy:96.097
[180,   600] loss: 0.119 accuracy:96.107
[180,   700] loss: 0.119 accuracy:96.109
test_accuracy is 96.430 after epochs 179

Epoch: 180
[181,   100] loss: 0.122 accuracy:95.688
[181,   200] loss: 0.120 accuracy:95.992
[181,   300] loss: 0.120 accuracy:96.052
[181,   400] loss: 0.119 accuracy:96.094
[181,   500] loss: 0.117 accuracy:96.175
[181,   600] loss: 0.116 accuracy:96.206
[181,   700] loss: 0.115 accuracy:96.239
test_accuracy is 96.490 after epochs 180

Epoch: 181
[182,   100] loss: 0.108 accuracy:96.312
[182,   200] loss: 0.114 accuracy:96.250
[182,   300] loss: 0.113 accuracy:96.281
[182,   400] loss: 0.113 accuracy:96.309
[182,   500] loss: 0.114 accuracy:96.275
[182,   600] loss: 0.114 accuracy:96.255
[182,   700] loss: 0.114 accuracy:96.270
test_accuracy is 96.380 after epochs 181

Epoch: 182
[183,   100] loss: 0.130 accuracy:95.672
[183,   200] loss: 0.121 accuracy:96.031
[183,   300] loss: 0.118 accuracy:96.198
[183,   400] loss: 0.118 accuracy:96.102
[183,   500] loss: 0.117 accuracy:96.106
[183,   600] loss: 0.118 accuracy:96.143
[183,   700] loss: 0.117 accuracy:96.170
test_accuracy is 96.570 after epochs 182

Epoch: 183
[184,   100] loss: 0.111 accuracy:96.422
[184,   200] loss: 0.115 accuracy:96.312
[184,   300] loss: 0.114 accuracy:96.339
[184,   400] loss: 0.117 accuracy:96.254
[184,   500] loss: 0.117 accuracy:96.197
[184,   600] loss: 0.116 accuracy:96.227
[184,   700] loss: 0.114 accuracy:96.275
test_accuracy is 96.680 after epochs 183

Epoch: 184
[185,   100] loss: 0.118 accuracy:95.844
[185,   200] loss: 0.115 accuracy:96.227
[185,   300] loss: 0.115 accuracy:96.271
[185,   400] loss: 0.113 accuracy:96.355
[185,   500] loss: 0.113 accuracy:96.384
[185,   600] loss: 0.112 accuracy:96.372
[185,   700] loss: 0.112 accuracy:96.377
test_accuracy is 96.760 after epochs 184

Epoch: 185
[186,   100] loss: 0.117 accuracy:95.906
[186,   200] loss: 0.121 accuracy:95.914
[186,   300] loss: 0.117 accuracy:96.120
[186,   400] loss: 0.115 accuracy:96.195
[186,   500] loss: 0.115 accuracy:96.231
[186,   600] loss: 0.115 accuracy:96.214
[186,   700] loss: 0.115 accuracy:96.230
test_accuracy is 96.730 after epochs 185

Epoch: 186
[187,   100] loss: 0.108 accuracy:96.625
[187,   200] loss: 0.113 accuracy:96.469
[187,   300] loss: 0.114 accuracy:96.380
[187,   400] loss: 0.113 accuracy:96.367
[187,   500] loss: 0.113 accuracy:96.388
[187,   600] loss: 0.114 accuracy:96.357
[187,   700] loss: 0.114 accuracy:96.319
test_accuracy is 96.520 after epochs 186

Epoch: 187
[188,   100] loss: 0.117 accuracy:96.250
[188,   200] loss: 0.112 accuracy:96.406
[188,   300] loss: 0.111 accuracy:96.406
[188,   400] loss: 0.112 accuracy:96.434
[188,   500] loss: 0.112 accuracy:96.394
[188,   600] loss: 0.111 accuracy:96.451
[188,   700] loss: 0.110 accuracy:96.509
test_accuracy is 96.470 after epochs 187

Epoch: 188
[189,   100] loss: 0.112 accuracy:96.438
[189,   200] loss: 0.110 accuracy:96.461
[189,   300] loss: 0.112 accuracy:96.417
[189,   400] loss: 0.110 accuracy:96.449
[189,   500] loss: 0.109 accuracy:96.447
[189,   600] loss: 0.111 accuracy:96.385
[189,   700] loss: 0.110 accuracy:96.408
test_accuracy is 96.540 after epochs 188

Epoch: 189
[190,   100] loss: 0.112 accuracy:96.594
[190,   200] loss: 0.108 accuracy:96.648
[190,   300] loss: 0.110 accuracy:96.589
[190,   400] loss: 0.111 accuracy:96.480
[190,   500] loss: 0.110 accuracy:96.528
[190,   600] loss: 0.109 accuracy:96.547
[190,   700] loss: 0.108 accuracy:96.598
test_accuracy is 96.550 after epochs 189

Epoch: 190
[191,   100] loss: 0.115 accuracy:96.203
[191,   200] loss: 0.113 accuracy:96.250
[191,   300] loss: 0.110 accuracy:96.380
[191,   400] loss: 0.109 accuracy:96.453
[191,   500] loss: 0.110 accuracy:96.416
[191,   600] loss: 0.109 accuracy:96.435
[191,   700] loss: 0.109 accuracy:96.431
test_accuracy is 96.760 after epochs 190

Epoch: 191
[192,   100] loss: 0.112 accuracy:96.344
[192,   200] loss: 0.113 accuracy:96.352
[192,   300] loss: 0.113 accuracy:96.438
[192,   400] loss: 0.112 accuracy:96.457
[192,   500] loss: 0.113 accuracy:96.425
[192,   600] loss: 0.113 accuracy:96.414
[192,   700] loss: 0.114 accuracy:96.368
test_accuracy is 96.540 after epochs 191

Epoch: 192
[193,   100] loss: 0.118 accuracy:96.172
[193,   200] loss: 0.112 accuracy:96.430
[193,   300] loss: 0.113 accuracy:96.318
[193,   400] loss: 0.115 accuracy:96.262
[193,   500] loss: 0.114 accuracy:96.300
[193,   600] loss: 0.115 accuracy:96.289
[193,   700] loss: 0.114 accuracy:96.364
test_accuracy is 96.580 after epochs 192

Epoch: 193
[194,   100] loss: 0.116 accuracy:96.250
[194,   200] loss: 0.116 accuracy:96.312
[194,   300] loss: 0.115 accuracy:96.344
[194,   400] loss: 0.116 accuracy:96.289
[194,   500] loss: 0.115 accuracy:96.303
[194,   600] loss: 0.116 accuracy:96.258
[194,   700] loss: 0.118 accuracy:96.201
test_accuracy is 96.390 after epochs 193

Epoch: 194
[195,   100] loss: 0.106 accuracy:96.344
[195,   200] loss: 0.105 accuracy:96.586
[195,   300] loss: 0.106 accuracy:96.573
[195,   400] loss: 0.109 accuracy:96.438
[195,   500] loss: 0.109 accuracy:96.422
[195,   600] loss: 0.109 accuracy:96.411
[195,   700] loss: 0.109 accuracy:96.438
test_accuracy is 96.550 after epochs 194

Epoch: 195
[196,   100] loss: 0.118 accuracy:96.016
[196,   200] loss: 0.113 accuracy:96.344
[196,   300] loss: 0.115 accuracy:96.276
[196,   400] loss: 0.115 accuracy:96.246
[196,   500] loss: 0.112 accuracy:96.347
[196,   600] loss: 0.113 accuracy:96.323
[196,   700] loss: 0.112 accuracy:96.371
test_accuracy is 96.510 after epochs 195

Epoch: 196
[197,   100] loss: 0.102 accuracy:96.750
[197,   200] loss: 0.111 accuracy:96.344
[197,   300] loss: 0.110 accuracy:96.432
[197,   400] loss: 0.111 accuracy:96.367
[197,   500] loss: 0.109 accuracy:96.416
[197,   600] loss: 0.109 accuracy:96.404
[197,   700] loss: 0.108 accuracy:96.435
test_accuracy is 96.870 after epochs 196
Saving..

Epoch: 197
[198,   100] loss: 0.121 accuracy:95.891
[198,   200] loss: 0.116 accuracy:96.133
[198,   300] loss: 0.114 accuracy:96.260
[198,   400] loss: 0.115 accuracy:96.270
[198,   500] loss: 0.115 accuracy:96.278
[198,   600] loss: 0.113 accuracy:96.359
[198,   700] loss: 0.113 accuracy:96.319
test_accuracy is 96.510 after epochs 197

Epoch: 198
[199,   100] loss: 0.124 accuracy:95.891
[199,   200] loss: 0.116 accuracy:96.281
[199,   300] loss: 0.115 accuracy:96.323
[199,   400] loss: 0.114 accuracy:96.363
[199,   500] loss: 0.111 accuracy:96.447
[199,   600] loss: 0.112 accuracy:96.398
[199,   700] loss: 0.112 accuracy:96.420
test_accuracy is 96.780 after epochs 198

Epoch: 199
[200,   100] loss: 0.115 accuracy:96.516
[200,   200] loss: 0.107 accuracy:96.680
[200,   300] loss: 0.110 accuracy:96.516
[200,   400] loss: 0.109 accuracy:96.531
[200,   500] loss: 0.110 accuracy:96.459
[200,   600] loss: 0.109 accuracy:96.521
[200,   700] loss: 0.109 accuracy:96.516
test_accuracy is 96.760 after epochs 199
