000 (9126475.007.000) 02/11 02:35:28 Job submitted from host: <10.15.2.1:9618?PrivAddr=%3c172.22.0.101:9618%3fsock%3d2293896_6fb7_6%3e&PrivNet=internal.cluster.is.localnet&addrs=10.15.2.1-9618&noUDP&sock=2293896_6fb7_6>
...
001 (9126475.007.000) 02/11 02:37:48 Job executing on host: <172.22.2.42:9618?addrs=172.22.2.42-9618&noUDP&sock=23986_faba_3>
...
006 (9126475.007.000) 02/11 02:37:59 Image size of job updated: 138160
	79  -  MemoryUsage of job (MB)
	80740  -  ResidentSetSize of job (KB)
...
006 (9126475.007.000) 02/11 02:43:00 Image size of job updated: 2371108
	2053  -  MemoryUsage of job (MB)
	2101828  -  ResidentSetSize of job (KB)
...
006 (9126475.007.000) 02/11 02:48:00 Image size of job updated: 2371856
	2055  -  MemoryUsage of job (MB)
	2103368  -  ResidentSetSize of job (KB)
...
006 (9126475.007.000) 02/11 02:53:00 Image size of job updated: 2371904
	2055  -  MemoryUsage of job (MB)
	2103548  -  ResidentSetSize of job (KB)
...
006 (9126475.007.000) 02/11 02:58:01 Image size of job updated: 2372724
	2055  -  MemoryUsage of job (MB)
	2103548  -  ResidentSetSize of job (KB)
...
006 (9126475.007.000) 02/11 03:03:02 Image size of job updated: 2372740
	2055  -  MemoryUsage of job (MB)
	2103548  -  ResidentSetSize of job (KB)
...
006 (9126475.007.000) 02/11 03:18:03 Image size of job updated: 2374676
	2057  -  MemoryUsage of job (MB)
	2105396  -  ResidentSetSize of job (KB)
...
006 (9126475.007.000) 02/11 03:28:04 Image size of job updated: 2374884
	2057  -  MemoryUsage of job (MB)
	2105472  -  ResidentSetSize of job (KB)
...
005 (9126475.007.000) 02/11 05:28:06 Job terminated.
	(1) Normal termination (return value 0)
		Usr 0 02:43:54, Sys 0 00:05:58  -  Run Remote Usage
		Usr 0 00:00:00, Sys 0 00:00:00  -  Run Local Usage
		Usr 0 02:43:54, Sys 0 00:05:58  -  Total Remote Usage
		Usr 0 00:00:00, Sys 0 00:00:00  -  Total Local Usage
	0  -  Run Bytes Sent By Job
	0  -  Run Bytes Received By Job
	0  -  Total Bytes Sent By Job
	0  -  Total Bytes Received By Job
	Partitionable Resources :    Usage  Request Allocated Assigned
	   Cpus                 :     0.99        1         1 
	   Disk (KB)            :     2           2    853458 
	   Gpus                 :                 1         1 "CUDA3"
	   Memory (MB)          :  2057       48000     48000 
...
