HXLN_LN_LSTM-default-data-Triangle-version-0-num_layers-4-num_templates-4-dropout-0.1-epochs-200-patch_size-4-num_heads-4-batch_size-64-lr-0.0001-256-512-2-2-True-6-True-True-20-True-8-False-2
transformer embed_dim 256
functional? False
total heads 4
head dim 64
use topk?True
topk:20
MEM SLOTS:8
Null attention:False
USING SHARED MEMORY ATTENTION +++++++++
Using gate style unit
query:32896
key:32896
value:65792
attention_mlp:65792
layernorm1:512
layernorm2:512
input_projector:65792
input projector:256
input_gate_projector:208640
memory_gate_projector:1052672
relational volatie!!!
1525506
Total number of parameters:1948678

Epoch: 0
[1,   100] loss: 0.728 accuracy:50.297
[1,   200] loss: 0.721 accuracy:49.938
[1,   300] loss: 0.720 accuracy:50.182
[1,   400] loss: 0.717 accuracy:50.230
[1,   500] loss: 0.714 accuracy:50.044
[1,   600] loss: 0.711 accuracy:50.096
[1,   700] loss: 0.710 accuracy:50.058
test_accuracy is 49.340 after epochs 0
Saving..

Epoch: 1
[2,   100] loss: 0.704 accuracy:50.859
[2,   200] loss: 0.701 accuracy:50.609
[2,   300] loss: 0.701 accuracy:50.401
[2,   400] loss: 0.701 accuracy:50.508
[2,   500] loss: 0.700 accuracy:50.697
[2,   600] loss: 0.700 accuracy:50.784
[2,   700] loss: 0.699 accuracy:50.833
test_accuracy is 55.540 after epochs 1
Saving..

Epoch: 2
[3,   100] loss: 0.696 accuracy:50.844
[3,   200] loss: 0.697 accuracy:50.680
[3,   300] loss: 0.697 accuracy:51.146
[3,   400] loss: 0.697 accuracy:51.266
[3,   500] loss: 0.697 accuracy:51.388
[3,   600] loss: 0.697 accuracy:51.372
[3,   700] loss: 0.697 accuracy:51.509
test_accuracy is 53.470 after epochs 2

Epoch: 3
[4,   100] loss: 0.694 accuracy:51.812
[4,   200] loss: 0.695 accuracy:51.711
[4,   300] loss: 0.694 accuracy:52.401
[4,   400] loss: 0.694 accuracy:51.969
[4,   500] loss: 0.694 accuracy:51.881
[4,   600] loss: 0.694 accuracy:52.107
[4,   700] loss: 0.693 accuracy:52.241
test_accuracy is 48.670 after epochs 3

Epoch: 4
[5,   100] loss: 0.689 accuracy:53.844
[5,   200] loss: 0.689 accuracy:53.812
[5,   300] loss: 0.690 accuracy:53.333
[5,   400] loss: 0.691 accuracy:53.082
[5,   500] loss: 0.690 accuracy:53.084
[5,   600] loss: 0.691 accuracy:52.992
[5,   700] loss: 0.691 accuracy:52.929
test_accuracy is 51.050 after epochs 4

Epoch: 5
[6,   100] loss: 0.690 accuracy:53.391
[6,   200] loss: 0.690 accuracy:53.039
[6,   300] loss: 0.691 accuracy:53.198
[6,   400] loss: 0.691 accuracy:53.512
[6,   500] loss: 0.691 accuracy:53.528
[6,   600] loss: 0.691 accuracy:53.453
[6,   700] loss: 0.691 accuracy:53.435
test_accuracy is 51.350 after epochs 5

Epoch: 6
[7,   100] loss: 0.690 accuracy:53.297
[7,   200] loss: 0.690 accuracy:53.164
[7,   300] loss: 0.689 accuracy:53.786
[7,   400] loss: 0.689 accuracy:53.965
[7,   500] loss: 0.689 accuracy:53.775
[7,   600] loss: 0.688 accuracy:53.958
[7,   700] loss: 0.688 accuracy:54.018
test_accuracy is 52.060 after epochs 6

Epoch: 7
[8,   100] loss: 0.693 accuracy:52.406
[8,   200] loss: 0.693 accuracy:52.656
[8,   300] loss: 0.691 accuracy:53.469
[8,   400] loss: 0.690 accuracy:53.895
[8,   500] loss: 0.689 accuracy:53.825
[8,   600] loss: 0.689 accuracy:53.974
[8,   700] loss: 0.689 accuracy:54.344
test_accuracy is 51.630 after epochs 7

Epoch: 8
[9,   100] loss: 0.691 accuracy:53.344
[9,   200] loss: 0.688 accuracy:54.586
[9,   300] loss: 0.688 accuracy:54.484
[9,   400] loss: 0.686 accuracy:54.711
[9,   500] loss: 0.687 accuracy:54.591
[9,   600] loss: 0.687 accuracy:54.703
[9,   700] loss: 0.687 accuracy:54.699
test_accuracy is 51.230 after epochs 8

Epoch: 9
[10,   100] loss: 0.688 accuracy:54.234
[10,   200] loss: 0.686 accuracy:55.086
[10,   300] loss: 0.686 accuracy:55.130
[10,   400] loss: 0.686 accuracy:55.266
[10,   500] loss: 0.685 accuracy:55.322
[10,   600] loss: 0.685 accuracy:55.336
[10,   700] loss: 0.685 accuracy:55.214
test_accuracy is 58.130 after epochs 9
Saving..

Epoch: 10
[11,   100] loss: 0.685 accuracy:55.156
[11,   200] loss: 0.684 accuracy:55.977
[11,   300] loss: 0.684 accuracy:55.995
[11,   400] loss: 0.684 accuracy:55.961
[11,   500] loss: 0.683 accuracy:55.928
[11,   600] loss: 0.683 accuracy:55.969
[11,   700] loss: 0.684 accuracy:55.826
test_accuracy is 57.220 after epochs 10

Epoch: 11
[12,   100] loss: 0.678 accuracy:56.844
[12,   200] loss: 0.683 accuracy:55.891
[12,   300] loss: 0.682 accuracy:56.068
[12,   400] loss: 0.682 accuracy:56.145
[12,   500] loss: 0.682 accuracy:56.216
[12,   600] loss: 0.682 accuracy:56.362
[12,   700] loss: 0.682 accuracy:56.237
test_accuracy is 57.000 after epochs 11

Epoch: 12
[13,   100] loss: 0.684 accuracy:55.188
[13,   200] loss: 0.682 accuracy:55.883
[13,   300] loss: 0.682 accuracy:56.224
[13,   400] loss: 0.681 accuracy:56.297
[13,   500] loss: 0.681 accuracy:56.456
[13,   600] loss: 0.680 accuracy:56.539
[13,   700] loss: 0.680 accuracy:56.520
test_accuracy is 57.550 after epochs 12

Epoch: 13
[14,   100] loss: 0.675 accuracy:56.922
[14,   200] loss: 0.677 accuracy:56.836
[14,   300] loss: 0.677 accuracy:56.807
[14,   400] loss: 0.676 accuracy:57.191
[14,   500] loss: 0.675 accuracy:57.281
[14,   600] loss: 0.676 accuracy:57.117
[14,   700] loss: 0.677 accuracy:57.009
test_accuracy is 59.050 after epochs 13
Saving..

Epoch: 14
[15,   100] loss: 0.677 accuracy:56.750
[15,   200] loss: 0.677 accuracy:56.867
[15,   300] loss: 0.677 accuracy:56.943
[15,   400] loss: 0.677 accuracy:56.930
[15,   500] loss: 0.677 accuracy:57.041
[15,   600] loss: 0.677 accuracy:57.094
[15,   700] loss: 0.676 accuracy:57.371
test_accuracy is 58.430 after epochs 14

Epoch: 15
[16,   100] loss: 0.674 accuracy:57.375
[16,   200] loss: 0.675 accuracy:57.688
[16,   300] loss: 0.673 accuracy:58.021
[16,   400] loss: 0.671 accuracy:58.285
[16,   500] loss: 0.671 accuracy:58.081
[16,   600] loss: 0.673 accuracy:57.911
[16,   700] loss: 0.673 accuracy:57.757
test_accuracy is 58.730 after epochs 15

Epoch: 16
[17,   100] loss: 0.672 accuracy:57.953
[17,   200] loss: 0.672 accuracy:58.305
[17,   300] loss: 0.670 accuracy:58.724
[17,   400] loss: 0.669 accuracy:58.812
[17,   500] loss: 0.670 accuracy:58.619
[17,   600] loss: 0.670 accuracy:58.539
[17,   700] loss: 0.670 accuracy:58.542
test_accuracy is 58.930 after epochs 16

Epoch: 17
[18,   100] loss: 0.667 accuracy:58.906
[18,   200] loss: 0.671 accuracy:58.242
[18,   300] loss: 0.670 accuracy:58.573
[18,   400] loss: 0.669 accuracy:58.480
[18,   500] loss: 0.668 accuracy:58.841
[18,   600] loss: 0.667 accuracy:58.927
[18,   700] loss: 0.668 accuracy:58.748
test_accuracy is 59.920 after epochs 17
Saving..

Epoch: 18
[19,   100] loss: 0.668 accuracy:58.734
[19,   200] loss: 0.668 accuracy:58.570
[19,   300] loss: 0.668 accuracy:58.656
[19,   400] loss: 0.667 accuracy:58.758
[19,   500] loss: 0.667 accuracy:58.700
[19,   600] loss: 0.668 accuracy:58.458
[19,   700] loss: 0.666 accuracy:58.759
test_accuracy is 57.990 after epochs 18

Epoch: 19
[20,   100] loss: 0.660 accuracy:58.438
[20,   200] loss: 0.663 accuracy:58.883
[20,   300] loss: 0.663 accuracy:59.214
[20,   400] loss: 0.663 accuracy:59.109
[20,   500] loss: 0.665 accuracy:58.894
[20,   600] loss: 0.664 accuracy:58.956
[20,   700] loss: 0.663 accuracy:59.179
test_accuracy is 59.340 after epochs 19

Epoch: 20
[21,   100] loss: 0.663 accuracy:59.375
[21,   200] loss: 0.664 accuracy:58.758
[21,   300] loss: 0.663 accuracy:58.974
[21,   400] loss: 0.663 accuracy:58.992
[21,   500] loss: 0.663 accuracy:58.984
[21,   600] loss: 0.664 accuracy:58.901
[21,   700] loss: 0.663 accuracy:59.018
test_accuracy is 60.210 after epochs 20
Saving..

Epoch: 21
[22,   100] loss: 0.674 accuracy:57.250
[22,   200] loss: 0.666 accuracy:59.023
[22,   300] loss: 0.665 accuracy:58.953
[22,   400] loss: 0.663 accuracy:59.258
[22,   500] loss: 0.663 accuracy:59.163
[22,   600] loss: 0.664 accuracy:59.242
[22,   700] loss: 0.663 accuracy:59.315
test_accuracy is 60.990 after epochs 21
Saving..

Epoch: 22
[23,   100] loss: 0.659 accuracy:59.938
[23,   200] loss: 0.660 accuracy:59.523
[23,   300] loss: 0.660 accuracy:59.297
[23,   400] loss: 0.660 accuracy:59.496
[23,   500] loss: 0.661 accuracy:59.325
[23,   600] loss: 0.662 accuracy:59.260
[23,   700] loss: 0.662 accuracy:59.453
test_accuracy is 60.530 after epochs 22

Epoch: 23
[24,   100] loss: 0.663 accuracy:59.703
[24,   200] loss: 0.661 accuracy:59.625
[24,   300] loss: 0.661 accuracy:59.594
[24,   400] loss: 0.662 accuracy:59.594
[24,   500] loss: 0.659 accuracy:59.878
[24,   600] loss: 0.658 accuracy:60.003
[24,   700] loss: 0.658 accuracy:60.018
test_accuracy is 60.090 after epochs 23

Epoch: 24
[25,   100] loss: 0.655 accuracy:60.594
[25,   200] loss: 0.659 accuracy:59.492
[25,   300] loss: 0.658 accuracy:59.719
[25,   400] loss: 0.658 accuracy:59.625
[25,   500] loss: 0.658 accuracy:59.809
[25,   600] loss: 0.658 accuracy:59.786
[25,   700] loss: 0.658 accuracy:59.759
test_accuracy is 58.080 after epochs 24

Epoch: 25
[26,   100] loss: 0.664 accuracy:58.672
[26,   200] loss: 0.663 accuracy:58.750
[26,   300] loss: 0.663 accuracy:58.786
[26,   400] loss: 0.660 accuracy:59.320
[26,   500] loss: 0.659 accuracy:59.425
[26,   600] loss: 0.659 accuracy:59.438
[26,   700] loss: 0.659 accuracy:59.629
test_accuracy is 61.310 after epochs 25
Saving..

Epoch: 26
[27,   100] loss: 0.658 accuracy:59.625
[27,   200] loss: 0.657 accuracy:60.102
[27,   300] loss: 0.657 accuracy:60.172
[27,   400] loss: 0.656 accuracy:60.371
[27,   500] loss: 0.656 accuracy:60.447
[27,   600] loss: 0.655 accuracy:60.365
[27,   700] loss: 0.657 accuracy:60.190
test_accuracy is 59.390 after epochs 26

Epoch: 27
[28,   100] loss: 0.660 accuracy:59.156
[28,   200] loss: 0.656 accuracy:60.109
[28,   300] loss: 0.657 accuracy:59.969
[28,   400] loss: 0.655 accuracy:60.215
[28,   500] loss: 0.653 accuracy:60.487
[28,   600] loss: 0.654 accuracy:60.477
[28,   700] loss: 0.654 accuracy:60.397
test_accuracy is 60.870 after epochs 27

Epoch: 28
[29,   100] loss: 0.648 accuracy:61.328
[29,   200] loss: 0.651 accuracy:60.945
[29,   300] loss: 0.653 accuracy:60.401
[29,   400] loss: 0.654 accuracy:60.414
[29,   500] loss: 0.654 accuracy:60.553
[29,   600] loss: 0.654 accuracy:60.576
[29,   700] loss: 0.653 accuracy:60.685
test_accuracy is 59.160 after epochs 28

Epoch: 29
[30,   100] loss: 0.650 accuracy:61.062
[30,   200] loss: 0.652 accuracy:60.648
[30,   300] loss: 0.654 accuracy:60.370
[30,   400] loss: 0.655 accuracy:60.047
[30,   500] loss: 0.654 accuracy:60.278
[30,   600] loss: 0.653 accuracy:60.424
[30,   700] loss: 0.653 accuracy:60.556
test_accuracy is 61.690 after epochs 29
Saving..

Epoch: 30
[31,   100] loss: 0.654 accuracy:59.922
[31,   200] loss: 0.654 accuracy:60.328
[31,   300] loss: 0.656 accuracy:60.115
[31,   400] loss: 0.653 accuracy:60.559
[31,   500] loss: 0.655 accuracy:60.328
[31,   600] loss: 0.654 accuracy:60.292
[31,   700] loss: 0.654 accuracy:60.377
test_accuracy is 61.400 after epochs 30

Epoch: 31
[32,   100] loss: 0.655 accuracy:60.312
[32,   200] loss: 0.651 accuracy:61.062
[32,   300] loss: 0.649 accuracy:61.214
[32,   400] loss: 0.650 accuracy:60.863
[32,   500] loss: 0.651 accuracy:60.703
[32,   600] loss: 0.651 accuracy:60.760
[32,   700] loss: 0.651 accuracy:60.748
test_accuracy is 60.690 after epochs 31

Epoch: 32
[33,   100] loss: 0.652 accuracy:60.984
[33,   200] loss: 0.654 accuracy:60.430
[33,   300] loss: 0.652 accuracy:60.562
[33,   400] loss: 0.651 accuracy:60.758
[33,   500] loss: 0.650 accuracy:60.841
[33,   600] loss: 0.651 accuracy:60.865
[33,   700] loss: 0.651 accuracy:60.821
test_accuracy is 61.780 after epochs 32
Saving..

Epoch: 33
[34,   100] loss: 0.647 accuracy:61.625
[34,   200] loss: 0.650 accuracy:61.062
[34,   300] loss: 0.649 accuracy:61.229
[34,   400] loss: 0.649 accuracy:61.301
[34,   500] loss: 0.649 accuracy:61.281
[34,   600] loss: 0.649 accuracy:61.182
[34,   700] loss: 0.649 accuracy:61.210
test_accuracy is 61.320 after epochs 33

Epoch: 34
[35,   100] loss: 0.653 accuracy:60.531
[35,   200] loss: 0.651 accuracy:60.914
[35,   300] loss: 0.652 accuracy:60.672
[35,   400] loss: 0.654 accuracy:60.492
[35,   500] loss: 0.655 accuracy:60.500
[35,   600] loss: 0.654 accuracy:60.706
[35,   700] loss: 0.653 accuracy:60.752
test_accuracy is 61.580 after epochs 34

Epoch: 35
[36,   100] loss: 0.655 accuracy:60.625
[36,   200] loss: 0.651 accuracy:61.273
[36,   300] loss: 0.651 accuracy:61.245
[36,   400] loss: 0.651 accuracy:61.273
[36,   500] loss: 0.651 accuracy:61.044
[36,   600] loss: 0.651 accuracy:61.070
[36,   700] loss: 0.650 accuracy:61.096
test_accuracy is 60.890 after epochs 35

Epoch: 36
[37,   100] loss: 0.647 accuracy:61.266
[37,   200] loss: 0.647 accuracy:61.164
[37,   300] loss: 0.648 accuracy:61.177
[37,   400] loss: 0.650 accuracy:60.984
[37,   500] loss: 0.649 accuracy:61.062
[37,   600] loss: 0.649 accuracy:61.112
[37,   700] loss: 0.649 accuracy:61.098
test_accuracy is 61.950 after epochs 36
Saving..

Epoch: 37
[38,   100] loss: 0.639 accuracy:61.969
[38,   200] loss: 0.642 accuracy:61.961
[38,   300] loss: 0.645 accuracy:61.609
[38,   400] loss: 0.646 accuracy:61.445
[38,   500] loss: 0.648 accuracy:61.072
[38,   600] loss: 0.647 accuracy:61.292
[38,   700] loss: 0.647 accuracy:61.275
test_accuracy is 61.760 after epochs 37

Epoch: 38
[39,   100] loss: 0.649 accuracy:60.641
[39,   200] loss: 0.648 accuracy:61.289
[39,   300] loss: 0.645 accuracy:61.797
[39,   400] loss: 0.647 accuracy:61.527
[39,   500] loss: 0.648 accuracy:61.325
[39,   600] loss: 0.647 accuracy:61.326
[39,   700] loss: 0.647 accuracy:61.319
test_accuracy is 61.610 after epochs 38

Epoch: 39
[40,   100] loss: 0.645 accuracy:60.719
[40,   200] loss: 0.645 accuracy:61.234
[40,   300] loss: 0.646 accuracy:61.297
[40,   400] loss: 0.645 accuracy:61.531
[40,   500] loss: 0.647 accuracy:61.263
[40,   600] loss: 0.646 accuracy:61.331
[40,   700] loss: 0.647 accuracy:61.295
test_accuracy is 61.010 after epochs 39

Epoch: 40
[41,   100] loss: 0.642 accuracy:62.344
[41,   200] loss: 0.642 accuracy:61.969
[41,   300] loss: 0.641 accuracy:62.214
[41,   400] loss: 0.642 accuracy:62.047
[41,   500] loss: 0.640 accuracy:62.188
[41,   600] loss: 0.641 accuracy:62.141
[41,   700] loss: 0.641 accuracy:62.174
test_accuracy is 61.500 after epochs 40

Epoch: 41
[42,   100] loss: 0.647 accuracy:61.297
[42,   200] loss: 0.646 accuracy:61.594
[42,   300] loss: 0.644 accuracy:61.448
[42,   400] loss: 0.641 accuracy:61.926
[42,   500] loss: 0.643 accuracy:61.659
[42,   600] loss: 0.644 accuracy:61.591
[42,   700] loss: 0.644 accuracy:61.645
test_accuracy is 62.770 after epochs 41
Saving..

Epoch: 42
[43,   100] loss: 0.642 accuracy:62.516
[43,   200] loss: 0.641 accuracy:62.391
[43,   300] loss: 0.644 accuracy:61.870
[43,   400] loss: 0.642 accuracy:62.066
[43,   500] loss: 0.642 accuracy:62.047
[43,   600] loss: 0.643 accuracy:61.909
[43,   700] loss: 0.643 accuracy:61.920
test_accuracy is 61.200 after epochs 42

Epoch: 43
[44,   100] loss: 0.641 accuracy:62.266
[44,   200] loss: 0.642 accuracy:62.172
[44,   300] loss: 0.642 accuracy:62.010
[44,   400] loss: 0.644 accuracy:61.688
[44,   500] loss: 0.642 accuracy:61.894
[44,   600] loss: 0.643 accuracy:61.969
[44,   700] loss: 0.642 accuracy:62.083
test_accuracy is 62.960 after epochs 43
Saving..

Epoch: 44
[45,   100] loss: 0.634 accuracy:63.219
[45,   200] loss: 0.635 accuracy:63.156
[45,   300] loss: 0.633 accuracy:63.370
[45,   400] loss: 0.635 accuracy:63.215
[45,   500] loss: 0.635 accuracy:63.231
[45,   600] loss: 0.636 accuracy:63.023
[45,   700] loss: 0.637 accuracy:62.888
test_accuracy is 61.480 after epochs 44

Epoch: 45
[46,   100] loss: 0.639 accuracy:62.828
[46,   200] loss: 0.638 accuracy:62.906
[46,   300] loss: 0.639 accuracy:62.562
[46,   400] loss: 0.638 accuracy:62.770
[46,   500] loss: 0.639 accuracy:62.400
[46,   600] loss: 0.639 accuracy:62.531
[46,   700] loss: 0.638 accuracy:62.475
test_accuracy is 62.310 after epochs 45

Epoch: 46
[47,   100] loss: 0.640 accuracy:61.953
[47,   200] loss: 0.642 accuracy:61.828
[47,   300] loss: 0.640 accuracy:62.172
[47,   400] loss: 0.638 accuracy:62.387
[47,   500] loss: 0.639 accuracy:62.359
[47,   600] loss: 0.638 accuracy:62.578
[47,   700] loss: 0.636 accuracy:62.694
test_accuracy is 62.760 after epochs 46

Epoch: 47
[48,   100] loss: 0.636 accuracy:62.438
[48,   200] loss: 0.639 accuracy:62.141
[48,   300] loss: 0.636 accuracy:62.536
[48,   400] loss: 0.635 accuracy:62.723
[48,   500] loss: 0.634 accuracy:62.788
[48,   600] loss: 0.636 accuracy:62.474
[48,   700] loss: 0.636 accuracy:62.480
test_accuracy is 63.290 after epochs 47
Saving..

Epoch: 48
[49,   100] loss: 0.630 accuracy:63.500
[49,   200] loss: 0.627 accuracy:63.734
[49,   300] loss: 0.629 accuracy:63.599
[49,   400] loss: 0.629 accuracy:63.797
[49,   500] loss: 0.631 accuracy:63.487
[49,   600] loss: 0.631 accuracy:63.424
[49,   700] loss: 0.630 accuracy:63.545
test_accuracy is 63.760 after epochs 48
Saving..

Epoch: 49
[50,   100] loss: 0.627 accuracy:64.172
[50,   200] loss: 0.627 accuracy:64.148
[50,   300] loss: 0.626 accuracy:64.312
[50,   400] loss: 0.626 accuracy:64.258
[50,   500] loss: 0.627 accuracy:64.284
[50,   600] loss: 0.627 accuracy:64.000
[50,   700] loss: 0.627 accuracy:64.042
test_accuracy is 62.040 after epochs 49

Epoch: 50
[51,   100] loss: 0.625 accuracy:63.703
[51,   200] loss: 0.622 accuracy:64.305
[51,   300] loss: 0.623 accuracy:64.167
[51,   400] loss: 0.624 accuracy:64.059
[51,   500] loss: 0.623 accuracy:64.097
[51,   600] loss: 0.622 accuracy:64.042
[51,   700] loss: 0.624 accuracy:63.949
test_accuracy is 64.010 after epochs 50
Saving..

Epoch: 51
[52,   100] loss: 0.618 accuracy:65.203
[52,   200] loss: 0.618 accuracy:64.930
[52,   300] loss: 0.621 accuracy:64.458
[52,   400] loss: 0.620 accuracy:64.441
[52,   500] loss: 0.619 accuracy:64.662
[52,   600] loss: 0.619 accuracy:64.583
[52,   700] loss: 0.618 accuracy:64.652
test_accuracy is 65.110 after epochs 51
Saving..

Epoch: 52
[53,   100] loss: 0.625 accuracy:63.984
[53,   200] loss: 0.620 accuracy:64.055
[53,   300] loss: 0.618 accuracy:64.115
[53,   400] loss: 0.617 accuracy:64.422
[53,   500] loss: 0.615 accuracy:64.781
[53,   600] loss: 0.615 accuracy:64.870
[53,   700] loss: 0.615 accuracy:64.759
test_accuracy is 65.920 after epochs 52
Saving..

Epoch: 53
[54,   100] loss: 0.619 accuracy:65.000
[54,   200] loss: 0.614 accuracy:65.195
[54,   300] loss: 0.615 accuracy:65.042
[54,   400] loss: 0.615 accuracy:64.996
[54,   500] loss: 0.614 accuracy:65.003
[54,   600] loss: 0.613 accuracy:65.190
[54,   700] loss: 0.615 accuracy:65.045
test_accuracy is 67.120 after epochs 53
Saving..

Epoch: 54
[55,   100] loss: 0.610 accuracy:65.656
[55,   200] loss: 0.611 accuracy:65.648
[55,   300] loss: 0.610 accuracy:65.724
[55,   400] loss: 0.607 accuracy:66.164
[55,   500] loss: 0.607 accuracy:66.106
[55,   600] loss: 0.607 accuracy:66.070
[55,   700] loss: 0.605 accuracy:66.230
test_accuracy is 64.720 after epochs 54

Epoch: 55
[56,   100] loss: 0.610 accuracy:65.906
[56,   200] loss: 0.615 accuracy:65.516
[56,   300] loss: 0.611 accuracy:65.693
[56,   400] loss: 0.611 accuracy:65.289
[56,   500] loss: 0.609 accuracy:65.616
[56,   600] loss: 0.607 accuracy:65.867
[56,   700] loss: 0.606 accuracy:66.002
test_accuracy is 68.060 after epochs 55
Saving..

Epoch: 56
[57,   100] loss: 0.602 accuracy:66.250
[57,   200] loss: 0.596 accuracy:67.133
[57,   300] loss: 0.594 accuracy:66.995
[57,   400] loss: 0.597 accuracy:66.848
[57,   500] loss: 0.596 accuracy:67.031
[57,   600] loss: 0.595 accuracy:67.047
[57,   700] loss: 0.594 accuracy:67.132
test_accuracy is 67.320 after epochs 56

Epoch: 57
[58,   100] loss: 0.603 accuracy:66.625
[58,   200] loss: 0.591 accuracy:67.344
[58,   300] loss: 0.590 accuracy:67.458
[58,   400] loss: 0.589 accuracy:67.590
[58,   500] loss: 0.589 accuracy:67.459
[58,   600] loss: 0.589 accuracy:67.505
[58,   700] loss: 0.589 accuracy:67.496
test_accuracy is 67.950 after epochs 57

Epoch: 58
[59,   100] loss: 0.587 accuracy:67.547
[59,   200] loss: 0.582 accuracy:67.773
[59,   300] loss: 0.580 accuracy:68.073
[59,   400] loss: 0.579 accuracy:68.410
[59,   500] loss: 0.578 accuracy:68.375
[59,   600] loss: 0.579 accuracy:68.365
[59,   700] loss: 0.580 accuracy:68.268
test_accuracy is 69.760 after epochs 58
Saving..

Epoch: 59
[60,   100] loss: 0.571 accuracy:68.578
[60,   200] loss: 0.580 accuracy:68.391
[60,   300] loss: 0.576 accuracy:68.849
[60,   400] loss: 0.576 accuracy:68.832
[60,   500] loss: 0.575 accuracy:68.888
[60,   600] loss: 0.573 accuracy:69.112
[60,   700] loss: 0.572 accuracy:69.201
test_accuracy is 70.530 after epochs 59
Saving..

Epoch: 60
[61,   100] loss: 0.559 accuracy:70.156
[61,   200] loss: 0.558 accuracy:70.406
[61,   300] loss: 0.562 accuracy:70.292
[61,   400] loss: 0.562 accuracy:70.176
[61,   500] loss: 0.562 accuracy:70.106
[61,   600] loss: 0.561 accuracy:70.146
[61,   700] loss: 0.561 accuracy:70.141
test_accuracy is 71.530 after epochs 60
Saving..

Epoch: 61
[62,   100] loss: 0.545 accuracy:71.641
[62,   200] loss: 0.553 accuracy:70.617
[62,   300] loss: 0.551 accuracy:71.078
[62,   400] loss: 0.554 accuracy:70.605
[62,   500] loss: 0.550 accuracy:71.028
[62,   600] loss: 0.550 accuracy:71.026
[62,   700] loss: 0.549 accuracy:71.042
test_accuracy is 71.850 after epochs 61
Saving..

Epoch: 62
[63,   100] loss: 0.542 accuracy:71.797
[63,   200] loss: 0.536 accuracy:72.336
[63,   300] loss: 0.535 accuracy:72.406
[63,   400] loss: 0.536 accuracy:72.211
[63,   500] loss: 0.536 accuracy:72.194
[63,   600] loss: 0.537 accuracy:72.130
[63,   700] loss: 0.537 accuracy:72.065
test_accuracy is 73.090 after epochs 62
Saving..

Epoch: 63
[64,   100] loss: 0.531 accuracy:72.766
[64,   200] loss: 0.532 accuracy:72.711
[64,   300] loss: 0.531 accuracy:72.797
[64,   400] loss: 0.532 accuracy:72.801
[64,   500] loss: 0.527 accuracy:73.147
[64,   600] loss: 0.529 accuracy:73.010
[64,   700] loss: 0.527 accuracy:73.161
test_accuracy is 74.430 after epochs 63
Saving..

Epoch: 64
[65,   100] loss: 0.521 accuracy:73.344
[65,   200] loss: 0.517 accuracy:73.570
[65,   300] loss: 0.527 accuracy:72.859
[65,   400] loss: 0.526 accuracy:72.844
[65,   500] loss: 0.524 accuracy:72.931
[65,   600] loss: 0.522 accuracy:73.172
[65,   700] loss: 0.520 accuracy:73.275
test_accuracy is 73.420 after epochs 64

Epoch: 65
[66,   100] loss: 0.515 accuracy:74.000
[66,   200] loss: 0.512 accuracy:73.680
[66,   300] loss: 0.514 accuracy:73.646
[66,   400] loss: 0.510 accuracy:74.020
[66,   500] loss: 0.508 accuracy:74.216
[66,   600] loss: 0.510 accuracy:74.102
[66,   700] loss: 0.508 accuracy:74.359
test_accuracy is 76.310 after epochs 65
Saving..

Epoch: 66
[67,   100] loss: 0.495 accuracy:75.141
[67,   200] loss: 0.496 accuracy:74.992
[67,   300] loss: 0.491 accuracy:75.646
[67,   400] loss: 0.489 accuracy:75.715
[67,   500] loss: 0.491 accuracy:75.719
[67,   600] loss: 0.493 accuracy:75.693
[67,   700] loss: 0.491 accuracy:75.888
test_accuracy is 76.180 after epochs 66

Epoch: 67
[68,   100] loss: 0.473 accuracy:76.859
[68,   200] loss: 0.474 accuracy:76.789
[68,   300] loss: 0.469 accuracy:77.302
[68,   400] loss: 0.471 accuracy:77.078
[68,   500] loss: 0.476 accuracy:76.688
[68,   600] loss: 0.475 accuracy:76.740
[68,   700] loss: 0.477 accuracy:76.670
test_accuracy is 77.140 after epochs 67
Saving..

Epoch: 68
[69,   100] loss: 0.467 accuracy:77.328
[69,   200] loss: 0.468 accuracy:77.359
[69,   300] loss: 0.463 accuracy:77.651
[69,   400] loss: 0.462 accuracy:77.777
[69,   500] loss: 0.460 accuracy:77.731
[69,   600] loss: 0.460 accuracy:77.893
[69,   700] loss: 0.461 accuracy:77.902
test_accuracy is 79.560 after epochs 68
Saving..

Epoch: 69
[70,   100] loss: 0.456 accuracy:78.516
[70,   200] loss: 0.453 accuracy:78.539
[70,   300] loss: 0.454 accuracy:78.531
[70,   400] loss: 0.449 accuracy:78.855
[70,   500] loss: 0.450 accuracy:78.700
[70,   600] loss: 0.450 accuracy:78.818
[70,   700] loss: 0.450 accuracy:78.790
test_accuracy is 79.740 after epochs 69
Saving..

Epoch: 70
[71,   100] loss: 0.446 accuracy:79.000
[71,   200] loss: 0.442 accuracy:79.180
[71,   300] loss: 0.445 accuracy:79.089
[71,   400] loss: 0.443 accuracy:79.125
[71,   500] loss: 0.441 accuracy:79.300
[71,   600] loss: 0.440 accuracy:79.289
[71,   700] loss: 0.438 accuracy:79.464
test_accuracy is 80.750 after epochs 70
Saving..

Epoch: 71
[72,   100] loss: 0.419 accuracy:80.734
[72,   200] loss: 0.417 accuracy:80.812
[72,   300] loss: 0.421 accuracy:80.677
[72,   400] loss: 0.415 accuracy:80.941
[72,   500] loss: 0.419 accuracy:80.800
[72,   600] loss: 0.419 accuracy:80.820
[72,   700] loss: 0.422 accuracy:80.690
test_accuracy is 83.430 after epochs 71
Saving..

Epoch: 72
[73,   100] loss: 0.391 accuracy:82.547
[73,   200] loss: 0.395 accuracy:82.305
[73,   300] loss: 0.403 accuracy:81.839
[73,   400] loss: 0.403 accuracy:81.898
[73,   500] loss: 0.403 accuracy:81.947
[73,   600] loss: 0.404 accuracy:81.878
[73,   700] loss: 0.405 accuracy:81.763
test_accuracy is 82.760 after epochs 72

Epoch: 73
[74,   100] loss: 0.398 accuracy:82.516
[74,   200] loss: 0.395 accuracy:82.656
[74,   300] loss: 0.392 accuracy:82.646
[74,   400] loss: 0.393 accuracy:82.641
[74,   500] loss: 0.395 accuracy:82.513
[74,   600] loss: 0.396 accuracy:82.432
[74,   700] loss: 0.394 accuracy:82.549
test_accuracy is 81.070 after epochs 73

Epoch: 74
[75,   100] loss: 0.373 accuracy:83.641
[75,   200] loss: 0.386 accuracy:82.875
[75,   300] loss: 0.382 accuracy:83.115
[75,   400] loss: 0.384 accuracy:83.039
[75,   500] loss: 0.380 accuracy:83.322
[75,   600] loss: 0.382 accuracy:83.289
[75,   700] loss: 0.382 accuracy:83.263
test_accuracy is 84.060 after epochs 74
Saving..

Epoch: 75
[76,   100] loss: 0.383 accuracy:83.141
[76,   200] loss: 0.382 accuracy:83.156
[76,   300] loss: 0.377 accuracy:83.438
[76,   400] loss: 0.373 accuracy:83.535
[76,   500] loss: 0.376 accuracy:83.388
[76,   600] loss: 0.376 accuracy:83.456
[76,   700] loss: 0.374 accuracy:83.658
test_accuracy is 82.640 after epochs 75

Epoch: 76
[77,   100] loss: 0.355 accuracy:84.750
[77,   200] loss: 0.360 accuracy:84.727
[77,   300] loss: 0.362 accuracy:84.557
[77,   400] loss: 0.360 accuracy:84.590
[77,   500] loss: 0.358 accuracy:84.737
[77,   600] loss: 0.356 accuracy:84.802
[77,   700] loss: 0.355 accuracy:84.757
test_accuracy is 86.060 after epochs 76
Saving..

Epoch: 77
[78,   100] loss: 0.347 accuracy:85.188
[78,   200] loss: 0.347 accuracy:85.086
[78,   300] loss: 0.348 accuracy:85.125
[78,   400] loss: 0.346 accuracy:85.281
[78,   500] loss: 0.344 accuracy:85.400
[78,   600] loss: 0.338 accuracy:85.758
[78,   700] loss: 0.335 accuracy:85.857
test_accuracy is 87.290 after epochs 77
Saving..

Epoch: 78
[79,   100] loss: 0.323 accuracy:86.938
[79,   200] loss: 0.319 accuracy:86.992
[79,   300] loss: 0.323 accuracy:86.703
[79,   400] loss: 0.324 accuracy:86.613
[79,   500] loss: 0.322 accuracy:86.753
[79,   600] loss: 0.323 accuracy:86.721
[79,   700] loss: 0.322 accuracy:86.795
test_accuracy is 88.530 after epochs 78
Saving..

Epoch: 79
[80,   100] loss: 0.310 accuracy:86.766
[80,   200] loss: 0.316 accuracy:86.742
[80,   300] loss: 0.315 accuracy:86.755
[80,   400] loss: 0.312 accuracy:87.078
[80,   500] loss: 0.313 accuracy:87.116
[80,   600] loss: 0.311 accuracy:87.219
[80,   700] loss: 0.310 accuracy:87.301
test_accuracy is 89.600 after epochs 79
Saving..

Epoch: 80
[81,   100] loss: 0.309 accuracy:87.406
[81,   200] loss: 0.301 accuracy:87.867
[81,   300] loss: 0.301 accuracy:87.885
[81,   400] loss: 0.300 accuracy:87.973
[81,   500] loss: 0.298 accuracy:87.994
[81,   600] loss: 0.299 accuracy:87.966
[81,   700] loss: 0.298 accuracy:87.975
test_accuracy is 87.420 after epochs 80

Epoch: 81
[82,   100] loss: 0.291 accuracy:88.750
[82,   200] loss: 0.296 accuracy:88.094
[82,   300] loss: 0.293 accuracy:88.292
[82,   400] loss: 0.291 accuracy:88.418
[82,   500] loss: 0.291 accuracy:88.438
[82,   600] loss: 0.291 accuracy:88.458
[82,   700] loss: 0.292 accuracy:88.424
test_accuracy is 89.420 after epochs 81

Epoch: 82
[83,   100] loss: 0.283 accuracy:88.906
[83,   200] loss: 0.283 accuracy:88.797
[83,   300] loss: 0.283 accuracy:88.672
[83,   400] loss: 0.284 accuracy:88.633
[83,   500] loss: 0.284 accuracy:88.650
[83,   600] loss: 0.283 accuracy:88.685
[83,   700] loss: 0.284 accuracy:88.554
test_accuracy is 90.090 after epochs 82
Saving..

Epoch: 83
[84,   100] loss: 0.286 accuracy:88.781
[84,   200] loss: 0.287 accuracy:88.664
[84,   300] loss: 0.284 accuracy:88.766
[84,   400] loss: 0.280 accuracy:88.898
[84,   500] loss: 0.276 accuracy:89.044
[84,   600] loss: 0.276 accuracy:89.091
[84,   700] loss: 0.277 accuracy:89.109
test_accuracy is 88.030 after epochs 83

Epoch: 84
[85,   100] loss: 0.274 accuracy:88.797
[85,   200] loss: 0.266 accuracy:89.273
[85,   300] loss: 0.269 accuracy:89.250
[85,   400] loss: 0.272 accuracy:89.223
[85,   500] loss: 0.274 accuracy:89.206
[85,   600] loss: 0.275 accuracy:89.169
[85,   700] loss: 0.274 accuracy:89.210
test_accuracy is 87.960 after epochs 84

Epoch: 85
[86,   100] loss: 0.283 accuracy:88.625
[86,   200] loss: 0.265 accuracy:89.539
[86,   300] loss: 0.262 accuracy:89.646
[86,   400] loss: 0.264 accuracy:89.535
[86,   500] loss: 0.265 accuracy:89.475
[86,   600] loss: 0.264 accuracy:89.581
[86,   700] loss: 0.263 accuracy:89.661
test_accuracy is 90.550 after epochs 85
Saving..

Epoch: 86
[87,   100] loss: 0.275 accuracy:88.828
[87,   200] loss: 0.265 accuracy:89.625
[87,   300] loss: 0.263 accuracy:89.698
[87,   400] loss: 0.255 accuracy:90.078
[87,   500] loss: 0.257 accuracy:90.041
[87,   600] loss: 0.258 accuracy:90.029
[87,   700] loss: 0.258 accuracy:89.944
test_accuracy is 90.420 after epochs 86

Epoch: 87
[88,   100] loss: 0.258 accuracy:90.047
[88,   200] loss: 0.257 accuracy:90.078
[88,   300] loss: 0.258 accuracy:89.984
[88,   400] loss: 0.259 accuracy:89.918
[88,   500] loss: 0.257 accuracy:90.044
[88,   600] loss: 0.260 accuracy:89.914
[88,   700] loss: 0.259 accuracy:89.964
test_accuracy is 90.330 after epochs 87

Epoch: 88
[89,   100] loss: 0.239 accuracy:90.609
[89,   200] loss: 0.249 accuracy:90.148
[89,   300] loss: 0.251 accuracy:90.167
[89,   400] loss: 0.255 accuracy:90.012
[89,   500] loss: 0.252 accuracy:90.119
[89,   600] loss: 0.253 accuracy:90.122
[89,   700] loss: 0.251 accuracy:90.185
test_accuracy is 91.430 after epochs 88
Saving..

Epoch: 89
[90,   100] loss: 0.244 accuracy:90.828
[90,   200] loss: 0.241 accuracy:90.797
[90,   300] loss: 0.242 accuracy:90.802
[90,   400] loss: 0.246 accuracy:90.512
[90,   500] loss: 0.248 accuracy:90.309
[90,   600] loss: 0.251 accuracy:90.185
[90,   700] loss: 0.252 accuracy:90.138
test_accuracy is 87.250 after epochs 89

Epoch: 90
[91,   100] loss: 0.229 accuracy:91.344
[91,   200] loss: 0.231 accuracy:91.078
[91,   300] loss: 0.241 accuracy:90.651
[91,   400] loss: 0.242 accuracy:90.617
[91,   500] loss: 0.241 accuracy:90.669
[91,   600] loss: 0.240 accuracy:90.727
[91,   700] loss: 0.240 accuracy:90.714
test_accuracy is 90.860 after epochs 90

Epoch: 91
[92,   100] loss: 0.249 accuracy:90.766
[92,   200] loss: 0.241 accuracy:90.828
[92,   300] loss: 0.238 accuracy:90.943
[92,   400] loss: 0.238 accuracy:90.980
[92,   500] loss: 0.236 accuracy:91.100
[92,   600] loss: 0.241 accuracy:90.815
[92,   700] loss: 0.242 accuracy:90.701
test_accuracy is 91.650 after epochs 91
Saving..

Epoch: 92
[93,   100] loss: 0.223 accuracy:91.688
[93,   200] loss: 0.234 accuracy:91.070
[93,   300] loss: 0.232 accuracy:91.229
[93,   400] loss: 0.230 accuracy:91.254
[93,   500] loss: 0.232 accuracy:91.131
[93,   600] loss: 0.233 accuracy:91.161
[93,   700] loss: 0.237 accuracy:90.971
test_accuracy is 91.840 after epochs 92
Saving..

Epoch: 93
[94,   100] loss: 0.218 accuracy:91.891
[94,   200] loss: 0.225 accuracy:91.539
[94,   300] loss: 0.226 accuracy:91.448
[94,   400] loss: 0.226 accuracy:91.496
[94,   500] loss: 0.223 accuracy:91.625
[94,   600] loss: 0.224 accuracy:91.599
[94,   700] loss: 0.225 accuracy:91.567
test_accuracy is 91.720 after epochs 93

Epoch: 94
[95,   100] loss: 0.231 accuracy:91.062
[95,   200] loss: 0.235 accuracy:91.094
[95,   300] loss: 0.234 accuracy:91.089
[95,   400] loss: 0.231 accuracy:91.195
[95,   500] loss: 0.230 accuracy:91.272
[95,   600] loss: 0.230 accuracy:91.242
[95,   700] loss: 0.227 accuracy:91.379
test_accuracy is 92.180 after epochs 94
Saving..

Epoch: 95
[96,   100] loss: 0.232 accuracy:91.359
[96,   200] loss: 0.223 accuracy:91.562
[96,   300] loss: 0.221 accuracy:91.661
[96,   400] loss: 0.219 accuracy:91.727
[96,   500] loss: 0.219 accuracy:91.806
[96,   600] loss: 0.221 accuracy:91.672
[96,   700] loss: 0.220 accuracy:91.699
test_accuracy is 92.170 after epochs 95

Epoch: 96
[97,   100] loss: 0.206 accuracy:92.312
[97,   200] loss: 0.207 accuracy:92.352
[97,   300] loss: 0.215 accuracy:91.938
[97,   400] loss: 0.212 accuracy:92.062
[97,   500] loss: 0.214 accuracy:91.947
[97,   600] loss: 0.215 accuracy:91.990
[97,   700] loss: 0.213 accuracy:92.080
test_accuracy is 92.490 after epochs 96
Saving..

Epoch: 97
[98,   100] loss: 0.206 accuracy:92.578
[98,   200] loss: 0.200 accuracy:92.766
[98,   300] loss: 0.198 accuracy:92.812
[98,   400] loss: 0.205 accuracy:92.512
[98,   500] loss: 0.209 accuracy:92.347
[98,   600] loss: 0.208 accuracy:92.375
[98,   700] loss: 0.209 accuracy:92.344
test_accuracy is 92.900 after epochs 97
Saving..

Epoch: 98
[99,   100] loss: 0.201 accuracy:92.266
[99,   200] loss: 0.205 accuracy:92.469
[99,   300] loss: 0.212 accuracy:92.240
[99,   400] loss: 0.213 accuracy:92.258
[99,   500] loss: 0.212 accuracy:92.278
[99,   600] loss: 0.210 accuracy:92.344
[99,   700] loss: 0.210 accuracy:92.346
test_accuracy is 92.930 after epochs 98
Saving..

Epoch: 99
[100,   100] loss: 0.222 accuracy:91.922
[100,   200] loss: 0.208 accuracy:92.305
[100,   300] loss: 0.207 accuracy:92.370
[100,   400] loss: 0.208 accuracy:92.348
[100,   500] loss: 0.205 accuracy:92.453
[100,   600] loss: 0.206 accuracy:92.414
[100,   700] loss: 0.205 accuracy:92.489
test_accuracy is 93.150 after epochs 99
Saving..

Epoch: 100
[101,   100] loss: 0.201 accuracy:92.500
[101,   200] loss: 0.203 accuracy:92.391
[101,   300] loss: 0.202 accuracy:92.484
[101,   400] loss: 0.202 accuracy:92.512
[101,   500] loss: 0.204 accuracy:92.325
[101,   600] loss: 0.204 accuracy:92.352
[101,   700] loss: 0.205 accuracy:92.364
test_accuracy is 92.890 after epochs 100

Epoch: 101
[102,   100] loss: 0.196 accuracy:93.172
[102,   200] loss: 0.197 accuracy:92.844
[102,   300] loss: 0.195 accuracy:92.943
[102,   400] loss: 0.195 accuracy:92.965
[102,   500] loss: 0.195 accuracy:92.881
[102,   600] loss: 0.197 accuracy:92.805
[102,   700] loss: 0.198 accuracy:92.741
test_accuracy is 93.320 after epochs 101
Saving..

Epoch: 102
[103,   100] loss: 0.194 accuracy:92.875
[103,   200] loss: 0.195 accuracy:92.891
[103,   300] loss: 0.200 accuracy:92.755
[103,   400] loss: 0.201 accuracy:92.742
[103,   500] loss: 0.199 accuracy:92.750
[103,   600] loss: 0.199 accuracy:92.724
[103,   700] loss: 0.198 accuracy:92.795
test_accuracy is 92.230 after epochs 102

Epoch: 103
[104,   100] loss: 0.187 accuracy:93.078
[104,   200] loss: 0.190 accuracy:93.109
[104,   300] loss: 0.190 accuracy:93.057
[104,   400] loss: 0.193 accuracy:92.918
[104,   500] loss: 0.193 accuracy:92.894
[104,   600] loss: 0.193 accuracy:92.904
[104,   700] loss: 0.192 accuracy:92.926
test_accuracy is 92.840 after epochs 103

Epoch: 104
[105,   100] loss: 0.174 accuracy:93.609
[105,   200] loss: 0.179 accuracy:93.711
[105,   300] loss: 0.184 accuracy:93.500
[105,   400] loss: 0.188 accuracy:93.332
[105,   500] loss: 0.187 accuracy:93.328
[105,   600] loss: 0.188 accuracy:93.242
[105,   700] loss: 0.187 accuracy:93.290
test_accuracy is 93.570 after epochs 104
Saving..

Epoch: 105
[106,   100] loss: 0.193 accuracy:93.266
[106,   200] loss: 0.192 accuracy:93.078
[106,   300] loss: 0.192 accuracy:93.052
[106,   400] loss: 0.189 accuracy:93.145
[106,   500] loss: 0.187 accuracy:93.197
[106,   600] loss: 0.187 accuracy:93.182
[106,   700] loss: 0.187 accuracy:93.192
test_accuracy is 93.450 after epochs 105

Epoch: 106
[107,   100] loss: 0.179 accuracy:93.688
[107,   200] loss: 0.177 accuracy:93.750
[107,   300] loss: 0.178 accuracy:93.656
[107,   400] loss: 0.179 accuracy:93.551
[107,   500] loss: 0.181 accuracy:93.441
[107,   600] loss: 0.182 accuracy:93.365
[107,   700] loss: 0.182 accuracy:93.435
test_accuracy is 94.100 after epochs 106
Saving..

Epoch: 107
[108,   100] loss: 0.176 accuracy:93.703
[108,   200] loss: 0.180 accuracy:93.664
[108,   300] loss: 0.186 accuracy:93.370
[108,   400] loss: 0.187 accuracy:93.301
[108,   500] loss: 0.190 accuracy:93.191
[108,   600] loss: 0.188 accuracy:93.216
[108,   700] loss: 0.187 accuracy:93.297
test_accuracy is 94.300 after epochs 107
Saving..

Epoch: 108
[109,   100] loss: 0.176 accuracy:93.656
[109,   200] loss: 0.182 accuracy:93.227
[109,   300] loss: 0.179 accuracy:93.474
[109,   400] loss: 0.179 accuracy:93.500
[109,   500] loss: 0.181 accuracy:93.478
[109,   600] loss: 0.178 accuracy:93.674
[109,   700] loss: 0.178 accuracy:93.676
test_accuracy is 94.190 after epochs 108

Epoch: 109
[110,   100] loss: 0.188 accuracy:93.141
[110,   200] loss: 0.183 accuracy:93.383
[110,   300] loss: 0.176 accuracy:93.771
[110,   400] loss: 0.176 accuracy:93.762
[110,   500] loss: 0.177 accuracy:93.684
[110,   600] loss: 0.178 accuracy:93.672
[110,   700] loss: 0.178 accuracy:93.688
test_accuracy is 94.240 after epochs 109

Epoch: 110
[111,   100] loss: 0.190 accuracy:93.328
[111,   200] loss: 0.177 accuracy:93.734
[111,   300] loss: 0.178 accuracy:93.667
[111,   400] loss: 0.178 accuracy:93.734
[111,   500] loss: 0.179 accuracy:93.562
[111,   600] loss: 0.178 accuracy:93.602
[111,   700] loss: 0.179 accuracy:93.578
test_accuracy is 94.430 after epochs 110
Saving..

Epoch: 111
[112,   100] loss: 0.172 accuracy:93.969
[112,   200] loss: 0.166 accuracy:94.078
[112,   300] loss: 0.168 accuracy:94.068
[112,   400] loss: 0.173 accuracy:93.875
[112,   500] loss: 0.173 accuracy:93.881
[112,   600] loss: 0.170 accuracy:93.987
[112,   700] loss: 0.170 accuracy:93.982
test_accuracy is 94.730 after epochs 111
Saving..

Epoch: 112
[113,   100] loss: 0.180 accuracy:93.516
[113,   200] loss: 0.173 accuracy:93.906
[113,   300] loss: 0.171 accuracy:93.885
[113,   400] loss: 0.171 accuracy:93.902
[113,   500] loss: 0.170 accuracy:93.969
[113,   600] loss: 0.168 accuracy:94.026
[113,   700] loss: 0.167 accuracy:94.109
test_accuracy is 94.080 after epochs 112

Epoch: 113
[114,   100] loss: 0.185 accuracy:93.328
[114,   200] loss: 0.179 accuracy:93.703
[114,   300] loss: 0.175 accuracy:93.714
[114,   400] loss: 0.175 accuracy:93.668
[114,   500] loss: 0.174 accuracy:93.713
[114,   600] loss: 0.173 accuracy:93.773
[114,   700] loss: 0.173 accuracy:93.757
test_accuracy is 94.080 after epochs 113

Epoch: 114
[115,   100] loss: 0.180 accuracy:93.672
[115,   200] loss: 0.180 accuracy:93.633
[115,   300] loss: 0.176 accuracy:93.823
[115,   400] loss: 0.173 accuracy:93.902
[115,   500] loss: 0.172 accuracy:93.931
[115,   600] loss: 0.174 accuracy:93.904
[115,   700] loss: 0.171 accuracy:93.967
test_accuracy is 94.110 after epochs 114

Epoch: 115
[116,   100] loss: 0.173 accuracy:94.109
[116,   200] loss: 0.167 accuracy:94.297
[116,   300] loss: 0.170 accuracy:94.167
[116,   400] loss: 0.169 accuracy:94.156
[116,   500] loss: 0.166 accuracy:94.269
[116,   600] loss: 0.163 accuracy:94.367
[116,   700] loss: 0.162 accuracy:94.379
test_accuracy is 94.330 after epochs 115

Epoch: 116
[117,   100] loss: 0.159 accuracy:94.578
[117,   200] loss: 0.161 accuracy:94.508
[117,   300] loss: 0.162 accuracy:94.464
[117,   400] loss: 0.164 accuracy:94.336
[117,   500] loss: 0.164 accuracy:94.378
[117,   600] loss: 0.163 accuracy:94.414
[117,   700] loss: 0.163 accuracy:94.408
test_accuracy is 93.650 after epochs 116

Epoch: 117
[118,   100] loss: 0.175 accuracy:93.719
[118,   200] loss: 0.165 accuracy:94.195
[118,   300] loss: 0.163 accuracy:94.229
[118,   400] loss: 0.162 accuracy:94.234
[118,   500] loss: 0.160 accuracy:94.366
[118,   600] loss: 0.161 accuracy:94.310
[118,   700] loss: 0.159 accuracy:94.417
test_accuracy is 94.090 after epochs 117

Epoch: 118
[119,   100] loss: 0.164 accuracy:94.312
[119,   200] loss: 0.160 accuracy:94.398
[119,   300] loss: 0.163 accuracy:94.354
[119,   400] loss: 0.164 accuracy:94.242
[119,   500] loss: 0.163 accuracy:94.322
[119,   600] loss: 0.161 accuracy:94.409
[119,   700] loss: 0.163 accuracy:94.382
test_accuracy is 94.910 after epochs 118
Saving..

Epoch: 119
[120,   100] loss: 0.165 accuracy:93.828
[120,   200] loss: 0.163 accuracy:94.164
[120,   300] loss: 0.162 accuracy:94.370
[120,   400] loss: 0.160 accuracy:94.410
[120,   500] loss: 0.158 accuracy:94.522
[120,   600] loss: 0.157 accuracy:94.529
[120,   700] loss: 0.160 accuracy:94.444
test_accuracy is 94.860 after epochs 119

Epoch: 120
[121,   100] loss: 0.155 accuracy:94.547
[121,   200] loss: 0.153 accuracy:94.742
[121,   300] loss: 0.160 accuracy:94.521
[121,   400] loss: 0.162 accuracy:94.418
[121,   500] loss: 0.161 accuracy:94.463
[121,   600] loss: 0.162 accuracy:94.409
[121,   700] loss: 0.161 accuracy:94.373
test_accuracy is 95.310 after epochs 120
Saving..

Epoch: 121
[122,   100] loss: 0.158 accuracy:94.297
[122,   200] loss: 0.156 accuracy:94.469
[122,   300] loss: 0.155 accuracy:94.609
[122,   400] loss: 0.152 accuracy:94.773
[122,   500] loss: 0.154 accuracy:94.744
[122,   600] loss: 0.155 accuracy:94.727
[122,   700] loss: 0.156 accuracy:94.688
test_accuracy is 95.160 after epochs 121

Epoch: 122
[123,   100] loss: 0.152 accuracy:94.844
[123,   200] loss: 0.153 accuracy:94.719
[123,   300] loss: 0.152 accuracy:94.839
[123,   400] loss: 0.152 accuracy:94.828
[123,   500] loss: 0.152 accuracy:94.838
[123,   600] loss: 0.150 accuracy:94.938
[123,   700] loss: 0.150 accuracy:94.929
test_accuracy is 95.250 after epochs 122

Epoch: 123
[124,   100] loss: 0.151 accuracy:94.812
[124,   200] loss: 0.154 accuracy:94.734
[124,   300] loss: 0.154 accuracy:94.604
[124,   400] loss: 0.159 accuracy:94.438
[124,   500] loss: 0.158 accuracy:94.469
[124,   600] loss: 0.156 accuracy:94.560
[124,   700] loss: 0.157 accuracy:94.536
test_accuracy is 94.650 after epochs 123

Epoch: 124
[125,   100] loss: 0.157 accuracy:94.688
[125,   200] loss: 0.149 accuracy:94.930
[125,   300] loss: 0.149 accuracy:94.833
[125,   400] loss: 0.151 accuracy:94.812
[125,   500] loss: 0.152 accuracy:94.778
[125,   600] loss: 0.152 accuracy:94.776
[125,   700] loss: 0.152 accuracy:94.783
test_accuracy is 95.290 after epochs 124

Epoch: 125
[126,   100] loss: 0.151 accuracy:94.656
[126,   200] loss: 0.145 accuracy:95.055
[126,   300] loss: 0.148 accuracy:94.927
[126,   400] loss: 0.149 accuracy:94.988
[126,   500] loss: 0.147 accuracy:95.003
[126,   600] loss: 0.147 accuracy:94.992
[126,   700] loss: 0.147 accuracy:94.940
test_accuracy is 95.350 after epochs 125
Saving..

Epoch: 126
[127,   100] loss: 0.154 accuracy:94.562
[127,   200] loss: 0.155 accuracy:94.523
[127,   300] loss: 0.151 accuracy:94.734
[127,   400] loss: 0.155 accuracy:94.629
[127,   500] loss: 0.153 accuracy:94.678
[127,   600] loss: 0.153 accuracy:94.698
[127,   700] loss: 0.153 accuracy:94.728
test_accuracy is 95.300 after epochs 126

Epoch: 127
[128,   100] loss: 0.149 accuracy:94.828
[128,   200] loss: 0.152 accuracy:94.688
[128,   300] loss: 0.153 accuracy:94.677
[128,   400] loss: 0.152 accuracy:94.727
[128,   500] loss: 0.152 accuracy:94.719
[128,   600] loss: 0.150 accuracy:94.839
[128,   700] loss: 0.150 accuracy:94.835
test_accuracy is 95.130 after epochs 127

Epoch: 128
[129,   100] loss: 0.156 accuracy:94.594
[129,   200] loss: 0.148 accuracy:94.906
[129,   300] loss: 0.146 accuracy:94.990
[129,   400] loss: 0.149 accuracy:94.883
[129,   500] loss: 0.149 accuracy:94.853
[129,   600] loss: 0.147 accuracy:94.945
[129,   700] loss: 0.148 accuracy:94.926
test_accuracy is 95.050 after epochs 128

Epoch: 129
[130,   100] loss: 0.142 accuracy:95.172
[130,   200] loss: 0.143 accuracy:95.141
[130,   300] loss: 0.142 accuracy:95.167
[130,   400] loss: 0.143 accuracy:95.125
[130,   500] loss: 0.142 accuracy:95.150
[130,   600] loss: 0.144 accuracy:95.073
[130,   700] loss: 0.142 accuracy:95.181
test_accuracy is 95.720 after epochs 129
Saving..

Epoch: 130
[131,   100] loss: 0.149 accuracy:95.000
[131,   200] loss: 0.146 accuracy:95.133
[131,   300] loss: 0.148 accuracy:94.917
[131,   400] loss: 0.146 accuracy:94.992
[131,   500] loss: 0.147 accuracy:94.959
[131,   600] loss: 0.146 accuracy:95.036
[131,   700] loss: 0.146 accuracy:95.054
test_accuracy is 95.310 after epochs 130

Epoch: 131
[132,   100] loss: 0.146 accuracy:94.938
[132,   200] loss: 0.140 accuracy:95.211
[132,   300] loss: 0.138 accuracy:95.302
[132,   400] loss: 0.143 accuracy:95.148
[132,   500] loss: 0.144 accuracy:95.103
[132,   600] loss: 0.145 accuracy:95.096
[132,   700] loss: 0.143 accuracy:95.192
test_accuracy is 95.940 after epochs 131
Saving..

Epoch: 132
[133,   100] loss: 0.139 accuracy:95.203
[133,   200] loss: 0.134 accuracy:95.516
[133,   300] loss: 0.138 accuracy:95.354
[133,   400] loss: 0.141 accuracy:95.305
[133,   500] loss: 0.141 accuracy:95.344
[133,   600] loss: 0.140 accuracy:95.349
[133,   700] loss: 0.140 accuracy:95.326
test_accuracy is 95.670 after epochs 132

Epoch: 133
[134,   100] loss: 0.142 accuracy:95.281
[134,   200] loss: 0.141 accuracy:95.477
[134,   300] loss: 0.138 accuracy:95.417
[134,   400] loss: 0.136 accuracy:95.469
[134,   500] loss: 0.137 accuracy:95.394
[134,   600] loss: 0.138 accuracy:95.333
[134,   700] loss: 0.139 accuracy:95.312
test_accuracy is 95.820 after epochs 133

Epoch: 134
[135,   100] loss: 0.129 accuracy:95.547
[135,   200] loss: 0.135 accuracy:95.305
[135,   300] loss: 0.137 accuracy:95.219
[135,   400] loss: 0.137 accuracy:95.191
[135,   500] loss: 0.140 accuracy:95.147
[135,   600] loss: 0.140 accuracy:95.122
[135,   700] loss: 0.139 accuracy:95.156
test_accuracy is 95.440 after epochs 134

Epoch: 135
[136,   100] loss: 0.147 accuracy:95.000
[136,   200] loss: 0.146 accuracy:95.109
[136,   300] loss: 0.145 accuracy:95.052
[136,   400] loss: 0.145 accuracy:95.039
[136,   500] loss: 0.143 accuracy:95.066
[136,   600] loss: 0.142 accuracy:95.156
[136,   700] loss: 0.141 accuracy:95.212
test_accuracy is 95.820 after epochs 135

Epoch: 136
[137,   100] loss: 0.132 accuracy:95.531
[137,   200] loss: 0.142 accuracy:95.219
[137,   300] loss: 0.138 accuracy:95.297
[137,   400] loss: 0.138 accuracy:95.305
[137,   500] loss: 0.140 accuracy:95.259
[137,   600] loss: 0.141 accuracy:95.260
[137,   700] loss: 0.140 accuracy:95.312
test_accuracy is 95.990 after epochs 136
Saving..

Epoch: 137
[138,   100] loss: 0.134 accuracy:95.453
[138,   200] loss: 0.137 accuracy:95.477
[138,   300] loss: 0.135 accuracy:95.536
[138,   400] loss: 0.135 accuracy:95.512
[138,   500] loss: 0.135 accuracy:95.497
[138,   600] loss: 0.135 accuracy:95.505
[138,   700] loss: 0.135 accuracy:95.509
test_accuracy is 95.770 after epochs 137

Epoch: 138
[139,   100] loss: 0.147 accuracy:94.875
[139,   200] loss: 0.146 accuracy:95.008
[139,   300] loss: 0.142 accuracy:95.172
[139,   400] loss: 0.138 accuracy:95.305
[139,   500] loss: 0.136 accuracy:95.406
[139,   600] loss: 0.135 accuracy:95.427
[139,   700] loss: 0.135 accuracy:95.400
test_accuracy is 96.100 after epochs 138
Saving..

Epoch: 139
[140,   100] loss: 0.136 accuracy:95.688
[140,   200] loss: 0.135 accuracy:95.680
[140,   300] loss: 0.136 accuracy:95.630
[140,   400] loss: 0.135 accuracy:95.684
[140,   500] loss: 0.136 accuracy:95.612
[140,   600] loss: 0.136 accuracy:95.607
[140,   700] loss: 0.137 accuracy:95.583
test_accuracy is 95.770 after epochs 139

Epoch: 140
[141,   100] loss: 0.140 accuracy:95.203
[141,   200] loss: 0.138 accuracy:95.211
[141,   300] loss: 0.132 accuracy:95.448
[141,   400] loss: 0.135 accuracy:95.426
[141,   500] loss: 0.136 accuracy:95.394
[141,   600] loss: 0.137 accuracy:95.310
[141,   700] loss: 0.137 accuracy:95.326
test_accuracy is 96.090 after epochs 140

Epoch: 141
[142,   100] loss: 0.119 accuracy:96.188
[142,   200] loss: 0.124 accuracy:95.883
[142,   300] loss: 0.129 accuracy:95.620
[142,   400] loss: 0.131 accuracy:95.637
[142,   500] loss: 0.131 accuracy:95.562
[142,   600] loss: 0.135 accuracy:95.419
[142,   700] loss: 0.134 accuracy:95.464
test_accuracy is 95.990 after epochs 141

Epoch: 142
[143,   100] loss: 0.135 accuracy:95.578
[143,   200] loss: 0.134 accuracy:95.469
[143,   300] loss: 0.136 accuracy:95.500
[143,   400] loss: 0.133 accuracy:95.555
[143,   500] loss: 0.131 accuracy:95.672
[143,   600] loss: 0.130 accuracy:95.703
[143,   700] loss: 0.130 accuracy:95.658
test_accuracy is 96.270 after epochs 142
Saving..

Epoch: 143
[144,   100] loss: 0.121 accuracy:95.891
[144,   200] loss: 0.123 accuracy:95.891
[144,   300] loss: 0.122 accuracy:95.932
[144,   400] loss: 0.126 accuracy:95.793
[144,   500] loss: 0.126 accuracy:95.853
[144,   600] loss: 0.125 accuracy:95.919
[144,   700] loss: 0.126 accuracy:95.875
test_accuracy is 96.000 after epochs 143

Epoch: 144
[145,   100] loss: 0.137 accuracy:95.578
[145,   200] loss: 0.130 accuracy:95.781
[145,   300] loss: 0.126 accuracy:95.885
[145,   400] loss: 0.127 accuracy:95.898
[145,   500] loss: 0.128 accuracy:95.797
[145,   600] loss: 0.129 accuracy:95.724
[145,   700] loss: 0.130 accuracy:95.688
test_accuracy is 95.950 after epochs 144

Epoch: 145
[146,   100] loss: 0.128 accuracy:95.766
[146,   200] loss: 0.127 accuracy:95.750
[146,   300] loss: 0.127 accuracy:95.807
[146,   400] loss: 0.129 accuracy:95.770
[146,   500] loss: 0.130 accuracy:95.737
[146,   600] loss: 0.128 accuracy:95.799
[146,   700] loss: 0.127 accuracy:95.848
test_accuracy is 96.000 after epochs 145

Epoch: 146
[147,   100] loss: 0.124 accuracy:95.625
[147,   200] loss: 0.125 accuracy:95.609
[147,   300] loss: 0.130 accuracy:95.495
[147,   400] loss: 0.129 accuracy:95.609
[147,   500] loss: 0.130 accuracy:95.572
[147,   600] loss: 0.131 accuracy:95.555
[147,   700] loss: 0.131 accuracy:95.623
test_accuracy is 95.800 after epochs 146

Epoch: 147
[148,   100] loss: 0.130 accuracy:95.766
[148,   200] loss: 0.130 accuracy:95.727
[148,   300] loss: 0.127 accuracy:95.854
[148,   400] loss: 0.129 accuracy:95.801
[148,   500] loss: 0.127 accuracy:95.888
[148,   600] loss: 0.127 accuracy:95.880
[148,   700] loss: 0.127 accuracy:95.875
test_accuracy is 96.390 after epochs 147
Saving..

Epoch: 148
[149,   100] loss: 0.124 accuracy:95.859
[149,   200] loss: 0.126 accuracy:95.727
[149,   300] loss: 0.126 accuracy:95.745
[149,   400] loss: 0.128 accuracy:95.699
[149,   500] loss: 0.127 accuracy:95.794
[149,   600] loss: 0.128 accuracy:95.805
[149,   700] loss: 0.127 accuracy:95.850
test_accuracy is 95.920 after epochs 148

Epoch: 149
[150,   100] loss: 0.133 accuracy:95.672
[150,   200] loss: 0.129 accuracy:95.805
[150,   300] loss: 0.128 accuracy:95.901
[150,   400] loss: 0.128 accuracy:95.848
[150,   500] loss: 0.129 accuracy:95.828
[150,   600] loss: 0.129 accuracy:95.828
[150,   700] loss: 0.128 accuracy:95.835
test_accuracy is 96.350 after epochs 149

Epoch: 150
[151,   100] loss: 0.131 accuracy:95.906
[151,   200] loss: 0.126 accuracy:95.977
[151,   300] loss: 0.121 accuracy:96.099
[151,   400] loss: 0.122 accuracy:96.051
[151,   500] loss: 0.123 accuracy:96.009
[151,   600] loss: 0.122 accuracy:96.023
[151,   700] loss: 0.121 accuracy:96.025
test_accuracy is 96.150 after epochs 150

Epoch: 151
[152,   100] loss: 0.117 accuracy:95.906
[152,   200] loss: 0.117 accuracy:96.062
[152,   300] loss: 0.120 accuracy:95.964
[152,   400] loss: 0.125 accuracy:95.844
[152,   500] loss: 0.126 accuracy:95.778
[152,   600] loss: 0.126 accuracy:95.776
[152,   700] loss: 0.127 accuracy:95.752
test_accuracy is 96.350 after epochs 151

Epoch: 152
[153,   100] loss: 0.119 accuracy:95.969
[153,   200] loss: 0.120 accuracy:96.109
[153,   300] loss: 0.119 accuracy:96.089
[153,   400] loss: 0.123 accuracy:95.969
[153,   500] loss: 0.124 accuracy:95.963
[153,   600] loss: 0.122 accuracy:95.982
[153,   700] loss: 0.122 accuracy:96.016
test_accuracy is 95.950 after epochs 152

Epoch: 153
[154,   100] loss: 0.123 accuracy:95.984
[154,   200] loss: 0.125 accuracy:95.883
[154,   300] loss: 0.125 accuracy:95.865
[154,   400] loss: 0.123 accuracy:95.965
[154,   500] loss: 0.124 accuracy:95.978
[154,   600] loss: 0.125 accuracy:95.945
[154,   700] loss: 0.124 accuracy:95.967
test_accuracy is 96.570 after epochs 153
Saving..

Epoch: 154
[155,   100] loss: 0.112 accuracy:96.547
[155,   200] loss: 0.115 accuracy:96.344
[155,   300] loss: 0.118 accuracy:96.245
[155,   400] loss: 0.119 accuracy:96.180
[155,   500] loss: 0.123 accuracy:96.056
[155,   600] loss: 0.122 accuracy:96.057
[155,   700] loss: 0.123 accuracy:96.018
test_accuracy is 96.300 after epochs 154

Epoch: 155
[156,   100] loss: 0.128 accuracy:95.812
[156,   200] loss: 0.123 accuracy:95.969
[156,   300] loss: 0.121 accuracy:96.047
[156,   400] loss: 0.121 accuracy:96.082
[156,   500] loss: 0.121 accuracy:96.094
[156,   600] loss: 0.121 accuracy:96.042
[156,   700] loss: 0.121 accuracy:96.054
test_accuracy is 96.420 after epochs 155

Epoch: 156
[157,   100] loss: 0.122 accuracy:96.125
[157,   200] loss: 0.123 accuracy:96.078
[157,   300] loss: 0.125 accuracy:96.000
[157,   400] loss: 0.125 accuracy:95.926
[157,   500] loss: 0.126 accuracy:95.869
[157,   600] loss: 0.126 accuracy:95.872
[157,   700] loss: 0.124 accuracy:95.929
test_accuracy is 96.590 after epochs 156
Saving..

Epoch: 157
[158,   100] loss: 0.111 accuracy:96.547
[158,   200] loss: 0.112 accuracy:96.531
[158,   300] loss: 0.111 accuracy:96.516
[158,   400] loss: 0.110 accuracy:96.559
[158,   500] loss: 0.113 accuracy:96.419
[158,   600] loss: 0.113 accuracy:96.372
[158,   700] loss: 0.113 accuracy:96.386
test_accuracy is 96.560 after epochs 157

Epoch: 158
[159,   100] loss: 0.122 accuracy:96.203
[159,   200] loss: 0.118 accuracy:96.367
[159,   300] loss: 0.118 accuracy:96.344
[159,   400] loss: 0.119 accuracy:96.250
[159,   500] loss: 0.118 accuracy:96.263
[159,   600] loss: 0.118 accuracy:96.253
[159,   700] loss: 0.118 accuracy:96.228
test_accuracy is 96.460 after epochs 158

Epoch: 159
[160,   100] loss: 0.117 accuracy:96.219
[160,   200] loss: 0.118 accuracy:96.234
[160,   300] loss: 0.119 accuracy:96.177
[160,   400] loss: 0.120 accuracy:96.148
[160,   500] loss: 0.117 accuracy:96.200
[160,   600] loss: 0.117 accuracy:96.193
[160,   700] loss: 0.116 accuracy:96.270
test_accuracy is 96.600 after epochs 159
Saving..

Epoch: 160
[161,   100] loss: 0.109 accuracy:96.562
[161,   200] loss: 0.111 accuracy:96.422
[161,   300] loss: 0.115 accuracy:96.245
[161,   400] loss: 0.114 accuracy:96.281
[161,   500] loss: 0.114 accuracy:96.322
[161,   600] loss: 0.112 accuracy:96.393
[161,   700] loss: 0.112 accuracy:96.411
test_accuracy is 96.470 after epochs 160

Epoch: 161
[162,   100] loss: 0.113 accuracy:96.453
[162,   200] loss: 0.119 accuracy:96.188
[162,   300] loss: 0.116 accuracy:96.281
[162,   400] loss: 0.117 accuracy:96.238
[162,   500] loss: 0.118 accuracy:96.150
[162,   600] loss: 0.120 accuracy:96.112
[162,   700] loss: 0.119 accuracy:96.141
test_accuracy is 96.520 after epochs 161

Epoch: 162
[163,   100] loss: 0.111 accuracy:96.484
[163,   200] loss: 0.116 accuracy:96.320
[163,   300] loss: 0.115 accuracy:96.354
[163,   400] loss: 0.115 accuracy:96.398
[163,   500] loss: 0.116 accuracy:96.362
[163,   600] loss: 0.116 accuracy:96.385
[163,   700] loss: 0.116 accuracy:96.348
test_accuracy is 96.030 after epochs 162

Epoch: 163
[164,   100] loss: 0.114 accuracy:96.297
[164,   200] loss: 0.109 accuracy:96.438
[164,   300] loss: 0.111 accuracy:96.375
[164,   400] loss: 0.113 accuracy:96.355
[164,   500] loss: 0.113 accuracy:96.384
[164,   600] loss: 0.115 accuracy:96.362
[164,   700] loss: 0.115 accuracy:96.335
test_accuracy is 96.630 after epochs 163
Saving..

Epoch: 164
[165,   100] loss: 0.122 accuracy:95.953
[165,   200] loss: 0.115 accuracy:96.195
[165,   300] loss: 0.116 accuracy:96.177
[165,   400] loss: 0.116 accuracy:96.176
[165,   500] loss: 0.116 accuracy:96.184
[165,   600] loss: 0.115 accuracy:96.188
[165,   700] loss: 0.116 accuracy:96.156
test_accuracy is 96.370 after epochs 164

Epoch: 165
[166,   100] loss: 0.126 accuracy:96.047
[166,   200] loss: 0.117 accuracy:96.273
[166,   300] loss: 0.111 accuracy:96.432
[166,   400] loss: 0.112 accuracy:96.371
[166,   500] loss: 0.112 accuracy:96.356
[166,   600] loss: 0.111 accuracy:96.396
[166,   700] loss: 0.111 accuracy:96.393
test_accuracy is 96.460 after epochs 165

Epoch: 166
[167,   100] loss: 0.112 accuracy:96.312
[167,   200] loss: 0.116 accuracy:96.266
[167,   300] loss: 0.113 accuracy:96.380
[167,   400] loss: 0.112 accuracy:96.414
[167,   500] loss: 0.111 accuracy:96.441
[167,   600] loss: 0.110 accuracy:96.523
[167,   700] loss: 0.111 accuracy:96.484
test_accuracy is 96.570 after epochs 166

Epoch: 167
[168,   100] loss: 0.103 accuracy:96.938
[168,   200] loss: 0.108 accuracy:96.562
[168,   300] loss: 0.107 accuracy:96.557
[168,   400] loss: 0.108 accuracy:96.543
[168,   500] loss: 0.110 accuracy:96.484
[168,   600] loss: 0.110 accuracy:96.469
[168,   700] loss: 0.109 accuracy:96.520
test_accuracy is 96.480 after epochs 167

Epoch: 168
[169,   100] loss: 0.103 accuracy:96.734
[169,   200] loss: 0.102 accuracy:96.789
[169,   300] loss: 0.104 accuracy:96.656
[169,   400] loss: 0.105 accuracy:96.633
[169,   500] loss: 0.107 accuracy:96.578
[169,   600] loss: 0.105 accuracy:96.643
[169,   700] loss: 0.105 accuracy:96.641
test_accuracy is 96.220 after epochs 168

Epoch: 169
[170,   100] loss: 0.128 accuracy:95.625
[170,   200] loss: 0.120 accuracy:96.047
[170,   300] loss: 0.120 accuracy:96.000
[170,   400] loss: 0.119 accuracy:96.129
[170,   500] loss: 0.117 accuracy:96.241
[170,   600] loss: 0.114 accuracy:96.344
[170,   700] loss: 0.114 accuracy:96.324
test_accuracy is 97.030 after epochs 169
Saving..

Epoch: 170
[171,   100] loss: 0.105 accuracy:96.562
[171,   200] loss: 0.111 accuracy:96.352
[171,   300] loss: 0.112 accuracy:96.349
[171,   400] loss: 0.111 accuracy:96.414
[171,   500] loss: 0.110 accuracy:96.444
[171,   600] loss: 0.110 accuracy:96.466
[171,   700] loss: 0.109 accuracy:96.507
test_accuracy is 96.810 after epochs 170

Epoch: 171
[172,   100] loss: 0.109 accuracy:96.531
[172,   200] loss: 0.109 accuracy:96.586
[172,   300] loss: 0.107 accuracy:96.620
[172,   400] loss: 0.108 accuracy:96.594
[172,   500] loss: 0.109 accuracy:96.578
[172,   600] loss: 0.109 accuracy:96.539
[172,   700] loss: 0.111 accuracy:96.482
test_accuracy is 96.510 after epochs 171

Epoch: 172
[173,   100] loss: 0.114 accuracy:96.562
[173,   200] loss: 0.112 accuracy:96.461
[173,   300] loss: 0.110 accuracy:96.510
[173,   400] loss: 0.108 accuracy:96.578
[173,   500] loss: 0.108 accuracy:96.506
[173,   600] loss: 0.109 accuracy:96.503
[173,   700] loss: 0.111 accuracy:96.453
test_accuracy is 96.720 after epochs 172

Epoch: 173
[174,   100] loss: 0.126 accuracy:95.734
[174,   200] loss: 0.114 accuracy:96.281
[174,   300] loss: 0.112 accuracy:96.401
[174,   400] loss: 0.111 accuracy:96.398
[174,   500] loss: 0.111 accuracy:96.438
[174,   600] loss: 0.112 accuracy:96.424
[174,   700] loss: 0.111 accuracy:96.460
test_accuracy is 96.900 after epochs 173

Epoch: 174
[175,   100] loss: 0.098 accuracy:97.062
[175,   200] loss: 0.107 accuracy:96.641
[175,   300] loss: 0.105 accuracy:96.708
[175,   400] loss: 0.104 accuracy:96.770
[175,   500] loss: 0.104 accuracy:96.772
[175,   600] loss: 0.104 accuracy:96.760
[175,   700] loss: 0.105 accuracy:96.676
test_accuracy is 96.920 after epochs 174

Epoch: 175
[176,   100] loss: 0.112 accuracy:96.562
[176,   200] loss: 0.109 accuracy:96.641
[176,   300] loss: 0.111 accuracy:96.479
[176,   400] loss: 0.109 accuracy:96.492
[176,   500] loss: 0.109 accuracy:96.513
[176,   600] loss: 0.107 accuracy:96.570
[176,   700] loss: 0.108 accuracy:96.533
test_accuracy is 96.790 after epochs 175

Epoch: 176
[177,   100] loss: 0.097 accuracy:97.062
[177,   200] loss: 0.097 accuracy:96.984
[177,   300] loss: 0.103 accuracy:96.792
[177,   400] loss: 0.102 accuracy:96.828
[177,   500] loss: 0.104 accuracy:96.747
[177,   600] loss: 0.104 accuracy:96.719
[177,   700] loss: 0.105 accuracy:96.676
test_accuracy is 96.680 after epochs 176

Epoch: 177
[178,   100] loss: 0.107 accuracy:96.703
[178,   200] loss: 0.106 accuracy:96.625
[178,   300] loss: 0.107 accuracy:96.557
[178,   400] loss: 0.106 accuracy:96.527
[178,   500] loss: 0.108 accuracy:96.500
[178,   600] loss: 0.109 accuracy:96.521
[178,   700] loss: 0.108 accuracy:96.556
test_accuracy is 96.720 after epochs 177

Epoch: 178
[179,   100] loss: 0.105 accuracy:96.594
[179,   200] loss: 0.105 accuracy:96.562
[179,   300] loss: 0.106 accuracy:96.510
[179,   400] loss: 0.108 accuracy:96.496
[179,   500] loss: 0.107 accuracy:96.547
[179,   600] loss: 0.108 accuracy:96.518
[179,   700] loss: 0.107 accuracy:96.567
test_accuracy is 96.890 after epochs 178

Epoch: 179
[180,   100] loss: 0.103 accuracy:96.844
[180,   200] loss: 0.106 accuracy:96.805
[180,   300] loss: 0.103 accuracy:96.823
[180,   400] loss: 0.106 accuracy:96.699
[180,   500] loss: 0.107 accuracy:96.619
[180,   600] loss: 0.106 accuracy:96.622
[180,   700] loss: 0.106 accuracy:96.643
test_accuracy is 96.660 after epochs 179

Epoch: 180
[181,   100] loss: 0.099 accuracy:96.844
[181,   200] loss: 0.105 accuracy:96.625
[181,   300] loss: 0.102 accuracy:96.693
[181,   400] loss: 0.103 accuracy:96.602
[181,   500] loss: 0.101 accuracy:96.719
[181,   600] loss: 0.103 accuracy:96.685
[181,   700] loss: 0.102 accuracy:96.688
test_accuracy is 97.310 after epochs 180
Saving..

Epoch: 181
[182,   100] loss: 0.097 accuracy:96.734
[182,   200] loss: 0.101 accuracy:96.695
[182,   300] loss: 0.099 accuracy:96.859
[182,   400] loss: 0.102 accuracy:96.770
[182,   500] loss: 0.101 accuracy:96.841
[182,   600] loss: 0.102 accuracy:96.810
[182,   700] loss: 0.101 accuracy:96.828
test_accuracy is 97.080 after epochs 181

Epoch: 182
[183,   100] loss: 0.098 accuracy:96.938
[183,   200] loss: 0.099 accuracy:96.953
[183,   300] loss: 0.099 accuracy:96.938
[183,   400] loss: 0.102 accuracy:96.824
[183,   500] loss: 0.102 accuracy:96.822
[183,   600] loss: 0.103 accuracy:96.789
[183,   700] loss: 0.103 accuracy:96.777
test_accuracy is 96.890 after epochs 182

Epoch: 183
[184,   100] loss: 0.097 accuracy:96.938
[184,   200] loss: 0.098 accuracy:96.898
[184,   300] loss: 0.101 accuracy:96.729
[184,   400] loss: 0.103 accuracy:96.723
[184,   500] loss: 0.105 accuracy:96.678
[184,   600] loss: 0.106 accuracy:96.656
[184,   700] loss: 0.105 accuracy:96.705
test_accuracy is 96.870 after epochs 183

Epoch: 184
[185,   100] loss: 0.107 accuracy:96.812
[185,   200] loss: 0.109 accuracy:96.570
[185,   300] loss: 0.103 accuracy:96.766
[185,   400] loss: 0.103 accuracy:96.715
[185,   500] loss: 0.105 accuracy:96.659
[185,   600] loss: 0.106 accuracy:96.633
[185,   700] loss: 0.106 accuracy:96.629
test_accuracy is 96.770 after epochs 184

Epoch: 185
[186,   100] loss: 0.113 accuracy:96.375
[186,   200] loss: 0.107 accuracy:96.586
[186,   300] loss: 0.107 accuracy:96.609
[186,   400] loss: 0.108 accuracy:96.562
[186,   500] loss: 0.108 accuracy:96.572
[186,   600] loss: 0.108 accuracy:96.586
[186,   700] loss: 0.107 accuracy:96.614
test_accuracy is 96.840 after epochs 185

Epoch: 186
[187,   100] loss: 0.102 accuracy:96.703
[187,   200] loss: 0.108 accuracy:96.477
[187,   300] loss: 0.109 accuracy:96.484
[187,   400] loss: 0.106 accuracy:96.621
[187,   500] loss: 0.105 accuracy:96.628
[187,   600] loss: 0.105 accuracy:96.669
[187,   700] loss: 0.106 accuracy:96.647
test_accuracy is 97.140 after epochs 186

Epoch: 187
[188,   100] loss: 0.103 accuracy:96.875
[188,   200] loss: 0.104 accuracy:96.727
[188,   300] loss: 0.101 accuracy:96.807
[188,   400] loss: 0.102 accuracy:96.766
[188,   500] loss: 0.103 accuracy:96.697
[188,   600] loss: 0.105 accuracy:96.617
[188,   700] loss: 0.104 accuracy:96.676
test_accuracy is 97.040 after epochs 187

Epoch: 188
[189,   100] loss: 0.108 accuracy:96.516
[189,   200] loss: 0.104 accuracy:96.773
[189,   300] loss: 0.102 accuracy:96.807
[189,   400] loss: 0.101 accuracy:96.824
[189,   500] loss: 0.099 accuracy:96.925
[189,   600] loss: 0.099 accuracy:96.964
[189,   700] loss: 0.101 accuracy:96.895
test_accuracy is 96.770 after epochs 188

Epoch: 189
[190,   100] loss: 0.099 accuracy:96.984
[190,   200] loss: 0.101 accuracy:96.898
[190,   300] loss: 0.100 accuracy:96.885
[190,   400] loss: 0.099 accuracy:96.875
[190,   500] loss: 0.101 accuracy:96.772
[190,   600] loss: 0.102 accuracy:96.758
[190,   700] loss: 0.102 accuracy:96.746
test_accuracy is 97.180 after epochs 189

Epoch: 190
[191,   100] loss: 0.105 accuracy:96.703
[191,   200] loss: 0.109 accuracy:96.500
[191,   300] loss: 0.106 accuracy:96.562
[191,   400] loss: 0.105 accuracy:96.648
[191,   500] loss: 0.104 accuracy:96.716
[191,   600] loss: 0.103 accuracy:96.768
[191,   700] loss: 0.103 accuracy:96.766
test_accuracy is 96.700 after epochs 190

Epoch: 191
[192,   100] loss: 0.104 accuracy:96.656
[192,   200] loss: 0.100 accuracy:96.805
[192,   300] loss: 0.104 accuracy:96.661
[192,   400] loss: 0.105 accuracy:96.641
[192,   500] loss: 0.106 accuracy:96.650
[192,   600] loss: 0.105 accuracy:96.672
[192,   700] loss: 0.105 accuracy:96.685
test_accuracy is 96.910 after epochs 191

Epoch: 192
[193,   100] loss: 0.096 accuracy:96.953
[193,   200] loss: 0.104 accuracy:96.656
[193,   300] loss: 0.104 accuracy:96.620
[193,   400] loss: 0.105 accuracy:96.629
[193,   500] loss: 0.106 accuracy:96.572
[193,   600] loss: 0.105 accuracy:96.625
[193,   700] loss: 0.105 accuracy:96.647
test_accuracy is 96.760 after epochs 192

Epoch: 193
[194,   100] loss: 0.100 accuracy:96.797
[194,   200] loss: 0.097 accuracy:96.945
[194,   300] loss: 0.099 accuracy:96.849
[194,   400] loss: 0.098 accuracy:96.863
[194,   500] loss: 0.100 accuracy:96.856
[194,   600] loss: 0.101 accuracy:96.828
[194,   700] loss: 0.103 accuracy:96.783
test_accuracy is 97.190 after epochs 193

Epoch: 194
[195,   100] loss: 0.106 accuracy:96.531
[195,   200] loss: 0.107 accuracy:96.531
[195,   300] loss: 0.105 accuracy:96.646
[195,   400] loss: 0.107 accuracy:96.625
[195,   500] loss: 0.106 accuracy:96.609
[195,   600] loss: 0.106 accuracy:96.609
[195,   700] loss: 0.106 accuracy:96.645
test_accuracy is 96.920 after epochs 194

Epoch: 195
[196,   100] loss: 0.095 accuracy:97.016
[196,   200] loss: 0.102 accuracy:96.844
[196,   300] loss: 0.100 accuracy:96.911
[196,   400] loss: 0.098 accuracy:96.965
[196,   500] loss: 0.099 accuracy:96.900
[196,   600] loss: 0.100 accuracy:96.891
[196,   700] loss: 0.099 accuracy:96.908
test_accuracy is 96.830 after epochs 195

Epoch: 196
[197,   100] loss: 0.095 accuracy:96.969
[197,   200] loss: 0.095 accuracy:97.031
[197,   300] loss: 0.097 accuracy:96.969
[197,   400] loss: 0.098 accuracy:96.941
[197,   500] loss: 0.099 accuracy:96.862
[197,   600] loss: 0.102 accuracy:96.794
[197,   700] loss: 0.102 accuracy:96.792
test_accuracy is 97.100 after epochs 196

Epoch: 197
[198,   100] loss: 0.107 accuracy:96.438
[198,   200] loss: 0.103 accuracy:96.672
[198,   300] loss: 0.102 accuracy:96.724
[198,   400] loss: 0.103 accuracy:96.750
[198,   500] loss: 0.105 accuracy:96.694
[198,   600] loss: 0.105 accuracy:96.672
[198,   700] loss: 0.104 accuracy:96.692
test_accuracy is 97.120 after epochs 197

Epoch: 198
[199,   100] loss: 0.103 accuracy:96.734
[199,   200] loss: 0.100 accuracy:96.891
[199,   300] loss: 0.097 accuracy:96.932
[199,   400] loss: 0.098 accuracy:96.953
[199,   500] loss: 0.097 accuracy:97.003
[199,   600] loss: 0.097 accuracy:96.984
[199,   700] loss: 0.098 accuracy:96.942
test_accuracy is 97.020 after epochs 198

Epoch: 199
[200,   100] loss: 0.099 accuracy:96.812
[200,   200] loss: 0.105 accuracy:96.656
[200,   300] loss: 0.106 accuracy:96.646
[200,   400] loss: 0.105 accuracy:96.664
[200,   500] loss: 0.104 accuracy:96.688
[200,   600] loss: 0.103 accuracy:96.724
[200,   700] loss: 0.102 accuracy:96.761
test_accuracy is 96.910 after epochs 199
