000 (9126475.005.000) 02/11 02:35:28 Job submitted from host: <10.15.2.1:9618?PrivAddr=%3c172.22.0.101:9618%3fsock%3d2293896_6fb7_6%3e&PrivNet=internal.cluster.is.localnet&addrs=10.15.2.1-9618&noUDP&sock=2293896_6fb7_6>
...
001 (9126475.005.000) 02/11 02:37:22 Job executing on host: <172.22.2.25:9618?addrs=172.22.2.25-9618&noUDP&sock=29432_7b80_3>
...
006 (9126475.005.000) 02/11 02:37:31 Image size of job updated: 119012
	62  -  MemoryUsage of job (MB)
	63044  -  ResidentSetSize of job (KB)
...
006 (9126475.005.000) 02/11 02:42:31 Image size of job updated: 2363520
	2053  -  MemoryUsage of job (MB)
	2101500  -  ResidentSetSize of job (KB)
...
006 (9126475.005.000) 02/11 02:47:31 Image size of job updated: 2368156
	2057  -  MemoryUsage of job (MB)
	2106004  -  ResidentSetSize of job (KB)
...
006 (9126475.005.000) 02/11 03:12:34 Image size of job updated: 2368740
	2059  -  MemoryUsage of job (MB)
	2107644  -  ResidentSetSize of job (KB)
...
006 (9126475.005.000) 02/11 04:42:43 Image size of job updated: 2368740
	2060  -  MemoryUsage of job (MB)
	2108684  -  ResidentSetSize of job (KB)
...
005 (9126475.005.000) 02/11 05:49:00 Job terminated.
	(1) Normal termination (return value 0)
		Usr 0 03:01:57, Sys 0 00:09:02  -  Run Remote Usage
		Usr 0 00:00:00, Sys 0 00:00:00  -  Run Local Usage
		Usr 0 03:01:57, Sys 0 00:09:02  -  Total Remote Usage
		Usr 0 00:00:00, Sys 0 00:00:00  -  Total Local Usage
	0  -  Run Bytes Sent By Job
	0  -  Run Bytes Received By Job
	0  -  Total Bytes Sent By Job
	0  -  Total Bytes Received By Job
	Partitionable Resources :    Usage  Request Allocated Assigned
	   Cpus                 :     1.00        1         1 
	   Disk (KB)            :     2           2    853458 
	   Gpus                 :                 1         1 "CUDA1"
	   Memory (MB)          :  2060       48000     48000 
...
