000 (9126475.014.000) 02/11 02:35:28 Job submitted from host: <10.15.2.1:9618?PrivAddr=%3c172.22.0.101:9618%3fsock%3d2293896_6fb7_6%3e&PrivNet=internal.cluster.is.localnet&addrs=10.15.2.1-9618&noUDP&sock=2293896_6fb7_6>
...
001 (9126475.014.000) 02/11 02:38:52 Job executing on host: <172.22.2.57:9618?addrs=172.22.2.57-9618&noUDP&sock=22837_dc68_3>
...
006 (9126475.014.000) 02/11 02:39:02 Image size of job updated: 128928
	77  -  MemoryUsage of job (MB)
	77976  -  ResidentSetSize of job (KB)
...
006 (9126475.014.000) 02/11 02:44:02 Image size of job updated: 2307528
	2012  -  MemoryUsage of job (MB)
	2060160  -  ResidentSetSize of job (KB)
...
006 (9126475.014.000) 02/11 02:49:03 Image size of job updated: 2308244
	2012  -  MemoryUsage of job (MB)
	2060160  -  ResidentSetSize of job (KB)
...
006 (9126475.014.000) 02/11 02:59:03 Image size of job updated: 2308292
	2012  -  MemoryUsage of job (MB)
	2060160  -  ResidentSetSize of job (KB)
...
006 (9126475.014.000) 02/11 05:33:50 Image size of job updated: 38254780
	2012  -  MemoryUsage of job (MB)
	2060160  -  ResidentSetSize of job (KB)
...
005 (9126475.014.000) 02/11 05:33:51 Job terminated.
	(1) Normal termination (return value 0)
		Usr 0 02:49:29, Sys 0 00:05:12  -  Run Remote Usage
		Usr 0 00:00:00, Sys 0 00:00:00  -  Run Local Usage
		Usr 0 02:49:29, Sys 0 00:05:12  -  Total Remote Usage
		Usr 0 00:00:00, Sys 0 00:00:00  -  Total Local Usage
	0  -  Run Bytes Sent By Job
	0  -  Run Bytes Received By Job
	0  -  Total Bytes Sent By Job
	0  -  Total Bytes Received By Job
	Partitionable Resources :    Usage  Request Allocated Assigned
	   Cpus                 :     1.00        1         1 
	   Disk (KB)            :     2           2    853458 
	   Gpus                 :                 1         1 "CUDA5"
	   Memory (MB)          :  2012       48000     48000 
...
