HXLN_LN_LSTM-default-data-Triangle-version-0-num_layers-4-num_templates-4-dropout-0.1-epochs-200-patch_size-4-num_heads-4-batch_size-64-lr-0.0001-256-512-2-2-True-6-True-True-20-True-8-False-1
transformer embed_dim 256
functional? False
total heads 4
head dim 64
use topk?True
topk:20
MEM SLOTS:8
Null attention:False
USING SHARED MEMORY ATTENTION +++++++++
Using gate style unit
query:32896
key:32896
value:65792
attention_mlp:65792
layernorm1:512
layernorm2:512
input_projector:65792
input projector:256
input_gate_projector:208640
memory_gate_projector:1052672
relational volatie!!!
1525506
Total number of parameters:1948678

Epoch: 0
[1,   100] loss: 0.729 accuracy:49.250
[1,   200] loss: 0.718 accuracy:50.297
[1,   300] loss: 0.716 accuracy:49.724
[1,   400] loss: 0.713 accuracy:50.004
[1,   500] loss: 0.711 accuracy:50.166
[1,   600] loss: 0.710 accuracy:50.258
[1,   700] loss: 0.708 accuracy:50.449
test_accuracy is 51.190 after epochs 0
Saving..

Epoch: 1
[2,   100] loss: 0.697 accuracy:51.516
[2,   200] loss: 0.697 accuracy:51.547
[2,   300] loss: 0.698 accuracy:51.479
[2,   400] loss: 0.699 accuracy:51.488
[2,   500] loss: 0.699 accuracy:51.550
[2,   600] loss: 0.699 accuracy:51.685
[2,   700] loss: 0.698 accuracy:51.783
test_accuracy is 55.710 after epochs 1
Saving..

Epoch: 2
[3,   100] loss: 0.698 accuracy:51.812
[3,   200] loss: 0.698 accuracy:51.344
[3,   300] loss: 0.697 accuracy:51.479
[3,   400] loss: 0.697 accuracy:51.391
[3,   500] loss: 0.696 accuracy:51.931
[3,   600] loss: 0.696 accuracy:52.112
[3,   700] loss: 0.695 accuracy:52.279
test_accuracy is 55.250 after epochs 2

Epoch: 3
[4,   100] loss: 0.690 accuracy:53.359
[4,   200] loss: 0.691 accuracy:53.047
[4,   300] loss: 0.693 accuracy:52.828
[4,   400] loss: 0.693 accuracy:52.891
[4,   500] loss: 0.693 accuracy:52.900
[4,   600] loss: 0.692 accuracy:52.977
[4,   700] loss: 0.692 accuracy:53.228
test_accuracy is 50.540 after epochs 3

Epoch: 4
[5,   100] loss: 0.690 accuracy:53.719
[5,   200] loss: 0.689 accuracy:54.461
[5,   300] loss: 0.688 accuracy:54.406
[5,   400] loss: 0.687 accuracy:54.922
[5,   500] loss: 0.688 accuracy:54.538
[5,   600] loss: 0.688 accuracy:54.513
[5,   700] loss: 0.687 accuracy:54.551
test_accuracy is 53.980 after epochs 4

Epoch: 5
[6,   100] loss: 0.683 accuracy:55.391
[6,   200] loss: 0.685 accuracy:55.047
[6,   300] loss: 0.685 accuracy:54.979
[6,   400] loss: 0.685 accuracy:54.992
[6,   500] loss: 0.685 accuracy:54.987
[6,   600] loss: 0.686 accuracy:54.745
[6,   700] loss: 0.686 accuracy:54.815
test_accuracy is 53.070 after epochs 5

Epoch: 6
[7,   100] loss: 0.683 accuracy:55.672
[7,   200] loss: 0.684 accuracy:55.328
[7,   300] loss: 0.684 accuracy:55.365
[7,   400] loss: 0.684 accuracy:55.426
[7,   500] loss: 0.684 accuracy:55.272
[7,   600] loss: 0.684 accuracy:55.331
[7,   700] loss: 0.683 accuracy:55.571
test_accuracy is 57.760 after epochs 6
Saving..

Epoch: 7
[8,   100] loss: 0.674 accuracy:58.016
[8,   200] loss: 0.679 accuracy:56.859
[8,   300] loss: 0.679 accuracy:56.714
[8,   400] loss: 0.681 accuracy:56.242
[8,   500] loss: 0.680 accuracy:56.294
[8,   600] loss: 0.680 accuracy:56.346
[8,   700] loss: 0.679 accuracy:56.587
test_accuracy is 57.070 after epochs 7

Epoch: 8
[9,   100] loss: 0.680 accuracy:56.453
[9,   200] loss: 0.679 accuracy:56.711
[9,   300] loss: 0.679 accuracy:56.635
[9,   400] loss: 0.678 accuracy:56.812
[9,   500] loss: 0.677 accuracy:57.044
[9,   600] loss: 0.677 accuracy:57.125
[9,   700] loss: 0.677 accuracy:57.170
test_accuracy is 54.060 after epochs 8

Epoch: 9
[10,   100] loss: 0.682 accuracy:55.797
[10,   200] loss: 0.679 accuracy:56.508
[10,   300] loss: 0.678 accuracy:56.734
[10,   400] loss: 0.677 accuracy:56.918
[10,   500] loss: 0.676 accuracy:57.044
[10,   600] loss: 0.675 accuracy:57.177
[10,   700] loss: 0.676 accuracy:57.042
test_accuracy is 58.790 after epochs 9
Saving..

Epoch: 10
[11,   100] loss: 0.673 accuracy:57.922
[11,   200] loss: 0.671 accuracy:58.172
[11,   300] loss: 0.671 accuracy:58.125
[11,   400] loss: 0.671 accuracy:58.141
[11,   500] loss: 0.672 accuracy:57.984
[11,   600] loss: 0.671 accuracy:57.997
[11,   700] loss: 0.671 accuracy:58.011
test_accuracy is 53.710 after epochs 10

Epoch: 11
[12,   100] loss: 0.669 accuracy:58.578
[12,   200] loss: 0.667 accuracy:58.406
[12,   300] loss: 0.666 accuracy:58.615
[12,   400] loss: 0.665 accuracy:58.871
[12,   500] loss: 0.666 accuracy:58.753
[12,   600] loss: 0.666 accuracy:58.737
[12,   700] loss: 0.666 accuracy:58.775
test_accuracy is 60.210 after epochs 11
Saving..

Epoch: 12
[13,   100] loss: 0.670 accuracy:58.375
[13,   200] loss: 0.669 accuracy:58.102
[13,   300] loss: 0.669 accuracy:58.156
[13,   400] loss: 0.668 accuracy:58.430
[13,   500] loss: 0.666 accuracy:58.509
[13,   600] loss: 0.665 accuracy:58.612
[13,   700] loss: 0.664 accuracy:58.699
test_accuracy is 58.730 after epochs 12

Epoch: 13
[14,   100] loss: 0.668 accuracy:58.484
[14,   200] loss: 0.667 accuracy:58.336
[14,   300] loss: 0.667 accuracy:58.406
[14,   400] loss: 0.665 accuracy:58.430
[14,   500] loss: 0.664 accuracy:58.672
[14,   600] loss: 0.664 accuracy:58.643
[14,   700] loss: 0.665 accuracy:58.600
test_accuracy is 58.520 after epochs 13

Epoch: 14
[15,   100] loss: 0.669 accuracy:57.656
[15,   200] loss: 0.667 accuracy:58.094
[15,   300] loss: 0.667 accuracy:58.208
[15,   400] loss: 0.665 accuracy:58.551
[15,   500] loss: 0.666 accuracy:58.506
[15,   600] loss: 0.665 accuracy:58.753
[15,   700] loss: 0.664 accuracy:58.882
test_accuracy is 58.650 after epochs 14

Epoch: 15
[16,   100] loss: 0.663 accuracy:58.484
[16,   200] loss: 0.666 accuracy:58.508
[16,   300] loss: 0.664 accuracy:58.781
[16,   400] loss: 0.665 accuracy:58.582
[16,   500] loss: 0.663 accuracy:59.013
[16,   600] loss: 0.662 accuracy:59.117
[16,   700] loss: 0.662 accuracy:59.060
test_accuracy is 58.070 after epochs 15

Epoch: 16
[17,   100] loss: 0.663 accuracy:58.734
[17,   200] loss: 0.661 accuracy:58.992
[17,   300] loss: 0.661 accuracy:59.167
[17,   400] loss: 0.661 accuracy:59.086
[17,   500] loss: 0.660 accuracy:59.225
[17,   600] loss: 0.660 accuracy:59.354
[17,   700] loss: 0.660 accuracy:59.315
test_accuracy is 60.100 after epochs 16

Epoch: 17
[18,   100] loss: 0.662 accuracy:59.109
[18,   200] loss: 0.661 accuracy:59.125
[18,   300] loss: 0.660 accuracy:59.620
[18,   400] loss: 0.660 accuracy:59.637
[18,   500] loss: 0.660 accuracy:59.597
[18,   600] loss: 0.660 accuracy:59.591
[18,   700] loss: 0.660 accuracy:59.672
test_accuracy is 58.200 after epochs 17

Epoch: 18
[19,   100] loss: 0.664 accuracy:59.562
[19,   200] loss: 0.663 accuracy:59.516
[19,   300] loss: 0.663 accuracy:59.255
[19,   400] loss: 0.664 accuracy:59.156
[19,   500] loss: 0.664 accuracy:59.075
[19,   600] loss: 0.664 accuracy:59.021
[19,   700] loss: 0.663 accuracy:59.118
test_accuracy is 56.910 after epochs 18

Epoch: 19
[20,   100] loss: 0.655 accuracy:60.094
[20,   200] loss: 0.656 accuracy:59.750
[20,   300] loss: 0.657 accuracy:59.812
[20,   400] loss: 0.658 accuracy:59.543
[20,   500] loss: 0.657 accuracy:59.641
[20,   600] loss: 0.657 accuracy:59.602
[20,   700] loss: 0.657 accuracy:59.725
test_accuracy is 59.830 after epochs 19

Epoch: 20
[21,   100] loss: 0.657 accuracy:59.766
[21,   200] loss: 0.657 accuracy:59.953
[21,   300] loss: 0.657 accuracy:59.849
[21,   400] loss: 0.657 accuracy:59.973
[21,   500] loss: 0.657 accuracy:59.950
[21,   600] loss: 0.657 accuracy:60.081
[21,   700] loss: 0.657 accuracy:60.007
test_accuracy is 59.920 after epochs 20

Epoch: 21
[22,   100] loss: 0.657 accuracy:59.703
[22,   200] loss: 0.656 accuracy:59.906
[22,   300] loss: 0.655 accuracy:60.052
[22,   400] loss: 0.655 accuracy:59.918
[22,   500] loss: 0.656 accuracy:59.875
[22,   600] loss: 0.657 accuracy:59.651
[22,   700] loss: 0.657 accuracy:59.674
test_accuracy is 61.180 after epochs 21
Saving..

Epoch: 22
[23,   100] loss: 0.654 accuracy:60.297
[23,   200] loss: 0.657 accuracy:59.742
[23,   300] loss: 0.655 accuracy:60.021
[23,   400] loss: 0.654 accuracy:60.223
[23,   500] loss: 0.654 accuracy:60.225
[23,   600] loss: 0.655 accuracy:60.034
[23,   700] loss: 0.656 accuracy:59.958
test_accuracy is 59.820 after epochs 22

Epoch: 23
[24,   100] loss: 0.654 accuracy:60.250
[24,   200] loss: 0.656 accuracy:59.938
[24,   300] loss: 0.656 accuracy:60.099
[24,   400] loss: 0.655 accuracy:60.008
[24,   500] loss: 0.655 accuracy:60.025
[24,   600] loss: 0.655 accuracy:60.078
[24,   700] loss: 0.655 accuracy:60.096
test_accuracy is 58.170 after epochs 23

Epoch: 24
[25,   100] loss: 0.660 accuracy:59.078
[25,   200] loss: 0.655 accuracy:60.070
[25,   300] loss: 0.654 accuracy:60.464
[25,   400] loss: 0.654 accuracy:60.465
[25,   500] loss: 0.654 accuracy:60.531
[25,   600] loss: 0.653 accuracy:60.549
[25,   700] loss: 0.653 accuracy:60.491
test_accuracy is 59.830 after epochs 24

Epoch: 25
[26,   100] loss: 0.656 accuracy:59.625
[26,   200] loss: 0.653 accuracy:60.141
[26,   300] loss: 0.654 accuracy:59.865
[26,   400] loss: 0.654 accuracy:60.086
[26,   500] loss: 0.653 accuracy:59.934
[26,   600] loss: 0.652 accuracy:60.133
[26,   700] loss: 0.652 accuracy:60.150
test_accuracy is 60.890 after epochs 25

Epoch: 26
[27,   100] loss: 0.654 accuracy:60.359
[27,   200] loss: 0.655 accuracy:59.859
[27,   300] loss: 0.656 accuracy:59.745
[27,   400] loss: 0.656 accuracy:59.840
[27,   500] loss: 0.657 accuracy:59.778
[27,   600] loss: 0.656 accuracy:59.930
[27,   700] loss: 0.656 accuracy:60.004
test_accuracy is 59.610 after epochs 26

Epoch: 27
[28,   100] loss: 0.652 accuracy:60.688
[28,   200] loss: 0.652 accuracy:60.328
[28,   300] loss: 0.652 accuracy:60.333
[28,   400] loss: 0.654 accuracy:59.941
[28,   500] loss: 0.654 accuracy:59.900
[28,   600] loss: 0.654 accuracy:59.906
[28,   700] loss: 0.654 accuracy:60.045
test_accuracy is 60.320 after epochs 27

Epoch: 28
[29,   100] loss: 0.652 accuracy:60.594
[29,   200] loss: 0.652 accuracy:60.859
[29,   300] loss: 0.652 accuracy:60.953
[29,   400] loss: 0.653 accuracy:60.797
[29,   500] loss: 0.654 accuracy:60.394
[29,   600] loss: 0.653 accuracy:60.495
[29,   700] loss: 0.653 accuracy:60.482
test_accuracy is 60.570 after epochs 28

Epoch: 29
[30,   100] loss: 0.643 accuracy:62.016
[30,   200] loss: 0.646 accuracy:61.516
[30,   300] loss: 0.652 accuracy:60.630
[30,   400] loss: 0.652 accuracy:60.676
[30,   500] loss: 0.653 accuracy:60.562
[30,   600] loss: 0.652 accuracy:60.573
[30,   700] loss: 0.652 accuracy:60.569
test_accuracy is 59.370 after epochs 29

Epoch: 30
[31,   100] loss: 0.652 accuracy:60.750
[31,   200] loss: 0.645 accuracy:61.461
[31,   300] loss: 0.648 accuracy:61.411
[31,   400] loss: 0.649 accuracy:60.992
[31,   500] loss: 0.651 accuracy:60.653
[31,   600] loss: 0.651 accuracy:60.586
[31,   700] loss: 0.650 accuracy:60.728
test_accuracy is 60.980 after epochs 30

Epoch: 31
[32,   100] loss: 0.655 accuracy:60.828
[32,   200] loss: 0.653 accuracy:60.445
[32,   300] loss: 0.652 accuracy:60.625
[32,   400] loss: 0.654 accuracy:60.102
[32,   500] loss: 0.653 accuracy:60.234
[32,   600] loss: 0.652 accuracy:60.268
[32,   700] loss: 0.652 accuracy:60.312
test_accuracy is 61.010 after epochs 31

Epoch: 32
[33,   100] loss: 0.652 accuracy:60.609
[33,   200] loss: 0.653 accuracy:60.469
[33,   300] loss: 0.654 accuracy:60.047
[33,   400] loss: 0.653 accuracy:60.273
[33,   500] loss: 0.652 accuracy:60.447
[33,   600] loss: 0.653 accuracy:60.445
[33,   700] loss: 0.653 accuracy:60.462
test_accuracy is 61.780 after epochs 32
Saving..

Epoch: 33
[34,   100] loss: 0.651 accuracy:60.547
[34,   200] loss: 0.651 accuracy:60.867
[34,   300] loss: 0.653 accuracy:60.333
[34,   400] loss: 0.651 accuracy:60.605
[34,   500] loss: 0.650 accuracy:60.772
[34,   600] loss: 0.649 accuracy:60.857
[34,   700] loss: 0.649 accuracy:61.051
test_accuracy is 59.410 after epochs 33

Epoch: 34
[35,   100] loss: 0.653 accuracy:59.969
[35,   200] loss: 0.650 accuracy:60.297
[35,   300] loss: 0.648 accuracy:60.672
[35,   400] loss: 0.648 accuracy:60.965
[35,   500] loss: 0.650 accuracy:60.675
[35,   600] loss: 0.651 accuracy:60.628
[35,   700] loss: 0.651 accuracy:60.665
test_accuracy is 61.360 after epochs 34

Epoch: 35
[36,   100] loss: 0.650 accuracy:61.328
[36,   200] loss: 0.650 accuracy:61.094
[36,   300] loss: 0.648 accuracy:61.427
[36,   400] loss: 0.650 accuracy:61.047
[36,   500] loss: 0.649 accuracy:61.028
[36,   600] loss: 0.648 accuracy:61.060
[36,   700] loss: 0.649 accuracy:60.978
test_accuracy is 62.400 after epochs 35
Saving..

Epoch: 36
[37,   100] loss: 0.644 accuracy:62.031
[37,   200] loss: 0.646 accuracy:61.547
[37,   300] loss: 0.645 accuracy:61.521
[37,   400] loss: 0.646 accuracy:61.301
[37,   500] loss: 0.646 accuracy:61.209
[37,   600] loss: 0.645 accuracy:61.229
[37,   700] loss: 0.646 accuracy:61.219
test_accuracy is 60.910 after epochs 36

Epoch: 37
[38,   100] loss: 0.650 accuracy:60.453
[38,   200] loss: 0.647 accuracy:61.094
[38,   300] loss: 0.647 accuracy:61.198
[38,   400] loss: 0.650 accuracy:60.965
[38,   500] loss: 0.650 accuracy:60.938
[38,   600] loss: 0.650 accuracy:61.003
[38,   700] loss: 0.649 accuracy:61.069
test_accuracy is 61.610 after epochs 37

Epoch: 38
[39,   100] loss: 0.648 accuracy:60.953
[39,   200] loss: 0.647 accuracy:61.133
[39,   300] loss: 0.646 accuracy:61.323
[39,   400] loss: 0.646 accuracy:61.125
[39,   500] loss: 0.648 accuracy:60.591
[39,   600] loss: 0.648 accuracy:60.711
[39,   700] loss: 0.648 accuracy:60.719
test_accuracy is 63.260 after epochs 38
Saving..

Epoch: 39
[40,   100] loss: 0.650 accuracy:60.203
[40,   200] loss: 0.647 accuracy:60.938
[40,   300] loss: 0.646 accuracy:61.031
[40,   400] loss: 0.646 accuracy:60.941
[40,   500] loss: 0.647 accuracy:60.975
[40,   600] loss: 0.648 accuracy:60.901
[40,   700] loss: 0.647 accuracy:61.062
test_accuracy is 62.860 after epochs 39

Epoch: 40
[41,   100] loss: 0.648 accuracy:61.484
[41,   200] loss: 0.649 accuracy:61.016
[41,   300] loss: 0.648 accuracy:60.927
[41,   400] loss: 0.647 accuracy:60.879
[41,   500] loss: 0.646 accuracy:61.138
[41,   600] loss: 0.647 accuracy:61.190
[41,   700] loss: 0.647 accuracy:61.112
test_accuracy is 59.690 after epochs 40

Epoch: 41
[42,   100] loss: 0.650 accuracy:60.188
[42,   200] loss: 0.648 accuracy:60.523
[42,   300] loss: 0.646 accuracy:60.870
[42,   400] loss: 0.646 accuracy:60.812
[42,   500] loss: 0.648 accuracy:60.609
[42,   600] loss: 0.647 accuracy:60.940
[42,   700] loss: 0.648 accuracy:60.790
test_accuracy is 59.060 after epochs 41

Epoch: 42
[43,   100] loss: 0.643 accuracy:62.234
[43,   200] loss: 0.646 accuracy:61.648
[43,   300] loss: 0.645 accuracy:61.714
[43,   400] loss: 0.645 accuracy:61.648
[43,   500] loss: 0.645 accuracy:61.688
[43,   600] loss: 0.644 accuracy:61.784
[43,   700] loss: 0.645 accuracy:61.627
test_accuracy is 58.810 after epochs 42

Epoch: 43
[44,   100] loss: 0.649 accuracy:61.562
[44,   200] loss: 0.648 accuracy:61.195
[44,   300] loss: 0.647 accuracy:60.812
[44,   400] loss: 0.648 accuracy:60.676
[44,   500] loss: 0.647 accuracy:60.866
[44,   600] loss: 0.645 accuracy:61.237
[44,   700] loss: 0.644 accuracy:61.400
test_accuracy is 61.300 after epochs 43

Epoch: 44
[45,   100] loss: 0.639 accuracy:62.125
[45,   200] loss: 0.641 accuracy:61.977
[45,   300] loss: 0.641 accuracy:61.896
[45,   400] loss: 0.643 accuracy:61.840
[45,   500] loss: 0.643 accuracy:61.616
[45,   600] loss: 0.644 accuracy:61.544
[45,   700] loss: 0.644 accuracy:61.446
test_accuracy is 59.860 after epochs 44

Epoch: 45
[46,   100] loss: 0.646 accuracy:61.219
[46,   200] loss: 0.644 accuracy:61.305
[46,   300] loss: 0.642 accuracy:61.531
[46,   400] loss: 0.643 accuracy:61.598
[46,   500] loss: 0.644 accuracy:61.547
[46,   600] loss: 0.644 accuracy:61.583
[46,   700] loss: 0.642 accuracy:61.824
test_accuracy is 62.410 after epochs 45

Epoch: 46
[47,   100] loss: 0.647 accuracy:60.953
[47,   200] loss: 0.644 accuracy:61.422
[47,   300] loss: 0.645 accuracy:61.214
[47,   400] loss: 0.644 accuracy:61.238
[47,   500] loss: 0.645 accuracy:61.312
[47,   600] loss: 0.644 accuracy:61.443
[47,   700] loss: 0.644 accuracy:61.527
test_accuracy is 62.000 after epochs 46

Epoch: 47
[48,   100] loss: 0.643 accuracy:61.688
[48,   200] loss: 0.645 accuracy:61.461
[48,   300] loss: 0.642 accuracy:61.740
[48,   400] loss: 0.641 accuracy:61.836
[48,   500] loss: 0.643 accuracy:61.416
[48,   600] loss: 0.643 accuracy:61.336
[48,   700] loss: 0.643 accuracy:61.348
test_accuracy is 60.280 after epochs 47

Epoch: 48
[49,   100] loss: 0.641 accuracy:61.625
[49,   200] loss: 0.636 accuracy:62.555
[49,   300] loss: 0.636 accuracy:62.573
[49,   400] loss: 0.637 accuracy:62.473
[49,   500] loss: 0.637 accuracy:62.384
[49,   600] loss: 0.638 accuracy:62.237
[49,   700] loss: 0.639 accuracy:62.089
test_accuracy is 62.610 after epochs 48

Epoch: 49
[50,   100] loss: 0.645 accuracy:61.547
[50,   200] loss: 0.641 accuracy:62.188
[50,   300] loss: 0.640 accuracy:62.005
[50,   400] loss: 0.639 accuracy:62.281
[50,   500] loss: 0.639 accuracy:62.138
[50,   600] loss: 0.639 accuracy:62.089
[50,   700] loss: 0.639 accuracy:62.109
test_accuracy is 61.290 after epochs 49

Epoch: 50
[51,   100] loss: 0.638 accuracy:62.859
[51,   200] loss: 0.639 accuracy:63.031
[51,   300] loss: 0.640 accuracy:62.594
[51,   400] loss: 0.640 accuracy:62.531
[51,   500] loss: 0.640 accuracy:62.519
[51,   600] loss: 0.641 accuracy:62.234
[51,   700] loss: 0.642 accuracy:62.156
test_accuracy is 60.950 after epochs 50

Epoch: 51
[52,   100] loss: 0.636 accuracy:62.922
[52,   200] loss: 0.639 accuracy:62.375
[52,   300] loss: 0.639 accuracy:62.188
[52,   400] loss: 0.639 accuracy:62.254
[52,   500] loss: 0.640 accuracy:62.184
[52,   600] loss: 0.640 accuracy:62.096
[52,   700] loss: 0.639 accuracy:62.161
test_accuracy is 63.160 after epochs 51

Epoch: 52
[53,   100] loss: 0.644 accuracy:61.469
[53,   200] loss: 0.641 accuracy:61.648
[53,   300] loss: 0.640 accuracy:61.646
[53,   400] loss: 0.640 accuracy:61.688
[53,   500] loss: 0.638 accuracy:61.944
[53,   600] loss: 0.638 accuracy:61.943
[53,   700] loss: 0.637 accuracy:61.984
test_accuracy is 58.590 after epochs 52

Epoch: 53
[54,   100] loss: 0.635 accuracy:61.859
[54,   200] loss: 0.635 accuracy:62.000
[54,   300] loss: 0.636 accuracy:62.167
[54,   400] loss: 0.637 accuracy:61.871
[54,   500] loss: 0.638 accuracy:61.894
[54,   600] loss: 0.638 accuracy:61.943
[54,   700] loss: 0.638 accuracy:61.924
test_accuracy is 61.950 after epochs 53

Epoch: 54
[55,   100] loss: 0.637 accuracy:62.016
[55,   200] loss: 0.635 accuracy:62.250
[55,   300] loss: 0.634 accuracy:62.688
[55,   400] loss: 0.634 accuracy:62.730
[55,   500] loss: 0.635 accuracy:62.553
[55,   600] loss: 0.635 accuracy:62.599
[55,   700] loss: 0.636 accuracy:62.600
test_accuracy is 63.670 after epochs 54
Saving..

Epoch: 55
[56,   100] loss: 0.630 accuracy:63.031
[56,   200] loss: 0.634 accuracy:62.953
[56,   300] loss: 0.635 accuracy:62.880
[56,   400] loss: 0.635 accuracy:63.098
[56,   500] loss: 0.635 accuracy:62.947
[56,   600] loss: 0.635 accuracy:62.904
[56,   700] loss: 0.633 accuracy:63.009
test_accuracy is 63.550 after epochs 55

Epoch: 56
[57,   100] loss: 0.631 accuracy:63.109
[57,   200] loss: 0.631 accuracy:62.984
[57,   300] loss: 0.631 accuracy:62.990
[57,   400] loss: 0.633 accuracy:62.836
[57,   500] loss: 0.633 accuracy:62.881
[57,   600] loss: 0.634 accuracy:62.680
[57,   700] loss: 0.634 accuracy:62.676
test_accuracy is 63.150 after epochs 56

Epoch: 57
[58,   100] loss: 0.633 accuracy:62.875
[58,   200] loss: 0.630 accuracy:63.109
[58,   300] loss: 0.632 accuracy:62.922
[58,   400] loss: 0.632 accuracy:62.758
[58,   500] loss: 0.631 accuracy:62.888
[58,   600] loss: 0.631 accuracy:63.010
[58,   700] loss: 0.632 accuracy:62.877
test_accuracy is 62.700 after epochs 57

Epoch: 58
[59,   100] loss: 0.634 accuracy:61.734
[59,   200] loss: 0.633 accuracy:62.039
[59,   300] loss: 0.632 accuracy:62.432
[59,   400] loss: 0.631 accuracy:62.656
[59,   500] loss: 0.632 accuracy:62.731
[59,   600] loss: 0.633 accuracy:62.766
[59,   700] loss: 0.633 accuracy:62.725
test_accuracy is 60.190 after epochs 58

Epoch: 59
[60,   100] loss: 0.635 accuracy:62.578
[60,   200] loss: 0.632 accuracy:62.820
[60,   300] loss: 0.634 accuracy:62.703
[60,   400] loss: 0.632 accuracy:62.863
[60,   500] loss: 0.631 accuracy:63.028
[60,   600] loss: 0.630 accuracy:63.117
[60,   700] loss: 0.630 accuracy:63.121
test_accuracy is 61.480 after epochs 59

Epoch: 60
[61,   100] loss: 0.635 accuracy:62.766
[61,   200] loss: 0.631 accuracy:63.102
[61,   300] loss: 0.632 accuracy:62.870
[61,   400] loss: 0.632 accuracy:62.680
[61,   500] loss: 0.633 accuracy:62.728
[61,   600] loss: 0.632 accuracy:62.935
[61,   700] loss: 0.631 accuracy:63.056
test_accuracy is 61.950 after epochs 60

Epoch: 61
[62,   100] loss: 0.631 accuracy:62.766
[62,   200] loss: 0.629 accuracy:63.094
[62,   300] loss: 0.629 accuracy:62.938
[62,   400] loss: 0.629 accuracy:62.883
[62,   500] loss: 0.629 accuracy:63.056
[62,   600] loss: 0.629 accuracy:63.094
[62,   700] loss: 0.629 accuracy:63.074
test_accuracy is 64.360 after epochs 61
Saving..

Epoch: 62
[63,   100] loss: 0.632 accuracy:62.984
[63,   200] loss: 0.627 accuracy:63.273
[63,   300] loss: 0.627 accuracy:63.510
[63,   400] loss: 0.627 accuracy:63.594
[63,   500] loss: 0.627 accuracy:63.469
[63,   600] loss: 0.627 accuracy:63.477
[63,   700] loss: 0.628 accuracy:63.469
test_accuracy is 64.320 after epochs 62

Epoch: 63
[64,   100] loss: 0.627 accuracy:63.641
[64,   200] loss: 0.630 accuracy:63.266
[64,   300] loss: 0.630 accuracy:63.318
[64,   400] loss: 0.629 accuracy:63.230
[64,   500] loss: 0.629 accuracy:63.194
[64,   600] loss: 0.629 accuracy:63.216
[64,   700] loss: 0.629 accuracy:63.248
test_accuracy is 62.660 after epochs 63

Epoch: 64
[65,   100] loss: 0.635 accuracy:61.906
[65,   200] loss: 0.626 accuracy:63.398
[65,   300] loss: 0.624 accuracy:63.891
[65,   400] loss: 0.626 accuracy:63.762
[65,   500] loss: 0.625 accuracy:63.925
[65,   600] loss: 0.625 accuracy:63.826
[65,   700] loss: 0.626 accuracy:63.772
test_accuracy is 64.060 after epochs 64

Epoch: 65
[66,   100] loss: 0.637 accuracy:62.312
[66,   200] loss: 0.632 accuracy:63.453
[66,   300] loss: 0.631 accuracy:63.562
[66,   400] loss: 0.628 accuracy:63.867
[66,   500] loss: 0.626 accuracy:63.994
[66,   600] loss: 0.627 accuracy:63.940
[66,   700] loss: 0.628 accuracy:63.783
test_accuracy is 64.740 after epochs 65
Saving..

Epoch: 66
[67,   100] loss: 0.628 accuracy:63.562
[67,   200] loss: 0.624 accuracy:63.812
[67,   300] loss: 0.627 accuracy:63.401
[67,   400] loss: 0.626 accuracy:63.488
[67,   500] loss: 0.626 accuracy:63.441
[67,   600] loss: 0.625 accuracy:63.602
[67,   700] loss: 0.625 accuracy:63.681
test_accuracy is 63.330 after epochs 66

Epoch: 67
[68,   100] loss: 0.628 accuracy:62.828
[68,   200] loss: 0.627 accuracy:63.281
[68,   300] loss: 0.622 accuracy:63.844
[68,   400] loss: 0.623 accuracy:63.750
[68,   500] loss: 0.625 accuracy:63.519
[68,   600] loss: 0.626 accuracy:63.411
[68,   700] loss: 0.625 accuracy:63.451
test_accuracy is 63.990 after epochs 67

Epoch: 68
[69,   100] loss: 0.622 accuracy:64.469
[69,   200] loss: 0.625 accuracy:63.805
[69,   300] loss: 0.624 accuracy:63.589
[69,   400] loss: 0.624 accuracy:63.648
[69,   500] loss: 0.626 accuracy:63.384
[69,   600] loss: 0.625 accuracy:63.419
[69,   700] loss: 0.624 accuracy:63.656
test_accuracy is 63.690 after epochs 68

Epoch: 69
[70,   100] loss: 0.613 accuracy:64.234
[70,   200] loss: 0.616 accuracy:64.078
[70,   300] loss: 0.617 accuracy:64.099
[70,   400] loss: 0.618 accuracy:64.250
[70,   500] loss: 0.618 accuracy:64.269
[70,   600] loss: 0.618 accuracy:64.161
[70,   700] loss: 0.619 accuracy:64.036
test_accuracy is 62.790 after epochs 69

Epoch: 70
[71,   100] loss: 0.618 accuracy:64.234
[71,   200] loss: 0.619 accuracy:64.211
[71,   300] loss: 0.622 accuracy:63.839
[71,   400] loss: 0.622 accuracy:63.762
[71,   500] loss: 0.621 accuracy:63.994
[71,   600] loss: 0.622 accuracy:63.823
[71,   700] loss: 0.622 accuracy:63.801
test_accuracy is 63.500 after epochs 70

Epoch: 71
[72,   100] loss: 0.620 accuracy:63.938
[72,   200] loss: 0.620 accuracy:63.883
[72,   300] loss: 0.620 accuracy:64.062
[72,   400] loss: 0.620 accuracy:64.023
[72,   500] loss: 0.620 accuracy:64.147
[72,   600] loss: 0.621 accuracy:64.133
[72,   700] loss: 0.621 accuracy:64.134
test_accuracy is 64.400 after epochs 71

Epoch: 72
[73,   100] loss: 0.623 accuracy:63.984
[73,   200] loss: 0.621 accuracy:64.039
[73,   300] loss: 0.621 accuracy:64.036
[73,   400] loss: 0.620 accuracy:64.398
[73,   500] loss: 0.619 accuracy:64.384
[73,   600] loss: 0.618 accuracy:64.333
[73,   700] loss: 0.618 accuracy:64.446
test_accuracy is 64.860 after epochs 72
Saving..

Epoch: 73
[74,   100] loss: 0.619 accuracy:64.031
[74,   200] loss: 0.622 accuracy:63.883
[74,   300] loss: 0.621 accuracy:63.922
[74,   400] loss: 0.620 accuracy:64.047
[74,   500] loss: 0.620 accuracy:63.913
[74,   600] loss: 0.618 accuracy:64.143
[74,   700] loss: 0.617 accuracy:64.339
test_accuracy is 63.130 after epochs 73

Epoch: 74
[75,   100] loss: 0.618 accuracy:63.750
[75,   200] loss: 0.618 accuracy:64.062
[75,   300] loss: 0.617 accuracy:64.208
[75,   400] loss: 0.615 accuracy:64.473
[75,   500] loss: 0.615 accuracy:64.528
[75,   600] loss: 0.615 accuracy:64.456
[75,   700] loss: 0.615 accuracy:64.594
test_accuracy is 65.620 after epochs 74
Saving..

Epoch: 75
[76,   100] loss: 0.610 accuracy:65.578
[76,   200] loss: 0.611 accuracy:65.180
[76,   300] loss: 0.615 accuracy:64.802
[76,   400] loss: 0.615 accuracy:64.832
[76,   500] loss: 0.615 accuracy:64.769
[76,   600] loss: 0.615 accuracy:64.755
[76,   700] loss: 0.614 accuracy:64.777
test_accuracy is 65.960 after epochs 75
Saving..

Epoch: 76
[77,   100] loss: 0.618 accuracy:64.219
[77,   200] loss: 0.619 accuracy:64.039
[77,   300] loss: 0.619 accuracy:63.958
[77,   400] loss: 0.618 accuracy:64.164
[77,   500] loss: 0.617 accuracy:64.438
[77,   600] loss: 0.616 accuracy:64.596
[77,   700] loss: 0.615 accuracy:64.661
test_accuracy is 64.120 after epochs 76

Epoch: 77
[78,   100] loss: 0.612 accuracy:65.203
[78,   200] loss: 0.610 accuracy:65.469
[78,   300] loss: 0.611 accuracy:65.417
[78,   400] loss: 0.609 accuracy:65.484
[78,   500] loss: 0.609 accuracy:65.341
[78,   600] loss: 0.609 accuracy:65.260
[78,   700] loss: 0.609 accuracy:65.346
test_accuracy is 66.180 after epochs 77
Saving..

Epoch: 78
[79,   100] loss: 0.608 accuracy:65.344
[79,   200] loss: 0.609 accuracy:65.203
[79,   300] loss: 0.611 accuracy:65.193
[79,   400] loss: 0.608 accuracy:65.508
[79,   500] loss: 0.608 accuracy:65.547
[79,   600] loss: 0.607 accuracy:65.664
[79,   700] loss: 0.606 accuracy:65.848
test_accuracy is 65.020 after epochs 78

Epoch: 79
[80,   100] loss: 0.600 accuracy:66.266
[80,   200] loss: 0.601 accuracy:66.430
[80,   300] loss: 0.606 accuracy:65.792
[80,   400] loss: 0.607 accuracy:65.527
[80,   500] loss: 0.605 accuracy:65.766
[80,   600] loss: 0.604 accuracy:65.794
[80,   700] loss: 0.603 accuracy:65.955
test_accuracy is 66.590 after epochs 79
Saving..

Epoch: 80
[81,   100] loss: 0.599 accuracy:66.047
[81,   200] loss: 0.599 accuracy:66.258
[81,   300] loss: 0.603 accuracy:65.917
[81,   400] loss: 0.602 accuracy:65.969
[81,   500] loss: 0.601 accuracy:65.959
[81,   600] loss: 0.600 accuracy:66.086
[81,   700] loss: 0.600 accuracy:66.098
test_accuracy is 67.750 after epochs 80
Saving..

Epoch: 81
[82,   100] loss: 0.592 accuracy:67.281
[82,   200] loss: 0.593 accuracy:66.953
[82,   300] loss: 0.591 accuracy:67.188
[82,   400] loss: 0.593 accuracy:66.973
[82,   500] loss: 0.591 accuracy:67.159
[82,   600] loss: 0.593 accuracy:67.076
[82,   700] loss: 0.591 accuracy:67.286
test_accuracy is 68.280 after epochs 81
Saving..

Epoch: 82
[83,   100] loss: 0.583 accuracy:67.969
[83,   200] loss: 0.584 accuracy:67.891
[83,   300] loss: 0.584 accuracy:67.776
[83,   400] loss: 0.583 accuracy:67.945
[83,   500] loss: 0.585 accuracy:67.616
[83,   600] loss: 0.585 accuracy:67.583
[83,   700] loss: 0.585 accuracy:67.629
test_accuracy is 68.540 after epochs 82
Saving..

Epoch: 83
[84,   100] loss: 0.594 accuracy:67.156
[84,   200] loss: 0.588 accuracy:67.586
[84,   300] loss: 0.583 accuracy:68.016
[84,   400] loss: 0.583 accuracy:68.078
[84,   500] loss: 0.584 accuracy:67.919
[84,   600] loss: 0.585 accuracy:67.815
[84,   700] loss: 0.584 accuracy:67.920
test_accuracy is 67.520 after epochs 83

Epoch: 84
[85,   100] loss: 0.583 accuracy:68.047
[85,   200] loss: 0.588 accuracy:67.547
[85,   300] loss: 0.582 accuracy:68.125
[85,   400] loss: 0.579 accuracy:68.379
[85,   500] loss: 0.577 accuracy:68.463
[85,   600] loss: 0.575 accuracy:68.667
[85,   700] loss: 0.576 accuracy:68.453
test_accuracy is 70.660 after epochs 84
Saving..

Epoch: 85
[86,   100] loss: 0.561 accuracy:70.391
[86,   200] loss: 0.564 accuracy:69.531
[86,   300] loss: 0.566 accuracy:69.500
[86,   400] loss: 0.572 accuracy:68.980
[86,   500] loss: 0.570 accuracy:69.131
[86,   600] loss: 0.570 accuracy:69.245
[86,   700] loss: 0.570 accuracy:69.326
test_accuracy is 70.020 after epochs 85

Epoch: 86
[87,   100] loss: 0.561 accuracy:70.297
[87,   200] loss: 0.558 accuracy:70.141
[87,   300] loss: 0.559 accuracy:70.125
[87,   400] loss: 0.561 accuracy:69.711
[87,   500] loss: 0.560 accuracy:69.822
[87,   600] loss: 0.559 accuracy:69.909
[87,   700] loss: 0.559 accuracy:69.944
test_accuracy is 71.900 after epochs 86
Saving..

Epoch: 87
[88,   100] loss: 0.535 accuracy:72.094
[88,   200] loss: 0.542 accuracy:71.336
[88,   300] loss: 0.543 accuracy:71.370
[88,   400] loss: 0.542 accuracy:71.535
[88,   500] loss: 0.540 accuracy:71.591
[88,   600] loss: 0.538 accuracy:71.911
[88,   700] loss: 0.538 accuracy:71.842
test_accuracy is 74.170 after epochs 87
Saving..

Epoch: 88
[89,   100] loss: 0.551 accuracy:70.188
[89,   200] loss: 0.543 accuracy:71.086
[89,   300] loss: 0.538 accuracy:71.630
[89,   400] loss: 0.537 accuracy:71.676
[89,   500] loss: 0.538 accuracy:71.697
[89,   600] loss: 0.535 accuracy:72.000
[89,   700] loss: 0.534 accuracy:72.136
test_accuracy is 75.030 after epochs 88
Saving..

Epoch: 89
[90,   100] loss: 0.516 accuracy:73.828
[90,   200] loss: 0.513 accuracy:73.969
[90,   300] loss: 0.515 accuracy:73.698
[90,   400] loss: 0.517 accuracy:73.617
[90,   500] loss: 0.512 accuracy:73.981
[90,   600] loss: 0.512 accuracy:74.044
[90,   700] loss: 0.514 accuracy:73.797
test_accuracy is 75.250 after epochs 89
Saving..

Epoch: 90
[91,   100] loss: 0.497 accuracy:75.359
[91,   200] loss: 0.510 accuracy:74.125
[91,   300] loss: 0.506 accuracy:74.391
[91,   400] loss: 0.506 accuracy:74.395
[91,   500] loss: 0.505 accuracy:74.438
[91,   600] loss: 0.504 accuracy:74.432
[91,   700] loss: 0.501 accuracy:74.665
test_accuracy is 76.580 after epochs 90
Saving..

Epoch: 91
[92,   100] loss: 0.482 accuracy:76.141
[92,   200] loss: 0.487 accuracy:75.938
[92,   300] loss: 0.483 accuracy:75.943
[92,   400] loss: 0.481 accuracy:76.195
[92,   500] loss: 0.480 accuracy:76.391
[92,   600] loss: 0.482 accuracy:76.195
[92,   700] loss: 0.481 accuracy:76.306
test_accuracy is 78.130 after epochs 91
Saving..

Epoch: 92
[93,   100] loss: 0.460 accuracy:77.984
[93,   200] loss: 0.469 accuracy:77.297
[93,   300] loss: 0.470 accuracy:77.266
[93,   400] loss: 0.469 accuracy:77.207
[93,   500] loss: 0.467 accuracy:77.369
[93,   600] loss: 0.466 accuracy:77.396
[93,   700] loss: 0.466 accuracy:77.368
test_accuracy is 79.330 after epochs 92
Saving..

Epoch: 93
[94,   100] loss: 0.459 accuracy:78.328
[94,   200] loss: 0.455 accuracy:78.203
[94,   300] loss: 0.455 accuracy:78.172
[94,   400] loss: 0.455 accuracy:78.320
[94,   500] loss: 0.454 accuracy:78.300
[94,   600] loss: 0.456 accuracy:78.091
[94,   700] loss: 0.457 accuracy:78.004
test_accuracy is 79.410 after epochs 93
Saving..

Epoch: 94
[95,   100] loss: 0.438 accuracy:78.844
[95,   200] loss: 0.449 accuracy:78.281
[95,   300] loss: 0.443 accuracy:78.724
[95,   400] loss: 0.442 accuracy:78.906
[95,   500] loss: 0.440 accuracy:79.078
[95,   600] loss: 0.443 accuracy:78.961
[95,   700] loss: 0.441 accuracy:79.025
test_accuracy is 80.330 after epochs 94
Saving..

Epoch: 95
[96,   100] loss: 0.433 accuracy:79.469
[96,   200] loss: 0.429 accuracy:79.812
[96,   300] loss: 0.432 accuracy:79.688
[96,   400] loss: 0.433 accuracy:79.590
[96,   500] loss: 0.434 accuracy:79.506
[96,   600] loss: 0.433 accuracy:79.672
[96,   700] loss: 0.432 accuracy:79.746
test_accuracy is 80.990 after epochs 95
Saving..

Epoch: 96
[97,   100] loss: 0.423 accuracy:80.859
[97,   200] loss: 0.422 accuracy:80.797
[97,   300] loss: 0.421 accuracy:80.781
[97,   400] loss: 0.419 accuracy:80.969
[97,   500] loss: 0.419 accuracy:80.906
[97,   600] loss: 0.420 accuracy:80.768
[97,   700] loss: 0.420 accuracy:80.737
test_accuracy is 82.740 after epochs 96
Saving..

Epoch: 97
[98,   100] loss: 0.417 accuracy:81.188
[98,   200] loss: 0.414 accuracy:80.969
[98,   300] loss: 0.414 accuracy:80.807
[98,   400] loss: 0.411 accuracy:80.980
[98,   500] loss: 0.410 accuracy:81.181
[98,   600] loss: 0.408 accuracy:81.255
[98,   700] loss: 0.406 accuracy:81.371
test_accuracy is 82.720 after epochs 97

Epoch: 98
[99,   100] loss: 0.392 accuracy:81.922
[99,   200] loss: 0.391 accuracy:82.219
[99,   300] loss: 0.394 accuracy:82.073
[99,   400] loss: 0.396 accuracy:82.109
[99,   500] loss: 0.394 accuracy:82.269
[99,   600] loss: 0.393 accuracy:82.273
[99,   700] loss: 0.395 accuracy:82.194
test_accuracy is 83.160 after epochs 98
Saving..

Epoch: 99
[100,   100] loss: 0.390 accuracy:82.391
[100,   200] loss: 0.389 accuracy:82.547
[100,   300] loss: 0.390 accuracy:82.708
[100,   400] loss: 0.393 accuracy:82.504
[100,   500] loss: 0.389 accuracy:82.803
[100,   600] loss: 0.387 accuracy:82.875
[100,   700] loss: 0.386 accuracy:82.871
test_accuracy is 83.400 after epochs 99
Saving..

Epoch: 100
[101,   100] loss: 0.371 accuracy:83.656
[101,   200] loss: 0.378 accuracy:83.234
[101,   300] loss: 0.374 accuracy:83.443
[101,   400] loss: 0.375 accuracy:83.531
[101,   500] loss: 0.375 accuracy:83.600
[101,   600] loss: 0.375 accuracy:83.539
[101,   700] loss: 0.374 accuracy:83.643
test_accuracy is 84.590 after epochs 100
Saving..

Epoch: 101
[102,   100] loss: 0.374 accuracy:83.938
[102,   200] loss: 0.370 accuracy:84.125
[102,   300] loss: 0.375 accuracy:83.807
[102,   400] loss: 0.373 accuracy:83.848
[102,   500] loss: 0.371 accuracy:83.956
[102,   600] loss: 0.367 accuracy:84.156
[102,   700] loss: 0.365 accuracy:84.248
test_accuracy is 85.010 after epochs 101
Saving..

Epoch: 102
[103,   100] loss: 0.368 accuracy:84.188
[103,   200] loss: 0.363 accuracy:84.211
[103,   300] loss: 0.359 accuracy:84.562
[103,   400] loss: 0.360 accuracy:84.543
[103,   500] loss: 0.360 accuracy:84.553
[103,   600] loss: 0.358 accuracy:84.628
[103,   700] loss: 0.358 accuracy:84.612
test_accuracy is 85.480 after epochs 102
Saving..

Epoch: 103
[104,   100] loss: 0.341 accuracy:85.328
[104,   200] loss: 0.345 accuracy:85.258
[104,   300] loss: 0.346 accuracy:85.250
[104,   400] loss: 0.347 accuracy:85.191
[104,   500] loss: 0.344 accuracy:85.325
[104,   600] loss: 0.345 accuracy:85.203
[104,   700] loss: 0.346 accuracy:85.185
test_accuracy is 86.620 after epochs 103
Saving..

Epoch: 104
[105,   100] loss: 0.341 accuracy:85.000
[105,   200] loss: 0.335 accuracy:85.555
[105,   300] loss: 0.338 accuracy:85.469
[105,   400] loss: 0.336 accuracy:85.734
[105,   500] loss: 0.334 accuracy:85.875
[105,   600] loss: 0.337 accuracy:85.661
[105,   700] loss: 0.336 accuracy:85.761
test_accuracy is 87.840 after epochs 104
Saving..

Epoch: 105
[106,   100] loss: 0.313 accuracy:86.625
[106,   200] loss: 0.323 accuracy:86.336
[106,   300] loss: 0.323 accuracy:86.328
[106,   400] loss: 0.323 accuracy:86.285
[106,   500] loss: 0.328 accuracy:86.025
[106,   600] loss: 0.331 accuracy:85.948
[106,   700] loss: 0.329 accuracy:86.065
test_accuracy is 88.070 after epochs 105
Saving..

Epoch: 106
[107,   100] loss: 0.338 accuracy:85.531
[107,   200] loss: 0.326 accuracy:86.289
[107,   300] loss: 0.325 accuracy:86.344
[107,   400] loss: 0.325 accuracy:86.301
[107,   500] loss: 0.322 accuracy:86.525
[107,   600] loss: 0.321 accuracy:86.630
[107,   700] loss: 0.319 accuracy:86.703
test_accuracy is 87.080 after epochs 106

Epoch: 107
[108,   100] loss: 0.323 accuracy:86.766
[108,   200] loss: 0.317 accuracy:86.945
[108,   300] loss: 0.315 accuracy:87.042
[108,   400] loss: 0.315 accuracy:86.965
[108,   500] loss: 0.313 accuracy:87.031
[108,   600] loss: 0.310 accuracy:87.232
[108,   700] loss: 0.307 accuracy:87.373
test_accuracy is 88.580 after epochs 107
Saving..

Epoch: 108
[109,   100] loss: 0.322 accuracy:86.672
[109,   200] loss: 0.314 accuracy:87.125
[109,   300] loss: 0.309 accuracy:87.328
[109,   400] loss: 0.310 accuracy:87.289
[109,   500] loss: 0.310 accuracy:87.269
[109,   600] loss: 0.309 accuracy:87.263
[109,   700] loss: 0.308 accuracy:87.321
test_accuracy is 87.290 after epochs 108

Epoch: 109
[110,   100] loss: 0.283 accuracy:88.656
[110,   200] loss: 0.292 accuracy:88.219
[110,   300] loss: 0.297 accuracy:87.953
[110,   400] loss: 0.297 accuracy:87.875
[110,   500] loss: 0.298 accuracy:87.797
[110,   600] loss: 0.300 accuracy:87.680
[110,   700] loss: 0.298 accuracy:87.770
test_accuracy is 89.240 after epochs 109
Saving..

Epoch: 110
[111,   100] loss: 0.296 accuracy:87.938
[111,   200] loss: 0.298 accuracy:87.789
[111,   300] loss: 0.299 accuracy:87.729
[111,   400] loss: 0.298 accuracy:87.832
[111,   500] loss: 0.298 accuracy:87.772
[111,   600] loss: 0.298 accuracy:87.724
[111,   700] loss: 0.296 accuracy:87.842
test_accuracy is 88.430 after epochs 110

Epoch: 111
[112,   100] loss: 0.281 accuracy:88.734
[112,   200] loss: 0.288 accuracy:88.250
[112,   300] loss: 0.284 accuracy:88.417
[112,   400] loss: 0.284 accuracy:88.410
[112,   500] loss: 0.282 accuracy:88.581
[112,   600] loss: 0.286 accuracy:88.419
[112,   700] loss: 0.285 accuracy:88.384
test_accuracy is 89.600 after epochs 111
Saving..

Epoch: 112
[113,   100] loss: 0.274 accuracy:88.672
[113,   200] loss: 0.283 accuracy:88.438
[113,   300] loss: 0.283 accuracy:88.594
[113,   400] loss: 0.279 accuracy:88.605
[113,   500] loss: 0.283 accuracy:88.394
[113,   600] loss: 0.285 accuracy:88.331
[113,   700] loss: 0.284 accuracy:88.402
test_accuracy is 89.690 after epochs 112
Saving..

Epoch: 113
[114,   100] loss: 0.278 accuracy:88.969
[114,   200] loss: 0.278 accuracy:88.875
[114,   300] loss: 0.277 accuracy:88.823
[114,   400] loss: 0.276 accuracy:88.918
[114,   500] loss: 0.276 accuracy:88.928
[114,   600] loss: 0.274 accuracy:88.945
[114,   700] loss: 0.274 accuracy:88.929
test_accuracy is 89.010 after epochs 113

Epoch: 114
[115,   100] loss: 0.274 accuracy:89.125
[115,   200] loss: 0.266 accuracy:89.586
[115,   300] loss: 0.267 accuracy:89.323
[115,   400] loss: 0.268 accuracy:89.273
[115,   500] loss: 0.269 accuracy:89.191
[115,   600] loss: 0.268 accuracy:89.266
[115,   700] loss: 0.268 accuracy:89.295
test_accuracy is 90.530 after epochs 114
Saving..

Epoch: 115
[116,   100] loss: 0.276 accuracy:89.141
[116,   200] loss: 0.275 accuracy:89.047
[116,   300] loss: 0.273 accuracy:89.141
[116,   400] loss: 0.270 accuracy:89.199
[116,   500] loss: 0.267 accuracy:89.334
[116,   600] loss: 0.267 accuracy:89.409
[116,   700] loss: 0.266 accuracy:89.493
test_accuracy is 89.350 after epochs 115

Epoch: 116
[117,   100] loss: 0.264 accuracy:89.641
[117,   200] loss: 0.262 accuracy:89.578
[117,   300] loss: 0.262 accuracy:89.630
[117,   400] loss: 0.260 accuracy:89.730
[117,   500] loss: 0.261 accuracy:89.681
[117,   600] loss: 0.263 accuracy:89.643
[117,   700] loss: 0.262 accuracy:89.636
test_accuracy is 90.100 after epochs 116

Epoch: 117
[118,   100] loss: 0.260 accuracy:89.719
[118,   200] loss: 0.262 accuracy:89.664
[118,   300] loss: 0.261 accuracy:89.812
[118,   400] loss: 0.261 accuracy:89.836
[118,   500] loss: 0.261 accuracy:89.747
[118,   600] loss: 0.261 accuracy:89.799
[118,   700] loss: 0.261 accuracy:89.763
test_accuracy is 90.300 after epochs 117

Epoch: 118
[119,   100] loss: 0.246 accuracy:90.312
[119,   200] loss: 0.244 accuracy:90.617
[119,   300] loss: 0.244 accuracy:90.661
[119,   400] loss: 0.249 accuracy:90.426
[119,   500] loss: 0.250 accuracy:90.381
[119,   600] loss: 0.251 accuracy:90.315
[119,   700] loss: 0.251 accuracy:90.292
test_accuracy is 90.820 after epochs 118
Saving..

Epoch: 119
[120,   100] loss: 0.248 accuracy:89.812
[120,   200] loss: 0.247 accuracy:90.133
[120,   300] loss: 0.246 accuracy:90.281
[120,   400] loss: 0.246 accuracy:90.441
[120,   500] loss: 0.249 accuracy:90.325
[120,   600] loss: 0.249 accuracy:90.312
[120,   700] loss: 0.250 accuracy:90.254
test_accuracy is 91.280 after epochs 119
Saving..

Epoch: 120
[121,   100] loss: 0.239 accuracy:90.438
[121,   200] loss: 0.237 accuracy:90.500
[121,   300] loss: 0.239 accuracy:90.620
[121,   400] loss: 0.240 accuracy:90.676
[121,   500] loss: 0.242 accuracy:90.619
[121,   600] loss: 0.243 accuracy:90.620
[121,   700] loss: 0.244 accuracy:90.556
test_accuracy is 91.670 after epochs 120
Saving..

Epoch: 121
[122,   100] loss: 0.242 accuracy:90.984
[122,   200] loss: 0.241 accuracy:90.852
[122,   300] loss: 0.239 accuracy:90.849
[122,   400] loss: 0.241 accuracy:90.758
[122,   500] loss: 0.240 accuracy:90.797
[122,   600] loss: 0.241 accuracy:90.750
[122,   700] loss: 0.243 accuracy:90.690
test_accuracy is 90.350 after epochs 121

Epoch: 122
[123,   100] loss: 0.238 accuracy:90.984
[123,   200] loss: 0.238 accuracy:91.031
[123,   300] loss: 0.238 accuracy:90.974
[123,   400] loss: 0.237 accuracy:90.984
[123,   500] loss: 0.238 accuracy:90.916
[123,   600] loss: 0.238 accuracy:90.924
[123,   700] loss: 0.237 accuracy:90.942
test_accuracy is 91.250 after epochs 122

Epoch: 123
[124,   100] loss: 0.235 accuracy:91.047
[124,   200] loss: 0.230 accuracy:91.258
[124,   300] loss: 0.230 accuracy:91.260
[124,   400] loss: 0.227 accuracy:91.363
[124,   500] loss: 0.232 accuracy:91.122
[124,   600] loss: 0.231 accuracy:91.201
[124,   700] loss: 0.232 accuracy:91.103
test_accuracy is 92.260 after epochs 123
Saving..

Epoch: 124
[125,   100] loss: 0.227 accuracy:91.609
[125,   200] loss: 0.233 accuracy:91.078
[125,   300] loss: 0.232 accuracy:91.104
[125,   400] loss: 0.231 accuracy:91.172
[125,   500] loss: 0.234 accuracy:91.009
[125,   600] loss: 0.237 accuracy:90.922
[125,   700] loss: 0.236 accuracy:90.955
test_accuracy is 92.500 after epochs 124
Saving..

Epoch: 125
[126,   100] loss: 0.242 accuracy:90.938
[126,   200] loss: 0.242 accuracy:90.758
[126,   300] loss: 0.241 accuracy:90.724
[126,   400] loss: 0.237 accuracy:90.992
[126,   500] loss: 0.235 accuracy:91.044
[126,   600] loss: 0.232 accuracy:91.143
[126,   700] loss: 0.233 accuracy:91.062
test_accuracy is 91.510 after epochs 125

Epoch: 126
[127,   100] loss: 0.245 accuracy:90.812
[127,   200] loss: 0.238 accuracy:90.922
[127,   300] loss: 0.233 accuracy:91.177
[127,   400] loss: 0.232 accuracy:91.227
[127,   500] loss: 0.230 accuracy:91.253
[127,   600] loss: 0.230 accuracy:91.260
[127,   700] loss: 0.230 accuracy:91.250
test_accuracy is 92.120 after epochs 126

Epoch: 127
[128,   100] loss: 0.228 accuracy:91.234
[128,   200] loss: 0.233 accuracy:91.039
[128,   300] loss: 0.230 accuracy:91.125
[128,   400] loss: 0.228 accuracy:91.211
[128,   500] loss: 0.226 accuracy:91.294
[128,   600] loss: 0.225 accuracy:91.411
[128,   700] loss: 0.225 accuracy:91.406
test_accuracy is 92.130 after epochs 127

Epoch: 128
[129,   100] loss: 0.226 accuracy:91.453
[129,   200] loss: 0.221 accuracy:91.484
[129,   300] loss: 0.225 accuracy:91.146
[129,   400] loss: 0.224 accuracy:91.164
[129,   500] loss: 0.224 accuracy:91.188
[129,   600] loss: 0.221 accuracy:91.326
[129,   700] loss: 0.221 accuracy:91.364
test_accuracy is 91.920 after epochs 128

Epoch: 129
[130,   100] loss: 0.226 accuracy:91.406
[130,   200] loss: 0.219 accuracy:91.703
[130,   300] loss: 0.221 accuracy:91.589
[130,   400] loss: 0.222 accuracy:91.664
[130,   500] loss: 0.223 accuracy:91.672
[130,   600] loss: 0.224 accuracy:91.677
[130,   700] loss: 0.222 accuracy:91.739
test_accuracy is 92.630 after epochs 129
Saving..

Epoch: 130
[131,   100] loss: 0.216 accuracy:91.750
[131,   200] loss: 0.217 accuracy:91.883
[131,   300] loss: 0.224 accuracy:91.568
[131,   400] loss: 0.221 accuracy:91.676
[131,   500] loss: 0.223 accuracy:91.616
[131,   600] loss: 0.221 accuracy:91.695
[131,   700] loss: 0.219 accuracy:91.728
test_accuracy is 92.700 after epochs 130
Saving..

Epoch: 131
[132,   100] loss: 0.219 accuracy:91.969
[132,   200] loss: 0.219 accuracy:92.109
[132,   300] loss: 0.219 accuracy:91.953
[132,   400] loss: 0.218 accuracy:91.875
[132,   500] loss: 0.216 accuracy:91.978
[132,   600] loss: 0.219 accuracy:91.818
[132,   700] loss: 0.217 accuracy:91.873
test_accuracy is 93.260 after epochs 131
Saving..

Epoch: 132
[133,   100] loss: 0.216 accuracy:91.734
[133,   200] loss: 0.212 accuracy:92.047
[133,   300] loss: 0.213 accuracy:91.911
[133,   400] loss: 0.215 accuracy:91.867
[133,   500] loss: 0.215 accuracy:91.916
[133,   600] loss: 0.215 accuracy:91.938
[133,   700] loss: 0.214 accuracy:92.016
test_accuracy is 92.510 after epochs 132

Epoch: 133
[134,   100] loss: 0.208 accuracy:92.156
[134,   200] loss: 0.203 accuracy:92.391
[134,   300] loss: 0.206 accuracy:92.271
[134,   400] loss: 0.209 accuracy:92.223
[134,   500] loss: 0.210 accuracy:92.194
[134,   600] loss: 0.211 accuracy:92.172
[134,   700] loss: 0.210 accuracy:92.188
test_accuracy is 92.420 after epochs 133

Epoch: 134
[135,   100] loss: 0.209 accuracy:92.672
[135,   200] loss: 0.213 accuracy:92.242
[135,   300] loss: 0.207 accuracy:92.479
[135,   400] loss: 0.208 accuracy:92.414
[135,   500] loss: 0.207 accuracy:92.356
[135,   600] loss: 0.208 accuracy:92.227
[135,   700] loss: 0.209 accuracy:92.192
test_accuracy is 93.090 after epochs 134

Epoch: 135
[136,   100] loss: 0.206 accuracy:92.203
[136,   200] loss: 0.210 accuracy:92.000
[136,   300] loss: 0.209 accuracy:92.031
[136,   400] loss: 0.206 accuracy:92.195
[136,   500] loss: 0.205 accuracy:92.256
[136,   600] loss: 0.204 accuracy:92.320
[136,   700] loss: 0.201 accuracy:92.442
test_accuracy is 93.030 after epochs 135

Epoch: 136
[137,   100] loss: 0.213 accuracy:92.016
[137,   200] loss: 0.215 accuracy:91.898
[137,   300] loss: 0.213 accuracy:91.958
[137,   400] loss: 0.211 accuracy:92.031
[137,   500] loss: 0.208 accuracy:92.162
[137,   600] loss: 0.204 accuracy:92.359
[137,   700] loss: 0.203 accuracy:92.444
test_accuracy is 92.830 after epochs 136

Epoch: 137
[138,   100] loss: 0.199 accuracy:92.734
[138,   200] loss: 0.198 accuracy:92.766
[138,   300] loss: 0.200 accuracy:92.630
[138,   400] loss: 0.200 accuracy:92.676
[138,   500] loss: 0.197 accuracy:92.825
[138,   600] loss: 0.199 accuracy:92.747
[138,   700] loss: 0.198 accuracy:92.734
test_accuracy is 92.940 after epochs 137

Epoch: 138
[139,   100] loss: 0.195 accuracy:92.531
[139,   200] loss: 0.192 accuracy:92.898
[139,   300] loss: 0.188 accuracy:93.120
[139,   400] loss: 0.189 accuracy:93.121
[139,   500] loss: 0.189 accuracy:93.125
[139,   600] loss: 0.191 accuracy:93.104
[139,   700] loss: 0.192 accuracy:93.020
test_accuracy is 93.410 after epochs 138
Saving..

Epoch: 139
[140,   100] loss: 0.206 accuracy:92.250
[140,   200] loss: 0.199 accuracy:92.695
[140,   300] loss: 0.200 accuracy:92.589
[140,   400] loss: 0.200 accuracy:92.629
[140,   500] loss: 0.194 accuracy:92.859
[140,   600] loss: 0.194 accuracy:92.865
[140,   700] loss: 0.196 accuracy:92.792
test_accuracy is 93.590 after epochs 139
Saving..

Epoch: 140
[141,   100] loss: 0.184 accuracy:93.250
[141,   200] loss: 0.182 accuracy:93.320
[141,   300] loss: 0.187 accuracy:93.167
[141,   400] loss: 0.187 accuracy:93.227
[141,   500] loss: 0.187 accuracy:93.303
[141,   600] loss: 0.188 accuracy:93.211
[141,   700] loss: 0.187 accuracy:93.232
test_accuracy is 93.670 after epochs 140
Saving..

Epoch: 141
[142,   100] loss: 0.203 accuracy:92.281
[142,   200] loss: 0.202 accuracy:92.516
[142,   300] loss: 0.200 accuracy:92.625
[142,   400] loss: 0.198 accuracy:92.703
[142,   500] loss: 0.195 accuracy:92.812
[142,   600] loss: 0.193 accuracy:92.883
[142,   700] loss: 0.191 accuracy:92.991
test_accuracy is 93.560 after epochs 141

Epoch: 142
[143,   100] loss: 0.185 accuracy:93.078
[143,   200] loss: 0.186 accuracy:93.195
[143,   300] loss: 0.184 accuracy:93.318
[143,   400] loss: 0.185 accuracy:93.305
[143,   500] loss: 0.185 accuracy:93.244
[143,   600] loss: 0.184 accuracy:93.292
[143,   700] loss: 0.184 accuracy:93.275
test_accuracy is 93.800 after epochs 142
Saving..

Epoch: 143
[144,   100] loss: 0.187 accuracy:93.531
[144,   200] loss: 0.179 accuracy:93.734
[144,   300] loss: 0.182 accuracy:93.562
[144,   400] loss: 0.184 accuracy:93.496
[144,   500] loss: 0.184 accuracy:93.484
[144,   600] loss: 0.183 accuracy:93.492
[144,   700] loss: 0.182 accuracy:93.500
test_accuracy is 94.290 after epochs 143
Saving..

Epoch: 144
[145,   100] loss: 0.178 accuracy:93.422
[145,   200] loss: 0.180 accuracy:93.523
[145,   300] loss: 0.184 accuracy:93.245
[145,   400] loss: 0.182 accuracy:93.371
[145,   500] loss: 0.183 accuracy:93.331
[145,   600] loss: 0.183 accuracy:93.312
[145,   700] loss: 0.184 accuracy:93.312
test_accuracy is 93.700 after epochs 144

Epoch: 145
[146,   100] loss: 0.184 accuracy:93.500
[146,   200] loss: 0.183 accuracy:93.539
[146,   300] loss: 0.183 accuracy:93.443
[146,   400] loss: 0.185 accuracy:93.387
[146,   500] loss: 0.183 accuracy:93.487
[146,   600] loss: 0.181 accuracy:93.565
[146,   700] loss: 0.179 accuracy:93.596
test_accuracy is 94.100 after epochs 145

Epoch: 146
[147,   100] loss: 0.203 accuracy:92.641
[147,   200] loss: 0.191 accuracy:93.094
[147,   300] loss: 0.187 accuracy:93.182
[147,   400] loss: 0.184 accuracy:93.348
[147,   500] loss: 0.183 accuracy:93.375
[147,   600] loss: 0.182 accuracy:93.427
[147,   700] loss: 0.179 accuracy:93.516
test_accuracy is 93.920 after epochs 146

Epoch: 147
[148,   100] loss: 0.179 accuracy:93.531
[148,   200] loss: 0.186 accuracy:93.188
[148,   300] loss: 0.187 accuracy:93.167
[148,   400] loss: 0.184 accuracy:93.352
[148,   500] loss: 0.185 accuracy:93.338
[148,   600] loss: 0.184 accuracy:93.341
[148,   700] loss: 0.185 accuracy:93.306
test_accuracy is 94.200 after epochs 147

Epoch: 148
[149,   100] loss: 0.182 accuracy:93.562
[149,   200] loss: 0.175 accuracy:93.781
[149,   300] loss: 0.179 accuracy:93.651
[149,   400] loss: 0.178 accuracy:93.691
[149,   500] loss: 0.178 accuracy:93.709
[149,   600] loss: 0.178 accuracy:93.656
[149,   700] loss: 0.178 accuracy:93.674
test_accuracy is 93.790 after epochs 148

Epoch: 149
[150,   100] loss: 0.175 accuracy:93.938
[150,   200] loss: 0.173 accuracy:93.984
[150,   300] loss: 0.173 accuracy:94.094
[150,   400] loss: 0.177 accuracy:93.883
[150,   500] loss: 0.177 accuracy:93.812
[150,   600] loss: 0.177 accuracy:93.839
[150,   700] loss: 0.176 accuracy:93.846
test_accuracy is 93.870 after epochs 149

Epoch: 150
[151,   100] loss: 0.179 accuracy:93.562
[151,   200] loss: 0.174 accuracy:93.773
[151,   300] loss: 0.179 accuracy:93.526
[151,   400] loss: 0.178 accuracy:93.594
[151,   500] loss: 0.178 accuracy:93.631
[151,   600] loss: 0.176 accuracy:93.716
[151,   700] loss: 0.176 accuracy:93.723
test_accuracy is 94.270 after epochs 150

Epoch: 151
[152,   100] loss: 0.166 accuracy:93.984
[152,   200] loss: 0.172 accuracy:93.648
[152,   300] loss: 0.172 accuracy:93.698
[152,   400] loss: 0.172 accuracy:93.711
[152,   500] loss: 0.173 accuracy:93.688
[152,   600] loss: 0.171 accuracy:93.794
[152,   700] loss: 0.171 accuracy:93.824
test_accuracy is 93.770 after epochs 151

Epoch: 152
[153,   100] loss: 0.168 accuracy:94.016
[153,   200] loss: 0.171 accuracy:93.859
[153,   300] loss: 0.171 accuracy:93.807
[153,   400] loss: 0.170 accuracy:93.883
[153,   500] loss: 0.171 accuracy:93.856
[153,   600] loss: 0.171 accuracy:93.823
[153,   700] loss: 0.172 accuracy:93.763
test_accuracy is 93.640 after epochs 152

Epoch: 153
[154,   100] loss: 0.173 accuracy:93.891
[154,   200] loss: 0.169 accuracy:93.938
[154,   300] loss: 0.169 accuracy:94.021
[154,   400] loss: 0.169 accuracy:93.973
[154,   500] loss: 0.171 accuracy:93.862
[154,   600] loss: 0.172 accuracy:93.776
[154,   700] loss: 0.173 accuracy:93.781
test_accuracy is 94.580 after epochs 153
Saving..

Epoch: 154
[155,   100] loss: 0.169 accuracy:94.109
[155,   200] loss: 0.171 accuracy:94.055
[155,   300] loss: 0.169 accuracy:94.141
[155,   400] loss: 0.167 accuracy:94.172
[155,   500] loss: 0.167 accuracy:94.169
[155,   600] loss: 0.165 accuracy:94.154
[155,   700] loss: 0.166 accuracy:94.114
test_accuracy is 94.340 after epochs 154

Epoch: 155
[156,   100] loss: 0.172 accuracy:93.922
[156,   200] loss: 0.171 accuracy:93.945
[156,   300] loss: 0.169 accuracy:94.057
[156,   400] loss: 0.171 accuracy:94.023
[156,   500] loss: 0.171 accuracy:94.062
[156,   600] loss: 0.169 accuracy:94.133
[156,   700] loss: 0.170 accuracy:94.036
test_accuracy is 94.470 after epochs 155

Epoch: 156
[157,   100] loss: 0.165 accuracy:94.250
[157,   200] loss: 0.169 accuracy:93.945
[157,   300] loss: 0.166 accuracy:94.068
[157,   400] loss: 0.168 accuracy:94.000
[157,   500] loss: 0.166 accuracy:94.041
[157,   600] loss: 0.166 accuracy:94.029
[157,   700] loss: 0.168 accuracy:93.971
test_accuracy is 94.300 after epochs 156

Epoch: 157
[158,   100] loss: 0.171 accuracy:93.812
[158,   200] loss: 0.167 accuracy:93.938
[158,   300] loss: 0.166 accuracy:93.984
[158,   400] loss: 0.165 accuracy:94.074
[158,   500] loss: 0.165 accuracy:94.091
[158,   600] loss: 0.165 accuracy:94.148
[158,   700] loss: 0.162 accuracy:94.230
test_accuracy is 94.510 after epochs 157

Epoch: 158
[159,   100] loss: 0.165 accuracy:94.250
[159,   200] loss: 0.174 accuracy:93.555
[159,   300] loss: 0.171 accuracy:93.786
[159,   400] loss: 0.172 accuracy:93.832
[159,   500] loss: 0.172 accuracy:93.859
[159,   600] loss: 0.172 accuracy:93.904
[159,   700] loss: 0.171 accuracy:93.951
test_accuracy is 94.430 after epochs 158

Epoch: 159
[160,   100] loss: 0.159 accuracy:94.406
[160,   200] loss: 0.159 accuracy:94.344
[160,   300] loss: 0.163 accuracy:94.188
[160,   400] loss: 0.162 accuracy:94.180
[160,   500] loss: 0.163 accuracy:94.203
[160,   600] loss: 0.163 accuracy:94.182
[160,   700] loss: 0.162 accuracy:94.210
test_accuracy is 94.400 after epochs 159

Epoch: 160
[161,   100] loss: 0.166 accuracy:94.266
[161,   200] loss: 0.165 accuracy:94.273
[161,   300] loss: 0.163 accuracy:94.281
[161,   400] loss: 0.162 accuracy:94.324
[161,   500] loss: 0.162 accuracy:94.388
[161,   600] loss: 0.163 accuracy:94.328
[161,   700] loss: 0.163 accuracy:94.326
test_accuracy is 94.370 after epochs 160

Epoch: 161
[162,   100] loss: 0.164 accuracy:94.250
[162,   200] loss: 0.158 accuracy:94.523
[162,   300] loss: 0.161 accuracy:94.443
[162,   400] loss: 0.161 accuracy:94.395
[162,   500] loss: 0.161 accuracy:94.384
[162,   600] loss: 0.160 accuracy:94.469
[162,   700] loss: 0.159 accuracy:94.478
test_accuracy is 94.830 after epochs 161
Saving..

Epoch: 162
[163,   100] loss: 0.169 accuracy:94.188
[163,   200] loss: 0.164 accuracy:94.461
[163,   300] loss: 0.163 accuracy:94.380
[163,   400] loss: 0.164 accuracy:94.340
[163,   500] loss: 0.163 accuracy:94.356
[163,   600] loss: 0.163 accuracy:94.336
[163,   700] loss: 0.162 accuracy:94.348
test_accuracy is 94.160 after epochs 162

Epoch: 163
[164,   100] loss: 0.153 accuracy:94.750
[164,   200] loss: 0.155 accuracy:94.648
[164,   300] loss: 0.154 accuracy:94.724
[164,   400] loss: 0.155 accuracy:94.602
[164,   500] loss: 0.155 accuracy:94.578
[164,   600] loss: 0.155 accuracy:94.568
[164,   700] loss: 0.156 accuracy:94.556
test_accuracy is 94.590 after epochs 163

Epoch: 164
[165,   100] loss: 0.152 accuracy:94.500
[165,   200] loss: 0.153 accuracy:94.555
[165,   300] loss: 0.150 accuracy:94.714
[165,   400] loss: 0.153 accuracy:94.562
[165,   500] loss: 0.152 accuracy:94.650
[165,   600] loss: 0.153 accuracy:94.609
[165,   700] loss: 0.153 accuracy:94.598
test_accuracy is 94.680 after epochs 164

Epoch: 165
[166,   100] loss: 0.171 accuracy:94.062
[166,   200] loss: 0.157 accuracy:94.484
[166,   300] loss: 0.158 accuracy:94.453
[166,   400] loss: 0.157 accuracy:94.516
[166,   500] loss: 0.157 accuracy:94.481
[166,   600] loss: 0.156 accuracy:94.484
[166,   700] loss: 0.155 accuracy:94.527
test_accuracy is 95.240 after epochs 165
Saving..

Epoch: 166
[167,   100] loss: 0.156 accuracy:94.906
[167,   200] loss: 0.160 accuracy:94.586
[167,   300] loss: 0.159 accuracy:94.630
[167,   400] loss: 0.157 accuracy:94.629
[167,   500] loss: 0.157 accuracy:94.600
[167,   600] loss: 0.158 accuracy:94.578
[167,   700] loss: 0.157 accuracy:94.614
test_accuracy is 94.740 after epochs 166

Epoch: 167
[168,   100] loss: 0.164 accuracy:94.062
[168,   200] loss: 0.159 accuracy:94.383
[168,   300] loss: 0.157 accuracy:94.490
[168,   400] loss: 0.160 accuracy:94.422
[168,   500] loss: 0.160 accuracy:94.375
[168,   600] loss: 0.159 accuracy:94.391
[168,   700] loss: 0.159 accuracy:94.382
test_accuracy is 94.560 after epochs 167

Epoch: 168
[169,   100] loss: 0.154 accuracy:94.859
[169,   200] loss: 0.151 accuracy:94.930
[169,   300] loss: 0.150 accuracy:94.911
[169,   400] loss: 0.149 accuracy:94.832
[169,   500] loss: 0.151 accuracy:94.734
[169,   600] loss: 0.153 accuracy:94.641
[169,   700] loss: 0.153 accuracy:94.641
test_accuracy is 94.370 after epochs 168

Epoch: 169
[170,   100] loss: 0.156 accuracy:94.656
[170,   200] loss: 0.151 accuracy:94.844
[170,   300] loss: 0.153 accuracy:94.682
[170,   400] loss: 0.152 accuracy:94.754
[170,   500] loss: 0.150 accuracy:94.806
[170,   600] loss: 0.151 accuracy:94.812
[170,   700] loss: 0.152 accuracy:94.766
test_accuracy is 94.890 after epochs 169

Epoch: 170
[171,   100] loss: 0.152 accuracy:94.719
[171,   200] loss: 0.149 accuracy:94.844
[171,   300] loss: 0.148 accuracy:94.885
[171,   400] loss: 0.148 accuracy:94.906
[171,   500] loss: 0.148 accuracy:94.875
[171,   600] loss: 0.149 accuracy:94.846
[171,   700] loss: 0.148 accuracy:94.893
test_accuracy is 95.240 after epochs 170

Epoch: 171
[172,   100] loss: 0.153 accuracy:94.719
[172,   200] loss: 0.155 accuracy:94.680
[172,   300] loss: 0.151 accuracy:94.760
[172,   400] loss: 0.151 accuracy:94.805
[172,   500] loss: 0.153 accuracy:94.662
[172,   600] loss: 0.152 accuracy:94.706
[172,   700] loss: 0.153 accuracy:94.685
test_accuracy is 94.820 after epochs 171

Epoch: 172
[173,   100] loss: 0.149 accuracy:94.703
[173,   200] loss: 0.155 accuracy:94.547
[173,   300] loss: 0.151 accuracy:94.729
[173,   400] loss: 0.151 accuracy:94.676
[173,   500] loss: 0.152 accuracy:94.737
[173,   600] loss: 0.152 accuracy:94.708
[173,   700] loss: 0.151 accuracy:94.775
test_accuracy is 94.750 after epochs 172

Epoch: 173
[174,   100] loss: 0.138 accuracy:95.531
[174,   200] loss: 0.143 accuracy:95.117
[174,   300] loss: 0.145 accuracy:94.974
[174,   400] loss: 0.147 accuracy:94.906
[174,   500] loss: 0.150 accuracy:94.816
[174,   600] loss: 0.150 accuracy:94.820
[174,   700] loss: 0.150 accuracy:94.842
test_accuracy is 95.090 after epochs 173

Epoch: 174
[175,   100] loss: 0.148 accuracy:95.047
[175,   200] loss: 0.149 accuracy:95.062
[175,   300] loss: 0.148 accuracy:95.021
[175,   400] loss: 0.148 accuracy:94.965
[175,   500] loss: 0.146 accuracy:95.062
[175,   600] loss: 0.148 accuracy:94.940
[175,   700] loss: 0.148 accuracy:94.960
test_accuracy is 95.460 after epochs 174
Saving..

Epoch: 175
[176,   100] loss: 0.151 accuracy:94.812
[176,   200] loss: 0.148 accuracy:94.984
[176,   300] loss: 0.145 accuracy:95.052
[176,   400] loss: 0.145 accuracy:95.078
[176,   500] loss: 0.144 accuracy:95.128
[176,   600] loss: 0.144 accuracy:95.099
[176,   700] loss: 0.145 accuracy:95.105
test_accuracy is 95.210 after epochs 175

Epoch: 176
[177,   100] loss: 0.146 accuracy:94.703
[177,   200] loss: 0.148 accuracy:94.852
[177,   300] loss: 0.148 accuracy:94.823
[177,   400] loss: 0.151 accuracy:94.695
[177,   500] loss: 0.149 accuracy:94.797
[177,   600] loss: 0.149 accuracy:94.812
[177,   700] loss: 0.148 accuracy:94.799
test_accuracy is 95.120 after epochs 176

Epoch: 177
[178,   100] loss: 0.151 accuracy:94.875
[178,   200] loss: 0.145 accuracy:94.930
[178,   300] loss: 0.144 accuracy:95.000
[178,   400] loss: 0.144 accuracy:94.996
[178,   500] loss: 0.143 accuracy:95.013
[178,   600] loss: 0.144 accuracy:94.953
[178,   700] loss: 0.144 accuracy:94.958
test_accuracy is 95.480 after epochs 177
Saving..

Epoch: 178
[179,   100] loss: 0.153 accuracy:94.641
[179,   200] loss: 0.148 accuracy:94.812
[179,   300] loss: 0.148 accuracy:94.901
[179,   400] loss: 0.148 accuracy:94.832
[179,   500] loss: 0.148 accuracy:94.819
[179,   600] loss: 0.147 accuracy:94.880
[179,   700] loss: 0.147 accuracy:94.902
test_accuracy is 95.300 after epochs 178

Epoch: 179
[180,   100] loss: 0.146 accuracy:95.062
[180,   200] loss: 0.150 accuracy:94.852
[180,   300] loss: 0.146 accuracy:94.943
[180,   400] loss: 0.146 accuracy:94.961
[180,   500] loss: 0.146 accuracy:94.978
[180,   600] loss: 0.147 accuracy:94.914
[180,   700] loss: 0.147 accuracy:94.929
test_accuracy is 95.350 after epochs 179

Epoch: 180
[181,   100] loss: 0.146 accuracy:94.859
[181,   200] loss: 0.143 accuracy:95.039
[181,   300] loss: 0.143 accuracy:95.047
[181,   400] loss: 0.145 accuracy:95.012
[181,   500] loss: 0.145 accuracy:94.991
[181,   600] loss: 0.146 accuracy:94.958
[181,   700] loss: 0.146 accuracy:94.967
test_accuracy is 95.370 after epochs 180

Epoch: 181
[182,   100] loss: 0.157 accuracy:94.422
[182,   200] loss: 0.155 accuracy:94.547
[182,   300] loss: 0.153 accuracy:94.677
[182,   400] loss: 0.152 accuracy:94.695
[182,   500] loss: 0.149 accuracy:94.797
[182,   600] loss: 0.148 accuracy:94.839
[182,   700] loss: 0.148 accuracy:94.804
test_accuracy is 95.290 after epochs 181

Epoch: 182
[183,   100] loss: 0.152 accuracy:94.984
[183,   200] loss: 0.145 accuracy:95.141
[183,   300] loss: 0.144 accuracy:95.078
[183,   400] loss: 0.145 accuracy:95.070
[183,   500] loss: 0.145 accuracy:95.094
[183,   600] loss: 0.145 accuracy:95.102
[183,   700] loss: 0.145 accuracy:95.129
test_accuracy is 95.340 after epochs 182

Epoch: 183
[184,   100] loss: 0.148 accuracy:94.891
[184,   200] loss: 0.148 accuracy:94.984
[184,   300] loss: 0.146 accuracy:95.010
[184,   400] loss: 0.146 accuracy:95.066
[184,   500] loss: 0.146 accuracy:94.984
[184,   600] loss: 0.146 accuracy:95.010
[184,   700] loss: 0.145 accuracy:95.031
test_accuracy is 95.090 after epochs 183

Epoch: 184
[185,   100] loss: 0.148 accuracy:94.969
[185,   200] loss: 0.154 accuracy:94.711
[185,   300] loss: 0.147 accuracy:94.958
[185,   400] loss: 0.144 accuracy:95.039
[185,   500] loss: 0.145 accuracy:94.987
[185,   600] loss: 0.145 accuracy:95.023
[185,   700] loss: 0.145 accuracy:95.047
test_accuracy is 95.220 after epochs 184

Epoch: 185
[186,   100] loss: 0.149 accuracy:94.875
[186,   200] loss: 0.147 accuracy:94.844
[186,   300] loss: 0.145 accuracy:95.000
[186,   400] loss: 0.145 accuracy:94.895
[186,   500] loss: 0.145 accuracy:94.919
[186,   600] loss: 0.145 accuracy:94.974
[186,   700] loss: 0.145 accuracy:94.984
test_accuracy is 95.390 after epochs 185

Epoch: 186
[187,   100] loss: 0.151 accuracy:94.859
[187,   200] loss: 0.143 accuracy:95.156
[187,   300] loss: 0.144 accuracy:95.146
[187,   400] loss: 0.142 accuracy:95.219
[187,   500] loss: 0.143 accuracy:95.138
[187,   600] loss: 0.144 accuracy:95.107
[187,   700] loss: 0.144 accuracy:95.042
test_accuracy is 95.430 after epochs 186

Epoch: 187
[188,   100] loss: 0.142 accuracy:95.203
[188,   200] loss: 0.140 accuracy:95.266
[188,   300] loss: 0.143 accuracy:95.125
[188,   400] loss: 0.144 accuracy:95.043
[188,   500] loss: 0.144 accuracy:95.037
[188,   600] loss: 0.144 accuracy:95.042
[188,   700] loss: 0.145 accuracy:95.040
test_accuracy is 95.660 after epochs 187
Saving..

Epoch: 188
[189,   100] loss: 0.139 accuracy:95.297
[189,   200] loss: 0.137 accuracy:95.359
[189,   300] loss: 0.140 accuracy:95.245
[189,   400] loss: 0.142 accuracy:95.203
[189,   500] loss: 0.145 accuracy:95.094
[189,   600] loss: 0.146 accuracy:95.023
[189,   700] loss: 0.145 accuracy:95.036
test_accuracy is 95.500 after epochs 188

Epoch: 189
[190,   100] loss: 0.146 accuracy:95.031
[190,   200] loss: 0.147 accuracy:95.008
[190,   300] loss: 0.150 accuracy:94.943
[190,   400] loss: 0.151 accuracy:94.852
[190,   500] loss: 0.151 accuracy:94.906
[190,   600] loss: 0.148 accuracy:95.029
[190,   700] loss: 0.148 accuracy:95.009
test_accuracy is 95.470 after epochs 189

Epoch: 190
[191,   100] loss: 0.144 accuracy:95.172
[191,   200] loss: 0.144 accuracy:95.117
[191,   300] loss: 0.140 accuracy:95.307
[191,   400] loss: 0.139 accuracy:95.324
[191,   500] loss: 0.139 accuracy:95.269
[191,   600] loss: 0.140 accuracy:95.302
[191,   700] loss: 0.142 accuracy:95.241
test_accuracy is 95.380 after epochs 190

Epoch: 191
[192,   100] loss: 0.142 accuracy:95.172
[192,   200] loss: 0.142 accuracy:95.102
[192,   300] loss: 0.146 accuracy:95.026
[192,   400] loss: 0.149 accuracy:94.895
[192,   500] loss: 0.148 accuracy:94.909
[192,   600] loss: 0.147 accuracy:94.948
[192,   700] loss: 0.148 accuracy:94.917
test_accuracy is 95.400 after epochs 191

Epoch: 192
[193,   100] loss: 0.142 accuracy:95.109
[193,   200] loss: 0.148 accuracy:94.844
[193,   300] loss: 0.148 accuracy:94.870
[193,   400] loss: 0.147 accuracy:94.953
[193,   500] loss: 0.144 accuracy:94.987
[193,   600] loss: 0.143 accuracy:95.039
[193,   700] loss: 0.143 accuracy:95.049
test_accuracy is 95.310 after epochs 192

Epoch: 193
[194,   100] loss: 0.141 accuracy:94.969
[194,   200] loss: 0.144 accuracy:95.156
[194,   300] loss: 0.141 accuracy:95.177
[194,   400] loss: 0.140 accuracy:95.180
[194,   500] loss: 0.139 accuracy:95.213
[194,   600] loss: 0.139 accuracy:95.201
[194,   700] loss: 0.139 accuracy:95.261
test_accuracy is 95.710 after epochs 193
Saving..

Epoch: 194
[195,   100] loss: 0.151 accuracy:94.703
[195,   200] loss: 0.147 accuracy:94.914
[195,   300] loss: 0.145 accuracy:94.938
[195,   400] loss: 0.147 accuracy:94.926
[195,   500] loss: 0.145 accuracy:94.994
[195,   600] loss: 0.144 accuracy:95.029
[195,   700] loss: 0.144 accuracy:95.016
test_accuracy is 95.640 after epochs 194

Epoch: 195
[196,   100] loss: 0.158 accuracy:94.422
[196,   200] loss: 0.151 accuracy:94.742
[196,   300] loss: 0.149 accuracy:94.865
[196,   400] loss: 0.148 accuracy:94.871
[196,   500] loss: 0.148 accuracy:94.956
[196,   600] loss: 0.147 accuracy:94.974
[196,   700] loss: 0.147 accuracy:94.969
test_accuracy is 95.450 after epochs 195

Epoch: 196
[197,   100] loss: 0.142 accuracy:95.500
[197,   200] loss: 0.141 accuracy:95.422
[197,   300] loss: 0.143 accuracy:95.307
[197,   400] loss: 0.142 accuracy:95.320
[197,   500] loss: 0.144 accuracy:95.156
[197,   600] loss: 0.143 accuracy:95.107
[197,   700] loss: 0.144 accuracy:95.103
test_accuracy is 95.370 after epochs 196

Epoch: 197
[198,   100] loss: 0.143 accuracy:95.531
[198,   200] loss: 0.141 accuracy:95.320
[198,   300] loss: 0.144 accuracy:95.286
[198,   400] loss: 0.141 accuracy:95.301
[198,   500] loss: 0.142 accuracy:95.328
[198,   600] loss: 0.144 accuracy:95.237
[198,   700] loss: 0.144 accuracy:95.205
test_accuracy is 95.630 after epochs 197

Epoch: 198
[199,   100] loss: 0.131 accuracy:95.234
[199,   200] loss: 0.140 accuracy:94.992
[199,   300] loss: 0.141 accuracy:95.036
[199,   400] loss: 0.142 accuracy:95.059
[199,   500] loss: 0.142 accuracy:95.094
[199,   600] loss: 0.141 accuracy:95.091
[199,   700] loss: 0.141 accuracy:95.121
test_accuracy is 95.730 after epochs 198
Saving..

Epoch: 199
[200,   100] loss: 0.132 accuracy:95.500
[200,   200] loss: 0.142 accuracy:95.086
[200,   300] loss: 0.143 accuracy:95.047
[200,   400] loss: 0.144 accuracy:95.039
[200,   500] loss: 0.143 accuracy:95.097
[200,   600] loss: 0.143 accuracy:95.089
[200,   700] loss: 0.143 accuracy:95.121
test_accuracy is 95.120 after epochs 199
