HXLN_LN_LSTM-default-data-Triangle-version-0-num_layers-4-num_templates-4-dropout-0.1-epochs-200-patch_size-4-num_heads-4-batch_size-64-lr-0.0001-256-512-2-2-True-6-True-True-10-True-8-False-1
transformer embed_dim 256
functional? False
total heads 4
head dim 64
use topk?True
topk:10
MEM SLOTS:8
Null attention:False
USING SHARED MEMORY ATTENTION +++++++++
Using gate style unit
query:32896
key:32896
value:65792
attention_mlp:65792
layernorm1:512
layernorm2:512
input_projector:65792
input projector:256
input_gate_projector:208640
memory_gate_projector:1052672
relational volatie!!!
1525506
Total number of parameters:1948678

Epoch: 0
[1,   100] loss: 0.728 accuracy:49.594
[1,   200] loss: 0.717 accuracy:50.125
[1,   300] loss: 0.715 accuracy:49.667
[1,   400] loss: 0.712 accuracy:49.910
[1,   500] loss: 0.710 accuracy:49.994
[1,   600] loss: 0.709 accuracy:50.042
[1,   700] loss: 0.707 accuracy:50.172
test_accuracy is 50.210 after epochs 0
Saving..

Epoch: 1
[2,   100] loss: 0.697 accuracy:50.578
[2,   200] loss: 0.698 accuracy:50.375
[2,   300] loss: 0.698 accuracy:50.521
[2,   400] loss: 0.700 accuracy:50.688
[2,   500] loss: 0.700 accuracy:50.812
[2,   600] loss: 0.700 accuracy:50.896
[2,   700] loss: 0.699 accuracy:51.089
test_accuracy is 49.180 after epochs 1

Epoch: 2
[3,   100] loss: 0.697 accuracy:51.094
[3,   200] loss: 0.698 accuracy:51.031
[3,   300] loss: 0.697 accuracy:51.104
[3,   400] loss: 0.697 accuracy:51.043
[3,   500] loss: 0.696 accuracy:51.275
[3,   600] loss: 0.696 accuracy:51.333
[3,   700] loss: 0.696 accuracy:51.326
test_accuracy is 54.510 after epochs 2
Saving..

Epoch: 3
[4,   100] loss: 0.696 accuracy:51.875
[4,   200] loss: 0.693 accuracy:52.594
[4,   300] loss: 0.695 accuracy:52.182
[4,   400] loss: 0.694 accuracy:52.047
[4,   500] loss: 0.695 accuracy:51.950
[4,   600] loss: 0.694 accuracy:52.065
[4,   700] loss: 0.694 accuracy:52.205
test_accuracy is 55.760 after epochs 3
Saving..

Epoch: 4
[5,   100] loss: 0.689 accuracy:53.953
[5,   200] loss: 0.690 accuracy:53.859
[5,   300] loss: 0.691 accuracy:53.297
[5,   400] loss: 0.690 accuracy:53.590
[5,   500] loss: 0.691 accuracy:53.431
[5,   600] loss: 0.691 accuracy:53.417
[5,   700] loss: 0.690 accuracy:53.551
test_accuracy is 51.640 after epochs 4

Epoch: 5
[6,   100] loss: 0.689 accuracy:54.109
[6,   200] loss: 0.690 accuracy:53.969
[6,   300] loss: 0.689 accuracy:54.245
[6,   400] loss: 0.690 accuracy:53.816
[6,   500] loss: 0.690 accuracy:53.981
[6,   600] loss: 0.690 accuracy:53.784
[6,   700] loss: 0.690 accuracy:53.790
test_accuracy is 55.090 after epochs 5

Epoch: 6
[7,   100] loss: 0.690 accuracy:54.625
[7,   200] loss: 0.690 accuracy:54.523
[7,   300] loss: 0.690 accuracy:54.068
[7,   400] loss: 0.689 accuracy:54.117
[7,   500] loss: 0.690 accuracy:53.913
[7,   600] loss: 0.689 accuracy:53.914
[7,   700] loss: 0.689 accuracy:54.141
test_accuracy is 55.880 after epochs 6
Saving..

Epoch: 7
[8,   100] loss: 0.683 accuracy:56.391
[8,   200] loss: 0.687 accuracy:54.539
[8,   300] loss: 0.686 accuracy:55.036
[8,   400] loss: 0.688 accuracy:54.645
[8,   500] loss: 0.688 accuracy:54.619
[8,   600] loss: 0.687 accuracy:54.750
[8,   700] loss: 0.687 accuracy:55.020
test_accuracy is 53.590 after epochs 7

Epoch: 8
[9,   100] loss: 0.686 accuracy:55.141
[9,   200] loss: 0.686 accuracy:55.383
[9,   300] loss: 0.686 accuracy:55.042
[9,   400] loss: 0.686 accuracy:55.387
[9,   500] loss: 0.685 accuracy:55.638
[9,   600] loss: 0.685 accuracy:55.701
[9,   700] loss: 0.685 accuracy:55.792
test_accuracy is 50.290 after epochs 8

Epoch: 9
[10,   100] loss: 0.689 accuracy:54.453
[10,   200] loss: 0.687 accuracy:54.539
[10,   300] loss: 0.686 accuracy:54.568
[10,   400] loss: 0.686 accuracy:54.922
[10,   500] loss: 0.685 accuracy:55.244
[10,   600] loss: 0.684 accuracy:55.544
[10,   700] loss: 0.684 accuracy:55.531
test_accuracy is 55.600 after epochs 9

Epoch: 10
[11,   100] loss: 0.685 accuracy:55.344
[11,   200] loss: 0.683 accuracy:55.383
[11,   300] loss: 0.683 accuracy:55.578
[11,   400] loss: 0.682 accuracy:55.793
[11,   500] loss: 0.682 accuracy:55.894
[11,   600] loss: 0.682 accuracy:55.810
[11,   700] loss: 0.682 accuracy:55.763
test_accuracy is 54.680 after epochs 10

Epoch: 11
[12,   100] loss: 0.678 accuracy:56.094
[12,   200] loss: 0.679 accuracy:56.359
[12,   300] loss: 0.678 accuracy:56.583
[12,   400] loss: 0.676 accuracy:57.145
[12,   500] loss: 0.677 accuracy:57.191
[12,   600] loss: 0.677 accuracy:57.135
[12,   700] loss: 0.676 accuracy:57.199
test_accuracy is 58.510 after epochs 11
Saving..

Epoch: 12
[13,   100] loss: 0.671 accuracy:58.688
[13,   200] loss: 0.672 accuracy:57.906
[13,   300] loss: 0.672 accuracy:58.172
[13,   400] loss: 0.672 accuracy:58.293
[13,   500] loss: 0.672 accuracy:58.175
[13,   600] loss: 0.672 accuracy:58.214
[13,   700] loss: 0.671 accuracy:58.346
test_accuracy is 57.410 after epochs 12

Epoch: 13
[14,   100] loss: 0.671 accuracy:57.797
[14,   200] loss: 0.671 accuracy:57.859
[14,   300] loss: 0.671 accuracy:57.859
[14,   400] loss: 0.670 accuracy:58.172
[14,   500] loss: 0.669 accuracy:58.475
[14,   600] loss: 0.669 accuracy:58.544
[14,   700] loss: 0.669 accuracy:58.551
test_accuracy is 58.450 after epochs 13

Epoch: 14
[15,   100] loss: 0.668 accuracy:58.281
[15,   200] loss: 0.667 accuracy:58.742
[15,   300] loss: 0.667 accuracy:58.661
[15,   400] loss: 0.666 accuracy:58.793
[15,   500] loss: 0.667 accuracy:58.750
[15,   600] loss: 0.667 accuracy:58.878
[15,   700] loss: 0.666 accuracy:58.920
test_accuracy is 60.650 after epochs 14
Saving..

Epoch: 15
[16,   100] loss: 0.667 accuracy:59.312
[16,   200] loss: 0.667 accuracy:59.172
[16,   300] loss: 0.666 accuracy:59.203
[16,   400] loss: 0.667 accuracy:59.027
[16,   500] loss: 0.665 accuracy:59.288
[16,   600] loss: 0.665 accuracy:59.299
[16,   700] loss: 0.665 accuracy:59.241
test_accuracy is 57.810 after epochs 15

Epoch: 16
[17,   100] loss: 0.664 accuracy:58.469
[17,   200] loss: 0.663 accuracy:58.664
[17,   300] loss: 0.663 accuracy:58.839
[17,   400] loss: 0.663 accuracy:58.930
[17,   500] loss: 0.662 accuracy:59.087
[17,   600] loss: 0.662 accuracy:59.260
[17,   700] loss: 0.662 accuracy:59.328
test_accuracy is 60.240 after epochs 16

Epoch: 17
[18,   100] loss: 0.665 accuracy:59.828
[18,   200] loss: 0.663 accuracy:59.516
[18,   300] loss: 0.662 accuracy:59.781
[18,   400] loss: 0.662 accuracy:59.480
[18,   500] loss: 0.662 accuracy:59.541
[18,   600] loss: 0.662 accuracy:59.596
[18,   700] loss: 0.662 accuracy:59.743
test_accuracy is 60.020 after epochs 17

Epoch: 18
[19,   100] loss: 0.668 accuracy:59.172
[19,   200] loss: 0.664 accuracy:59.250
[19,   300] loss: 0.664 accuracy:59.125
[19,   400] loss: 0.663 accuracy:59.371
[19,   500] loss: 0.665 accuracy:59.009
[19,   600] loss: 0.665 accuracy:58.909
[19,   700] loss: 0.664 accuracy:59.058
test_accuracy is 56.740 after epochs 18

Epoch: 19
[20,   100] loss: 0.660 accuracy:59.750
[20,   200] loss: 0.661 accuracy:59.477
[20,   300] loss: 0.661 accuracy:59.615
[20,   400] loss: 0.661 accuracy:59.406
[20,   500] loss: 0.660 accuracy:59.603
[20,   600] loss: 0.660 accuracy:59.495
[20,   700] loss: 0.660 accuracy:59.531
test_accuracy is 59.980 after epochs 19

Epoch: 20
[21,   100] loss: 0.661 accuracy:59.531
[21,   200] loss: 0.658 accuracy:60.086
[21,   300] loss: 0.660 accuracy:59.875
[21,   400] loss: 0.660 accuracy:59.988
[21,   500] loss: 0.660 accuracy:59.869
[21,   600] loss: 0.660 accuracy:59.901
[21,   700] loss: 0.661 accuracy:59.748
test_accuracy is 59.410 after epochs 20

Epoch: 21
[22,   100] loss: 0.662 accuracy:59.219
[22,   200] loss: 0.660 accuracy:59.930
[22,   300] loss: 0.660 accuracy:59.865
[22,   400] loss: 0.661 accuracy:59.598
[22,   500] loss: 0.661 accuracy:59.616
[22,   600] loss: 0.663 accuracy:59.070
[22,   700] loss: 0.666 accuracy:58.797
test_accuracy is 55.570 after epochs 21

Epoch: 22
[23,   100] loss: 0.679 accuracy:57.141
[23,   200] loss: 0.681 accuracy:56.914
[23,   300] loss: 0.681 accuracy:56.891
[23,   400] loss: 0.680 accuracy:57.043
[23,   500] loss: 0.679 accuracy:57.206
[23,   600] loss: 0.678 accuracy:57.253
[23,   700] loss: 0.677 accuracy:57.239
test_accuracy is 59.240 after epochs 22

Epoch: 23
[24,   100] loss: 0.666 accuracy:59.156
[24,   200] loss: 0.664 accuracy:59.367
[24,   300] loss: 0.664 accuracy:59.193
[24,   400] loss: 0.663 accuracy:59.246
[24,   500] loss: 0.663 accuracy:59.312
[24,   600] loss: 0.663 accuracy:59.411
[24,   700] loss: 0.662 accuracy:59.542
test_accuracy is 58.340 after epochs 23

Epoch: 24
[25,   100] loss: 0.664 accuracy:59.438
[25,   200] loss: 0.662 accuracy:59.672
[25,   300] loss: 0.660 accuracy:59.943
[25,   400] loss: 0.660 accuracy:59.973
[25,   500] loss: 0.659 accuracy:59.959
[25,   600] loss: 0.658 accuracy:60.120
[25,   700] loss: 0.658 accuracy:60.109
test_accuracy is 59.080 after epochs 24

Epoch: 25
[26,   100] loss: 0.657 accuracy:60.406
[26,   200] loss: 0.655 accuracy:60.836
[26,   300] loss: 0.657 accuracy:60.281
[26,   400] loss: 0.657 accuracy:60.340
[26,   500] loss: 0.657 accuracy:60.316
[26,   600] loss: 0.656 accuracy:60.531
[26,   700] loss: 0.656 accuracy:60.529
test_accuracy is 61.410 after epochs 25
Saving..

Epoch: 26
[27,   100] loss: 0.657 accuracy:60.812
[27,   200] loss: 0.656 accuracy:60.508
[27,   300] loss: 0.657 accuracy:60.385
[27,   400] loss: 0.656 accuracy:60.391
[27,   500] loss: 0.658 accuracy:59.969
[27,   600] loss: 0.657 accuracy:60.099
[27,   700] loss: 0.658 accuracy:59.886
test_accuracy is 61.490 after epochs 26
Saving..

Epoch: 27
[28,   100] loss: 0.654 accuracy:60.641
[28,   200] loss: 0.653 accuracy:60.805
[28,   300] loss: 0.653 accuracy:60.620
[28,   400] loss: 0.655 accuracy:60.234
[28,   500] loss: 0.656 accuracy:60.200
[28,   600] loss: 0.655 accuracy:60.221
[28,   700] loss: 0.655 accuracy:60.283
test_accuracy is 60.600 after epochs 27

Epoch: 28
[29,   100] loss: 0.653 accuracy:61.266
[29,   200] loss: 0.652 accuracy:61.414
[29,   300] loss: 0.650 accuracy:61.745
[29,   400] loss: 0.653 accuracy:61.414
[29,   500] loss: 0.653 accuracy:61.034
[29,   600] loss: 0.653 accuracy:61.003
[29,   700] loss: 0.654 accuracy:60.953
test_accuracy is 61.790 after epochs 28
Saving..

Epoch: 29
[30,   100] loss: 0.640 accuracy:62.844
[30,   200] loss: 0.647 accuracy:61.562
[30,   300] loss: 0.653 accuracy:60.698
[30,   400] loss: 0.653 accuracy:60.758
[30,   500] loss: 0.654 accuracy:60.619
[30,   600] loss: 0.653 accuracy:60.917
[30,   700] loss: 0.653 accuracy:60.951
test_accuracy is 60.930 after epochs 29

Epoch: 30
[31,   100] loss: 0.652 accuracy:61.500
[31,   200] loss: 0.644 accuracy:61.930
[31,   300] loss: 0.648 accuracy:61.583
[31,   400] loss: 0.649 accuracy:61.203
[31,   500] loss: 0.651 accuracy:60.834
[31,   600] loss: 0.651 accuracy:60.909
[31,   700] loss: 0.650 accuracy:61.136
test_accuracy is 59.530 after epochs 30

Epoch: 31
[32,   100] loss: 0.655 accuracy:61.531
[32,   200] loss: 0.651 accuracy:61.656
[32,   300] loss: 0.652 accuracy:61.458
[32,   400] loss: 0.654 accuracy:60.754
[32,   500] loss: 0.653 accuracy:60.922
[32,   600] loss: 0.653 accuracy:60.872
[32,   700] loss: 0.652 accuracy:61.020
test_accuracy is 61.780 after epochs 31

Epoch: 32
[33,   100] loss: 0.653 accuracy:61.031
[33,   200] loss: 0.653 accuracy:61.102
[33,   300] loss: 0.652 accuracy:61.161
[33,   400] loss: 0.651 accuracy:61.227
[33,   500] loss: 0.652 accuracy:61.084
[33,   600] loss: 0.652 accuracy:60.992
[33,   700] loss: 0.652 accuracy:60.978
test_accuracy is 60.880 after epochs 32

Epoch: 33
[34,   100] loss: 0.651 accuracy:61.766
[34,   200] loss: 0.651 accuracy:61.156
[34,   300] loss: 0.653 accuracy:60.807
[34,   400] loss: 0.651 accuracy:60.902
[34,   500] loss: 0.651 accuracy:61.056
[34,   600] loss: 0.650 accuracy:61.073
[34,   700] loss: 0.649 accuracy:61.154
test_accuracy is 61.450 after epochs 33

Epoch: 34
[35,   100] loss: 0.650 accuracy:61.047
[35,   200] loss: 0.646 accuracy:61.617
[35,   300] loss: 0.645 accuracy:61.797
[35,   400] loss: 0.646 accuracy:61.848
[35,   500] loss: 0.647 accuracy:61.694
[35,   600] loss: 0.647 accuracy:61.633
[35,   700] loss: 0.647 accuracy:61.647
test_accuracy is 61.220 after epochs 34

Epoch: 35
[36,   100] loss: 0.647 accuracy:61.469
[36,   200] loss: 0.645 accuracy:61.703
[36,   300] loss: 0.645 accuracy:61.854
[36,   400] loss: 0.648 accuracy:61.449
[36,   500] loss: 0.648 accuracy:61.331
[36,   600] loss: 0.648 accuracy:61.406
[36,   700] loss: 0.648 accuracy:61.444
test_accuracy is 62.040 after epochs 35
Saving..

Epoch: 36
[37,   100] loss: 0.645 accuracy:62.359
[37,   200] loss: 0.645 accuracy:61.961
[37,   300] loss: 0.644 accuracy:61.969
[37,   400] loss: 0.645 accuracy:61.883
[37,   500] loss: 0.644 accuracy:62.006
[37,   600] loss: 0.644 accuracy:62.052
[37,   700] loss: 0.644 accuracy:62.054
test_accuracy is 61.430 after epochs 36

Epoch: 37
[38,   100] loss: 0.646 accuracy:61.281
[38,   200] loss: 0.645 accuracy:61.914
[38,   300] loss: 0.643 accuracy:61.984
[38,   400] loss: 0.644 accuracy:61.797
[38,   500] loss: 0.644 accuracy:61.766
[38,   600] loss: 0.645 accuracy:61.674
[38,   700] loss: 0.645 accuracy:61.714
test_accuracy is 62.740 after epochs 37
Saving..

Epoch: 38
[39,   100] loss: 0.644 accuracy:62.328
[39,   200] loss: 0.642 accuracy:62.195
[39,   300] loss: 0.642 accuracy:62.203
[39,   400] loss: 0.643 accuracy:62.238
[39,   500] loss: 0.644 accuracy:61.909
[39,   600] loss: 0.644 accuracy:61.961
[39,   700] loss: 0.644 accuracy:61.975
test_accuracy is 63.600 after epochs 38
Saving..

Epoch: 39
[40,   100] loss: 0.651 accuracy:61.031
[40,   200] loss: 0.650 accuracy:61.234
[40,   300] loss: 0.647 accuracy:61.536
[40,   400] loss: 0.647 accuracy:61.449
[40,   500] loss: 0.648 accuracy:61.425
[40,   600] loss: 0.647 accuracy:61.474
[40,   700] loss: 0.646 accuracy:61.638
test_accuracy is 62.480 after epochs 39

Epoch: 40
[41,   100] loss: 0.648 accuracy:61.688
[41,   200] loss: 0.646 accuracy:61.711
[41,   300] loss: 0.645 accuracy:61.391
[41,   400] loss: 0.644 accuracy:61.523
[41,   500] loss: 0.645 accuracy:61.722
[41,   600] loss: 0.645 accuracy:61.628
[41,   700] loss: 0.645 accuracy:61.609
test_accuracy is 60.690 after epochs 40

Epoch: 41
[42,   100] loss: 0.645 accuracy:60.922
[42,   200] loss: 0.642 accuracy:61.414
[42,   300] loss: 0.641 accuracy:61.672
[42,   400] loss: 0.642 accuracy:61.770
[42,   500] loss: 0.643 accuracy:61.866
[42,   600] loss: 0.641 accuracy:62.161
[42,   700] loss: 0.643 accuracy:61.958
test_accuracy is 60.970 after epochs 41

Epoch: 42
[43,   100] loss: 0.638 accuracy:63.125
[43,   200] loss: 0.641 accuracy:62.539
[43,   300] loss: 0.641 accuracy:62.417
[43,   400] loss: 0.641 accuracy:62.254
[43,   500] loss: 0.641 accuracy:62.309
[43,   600] loss: 0.640 accuracy:62.438
[43,   700] loss: 0.640 accuracy:62.382
test_accuracy is 61.880 after epochs 42

Epoch: 43
[44,   100] loss: 0.642 accuracy:62.094
[44,   200] loss: 0.643 accuracy:61.758
[44,   300] loss: 0.641 accuracy:61.844
[44,   400] loss: 0.643 accuracy:61.730
[44,   500] loss: 0.642 accuracy:61.884
[44,   600] loss: 0.641 accuracy:62.146
[44,   700] loss: 0.641 accuracy:62.129
test_accuracy is 63.600 after epochs 43

Epoch: 44
[45,   100] loss: 0.629 accuracy:63.703
[45,   200] loss: 0.633 accuracy:63.430
[45,   300] loss: 0.634 accuracy:63.292
[45,   400] loss: 0.636 accuracy:63.137
[45,   500] loss: 0.637 accuracy:62.750
[45,   600] loss: 0.638 accuracy:62.682
[45,   700] loss: 0.637 accuracy:62.699
test_accuracy is 61.980 after epochs 44

Epoch: 45
[46,   100] loss: 0.640 accuracy:62.250
[46,   200] loss: 0.636 accuracy:62.984
[46,   300] loss: 0.634 accuracy:63.099
[46,   400] loss: 0.636 accuracy:62.652
[46,   500] loss: 0.637 accuracy:62.606
[46,   600] loss: 0.637 accuracy:62.536
[46,   700] loss: 0.636 accuracy:62.710
test_accuracy is 62.920 after epochs 45

Epoch: 46
[47,   100] loss: 0.637 accuracy:62.312
[47,   200] loss: 0.637 accuracy:62.500
[47,   300] loss: 0.638 accuracy:62.109
[47,   400] loss: 0.636 accuracy:62.543
[47,   500] loss: 0.636 accuracy:62.431
[47,   600] loss: 0.636 accuracy:62.492
[47,   700] loss: 0.636 accuracy:62.574
test_accuracy is 61.250 after epochs 46

Epoch: 47
[48,   100] loss: 0.635 accuracy:62.719
[48,   200] loss: 0.636 accuracy:62.711
[48,   300] loss: 0.634 accuracy:62.667
[48,   400] loss: 0.633 accuracy:62.965
[48,   500] loss: 0.634 accuracy:62.812
[48,   600] loss: 0.636 accuracy:62.714
[48,   700] loss: 0.636 accuracy:62.663
test_accuracy is 59.930 after epochs 47

Epoch: 48
[49,   100] loss: 0.637 accuracy:62.109
[49,   200] loss: 0.634 accuracy:62.828
[49,   300] loss: 0.632 accuracy:62.984
[49,   400] loss: 0.631 accuracy:63.215
[49,   500] loss: 0.630 accuracy:63.291
[49,   600] loss: 0.630 accuracy:63.214
[49,   700] loss: 0.631 accuracy:63.286
test_accuracy is 63.170 after epochs 48

Epoch: 49
[50,   100] loss: 0.634 accuracy:61.859
[50,   200] loss: 0.631 accuracy:62.898
[50,   300] loss: 0.632 accuracy:62.635
[50,   400] loss: 0.631 accuracy:62.816
[50,   500] loss: 0.629 accuracy:63.022
[50,   600] loss: 0.629 accuracy:63.068
[50,   700] loss: 0.629 accuracy:63.129
test_accuracy is 63.640 after epochs 49
Saving..

Epoch: 50
[51,   100] loss: 0.627 accuracy:63.938
[51,   200] loss: 0.626 accuracy:64.492
[51,   300] loss: 0.630 accuracy:63.865
[51,   400] loss: 0.630 accuracy:63.996
[51,   500] loss: 0.631 accuracy:63.884
[51,   600] loss: 0.630 accuracy:63.831
[51,   700] loss: 0.631 accuracy:63.759
test_accuracy is 64.450 after epochs 50
Saving..

Epoch: 51
[52,   100] loss: 0.619 accuracy:64.594
[52,   200] loss: 0.620 accuracy:64.320
[52,   300] loss: 0.623 accuracy:63.974
[52,   400] loss: 0.624 accuracy:63.918
[52,   500] loss: 0.624 accuracy:63.931
[52,   600] loss: 0.625 accuracy:63.799
[52,   700] loss: 0.625 accuracy:63.853
test_accuracy is 64.950 after epochs 51
Saving..

Epoch: 52
[53,   100] loss: 0.625 accuracy:63.578
[53,   200] loss: 0.621 accuracy:63.992
[53,   300] loss: 0.619 accuracy:64.250
[53,   400] loss: 0.620 accuracy:64.082
[53,   500] loss: 0.620 accuracy:64.269
[53,   600] loss: 0.621 accuracy:64.125
[53,   700] loss: 0.620 accuracy:64.194
test_accuracy is 64.780 after epochs 52

Epoch: 53
[54,   100] loss: 0.607 accuracy:65.312
[54,   200] loss: 0.616 accuracy:64.562
[54,   300] loss: 0.616 accuracy:64.547
[54,   400] loss: 0.618 accuracy:64.148
[54,   500] loss: 0.618 accuracy:64.316
[54,   600] loss: 0.617 accuracy:64.445
[54,   700] loss: 0.616 accuracy:64.489
test_accuracy is 65.340 after epochs 53
Saving..

Epoch: 54
[55,   100] loss: 0.613 accuracy:64.406
[55,   200] loss: 0.614 accuracy:64.414
[55,   300] loss: 0.615 accuracy:64.510
[55,   400] loss: 0.615 accuracy:64.555
[55,   500] loss: 0.616 accuracy:64.341
[55,   600] loss: 0.617 accuracy:64.417
[55,   700] loss: 0.616 accuracy:64.498
test_accuracy is 65.520 after epochs 54
Saving..

Epoch: 55
[56,   100] loss: 0.609 accuracy:65.328
[56,   200] loss: 0.609 accuracy:65.391
[56,   300] loss: 0.610 accuracy:65.359
[56,   400] loss: 0.610 accuracy:65.445
[56,   500] loss: 0.609 accuracy:65.444
[56,   600] loss: 0.608 accuracy:65.461
[56,   700] loss: 0.608 accuracy:65.393
test_accuracy is 67.440 after epochs 55
Saving..

Epoch: 56
[57,   100] loss: 0.599 accuracy:67.234
[57,   200] loss: 0.598 accuracy:67.062
[57,   300] loss: 0.597 accuracy:66.865
[57,   400] loss: 0.601 accuracy:66.406
[57,   500] loss: 0.601 accuracy:66.344
[57,   600] loss: 0.601 accuracy:66.286
[57,   700] loss: 0.600 accuracy:66.330
test_accuracy is 67.890 after epochs 56
Saving..

Epoch: 57
[58,   100] loss: 0.589 accuracy:67.031
[58,   200] loss: 0.593 accuracy:67.195
[58,   300] loss: 0.591 accuracy:67.328
[58,   400] loss: 0.590 accuracy:67.250
[58,   500] loss: 0.589 accuracy:67.372
[58,   600] loss: 0.590 accuracy:67.339
[58,   700] loss: 0.592 accuracy:67.181
test_accuracy is 67.330 after epochs 57

Epoch: 58
[59,   100] loss: 0.591 accuracy:67.141
[59,   200] loss: 0.589 accuracy:67.133
[59,   300] loss: 0.589 accuracy:67.120
[59,   400] loss: 0.594 accuracy:66.738
[59,   500] loss: 0.594 accuracy:66.897
[59,   600] loss: 0.594 accuracy:66.818
[59,   700] loss: 0.594 accuracy:66.730
test_accuracy is 65.110 after epochs 58

Epoch: 59
[60,   100] loss: 0.585 accuracy:67.938
[60,   200] loss: 0.583 accuracy:67.914
[60,   300] loss: 0.586 accuracy:67.719
[60,   400] loss: 0.582 accuracy:67.848
[60,   500] loss: 0.582 accuracy:67.878
[60,   600] loss: 0.583 accuracy:67.776
[60,   700] loss: 0.582 accuracy:67.886
test_accuracy is 68.580 after epochs 59
Saving..

Epoch: 60
[61,   100] loss: 0.577 accuracy:69.000
[61,   200] loss: 0.574 accuracy:69.141
[61,   300] loss: 0.575 accuracy:68.750
[61,   400] loss: 0.574 accuracy:68.699
[61,   500] loss: 0.581 accuracy:67.994
[61,   600] loss: 0.585 accuracy:67.562
[61,   700] loss: 0.587 accuracy:67.297
test_accuracy is 65.930 after epochs 60

Epoch: 61
[62,   100] loss: 0.594 accuracy:66.328
[62,   200] loss: 0.589 accuracy:67.273
[62,   300] loss: 0.589 accuracy:67.312
[62,   400] loss: 0.589 accuracy:67.250
[62,   500] loss: 0.586 accuracy:67.481
[62,   600] loss: 0.586 accuracy:67.604
[62,   700] loss: 0.584 accuracy:67.761
test_accuracy is 67.820 after epochs 61

Epoch: 62
[63,   100] loss: 0.584 accuracy:67.781
[63,   200] loss: 0.571 accuracy:68.797
[63,   300] loss: 0.571 accuracy:68.859
[63,   400] loss: 0.570 accuracy:68.824
[63,   500] loss: 0.570 accuracy:68.944
[63,   600] loss: 0.570 accuracy:68.870
[63,   700] loss: 0.570 accuracy:68.931
test_accuracy is 67.660 after epochs 62

Epoch: 63
[64,   100] loss: 0.572 accuracy:68.328
[64,   200] loss: 0.573 accuracy:68.195
[64,   300] loss: 0.570 accuracy:68.682
[64,   400] loss: 0.569 accuracy:68.645
[64,   500] loss: 0.563 accuracy:69.156
[64,   600] loss: 0.564 accuracy:69.081
[64,   700] loss: 0.562 accuracy:69.404
test_accuracy is 69.650 after epochs 63
Saving..

Epoch: 64
[65,   100] loss: 0.569 accuracy:68.953
[65,   200] loss: 0.549 accuracy:70.961
[65,   300] loss: 0.551 accuracy:70.901
[65,   400] loss: 0.551 accuracy:70.949
[65,   500] loss: 0.550 accuracy:70.941
[65,   600] loss: 0.548 accuracy:70.966
[65,   700] loss: 0.548 accuracy:70.942
test_accuracy is 71.060 after epochs 64
Saving..

Epoch: 65
[66,   100] loss: 0.537 accuracy:71.688
[66,   200] loss: 0.553 accuracy:70.422
[66,   300] loss: 0.549 accuracy:70.849
[66,   400] loss: 0.543 accuracy:71.422
[66,   500] loss: 0.542 accuracy:71.691
[66,   600] loss: 0.540 accuracy:71.781
[66,   700] loss: 0.539 accuracy:71.768
test_accuracy is 72.760 after epochs 65
Saving..

Epoch: 66
[67,   100] loss: 0.530 accuracy:72.250
[67,   200] loss: 0.534 accuracy:72.180
[67,   300] loss: 0.530 accuracy:72.766
[67,   400] loss: 0.528 accuracy:72.848
[67,   500] loss: 0.529 accuracy:72.644
[67,   600] loss: 0.527 accuracy:72.682
[67,   700] loss: 0.527 accuracy:72.734
test_accuracy is 72.930 after epochs 66
Saving..

Epoch: 67
[68,   100] loss: 0.533 accuracy:72.203
[68,   200] loss: 0.531 accuracy:72.531
[68,   300] loss: 0.523 accuracy:73.062
[68,   400] loss: 0.522 accuracy:73.109
[68,   500] loss: 0.520 accuracy:73.416
[68,   600] loss: 0.520 accuracy:73.440
[68,   700] loss: 0.518 accuracy:73.475
test_accuracy is 73.560 after epochs 67
Saving..

Epoch: 68
[69,   100] loss: 0.509 accuracy:73.969
[69,   200] loss: 0.505 accuracy:74.109
[69,   300] loss: 0.498 accuracy:74.766
[69,   400] loss: 0.498 accuracy:74.824
[69,   500] loss: 0.502 accuracy:74.581
[69,   600] loss: 0.501 accuracy:74.646
[69,   700] loss: 0.499 accuracy:74.759
test_accuracy is 76.400 after epochs 68
Saving..

Epoch: 69
[70,   100] loss: 0.485 accuracy:75.766
[70,   200] loss: 0.483 accuracy:75.930
[70,   300] loss: 0.481 accuracy:76.099
[70,   400] loss: 0.480 accuracy:76.176
[70,   500] loss: 0.482 accuracy:76.072
[70,   600] loss: 0.481 accuracy:76.047
[70,   700] loss: 0.481 accuracy:76.067
test_accuracy is 75.740 after epochs 69

Epoch: 70
[71,   100] loss: 0.479 accuracy:76.375
[71,   200] loss: 0.476 accuracy:76.453
[71,   300] loss: 0.478 accuracy:76.495
[71,   400] loss: 0.477 accuracy:76.488
[71,   500] loss: 0.476 accuracy:76.594
[71,   600] loss: 0.474 accuracy:76.820
[71,   700] loss: 0.470 accuracy:77.065
test_accuracy is 77.790 after epochs 70
Saving..

Epoch: 71
[72,   100] loss: 0.467 accuracy:76.781
[72,   200] loss: 0.458 accuracy:77.828
[72,   300] loss: 0.457 accuracy:77.802
[72,   400] loss: 0.453 accuracy:78.184
[72,   500] loss: 0.455 accuracy:78.059
[72,   600] loss: 0.452 accuracy:78.250
[72,   700] loss: 0.452 accuracy:78.188
test_accuracy is 80.500 after epochs 71
Saving..

Epoch: 72
[73,   100] loss: 0.447 accuracy:78.516
[73,   200] loss: 0.457 accuracy:77.594
[73,   300] loss: 0.455 accuracy:77.833
[73,   400] loss: 0.448 accuracy:78.391
[73,   500] loss: 0.446 accuracy:78.594
[73,   600] loss: 0.446 accuracy:78.570
[73,   700] loss: 0.444 accuracy:78.663
test_accuracy is 79.490 after epochs 72

Epoch: 73
[74,   100] loss: 0.438 accuracy:79.109
[74,   200] loss: 0.438 accuracy:79.289
[74,   300] loss: 0.439 accuracy:79.057
[74,   400] loss: 0.441 accuracy:78.996
[74,   500] loss: 0.442 accuracy:78.784
[74,   600] loss: 0.442 accuracy:78.844
[74,   700] loss: 0.440 accuracy:78.933
test_accuracy is 82.090 after epochs 73
Saving..

Epoch: 74
[75,   100] loss: 0.434 accuracy:79.266
[75,   200] loss: 0.434 accuracy:78.961
[75,   300] loss: 0.434 accuracy:79.094
[75,   400] loss: 0.435 accuracy:79.145
[75,   500] loss: 0.432 accuracy:79.484
[75,   600] loss: 0.433 accuracy:79.529
[75,   700] loss: 0.431 accuracy:79.663
test_accuracy is 81.240 after epochs 74

Epoch: 75
[76,   100] loss: 0.408 accuracy:81.234
[76,   200] loss: 0.410 accuracy:81.047
[76,   300] loss: 0.415 accuracy:80.885
[76,   400] loss: 0.411 accuracy:81.008
[76,   500] loss: 0.411 accuracy:81.059
[76,   600] loss: 0.410 accuracy:81.161
[76,   700] loss: 0.421 accuracy:80.487
test_accuracy is 77.910 after epochs 75

Epoch: 76
[77,   100] loss: 0.411 accuracy:80.797
[77,   200] loss: 0.416 accuracy:80.562
[77,   300] loss: 0.410 accuracy:80.917
[77,   400] loss: 0.408 accuracy:81.129
[77,   500] loss: 0.407 accuracy:81.166
[77,   600] loss: 0.408 accuracy:81.148
[77,   700] loss: 0.407 accuracy:81.179
test_accuracy is 82.880 after epochs 76
Saving..

Epoch: 77
[78,   100] loss: 0.408 accuracy:81.047
[78,   200] loss: 0.405 accuracy:81.266
[78,   300] loss: 0.405 accuracy:81.432
[78,   400] loss: 0.404 accuracy:81.484
[78,   500] loss: 0.407 accuracy:81.231
[78,   600] loss: 0.409 accuracy:81.026
[78,   700] loss: 0.407 accuracy:81.163
test_accuracy is 79.750 after epochs 77

Epoch: 78
[79,   100] loss: 0.412 accuracy:81.109
[79,   200] loss: 0.405 accuracy:81.305
[79,   300] loss: 0.401 accuracy:81.469
[79,   400] loss: 0.402 accuracy:81.398
[79,   500] loss: 0.403 accuracy:81.334
[79,   600] loss: 0.403 accuracy:81.432
[79,   700] loss: 0.401 accuracy:81.489
test_accuracy is 83.280 after epochs 78
Saving..

Epoch: 79
[80,   100] loss: 0.388 accuracy:82.797
[80,   200] loss: 0.394 accuracy:82.164
[80,   300] loss: 0.399 accuracy:82.047
[80,   400] loss: 0.397 accuracy:82.141
[80,   500] loss: 0.399 accuracy:81.919
[80,   600] loss: 0.397 accuracy:82.083
[80,   700] loss: 0.395 accuracy:82.154
test_accuracy is 83.870 after epochs 79
Saving..

Epoch: 80
[81,   100] loss: 0.386 accuracy:82.922
[81,   200] loss: 0.389 accuracy:82.562
[81,   300] loss: 0.392 accuracy:82.271
[81,   400] loss: 0.390 accuracy:82.305
[81,   500] loss: 0.390 accuracy:82.394
[81,   600] loss: 0.390 accuracy:82.396
[81,   700] loss: 0.394 accuracy:82.212
test_accuracy is 82.800 after epochs 80

Epoch: 81
[82,   100] loss: 0.389 accuracy:82.328
[82,   200] loss: 0.391 accuracy:82.031
[82,   300] loss: 0.385 accuracy:82.406
[82,   400] loss: 0.386 accuracy:82.387
[82,   500] loss: 0.382 accuracy:82.666
[82,   600] loss: 0.381 accuracy:82.727
[82,   700] loss: 0.380 accuracy:82.868
test_accuracy is 84.360 after epochs 81
Saving..

Epoch: 82
[83,   100] loss: 0.375 accuracy:83.641
[83,   200] loss: 0.380 accuracy:83.297
[83,   300] loss: 0.373 accuracy:83.505
[83,   400] loss: 0.371 accuracy:83.707
[83,   500] loss: 0.370 accuracy:83.681
[83,   600] loss: 0.372 accuracy:83.555
[83,   700] loss: 0.371 accuracy:83.654
test_accuracy is 85.050 after epochs 82
Saving..

Epoch: 83
[84,   100] loss: 0.380 accuracy:82.969
[84,   200] loss: 0.371 accuracy:83.664
[84,   300] loss: 0.372 accuracy:83.812
[84,   400] loss: 0.372 accuracy:83.594
[84,   500] loss: 0.374 accuracy:83.472
[84,   600] loss: 0.372 accuracy:83.443
[84,   700] loss: 0.373 accuracy:83.415
test_accuracy is 84.980 after epochs 83

Epoch: 84
[85,   100] loss: 0.353 accuracy:84.250
[85,   200] loss: 0.353 accuracy:84.523
[85,   300] loss: 0.352 accuracy:84.724
[85,   400] loss: 0.349 accuracy:84.957
[85,   500] loss: 0.353 accuracy:84.638
[85,   600] loss: 0.350 accuracy:84.859
[85,   700] loss: 0.351 accuracy:84.797
test_accuracy is 85.650 after epochs 84
Saving..

Epoch: 85
[86,   100] loss: 0.352 accuracy:84.812
[86,   200] loss: 0.347 accuracy:85.102
[86,   300] loss: 0.344 accuracy:85.318
[86,   400] loss: 0.348 accuracy:85.184
[86,   500] loss: 0.351 accuracy:84.925
[86,   600] loss: 0.350 accuracy:85.003
[86,   700] loss: 0.352 accuracy:84.955
test_accuracy is 85.520 after epochs 85

Epoch: 86
[87,   100] loss: 0.362 accuracy:84.844
[87,   200] loss: 0.361 accuracy:84.844
[87,   300] loss: 0.358 accuracy:84.844
[87,   400] loss: 0.353 accuracy:84.969
[87,   500] loss: 0.351 accuracy:84.984
[87,   600] loss: 0.347 accuracy:85.130
[87,   700] loss: 0.348 accuracy:85.116
test_accuracy is 85.150 after epochs 86

Epoch: 87
[88,   100] loss: 0.333 accuracy:85.781
[88,   200] loss: 0.335 accuracy:85.742
[88,   300] loss: 0.336 accuracy:85.656
[88,   400] loss: 0.338 accuracy:85.543
[88,   500] loss: 0.334 accuracy:85.728
[88,   600] loss: 0.335 accuracy:85.789
[88,   700] loss: 0.332 accuracy:85.853
test_accuracy is 86.460 after epochs 87
Saving..

Epoch: 88
[89,   100] loss: 0.329 accuracy:85.875
[89,   200] loss: 0.330 accuracy:85.961
[89,   300] loss: 0.329 accuracy:86.052
[89,   400] loss: 0.328 accuracy:86.191
[89,   500] loss: 0.329 accuracy:86.150
[89,   600] loss: 0.333 accuracy:85.878
[89,   700] loss: 0.333 accuracy:85.906
test_accuracy is 85.300 after epochs 88

Epoch: 89
[90,   100] loss: 0.322 accuracy:86.719
[90,   200] loss: 0.330 accuracy:86.289
[90,   300] loss: 0.333 accuracy:85.964
[90,   400] loss: 0.342 accuracy:85.480
[90,   500] loss: 0.338 accuracy:85.603
[90,   600] loss: 0.337 accuracy:85.633
[90,   700] loss: 0.337 accuracy:85.542
test_accuracy is 87.220 after epochs 89
Saving..

Epoch: 90
[91,   100] loss: 0.321 accuracy:86.250
[91,   200] loss: 0.329 accuracy:85.922
[91,   300] loss: 0.324 accuracy:86.214
[91,   400] loss: 0.336 accuracy:85.715
[91,   500] loss: 0.332 accuracy:85.875
[91,   600] loss: 0.331 accuracy:85.932
[91,   700] loss: 0.329 accuracy:86.049
test_accuracy is 85.880 after epochs 90

Epoch: 91
[92,   100] loss: 0.327 accuracy:86.234
[92,   200] loss: 0.319 accuracy:86.648
[92,   300] loss: 0.320 accuracy:86.604
[92,   400] loss: 0.322 accuracy:86.484
[92,   500] loss: 0.324 accuracy:86.372
[92,   600] loss: 0.325 accuracy:86.229
[92,   700] loss: 0.325 accuracy:86.230
test_accuracy is 87.010 after epochs 91

Epoch: 92
[93,   100] loss: 0.313 accuracy:86.812
[93,   200] loss: 0.320 accuracy:86.453
[93,   300] loss: 0.318 accuracy:86.464
[93,   400] loss: 0.317 accuracy:86.539
[93,   500] loss: 0.314 accuracy:86.716
[93,   600] loss: 0.313 accuracy:86.852
[93,   700] loss: 0.312 accuracy:86.846
test_accuracy is 86.130 after epochs 92

Epoch: 93
[94,   100] loss: 0.337 accuracy:85.781
[94,   200] loss: 0.333 accuracy:85.688
[94,   300] loss: 0.327 accuracy:86.000
[94,   400] loss: 0.326 accuracy:86.062
[94,   500] loss: 0.324 accuracy:86.144
[94,   600] loss: 0.320 accuracy:86.406
[94,   700] loss: 0.321 accuracy:86.384
test_accuracy is 88.010 after epochs 93
Saving..

Epoch: 94
[95,   100] loss: 0.297 accuracy:88.234
[95,   200] loss: 0.301 accuracy:87.820
[95,   300] loss: 0.302 accuracy:87.490
[95,   400] loss: 0.301 accuracy:87.523
[95,   500] loss: 0.302 accuracy:87.438
[95,   600] loss: 0.302 accuracy:87.495
[95,   700] loss: 0.301 accuracy:87.529
test_accuracy is 89.290 after epochs 94
Saving..

Epoch: 95
[96,   100] loss: 0.307 accuracy:87.312
[96,   200] loss: 0.306 accuracy:87.391
[96,   300] loss: 0.305 accuracy:87.328
[96,   400] loss: 0.308 accuracy:87.402
[96,   500] loss: 0.306 accuracy:87.463
[96,   600] loss: 0.303 accuracy:87.542
[96,   700] loss: 0.300 accuracy:87.645
test_accuracy is 88.470 after epochs 95

Epoch: 96
[97,   100] loss: 0.284 accuracy:88.672
[97,   200] loss: 0.291 accuracy:88.117
[97,   300] loss: 0.291 accuracy:88.125
[97,   400] loss: 0.292 accuracy:88.125
[97,   500] loss: 0.294 accuracy:88.003
[97,   600] loss: 0.294 accuracy:87.977
[97,   700] loss: 0.293 accuracy:88.022
test_accuracy is 88.690 after epochs 96

Epoch: 97
[98,   100] loss: 0.294 accuracy:87.969
[98,   200] loss: 0.287 accuracy:88.117
[98,   300] loss: 0.291 accuracy:87.906
[98,   400] loss: 0.293 accuracy:87.980
[98,   500] loss: 0.292 accuracy:88.022
[98,   600] loss: 0.288 accuracy:88.193
[98,   700] loss: 0.288 accuracy:88.252
test_accuracy is 90.230 after epochs 97
Saving..

Epoch: 98
[99,   100] loss: 0.265 accuracy:89.484
[99,   200] loss: 0.273 accuracy:89.062
[99,   300] loss: 0.276 accuracy:88.802
[99,   400] loss: 0.278 accuracy:88.711
[99,   500] loss: 0.276 accuracy:88.766
[99,   600] loss: 0.278 accuracy:88.753
[99,   700] loss: 0.277 accuracy:88.786
test_accuracy is 90.100 after epochs 98

Epoch: 99
[100,   100] loss: 0.255 accuracy:89.891
[100,   200] loss: 0.266 accuracy:89.312
[100,   300] loss: 0.270 accuracy:89.073
[100,   400] loss: 0.272 accuracy:89.066
[100,   500] loss: 0.269 accuracy:89.219
[100,   600] loss: 0.269 accuracy:89.216
[100,   700] loss: 0.273 accuracy:89.042
test_accuracy is 89.690 after epochs 99

Epoch: 100
[101,   100] loss: 0.269 accuracy:89.547
[101,   200] loss: 0.264 accuracy:89.844
[101,   300] loss: 0.264 accuracy:89.854
[101,   400] loss: 0.271 accuracy:89.516
[101,   500] loss: 0.268 accuracy:89.600
[101,   600] loss: 0.269 accuracy:89.536
[101,   700] loss: 0.269 accuracy:89.417
test_accuracy is 89.580 after epochs 100

Epoch: 101
[102,   100] loss: 0.281 accuracy:88.969
[102,   200] loss: 0.269 accuracy:89.258
[102,   300] loss: 0.270 accuracy:89.266
[102,   400] loss: 0.272 accuracy:89.090
[102,   500] loss: 0.273 accuracy:89.059
[102,   600] loss: 0.271 accuracy:89.227
[102,   700] loss: 0.268 accuracy:89.382
test_accuracy is 89.000 after epochs 101

Epoch: 102
[103,   100] loss: 0.277 accuracy:89.172
[103,   200] loss: 0.280 accuracy:89.086
[103,   300] loss: 0.280 accuracy:88.990
[103,   400] loss: 0.277 accuracy:89.109
[103,   500] loss: 0.277 accuracy:89.078
[103,   600] loss: 0.276 accuracy:89.052
[103,   700] loss: 0.275 accuracy:89.085
test_accuracy is 87.710 after epochs 102

Epoch: 103
[104,   100] loss: 0.262 accuracy:89.594
[104,   200] loss: 0.264 accuracy:89.656
[104,   300] loss: 0.266 accuracy:89.396
[104,   400] loss: 0.266 accuracy:89.418
[104,   500] loss: 0.272 accuracy:89.213
[104,   600] loss: 0.272 accuracy:89.219
[104,   700] loss: 0.274 accuracy:89.132
test_accuracy is 89.610 after epochs 103

Epoch: 104
[105,   100] loss: 0.287 accuracy:88.078
[105,   200] loss: 0.284 accuracy:88.258
[105,   300] loss: 0.281 accuracy:88.526
[105,   400] loss: 0.279 accuracy:88.617
[105,   500] loss: 0.276 accuracy:88.772
[105,   600] loss: 0.276 accuracy:88.859
[105,   700] loss: 0.274 accuracy:88.942
test_accuracy is 90.380 after epochs 104
Saving..

Epoch: 105
[106,   100] loss: 0.266 accuracy:89.125
[106,   200] loss: 0.270 accuracy:89.055
[106,   300] loss: 0.262 accuracy:89.453
[106,   400] loss: 0.262 accuracy:89.504
[106,   500] loss: 0.264 accuracy:89.463
[106,   600] loss: 0.263 accuracy:89.492
[106,   700] loss: 0.264 accuracy:89.446
test_accuracy is 90.330 after epochs 105

Epoch: 106
[107,   100] loss: 0.269 accuracy:89.141
[107,   200] loss: 0.273 accuracy:88.867
[107,   300] loss: 0.269 accuracy:89.188
[107,   400] loss: 0.271 accuracy:89.086
[107,   500] loss: 0.270 accuracy:89.244
[107,   600] loss: 0.270 accuracy:89.273
[107,   700] loss: 0.268 accuracy:89.373
test_accuracy is 87.720 after epochs 106

Epoch: 107
[108,   100] loss: 0.271 accuracy:89.188
[108,   200] loss: 0.266 accuracy:89.477
[108,   300] loss: 0.265 accuracy:89.531
[108,   400] loss: 0.268 accuracy:89.516
[108,   500] loss: 0.265 accuracy:89.588
[108,   600] loss: 0.267 accuracy:89.529
[108,   700] loss: 0.272 accuracy:89.192
test_accuracy is 90.110 after epochs 107

Epoch: 108
[109,   100] loss: 0.259 accuracy:89.719
[109,   200] loss: 0.259 accuracy:89.742
[109,   300] loss: 0.259 accuracy:89.771
[109,   400] loss: 0.260 accuracy:89.719
[109,   500] loss: 0.257 accuracy:89.838
[109,   600] loss: 0.257 accuracy:89.883
[109,   700] loss: 0.257 accuracy:89.944
test_accuracy is 90.070 after epochs 108

Epoch: 109
[110,   100] loss: 0.249 accuracy:90.219
[110,   200] loss: 0.255 accuracy:90.008
[110,   300] loss: 0.254 accuracy:90.052
[110,   400] loss: 0.255 accuracy:90.043
[110,   500] loss: 0.257 accuracy:89.966
[110,   600] loss: 0.258 accuracy:89.883
[110,   700] loss: 0.257 accuracy:89.906
test_accuracy is 90.340 after epochs 109

Epoch: 110
[111,   100] loss: 0.263 accuracy:89.672
[111,   200] loss: 0.255 accuracy:89.844
[111,   300] loss: 0.255 accuracy:90.005
[111,   400] loss: 0.258 accuracy:89.914
[111,   500] loss: 0.260 accuracy:89.800
[111,   600] loss: 0.259 accuracy:89.815
[111,   700] loss: 0.259 accuracy:89.801
test_accuracy is 90.670 after epochs 110
Saving..

Epoch: 111
[112,   100] loss: 0.240 accuracy:90.531
[112,   200] loss: 0.250 accuracy:89.898
[112,   300] loss: 0.242 accuracy:90.359
[112,   400] loss: 0.242 accuracy:90.465
[112,   500] loss: 0.241 accuracy:90.537
[112,   600] loss: 0.244 accuracy:90.461
[112,   700] loss: 0.244 accuracy:90.460
test_accuracy is 91.480 after epochs 111
Saving..

Epoch: 112
[113,   100] loss: 0.246 accuracy:90.234
[113,   200] loss: 0.247 accuracy:90.297
[113,   300] loss: 0.248 accuracy:90.271
[113,   400] loss: 0.244 accuracy:90.422
[113,   500] loss: 0.250 accuracy:90.128
[113,   600] loss: 0.251 accuracy:90.031
[113,   700] loss: 0.250 accuracy:90.118
test_accuracy is 90.720 after epochs 112

Epoch: 113
[114,   100] loss: 0.245 accuracy:90.469
[114,   200] loss: 0.247 accuracy:90.383
[114,   300] loss: 0.249 accuracy:90.344
[114,   400] loss: 0.253 accuracy:90.078
[114,   500] loss: 0.252 accuracy:90.131
[114,   600] loss: 0.253 accuracy:90.091
[114,   700] loss: 0.251 accuracy:90.185
test_accuracy is 91.060 after epochs 113

Epoch: 114
[115,   100] loss: 0.242 accuracy:90.844
[115,   200] loss: 0.236 accuracy:91.031
[115,   300] loss: 0.237 accuracy:90.948
[115,   400] loss: 0.236 accuracy:90.969
[115,   500] loss: 0.237 accuracy:90.919
[115,   600] loss: 0.237 accuracy:90.909
[115,   700] loss: 0.237 accuracy:90.926
test_accuracy is 91.840 after epochs 114
Saving..

Epoch: 115
[116,   100] loss: 0.252 accuracy:90.516
[116,   200] loss: 0.244 accuracy:90.992
[116,   300] loss: 0.241 accuracy:91.109
[116,   400] loss: 0.244 accuracy:90.781
[116,   500] loss: 0.243 accuracy:90.706
[116,   600] loss: 0.243 accuracy:90.716
[116,   700] loss: 0.242 accuracy:90.705
test_accuracy is 91.640 after epochs 115

Epoch: 116
[117,   100] loss: 0.238 accuracy:91.203
[117,   200] loss: 0.234 accuracy:91.234
[117,   300] loss: 0.234 accuracy:91.208
[117,   400] loss: 0.235 accuracy:91.082
[117,   500] loss: 0.237 accuracy:90.931
[117,   600] loss: 0.238 accuracy:90.880
[117,   700] loss: 0.237 accuracy:90.917
test_accuracy is 91.070 after epochs 116

Epoch: 117
[118,   100] loss: 0.229 accuracy:91.297
[118,   200] loss: 0.238 accuracy:91.078
[118,   300] loss: 0.237 accuracy:91.115
[118,   400] loss: 0.236 accuracy:91.035
[118,   500] loss: 0.235 accuracy:91.100
[118,   600] loss: 0.235 accuracy:91.081
[118,   700] loss: 0.235 accuracy:90.998
test_accuracy is 91.740 after epochs 117

Epoch: 118
[119,   100] loss: 0.233 accuracy:90.953
[119,   200] loss: 0.232 accuracy:91.047
[119,   300] loss: 0.228 accuracy:91.302
[119,   400] loss: 0.231 accuracy:91.133
[119,   500] loss: 0.233 accuracy:91.041
[119,   600] loss: 0.232 accuracy:91.034
[119,   700] loss: 0.231 accuracy:91.083
test_accuracy is 91.650 after epochs 118

Epoch: 119
[120,   100] loss: 0.225 accuracy:91.266
[120,   200] loss: 0.223 accuracy:91.500
[120,   300] loss: 0.230 accuracy:91.188
[120,   400] loss: 0.229 accuracy:91.191
[120,   500] loss: 0.232 accuracy:91.100
[120,   600] loss: 0.233 accuracy:91.062
[120,   700] loss: 0.234 accuracy:91.085
test_accuracy is 90.360 after epochs 119

Epoch: 120
[121,   100] loss: 0.232 accuracy:91.328
[121,   200] loss: 0.226 accuracy:91.602
[121,   300] loss: 0.229 accuracy:91.547
[121,   400] loss: 0.228 accuracy:91.582
[121,   500] loss: 0.231 accuracy:91.416
[121,   600] loss: 0.232 accuracy:91.305
[121,   700] loss: 0.232 accuracy:91.324
test_accuracy is 91.900 after epochs 120
Saving..

Epoch: 121
[122,   100] loss: 0.228 accuracy:91.656
[122,   200] loss: 0.221 accuracy:91.609
[122,   300] loss: 0.220 accuracy:91.703
[122,   400] loss: 0.222 accuracy:91.629
[122,   500] loss: 0.222 accuracy:91.659
[122,   600] loss: 0.223 accuracy:91.552
[122,   700] loss: 0.223 accuracy:91.527
test_accuracy is 92.590 after epochs 121
Saving..

Epoch: 122
[123,   100] loss: 0.224 accuracy:91.703
[123,   200] loss: 0.227 accuracy:91.477
[123,   300] loss: 0.224 accuracy:91.557
[123,   400] loss: 0.223 accuracy:91.586
[123,   500] loss: 0.224 accuracy:91.487
[123,   600] loss: 0.223 accuracy:91.589
[123,   700] loss: 0.221 accuracy:91.603
test_accuracy is 91.720 after epochs 122

Epoch: 123
[124,   100] loss: 0.220 accuracy:92.109
[124,   200] loss: 0.215 accuracy:91.977
[124,   300] loss: 0.219 accuracy:91.760
[124,   400] loss: 0.218 accuracy:91.777
[124,   500] loss: 0.219 accuracy:91.772
[124,   600] loss: 0.221 accuracy:91.698
[124,   700] loss: 0.219 accuracy:91.828
test_accuracy is 92.190 after epochs 123

Epoch: 124
[125,   100] loss: 0.219 accuracy:91.797
[125,   200] loss: 0.215 accuracy:92.086
[125,   300] loss: 0.215 accuracy:91.958
[125,   400] loss: 0.216 accuracy:91.914
[125,   500] loss: 0.217 accuracy:91.884
[125,   600] loss: 0.217 accuracy:91.878
[125,   700] loss: 0.218 accuracy:91.857
test_accuracy is 92.140 after epochs 124

Epoch: 125
[126,   100] loss: 0.235 accuracy:90.625
[126,   200] loss: 0.225 accuracy:91.375
[126,   300] loss: 0.227 accuracy:91.318
[126,   400] loss: 0.227 accuracy:91.301
[126,   500] loss: 0.224 accuracy:91.450
[126,   600] loss: 0.222 accuracy:91.578
[126,   700] loss: 0.222 accuracy:91.578
test_accuracy is 92.370 after epochs 125

Epoch: 126
[127,   100] loss: 0.228 accuracy:91.062
[127,   200] loss: 0.222 accuracy:91.234
[127,   300] loss: 0.216 accuracy:91.578
[127,   400] loss: 0.214 accuracy:91.707
[127,   500] loss: 0.213 accuracy:91.812
[127,   600] loss: 0.213 accuracy:91.885
[127,   700] loss: 0.213 accuracy:91.924
test_accuracy is 92.520 after epochs 126

Epoch: 127
[128,   100] loss: 0.211 accuracy:92.031
[128,   200] loss: 0.213 accuracy:92.047
[128,   300] loss: 0.211 accuracy:92.260
[128,   400] loss: 0.213 accuracy:92.152
[128,   500] loss: 0.213 accuracy:92.138
[128,   600] loss: 0.212 accuracy:92.221
[128,   700] loss: 0.212 accuracy:92.286
test_accuracy is 92.530 after epochs 127

Epoch: 128
[129,   100] loss: 0.211 accuracy:92.094
[129,   200] loss: 0.214 accuracy:91.773
[129,   300] loss: 0.214 accuracy:91.740
[129,   400] loss: 0.216 accuracy:91.773
[129,   500] loss: 0.214 accuracy:91.872
[129,   600] loss: 0.212 accuracy:91.958
[129,   700] loss: 0.211 accuracy:92.038
test_accuracy is 92.300 after epochs 128

Epoch: 129
[130,   100] loss: 0.215 accuracy:92.016
[130,   200] loss: 0.212 accuracy:92.109
[130,   300] loss: 0.214 accuracy:91.958
[130,   400] loss: 0.215 accuracy:91.945
[130,   500] loss: 0.215 accuracy:91.959
[130,   600] loss: 0.214 accuracy:92.000
[130,   700] loss: 0.214 accuracy:92.018
test_accuracy is 92.790 after epochs 129
Saving..

Epoch: 130
[131,   100] loss: 0.207 accuracy:92.562
[131,   200] loss: 0.210 accuracy:92.398
[131,   300] loss: 0.213 accuracy:92.182
[131,   400] loss: 0.214 accuracy:92.035
[131,   500] loss: 0.212 accuracy:92.122
[131,   600] loss: 0.210 accuracy:92.211
[131,   700] loss: 0.210 accuracy:92.163
test_accuracy is 92.810 after epochs 130
Saving..

Epoch: 131
[132,   100] loss: 0.212 accuracy:91.906
[132,   200] loss: 0.212 accuracy:91.945
[132,   300] loss: 0.215 accuracy:91.885
[132,   400] loss: 0.212 accuracy:91.977
[132,   500] loss: 0.210 accuracy:92.044
[132,   600] loss: 0.212 accuracy:92.000
[132,   700] loss: 0.209 accuracy:92.098
test_accuracy is 91.970 after epochs 131

Epoch: 132
[133,   100] loss: 0.210 accuracy:92.031
[133,   200] loss: 0.203 accuracy:92.422
[133,   300] loss: 0.204 accuracy:92.307
[133,   400] loss: 0.205 accuracy:92.223
[133,   500] loss: 0.203 accuracy:92.416
[133,   600] loss: 0.203 accuracy:92.362
[133,   700] loss: 0.202 accuracy:92.464
test_accuracy is 92.710 after epochs 132

Epoch: 133
[134,   100] loss: 0.202 accuracy:92.609
[134,   200] loss: 0.195 accuracy:92.773
[134,   300] loss: 0.198 accuracy:92.620
[134,   400] loss: 0.199 accuracy:92.668
[134,   500] loss: 0.201 accuracy:92.622
[134,   600] loss: 0.204 accuracy:92.513
[134,   700] loss: 0.204 accuracy:92.449
test_accuracy is 92.690 after epochs 133

Epoch: 134
[135,   100] loss: 0.203 accuracy:92.609
[135,   200] loss: 0.207 accuracy:92.414
[135,   300] loss: 0.200 accuracy:92.688
[135,   400] loss: 0.200 accuracy:92.660
[135,   500] loss: 0.199 accuracy:92.666
[135,   600] loss: 0.200 accuracy:92.578
[135,   700] loss: 0.202 accuracy:92.489
test_accuracy is 92.990 after epochs 134
Saving..

Epoch: 135
[136,   100] loss: 0.204 accuracy:92.438
[136,   200] loss: 0.201 accuracy:92.625
[136,   300] loss: 0.200 accuracy:92.500
[136,   400] loss: 0.202 accuracy:92.379
[136,   500] loss: 0.201 accuracy:92.516
[136,   600] loss: 0.202 accuracy:92.497
[136,   700] loss: 0.201 accuracy:92.484
test_accuracy is 92.490 after epochs 135

Epoch: 136
[137,   100] loss: 0.196 accuracy:92.938
[137,   200] loss: 0.200 accuracy:92.680
[137,   300] loss: 0.204 accuracy:92.526
[137,   400] loss: 0.201 accuracy:92.637
[137,   500] loss: 0.200 accuracy:92.725
[137,   600] loss: 0.197 accuracy:92.815
[137,   700] loss: 0.196 accuracy:92.862
test_accuracy is 93.160 after epochs 136
Saving..

Epoch: 137
[138,   100] loss: 0.206 accuracy:92.438
[138,   200] loss: 0.205 accuracy:92.477
[138,   300] loss: 0.201 accuracy:92.693
[138,   400] loss: 0.198 accuracy:92.727
[138,   500] loss: 0.197 accuracy:92.709
[138,   600] loss: 0.197 accuracy:92.688
[138,   700] loss: 0.197 accuracy:92.663
test_accuracy is 92.950 after epochs 137

Epoch: 138
[139,   100] loss: 0.204 accuracy:92.375
[139,   200] loss: 0.192 accuracy:92.945
[139,   300] loss: 0.191 accuracy:93.031
[139,   400] loss: 0.191 accuracy:93.090
[139,   500] loss: 0.191 accuracy:93.084
[139,   600] loss: 0.192 accuracy:93.062
[139,   700] loss: 0.193 accuracy:93.036
test_accuracy is 92.830 after epochs 138

Epoch: 139
[140,   100] loss: 0.202 accuracy:92.547
[140,   200] loss: 0.195 accuracy:92.789
[140,   300] loss: 0.193 accuracy:92.875
[140,   400] loss: 0.195 accuracy:92.781
[140,   500] loss: 0.195 accuracy:92.756
[140,   600] loss: 0.196 accuracy:92.745
[140,   700] loss: 0.196 accuracy:92.761
test_accuracy is 93.220 after epochs 139
Saving..

Epoch: 140
[141,   100] loss: 0.187 accuracy:93.125
[141,   200] loss: 0.191 accuracy:92.891
[141,   300] loss: 0.194 accuracy:92.719
[141,   400] loss: 0.194 accuracy:92.836
[141,   500] loss: 0.194 accuracy:92.884
[141,   600] loss: 0.195 accuracy:92.862
[141,   700] loss: 0.194 accuracy:92.882
test_accuracy is 93.540 after epochs 140
Saving..

Epoch: 141
[142,   100] loss: 0.195 accuracy:92.875
[142,   200] loss: 0.194 accuracy:92.992
[142,   300] loss: 0.199 accuracy:92.812
[142,   400] loss: 0.200 accuracy:92.691
[142,   500] loss: 0.199 accuracy:92.781
[142,   600] loss: 0.197 accuracy:92.807
[142,   700] loss: 0.195 accuracy:92.951
test_accuracy is 93.410 after epochs 141

Epoch: 142
[143,   100] loss: 0.188 accuracy:93.453
[143,   200] loss: 0.185 accuracy:93.258
[143,   300] loss: 0.188 accuracy:93.229
[143,   400] loss: 0.188 accuracy:93.168
[143,   500] loss: 0.189 accuracy:93.194
[143,   600] loss: 0.188 accuracy:93.203
[143,   700] loss: 0.187 accuracy:93.210
test_accuracy is 93.610 after epochs 142
Saving..

Epoch: 143
[144,   100] loss: 0.193 accuracy:92.906
[144,   200] loss: 0.185 accuracy:93.242
[144,   300] loss: 0.191 accuracy:93.094
[144,   400] loss: 0.190 accuracy:93.191
[144,   500] loss: 0.189 accuracy:93.253
[144,   600] loss: 0.187 accuracy:93.312
[144,   700] loss: 0.187 accuracy:93.321
test_accuracy is 93.680 after epochs 143
Saving..

Epoch: 144
[145,   100] loss: 0.180 accuracy:93.703
[145,   200] loss: 0.181 accuracy:93.578
[145,   300] loss: 0.183 accuracy:93.391
[145,   400] loss: 0.183 accuracy:93.363
[145,   500] loss: 0.185 accuracy:93.312
[145,   600] loss: 0.185 accuracy:93.255
[145,   700] loss: 0.187 accuracy:93.158
test_accuracy is 93.930 after epochs 144
Saving..

Epoch: 145
[146,   100] loss: 0.184 accuracy:93.344
[146,   200] loss: 0.179 accuracy:93.562
[146,   300] loss: 0.181 accuracy:93.411
[146,   400] loss: 0.184 accuracy:93.324
[146,   500] loss: 0.184 accuracy:93.375
[146,   600] loss: 0.182 accuracy:93.479
[146,   700] loss: 0.181 accuracy:93.549
test_accuracy is 94.220 after epochs 145
Saving..

Epoch: 146
[147,   100] loss: 0.195 accuracy:92.938
[147,   200] loss: 0.192 accuracy:92.977
[147,   300] loss: 0.190 accuracy:93.031
[147,   400] loss: 0.188 accuracy:93.227
[147,   500] loss: 0.188 accuracy:93.231
[147,   600] loss: 0.186 accuracy:93.305
[147,   700] loss: 0.185 accuracy:93.328
test_accuracy is 93.530 after epochs 146

Epoch: 147
[148,   100] loss: 0.187 accuracy:93.391
[148,   200] loss: 0.191 accuracy:93.117
[148,   300] loss: 0.187 accuracy:93.307
[148,   400] loss: 0.184 accuracy:93.430
[148,   500] loss: 0.184 accuracy:93.453
[148,   600] loss: 0.186 accuracy:93.331
[148,   700] loss: 0.186 accuracy:93.350
test_accuracy is 93.990 after epochs 147

Epoch: 148
[149,   100] loss: 0.191 accuracy:93.078
[149,   200] loss: 0.184 accuracy:93.344
[149,   300] loss: 0.188 accuracy:93.182
[149,   400] loss: 0.185 accuracy:93.375
[149,   500] loss: 0.183 accuracy:93.403
[149,   600] loss: 0.183 accuracy:93.391
[149,   700] loss: 0.182 accuracy:93.400
test_accuracy is 93.890 after epochs 148

Epoch: 149
[150,   100] loss: 0.176 accuracy:93.531
[150,   200] loss: 0.179 accuracy:93.445
[150,   300] loss: 0.179 accuracy:93.521
[150,   400] loss: 0.181 accuracy:93.422
[150,   500] loss: 0.183 accuracy:93.425
[150,   600] loss: 0.181 accuracy:93.508
[150,   700] loss: 0.180 accuracy:93.520
test_accuracy is 93.950 after epochs 149

Epoch: 150
[151,   100] loss: 0.183 accuracy:93.312
[151,   200] loss: 0.185 accuracy:93.297
[151,   300] loss: 0.188 accuracy:93.146
[151,   400] loss: 0.185 accuracy:93.293
[151,   500] loss: 0.185 accuracy:93.334
[151,   600] loss: 0.184 accuracy:93.401
[151,   700] loss: 0.183 accuracy:93.422
test_accuracy is 93.870 after epochs 150

Epoch: 151
[152,   100] loss: 0.174 accuracy:93.688
[152,   200] loss: 0.178 accuracy:93.516
[152,   300] loss: 0.177 accuracy:93.589
[152,   400] loss: 0.177 accuracy:93.676
[152,   500] loss: 0.179 accuracy:93.541
[152,   600] loss: 0.179 accuracy:93.555
[152,   700] loss: 0.178 accuracy:93.540
test_accuracy is 93.180 after epochs 151

Epoch: 152
[153,   100] loss: 0.178 accuracy:93.484
[153,   200] loss: 0.186 accuracy:93.109
[153,   300] loss: 0.186 accuracy:93.203
[153,   400] loss: 0.180 accuracy:93.422
[153,   500] loss: 0.181 accuracy:93.472
[153,   600] loss: 0.180 accuracy:93.521
[153,   700] loss: 0.180 accuracy:93.467
test_accuracy is 93.860 after epochs 152

Epoch: 153
[154,   100] loss: 0.175 accuracy:93.469
[154,   200] loss: 0.173 accuracy:93.648
[154,   300] loss: 0.174 accuracy:93.776
[154,   400] loss: 0.176 accuracy:93.711
[154,   500] loss: 0.178 accuracy:93.566
[154,   600] loss: 0.179 accuracy:93.578
[154,   700] loss: 0.178 accuracy:93.605
test_accuracy is 93.750 after epochs 153

Epoch: 154
[155,   100] loss: 0.172 accuracy:93.984
[155,   200] loss: 0.174 accuracy:93.797
[155,   300] loss: 0.173 accuracy:93.854
[155,   400] loss: 0.175 accuracy:93.785
[155,   500] loss: 0.173 accuracy:93.834
[155,   600] loss: 0.174 accuracy:93.878
[155,   700] loss: 0.173 accuracy:93.864
test_accuracy is 94.190 after epochs 154

Epoch: 155
[156,   100] loss: 0.179 accuracy:93.516
[156,   200] loss: 0.176 accuracy:93.656
[156,   300] loss: 0.178 accuracy:93.531
[156,   400] loss: 0.179 accuracy:93.512
[156,   500] loss: 0.178 accuracy:93.534
[156,   600] loss: 0.178 accuracy:93.516
[156,   700] loss: 0.178 accuracy:93.560
test_accuracy is 93.850 after epochs 155

Epoch: 156
[157,   100] loss: 0.167 accuracy:93.906
[157,   200] loss: 0.173 accuracy:93.703
[157,   300] loss: 0.176 accuracy:93.672
[157,   400] loss: 0.179 accuracy:93.562
[157,   500] loss: 0.176 accuracy:93.622
[157,   600] loss: 0.178 accuracy:93.612
[157,   700] loss: 0.177 accuracy:93.650
test_accuracy is 93.840 after epochs 156

Epoch: 157
[158,   100] loss: 0.175 accuracy:93.516
[158,   200] loss: 0.177 accuracy:93.594
[158,   300] loss: 0.174 accuracy:93.755
[158,   400] loss: 0.173 accuracy:93.812
[158,   500] loss: 0.175 accuracy:93.750
[158,   600] loss: 0.176 accuracy:93.737
[158,   700] loss: 0.175 accuracy:93.781
test_accuracy is 94.290 after epochs 157
Saving..

Epoch: 158
[159,   100] loss: 0.181 accuracy:93.297
[159,   200] loss: 0.188 accuracy:93.141
[159,   300] loss: 0.182 accuracy:93.385
[159,   400] loss: 0.181 accuracy:93.426
[159,   500] loss: 0.180 accuracy:93.466
[159,   600] loss: 0.179 accuracy:93.544
[159,   700] loss: 0.179 accuracy:93.594
test_accuracy is 94.210 after epochs 158

Epoch: 159
[160,   100] loss: 0.173 accuracy:93.797
[160,   200] loss: 0.175 accuracy:93.555
[160,   300] loss: 0.176 accuracy:93.594
[160,   400] loss: 0.174 accuracy:93.719
[160,   500] loss: 0.175 accuracy:93.669
[160,   600] loss: 0.175 accuracy:93.685
[160,   700] loss: 0.175 accuracy:93.683
test_accuracy is 93.540 after epochs 159

Epoch: 160
[161,   100] loss: 0.181 accuracy:93.781
[161,   200] loss: 0.173 accuracy:93.836
[161,   300] loss: 0.175 accuracy:93.771
[161,   400] loss: 0.175 accuracy:93.758
[161,   500] loss: 0.175 accuracy:93.769
[161,   600] loss: 0.178 accuracy:93.635
[161,   700] loss: 0.178 accuracy:93.654
test_accuracy is 94.360 after epochs 160
Saving..

Epoch: 161
[162,   100] loss: 0.171 accuracy:94.109
[162,   200] loss: 0.168 accuracy:94.094
[162,   300] loss: 0.170 accuracy:93.984
[162,   400] loss: 0.170 accuracy:94.066
[162,   500] loss: 0.171 accuracy:94.031
[162,   600] loss: 0.173 accuracy:93.948
[162,   700] loss: 0.172 accuracy:93.960
test_accuracy is 94.170 after epochs 161

Epoch: 162
[163,   100] loss: 0.182 accuracy:93.078
[163,   200] loss: 0.182 accuracy:93.219
[163,   300] loss: 0.177 accuracy:93.562
[163,   400] loss: 0.177 accuracy:93.598
[163,   500] loss: 0.176 accuracy:93.647
[163,   600] loss: 0.175 accuracy:93.703
[163,   700] loss: 0.175 accuracy:93.748
test_accuracy is 93.990 after epochs 162

Epoch: 163
[164,   100] loss: 0.159 accuracy:94.422
[164,   200] loss: 0.165 accuracy:94.078
[164,   300] loss: 0.166 accuracy:94.109
[164,   400] loss: 0.167 accuracy:94.074
[164,   500] loss: 0.166 accuracy:94.147
[164,   600] loss: 0.169 accuracy:94.003
[164,   700] loss: 0.170 accuracy:93.931
test_accuracy is 94.120 after epochs 163

Epoch: 164
[165,   100] loss: 0.161 accuracy:94.531
[165,   200] loss: 0.167 accuracy:94.273
[165,   300] loss: 0.168 accuracy:94.182
[165,   400] loss: 0.171 accuracy:94.008
[165,   500] loss: 0.169 accuracy:94.088
[165,   600] loss: 0.169 accuracy:94.073
[165,   700] loss: 0.170 accuracy:94.038
test_accuracy is 94.440 after epochs 164
Saving..

Epoch: 165
[166,   100] loss: 0.171 accuracy:93.969
[166,   200] loss: 0.166 accuracy:94.211
[166,   300] loss: 0.164 accuracy:94.203
[166,   400] loss: 0.167 accuracy:94.117
[166,   500] loss: 0.169 accuracy:93.950
[166,   600] loss: 0.168 accuracy:93.966
[166,   700] loss: 0.168 accuracy:93.969
test_accuracy is 94.580 after epochs 165
Saving..

Epoch: 166
[167,   100] loss: 0.172 accuracy:94.172
[167,   200] loss: 0.173 accuracy:93.891
[167,   300] loss: 0.170 accuracy:94.073
[167,   400] loss: 0.168 accuracy:94.180
[167,   500] loss: 0.169 accuracy:94.141
[167,   600] loss: 0.169 accuracy:94.120
[167,   700] loss: 0.169 accuracy:94.123
test_accuracy is 94.500 after epochs 166

Epoch: 167
[168,   100] loss: 0.174 accuracy:93.812
[168,   200] loss: 0.171 accuracy:93.883
[168,   300] loss: 0.168 accuracy:93.974
[168,   400] loss: 0.170 accuracy:93.953
[168,   500] loss: 0.173 accuracy:93.897
[168,   600] loss: 0.173 accuracy:93.828
[168,   700] loss: 0.173 accuracy:93.864
test_accuracy is 94.130 after epochs 167

Epoch: 168
[169,   100] loss: 0.158 accuracy:94.578
[169,   200] loss: 0.159 accuracy:94.391
[169,   300] loss: 0.162 accuracy:94.281
[169,   400] loss: 0.164 accuracy:94.191
[169,   500] loss: 0.166 accuracy:94.075
[169,   600] loss: 0.169 accuracy:93.956
[169,   700] loss: 0.169 accuracy:93.980
test_accuracy is 93.620 after epochs 168

Epoch: 169
[170,   100] loss: 0.177 accuracy:93.891
[170,   200] loss: 0.168 accuracy:94.109
[170,   300] loss: 0.168 accuracy:94.120
[170,   400] loss: 0.167 accuracy:94.164
[170,   500] loss: 0.166 accuracy:94.162
[170,   600] loss: 0.166 accuracy:94.120
[170,   700] loss: 0.165 accuracy:94.150
test_accuracy is 94.600 after epochs 169
Saving..

Epoch: 170
[171,   100] loss: 0.164 accuracy:94.188
[171,   200] loss: 0.159 accuracy:94.469
[171,   300] loss: 0.160 accuracy:94.458
[171,   400] loss: 0.163 accuracy:94.383
[171,   500] loss: 0.162 accuracy:94.391
[171,   600] loss: 0.162 accuracy:94.419
[171,   700] loss: 0.161 accuracy:94.446
test_accuracy is 94.550 after epochs 170

Epoch: 171
[172,   100] loss: 0.166 accuracy:93.812
[172,   200] loss: 0.164 accuracy:93.938
[172,   300] loss: 0.162 accuracy:94.177
[172,   400] loss: 0.161 accuracy:94.305
[172,   500] loss: 0.163 accuracy:94.197
[172,   600] loss: 0.164 accuracy:94.208
[172,   700] loss: 0.164 accuracy:94.170
test_accuracy is 94.640 after epochs 171
Saving..

Epoch: 172
[173,   100] loss: 0.167 accuracy:94.406
[173,   200] loss: 0.166 accuracy:94.211
[173,   300] loss: 0.163 accuracy:94.365
[173,   400] loss: 0.160 accuracy:94.375
[173,   500] loss: 0.162 accuracy:94.322
[173,   600] loss: 0.163 accuracy:94.292
[173,   700] loss: 0.163 accuracy:94.315
test_accuracy is 94.070 after epochs 172

Epoch: 173
[174,   100] loss: 0.161 accuracy:94.312
[174,   200] loss: 0.165 accuracy:94.164
[174,   300] loss: 0.164 accuracy:94.188
[174,   400] loss: 0.162 accuracy:94.273
[174,   500] loss: 0.164 accuracy:94.234
[174,   600] loss: 0.164 accuracy:94.174
[174,   700] loss: 0.164 accuracy:94.201
test_accuracy is 94.870 after epochs 173
Saving..

Epoch: 174
[175,   100] loss: 0.164 accuracy:94.141
[175,   200] loss: 0.165 accuracy:94.141
[175,   300] loss: 0.163 accuracy:94.146
[175,   400] loss: 0.161 accuracy:94.254
[175,   500] loss: 0.160 accuracy:94.328
[175,   600] loss: 0.161 accuracy:94.276
[175,   700] loss: 0.161 accuracy:94.342
test_accuracy is 94.860 after epochs 174

Epoch: 175
[176,   100] loss: 0.163 accuracy:94.406
[176,   200] loss: 0.159 accuracy:94.641
[176,   300] loss: 0.161 accuracy:94.474
[176,   400] loss: 0.161 accuracy:94.453
[176,   500] loss: 0.159 accuracy:94.459
[176,   600] loss: 0.160 accuracy:94.383
[176,   700] loss: 0.161 accuracy:94.364
test_accuracy is 94.320 after epochs 175

Epoch: 176
[177,   100] loss: 0.167 accuracy:94.109
[177,   200] loss: 0.163 accuracy:94.281
[177,   300] loss: 0.161 accuracy:94.365
[177,   400] loss: 0.162 accuracy:94.301
[177,   500] loss: 0.163 accuracy:94.300
[177,   600] loss: 0.163 accuracy:94.255
[177,   700] loss: 0.163 accuracy:94.239
test_accuracy is 94.110 after epochs 176

Epoch: 177
[178,   100] loss: 0.168 accuracy:94.188
[178,   200] loss: 0.169 accuracy:94.281
[178,   300] loss: 0.165 accuracy:94.391
[178,   400] loss: 0.163 accuracy:94.453
[178,   500] loss: 0.163 accuracy:94.325
[178,   600] loss: 0.162 accuracy:94.326
[178,   700] loss: 0.162 accuracy:94.312
test_accuracy is 94.640 after epochs 177

Epoch: 178
[179,   100] loss: 0.169 accuracy:94.438
[179,   200] loss: 0.163 accuracy:94.273
[179,   300] loss: 0.162 accuracy:94.344
[179,   400] loss: 0.163 accuracy:94.348
[179,   500] loss: 0.163 accuracy:94.325
[179,   600] loss: 0.163 accuracy:94.318
[179,   700] loss: 0.163 accuracy:94.297
test_accuracy is 94.630 after epochs 178

Epoch: 179
[180,   100] loss: 0.167 accuracy:94.000
[180,   200] loss: 0.164 accuracy:94.227
[180,   300] loss: 0.158 accuracy:94.484
[180,   400] loss: 0.159 accuracy:94.465
[180,   500] loss: 0.159 accuracy:94.456
[180,   600] loss: 0.161 accuracy:94.352
[180,   700] loss: 0.160 accuracy:94.337
test_accuracy is 94.570 after epochs 179

Epoch: 180
[181,   100] loss: 0.161 accuracy:94.438
[181,   200] loss: 0.160 accuracy:94.547
[181,   300] loss: 0.162 accuracy:94.380
[181,   400] loss: 0.164 accuracy:94.289
[181,   500] loss: 0.163 accuracy:94.300
[181,   600] loss: 0.165 accuracy:94.289
[181,   700] loss: 0.163 accuracy:94.346
test_accuracy is 94.760 after epochs 180

Epoch: 181
[182,   100] loss: 0.164 accuracy:94.266
[182,   200] loss: 0.163 accuracy:94.227
[182,   300] loss: 0.162 accuracy:94.276
[182,   400] loss: 0.163 accuracy:94.203
[182,   500] loss: 0.162 accuracy:94.284
[182,   600] loss: 0.160 accuracy:94.357
[182,   700] loss: 0.160 accuracy:94.344
test_accuracy is 94.670 after epochs 181

Epoch: 182
[183,   100] loss: 0.161 accuracy:94.188
[183,   200] loss: 0.161 accuracy:94.414
[183,   300] loss: 0.162 accuracy:94.260
[183,   400] loss: 0.162 accuracy:94.324
[183,   500] loss: 0.161 accuracy:94.397
[183,   600] loss: 0.159 accuracy:94.417
[183,   700] loss: 0.160 accuracy:94.373
test_accuracy is 94.530 after epochs 182

Epoch: 183
[184,   100] loss: 0.155 accuracy:94.578
[184,   200] loss: 0.161 accuracy:94.234
[184,   300] loss: 0.161 accuracy:94.333
[184,   400] loss: 0.162 accuracy:94.281
[184,   500] loss: 0.159 accuracy:94.400
[184,   600] loss: 0.159 accuracy:94.438
[184,   700] loss: 0.158 accuracy:94.449
test_accuracy is 94.750 after epochs 183

Epoch: 184
[185,   100] loss: 0.155 accuracy:94.922
[185,   200] loss: 0.159 accuracy:94.641
[185,   300] loss: 0.157 accuracy:94.693
[185,   400] loss: 0.157 accuracy:94.676
[185,   500] loss: 0.157 accuracy:94.612
[185,   600] loss: 0.159 accuracy:94.521
[185,   700] loss: 0.158 accuracy:94.540
test_accuracy is 94.430 after epochs 184

Epoch: 185
[186,   100] loss: 0.158 accuracy:94.516
[186,   200] loss: 0.160 accuracy:94.398
[186,   300] loss: 0.161 accuracy:94.333
[186,   400] loss: 0.160 accuracy:94.332
[186,   500] loss: 0.160 accuracy:94.334
[186,   600] loss: 0.161 accuracy:94.281
[186,   700] loss: 0.161 accuracy:94.292
test_accuracy is 94.900 after epochs 185
Saving..

Epoch: 186
[187,   100] loss: 0.166 accuracy:94.031
[187,   200] loss: 0.160 accuracy:94.328
[187,   300] loss: 0.158 accuracy:94.484
[187,   400] loss: 0.157 accuracy:94.559
[187,   500] loss: 0.158 accuracy:94.588
[187,   600] loss: 0.158 accuracy:94.661
[187,   700] loss: 0.158 accuracy:94.592
test_accuracy is 94.840 after epochs 186

Epoch: 187
[188,   100] loss: 0.163 accuracy:94.422
[188,   200] loss: 0.159 accuracy:94.531
[188,   300] loss: 0.156 accuracy:94.609
[188,   400] loss: 0.158 accuracy:94.586
[188,   500] loss: 0.157 accuracy:94.569
[188,   600] loss: 0.158 accuracy:94.508
[188,   700] loss: 0.158 accuracy:94.538
test_accuracy is 95.230 after epochs 187
Saving..

Epoch: 188
[189,   100] loss: 0.164 accuracy:94.281
[189,   200] loss: 0.156 accuracy:94.547
[189,   300] loss: 0.156 accuracy:94.521
[189,   400] loss: 0.156 accuracy:94.535
[189,   500] loss: 0.159 accuracy:94.394
[189,   600] loss: 0.159 accuracy:94.391
[189,   700] loss: 0.159 accuracy:94.371
test_accuracy is 94.850 after epochs 188

Epoch: 189
[190,   100] loss: 0.163 accuracy:94.656
[190,   200] loss: 0.160 accuracy:94.758
[190,   300] loss: 0.163 accuracy:94.562
[190,   400] loss: 0.163 accuracy:94.500
[190,   500] loss: 0.163 accuracy:94.422
[190,   600] loss: 0.160 accuracy:94.539
[190,   700] loss: 0.161 accuracy:94.500
test_accuracy is 94.920 after epochs 189

Epoch: 190
[191,   100] loss: 0.160 accuracy:94.281
[191,   200] loss: 0.159 accuracy:94.391
[191,   300] loss: 0.158 accuracy:94.411
[191,   400] loss: 0.157 accuracy:94.512
[191,   500] loss: 0.157 accuracy:94.478
[191,   600] loss: 0.157 accuracy:94.500
[191,   700] loss: 0.159 accuracy:94.442
test_accuracy is 94.480 after epochs 190

Epoch: 191
[192,   100] loss: 0.162 accuracy:94.156
[192,   200] loss: 0.165 accuracy:94.070
[192,   300] loss: 0.163 accuracy:94.130
[192,   400] loss: 0.167 accuracy:94.113
[192,   500] loss: 0.165 accuracy:94.172
[192,   600] loss: 0.164 accuracy:94.193
[192,   700] loss: 0.164 accuracy:94.225
test_accuracy is 94.890 after epochs 191

Epoch: 192
[193,   100] loss: 0.160 accuracy:94.594
[193,   200] loss: 0.165 accuracy:94.266
[193,   300] loss: 0.163 accuracy:94.302
[193,   400] loss: 0.163 accuracy:94.258
[193,   500] loss: 0.160 accuracy:94.369
[193,   600] loss: 0.160 accuracy:94.375
[193,   700] loss: 0.159 accuracy:94.364
test_accuracy is 94.700 after epochs 192

Epoch: 193
[194,   100] loss: 0.159 accuracy:94.609
[194,   200] loss: 0.162 accuracy:94.375
[194,   300] loss: 0.161 accuracy:94.448
[194,   400] loss: 0.158 accuracy:94.504
[194,   500] loss: 0.157 accuracy:94.478
[194,   600] loss: 0.157 accuracy:94.487
[194,   700] loss: 0.158 accuracy:94.440
test_accuracy is 95.240 after epochs 193
Saving..

Epoch: 194
[195,   100] loss: 0.164 accuracy:94.234
[195,   200] loss: 0.161 accuracy:94.383
[195,   300] loss: 0.157 accuracy:94.547
[195,   400] loss: 0.155 accuracy:94.633
[195,   500] loss: 0.156 accuracy:94.647
[195,   600] loss: 0.156 accuracy:94.641
[195,   700] loss: 0.156 accuracy:94.600
test_accuracy is 94.990 after epochs 194

Epoch: 195
[196,   100] loss: 0.164 accuracy:94.391
[196,   200] loss: 0.166 accuracy:94.273
[196,   300] loss: 0.166 accuracy:94.208
[196,   400] loss: 0.164 accuracy:94.223
[196,   500] loss: 0.164 accuracy:94.259
[196,   600] loss: 0.162 accuracy:94.336
[196,   700] loss: 0.161 accuracy:94.397
test_accuracy is 94.920 after epochs 195

Epoch: 196
[197,   100] loss: 0.153 accuracy:94.828
[197,   200] loss: 0.157 accuracy:94.539
[197,   300] loss: 0.158 accuracy:94.625
[197,   400] loss: 0.156 accuracy:94.676
[197,   500] loss: 0.159 accuracy:94.559
[197,   600] loss: 0.159 accuracy:94.466
[197,   700] loss: 0.159 accuracy:94.484
test_accuracy is 95.260 after epochs 196
Saving..

Epoch: 197
[198,   100] loss: 0.151 accuracy:94.781
[198,   200] loss: 0.153 accuracy:94.633
[198,   300] loss: 0.155 accuracy:94.562
[198,   400] loss: 0.153 accuracy:94.570
[198,   500] loss: 0.152 accuracy:94.581
[198,   600] loss: 0.153 accuracy:94.562
[198,   700] loss: 0.154 accuracy:94.540
test_accuracy is 95.040 after epochs 197

Epoch: 198
[199,   100] loss: 0.144 accuracy:95.000
[199,   200] loss: 0.150 accuracy:94.789
[199,   300] loss: 0.150 accuracy:94.854
[199,   400] loss: 0.153 accuracy:94.688
[199,   500] loss: 0.154 accuracy:94.584
[199,   600] loss: 0.155 accuracy:94.581
[199,   700] loss: 0.155 accuracy:94.596
test_accuracy is 94.690 after epochs 198

Epoch: 199
[200,   100] loss: 0.153 accuracy:94.688
[200,   200] loss: 0.155 accuracy:94.477
[200,   300] loss: 0.157 accuracy:94.339
[200,   400] loss: 0.156 accuracy:94.422
[200,   500] loss: 0.156 accuracy:94.447
[200,   600] loss: 0.157 accuracy:94.443
[200,   700] loss: 0.156 accuracy:94.493
test_accuracy is 94.960 after epochs 199
