HXLN_LN_LSTM-default-data-Triangle-version-0-num_layers-4-num_templates-4-dropout-0.1-epochs-200-patch_size-4-num_heads-4-batch_size-64-lr-0.0001-256-512-2-2-True-6-True-False-10-False-8-False-3
transformer embed_dim 256
functional? False
total heads 4
head dim 64
use topk?False
topk:10
Total number of parameters:686340

Epoch: 0
[1,   100] loss: 0.723 accuracy:48.828
[1,   200] loss: 0.714 accuracy:49.562
[1,   300] loss: 0.711 accuracy:49.661
[1,   400] loss: 0.708 accuracy:49.598
[1,   500] loss: 0.707 accuracy:49.559
[1,   600] loss: 0.706 accuracy:49.560
[1,   700] loss: 0.705 accuracy:49.440
test_accuracy is 50.330 after epochs 0
Saving..

Epoch: 1
[2,   100] loss: 0.702 accuracy:48.969
[2,   200] loss: 0.701 accuracy:49.422
[2,   300] loss: 0.699 accuracy:49.875
[2,   400] loss: 0.698 accuracy:50.199
[2,   500] loss: 0.698 accuracy:50.413
[2,   600] loss: 0.698 accuracy:50.440
[2,   700] loss: 0.698 accuracy:50.402
test_accuracy is 49.950 after epochs 1

Epoch: 2
[3,   100] loss: 0.697 accuracy:50.078
[3,   200] loss: 0.698 accuracy:49.719
[3,   300] loss: 0.698 accuracy:50.042
[3,   400] loss: 0.697 accuracy:50.289
[3,   500] loss: 0.697 accuracy:50.334
[3,   600] loss: 0.697 accuracy:50.193
[3,   700] loss: 0.697 accuracy:50.009
test_accuracy is 49.430 after epochs 2

Epoch: 3
[4,   100] loss: 0.695 accuracy:49.703
[4,   200] loss: 0.695 accuracy:50.180
[4,   300] loss: 0.695 accuracy:49.734
[4,   400] loss: 0.695 accuracy:50.078
[4,   500] loss: 0.695 accuracy:50.103
[4,   600] loss: 0.695 accuracy:50.133
[4,   700] loss: 0.695 accuracy:50.038
test_accuracy is 49.370 after epochs 3

Epoch: 4
[5,   100] loss: 0.696 accuracy:49.969
[5,   200] loss: 0.695 accuracy:49.852
[5,   300] loss: 0.696 accuracy:49.964
[5,   400] loss: 0.696 accuracy:49.770
[5,   500] loss: 0.696 accuracy:49.672
[5,   600] loss: 0.696 accuracy:49.646
[5,   700] loss: 0.695 accuracy:49.688
test_accuracy is 50.250 after epochs 4

Epoch: 5
[6,   100] loss: 0.695 accuracy:50.547
[6,   200] loss: 0.694 accuracy:50.836
[6,   300] loss: 0.694 accuracy:50.854
[6,   400] loss: 0.694 accuracy:50.688
[6,   500] loss: 0.695 accuracy:50.584
[6,   600] loss: 0.694 accuracy:50.589
[6,   700] loss: 0.694 accuracy:50.373
test_accuracy is 50.170 after epochs 5

Epoch: 6
[7,   100] loss: 0.695 accuracy:50.094
[7,   200] loss: 0.695 accuracy:49.609
[7,   300] loss: 0.695 accuracy:50.115
[7,   400] loss: 0.695 accuracy:50.172
[7,   500] loss: 0.694 accuracy:50.044
[7,   600] loss: 0.694 accuracy:49.789
[7,   700] loss: 0.694 accuracy:49.833
test_accuracy is 50.580 after epochs 6
Saving..

Epoch: 7
[8,   100] loss: 0.695 accuracy:50.312
[8,   200] loss: 0.695 accuracy:50.391
[8,   300] loss: 0.694 accuracy:50.688
[8,   400] loss: 0.694 accuracy:50.645
[8,   500] loss: 0.694 accuracy:50.612
[8,   600] loss: 0.694 accuracy:50.570
[8,   700] loss: 0.694 accuracy:50.525
test_accuracy is 52.050 after epochs 7
Saving..

Epoch: 8
[9,   100] loss: 0.694 accuracy:50.125
[9,   200] loss: 0.694 accuracy:49.570
[9,   300] loss: 0.694 accuracy:49.604
[9,   400] loss: 0.694 accuracy:49.805
[9,   500] loss: 0.694 accuracy:49.953
[9,   600] loss: 0.694 accuracy:50.078
[9,   700] loss: 0.694 accuracy:50.219
test_accuracy is 49.320 after epochs 8

Epoch: 9
[10,   100] loss: 0.693 accuracy:50.812
[10,   200] loss: 0.693 accuracy:51.086
[10,   300] loss: 0.693 accuracy:50.990
[10,   400] loss: 0.694 accuracy:50.984
[10,   500] loss: 0.694 accuracy:50.934
[10,   600] loss: 0.694 accuracy:50.969
[10,   700] loss: 0.694 accuracy:50.920
test_accuracy is 53.050 after epochs 9
Saving..

Epoch: 10
[11,   100] loss: 0.691 accuracy:53.156
[11,   200] loss: 0.691 accuracy:53.055
[11,   300] loss: 0.691 accuracy:52.839
[11,   400] loss: 0.691 accuracy:52.523
[11,   500] loss: 0.691 accuracy:52.766
[11,   600] loss: 0.691 accuracy:52.857
[11,   700] loss: 0.691 accuracy:52.931
test_accuracy is 52.880 after epochs 10

Epoch: 11
[12,   100] loss: 0.690 accuracy:54.453
[12,   200] loss: 0.690 accuracy:53.297
[12,   300] loss: 0.690 accuracy:53.031
[12,   400] loss: 0.690 accuracy:53.195
[12,   500] loss: 0.690 accuracy:53.272
[12,   600] loss: 0.689 accuracy:53.544
[12,   700] loss: 0.689 accuracy:53.683
test_accuracy is 51.140 after epochs 11

Epoch: 12
[13,   100] loss: 0.687 accuracy:54.984
[13,   200] loss: 0.685 accuracy:55.594
[13,   300] loss: 0.685 accuracy:55.328
[13,   400] loss: 0.685 accuracy:55.445
[13,   500] loss: 0.685 accuracy:55.300
[13,   600] loss: 0.685 accuracy:55.258
[13,   700] loss: 0.684 accuracy:55.415
test_accuracy is 56.470 after epochs 12
Saving..

Epoch: 13
[14,   100] loss: 0.682 accuracy:55.875
[14,   200] loss: 0.685 accuracy:55.164
[14,   300] loss: 0.684 accuracy:55.526
[14,   400] loss: 0.684 accuracy:55.723
[14,   500] loss: 0.684 accuracy:55.763
[14,   600] loss: 0.684 accuracy:55.935
[14,   700] loss: 0.684 accuracy:55.882
test_accuracy is 53.220 after epochs 13

Epoch: 14
[15,   100] loss: 0.682 accuracy:55.828
[15,   200] loss: 0.682 accuracy:56.023
[15,   300] loss: 0.683 accuracy:55.698
[15,   400] loss: 0.683 accuracy:55.715
[15,   500] loss: 0.683 accuracy:55.744
[15,   600] loss: 0.684 accuracy:55.599
[15,   700] loss: 0.683 accuracy:55.645
test_accuracy is 57.290 after epochs 14
Saving..

Epoch: 15
[16,   100] loss: 0.681 accuracy:56.516
[16,   200] loss: 0.683 accuracy:55.883
[16,   300] loss: 0.683 accuracy:55.849
[16,   400] loss: 0.683 accuracy:55.727
[16,   500] loss: 0.682 accuracy:55.803
[16,   600] loss: 0.683 accuracy:55.703
[16,   700] loss: 0.683 accuracy:55.746
test_accuracy is 54.500 after epochs 15

Epoch: 16
[17,   100] loss: 0.680 accuracy:56.969
[17,   200] loss: 0.682 accuracy:56.062
[17,   300] loss: 0.683 accuracy:55.823
[17,   400] loss: 0.683 accuracy:55.871
[17,   500] loss: 0.683 accuracy:55.856
[17,   600] loss: 0.683 accuracy:55.844
[17,   700] loss: 0.683 accuracy:55.792
test_accuracy is 57.210 after epochs 16

Epoch: 17
[18,   100] loss: 0.681 accuracy:55.703
[18,   200] loss: 0.682 accuracy:55.656
[18,   300] loss: 0.681 accuracy:55.979
[18,   400] loss: 0.681 accuracy:56.207
[18,   500] loss: 0.680 accuracy:56.284
[18,   600] loss: 0.680 accuracy:56.182
[18,   700] loss: 0.681 accuracy:56.232
test_accuracy is 56.020 after epochs 17

Epoch: 18
[19,   100] loss: 0.684 accuracy:55.219
[19,   200] loss: 0.682 accuracy:55.984
[19,   300] loss: 0.681 accuracy:56.406
[19,   400] loss: 0.681 accuracy:56.301
[19,   500] loss: 0.682 accuracy:56.138
[19,   600] loss: 0.682 accuracy:56.099
[19,   700] loss: 0.682 accuracy:55.938
test_accuracy is 56.910 after epochs 18

Epoch: 19
[20,   100] loss: 0.682 accuracy:56.438
[20,   200] loss: 0.682 accuracy:56.414
[20,   300] loss: 0.681 accuracy:56.500
[20,   400] loss: 0.682 accuracy:56.129
[20,   500] loss: 0.682 accuracy:56.166
[20,   600] loss: 0.682 accuracy:56.180
[20,   700] loss: 0.682 accuracy:56.134
test_accuracy is 58.030 after epochs 19
Saving..

Epoch: 20
[21,   100] loss: 0.680 accuracy:57.422
[21,   200] loss: 0.680 accuracy:57.117
[21,   300] loss: 0.680 accuracy:56.891
[21,   400] loss: 0.681 accuracy:56.492
[21,   500] loss: 0.681 accuracy:56.291
[21,   600] loss: 0.681 accuracy:56.359
[21,   700] loss: 0.681 accuracy:56.353
test_accuracy is 55.790 after epochs 20

Epoch: 21
[22,   100] loss: 0.679 accuracy:56.766
[22,   200] loss: 0.681 accuracy:56.281
[22,   300] loss: 0.683 accuracy:55.635
[22,   400] loss: 0.683 accuracy:55.633
[22,   500] loss: 0.683 accuracy:55.712
[22,   600] loss: 0.683 accuracy:55.771
[22,   700] loss: 0.682 accuracy:55.768
test_accuracy is 57.550 after epochs 21

Epoch: 22
[23,   100] loss: 0.679 accuracy:57.000
[23,   200] loss: 0.679 accuracy:57.180
[23,   300] loss: 0.681 accuracy:56.740
[23,   400] loss: 0.681 accuracy:56.617
[23,   500] loss: 0.680 accuracy:56.650
[23,   600] loss: 0.680 accuracy:56.701
[23,   700] loss: 0.680 accuracy:56.638
test_accuracy is 57.200 after epochs 22

Epoch: 23
[24,   100] loss: 0.682 accuracy:56.047
[24,   200] loss: 0.681 accuracy:56.211
[24,   300] loss: 0.682 accuracy:56.297
[24,   400] loss: 0.682 accuracy:56.168
[24,   500] loss: 0.681 accuracy:56.419
[24,   600] loss: 0.681 accuracy:56.281
[24,   700] loss: 0.681 accuracy:56.440
test_accuracy is 57.210 after epochs 23

Epoch: 24
[25,   100] loss: 0.684 accuracy:55.812
[25,   200] loss: 0.684 accuracy:55.742
[25,   300] loss: 0.683 accuracy:55.958
[25,   400] loss: 0.682 accuracy:56.121
[25,   500] loss: 0.682 accuracy:56.166
[25,   600] loss: 0.682 accuracy:56.271
[25,   700] loss: 0.682 accuracy:56.261
test_accuracy is 55.910 after epochs 24

Epoch: 25
[26,   100] loss: 0.675 accuracy:58.641
[26,   200] loss: 0.677 accuracy:57.953
[26,   300] loss: 0.678 accuracy:57.604
[26,   400] loss: 0.678 accuracy:57.355
[26,   500] loss: 0.679 accuracy:57.144
[26,   600] loss: 0.679 accuracy:56.992
[26,   700] loss: 0.678 accuracy:57.076
test_accuracy is 58.010 after epochs 25

Epoch: 26
[27,   100] loss: 0.678 accuracy:57.266
[27,   200] loss: 0.679 accuracy:56.969
[27,   300] loss: 0.678 accuracy:57.307
[27,   400] loss: 0.678 accuracy:57.188
[27,   500] loss: 0.677 accuracy:57.322
[27,   600] loss: 0.677 accuracy:57.385
[27,   700] loss: 0.677 accuracy:57.373
test_accuracy is 57.070 after epochs 26

Epoch: 27
[28,   100] loss: 0.676 accuracy:57.094
[28,   200] loss: 0.675 accuracy:57.070
[28,   300] loss: 0.675 accuracy:56.979
[28,   400] loss: 0.677 accuracy:56.668
[28,   500] loss: 0.676 accuracy:56.675
[28,   600] loss: 0.676 accuracy:56.747
[28,   700] loss: 0.675 accuracy:56.991
test_accuracy is 56.930 after epochs 27

Epoch: 28
[29,   100] loss: 0.679 accuracy:56.453
[29,   200] loss: 0.674 accuracy:57.312
[29,   300] loss: 0.674 accuracy:57.547
[29,   400] loss: 0.673 accuracy:57.645
[29,   500] loss: 0.672 accuracy:57.741
[29,   600] loss: 0.672 accuracy:57.760
[29,   700] loss: 0.672 accuracy:57.766
test_accuracy is 56.290 after epochs 28

Epoch: 29
[30,   100] loss: 0.672 accuracy:57.578
[30,   200] loss: 0.669 accuracy:58.352
[30,   300] loss: 0.670 accuracy:58.292
[30,   400] loss: 0.669 accuracy:58.289
[30,   500] loss: 0.670 accuracy:58.281
[30,   600] loss: 0.670 accuracy:58.185
[30,   700] loss: 0.670 accuracy:57.998
test_accuracy is 59.240 after epochs 29
Saving..

Epoch: 30
[31,   100] loss: 0.671 accuracy:57.375
[31,   200] loss: 0.671 accuracy:57.664
[31,   300] loss: 0.669 accuracy:57.958
[31,   400] loss: 0.670 accuracy:58.020
[31,   500] loss: 0.669 accuracy:58.225
[31,   600] loss: 0.669 accuracy:58.156
[31,   700] loss: 0.669 accuracy:58.083
test_accuracy is 58.420 after epochs 30

Epoch: 31
[32,   100] loss: 0.672 accuracy:57.797
[32,   200] loss: 0.671 accuracy:57.750
[32,   300] loss: 0.671 accuracy:57.599
[32,   400] loss: 0.670 accuracy:57.719
[32,   500] loss: 0.668 accuracy:58.050
[32,   600] loss: 0.669 accuracy:58.076
[32,   700] loss: 0.668 accuracy:58.167
test_accuracy is 56.530 after epochs 31

Epoch: 32
[33,   100] loss: 0.669 accuracy:58.047
[33,   200] loss: 0.670 accuracy:57.633
[33,   300] loss: 0.669 accuracy:57.938
[33,   400] loss: 0.669 accuracy:57.910
[33,   500] loss: 0.669 accuracy:57.913
[33,   600] loss: 0.669 accuracy:57.880
[33,   700] loss: 0.668 accuracy:58.076
test_accuracy is 58.330 after epochs 32

Epoch: 33
[34,   100] loss: 0.668 accuracy:58.297
[34,   200] loss: 0.666 accuracy:59.039
[34,   300] loss: 0.666 accuracy:58.865
[34,   400] loss: 0.667 accuracy:58.613
[34,   500] loss: 0.666 accuracy:58.494
[34,   600] loss: 0.666 accuracy:58.438
[34,   700] loss: 0.664 accuracy:58.663
test_accuracy is 57.360 after epochs 33

Epoch: 34
[35,   100] loss: 0.662 accuracy:59.562
[35,   200] loss: 0.664 accuracy:59.156
[35,   300] loss: 0.664 accuracy:58.979
[35,   400] loss: 0.664 accuracy:58.734
[35,   500] loss: 0.664 accuracy:58.891
[35,   600] loss: 0.663 accuracy:58.961
[35,   700] loss: 0.663 accuracy:59.150
test_accuracy is 59.200 after epochs 34

Epoch: 35
[36,   100] loss: 0.664 accuracy:58.844
[36,   200] loss: 0.663 accuracy:59.078
[36,   300] loss: 0.663 accuracy:59.151
[36,   400] loss: 0.664 accuracy:59.023
[36,   500] loss: 0.664 accuracy:59.006
[36,   600] loss: 0.664 accuracy:59.055
[36,   700] loss: 0.664 accuracy:59.045
test_accuracy is 58.840 after epochs 35

Epoch: 36
[37,   100] loss: 0.660 accuracy:59.203
[37,   200] loss: 0.660 accuracy:59.547
[37,   300] loss: 0.662 accuracy:58.880
[37,   400] loss: 0.663 accuracy:58.879
[37,   500] loss: 0.663 accuracy:58.994
[37,   600] loss: 0.663 accuracy:58.971
[37,   700] loss: 0.662 accuracy:58.953
test_accuracy is 60.780 after epochs 36
Saving..

Epoch: 37
[38,   100] loss: 0.652 accuracy:60.594
[38,   200] loss: 0.657 accuracy:59.805
[38,   300] loss: 0.658 accuracy:59.750
[38,   400] loss: 0.660 accuracy:59.340
[38,   500] loss: 0.661 accuracy:59.388
[38,   600] loss: 0.661 accuracy:59.471
[38,   700] loss: 0.660 accuracy:59.560
test_accuracy is 59.920 after epochs 37

Epoch: 38
[39,   100] loss: 0.665 accuracy:59.453
[39,   200] loss: 0.664 accuracy:59.070
[39,   300] loss: 0.663 accuracy:58.943
[39,   400] loss: 0.663 accuracy:58.758
[39,   500] loss: 0.662 accuracy:59.091
[39,   600] loss: 0.661 accuracy:59.154
[39,   700] loss: 0.660 accuracy:59.250
test_accuracy is 60.000 after epochs 38

Epoch: 39
[40,   100] loss: 0.661 accuracy:59.422
[40,   200] loss: 0.659 accuracy:60.055
[40,   300] loss: 0.659 accuracy:60.005
[40,   400] loss: 0.658 accuracy:60.008
[40,   500] loss: 0.658 accuracy:60.028
[40,   600] loss: 0.659 accuracy:59.901
[40,   700] loss: 0.659 accuracy:59.855
test_accuracy is 59.540 after epochs 39

Epoch: 40
[41,   100] loss: 0.657 accuracy:60.109
[41,   200] loss: 0.657 accuracy:59.977
[41,   300] loss: 0.656 accuracy:60.068
[41,   400] loss: 0.656 accuracy:60.180
[41,   500] loss: 0.656 accuracy:60.109
[41,   600] loss: 0.656 accuracy:60.159
[41,   700] loss: 0.656 accuracy:60.069
test_accuracy is 57.470 after epochs 40

Epoch: 41
[42,   100] loss: 0.658 accuracy:59.750
[42,   200] loss: 0.659 accuracy:59.641
[42,   300] loss: 0.658 accuracy:59.839
[42,   400] loss: 0.658 accuracy:59.918
[42,   500] loss: 0.659 accuracy:59.819
[42,   600] loss: 0.659 accuracy:59.674
[42,   700] loss: 0.660 accuracy:59.636
test_accuracy is 59.000 after epochs 41

Epoch: 42
[43,   100] loss: 0.654 accuracy:61.078
[43,   200] loss: 0.655 accuracy:60.773
[43,   300] loss: 0.656 accuracy:60.359
[43,   400] loss: 0.655 accuracy:60.328
[43,   500] loss: 0.656 accuracy:60.312
[43,   600] loss: 0.656 accuracy:60.128
[43,   700] loss: 0.656 accuracy:60.027
test_accuracy is 60.880 after epochs 42
Saving..

Epoch: 43
[44,   100] loss: 0.656 accuracy:60.500
[44,   200] loss: 0.654 accuracy:60.984
[44,   300] loss: 0.656 accuracy:60.453
[44,   400] loss: 0.655 accuracy:60.672
[44,   500] loss: 0.654 accuracy:60.797
[44,   600] loss: 0.654 accuracy:60.771
[44,   700] loss: 0.653 accuracy:60.855
test_accuracy is 60.720 after epochs 43

Epoch: 44
[45,   100] loss: 0.656 accuracy:60.469
[45,   200] loss: 0.655 accuracy:60.805
[45,   300] loss: 0.655 accuracy:60.438
[45,   400] loss: 0.655 accuracy:60.465
[45,   500] loss: 0.653 accuracy:60.775
[45,   600] loss: 0.653 accuracy:60.841
[45,   700] loss: 0.652 accuracy:60.951
test_accuracy is 60.620 after epochs 44

Epoch: 45
[46,   100] loss: 0.648 accuracy:61.141
[46,   200] loss: 0.653 accuracy:60.445
[46,   300] loss: 0.654 accuracy:60.427
[46,   400] loss: 0.653 accuracy:60.668
[46,   500] loss: 0.652 accuracy:60.881
[46,   600] loss: 0.653 accuracy:60.753
[46,   700] loss: 0.652 accuracy:60.940
test_accuracy is 61.680 after epochs 45
Saving..

Epoch: 46
[47,   100] loss: 0.651 accuracy:61.062
[47,   200] loss: 0.651 accuracy:61.164
[47,   300] loss: 0.650 accuracy:61.354
[47,   400] loss: 0.651 accuracy:61.164
[47,   500] loss: 0.651 accuracy:61.178
[47,   600] loss: 0.651 accuracy:61.260
[47,   700] loss: 0.650 accuracy:61.411
test_accuracy is 58.290 after epochs 46

Epoch: 47
[48,   100] loss: 0.650 accuracy:61.312
[48,   200] loss: 0.649 accuracy:61.453
[48,   300] loss: 0.650 accuracy:61.328
[48,   400] loss: 0.650 accuracy:61.340
[48,   500] loss: 0.649 accuracy:61.209
[48,   600] loss: 0.649 accuracy:61.281
[48,   700] loss: 0.649 accuracy:61.335
test_accuracy is 61.840 after epochs 47
Saving..

Epoch: 48
[49,   100] loss: 0.657 accuracy:60.594
[49,   200] loss: 0.652 accuracy:61.523
[49,   300] loss: 0.651 accuracy:61.521
[49,   400] loss: 0.651 accuracy:61.547
[49,   500] loss: 0.651 accuracy:61.653
[49,   600] loss: 0.651 accuracy:61.560
[49,   700] loss: 0.650 accuracy:61.627
test_accuracy is 60.410 after epochs 48

Epoch: 49
[50,   100] loss: 0.643 accuracy:62.828
[50,   200] loss: 0.646 accuracy:62.680
[50,   300] loss: 0.645 accuracy:62.375
[50,   400] loss: 0.645 accuracy:62.324
[50,   500] loss: 0.646 accuracy:62.131
[50,   600] loss: 0.647 accuracy:62.023
[50,   700] loss: 0.647 accuracy:61.922
test_accuracy is 60.900 after epochs 49

Epoch: 50
[51,   100] loss: 0.647 accuracy:61.453
[51,   200] loss: 0.646 accuracy:61.539
[51,   300] loss: 0.647 accuracy:61.557
[51,   400] loss: 0.647 accuracy:61.719
[51,   500] loss: 0.647 accuracy:61.650
[51,   600] loss: 0.648 accuracy:61.492
[51,   700] loss: 0.649 accuracy:61.402
test_accuracy is 62.460 after epochs 50
Saving..

Epoch: 51
[52,   100] loss: 0.641 accuracy:62.516
[52,   200] loss: 0.644 accuracy:62.266
[52,   300] loss: 0.643 accuracy:62.266
[52,   400] loss: 0.644 accuracy:62.008
[52,   500] loss: 0.644 accuracy:62.172
[52,   600] loss: 0.644 accuracy:62.128
[52,   700] loss: 0.645 accuracy:62.103
test_accuracy is 61.690 after epochs 51

Epoch: 52
[53,   100] loss: 0.651 accuracy:61.438
[53,   200] loss: 0.648 accuracy:61.453
[53,   300] loss: 0.648 accuracy:61.620
[53,   400] loss: 0.647 accuracy:61.852
[53,   500] loss: 0.647 accuracy:61.737
[53,   600] loss: 0.647 accuracy:61.727
[53,   700] loss: 0.646 accuracy:61.873
test_accuracy is 61.160 after epochs 52

Epoch: 53
[54,   100] loss: 0.640 accuracy:62.781
[54,   200] loss: 0.643 accuracy:62.016
[54,   300] loss: 0.643 accuracy:62.078
[54,   400] loss: 0.642 accuracy:62.121
[54,   500] loss: 0.643 accuracy:62.059
[54,   600] loss: 0.645 accuracy:61.805
[54,   700] loss: 0.646 accuracy:61.696
test_accuracy is 61.890 after epochs 53

Epoch: 54
[55,   100] loss: 0.649 accuracy:61.953
[55,   200] loss: 0.646 accuracy:61.977
[55,   300] loss: 0.648 accuracy:61.688
[55,   400] loss: 0.648 accuracy:61.582
[55,   500] loss: 0.648 accuracy:61.709
[55,   600] loss: 0.648 accuracy:61.732
[55,   700] loss: 0.647 accuracy:61.971
test_accuracy is 59.800 after epochs 54

Epoch: 55
[56,   100] loss: 0.644 accuracy:62.500
[56,   200] loss: 0.646 accuracy:62.172
[56,   300] loss: 0.646 accuracy:62.052
[56,   400] loss: 0.645 accuracy:62.141
[56,   500] loss: 0.644 accuracy:62.381
[56,   600] loss: 0.645 accuracy:62.302
[56,   700] loss: 0.645 accuracy:62.194
test_accuracy is 62.430 after epochs 55

Epoch: 56
[57,   100] loss: 0.652 accuracy:61.047
[57,   200] loss: 0.645 accuracy:61.961
[57,   300] loss: 0.646 accuracy:61.745
[57,   400] loss: 0.645 accuracy:61.898
[57,   500] loss: 0.646 accuracy:61.822
[57,   600] loss: 0.646 accuracy:61.760
[57,   700] loss: 0.645 accuracy:61.911
test_accuracy is 62.450 after epochs 56

Epoch: 57
[58,   100] loss: 0.640 accuracy:62.922
[58,   200] loss: 0.643 accuracy:62.703
[58,   300] loss: 0.644 accuracy:62.552
[58,   400] loss: 0.643 accuracy:62.695
[58,   500] loss: 0.645 accuracy:62.309
[58,   600] loss: 0.644 accuracy:62.445
[58,   700] loss: 0.644 accuracy:62.509
test_accuracy is 63.130 after epochs 57
Saving..

Epoch: 58
[59,   100] loss: 0.642 accuracy:63.000
[59,   200] loss: 0.645 accuracy:62.109
[59,   300] loss: 0.645 accuracy:62.094
[59,   400] loss: 0.645 accuracy:62.039
[59,   500] loss: 0.644 accuracy:62.141
[59,   600] loss: 0.644 accuracy:61.945
[59,   700] loss: 0.644 accuracy:62.058
test_accuracy is 62.300 after epochs 58

Epoch: 59
[60,   100] loss: 0.639 accuracy:63.000
[60,   200] loss: 0.642 accuracy:62.539
[60,   300] loss: 0.641 accuracy:62.557
[60,   400] loss: 0.641 accuracy:62.633
[60,   500] loss: 0.640 accuracy:62.659
[60,   600] loss: 0.641 accuracy:62.656
[60,   700] loss: 0.642 accuracy:62.614
test_accuracy is 62.390 after epochs 59

Epoch: 60
[61,   100] loss: 0.644 accuracy:62.000
[61,   200] loss: 0.644 accuracy:61.875
[61,   300] loss: 0.643 accuracy:62.224
[61,   400] loss: 0.644 accuracy:62.305
[61,   500] loss: 0.644 accuracy:62.394
[61,   600] loss: 0.642 accuracy:62.539
[61,   700] loss: 0.642 accuracy:62.533
test_accuracy is 63.160 after epochs 60
Saving..

Epoch: 61
[62,   100] loss: 0.644 accuracy:62.109
[62,   200] loss: 0.642 accuracy:62.430
[62,   300] loss: 0.639 accuracy:62.750
[62,   400] loss: 0.639 accuracy:62.723
[62,   500] loss: 0.640 accuracy:62.663
[62,   600] loss: 0.638 accuracy:62.898
[62,   700] loss: 0.639 accuracy:62.688
test_accuracy is 63.830 after epochs 61
Saving..

Epoch: 62
[63,   100] loss: 0.636 accuracy:63.344
[63,   200] loss: 0.639 accuracy:62.766
[63,   300] loss: 0.641 accuracy:62.807
[63,   400] loss: 0.640 accuracy:62.934
[63,   500] loss: 0.640 accuracy:62.844
[63,   600] loss: 0.639 accuracy:63.010
[63,   700] loss: 0.639 accuracy:62.848
test_accuracy is 60.490 after epochs 62

Epoch: 63
[64,   100] loss: 0.640 accuracy:62.969
[64,   200] loss: 0.640 accuracy:62.547
[64,   300] loss: 0.641 accuracy:62.432
[64,   400] loss: 0.639 accuracy:62.715
[64,   500] loss: 0.640 accuracy:62.609
[64,   600] loss: 0.640 accuracy:62.591
[64,   700] loss: 0.641 accuracy:62.493
test_accuracy is 62.180 after epochs 63

Epoch: 64
[65,   100] loss: 0.640 accuracy:62.172
[65,   200] loss: 0.634 accuracy:62.984
[65,   300] loss: 0.636 accuracy:62.802
[65,   400] loss: 0.635 accuracy:63.074
[65,   500] loss: 0.635 accuracy:63.081
[65,   600] loss: 0.636 accuracy:63.049
[65,   700] loss: 0.636 accuracy:62.971
test_accuracy is 61.100 after epochs 64

Epoch: 65
[66,   100] loss: 0.636 accuracy:62.938
[66,   200] loss: 0.637 accuracy:62.781
[66,   300] loss: 0.637 accuracy:62.771
[66,   400] loss: 0.636 accuracy:62.840
[66,   500] loss: 0.637 accuracy:62.847
[66,   600] loss: 0.637 accuracy:62.849
[66,   700] loss: 0.638 accuracy:62.779
test_accuracy is 62.950 after epochs 65

Epoch: 66
[67,   100] loss: 0.633 accuracy:62.938
[67,   200] loss: 0.637 accuracy:62.688
[67,   300] loss: 0.637 accuracy:62.521
[67,   400] loss: 0.637 accuracy:62.621
[67,   500] loss: 0.638 accuracy:62.822
[67,   600] loss: 0.638 accuracy:62.753
[67,   700] loss: 0.638 accuracy:62.812
test_accuracy is 63.250 after epochs 66

Epoch: 67
[68,   100] loss: 0.640 accuracy:62.141
[68,   200] loss: 0.637 accuracy:62.727
[68,   300] loss: 0.637 accuracy:62.771
[68,   400] loss: 0.638 accuracy:62.695
[68,   500] loss: 0.637 accuracy:62.794
[68,   600] loss: 0.636 accuracy:62.896
[68,   700] loss: 0.637 accuracy:62.775
test_accuracy is 63.390 after epochs 67

Epoch: 68
[69,   100] loss: 0.627 accuracy:64.109
[69,   200] loss: 0.629 accuracy:63.617
[69,   300] loss: 0.629 accuracy:63.828
[69,   400] loss: 0.631 accuracy:63.441
[69,   500] loss: 0.632 accuracy:63.194
[69,   600] loss: 0.631 accuracy:63.281
[69,   700] loss: 0.631 accuracy:63.413
test_accuracy is 63.550 after epochs 68

Epoch: 69
[70,   100] loss: 0.641 accuracy:61.375
[70,   200] loss: 0.636 accuracy:62.492
[70,   300] loss: 0.632 accuracy:63.000
[70,   400] loss: 0.634 accuracy:62.738
[70,   500] loss: 0.632 accuracy:63.013
[70,   600] loss: 0.632 accuracy:63.023
[70,   700] loss: 0.631 accuracy:63.033
test_accuracy is 63.520 after epochs 69

Epoch: 70
[71,   100] loss: 0.624 accuracy:64.438
[71,   200] loss: 0.625 accuracy:64.141
[71,   300] loss: 0.624 accuracy:64.276
[71,   400] loss: 0.623 accuracy:64.199
[71,   500] loss: 0.623 accuracy:64.094
[71,   600] loss: 0.621 accuracy:64.195
[71,   700] loss: 0.619 accuracy:64.377
test_accuracy is 62.520 after epochs 70

Epoch: 71
[72,   100] loss: 0.615 accuracy:64.953
[72,   200] loss: 0.612 accuracy:65.320
[72,   300] loss: 0.611 accuracy:65.552
[72,   400] loss: 0.605 accuracy:66.121
[72,   500] loss: 0.603 accuracy:66.306
[72,   600] loss: 0.605 accuracy:66.104
[72,   700] loss: 0.604 accuracy:66.100
test_accuracy is 57.970 after epochs 71

Epoch: 72
[73,   100] loss: 0.629 accuracy:63.109
[73,   200] loss: 0.613 accuracy:64.742
[73,   300] loss: 0.608 accuracy:65.307
[73,   400] loss: 0.603 accuracy:65.727
[73,   500] loss: 0.603 accuracy:65.772
[73,   600] loss: 0.604 accuracy:65.724
[73,   700] loss: 0.604 accuracy:65.681
test_accuracy is 68.790 after epochs 72
Saving..

Epoch: 73
[74,   100] loss: 0.611 accuracy:64.109
[74,   200] loss: 0.599 accuracy:65.750
[74,   300] loss: 0.597 accuracy:66.188
[74,   400] loss: 0.593 accuracy:66.512
[74,   500] loss: 0.593 accuracy:66.438
[74,   600] loss: 0.591 accuracy:66.714
[74,   700] loss: 0.591 accuracy:66.862
test_accuracy is 66.330 after epochs 73

Epoch: 74
[75,   100] loss: 0.580 accuracy:68.375
[75,   200] loss: 0.577 accuracy:68.461
[75,   300] loss: 0.578 accuracy:68.318
[75,   400] loss: 0.579 accuracy:68.195
[75,   500] loss: 0.581 accuracy:67.922
[75,   600] loss: 0.580 accuracy:67.953
[75,   700] loss: 0.579 accuracy:68.083
test_accuracy is 67.380 after epochs 74

Epoch: 75
[76,   100] loss: 0.580 accuracy:67.766
[76,   200] loss: 0.575 accuracy:68.484
[76,   300] loss: 0.579 accuracy:67.979
[76,   400] loss: 0.577 accuracy:68.137
[76,   500] loss: 0.575 accuracy:68.469
[76,   600] loss: 0.575 accuracy:68.294
[76,   700] loss: 0.574 accuracy:68.297
test_accuracy is 65.970 after epochs 75

Epoch: 76
[77,   100] loss: 0.577 accuracy:68.031
[77,   200] loss: 0.573 accuracy:69.031
[77,   300] loss: 0.575 accuracy:68.630
[77,   400] loss: 0.574 accuracy:68.660
[77,   500] loss: 0.574 accuracy:68.634
[77,   600] loss: 0.573 accuracy:68.594
[77,   700] loss: 0.573 accuracy:68.694
test_accuracy is 68.640 after epochs 76

Epoch: 77
[78,   100] loss: 0.565 accuracy:69.188
[78,   200] loss: 0.565 accuracy:69.180
[78,   300] loss: 0.568 accuracy:68.896
[78,   400] loss: 0.567 accuracy:68.898
[78,   500] loss: 0.564 accuracy:69.131
[78,   600] loss: 0.564 accuracy:69.073
[78,   700] loss: 0.564 accuracy:69.114
test_accuracy is 69.440 after epochs 77
Saving..

Epoch: 78
[79,   100] loss: 0.568 accuracy:69.172
[79,   200] loss: 0.563 accuracy:69.375
[79,   300] loss: 0.560 accuracy:69.745
[79,   400] loss: 0.562 accuracy:69.562
[79,   500] loss: 0.562 accuracy:69.478
[79,   600] loss: 0.562 accuracy:69.508
[79,   700] loss: 0.562 accuracy:69.393
test_accuracy is 71.430 after epochs 78
Saving..

Epoch: 79
[80,   100] loss: 0.572 accuracy:68.359
[80,   200] loss: 0.563 accuracy:69.023
[80,   300] loss: 0.562 accuracy:69.078
[80,   400] loss: 0.557 accuracy:69.547
[80,   500] loss: 0.559 accuracy:69.419
[80,   600] loss: 0.561 accuracy:69.271
[80,   700] loss: 0.561 accuracy:69.379
test_accuracy is 71.440 after epochs 79
Saving..

Epoch: 80
[81,   100] loss: 0.544 accuracy:70.969
[81,   200] loss: 0.550 accuracy:70.219
[81,   300] loss: 0.555 accuracy:69.682
[81,   400] loss: 0.557 accuracy:69.547
[81,   500] loss: 0.558 accuracy:69.469
[81,   600] loss: 0.558 accuracy:69.555
[81,   700] loss: 0.557 accuracy:69.583
test_accuracy is 69.890 after epochs 80

Epoch: 81
[82,   100] loss: 0.548 accuracy:70.391
[82,   200] loss: 0.546 accuracy:70.883
[82,   300] loss: 0.545 accuracy:70.583
[82,   400] loss: 0.550 accuracy:70.289
[82,   500] loss: 0.549 accuracy:70.312
[82,   600] loss: 0.548 accuracy:70.430
[82,   700] loss: 0.546 accuracy:70.529
test_accuracy is 69.850 after epochs 81

Epoch: 82
[83,   100] loss: 0.537 accuracy:71.422
[83,   200] loss: 0.543 accuracy:70.688
[83,   300] loss: 0.546 accuracy:70.130
[83,   400] loss: 0.545 accuracy:70.199
[83,   500] loss: 0.545 accuracy:70.400
[83,   600] loss: 0.546 accuracy:70.435
[83,   700] loss: 0.545 accuracy:70.502
test_accuracy is 69.760 after epochs 82

Epoch: 83
[84,   100] loss: 0.542 accuracy:71.031
[84,   200] loss: 0.545 accuracy:70.812
[84,   300] loss: 0.542 accuracy:71.047
[84,   400] loss: 0.542 accuracy:70.922
[84,   500] loss: 0.540 accuracy:71.209
[84,   600] loss: 0.541 accuracy:71.044
[84,   700] loss: 0.542 accuracy:70.942
test_accuracy is 69.280 after epochs 83

Epoch: 84
[85,   100] loss: 0.539 accuracy:70.781
[85,   200] loss: 0.540 accuracy:70.930
[85,   300] loss: 0.539 accuracy:71.000
[85,   400] loss: 0.539 accuracy:71.020
[85,   500] loss: 0.539 accuracy:70.953
[85,   600] loss: 0.540 accuracy:70.802
[85,   700] loss: 0.540 accuracy:70.763
test_accuracy is 73.120 after epochs 84
Saving..

Epoch: 85
[86,   100] loss: 0.540 accuracy:71.312
[86,   200] loss: 0.531 accuracy:72.086
[86,   300] loss: 0.540 accuracy:71.167
[86,   400] loss: 0.540 accuracy:71.195
[86,   500] loss: 0.538 accuracy:71.269
[86,   600] loss: 0.538 accuracy:71.224
[86,   700] loss: 0.537 accuracy:71.308
test_accuracy is 70.140 after epochs 85

Epoch: 86
[87,   100] loss: 0.529 accuracy:71.578
[87,   200] loss: 0.529 accuracy:71.828
[87,   300] loss: 0.529 accuracy:72.000
[87,   400] loss: 0.529 accuracy:71.961
[87,   500] loss: 0.529 accuracy:71.862
[87,   600] loss: 0.528 accuracy:71.888
[87,   700] loss: 0.531 accuracy:71.596
test_accuracy is 70.230 after epochs 86

Epoch: 87
[88,   100] loss: 0.528 accuracy:71.750
[88,   200] loss: 0.527 accuracy:71.734
[88,   300] loss: 0.536 accuracy:71.224
[88,   400] loss: 0.532 accuracy:71.480
[88,   500] loss: 0.530 accuracy:71.678
[88,   600] loss: 0.528 accuracy:71.818
[88,   700] loss: 0.529 accuracy:71.768
test_accuracy is 71.840 after epochs 87

Epoch: 88
[89,   100] loss: 0.520 accuracy:72.641
[89,   200] loss: 0.528 accuracy:71.969
[89,   300] loss: 0.526 accuracy:72.005
[89,   400] loss: 0.525 accuracy:71.891
[89,   500] loss: 0.526 accuracy:71.881
[89,   600] loss: 0.525 accuracy:71.927
[89,   700] loss: 0.526 accuracy:71.855
test_accuracy is 73.090 after epochs 88

Epoch: 89
[90,   100] loss: 0.522 accuracy:72.516
[90,   200] loss: 0.520 accuracy:72.891
[90,   300] loss: 0.522 accuracy:72.406
[90,   400] loss: 0.523 accuracy:72.367
[90,   500] loss: 0.524 accuracy:72.213
[90,   600] loss: 0.522 accuracy:72.349
[90,   700] loss: 0.522 accuracy:72.297
test_accuracy is 70.020 after epochs 89

Epoch: 90
[91,   100] loss: 0.518 accuracy:72.812
[91,   200] loss: 0.522 accuracy:72.289
[91,   300] loss: 0.526 accuracy:71.953
[91,   400] loss: 0.523 accuracy:72.289
[91,   500] loss: 0.521 accuracy:72.456
[91,   600] loss: 0.519 accuracy:72.557
[91,   700] loss: 0.521 accuracy:72.397
test_accuracy is 72.560 after epochs 90

Epoch: 91
[92,   100] loss: 0.525 accuracy:72.281
[92,   200] loss: 0.523 accuracy:72.141
[92,   300] loss: 0.523 accuracy:72.208
[92,   400] loss: 0.523 accuracy:72.016
[92,   500] loss: 0.522 accuracy:71.959
[92,   600] loss: 0.520 accuracy:72.232
[92,   700] loss: 0.519 accuracy:72.259
test_accuracy is 74.350 after epochs 91
Saving..

Epoch: 92
[93,   100] loss: 0.518 accuracy:72.234
[93,   200] loss: 0.514 accuracy:72.883
[93,   300] loss: 0.514 accuracy:72.938
[93,   400] loss: 0.515 accuracy:72.820
[93,   500] loss: 0.516 accuracy:72.791
[93,   600] loss: 0.516 accuracy:72.844
[93,   700] loss: 0.515 accuracy:72.946
test_accuracy is 73.640 after epochs 92

Epoch: 93
[94,   100] loss: 0.515 accuracy:72.938
[94,   200] loss: 0.513 accuracy:73.320
[94,   300] loss: 0.516 accuracy:72.833
[94,   400] loss: 0.513 accuracy:73.078
[94,   500] loss: 0.512 accuracy:73.191
[94,   600] loss: 0.512 accuracy:73.096
[94,   700] loss: 0.514 accuracy:72.998
test_accuracy is 72.730 after epochs 93

Epoch: 94
[95,   100] loss: 0.510 accuracy:72.781
[95,   200] loss: 0.506 accuracy:73.398
[95,   300] loss: 0.508 accuracy:73.271
[95,   400] loss: 0.505 accuracy:73.547
[95,   500] loss: 0.506 accuracy:73.366
[95,   600] loss: 0.508 accuracy:73.260
[95,   700] loss: 0.507 accuracy:73.328
test_accuracy is 63.980 after epochs 94

Epoch: 95
[96,   100] loss: 0.515 accuracy:72.312
[96,   200] loss: 0.510 accuracy:73.023
[96,   300] loss: 0.508 accuracy:73.250
[96,   400] loss: 0.504 accuracy:73.562
[96,   500] loss: 0.503 accuracy:73.719
[96,   600] loss: 0.503 accuracy:73.721
[96,   700] loss: 0.503 accuracy:73.661
test_accuracy is 73.460 after epochs 95

Epoch: 96
[97,   100] loss: 0.489 accuracy:74.875
[97,   200] loss: 0.489 accuracy:74.633
[97,   300] loss: 0.486 accuracy:74.911
[97,   400] loss: 0.488 accuracy:74.820
[97,   500] loss: 0.491 accuracy:74.541
[97,   600] loss: 0.490 accuracy:74.688
[97,   700] loss: 0.490 accuracy:74.656
test_accuracy is 71.450 after epochs 96

Epoch: 97
[98,   100] loss: 0.487 accuracy:75.359
[98,   200] loss: 0.481 accuracy:75.664
[98,   300] loss: 0.482 accuracy:75.474
[98,   400] loss: 0.482 accuracy:75.516
[98,   500] loss: 0.481 accuracy:75.609
[98,   600] loss: 0.481 accuracy:75.581
[98,   700] loss: 0.482 accuracy:75.458
test_accuracy is 78.360 after epochs 97
Saving..

Epoch: 98
[99,   100] loss: 0.489 accuracy:75.016
[99,   200] loss: 0.479 accuracy:75.727
[99,   300] loss: 0.480 accuracy:75.484
[99,   400] loss: 0.478 accuracy:75.617
[99,   500] loss: 0.477 accuracy:75.781
[99,   600] loss: 0.477 accuracy:75.797
[99,   700] loss: 0.479 accuracy:75.712
test_accuracy is 79.390 after epochs 98
Saving..

Epoch: 99
[100,   100] loss: 0.459 accuracy:76.750
[100,   200] loss: 0.471 accuracy:75.898
[100,   300] loss: 0.471 accuracy:76.255
[100,   400] loss: 0.471 accuracy:76.230
[100,   500] loss: 0.469 accuracy:76.409
[100,   600] loss: 0.467 accuracy:76.471
[100,   700] loss: 0.468 accuracy:76.462
test_accuracy is 76.800 after epochs 99

Epoch: 100
[101,   100] loss: 0.465 accuracy:77.312
[101,   200] loss: 0.460 accuracy:77.312
[101,   300] loss: 0.463 accuracy:76.906
[101,   400] loss: 0.465 accuracy:76.762
[101,   500] loss: 0.466 accuracy:76.662
[101,   600] loss: 0.465 accuracy:76.703
[101,   700] loss: 0.463 accuracy:76.857
test_accuracy is 76.730 after epochs 100

Epoch: 101
[102,   100] loss: 0.451 accuracy:77.578
[102,   200] loss: 0.450 accuracy:77.781
[102,   300] loss: 0.451 accuracy:77.734
[102,   400] loss: 0.451 accuracy:77.848
[102,   500] loss: 0.453 accuracy:77.756
[102,   600] loss: 0.452 accuracy:77.706
[102,   700] loss: 0.454 accuracy:77.692
test_accuracy is 73.930 after epochs 101

Epoch: 102
[103,   100] loss: 0.478 accuracy:76.219
[103,   200] loss: 0.466 accuracy:76.984
[103,   300] loss: 0.459 accuracy:77.266
[103,   400] loss: 0.458 accuracy:77.344
[103,   500] loss: 0.455 accuracy:77.566
[103,   600] loss: 0.451 accuracy:77.859
[103,   700] loss: 0.452 accuracy:77.739
test_accuracy is 80.680 after epochs 102
Saving..

Epoch: 103
[104,   100] loss: 0.448 accuracy:78.734
[104,   200] loss: 0.445 accuracy:78.516
[104,   300] loss: 0.445 accuracy:78.318
[104,   400] loss: 0.444 accuracy:78.367
[104,   500] loss: 0.446 accuracy:78.275
[104,   600] loss: 0.446 accuracy:78.216
[104,   700] loss: 0.446 accuracy:78.234
test_accuracy is 79.900 after epochs 103

Epoch: 104
[105,   100] loss: 0.442 accuracy:77.672
[105,   200] loss: 0.449 accuracy:77.414
[105,   300] loss: 0.446 accuracy:77.656
[105,   400] loss: 0.442 accuracy:78.008
[105,   500] loss: 0.440 accuracy:78.156
[105,   600] loss: 0.439 accuracy:78.385
[105,   700] loss: 0.441 accuracy:78.319
test_accuracy is 78.100 after epochs 104

Epoch: 105
[106,   100] loss: 0.442 accuracy:78.219
[106,   200] loss: 0.439 accuracy:78.297
[106,   300] loss: 0.438 accuracy:78.406
[106,   400] loss: 0.437 accuracy:78.488
[106,   500] loss: 0.440 accuracy:78.334
[106,   600] loss: 0.437 accuracy:78.628
[106,   700] loss: 0.437 accuracy:78.690
test_accuracy is 79.480 after epochs 105

Epoch: 106
[107,   100] loss: 0.426 accuracy:79.828
[107,   200] loss: 0.431 accuracy:79.320
[107,   300] loss: 0.432 accuracy:79.229
[107,   400] loss: 0.432 accuracy:79.133
[107,   500] loss: 0.431 accuracy:79.219
[107,   600] loss: 0.431 accuracy:79.320
[107,   700] loss: 0.429 accuracy:79.362
test_accuracy is 81.810 after epochs 106
Saving..

Epoch: 107
[108,   100] loss: 0.433 accuracy:78.953
[108,   200] loss: 0.430 accuracy:79.219
[108,   300] loss: 0.433 accuracy:78.917
[108,   400] loss: 0.429 accuracy:79.191
[108,   500] loss: 0.426 accuracy:79.378
[108,   600] loss: 0.425 accuracy:79.500
[108,   700] loss: 0.427 accuracy:79.321
test_accuracy is 76.260 after epochs 107

Epoch: 108
[109,   100] loss: 0.429 accuracy:78.906
[109,   200] loss: 0.428 accuracy:79.094
[109,   300] loss: 0.424 accuracy:79.656
[109,   400] loss: 0.421 accuracy:79.832
[109,   500] loss: 0.421 accuracy:79.931
[109,   600] loss: 0.419 accuracy:80.031
[109,   700] loss: 0.418 accuracy:80.132
test_accuracy is 78.720 after epochs 108

Epoch: 109
[110,   100] loss: 0.422 accuracy:79.469
[110,   200] loss: 0.418 accuracy:79.844
[110,   300] loss: 0.419 accuracy:79.911
[110,   400] loss: 0.416 accuracy:80.156
[110,   500] loss: 0.415 accuracy:80.281
[110,   600] loss: 0.413 accuracy:80.404
[110,   700] loss: 0.414 accuracy:80.348
test_accuracy is 82.810 after epochs 109
Saving..

Epoch: 110
[111,   100] loss: 0.394 accuracy:81.688
[111,   200] loss: 0.405 accuracy:80.750
[111,   300] loss: 0.403 accuracy:81.104
[111,   400] loss: 0.405 accuracy:81.066
[111,   500] loss: 0.406 accuracy:80.950
[111,   600] loss: 0.409 accuracy:80.805
[111,   700] loss: 0.410 accuracy:80.643
test_accuracy is 83.170 after epochs 110
Saving..

Epoch: 111
[112,   100] loss: 0.417 accuracy:80.375
[112,   200] loss: 0.409 accuracy:80.750
[112,   300] loss: 0.406 accuracy:80.969
[112,   400] loss: 0.408 accuracy:80.773
[112,   500] loss: 0.409 accuracy:80.741
[112,   600] loss: 0.410 accuracy:80.724
[112,   700] loss: 0.409 accuracy:80.761
test_accuracy is 76.640 after epochs 111

Epoch: 112
[113,   100] loss: 0.399 accuracy:80.766
[113,   200] loss: 0.405 accuracy:80.797
[113,   300] loss: 0.406 accuracy:80.922
[113,   400] loss: 0.402 accuracy:81.176
[113,   500] loss: 0.405 accuracy:80.978
[113,   600] loss: 0.405 accuracy:80.914
[113,   700] loss: 0.405 accuracy:80.906
test_accuracy is 78.270 after epochs 112

Epoch: 113
[114,   100] loss: 0.415 accuracy:80.422
[114,   200] loss: 0.411 accuracy:80.750
[114,   300] loss: 0.405 accuracy:81.135
[114,   400] loss: 0.405 accuracy:81.078
[114,   500] loss: 0.403 accuracy:81.253
[114,   600] loss: 0.403 accuracy:81.193
[114,   700] loss: 0.402 accuracy:81.248
test_accuracy is 83.580 after epochs 113
Saving..

Epoch: 114
[115,   100] loss: 0.390 accuracy:81.922
[115,   200] loss: 0.392 accuracy:81.594
[115,   300] loss: 0.389 accuracy:81.719
[115,   400] loss: 0.390 accuracy:81.676
[115,   500] loss: 0.389 accuracy:81.753
[115,   600] loss: 0.388 accuracy:81.781
[115,   700] loss: 0.388 accuracy:81.804
test_accuracy is 79.900 after epochs 114

Epoch: 115
[116,   100] loss: 0.395 accuracy:81.406
[116,   200] loss: 0.389 accuracy:82.023
[116,   300] loss: 0.395 accuracy:81.740
[116,   400] loss: 0.397 accuracy:81.656
[116,   500] loss: 0.397 accuracy:81.694
[116,   600] loss: 0.393 accuracy:81.930
[116,   700] loss: 0.394 accuracy:81.835
test_accuracy is 84.890 after epochs 115
Saving..

Epoch: 116
[117,   100] loss: 0.381 accuracy:83.141
[117,   200] loss: 0.387 accuracy:82.328
[117,   300] loss: 0.388 accuracy:82.229
[117,   400] loss: 0.388 accuracy:82.395
[117,   500] loss: 0.388 accuracy:82.403
[117,   600] loss: 0.387 accuracy:82.385
[117,   700] loss: 0.388 accuracy:82.290
test_accuracy is 83.180 after epochs 116

Epoch: 117
[118,   100] loss: 0.396 accuracy:81.250
[118,   200] loss: 0.393 accuracy:81.734
[118,   300] loss: 0.389 accuracy:82.031
[118,   400] loss: 0.392 accuracy:81.891
[118,   500] loss: 0.391 accuracy:81.928
[118,   600] loss: 0.388 accuracy:82.057
[118,   700] loss: 0.388 accuracy:82.105
test_accuracy is 83.640 after epochs 117

Epoch: 118
[119,   100] loss: 0.389 accuracy:82.578
[119,   200] loss: 0.386 accuracy:82.422
[119,   300] loss: 0.380 accuracy:82.771
[119,   400] loss: 0.383 accuracy:82.629
[119,   500] loss: 0.383 accuracy:82.600
[119,   600] loss: 0.387 accuracy:82.299
[119,   700] loss: 0.385 accuracy:82.393
test_accuracy is 80.320 after epochs 118

Epoch: 119
[120,   100] loss: 0.385 accuracy:82.312
[120,   200] loss: 0.381 accuracy:82.359
[120,   300] loss: 0.381 accuracy:82.411
[120,   400] loss: 0.383 accuracy:82.359
[120,   500] loss: 0.382 accuracy:82.425
[120,   600] loss: 0.379 accuracy:82.682
[120,   700] loss: 0.380 accuracy:82.632
test_accuracy is 85.190 after epochs 119
Saving..

Epoch: 120
[121,   100] loss: 0.376 accuracy:83.016
[121,   200] loss: 0.373 accuracy:82.938
[121,   300] loss: 0.375 accuracy:82.891
[121,   400] loss: 0.376 accuracy:82.898
[121,   500] loss: 0.376 accuracy:82.781
[121,   600] loss: 0.378 accuracy:82.721
[121,   700] loss: 0.377 accuracy:82.868
test_accuracy is 78.200 after epochs 120

Epoch: 121
[122,   100] loss: 0.366 accuracy:83.547
[122,   200] loss: 0.374 accuracy:83.078
[122,   300] loss: 0.375 accuracy:82.760
[122,   400] loss: 0.376 accuracy:82.723
[122,   500] loss: 0.378 accuracy:82.609
[122,   600] loss: 0.377 accuracy:82.768
[122,   700] loss: 0.375 accuracy:82.850
test_accuracy is 78.250 after epochs 121

Epoch: 122
[123,   100] loss: 0.376 accuracy:82.531
[123,   200] loss: 0.376 accuracy:82.844
[123,   300] loss: 0.372 accuracy:83.104
[123,   400] loss: 0.370 accuracy:83.207
[123,   500] loss: 0.368 accuracy:83.325
[123,   600] loss: 0.367 accuracy:83.398
[123,   700] loss: 0.367 accuracy:83.382
test_accuracy is 83.550 after epochs 122

Epoch: 123
[124,   100] loss: 0.357 accuracy:84.375
[124,   200] loss: 0.359 accuracy:84.125
[124,   300] loss: 0.362 accuracy:83.771
[124,   400] loss: 0.359 accuracy:83.770
[124,   500] loss: 0.363 accuracy:83.647
[124,   600] loss: 0.364 accuracy:83.589
[124,   700] loss: 0.363 accuracy:83.641
test_accuracy is 85.130 after epochs 123

Epoch: 124
[125,   100] loss: 0.362 accuracy:84.141
[125,   200] loss: 0.377 accuracy:83.070
[125,   300] loss: 0.374 accuracy:83.161
[125,   400] loss: 0.373 accuracy:83.258
[125,   500] loss: 0.369 accuracy:83.459
[125,   600] loss: 0.369 accuracy:83.464
[125,   700] loss: 0.369 accuracy:83.422
test_accuracy is 85.070 after epochs 124

Epoch: 125
[126,   100] loss: 0.370 accuracy:83.172
[126,   200] loss: 0.376 accuracy:83.016
[126,   300] loss: 0.365 accuracy:83.797
[126,   400] loss: 0.367 accuracy:83.641
[126,   500] loss: 0.363 accuracy:83.900
[126,   600] loss: 0.362 accuracy:83.893
[126,   700] loss: 0.363 accuracy:83.804
test_accuracy is 79.670 after epochs 125

Epoch: 126
[127,   100] loss: 0.361 accuracy:83.297
[127,   200] loss: 0.357 accuracy:83.836
[127,   300] loss: 0.358 accuracy:83.693
[127,   400] loss: 0.359 accuracy:83.684
[127,   500] loss: 0.359 accuracy:83.806
[127,   600] loss: 0.361 accuracy:83.695
[127,   700] loss: 0.360 accuracy:83.766
test_accuracy is 83.560 after epochs 126

Epoch: 127
[128,   100] loss: 0.375 accuracy:83.250
[128,   200] loss: 0.367 accuracy:83.664
[128,   300] loss: 0.366 accuracy:83.594
[128,   400] loss: 0.363 accuracy:83.754
[128,   500] loss: 0.361 accuracy:83.763
[128,   600] loss: 0.362 accuracy:83.771
[128,   700] loss: 0.361 accuracy:83.786
test_accuracy is 84.880 after epochs 127

Epoch: 128
[129,   100] loss: 0.363 accuracy:83.641
[129,   200] loss: 0.358 accuracy:84.023
[129,   300] loss: 0.351 accuracy:84.432
[129,   400] loss: 0.351 accuracy:84.449
[129,   500] loss: 0.354 accuracy:84.275
[129,   600] loss: 0.355 accuracy:84.260
[129,   700] loss: 0.355 accuracy:84.241
test_accuracy is 86.470 after epochs 128
Saving..

Epoch: 129
[130,   100] loss: 0.363 accuracy:83.750
[130,   200] loss: 0.363 accuracy:83.820
[130,   300] loss: 0.360 accuracy:84.047
[130,   400] loss: 0.356 accuracy:84.191
[130,   500] loss: 0.356 accuracy:84.237
[130,   600] loss: 0.357 accuracy:84.201
[130,   700] loss: 0.356 accuracy:84.290
test_accuracy is 83.440 after epochs 129

Epoch: 130
[131,   100] loss: 0.368 accuracy:83.516
[131,   200] loss: 0.358 accuracy:84.164
[131,   300] loss: 0.353 accuracy:84.365
[131,   400] loss: 0.351 accuracy:84.414
[131,   500] loss: 0.353 accuracy:84.256
[131,   600] loss: 0.350 accuracy:84.490
[131,   700] loss: 0.351 accuracy:84.475
test_accuracy is 84.030 after epochs 130

Epoch: 131
[132,   100] loss: 0.357 accuracy:83.844
[132,   200] loss: 0.352 accuracy:84.281
[132,   300] loss: 0.351 accuracy:84.323
[132,   400] loss: 0.351 accuracy:84.309
[132,   500] loss: 0.349 accuracy:84.453
[132,   600] loss: 0.348 accuracy:84.599
[132,   700] loss: 0.349 accuracy:84.538
test_accuracy is 86.170 after epochs 131

Epoch: 132
[133,   100] loss: 0.364 accuracy:83.703
[133,   200] loss: 0.355 accuracy:84.203
[133,   300] loss: 0.355 accuracy:84.120
[133,   400] loss: 0.357 accuracy:84.102
[133,   500] loss: 0.353 accuracy:84.325
[133,   600] loss: 0.350 accuracy:84.474
[133,   700] loss: 0.349 accuracy:84.545
test_accuracy is 77.820 after epochs 132

Epoch: 133
[134,   100] loss: 0.357 accuracy:83.953
[134,   200] loss: 0.355 accuracy:84.141
[134,   300] loss: 0.355 accuracy:84.182
[134,   400] loss: 0.358 accuracy:83.941
[134,   500] loss: 0.354 accuracy:84.234
[134,   600] loss: 0.354 accuracy:84.305
[134,   700] loss: 0.352 accuracy:84.362
test_accuracy is 84.550 after epochs 133

Epoch: 134
[135,   100] loss: 0.342 accuracy:84.891
[135,   200] loss: 0.342 accuracy:84.836
[135,   300] loss: 0.338 accuracy:85.094
[135,   400] loss: 0.338 accuracy:85.098
[135,   500] loss: 0.339 accuracy:85.031
[135,   600] loss: 0.338 accuracy:85.117
[135,   700] loss: 0.340 accuracy:84.982
test_accuracy is 84.720 after epochs 134

Epoch: 135
[136,   100] loss: 0.336 accuracy:85.578
[136,   200] loss: 0.342 accuracy:85.062
[136,   300] loss: 0.342 accuracy:85.005
[136,   400] loss: 0.339 accuracy:85.125
[136,   500] loss: 0.344 accuracy:84.834
[136,   600] loss: 0.344 accuracy:84.880
[136,   700] loss: 0.343 accuracy:84.998
test_accuracy is 79.520 after epochs 135

Epoch: 136
[137,   100] loss: 0.334 accuracy:85.172
[137,   200] loss: 0.339 accuracy:84.945
[137,   300] loss: 0.344 accuracy:84.729
[137,   400] loss: 0.344 accuracy:84.641
[137,   500] loss: 0.342 accuracy:84.778
[137,   600] loss: 0.343 accuracy:84.859
[137,   700] loss: 0.342 accuracy:84.917
test_accuracy is 80.110 after epochs 136

Epoch: 137
[138,   100] loss: 0.362 accuracy:83.875
[138,   200] loss: 0.347 accuracy:84.758
[138,   300] loss: 0.347 accuracy:84.781
[138,   400] loss: 0.343 accuracy:84.996
[138,   500] loss: 0.345 accuracy:84.900
[138,   600] loss: 0.343 accuracy:85.057
[138,   700] loss: 0.344 accuracy:84.978
test_accuracy is 84.850 after epochs 137

Epoch: 138
[139,   100] loss: 0.341 accuracy:84.844
[139,   200] loss: 0.345 accuracy:84.602
[139,   300] loss: 0.346 accuracy:84.490
[139,   400] loss: 0.344 accuracy:84.742
[139,   500] loss: 0.342 accuracy:84.922
[139,   600] loss: 0.343 accuracy:84.940
[139,   700] loss: 0.342 accuracy:85.040
test_accuracy is 84.320 after epochs 138

Epoch: 139
[140,   100] loss: 0.337 accuracy:85.312
[140,   200] loss: 0.334 accuracy:85.453
[140,   300] loss: 0.331 accuracy:85.651
[140,   400] loss: 0.330 accuracy:85.598
[140,   500] loss: 0.332 accuracy:85.525
[140,   600] loss: 0.333 accuracy:85.484
[140,   700] loss: 0.334 accuracy:85.467
test_accuracy is 79.350 after epochs 139

Epoch: 140
[141,   100] loss: 0.316 accuracy:86.656
[141,   200] loss: 0.330 accuracy:85.875
[141,   300] loss: 0.332 accuracy:85.604
[141,   400] loss: 0.332 accuracy:85.516
[141,   500] loss: 0.335 accuracy:85.428
[141,   600] loss: 0.333 accuracy:85.505
[141,   700] loss: 0.333 accuracy:85.455
test_accuracy is 82.290 after epochs 140

Epoch: 141
[142,   100] loss: 0.325 accuracy:86.078
[142,   200] loss: 0.325 accuracy:86.047
[142,   300] loss: 0.328 accuracy:85.880
[142,   400] loss: 0.332 accuracy:85.594
[142,   500] loss: 0.333 accuracy:85.428
[142,   600] loss: 0.332 accuracy:85.578
[142,   700] loss: 0.332 accuracy:85.596
test_accuracy is 85.220 after epochs 141

Epoch: 142
[143,   100] loss: 0.340 accuracy:84.781
[143,   200] loss: 0.336 accuracy:85.258
[143,   300] loss: 0.339 accuracy:85.094
[143,   400] loss: 0.338 accuracy:85.180
[143,   500] loss: 0.337 accuracy:85.241
[143,   600] loss: 0.334 accuracy:85.422
[143,   700] loss: 0.334 accuracy:85.429
test_accuracy is 87.060 after epochs 142
Saving..

Epoch: 143
[144,   100] loss: 0.329 accuracy:86.078
[144,   200] loss: 0.332 accuracy:85.656
[144,   300] loss: 0.330 accuracy:85.797
[144,   400] loss: 0.330 accuracy:85.789
[144,   500] loss: 0.334 accuracy:85.597
[144,   600] loss: 0.333 accuracy:85.622
[144,   700] loss: 0.333 accuracy:85.679
test_accuracy is 85.240 after epochs 143

Epoch: 144
[145,   100] loss: 0.326 accuracy:86.031
[145,   200] loss: 0.331 accuracy:85.742
[145,   300] loss: 0.330 accuracy:85.818
[145,   400] loss: 0.327 accuracy:85.895
[145,   500] loss: 0.328 accuracy:85.875
[145,   600] loss: 0.328 accuracy:85.807
[145,   700] loss: 0.329 accuracy:85.688
test_accuracy is 86.440 after epochs 144

Epoch: 145
[146,   100] loss: 0.319 accuracy:86.266
[146,   200] loss: 0.328 accuracy:85.836
[146,   300] loss: 0.325 accuracy:85.906
[146,   400] loss: 0.327 accuracy:85.820
[146,   500] loss: 0.328 accuracy:85.819
[146,   600] loss: 0.328 accuracy:85.826
[146,   700] loss: 0.329 accuracy:85.783
test_accuracy is 85.500 after epochs 145

Epoch: 146
[147,   100] loss: 0.321 accuracy:86.141
[147,   200] loss: 0.319 accuracy:86.133
[147,   300] loss: 0.323 accuracy:86.042
[147,   400] loss: 0.322 accuracy:86.137
[147,   500] loss: 0.324 accuracy:86.034
[147,   600] loss: 0.322 accuracy:86.172
[147,   700] loss: 0.323 accuracy:86.143
test_accuracy is 87.550 after epochs 146
Saving..

Epoch: 147
[148,   100] loss: 0.323 accuracy:85.594
[148,   200] loss: 0.325 accuracy:85.641
[148,   300] loss: 0.323 accuracy:85.891
[148,   400] loss: 0.324 accuracy:85.906
[148,   500] loss: 0.321 accuracy:86.188
[148,   600] loss: 0.322 accuracy:86.141
[148,   700] loss: 0.320 accuracy:86.257
test_accuracy is 85.570 after epochs 147

Epoch: 148
[149,   100] loss: 0.325 accuracy:85.766
[149,   200] loss: 0.325 accuracy:85.836
[149,   300] loss: 0.323 accuracy:85.870
[149,   400] loss: 0.322 accuracy:85.941
[149,   500] loss: 0.321 accuracy:85.938
[149,   600] loss: 0.323 accuracy:85.883
[149,   700] loss: 0.324 accuracy:85.877
test_accuracy is 84.120 after epochs 148

Epoch: 149
[150,   100] loss: 0.307 accuracy:87.156
[150,   200] loss: 0.312 accuracy:86.555
[150,   300] loss: 0.316 accuracy:86.448
[150,   400] loss: 0.316 accuracy:86.449
[150,   500] loss: 0.315 accuracy:86.472
[150,   600] loss: 0.317 accuracy:86.372
[150,   700] loss: 0.317 accuracy:86.438
test_accuracy is 85.370 after epochs 149

Epoch: 150
[151,   100] loss: 0.328 accuracy:86.016
[151,   200] loss: 0.321 accuracy:86.453
[151,   300] loss: 0.318 accuracy:86.615
[151,   400] loss: 0.318 accuracy:86.492
[151,   500] loss: 0.318 accuracy:86.534
[151,   600] loss: 0.317 accuracy:86.573
[151,   700] loss: 0.319 accuracy:86.449
test_accuracy is 84.450 after epochs 150

Epoch: 151
[152,   100] loss: 0.319 accuracy:86.719
[152,   200] loss: 0.316 accuracy:86.711
[152,   300] loss: 0.312 accuracy:86.911
[152,   400] loss: 0.318 accuracy:86.496
[152,   500] loss: 0.318 accuracy:86.459
[152,   600] loss: 0.316 accuracy:86.586
[152,   700] loss: 0.316 accuracy:86.549
test_accuracy is 85.740 after epochs 151

Epoch: 152
[153,   100] loss: 0.309 accuracy:86.766
[153,   200] loss: 0.317 accuracy:86.398
[153,   300] loss: 0.316 accuracy:86.469
[153,   400] loss: 0.318 accuracy:86.395
[153,   500] loss: 0.317 accuracy:86.484
[153,   600] loss: 0.318 accuracy:86.406
[153,   700] loss: 0.318 accuracy:86.411
test_accuracy is 85.600 after epochs 152

Epoch: 153
[154,   100] loss: 0.324 accuracy:86.438
[154,   200] loss: 0.323 accuracy:86.219
[154,   300] loss: 0.319 accuracy:86.344
[154,   400] loss: 0.319 accuracy:86.438
[154,   500] loss: 0.318 accuracy:86.450
[154,   600] loss: 0.317 accuracy:86.461
[154,   700] loss: 0.317 accuracy:86.433
test_accuracy is 85.010 after epochs 153

Epoch: 154
[155,   100] loss: 0.321 accuracy:86.219
[155,   200] loss: 0.311 accuracy:86.898
[155,   300] loss: 0.307 accuracy:86.990
[155,   400] loss: 0.308 accuracy:86.906
[155,   500] loss: 0.313 accuracy:86.625
[155,   600] loss: 0.312 accuracy:86.596
[155,   700] loss: 0.312 accuracy:86.632
test_accuracy is 83.450 after epochs 154

Epoch: 155
[156,   100] loss: 0.325 accuracy:85.797
[156,   200] loss: 0.320 accuracy:86.195
[156,   300] loss: 0.319 accuracy:86.172
[156,   400] loss: 0.317 accuracy:86.340
[156,   500] loss: 0.318 accuracy:86.291
[156,   600] loss: 0.318 accuracy:86.359
[156,   700] loss: 0.316 accuracy:86.507
test_accuracy is 87.470 after epochs 155

Epoch: 156
[157,   100] loss: 0.307 accuracy:87.266
[157,   200] loss: 0.314 accuracy:86.773
[157,   300] loss: 0.314 accuracy:86.453
[157,   400] loss: 0.312 accuracy:86.566
[157,   500] loss: 0.315 accuracy:86.541
[157,   600] loss: 0.314 accuracy:86.589
[157,   700] loss: 0.311 accuracy:86.679
test_accuracy is 85.050 after epochs 156

Epoch: 157
[158,   100] loss: 0.320 accuracy:85.953
[158,   200] loss: 0.320 accuracy:86.133
[158,   300] loss: 0.315 accuracy:86.474
[158,   400] loss: 0.316 accuracy:86.426
[158,   500] loss: 0.316 accuracy:86.391
[158,   600] loss: 0.314 accuracy:86.526
[158,   700] loss: 0.315 accuracy:86.424
test_accuracy is 84.840 after epochs 157

Epoch: 158
[159,   100] loss: 0.303 accuracy:87.203
[159,   200] loss: 0.308 accuracy:87.047
[159,   300] loss: 0.306 accuracy:87.042
[159,   400] loss: 0.303 accuracy:87.164
[159,   500] loss: 0.301 accuracy:87.237
[159,   600] loss: 0.301 accuracy:87.203
[159,   700] loss: 0.300 accuracy:87.292
test_accuracy is 83.670 after epochs 158

Epoch: 159
[160,   100] loss: 0.312 accuracy:86.297
[160,   200] loss: 0.312 accuracy:86.422
[160,   300] loss: 0.313 accuracy:86.365
[160,   400] loss: 0.317 accuracy:86.258
[160,   500] loss: 0.314 accuracy:86.428
[160,   600] loss: 0.312 accuracy:86.609
[160,   700] loss: 0.311 accuracy:86.694
test_accuracy is 86.180 after epochs 159

Epoch: 160
[161,   100] loss: 0.308 accuracy:87.031
[161,   200] loss: 0.307 accuracy:87.023
[161,   300] loss: 0.309 accuracy:86.984
[161,   400] loss: 0.310 accuracy:86.832
[161,   500] loss: 0.309 accuracy:86.853
[161,   600] loss: 0.310 accuracy:86.823
[161,   700] loss: 0.310 accuracy:86.812
test_accuracy is 85.230 after epochs 160

Epoch: 161
[162,   100] loss: 0.315 accuracy:86.406
[162,   200] loss: 0.309 accuracy:87.062
[162,   300] loss: 0.310 accuracy:86.891
[162,   400] loss: 0.311 accuracy:86.777
[162,   500] loss: 0.310 accuracy:86.866
[162,   600] loss: 0.310 accuracy:86.859
[162,   700] loss: 0.309 accuracy:86.897
test_accuracy is 87.690 after epochs 161
Saving..

Epoch: 162
[163,   100] loss: 0.312 accuracy:86.797
[163,   200] loss: 0.306 accuracy:87.234
[163,   300] loss: 0.309 accuracy:86.969
[163,   400] loss: 0.307 accuracy:87.145
[163,   500] loss: 0.307 accuracy:87.081
[163,   600] loss: 0.308 accuracy:86.992
[163,   700] loss: 0.308 accuracy:87.078
test_accuracy is 87.330 after epochs 162

Epoch: 163
[164,   100] loss: 0.316 accuracy:86.547
[164,   200] loss: 0.310 accuracy:86.781
[164,   300] loss: 0.308 accuracy:86.932
[164,   400] loss: 0.305 accuracy:87.141
[164,   500] loss: 0.305 accuracy:87.181
[164,   600] loss: 0.304 accuracy:87.214
[164,   700] loss: 0.303 accuracy:87.286
test_accuracy is 84.870 after epochs 163

Epoch: 164
[165,   100] loss: 0.294 accuracy:87.625
[165,   200] loss: 0.304 accuracy:86.984
[165,   300] loss: 0.299 accuracy:87.297
[165,   400] loss: 0.300 accuracy:87.184
[165,   500] loss: 0.301 accuracy:87.184
[165,   600] loss: 0.301 accuracy:87.161
[165,   700] loss: 0.301 accuracy:87.185
test_accuracy is 84.880 after epochs 164

Epoch: 165
[166,   100] loss: 0.305 accuracy:87.172
[166,   200] loss: 0.305 accuracy:87.031
[166,   300] loss: 0.304 accuracy:87.083
[166,   400] loss: 0.303 accuracy:87.152
[166,   500] loss: 0.304 accuracy:87.156
[166,   600] loss: 0.304 accuracy:87.161
[166,   700] loss: 0.303 accuracy:87.183
test_accuracy is 86.830 after epochs 165

Epoch: 166
[167,   100] loss: 0.303 accuracy:87.047
[167,   200] loss: 0.300 accuracy:87.391
[167,   300] loss: 0.299 accuracy:87.474
[167,   400] loss: 0.299 accuracy:87.461
[167,   500] loss: 0.303 accuracy:87.287
[167,   600] loss: 0.304 accuracy:87.221
[167,   700] loss: 0.304 accuracy:87.172
test_accuracy is 88.300 after epochs 166
Saving..

Epoch: 167
[168,   100] loss: 0.299 accuracy:87.281
[168,   200] loss: 0.299 accuracy:87.281
[168,   300] loss: 0.300 accuracy:87.318
[168,   400] loss: 0.299 accuracy:87.445
[168,   500] loss: 0.300 accuracy:87.438
[168,   600] loss: 0.300 accuracy:87.448
[168,   700] loss: 0.301 accuracy:87.379
test_accuracy is 86.170 after epochs 167

Epoch: 168
[169,   100] loss: 0.292 accuracy:87.938
[169,   200] loss: 0.304 accuracy:87.141
[169,   300] loss: 0.302 accuracy:87.036
[169,   400] loss: 0.303 accuracy:86.953
[169,   500] loss: 0.304 accuracy:87.016
[169,   600] loss: 0.304 accuracy:86.990
[169,   700] loss: 0.306 accuracy:86.915
test_accuracy is 88.350 after epochs 168
Saving..

Epoch: 169
[170,   100] loss: 0.309 accuracy:87.250
[170,   200] loss: 0.302 accuracy:87.609
[170,   300] loss: 0.300 accuracy:87.698
[170,   400] loss: 0.301 accuracy:87.551
[170,   500] loss: 0.299 accuracy:87.672
[170,   600] loss: 0.300 accuracy:87.560
[170,   700] loss: 0.299 accuracy:87.554
test_accuracy is 86.580 after epochs 169

Epoch: 170
[171,   100] loss: 0.289 accuracy:88.062
[171,   200] loss: 0.297 accuracy:87.688
[171,   300] loss: 0.294 accuracy:87.802
[171,   400] loss: 0.294 accuracy:87.742
[171,   500] loss: 0.295 accuracy:87.656
[171,   600] loss: 0.297 accuracy:87.555
[171,   700] loss: 0.297 accuracy:87.574
test_accuracy is 87.030 after epochs 170

Epoch: 171
[172,   100] loss: 0.288 accuracy:88.047
[172,   200] loss: 0.293 accuracy:87.688
[172,   300] loss: 0.293 accuracy:87.703
[172,   400] loss: 0.296 accuracy:87.578
[172,   500] loss: 0.297 accuracy:87.516
[172,   600] loss: 0.297 accuracy:87.510
[172,   700] loss: 0.297 accuracy:87.609
test_accuracy is 87.600 after epochs 171

Epoch: 172
[173,   100] loss: 0.302 accuracy:87.438
[173,   200] loss: 0.300 accuracy:87.258
[173,   300] loss: 0.300 accuracy:87.250
[173,   400] loss: 0.302 accuracy:87.312
[173,   500] loss: 0.298 accuracy:87.481
[173,   600] loss: 0.299 accuracy:87.443
[173,   700] loss: 0.299 accuracy:87.435
test_accuracy is 86.830 after epochs 172

Epoch: 173
[174,   100] loss: 0.292 accuracy:87.859
[174,   200] loss: 0.292 accuracy:87.938
[174,   300] loss: 0.297 accuracy:87.505
[174,   400] loss: 0.295 accuracy:87.559
[174,   500] loss: 0.295 accuracy:87.591
[174,   600] loss: 0.294 accuracy:87.729
[174,   700] loss: 0.295 accuracy:87.679
test_accuracy is 87.800 after epochs 173

Epoch: 174
[175,   100] loss: 0.300 accuracy:87.578
[175,   200] loss: 0.299 accuracy:87.633
[175,   300] loss: 0.298 accuracy:87.604
[175,   400] loss: 0.298 accuracy:87.648
[175,   500] loss: 0.294 accuracy:87.812
[175,   600] loss: 0.293 accuracy:87.789
[175,   700] loss: 0.293 accuracy:87.779
test_accuracy is 87.330 after epochs 174

Epoch: 175
[176,   100] loss: 0.293 accuracy:87.672
[176,   200] loss: 0.293 accuracy:87.742
[176,   300] loss: 0.295 accuracy:87.620
[176,   400] loss: 0.297 accuracy:87.609
[176,   500] loss: 0.297 accuracy:87.572
[176,   600] loss: 0.296 accuracy:87.633
[176,   700] loss: 0.295 accuracy:87.692
test_accuracy is 87.310 after epochs 175

Epoch: 176
[177,   100] loss: 0.291 accuracy:88.250
[177,   200] loss: 0.296 accuracy:87.766
[177,   300] loss: 0.296 accuracy:87.672
[177,   400] loss: 0.296 accuracy:87.609
[177,   500] loss: 0.293 accuracy:87.794
[177,   600] loss: 0.293 accuracy:87.742
[177,   700] loss: 0.293 accuracy:87.737
test_accuracy is 87.200 after epochs 176

Epoch: 177
[178,   100] loss: 0.296 accuracy:87.578
[178,   200] loss: 0.297 accuracy:87.719
[178,   300] loss: 0.297 accuracy:87.573
[178,   400] loss: 0.297 accuracy:87.555
[178,   500] loss: 0.296 accuracy:87.591
[178,   600] loss: 0.296 accuracy:87.565
[178,   700] loss: 0.297 accuracy:87.527
test_accuracy is 86.730 after epochs 177

Epoch: 178
[179,   100] loss: 0.295 accuracy:87.500
[179,   200] loss: 0.289 accuracy:88.000
[179,   300] loss: 0.288 accuracy:88.073
[179,   400] loss: 0.291 accuracy:87.898
[179,   500] loss: 0.291 accuracy:87.916
[179,   600] loss: 0.292 accuracy:87.854
[179,   700] loss: 0.292 accuracy:87.877
test_accuracy is 86.920 after epochs 178

Epoch: 179
[180,   100] loss: 0.294 accuracy:87.766
[180,   200] loss: 0.290 accuracy:88.062
[180,   300] loss: 0.290 accuracy:87.969
[180,   400] loss: 0.293 accuracy:87.875
[180,   500] loss: 0.292 accuracy:87.853
[180,   600] loss: 0.291 accuracy:87.945
[180,   700] loss: 0.291 accuracy:87.879
test_accuracy is 86.830 after epochs 179

Epoch: 180
[181,   100] loss: 0.291 accuracy:87.891
[181,   200] loss: 0.293 accuracy:87.641
[181,   300] loss: 0.287 accuracy:87.948
[181,   400] loss: 0.290 accuracy:87.848
[181,   500] loss: 0.288 accuracy:87.956
[181,   600] loss: 0.289 accuracy:87.924
[181,   700] loss: 0.290 accuracy:87.868
test_accuracy is 87.210 after epochs 180

Epoch: 181
[182,   100] loss: 0.291 accuracy:87.766
[182,   200] loss: 0.289 accuracy:87.875
[182,   300] loss: 0.288 accuracy:87.953
[182,   400] loss: 0.287 accuracy:88.082
[182,   500] loss: 0.287 accuracy:88.119
[182,   600] loss: 0.288 accuracy:88.068
[182,   700] loss: 0.289 accuracy:88.011
test_accuracy is 88.660 after epochs 181
Saving..

Epoch: 182
[183,   100] loss: 0.281 accuracy:88.219
[183,   200] loss: 0.291 accuracy:87.797
[183,   300] loss: 0.295 accuracy:87.698
[183,   400] loss: 0.291 accuracy:87.781
[183,   500] loss: 0.292 accuracy:87.638
[183,   600] loss: 0.293 accuracy:87.625
[183,   700] loss: 0.292 accuracy:87.705
test_accuracy is 87.630 after epochs 182

Epoch: 183
[184,   100] loss: 0.287 accuracy:88.297
[184,   200] loss: 0.282 accuracy:88.406
[184,   300] loss: 0.282 accuracy:88.411
[184,   400] loss: 0.287 accuracy:88.098
[184,   500] loss: 0.285 accuracy:88.181
[184,   600] loss: 0.287 accuracy:88.086
[184,   700] loss: 0.286 accuracy:88.105
test_accuracy is 87.160 after epochs 183

Epoch: 184
[185,   100] loss: 0.284 accuracy:88.094
[185,   200] loss: 0.286 accuracy:88.039
[185,   300] loss: 0.290 accuracy:87.943
[185,   400] loss: 0.290 accuracy:87.879
[185,   500] loss: 0.291 accuracy:87.912
[185,   600] loss: 0.290 accuracy:87.974
[185,   700] loss: 0.290 accuracy:87.991
test_accuracy is 88.050 after epochs 184

Epoch: 185
[186,   100] loss: 0.286 accuracy:88.047
[186,   200] loss: 0.290 accuracy:87.992
[186,   300] loss: 0.286 accuracy:88.234
[186,   400] loss: 0.289 accuracy:88.141
[186,   500] loss: 0.287 accuracy:88.203
[186,   600] loss: 0.287 accuracy:88.167
[186,   700] loss: 0.288 accuracy:88.132
test_accuracy is 87.370 after epochs 185

Epoch: 186
[187,   100] loss: 0.289 accuracy:87.703
[187,   200] loss: 0.292 accuracy:87.828
[187,   300] loss: 0.294 accuracy:87.750
[187,   400] loss: 0.292 accuracy:87.887
[187,   500] loss: 0.292 accuracy:87.922
[187,   600] loss: 0.291 accuracy:87.987
[187,   700] loss: 0.290 accuracy:87.993
test_accuracy is 87.300 after epochs 186

Epoch: 187
[188,   100] loss: 0.287 accuracy:88.266
[188,   200] loss: 0.293 accuracy:88.016
[188,   300] loss: 0.291 accuracy:88.047
[188,   400] loss: 0.290 accuracy:88.078
[188,   500] loss: 0.287 accuracy:88.191
[188,   600] loss: 0.285 accuracy:88.271
[188,   700] loss: 0.285 accuracy:88.181
test_accuracy is 87.240 after epochs 187

Epoch: 188
[189,   100] loss: 0.297 accuracy:87.547
[189,   200] loss: 0.294 accuracy:87.844
[189,   300] loss: 0.289 accuracy:88.031
[189,   400] loss: 0.287 accuracy:88.172
[189,   500] loss: 0.288 accuracy:88.131
[189,   600] loss: 0.289 accuracy:88.044
[189,   700] loss: 0.289 accuracy:88.013
test_accuracy is 86.790 after epochs 188

Epoch: 189
[190,   100] loss: 0.287 accuracy:88.422
[190,   200] loss: 0.283 accuracy:88.398
[190,   300] loss: 0.281 accuracy:88.474
[190,   400] loss: 0.286 accuracy:88.203
[190,   500] loss: 0.284 accuracy:88.259
[190,   600] loss: 0.284 accuracy:88.266
[190,   700] loss: 0.284 accuracy:88.317
test_accuracy is 86.680 after epochs 189

Epoch: 190
[191,   100] loss: 0.285 accuracy:88.234
[191,   200] loss: 0.286 accuracy:88.211
[191,   300] loss: 0.288 accuracy:88.219
[191,   400] loss: 0.288 accuracy:88.203
[191,   500] loss: 0.288 accuracy:88.128
[191,   600] loss: 0.290 accuracy:88.031
[191,   700] loss: 0.289 accuracy:88.089
test_accuracy is 86.180 after epochs 190

Epoch: 191
[192,   100] loss: 0.287 accuracy:87.844
[192,   200] loss: 0.291 accuracy:87.836
[192,   300] loss: 0.288 accuracy:88.005
[192,   400] loss: 0.287 accuracy:88.043
[192,   500] loss: 0.288 accuracy:88.031
[192,   600] loss: 0.287 accuracy:88.039
[192,   700] loss: 0.287 accuracy:88.083
test_accuracy is 87.870 after epochs 191

Epoch: 192
[193,   100] loss: 0.280 accuracy:88.422
[193,   200] loss: 0.278 accuracy:88.609
[193,   300] loss: 0.278 accuracy:88.542
[193,   400] loss: 0.280 accuracy:88.367
[193,   500] loss: 0.283 accuracy:88.316
[193,   600] loss: 0.285 accuracy:88.180
[193,   700] loss: 0.287 accuracy:88.087
test_accuracy is 87.030 after epochs 192

Epoch: 193
[194,   100] loss: 0.287 accuracy:88.219
[194,   200] loss: 0.286 accuracy:88.352
[194,   300] loss: 0.289 accuracy:88.089
[194,   400] loss: 0.285 accuracy:88.316
[194,   500] loss: 0.286 accuracy:88.272
[194,   600] loss: 0.287 accuracy:88.266
[194,   700] loss: 0.286 accuracy:88.295
test_accuracy is 86.670 after epochs 193

Epoch: 194
[195,   100] loss: 0.297 accuracy:87.688
[195,   200] loss: 0.291 accuracy:88.039
[195,   300] loss: 0.287 accuracy:88.302
[195,   400] loss: 0.287 accuracy:88.297
[195,   500] loss: 0.288 accuracy:88.188
[195,   600] loss: 0.288 accuracy:88.174
[195,   700] loss: 0.287 accuracy:88.225
test_accuracy is 87.700 after epochs 194

Epoch: 195
[196,   100] loss: 0.286 accuracy:88.062
[196,   200] loss: 0.287 accuracy:88.203
[196,   300] loss: 0.284 accuracy:88.443
[196,   400] loss: 0.282 accuracy:88.602
[196,   500] loss: 0.285 accuracy:88.453
[196,   600] loss: 0.284 accuracy:88.471
[196,   700] loss: 0.285 accuracy:88.424
test_accuracy is 87.410 after epochs 195

Epoch: 196
[197,   100] loss: 0.284 accuracy:88.406
[197,   200] loss: 0.289 accuracy:88.125
[197,   300] loss: 0.288 accuracy:88.167
[197,   400] loss: 0.287 accuracy:88.188
[197,   500] loss: 0.285 accuracy:88.306
[197,   600] loss: 0.285 accuracy:88.273
[197,   700] loss: 0.284 accuracy:88.346
test_accuracy is 87.730 after epochs 196

Epoch: 197
[198,   100] loss: 0.291 accuracy:87.750
[198,   200] loss: 0.285 accuracy:88.172
[198,   300] loss: 0.282 accuracy:88.396
[198,   400] loss: 0.281 accuracy:88.484
[198,   500] loss: 0.282 accuracy:88.356
[198,   600] loss: 0.284 accuracy:88.312
[198,   700] loss: 0.285 accuracy:88.250
test_accuracy is 87.170 after epochs 197

Epoch: 198
[199,   100] loss: 0.284 accuracy:88.219
[199,   200] loss: 0.283 accuracy:88.414
[199,   300] loss: 0.282 accuracy:88.422
[199,   400] loss: 0.283 accuracy:88.344
[199,   500] loss: 0.283 accuracy:88.287
[199,   600] loss: 0.285 accuracy:88.250
[199,   700] loss: 0.287 accuracy:88.167
test_accuracy is 87.610 after epochs 198

Epoch: 199
[200,   100] loss: 0.286 accuracy:87.781
[200,   200] loss: 0.286 accuracy:87.828
[200,   300] loss: 0.284 accuracy:88.130
[200,   400] loss: 0.287 accuracy:88.020
[200,   500] loss: 0.287 accuracy:88.053
[200,   600] loss: 0.286 accuracy:88.128
[200,   700] loss: 0.285 accuracy:88.196
test_accuracy is 87.350 after epochs 199
