000 (9126475.011.000) 02/11 02:35:28 Job submitted from host: <10.15.2.1:9618?PrivAddr=%3c172.22.0.101:9618%3fsock%3d2293896_6fb7_6%3e&PrivNet=internal.cluster.is.localnet&addrs=10.15.2.1-9618&noUDP&sock=2293896_6fb7_6>
...
001 (9126475.011.000) 02/11 02:38:29 Job executing on host: <172.22.2.69:9618?addrs=172.22.2.69-9618&noUDP&sock=3307_e7c9_3>
...
006 (9126475.011.000) 02/11 02:38:38 Image size of job updated: 126536
	72  -  MemoryUsage of job (MB)
	72944  -  ResidentSetSize of job (KB)
...
006 (9126475.011.000) 02/11 02:43:39 Image size of job updated: 2335168
	2033  -  MemoryUsage of job (MB)
	2081464  -  ResidentSetSize of job (KB)
...
005 (9126475.011.000) 02/11 05:15:58 Job terminated.
	(1) Normal termination (return value 0)
		Usr 0 02:31:54, Sys 0 00:05:13  -  Run Remote Usage
		Usr 0 00:00:00, Sys 0 00:00:00  -  Run Local Usage
		Usr 0 02:31:54, Sys 0 00:05:13  -  Total Remote Usage
		Usr 0 00:00:00, Sys 0 00:00:00  -  Total Local Usage
	0  -  Run Bytes Sent By Job
	0  -  Run Bytes Received By Job
	0  -  Total Bytes Sent By Job
	0  -  Total Bytes Received By Job
	Partitionable Resources :    Usage  Request Allocated Assigned
	   Cpus                 :     1.00        1         1 
	   Disk (KB)            :     2           2    846106 
	   Gpus                 :     0.70        1         1 "CUDA5"
	   Memory (MB)          :  2033       48000     48000 
...
