HXLN_LN_LSTM-default-data-Triangle-version-0-num_layers-4-num_templates-4-dropout-0.1-epochs-200-patch_size-4-num_heads-4-batch_size-64-lr-0.0001-256-512-2-2-True-6-True-False-10-True-8-False-2
transformer embed_dim 256
functional? False
total heads 4
head dim 64
use topk?False
topk:10
MEM SLOTS:8
Null attention:False
USING SHARED MEMORY ATTENTION +++++++++
Using gate style unit
query:32896
key:32896
value:65792
attention_mlp:65792
layernorm1:512
layernorm2:512
input_projector:65792
input projector:256
input_gate_projector:208640
memory_gate_projector:1052672
relational volatie!!!
1525506
Total number of parameters:1948678

Epoch: 0
[1,   100] loss: 0.734 accuracy:49.922
[1,   200] loss: 0.726 accuracy:49.930
[1,   300] loss: 0.724 accuracy:49.990
[1,   400] loss: 0.722 accuracy:49.773
[1,   500] loss: 0.719 accuracy:49.784
[1,   600] loss: 0.716 accuracy:49.789
[1,   700] loss: 0.714 accuracy:49.719
test_accuracy is 49.340 after epochs 0
Saving..

Epoch: 1
[2,   100] loss: 0.706 accuracy:49.656
[2,   200] loss: 0.704 accuracy:49.734
[2,   300] loss: 0.703 accuracy:49.568
[2,   400] loss: 0.703 accuracy:49.570
[2,   500] loss: 0.702 accuracy:49.772
[2,   600] loss: 0.702 accuracy:49.891
[2,   700] loss: 0.701 accuracy:49.982
test_accuracy is 55.760 after epochs 1
Saving..

Epoch: 2
[3,   100] loss: 0.698 accuracy:50.344
[3,   200] loss: 0.699 accuracy:50.172
[3,   300] loss: 0.698 accuracy:50.224
[3,   400] loss: 0.699 accuracy:50.281
[3,   500] loss: 0.699 accuracy:50.347
[3,   600] loss: 0.699 accuracy:50.242
[3,   700] loss: 0.698 accuracy:50.346
test_accuracy is 49.600 after epochs 2

Epoch: 3
[4,   100] loss: 0.696 accuracy:50.797
[4,   200] loss: 0.697 accuracy:49.852
[4,   300] loss: 0.696 accuracy:49.979
[4,   400] loss: 0.697 accuracy:49.734
[4,   500] loss: 0.697 accuracy:49.972
[4,   600] loss: 0.697 accuracy:50.055
[4,   700] loss: 0.697 accuracy:50.114
test_accuracy is 51.310 after epochs 3

Epoch: 4
[5,   100] loss: 0.694 accuracy:51.391
[5,   200] loss: 0.695 accuracy:50.484
[5,   300] loss: 0.696 accuracy:50.448
[5,   400] loss: 0.696 accuracy:50.648
[5,   500] loss: 0.695 accuracy:50.641
[5,   600] loss: 0.696 accuracy:50.464
[5,   700] loss: 0.696 accuracy:50.333
test_accuracy is 50.040 after epochs 4

Epoch: 5
[6,   100] loss: 0.694 accuracy:51.766
[6,   200] loss: 0.694 accuracy:51.359
[6,   300] loss: 0.695 accuracy:50.875
[6,   400] loss: 0.695 accuracy:50.852
[6,   500] loss: 0.695 accuracy:50.781
[6,   600] loss: 0.695 accuracy:50.776
[6,   700] loss: 0.695 accuracy:50.801
test_accuracy is 49.520 after epochs 5

Epoch: 6
[7,   100] loss: 0.695 accuracy:49.797
[7,   200] loss: 0.695 accuracy:49.578
[7,   300] loss: 0.695 accuracy:50.073
[7,   400] loss: 0.695 accuracy:50.098
[7,   500] loss: 0.695 accuracy:50.250
[7,   600] loss: 0.695 accuracy:50.503
[7,   700] loss: 0.695 accuracy:50.562
test_accuracy is 51.310 after epochs 6

Epoch: 7
[8,   100] loss: 0.696 accuracy:49.312
[8,   200] loss: 0.696 accuracy:49.766
[8,   300] loss: 0.695 accuracy:49.833
[8,   400] loss: 0.695 accuracy:50.312
[8,   500] loss: 0.695 accuracy:50.503
[8,   600] loss: 0.694 accuracy:50.654
[8,   700] loss: 0.694 accuracy:50.940
test_accuracy is 51.590 after epochs 7

Epoch: 8
[9,   100] loss: 0.695 accuracy:50.359
[9,   200] loss: 0.694 accuracy:51.078
[9,   300] loss: 0.694 accuracy:51.318
[9,   400] loss: 0.693 accuracy:51.762
[9,   500] loss: 0.693 accuracy:51.731
[9,   600] loss: 0.693 accuracy:51.852
[9,   700] loss: 0.693 accuracy:51.728
test_accuracy is 49.700 after epochs 8

Epoch: 9
[10,   100] loss: 0.694 accuracy:51.266
[10,   200] loss: 0.693 accuracy:52.172
[10,   300] loss: 0.693 accuracy:52.453
[10,   400] loss: 0.693 accuracy:52.305
[10,   500] loss: 0.692 accuracy:52.319
[10,   600] loss: 0.692 accuracy:52.318
[10,   700] loss: 0.692 accuracy:52.174
test_accuracy is 50.480 after epochs 9

Epoch: 10
[11,   100] loss: 0.691 accuracy:52.938
[11,   200] loss: 0.691 accuracy:52.531
[11,   300] loss: 0.691 accuracy:52.641
[11,   400] loss: 0.691 accuracy:52.773
[11,   500] loss: 0.691 accuracy:52.809
[11,   600] loss: 0.691 accuracy:52.760
[11,   700] loss: 0.691 accuracy:52.750
test_accuracy is 53.140 after epochs 10

Epoch: 11
[12,   100] loss: 0.686 accuracy:54.828
[12,   200] loss: 0.689 accuracy:53.836
[12,   300] loss: 0.689 accuracy:53.875
[12,   400] loss: 0.689 accuracy:53.789
[12,   500] loss: 0.689 accuracy:53.869
[12,   600] loss: 0.689 accuracy:53.773
[12,   700] loss: 0.690 accuracy:53.571
test_accuracy is 51.300 after epochs 11

Epoch: 12
[13,   100] loss: 0.691 accuracy:52.031
[13,   200] loss: 0.690 accuracy:52.609
[13,   300] loss: 0.690 accuracy:52.875
[13,   400] loss: 0.690 accuracy:53.254
[13,   500] loss: 0.689 accuracy:53.328
[13,   600] loss: 0.689 accuracy:53.518
[13,   700] loss: 0.689 accuracy:53.335
test_accuracy is 56.210 after epochs 12
Saving..

Epoch: 13
[14,   100] loss: 0.689 accuracy:53.328
[14,   200] loss: 0.688 accuracy:54.078
[14,   300] loss: 0.688 accuracy:53.880
[14,   400] loss: 0.687 accuracy:54.371
[14,   500] loss: 0.687 accuracy:54.541
[14,   600] loss: 0.687 accuracy:54.372
[14,   700] loss: 0.687 accuracy:54.379
test_accuracy is 55.920 after epochs 13

Epoch: 14
[15,   100] loss: 0.686 accuracy:53.672
[15,   200] loss: 0.687 accuracy:54.242
[15,   300] loss: 0.686 accuracy:54.500
[15,   400] loss: 0.686 accuracy:54.801
[15,   500] loss: 0.686 accuracy:54.750
[15,   600] loss: 0.686 accuracy:54.906
[15,   700] loss: 0.685 accuracy:55.094
test_accuracy is 56.010 after epochs 14

Epoch: 15
[16,   100] loss: 0.686 accuracy:54.766
[16,   200] loss: 0.686 accuracy:54.883
[16,   300] loss: 0.686 accuracy:55.182
[16,   400] loss: 0.685 accuracy:55.355
[16,   500] loss: 0.685 accuracy:55.378
[16,   600] loss: 0.685 accuracy:55.398
[16,   700] loss: 0.686 accuracy:55.217
test_accuracy is 55.000 after epochs 15

Epoch: 16
[17,   100] loss: 0.690 accuracy:53.391
[17,   200] loss: 0.686 accuracy:54.500
[17,   300] loss: 0.685 accuracy:55.057
[17,   400] loss: 0.685 accuracy:55.105
[17,   500] loss: 0.685 accuracy:55.059
[17,   600] loss: 0.685 accuracy:55.148
[17,   700] loss: 0.685 accuracy:55.143
test_accuracy is 57.360 after epochs 16
Saving..

Epoch: 17
[18,   100] loss: 0.682 accuracy:56.406
[18,   200] loss: 0.684 accuracy:56.016
[18,   300] loss: 0.683 accuracy:56.083
[18,   400] loss: 0.684 accuracy:55.941
[18,   500] loss: 0.683 accuracy:56.247
[18,   600] loss: 0.683 accuracy:56.112
[18,   700] loss: 0.684 accuracy:55.886
test_accuracy is 57.550 after epochs 17
Saving..

Epoch: 18
[19,   100] loss: 0.685 accuracy:55.422
[19,   200] loss: 0.684 accuracy:55.648
[19,   300] loss: 0.685 accuracy:55.708
[19,   400] loss: 0.685 accuracy:55.559
[19,   500] loss: 0.684 accuracy:55.716
[19,   600] loss: 0.684 accuracy:55.490
[19,   700] loss: 0.684 accuracy:55.690
test_accuracy is 54.780 after epochs 18

Epoch: 19
[20,   100] loss: 0.682 accuracy:56.172
[20,   200] loss: 0.682 accuracy:56.172
[20,   300] loss: 0.681 accuracy:56.349
[20,   400] loss: 0.682 accuracy:56.109
[20,   500] loss: 0.683 accuracy:55.806
[20,   600] loss: 0.682 accuracy:55.815
[20,   700] loss: 0.682 accuracy:55.944
test_accuracy is 56.230 after epochs 19

Epoch: 20
[21,   100] loss: 0.682 accuracy:56.453
[21,   200] loss: 0.683 accuracy:56.164
[21,   300] loss: 0.683 accuracy:56.250
[21,   400] loss: 0.682 accuracy:56.273
[21,   500] loss: 0.682 accuracy:56.319
[21,   600] loss: 0.682 accuracy:56.135
[21,   700] loss: 0.682 accuracy:56.239
test_accuracy is 57.410 after epochs 20

Epoch: 21
[22,   100] loss: 0.682 accuracy:56.516
[22,   200] loss: 0.682 accuracy:56.445
[22,   300] loss: 0.682 accuracy:56.552
[22,   400] loss: 0.681 accuracy:56.844
[22,   500] loss: 0.681 accuracy:56.891
[22,   600] loss: 0.681 accuracy:56.938
[22,   700] loss: 0.680 accuracy:56.987
test_accuracy is 58.310 after epochs 21
Saving..

Epoch: 22
[23,   100] loss: 0.683 accuracy:56.016
[23,   200] loss: 0.683 accuracy:55.961
[23,   300] loss: 0.682 accuracy:56.266
[23,   400] loss: 0.682 accuracy:56.383
[23,   500] loss: 0.682 accuracy:56.491
[23,   600] loss: 0.682 accuracy:56.276
[23,   700] loss: 0.682 accuracy:56.371
test_accuracy is 57.550 after epochs 22

Epoch: 23
[24,   100] loss: 0.682 accuracy:56.328
[24,   200] loss: 0.682 accuracy:56.633
[24,   300] loss: 0.682 accuracy:56.583
[24,   400] loss: 0.681 accuracy:56.707
[24,   500] loss: 0.680 accuracy:56.928
[24,   600] loss: 0.680 accuracy:57.013
[24,   700] loss: 0.681 accuracy:56.826
test_accuracy is 57.620 after epochs 23

Epoch: 24
[25,   100] loss: 0.678 accuracy:57.875
[25,   200] loss: 0.679 accuracy:57.430
[25,   300] loss: 0.681 accuracy:56.667
[25,   400] loss: 0.681 accuracy:56.590
[25,   500] loss: 0.681 accuracy:56.644
[25,   600] loss: 0.681 accuracy:56.490
[25,   700] loss: 0.681 accuracy:56.406
test_accuracy is 57.810 after epochs 24

Epoch: 25
[26,   100] loss: 0.684 accuracy:55.156
[26,   200] loss: 0.685 accuracy:55.094
[26,   300] loss: 0.685 accuracy:54.964
[26,   400] loss: 0.683 accuracy:55.535
[26,   500] loss: 0.683 accuracy:55.691
[26,   600] loss: 0.682 accuracy:55.919
[26,   700] loss: 0.682 accuracy:56.254
test_accuracy is 57.280 after epochs 25

Epoch: 26
[27,   100] loss: 0.680 accuracy:56.359
[27,   200] loss: 0.679 accuracy:56.938
[27,   300] loss: 0.679 accuracy:56.880
[27,   400] loss: 0.679 accuracy:56.875
[27,   500] loss: 0.678 accuracy:57.053
[27,   600] loss: 0.678 accuracy:57.029
[27,   700] loss: 0.679 accuracy:56.725
test_accuracy is 55.480 after epochs 26

Epoch: 27
[28,   100] loss: 0.682 accuracy:56.469
[28,   200] loss: 0.680 accuracy:56.953
[28,   300] loss: 0.680 accuracy:56.661
[28,   400] loss: 0.681 accuracy:56.730
[28,   500] loss: 0.680 accuracy:56.906
[28,   600] loss: 0.680 accuracy:56.992
[28,   700] loss: 0.680 accuracy:57.074
test_accuracy is 58.070 after epochs 27

Epoch: 28
[29,   100] loss: 0.673 accuracy:58.438
[29,   200] loss: 0.675 accuracy:57.922
[29,   300] loss: 0.676 accuracy:57.698
[29,   400] loss: 0.677 accuracy:57.457
[29,   500] loss: 0.678 accuracy:57.309
[29,   600] loss: 0.678 accuracy:57.268
[29,   700] loss: 0.678 accuracy:57.339
test_accuracy is 58.250 after epochs 28

Epoch: 29
[30,   100] loss: 0.679 accuracy:56.797
[30,   200] loss: 0.678 accuracy:57.453
[30,   300] loss: 0.678 accuracy:57.552
[30,   400] loss: 0.679 accuracy:56.922
[30,   500] loss: 0.678 accuracy:57.172
[30,   600] loss: 0.678 accuracy:57.284
[30,   700] loss: 0.677 accuracy:57.565
test_accuracy is 58.490 after epochs 29
Saving..

Epoch: 30
[31,   100] loss: 0.679 accuracy:56.484
[31,   200] loss: 0.679 accuracy:56.453
[31,   300] loss: 0.680 accuracy:56.411
[31,   400] loss: 0.679 accuracy:56.711
[31,   500] loss: 0.679 accuracy:56.959
[31,   600] loss: 0.679 accuracy:57.099
[31,   700] loss: 0.679 accuracy:57.125
test_accuracy is 56.950 after epochs 30

Epoch: 31
[32,   100] loss: 0.680 accuracy:56.719
[32,   200] loss: 0.679 accuracy:57.195
[32,   300] loss: 0.677 accuracy:57.427
[32,   400] loss: 0.678 accuracy:57.363
[32,   500] loss: 0.678 accuracy:57.347
[32,   600] loss: 0.677 accuracy:57.620
[32,   700] loss: 0.677 accuracy:57.513
test_accuracy is 58.710 after epochs 31
Saving..

Epoch: 32
[33,   100] loss: 0.676 accuracy:57.688
[33,   200] loss: 0.676 accuracy:57.547
[33,   300] loss: 0.676 accuracy:57.865
[33,   400] loss: 0.675 accuracy:58.098
[33,   500] loss: 0.674 accuracy:58.059
[33,   600] loss: 0.675 accuracy:57.893
[33,   700] loss: 0.676 accuracy:57.712
test_accuracy is 53.600 after epochs 32

Epoch: 33
[34,   100] loss: 0.671 accuracy:58.922
[34,   200] loss: 0.673 accuracy:58.281
[34,   300] loss: 0.672 accuracy:58.432
[34,   400] loss: 0.671 accuracy:58.590
[34,   500] loss: 0.671 accuracy:58.491
[34,   600] loss: 0.671 accuracy:58.391
[34,   700] loss: 0.672 accuracy:58.339
test_accuracy is 56.520 after epochs 33

Epoch: 34
[35,   100] loss: 0.672 accuracy:58.328
[35,   200] loss: 0.669 accuracy:59.258
[35,   300] loss: 0.670 accuracy:58.943
[35,   400] loss: 0.671 accuracy:58.539
[35,   500] loss: 0.672 accuracy:58.456
[35,   600] loss: 0.671 accuracy:58.609
[35,   700] loss: 0.671 accuracy:58.542
test_accuracy is 59.160 after epochs 34
Saving..

Epoch: 35
[36,   100] loss: 0.673 accuracy:58.594
[36,   200] loss: 0.670 accuracy:59.039
[36,   300] loss: 0.670 accuracy:58.667
[36,   400] loss: 0.670 accuracy:58.930
[36,   500] loss: 0.671 accuracy:58.778
[36,   600] loss: 0.670 accuracy:58.823
[36,   700] loss: 0.671 accuracy:58.650
test_accuracy is 56.390 after epochs 35

Epoch: 36
[37,   100] loss: 0.680 accuracy:56.750
[37,   200] loss: 0.681 accuracy:55.859
[37,   300] loss: 0.679 accuracy:56.516
[37,   400] loss: 0.677 accuracy:56.930
[37,   500] loss: 0.678 accuracy:57.091
[37,   600] loss: 0.676 accuracy:57.318
[37,   700] loss: 0.676 accuracy:57.400
test_accuracy is 58.610 after epochs 36

Epoch: 37
[38,   100] loss: 0.659 accuracy:60.688
[38,   200] loss: 0.661 accuracy:60.273
[38,   300] loss: 0.664 accuracy:59.604
[38,   400] loss: 0.666 accuracy:59.383
[38,   500] loss: 0.667 accuracy:59.097
[38,   600] loss: 0.667 accuracy:59.128
[38,   700] loss: 0.667 accuracy:59.138
test_accuracy is 58.280 after epochs 37

Epoch: 38
[39,   100] loss: 0.663 accuracy:58.922
[39,   200] loss: 0.664 accuracy:59.172
[39,   300] loss: 0.664 accuracy:59.240
[39,   400] loss: 0.666 accuracy:59.227
[39,   500] loss: 0.666 accuracy:59.212
[39,   600] loss: 0.666 accuracy:59.125
[39,   700] loss: 0.666 accuracy:59.219
test_accuracy is 61.000 after epochs 38
Saving..

Epoch: 39
[40,   100] loss: 0.666 accuracy:59.406
[40,   200] loss: 0.665 accuracy:59.469
[40,   300] loss: 0.666 accuracy:59.333
[40,   400] loss: 0.665 accuracy:59.418
[40,   500] loss: 0.666 accuracy:59.400
[40,   600] loss: 0.666 accuracy:59.396
[40,   700] loss: 0.666 accuracy:59.266
test_accuracy is 58.180 after epochs 39

Epoch: 40
[41,   100] loss: 0.665 accuracy:59.906
[41,   200] loss: 0.667 accuracy:59.219
[41,   300] loss: 0.666 accuracy:59.240
[41,   400] loss: 0.666 accuracy:59.133
[41,   500] loss: 0.664 accuracy:59.531
[41,   600] loss: 0.665 accuracy:59.430
[41,   700] loss: 0.664 accuracy:59.679
test_accuracy is 59.360 after epochs 40

Epoch: 41
[42,   100] loss: 0.672 accuracy:57.203
[42,   200] loss: 0.666 accuracy:58.547
[42,   300] loss: 0.666 accuracy:58.542
[42,   400] loss: 0.664 accuracy:59.070
[42,   500] loss: 0.663 accuracy:59.438
[42,   600] loss: 0.663 accuracy:59.435
[42,   700] loss: 0.663 accuracy:59.453
test_accuracy is 58.920 after epochs 41

Epoch: 42
[43,   100] loss: 0.661 accuracy:60.484
[43,   200] loss: 0.660 accuracy:60.375
[43,   300] loss: 0.660 accuracy:60.177
[43,   400] loss: 0.659 accuracy:60.246
[43,   500] loss: 0.658 accuracy:60.378
[43,   600] loss: 0.659 accuracy:60.086
[43,   700] loss: 0.658 accuracy:60.069
test_accuracy is 58.480 after epochs 42

Epoch: 43
[44,   100] loss: 0.649 accuracy:61.719
[44,   200] loss: 0.657 accuracy:60.594
[44,   300] loss: 0.656 accuracy:60.745
[44,   400] loss: 0.659 accuracy:60.359
[44,   500] loss: 0.658 accuracy:60.431
[44,   600] loss: 0.659 accuracy:60.333
[44,   700] loss: 0.657 accuracy:60.371
test_accuracy is 60.260 after epochs 43

Epoch: 44
[45,   100] loss: 0.653 accuracy:60.422
[45,   200] loss: 0.650 accuracy:61.344
[45,   300] loss: 0.650 accuracy:61.219
[45,   400] loss: 0.650 accuracy:61.129
[45,   500] loss: 0.651 accuracy:61.084
[45,   600] loss: 0.651 accuracy:61.005
[45,   700] loss: 0.651 accuracy:60.933
test_accuracy is 58.590 after epochs 44

Epoch: 45
[46,   100] loss: 0.658 accuracy:59.984
[46,   200] loss: 0.657 accuracy:60.484
[46,   300] loss: 0.653 accuracy:60.839
[46,   400] loss: 0.651 accuracy:60.941
[46,   500] loss: 0.651 accuracy:60.731
[46,   600] loss: 0.649 accuracy:60.958
[46,   700] loss: 0.647 accuracy:61.009
test_accuracy is 60.620 after epochs 45

Epoch: 46
[47,   100] loss: 0.645 accuracy:61.594
[47,   200] loss: 0.645 accuracy:61.406
[47,   300] loss: 0.641 accuracy:61.646
[47,   400] loss: 0.640 accuracy:61.973
[47,   500] loss: 0.639 accuracy:62.062
[47,   600] loss: 0.637 accuracy:62.271
[47,   700] loss: 0.634 accuracy:62.701
test_accuracy is 66.010 after epochs 46
Saving..

Epoch: 47
[48,   100] loss: 0.643 accuracy:61.422
[48,   200] loss: 0.627 accuracy:63.297
[48,   300] loss: 0.628 accuracy:63.005
[48,   400] loss: 0.625 accuracy:63.348
[48,   500] loss: 0.621 accuracy:63.716
[48,   600] loss: 0.620 accuracy:63.914
[48,   700] loss: 0.618 accuracy:64.100
test_accuracy is 66.230 after epochs 47
Saving..

Epoch: 48
[49,   100] loss: 0.606 accuracy:65.406
[49,   200] loss: 0.600 accuracy:66.117
[49,   300] loss: 0.606 accuracy:65.417
[49,   400] loss: 0.605 accuracy:65.477
[49,   500] loss: 0.602 accuracy:65.838
[49,   600] loss: 0.599 accuracy:66.115
[49,   700] loss: 0.596 accuracy:66.411
test_accuracy is 55.510 after epochs 48

Epoch: 49
[50,   100] loss: 0.605 accuracy:65.875
[50,   200] loss: 0.583 accuracy:67.766
[50,   300] loss: 0.577 accuracy:68.375
[50,   400] loss: 0.574 accuracy:68.676
[50,   500] loss: 0.570 accuracy:68.956
[50,   600] loss: 0.567 accuracy:69.242
[50,   700] loss: 0.565 accuracy:69.411
test_accuracy is 63.670 after epochs 49

Epoch: 50
[51,   100] loss: 0.539 accuracy:71.547
[51,   200] loss: 0.541 accuracy:71.359
[51,   300] loss: 0.542 accuracy:71.333
[51,   400] loss: 0.542 accuracy:71.172
[51,   500] loss: 0.541 accuracy:71.172
[51,   600] loss: 0.540 accuracy:71.266
[51,   700] loss: 0.537 accuracy:71.609
test_accuracy is 68.480 after epochs 50
Saving..

Epoch: 51
[52,   100] loss: 0.538 accuracy:71.531
[52,   200] loss: 0.531 accuracy:72.039
[52,   300] loss: 0.533 accuracy:71.917
[52,   400] loss: 0.529 accuracy:72.320
[52,   500] loss: 0.528 accuracy:72.522
[52,   600] loss: 0.525 accuracy:72.596
[52,   700] loss: 0.522 accuracy:72.801
test_accuracy is 73.430 after epochs 51
Saving..

Epoch: 52
[53,   100] loss: 0.496 accuracy:74.234
[53,   200] loss: 0.494 accuracy:74.617
[53,   300] loss: 0.501 accuracy:74.115
[53,   400] loss: 0.501 accuracy:74.043
[53,   500] loss: 0.500 accuracy:74.181
[53,   600] loss: 0.500 accuracy:74.109
[53,   700] loss: 0.500 accuracy:74.232
test_accuracy is 69.770 after epochs 52

Epoch: 53
[54,   100] loss: 0.511 accuracy:74.094
[54,   200] loss: 0.497 accuracy:74.805
[54,   300] loss: 0.495 accuracy:74.771
[54,   400] loss: 0.492 accuracy:74.969
[54,   500] loss: 0.488 accuracy:75.303
[54,   600] loss: 0.485 accuracy:75.583
[54,   700] loss: 0.484 accuracy:75.667
test_accuracy is 72.650 after epochs 53

Epoch: 54
[55,   100] loss: 0.483 accuracy:75.609
[55,   200] loss: 0.485 accuracy:75.562
[55,   300] loss: 0.479 accuracy:76.042
[55,   400] loss: 0.483 accuracy:75.785
[55,   500] loss: 0.480 accuracy:76.072
[55,   600] loss: 0.478 accuracy:76.245
[55,   700] loss: 0.473 accuracy:76.629
test_accuracy is 75.520 after epochs 54
Saving..

Epoch: 55
[56,   100] loss: 0.454 accuracy:78.391
[56,   200] loss: 0.467 accuracy:77.344
[56,   300] loss: 0.464 accuracy:77.354
[56,   400] loss: 0.463 accuracy:77.496
[56,   500] loss: 0.460 accuracy:77.716
[56,   600] loss: 0.459 accuracy:77.711
[56,   700] loss: 0.460 accuracy:77.719
test_accuracy is 75.880 after epochs 55
Saving..

Epoch: 56
[57,   100] loss: 0.455 accuracy:77.719
[57,   200] loss: 0.456 accuracy:77.734
[57,   300] loss: 0.454 accuracy:78.036
[57,   400] loss: 0.454 accuracy:78.039
[57,   500] loss: 0.451 accuracy:78.200
[57,   600] loss: 0.448 accuracy:78.393
[57,   700] loss: 0.444 accuracy:78.701
test_accuracy is 64.900 after epochs 56

Epoch: 57
[58,   100] loss: 0.447 accuracy:78.406
[58,   200] loss: 0.445 accuracy:78.438
[58,   300] loss: 0.441 accuracy:78.786
[58,   400] loss: 0.444 accuracy:78.477
[58,   500] loss: 0.444 accuracy:78.603
[58,   600] loss: 0.442 accuracy:78.766
[58,   700] loss: 0.441 accuracy:78.828
test_accuracy is 80.980 after epochs 57
Saving..

Epoch: 58
[59,   100] loss: 0.437 accuracy:79.438
[59,   200] loss: 0.435 accuracy:79.383
[59,   300] loss: 0.431 accuracy:79.688
[59,   400] loss: 0.434 accuracy:79.320
[59,   500] loss: 0.433 accuracy:79.375
[59,   600] loss: 0.431 accuracy:79.526
[59,   700] loss: 0.435 accuracy:79.134
test_accuracy is 72.300 after epochs 58

Epoch: 59
[60,   100] loss: 0.428 accuracy:80.031
[60,   200] loss: 0.429 accuracy:79.625
[60,   300] loss: 0.430 accuracy:79.547
[60,   400] loss: 0.428 accuracy:79.746
[60,   500] loss: 0.426 accuracy:80.028
[60,   600] loss: 0.428 accuracy:79.852
[60,   700] loss: 0.427 accuracy:79.931
test_accuracy is 77.620 after epochs 59

Epoch: 60
[61,   100] loss: 0.418 accuracy:80.344
[61,   200] loss: 0.418 accuracy:80.328
[61,   300] loss: 0.420 accuracy:80.240
[61,   400] loss: 0.416 accuracy:80.508
[61,   500] loss: 0.415 accuracy:80.556
[61,   600] loss: 0.415 accuracy:80.573
[61,   700] loss: 0.416 accuracy:80.569
test_accuracy is 82.080 after epochs 60
Saving..

Epoch: 61
[62,   100] loss: 0.426 accuracy:79.969
[62,   200] loss: 0.421 accuracy:80.031
[62,   300] loss: 0.421 accuracy:80.365
[62,   400] loss: 0.418 accuracy:80.633
[62,   500] loss: 0.420 accuracy:80.472
[62,   600] loss: 0.418 accuracy:80.453
[62,   700] loss: 0.416 accuracy:80.578
test_accuracy is 68.040 after epochs 61

Epoch: 62
[63,   100] loss: 0.402 accuracy:81.266
[63,   200] loss: 0.405 accuracy:81.258
[63,   300] loss: 0.410 accuracy:81.047
[63,   400] loss: 0.409 accuracy:81.102
[63,   500] loss: 0.405 accuracy:81.362
[63,   600] loss: 0.405 accuracy:81.333
[63,   700] loss: 0.407 accuracy:81.152
test_accuracy is 74.440 after epochs 62

Epoch: 63
[64,   100] loss: 0.408 accuracy:81.344
[64,   200] loss: 0.404 accuracy:81.406
[64,   300] loss: 0.405 accuracy:81.302
[64,   400] loss: 0.406 accuracy:81.164
[64,   500] loss: 0.403 accuracy:81.175
[64,   600] loss: 0.403 accuracy:81.172
[64,   700] loss: 0.405 accuracy:81.109
test_accuracy is 81.480 after epochs 63

Epoch: 64
[65,   100] loss: 0.388 accuracy:82.750
[65,   200] loss: 0.395 accuracy:82.188
[65,   300] loss: 0.397 accuracy:81.927
[65,   400] loss: 0.400 accuracy:81.785
[65,   500] loss: 0.401 accuracy:81.662
[65,   600] loss: 0.400 accuracy:81.654
[65,   700] loss: 0.402 accuracy:81.509
test_accuracy is 79.700 after epochs 64

Epoch: 65
[66,   100] loss: 0.398 accuracy:81.547
[66,   200] loss: 0.396 accuracy:81.789
[66,   300] loss: 0.390 accuracy:82.125
[66,   400] loss: 0.390 accuracy:82.129
[66,   500] loss: 0.388 accuracy:82.191
[66,   600] loss: 0.388 accuracy:82.193
[66,   700] loss: 0.388 accuracy:82.290
test_accuracy is 84.020 after epochs 65
Saving..

Epoch: 66
[67,   100] loss: 0.382 accuracy:82.781
[67,   200] loss: 0.379 accuracy:82.750
[67,   300] loss: 0.378 accuracy:82.870
[67,   400] loss: 0.385 accuracy:82.516
[67,   500] loss: 0.386 accuracy:82.447
[67,   600] loss: 0.387 accuracy:82.385
[67,   700] loss: 0.388 accuracy:82.355
test_accuracy is 79.120 after epochs 66

Epoch: 67
[68,   100] loss: 0.404 accuracy:81.469
[68,   200] loss: 0.393 accuracy:82.016
[68,   300] loss: 0.390 accuracy:82.188
[68,   400] loss: 0.387 accuracy:82.367
[68,   500] loss: 0.385 accuracy:82.487
[68,   600] loss: 0.387 accuracy:82.292
[68,   700] loss: 0.387 accuracy:82.335
test_accuracy is 80.470 after epochs 67

Epoch: 68
[69,   100] loss: 0.381 accuracy:82.344
[69,   200] loss: 0.386 accuracy:82.273
[69,   300] loss: 0.381 accuracy:82.734
[69,   400] loss: 0.379 accuracy:82.879
[69,   500] loss: 0.377 accuracy:82.853
[69,   600] loss: 0.376 accuracy:82.932
[69,   700] loss: 0.377 accuracy:82.846
test_accuracy is 78.440 after epochs 68

Epoch: 69
[70,   100] loss: 0.381 accuracy:82.875
[70,   200] loss: 0.381 accuracy:82.906
[70,   300] loss: 0.377 accuracy:83.068
[70,   400] loss: 0.382 accuracy:82.793
[70,   500] loss: 0.382 accuracy:82.816
[70,   600] loss: 0.382 accuracy:82.807
[70,   700] loss: 0.381 accuracy:82.886
test_accuracy is 71.210 after epochs 69

Epoch: 70
[71,   100] loss: 0.378 accuracy:82.969
[71,   200] loss: 0.378 accuracy:83.070
[71,   300] loss: 0.377 accuracy:83.057
[71,   400] loss: 0.378 accuracy:82.941
[71,   500] loss: 0.378 accuracy:82.978
[71,   600] loss: 0.380 accuracy:82.812
[71,   700] loss: 0.379 accuracy:82.844
test_accuracy is 77.770 after epochs 70

Epoch: 71
[72,   100] loss: 0.359 accuracy:83.938
[72,   200] loss: 0.366 accuracy:83.648
[72,   300] loss: 0.368 accuracy:83.505
[72,   400] loss: 0.364 accuracy:83.859
[72,   500] loss: 0.361 accuracy:83.909
[72,   600] loss: 0.362 accuracy:83.896
[72,   700] loss: 0.363 accuracy:83.804
test_accuracy is 78.930 after epochs 71

Epoch: 72
[73,   100] loss: 0.363 accuracy:84.047
[73,   200] loss: 0.366 accuracy:83.828
[73,   300] loss: 0.372 accuracy:83.432
[73,   400] loss: 0.368 accuracy:83.711
[73,   500] loss: 0.370 accuracy:83.600
[73,   600] loss: 0.369 accuracy:83.646
[73,   700] loss: 0.368 accuracy:83.663
test_accuracy is 78.170 after epochs 72

Epoch: 73
[74,   100] loss: 0.377 accuracy:83.109
[74,   200] loss: 0.372 accuracy:83.258
[74,   300] loss: 0.363 accuracy:83.703
[74,   400] loss: 0.363 accuracy:83.758
[74,   500] loss: 0.361 accuracy:83.838
[74,   600] loss: 0.361 accuracy:83.875
[74,   700] loss: 0.360 accuracy:84.016
test_accuracy is 77.780 after epochs 73

Epoch: 74
[75,   100] loss: 0.377 accuracy:82.812
[75,   200] loss: 0.372 accuracy:83.055
[75,   300] loss: 0.365 accuracy:83.578
[75,   400] loss: 0.364 accuracy:83.801
[75,   500] loss: 0.367 accuracy:83.684
[75,   600] loss: 0.363 accuracy:83.969
[75,   700] loss: 0.362 accuracy:84.004
test_accuracy is 74.450 after epochs 74

Epoch: 75
[76,   100] loss: 0.365 accuracy:84.203
[76,   200] loss: 0.356 accuracy:84.523
[76,   300] loss: 0.357 accuracy:84.490
[76,   400] loss: 0.358 accuracy:84.340
[76,   500] loss: 0.358 accuracy:84.375
[76,   600] loss: 0.360 accuracy:84.294
[76,   700] loss: 0.360 accuracy:84.248
test_accuracy is 71.590 after epochs 75

Epoch: 76
[77,   100] loss: 0.351 accuracy:84.266
[77,   200] loss: 0.352 accuracy:84.438
[77,   300] loss: 0.356 accuracy:84.130
[77,   400] loss: 0.358 accuracy:84.070
[77,   500] loss: 0.356 accuracy:84.213
[77,   600] loss: 0.353 accuracy:84.451
[77,   700] loss: 0.353 accuracy:84.500
test_accuracy is 84.330 after epochs 76
Saving..

Epoch: 77
[78,   100] loss: 0.356 accuracy:84.234
[78,   200] loss: 0.348 accuracy:84.695
[78,   300] loss: 0.346 accuracy:84.922
[78,   400] loss: 0.345 accuracy:84.945
[78,   500] loss: 0.346 accuracy:84.800
[78,   600] loss: 0.346 accuracy:84.792
[78,   700] loss: 0.347 accuracy:84.699
test_accuracy is 82.500 after epochs 77

Epoch: 78
[79,   100] loss: 0.356 accuracy:84.531
[79,   200] loss: 0.345 accuracy:85.156
[79,   300] loss: 0.345 accuracy:85.115
[79,   400] loss: 0.349 accuracy:84.852
[79,   500] loss: 0.349 accuracy:84.831
[79,   600] loss: 0.348 accuracy:84.852
[79,   700] loss: 0.350 accuracy:84.701
test_accuracy is 81.610 after epochs 78

Epoch: 79
[80,   100] loss: 0.335 accuracy:85.641
[80,   200] loss: 0.341 accuracy:85.180
[80,   300] loss: 0.342 accuracy:85.052
[80,   400] loss: 0.343 accuracy:85.016
[80,   500] loss: 0.345 accuracy:84.925
[80,   600] loss: 0.346 accuracy:84.880
[80,   700] loss: 0.348 accuracy:84.766
test_accuracy is 81.990 after epochs 79

Epoch: 80
[81,   100] loss: 0.338 accuracy:85.453
[81,   200] loss: 0.340 accuracy:85.367
[81,   300] loss: 0.339 accuracy:85.490
[81,   400] loss: 0.339 accuracy:85.457
[81,   500] loss: 0.337 accuracy:85.584
[81,   600] loss: 0.338 accuracy:85.398
[81,   700] loss: 0.339 accuracy:85.308
test_accuracy is 67.560 after epochs 80

Epoch: 81
[82,   100] loss: 0.339 accuracy:84.875
[82,   200] loss: 0.335 accuracy:85.344
[82,   300] loss: 0.335 accuracy:85.510
[82,   400] loss: 0.335 accuracy:85.574
[82,   500] loss: 0.334 accuracy:85.591
[82,   600] loss: 0.337 accuracy:85.378
[82,   700] loss: 0.337 accuracy:85.404
test_accuracy is 79.560 after epochs 81

Epoch: 82
[83,   100] loss: 0.321 accuracy:86.234
[83,   200] loss: 0.325 accuracy:85.812
[83,   300] loss: 0.330 accuracy:85.620
[83,   400] loss: 0.330 accuracy:85.527
[83,   500] loss: 0.330 accuracy:85.581
[83,   600] loss: 0.331 accuracy:85.549
[83,   700] loss: 0.334 accuracy:85.438
test_accuracy is 86.750 after epochs 82
Saving..

Epoch: 83
[84,   100] loss: 0.343 accuracy:84.812
[84,   200] loss: 0.344 accuracy:84.750
[84,   300] loss: 0.336 accuracy:85.156
[84,   400] loss: 0.334 accuracy:85.355
[84,   500] loss: 0.334 accuracy:85.388
[84,   600] loss: 0.334 accuracy:85.357
[84,   700] loss: 0.335 accuracy:85.408
test_accuracy is 80.500 after epochs 83

Epoch: 84
[85,   100] loss: 0.319 accuracy:86.438
[85,   200] loss: 0.321 accuracy:86.266
[85,   300] loss: 0.328 accuracy:85.964
[85,   400] loss: 0.328 accuracy:85.926
[85,   500] loss: 0.333 accuracy:85.700
[85,   600] loss: 0.336 accuracy:85.594
[85,   700] loss: 0.335 accuracy:85.578
test_accuracy is 72.880 after epochs 84

Epoch: 85
[86,   100] loss: 0.327 accuracy:85.688
[86,   200] loss: 0.326 accuracy:85.844
[86,   300] loss: 0.332 accuracy:85.526
[86,   400] loss: 0.330 accuracy:85.691
[86,   500] loss: 0.328 accuracy:85.803
[86,   600] loss: 0.327 accuracy:85.930
[86,   700] loss: 0.327 accuracy:85.998
test_accuracy is 84.140 after epochs 85

Epoch: 86
[87,   100] loss: 0.331 accuracy:85.812
[87,   200] loss: 0.327 accuracy:85.984
[87,   300] loss: 0.317 accuracy:86.505
[87,   400] loss: 0.319 accuracy:86.422
[87,   500] loss: 0.320 accuracy:86.362
[87,   600] loss: 0.319 accuracy:86.417
[87,   700] loss: 0.321 accuracy:86.304
test_accuracy is 81.870 after epochs 86

Epoch: 87
[88,   100] loss: 0.332 accuracy:85.625
[88,   200] loss: 0.324 accuracy:86.102
[88,   300] loss: 0.326 accuracy:86.026
[88,   400] loss: 0.330 accuracy:85.805
[88,   500] loss: 0.328 accuracy:85.891
[88,   600] loss: 0.327 accuracy:85.927
[88,   700] loss: 0.325 accuracy:86.087
test_accuracy is 76.310 after epochs 87

Epoch: 88
[89,   100] loss: 0.316 accuracy:86.750
[89,   200] loss: 0.313 accuracy:86.773
[89,   300] loss: 0.313 accuracy:86.797
[89,   400] loss: 0.314 accuracy:86.684
[89,   500] loss: 0.315 accuracy:86.481
[89,   600] loss: 0.318 accuracy:86.424
[89,   700] loss: 0.317 accuracy:86.464
test_accuracy is 77.830 after epochs 88

Epoch: 89
[90,   100] loss: 0.319 accuracy:86.359
[90,   200] loss: 0.310 accuracy:86.820
[90,   300] loss: 0.310 accuracy:86.766
[90,   400] loss: 0.314 accuracy:86.555
[90,   500] loss: 0.315 accuracy:86.572
[90,   600] loss: 0.314 accuracy:86.612
[90,   700] loss: 0.317 accuracy:86.484
test_accuracy is 81.690 after epochs 89

Epoch: 90
[91,   100] loss: 0.322 accuracy:86.500
[91,   200] loss: 0.316 accuracy:86.641
[91,   300] loss: 0.320 accuracy:86.406
[91,   400] loss: 0.319 accuracy:86.480
[91,   500] loss: 0.318 accuracy:86.537
[91,   600] loss: 0.317 accuracy:86.599
[91,   700] loss: 0.316 accuracy:86.647
test_accuracy is 77.470 after epochs 90

Epoch: 91
[92,   100] loss: 0.319 accuracy:86.594
[92,   200] loss: 0.316 accuracy:86.555
[92,   300] loss: 0.318 accuracy:86.516
[92,   400] loss: 0.319 accuracy:86.441
[92,   500] loss: 0.315 accuracy:86.647
[92,   600] loss: 0.315 accuracy:86.633
[92,   700] loss: 0.320 accuracy:86.411
test_accuracy is 79.480 after epochs 91

Epoch: 92
[93,   100] loss: 0.319 accuracy:86.156
[93,   200] loss: 0.322 accuracy:85.961
[93,   300] loss: 0.314 accuracy:86.479
[93,   400] loss: 0.319 accuracy:86.332
[93,   500] loss: 0.320 accuracy:86.287
[93,   600] loss: 0.318 accuracy:86.417
[93,   700] loss: 0.317 accuracy:86.522
test_accuracy is 81.650 after epochs 92

Epoch: 93
[94,   100] loss: 0.294 accuracy:87.719
[94,   200] loss: 0.300 accuracy:87.492
[94,   300] loss: 0.303 accuracy:87.323
[94,   400] loss: 0.304 accuracy:87.148
[94,   500] loss: 0.304 accuracy:87.206
[94,   600] loss: 0.305 accuracy:87.146
[94,   700] loss: 0.307 accuracy:86.998
test_accuracy is 80.500 after epochs 93

Epoch: 94
[95,   100] loss: 0.303 accuracy:87.391
[95,   200] loss: 0.298 accuracy:87.570
[95,   300] loss: 0.307 accuracy:87.115
[95,   400] loss: 0.305 accuracy:87.371
[95,   500] loss: 0.305 accuracy:87.334
[95,   600] loss: 0.305 accuracy:87.297
[95,   700] loss: 0.303 accuracy:87.379
test_accuracy is 85.830 after epochs 94

Epoch: 95
[96,   100] loss: 0.306 accuracy:86.938
[96,   200] loss: 0.312 accuracy:86.859
[96,   300] loss: 0.311 accuracy:86.891
[96,   400] loss: 0.308 accuracy:87.027
[96,   500] loss: 0.306 accuracy:87.169
[96,   600] loss: 0.305 accuracy:87.177
[96,   700] loss: 0.306 accuracy:87.141
test_accuracy is 79.510 after epochs 95

Epoch: 96
[97,   100] loss: 0.310 accuracy:86.734
[97,   200] loss: 0.307 accuracy:87.000
[97,   300] loss: 0.308 accuracy:86.823
[97,   400] loss: 0.309 accuracy:86.773
[97,   500] loss: 0.309 accuracy:86.763
[97,   600] loss: 0.306 accuracy:86.901
[97,   700] loss: 0.306 accuracy:86.998
test_accuracy is 85.990 after epochs 96

Epoch: 97
[98,   100] loss: 0.290 accuracy:88.078
[98,   200] loss: 0.289 accuracy:88.078
[98,   300] loss: 0.291 accuracy:87.958
[98,   400] loss: 0.290 accuracy:87.988
[98,   500] loss: 0.294 accuracy:87.763
[98,   600] loss: 0.295 accuracy:87.742
[98,   700] loss: 0.295 accuracy:87.772
test_accuracy is 84.610 after epochs 97

Epoch: 98
[99,   100] loss: 0.315 accuracy:86.562
[99,   200] loss: 0.309 accuracy:87.164
[99,   300] loss: 0.307 accuracy:87.151
[99,   400] loss: 0.303 accuracy:87.219
[99,   500] loss: 0.301 accuracy:87.344
[99,   600] loss: 0.300 accuracy:87.362
[99,   700] loss: 0.299 accuracy:87.451
test_accuracy is 79.030 after epochs 98

Epoch: 99
[100,   100] loss: 0.310 accuracy:87.047
[100,   200] loss: 0.302 accuracy:87.453
[100,   300] loss: 0.301 accuracy:87.448
[100,   400] loss: 0.300 accuracy:87.508
[100,   500] loss: 0.301 accuracy:87.431
[100,   600] loss: 0.300 accuracy:87.510
[100,   700] loss: 0.297 accuracy:87.674
test_accuracy is 86.440 after epochs 99

Epoch: 100
[101,   100] loss: 0.299 accuracy:87.125
[101,   200] loss: 0.299 accuracy:87.391
[101,   300] loss: 0.297 accuracy:87.510
[101,   400] loss: 0.296 accuracy:87.613
[101,   500] loss: 0.300 accuracy:87.456
[101,   600] loss: 0.299 accuracy:87.484
[101,   700] loss: 0.297 accuracy:87.607
test_accuracy is 79.450 after epochs 100

Epoch: 101
[102,   100] loss: 0.290 accuracy:88.109
[102,   200] loss: 0.297 accuracy:87.727
[102,   300] loss: 0.291 accuracy:88.099
[102,   400] loss: 0.288 accuracy:88.195
[102,   500] loss: 0.291 accuracy:88.041
[102,   600] loss: 0.293 accuracy:87.953
[102,   700] loss: 0.292 accuracy:87.949
test_accuracy is 73.210 after epochs 101

Epoch: 102
[103,   100] loss: 0.298 accuracy:87.281
[103,   200] loss: 0.301 accuracy:87.430
[103,   300] loss: 0.298 accuracy:87.542
[103,   400] loss: 0.297 accuracy:87.621
[103,   500] loss: 0.295 accuracy:87.784
[103,   600] loss: 0.293 accuracy:87.849
[103,   700] loss: 0.293 accuracy:87.906
test_accuracy is 75.710 after epochs 102

Epoch: 103
[104,   100] loss: 0.298 accuracy:87.547
[104,   200] loss: 0.287 accuracy:88.086
[104,   300] loss: 0.288 accuracy:88.146
[104,   400] loss: 0.288 accuracy:88.133
[104,   500] loss: 0.292 accuracy:87.947
[104,   600] loss: 0.291 accuracy:88.031
[104,   700] loss: 0.288 accuracy:88.105
test_accuracy is 81.790 after epochs 103

Epoch: 104
[105,   100] loss: 0.275 accuracy:89.078
[105,   200] loss: 0.280 accuracy:88.578
[105,   300] loss: 0.286 accuracy:88.234
[105,   400] loss: 0.286 accuracy:88.289
[105,   500] loss: 0.286 accuracy:88.312
[105,   600] loss: 0.287 accuracy:88.227
[105,   700] loss: 0.284 accuracy:88.344
test_accuracy is 81.260 after epochs 104

Epoch: 105
[106,   100] loss: 0.280 accuracy:88.312
[106,   200] loss: 0.279 accuracy:88.297
[106,   300] loss: 0.282 accuracy:88.151
[106,   400] loss: 0.281 accuracy:88.293
[106,   500] loss: 0.281 accuracy:88.331
[106,   600] loss: 0.281 accuracy:88.367
[106,   700] loss: 0.282 accuracy:88.388
test_accuracy is 76.910 after epochs 105

Epoch: 106
[107,   100] loss: 0.285 accuracy:88.500
[107,   200] loss: 0.284 accuracy:88.500
[107,   300] loss: 0.283 accuracy:88.557
[107,   400] loss: 0.287 accuracy:88.184
[107,   500] loss: 0.285 accuracy:88.359
[107,   600] loss: 0.287 accuracy:88.307
[107,   700] loss: 0.287 accuracy:88.228
test_accuracy is 74.320 after epochs 106

Epoch: 107
[108,   100] loss: 0.284 accuracy:88.547
[108,   200] loss: 0.284 accuracy:88.523
[108,   300] loss: 0.283 accuracy:88.599
[108,   400] loss: 0.281 accuracy:88.719
[108,   500] loss: 0.283 accuracy:88.625
[108,   600] loss: 0.285 accuracy:88.466
[108,   700] loss: 0.283 accuracy:88.538
test_accuracy is 79.010 after epochs 107

Epoch: 108
[109,   100] loss: 0.285 accuracy:88.016
[109,   200] loss: 0.285 accuracy:88.172
[109,   300] loss: 0.282 accuracy:88.411
[109,   400] loss: 0.278 accuracy:88.680
[109,   500] loss: 0.279 accuracy:88.556
[109,   600] loss: 0.279 accuracy:88.594
[109,   700] loss: 0.279 accuracy:88.578
test_accuracy is 87.830 after epochs 108
Saving..

Epoch: 109
[110,   100] loss: 0.285 accuracy:88.453
[110,   200] loss: 0.286 accuracy:88.375
[110,   300] loss: 0.284 accuracy:88.469
[110,   400] loss: 0.282 accuracy:88.617
[110,   500] loss: 0.284 accuracy:88.506
[110,   600] loss: 0.283 accuracy:88.529
[110,   700] loss: 0.281 accuracy:88.592
test_accuracy is 83.250 after epochs 109

Epoch: 110
[111,   100] loss: 0.284 accuracy:88.375
[111,   200] loss: 0.277 accuracy:88.633
[111,   300] loss: 0.276 accuracy:88.693
[111,   400] loss: 0.278 accuracy:88.598
[111,   500] loss: 0.279 accuracy:88.509
[111,   600] loss: 0.277 accuracy:88.688
[111,   700] loss: 0.276 accuracy:88.712
test_accuracy is 82.480 after epochs 110

Epoch: 111
[112,   100] loss: 0.279 accuracy:88.438
[112,   200] loss: 0.281 accuracy:88.367
[112,   300] loss: 0.279 accuracy:88.536
[112,   400] loss: 0.282 accuracy:88.391
[112,   500] loss: 0.280 accuracy:88.478
[112,   600] loss: 0.278 accuracy:88.576
[112,   700] loss: 0.278 accuracy:88.583
test_accuracy is 80.920 after epochs 111

Epoch: 112
[113,   100] loss: 0.270 accuracy:89.250
[113,   200] loss: 0.276 accuracy:88.766
[113,   300] loss: 0.273 accuracy:88.922
[113,   400] loss: 0.275 accuracy:88.816
[113,   500] loss: 0.274 accuracy:88.875
[113,   600] loss: 0.275 accuracy:88.812
[113,   700] loss: 0.274 accuracy:88.884
test_accuracy is 83.740 after epochs 112

Epoch: 113
[114,   100] loss: 0.275 accuracy:88.641
[114,   200] loss: 0.274 accuracy:88.867
[114,   300] loss: 0.269 accuracy:89.151
[114,   400] loss: 0.273 accuracy:88.832
[114,   500] loss: 0.274 accuracy:88.778
[114,   600] loss: 0.273 accuracy:88.857
[114,   700] loss: 0.273 accuracy:88.817
test_accuracy is 78.440 after epochs 113

Epoch: 114
[115,   100] loss: 0.278 accuracy:88.812
[115,   200] loss: 0.270 accuracy:89.148
[115,   300] loss: 0.270 accuracy:88.953
[115,   400] loss: 0.268 accuracy:89.082
[115,   500] loss: 0.269 accuracy:89.059
[115,   600] loss: 0.270 accuracy:89.003
[115,   700] loss: 0.269 accuracy:89.107
test_accuracy is 85.100 after epochs 114

Epoch: 115
[116,   100] loss: 0.278 accuracy:88.641
[116,   200] loss: 0.270 accuracy:89.047
[116,   300] loss: 0.269 accuracy:89.172
[116,   400] loss: 0.270 accuracy:89.027
[116,   500] loss: 0.269 accuracy:89.122
[116,   600] loss: 0.267 accuracy:89.214
[116,   700] loss: 0.267 accuracy:89.183
test_accuracy is 82.430 after epochs 115

Epoch: 116
[117,   100] loss: 0.264 accuracy:89.219
[117,   200] loss: 0.261 accuracy:89.453
[117,   300] loss: 0.263 accuracy:89.354
[117,   400] loss: 0.266 accuracy:89.289
[117,   500] loss: 0.263 accuracy:89.494
[117,   600] loss: 0.264 accuracy:89.424
[117,   700] loss: 0.265 accuracy:89.388
test_accuracy is 81.600 after epochs 116

Epoch: 117
[118,   100] loss: 0.277 accuracy:88.781
[118,   200] loss: 0.267 accuracy:89.102
[118,   300] loss: 0.265 accuracy:89.182
[118,   400] loss: 0.263 accuracy:89.258
[118,   500] loss: 0.262 accuracy:89.416
[118,   600] loss: 0.261 accuracy:89.438
[118,   700] loss: 0.262 accuracy:89.413
test_accuracy is 77.680 after epochs 117

Epoch: 118
[119,   100] loss: 0.272 accuracy:88.828
[119,   200] loss: 0.273 accuracy:88.906
[119,   300] loss: 0.268 accuracy:89.156
[119,   400] loss: 0.269 accuracy:89.086
[119,   500] loss: 0.268 accuracy:89.259
[119,   600] loss: 0.266 accuracy:89.305
[119,   700] loss: 0.265 accuracy:89.377
test_accuracy is 86.500 after epochs 118

Epoch: 119
[120,   100] loss: 0.267 accuracy:89.094
[120,   200] loss: 0.266 accuracy:89.297
[120,   300] loss: 0.262 accuracy:89.505
[120,   400] loss: 0.263 accuracy:89.398
[120,   500] loss: 0.263 accuracy:89.378
[120,   600] loss: 0.262 accuracy:89.458
[120,   700] loss: 0.265 accuracy:89.326
test_accuracy is 78.720 after epochs 119

Epoch: 120
[121,   100] loss: 0.273 accuracy:89.031
[121,   200] loss: 0.271 accuracy:89.125
[121,   300] loss: 0.271 accuracy:89.094
[121,   400] loss: 0.266 accuracy:89.246
[121,   500] loss: 0.264 accuracy:89.347
[121,   600] loss: 0.262 accuracy:89.443
[121,   700] loss: 0.263 accuracy:89.422
test_accuracy is 80.400 after epochs 120

Epoch: 121
[122,   100] loss: 0.244 accuracy:90.672
[122,   200] loss: 0.256 accuracy:89.820
[122,   300] loss: 0.257 accuracy:89.818
[122,   400] loss: 0.256 accuracy:89.895
[122,   500] loss: 0.257 accuracy:89.859
[122,   600] loss: 0.257 accuracy:89.755
[122,   700] loss: 0.260 accuracy:89.578
test_accuracy is 79.310 after epochs 121

Epoch: 122
[123,   100] loss: 0.250 accuracy:90.109
[123,   200] loss: 0.261 accuracy:89.461
[123,   300] loss: 0.254 accuracy:89.818
[123,   400] loss: 0.253 accuracy:89.934
[123,   500] loss: 0.253 accuracy:89.925
[123,   600] loss: 0.252 accuracy:89.966
[123,   700] loss: 0.253 accuracy:89.951
test_accuracy is 79.430 after epochs 122

Epoch: 123
[124,   100] loss: 0.249 accuracy:90.109
[124,   200] loss: 0.247 accuracy:90.344
[124,   300] loss: 0.250 accuracy:90.245
[124,   400] loss: 0.252 accuracy:90.137
[124,   500] loss: 0.251 accuracy:90.181
[124,   600] loss: 0.251 accuracy:90.164
[124,   700] loss: 0.253 accuracy:90.049
test_accuracy is 77.470 after epochs 123

Epoch: 124
[125,   100] loss: 0.263 accuracy:89.781
[125,   200] loss: 0.256 accuracy:90.008
[125,   300] loss: 0.256 accuracy:89.927
[125,   400] loss: 0.255 accuracy:89.949
[125,   500] loss: 0.253 accuracy:90.041
[125,   600] loss: 0.252 accuracy:90.065
[125,   700] loss: 0.252 accuracy:90.069
test_accuracy is 81.340 after epochs 124

Epoch: 125
[126,   100] loss: 0.252 accuracy:89.688
[126,   200] loss: 0.252 accuracy:89.758
[126,   300] loss: 0.249 accuracy:90.031
[126,   400] loss: 0.251 accuracy:89.941
[126,   500] loss: 0.251 accuracy:90.000
[126,   600] loss: 0.250 accuracy:90.068
[126,   700] loss: 0.250 accuracy:90.051
test_accuracy is 82.640 after epochs 125

Epoch: 126
[127,   100] loss: 0.245 accuracy:90.484
[127,   200] loss: 0.250 accuracy:90.102
[127,   300] loss: 0.251 accuracy:89.964
[127,   400] loss: 0.253 accuracy:89.871
[127,   500] loss: 0.253 accuracy:89.844
[127,   600] loss: 0.253 accuracy:89.826
[127,   700] loss: 0.252 accuracy:89.900
test_accuracy is 73.670 after epochs 126

Epoch: 127
[128,   100] loss: 0.253 accuracy:89.672
[128,   200] loss: 0.246 accuracy:90.156
[128,   300] loss: 0.248 accuracy:90.078
[128,   400] loss: 0.248 accuracy:90.156
[128,   500] loss: 0.249 accuracy:90.188
[128,   600] loss: 0.246 accuracy:90.305
[128,   700] loss: 0.245 accuracy:90.362
test_accuracy is 75.880 after epochs 127

Epoch: 128
[129,   100] loss: 0.264 accuracy:89.812
[129,   200] loss: 0.251 accuracy:90.414
[129,   300] loss: 0.250 accuracy:90.474
[129,   400] loss: 0.248 accuracy:90.512
[129,   500] loss: 0.246 accuracy:90.544
[129,   600] loss: 0.244 accuracy:90.622
[129,   700] loss: 0.244 accuracy:90.556
test_accuracy is 83.110 after epochs 128

Epoch: 129
[130,   100] loss: 0.249 accuracy:90.359
[130,   200] loss: 0.250 accuracy:90.219
[130,   300] loss: 0.249 accuracy:90.292
[130,   400] loss: 0.250 accuracy:90.160
[130,   500] loss: 0.250 accuracy:90.156
[130,   600] loss: 0.248 accuracy:90.224
[130,   700] loss: 0.247 accuracy:90.259
test_accuracy is 83.050 after epochs 129

Epoch: 130
[131,   100] loss: 0.248 accuracy:90.203
[131,   200] loss: 0.245 accuracy:90.250
[131,   300] loss: 0.247 accuracy:90.276
[131,   400] loss: 0.244 accuracy:90.383
[131,   500] loss: 0.244 accuracy:90.378
[131,   600] loss: 0.245 accuracy:90.359
[131,   700] loss: 0.246 accuracy:90.310
test_accuracy is 85.430 after epochs 130

Epoch: 131
[132,   100] loss: 0.247 accuracy:90.016
[132,   200] loss: 0.249 accuracy:90.094
[132,   300] loss: 0.247 accuracy:90.177
[132,   400] loss: 0.247 accuracy:90.312
[132,   500] loss: 0.250 accuracy:90.131
[132,   600] loss: 0.249 accuracy:90.141
[132,   700] loss: 0.249 accuracy:90.121
test_accuracy is 81.480 after epochs 131

Epoch: 132
[133,   100] loss: 0.228 accuracy:91.188
[133,   200] loss: 0.234 accuracy:90.797
[133,   300] loss: 0.239 accuracy:90.510
[133,   400] loss: 0.240 accuracy:90.555
[133,   500] loss: 0.241 accuracy:90.525
[133,   600] loss: 0.239 accuracy:90.625
[133,   700] loss: 0.240 accuracy:90.569
test_accuracy is 78.330 after epochs 132

Epoch: 133
[134,   100] loss: 0.243 accuracy:90.453
[134,   200] loss: 0.236 accuracy:90.852
[134,   300] loss: 0.236 accuracy:90.880
[134,   400] loss: 0.239 accuracy:90.777
[134,   500] loss: 0.239 accuracy:90.756
[134,   600] loss: 0.239 accuracy:90.701
[134,   700] loss: 0.238 accuracy:90.748
test_accuracy is 78.310 after epochs 133

Epoch: 134
[135,   100] loss: 0.238 accuracy:90.750
[135,   200] loss: 0.240 accuracy:90.602
[135,   300] loss: 0.240 accuracy:90.589
[135,   400] loss: 0.239 accuracy:90.676
[135,   500] loss: 0.242 accuracy:90.491
[135,   600] loss: 0.243 accuracy:90.453
[135,   700] loss: 0.243 accuracy:90.471
test_accuracy is 83.320 after epochs 134

Epoch: 135
[136,   100] loss: 0.237 accuracy:90.766
[136,   200] loss: 0.238 accuracy:90.609
[136,   300] loss: 0.237 accuracy:90.708
[136,   400] loss: 0.238 accuracy:90.668
[136,   500] loss: 0.239 accuracy:90.647
[136,   600] loss: 0.239 accuracy:90.688
[136,   700] loss: 0.240 accuracy:90.629
test_accuracy is 81.790 after epochs 135

Epoch: 136
[137,   100] loss: 0.245 accuracy:90.625
[137,   200] loss: 0.243 accuracy:90.617
[137,   300] loss: 0.242 accuracy:90.589
[137,   400] loss: 0.243 accuracy:90.574
[137,   500] loss: 0.242 accuracy:90.597
[137,   600] loss: 0.241 accuracy:90.583
[137,   700] loss: 0.240 accuracy:90.674
test_accuracy is 79.980 after epochs 136

Epoch: 137
[138,   100] loss: 0.247 accuracy:90.297
[138,   200] loss: 0.246 accuracy:90.352
[138,   300] loss: 0.242 accuracy:90.401
[138,   400] loss: 0.240 accuracy:90.453
[138,   500] loss: 0.237 accuracy:90.578
[138,   600] loss: 0.236 accuracy:90.714
[138,   700] loss: 0.235 accuracy:90.748
test_accuracy is 81.320 after epochs 137

Epoch: 138
[139,   100] loss: 0.245 accuracy:90.312
[139,   200] loss: 0.242 accuracy:90.453
[139,   300] loss: 0.240 accuracy:90.516
[139,   400] loss: 0.238 accuracy:90.562
[139,   500] loss: 0.238 accuracy:90.656
[139,   600] loss: 0.240 accuracy:90.534
[139,   700] loss: 0.239 accuracy:90.545
test_accuracy is 80.300 after epochs 138

Epoch: 139
[140,   100] loss: 0.236 accuracy:90.594
[140,   200] loss: 0.240 accuracy:90.508
[140,   300] loss: 0.242 accuracy:90.432
[140,   400] loss: 0.240 accuracy:90.410
[140,   500] loss: 0.239 accuracy:90.575
[140,   600] loss: 0.237 accuracy:90.646
[140,   700] loss: 0.236 accuracy:90.683
test_accuracy is 82.720 after epochs 139

Epoch: 140
[141,   100] loss: 0.234 accuracy:90.609
[141,   200] loss: 0.236 accuracy:90.828
[141,   300] loss: 0.232 accuracy:90.958
[141,   400] loss: 0.233 accuracy:90.965
[141,   500] loss: 0.232 accuracy:91.066
[141,   600] loss: 0.232 accuracy:90.982
[141,   700] loss: 0.230 accuracy:91.060
test_accuracy is 82.120 after epochs 140

Epoch: 141
[142,   100] loss: 0.225 accuracy:91.125
[142,   200] loss: 0.232 accuracy:90.922
[142,   300] loss: 0.231 accuracy:91.062
[142,   400] loss: 0.232 accuracy:90.965
[142,   500] loss: 0.231 accuracy:91.003
[142,   600] loss: 0.232 accuracy:90.969
[142,   700] loss: 0.231 accuracy:91.042
test_accuracy is 78.770 after epochs 141

Epoch: 142
[143,   100] loss: 0.222 accuracy:91.609
[143,   200] loss: 0.228 accuracy:91.234
[143,   300] loss: 0.232 accuracy:91.057
[143,   400] loss: 0.229 accuracy:91.133
[143,   500] loss: 0.231 accuracy:91.053
[143,   600] loss: 0.232 accuracy:91.000
[143,   700] loss: 0.232 accuracy:91.002
test_accuracy is 86.090 after epochs 142

Epoch: 143
[144,   100] loss: 0.227 accuracy:91.297
[144,   200] loss: 0.227 accuracy:91.344
[144,   300] loss: 0.227 accuracy:91.391
[144,   400] loss: 0.228 accuracy:91.309
[144,   500] loss: 0.227 accuracy:91.303
[144,   600] loss: 0.225 accuracy:91.318
[144,   700] loss: 0.226 accuracy:91.277
test_accuracy is 84.750 after epochs 143

Epoch: 144
[145,   100] loss: 0.226 accuracy:91.188
[145,   200] loss: 0.215 accuracy:91.703
[145,   300] loss: 0.221 accuracy:91.391
[145,   400] loss: 0.223 accuracy:91.363
[145,   500] loss: 0.225 accuracy:91.309
[145,   600] loss: 0.226 accuracy:91.276
[145,   700] loss: 0.227 accuracy:91.239
test_accuracy is 81.240 after epochs 144

Epoch: 145
[146,   100] loss: 0.232 accuracy:91.000
[146,   200] loss: 0.231 accuracy:91.016
[146,   300] loss: 0.231 accuracy:90.953
[146,   400] loss: 0.228 accuracy:91.086
[146,   500] loss: 0.229 accuracy:91.088
[146,   600] loss: 0.227 accuracy:91.177
[146,   700] loss: 0.228 accuracy:91.136
test_accuracy is 82.830 after epochs 145

Epoch: 146
[147,   100] loss: 0.215 accuracy:91.547
[147,   200] loss: 0.220 accuracy:91.414
[147,   300] loss: 0.221 accuracy:91.453
[147,   400] loss: 0.221 accuracy:91.496
[147,   500] loss: 0.224 accuracy:91.353
[147,   600] loss: 0.223 accuracy:91.378
[147,   700] loss: 0.224 accuracy:91.371
test_accuracy is 80.840 after epochs 146

Epoch: 147
[148,   100] loss: 0.239 accuracy:90.422
[148,   200] loss: 0.230 accuracy:90.906
[148,   300] loss: 0.228 accuracy:90.927
[148,   400] loss: 0.230 accuracy:90.844
[148,   500] loss: 0.228 accuracy:91.031
[148,   600] loss: 0.228 accuracy:91.042
[148,   700] loss: 0.228 accuracy:91.051
test_accuracy is 80.150 after epochs 147

Epoch: 148
[149,   100] loss: 0.226 accuracy:91.375
[149,   200] loss: 0.223 accuracy:91.477
[149,   300] loss: 0.224 accuracy:91.438
[149,   400] loss: 0.224 accuracy:91.469
[149,   500] loss: 0.223 accuracy:91.494
[149,   600] loss: 0.223 accuracy:91.500
[149,   700] loss: 0.223 accuracy:91.509
test_accuracy is 81.660 after epochs 148

Epoch: 149
[150,   100] loss: 0.222 accuracy:91.766
[150,   200] loss: 0.227 accuracy:91.406
[150,   300] loss: 0.227 accuracy:91.453
[150,   400] loss: 0.226 accuracy:91.441
[150,   500] loss: 0.227 accuracy:91.400
[150,   600] loss: 0.226 accuracy:91.424
[150,   700] loss: 0.225 accuracy:91.504
test_accuracy is 78.850 after epochs 149

Epoch: 150
[151,   100] loss: 0.225 accuracy:91.625
[151,   200] loss: 0.229 accuracy:91.289
[151,   300] loss: 0.223 accuracy:91.396
[151,   400] loss: 0.225 accuracy:91.367
[151,   500] loss: 0.225 accuracy:91.416
[151,   600] loss: 0.223 accuracy:91.516
[151,   700] loss: 0.223 accuracy:91.511
test_accuracy is 78.000 after epochs 150

Epoch: 151
[152,   100] loss: 0.222 accuracy:91.453
[152,   200] loss: 0.221 accuracy:91.312
[152,   300] loss: 0.221 accuracy:91.422
[152,   400] loss: 0.222 accuracy:91.445
[152,   500] loss: 0.222 accuracy:91.453
[152,   600] loss: 0.224 accuracy:91.404
[152,   700] loss: 0.224 accuracy:91.429
test_accuracy is 81.410 after epochs 151

Epoch: 152
[153,   100] loss: 0.212 accuracy:92.094
[153,   200] loss: 0.222 accuracy:91.383
[153,   300] loss: 0.223 accuracy:91.406
[153,   400] loss: 0.220 accuracy:91.465
[153,   500] loss: 0.220 accuracy:91.537
[153,   600] loss: 0.219 accuracy:91.576
[153,   700] loss: 0.219 accuracy:91.574
test_accuracy is 82.780 after epochs 152

Epoch: 153
[154,   100] loss: 0.223 accuracy:91.188
[154,   200] loss: 0.219 accuracy:91.531
[154,   300] loss: 0.220 accuracy:91.526
[154,   400] loss: 0.220 accuracy:91.555
[154,   500] loss: 0.220 accuracy:91.537
[154,   600] loss: 0.222 accuracy:91.464
[154,   700] loss: 0.222 accuracy:91.471
test_accuracy is 78.380 after epochs 153

Epoch: 154
[155,   100] loss: 0.219 accuracy:91.438
[155,   200] loss: 0.217 accuracy:91.688
[155,   300] loss: 0.218 accuracy:91.667
[155,   400] loss: 0.222 accuracy:91.500
[155,   500] loss: 0.219 accuracy:91.669
[155,   600] loss: 0.218 accuracy:91.677
[155,   700] loss: 0.217 accuracy:91.692
test_accuracy is 83.270 after epochs 154

Epoch: 155
[156,   100] loss: 0.221 accuracy:91.906
[156,   200] loss: 0.223 accuracy:91.648
[156,   300] loss: 0.222 accuracy:91.740
[156,   400] loss: 0.220 accuracy:91.781
[156,   500] loss: 0.220 accuracy:91.737
[156,   600] loss: 0.220 accuracy:91.721
[156,   700] loss: 0.221 accuracy:91.645
test_accuracy is 83.070 after epochs 155

Epoch: 156
[157,   100] loss: 0.214 accuracy:91.891
[157,   200] loss: 0.215 accuracy:91.812
[157,   300] loss: 0.215 accuracy:91.828
[157,   400] loss: 0.219 accuracy:91.625
[157,   500] loss: 0.222 accuracy:91.487
[157,   600] loss: 0.221 accuracy:91.620
[157,   700] loss: 0.219 accuracy:91.725
test_accuracy is 80.510 after epochs 156

Epoch: 157
[158,   100] loss: 0.218 accuracy:91.859
[158,   200] loss: 0.211 accuracy:92.023
[158,   300] loss: 0.212 accuracy:92.036
[158,   400] loss: 0.214 accuracy:91.953
[158,   500] loss: 0.215 accuracy:91.931
[158,   600] loss: 0.215 accuracy:91.906
[158,   700] loss: 0.214 accuracy:91.900
test_accuracy is 81.420 after epochs 157

Epoch: 158
[159,   100] loss: 0.225 accuracy:90.922
[159,   200] loss: 0.221 accuracy:91.398
[159,   300] loss: 0.220 accuracy:91.458
[159,   400] loss: 0.218 accuracy:91.656
[159,   500] loss: 0.217 accuracy:91.656
[159,   600] loss: 0.215 accuracy:91.797
[159,   700] loss: 0.215 accuracy:91.741
test_accuracy is 77.230 after epochs 158

Epoch: 159
[160,   100] loss: 0.218 accuracy:91.641
[160,   200] loss: 0.219 accuracy:91.656
[160,   300] loss: 0.215 accuracy:91.865
[160,   400] loss: 0.215 accuracy:91.844
[160,   500] loss: 0.214 accuracy:91.825
[160,   600] loss: 0.215 accuracy:91.820
[160,   700] loss: 0.215 accuracy:91.806
test_accuracy is 81.040 after epochs 159

Epoch: 160
[161,   100] loss: 0.208 accuracy:92.328
[161,   200] loss: 0.212 accuracy:92.078
[161,   300] loss: 0.213 accuracy:92.036
[161,   400] loss: 0.208 accuracy:92.246
[161,   500] loss: 0.209 accuracy:92.144
[161,   600] loss: 0.211 accuracy:92.076
[161,   700] loss: 0.210 accuracy:92.125
test_accuracy is 82.140 after epochs 160

Epoch: 161
[162,   100] loss: 0.201 accuracy:92.422
[162,   200] loss: 0.215 accuracy:91.719
[162,   300] loss: 0.216 accuracy:91.719
[162,   400] loss: 0.215 accuracy:91.793
[162,   500] loss: 0.216 accuracy:91.769
[162,   600] loss: 0.217 accuracy:91.734
[162,   700] loss: 0.217 accuracy:91.685
test_accuracy is 77.000 after epochs 161

Epoch: 162
[163,   100] loss: 0.196 accuracy:92.859
[163,   200] loss: 0.207 accuracy:92.156
[163,   300] loss: 0.209 accuracy:92.047
[163,   400] loss: 0.209 accuracy:92.062
[163,   500] loss: 0.210 accuracy:92.006
[163,   600] loss: 0.209 accuracy:92.094
[163,   700] loss: 0.208 accuracy:92.192
test_accuracy is 78.900 after epochs 162

Epoch: 163
[164,   100] loss: 0.214 accuracy:91.891
[164,   200] loss: 0.213 accuracy:91.852
[164,   300] loss: 0.211 accuracy:91.984
[164,   400] loss: 0.210 accuracy:92.066
[164,   500] loss: 0.210 accuracy:92.044
[164,   600] loss: 0.210 accuracy:92.008
[164,   700] loss: 0.211 accuracy:92.047
test_accuracy is 82.250 after epochs 163

Epoch: 164
[165,   100] loss: 0.201 accuracy:92.531
[165,   200] loss: 0.201 accuracy:92.508
[165,   300] loss: 0.202 accuracy:92.443
[165,   400] loss: 0.207 accuracy:92.168
[165,   500] loss: 0.207 accuracy:92.191
[165,   600] loss: 0.209 accuracy:92.146
[165,   700] loss: 0.209 accuracy:92.156
test_accuracy is 77.160 after epochs 164

Epoch: 165
[166,   100] loss: 0.211 accuracy:92.188
[166,   200] loss: 0.208 accuracy:92.328
[166,   300] loss: 0.205 accuracy:92.422
[166,   400] loss: 0.207 accuracy:92.320
[166,   500] loss: 0.205 accuracy:92.378
[166,   600] loss: 0.207 accuracy:92.297
[166,   700] loss: 0.205 accuracy:92.388
test_accuracy is 80.200 after epochs 165

Epoch: 166
[167,   100] loss: 0.200 accuracy:92.469
[167,   200] loss: 0.207 accuracy:92.281
[167,   300] loss: 0.207 accuracy:92.292
[167,   400] loss: 0.208 accuracy:92.199
[167,   500] loss: 0.207 accuracy:92.206
[167,   600] loss: 0.207 accuracy:92.198
[167,   700] loss: 0.207 accuracy:92.212
test_accuracy is 81.150 after epochs 166

Epoch: 167
[168,   100] loss: 0.201 accuracy:92.578
[168,   200] loss: 0.206 accuracy:92.258
[168,   300] loss: 0.203 accuracy:92.505
[168,   400] loss: 0.203 accuracy:92.543
[168,   500] loss: 0.205 accuracy:92.403
[168,   600] loss: 0.206 accuracy:92.419
[168,   700] loss: 0.204 accuracy:92.475
test_accuracy is 81.450 after epochs 167

Epoch: 168
[169,   100] loss: 0.198 accuracy:92.609
[169,   200] loss: 0.200 accuracy:92.492
[169,   300] loss: 0.198 accuracy:92.604
[169,   400] loss: 0.200 accuracy:92.496
[169,   500] loss: 0.204 accuracy:92.359
[169,   600] loss: 0.202 accuracy:92.398
[169,   700] loss: 0.203 accuracy:92.371
test_accuracy is 79.950 after epochs 168

Epoch: 169
[170,   100] loss: 0.208 accuracy:92.031
[170,   200] loss: 0.209 accuracy:92.070
[170,   300] loss: 0.212 accuracy:91.958
[170,   400] loss: 0.211 accuracy:92.004
[170,   500] loss: 0.210 accuracy:92.091
[170,   600] loss: 0.207 accuracy:92.161
[170,   700] loss: 0.206 accuracy:92.214
test_accuracy is 79.580 after epochs 169

Epoch: 170
[171,   100] loss: 0.209 accuracy:92.422
[171,   200] loss: 0.203 accuracy:92.547
[171,   300] loss: 0.206 accuracy:92.396
[171,   400] loss: 0.205 accuracy:92.316
[171,   500] loss: 0.207 accuracy:92.263
[171,   600] loss: 0.208 accuracy:92.185
[171,   700] loss: 0.209 accuracy:92.156
test_accuracy is 78.600 after epochs 170

Epoch: 171
[172,   100] loss: 0.206 accuracy:92.672
[172,   200] loss: 0.209 accuracy:92.383
[172,   300] loss: 0.208 accuracy:92.365
[172,   400] loss: 0.207 accuracy:92.301
[172,   500] loss: 0.207 accuracy:92.247
[172,   600] loss: 0.205 accuracy:92.328
[172,   700] loss: 0.206 accuracy:92.259
test_accuracy is 79.630 after epochs 171

Epoch: 172
[173,   100] loss: 0.205 accuracy:91.953
[173,   200] loss: 0.198 accuracy:92.312
[173,   300] loss: 0.203 accuracy:92.229
[173,   400] loss: 0.202 accuracy:92.301
[173,   500] loss: 0.202 accuracy:92.325
[173,   600] loss: 0.203 accuracy:92.362
[173,   700] loss: 0.204 accuracy:92.288
test_accuracy is 79.560 after epochs 172

Epoch: 173
[174,   100] loss: 0.214 accuracy:91.844
[174,   200] loss: 0.210 accuracy:92.023
[174,   300] loss: 0.208 accuracy:92.073
[174,   400] loss: 0.208 accuracy:92.121
[174,   500] loss: 0.208 accuracy:92.141
[174,   600] loss: 0.208 accuracy:92.096
[174,   700] loss: 0.207 accuracy:92.145
test_accuracy is 79.740 after epochs 173

Epoch: 174
[175,   100] loss: 0.195 accuracy:92.734
[175,   200] loss: 0.199 accuracy:92.656
[175,   300] loss: 0.198 accuracy:92.760
[175,   400] loss: 0.197 accuracy:92.809
[175,   500] loss: 0.199 accuracy:92.697
[175,   600] loss: 0.198 accuracy:92.656
[175,   700] loss: 0.198 accuracy:92.699
test_accuracy is 83.120 after epochs 174

Epoch: 175
[176,   100] loss: 0.206 accuracy:92.188
[176,   200] loss: 0.209 accuracy:92.312
[176,   300] loss: 0.207 accuracy:92.370
[176,   400] loss: 0.203 accuracy:92.551
[176,   500] loss: 0.203 accuracy:92.531
[176,   600] loss: 0.201 accuracy:92.615
[176,   700] loss: 0.202 accuracy:92.538
test_accuracy is 80.270 after epochs 175

Epoch: 176
[177,   100] loss: 0.200 accuracy:92.594
[177,   200] loss: 0.203 accuracy:92.375
[177,   300] loss: 0.206 accuracy:92.193
[177,   400] loss: 0.203 accuracy:92.340
[177,   500] loss: 0.203 accuracy:92.378
[177,   600] loss: 0.202 accuracy:92.440
[177,   700] loss: 0.201 accuracy:92.464
test_accuracy is 80.400 after epochs 176

Epoch: 177
[178,   100] loss: 0.205 accuracy:92.203
[178,   200] loss: 0.201 accuracy:92.344
[178,   300] loss: 0.202 accuracy:92.318
[178,   400] loss: 0.205 accuracy:92.199
[178,   500] loss: 0.205 accuracy:92.250
[178,   600] loss: 0.205 accuracy:92.258
[178,   700] loss: 0.204 accuracy:92.304
test_accuracy is 78.430 after epochs 177

Epoch: 178
[179,   100] loss: 0.200 accuracy:92.469
[179,   200] loss: 0.204 accuracy:92.328
[179,   300] loss: 0.204 accuracy:92.281
[179,   400] loss: 0.203 accuracy:92.383
[179,   500] loss: 0.204 accuracy:92.350
[179,   600] loss: 0.205 accuracy:92.341
[179,   700] loss: 0.203 accuracy:92.388
test_accuracy is 79.000 after epochs 178

Epoch: 179
[180,   100] loss: 0.196 accuracy:92.625
[180,   200] loss: 0.201 accuracy:92.430
[180,   300] loss: 0.203 accuracy:92.484
[180,   400] loss: 0.206 accuracy:92.375
[180,   500] loss: 0.206 accuracy:92.384
[180,   600] loss: 0.203 accuracy:92.503
[180,   700] loss: 0.202 accuracy:92.536
test_accuracy is 79.990 after epochs 179

Epoch: 180
[181,   100] loss: 0.201 accuracy:92.625
[181,   200] loss: 0.196 accuracy:92.820
[181,   300] loss: 0.195 accuracy:92.859
[181,   400] loss: 0.194 accuracy:92.922
[181,   500] loss: 0.193 accuracy:93.000
[181,   600] loss: 0.194 accuracy:92.971
[181,   700] loss: 0.195 accuracy:92.875
test_accuracy is 79.750 after epochs 180

Epoch: 181
[182,   100] loss: 0.203 accuracy:92.719
[182,   200] loss: 0.207 accuracy:92.414
[182,   300] loss: 0.205 accuracy:92.401
[182,   400] loss: 0.203 accuracy:92.523
[182,   500] loss: 0.202 accuracy:92.537
[182,   600] loss: 0.203 accuracy:92.458
[182,   700] loss: 0.201 accuracy:92.565
test_accuracy is 80.060 after epochs 181

Epoch: 182
[183,   100] loss: 0.191 accuracy:92.984
[183,   200] loss: 0.198 accuracy:92.609
[183,   300] loss: 0.194 accuracy:92.833
[183,   400] loss: 0.199 accuracy:92.594
[183,   500] loss: 0.199 accuracy:92.578
[183,   600] loss: 0.200 accuracy:92.534
[183,   700] loss: 0.200 accuracy:92.545
test_accuracy is 79.670 after epochs 182

Epoch: 183
[184,   100] loss: 0.197 accuracy:92.750
[184,   200] loss: 0.194 accuracy:92.852
[184,   300] loss: 0.196 accuracy:92.740
[184,   400] loss: 0.195 accuracy:92.832
[184,   500] loss: 0.195 accuracy:92.800
[184,   600] loss: 0.196 accuracy:92.740
[184,   700] loss: 0.196 accuracy:92.728
test_accuracy is 78.730 after epochs 183

Epoch: 184
[185,   100] loss: 0.202 accuracy:92.531
[185,   200] loss: 0.207 accuracy:92.266
[185,   300] loss: 0.200 accuracy:92.661
[185,   400] loss: 0.199 accuracy:92.742
[185,   500] loss: 0.198 accuracy:92.700
[185,   600] loss: 0.200 accuracy:92.648
[185,   700] loss: 0.197 accuracy:92.739
test_accuracy is 80.460 after epochs 184

Epoch: 185
[186,   100] loss: 0.211 accuracy:91.844
[186,   200] loss: 0.200 accuracy:92.570
[186,   300] loss: 0.199 accuracy:92.641
[186,   400] loss: 0.201 accuracy:92.480
[186,   500] loss: 0.199 accuracy:92.569
[186,   600] loss: 0.201 accuracy:92.490
[186,   700] loss: 0.201 accuracy:92.504
test_accuracy is 77.820 after epochs 185

Epoch: 186
[187,   100] loss: 0.192 accuracy:92.844
[187,   200] loss: 0.198 accuracy:92.641
[187,   300] loss: 0.200 accuracy:92.516
[187,   400] loss: 0.197 accuracy:92.586
[187,   500] loss: 0.199 accuracy:92.506
[187,   600] loss: 0.199 accuracy:92.552
[187,   700] loss: 0.200 accuracy:92.504
test_accuracy is 78.880 after epochs 186

Epoch: 187
[188,   100] loss: 0.184 accuracy:93.078
[188,   200] loss: 0.188 accuracy:92.922
[188,   300] loss: 0.190 accuracy:92.896
[188,   400] loss: 0.195 accuracy:92.684
[188,   500] loss: 0.196 accuracy:92.644
[188,   600] loss: 0.197 accuracy:92.589
[188,   700] loss: 0.197 accuracy:92.565
test_accuracy is 77.620 after epochs 187

Epoch: 188
[189,   100] loss: 0.199 accuracy:92.594
[189,   200] loss: 0.197 accuracy:92.648
[189,   300] loss: 0.195 accuracy:92.729
[189,   400] loss: 0.193 accuracy:92.812
[189,   500] loss: 0.194 accuracy:92.794
[189,   600] loss: 0.195 accuracy:92.727
[189,   700] loss: 0.195 accuracy:92.746
test_accuracy is 81.040 after epochs 188

Epoch: 189
[190,   100] loss: 0.187 accuracy:92.984
[190,   200] loss: 0.193 accuracy:92.797
[190,   300] loss: 0.191 accuracy:92.885
[190,   400] loss: 0.193 accuracy:92.758
[190,   500] loss: 0.195 accuracy:92.713
[190,   600] loss: 0.195 accuracy:92.708
[190,   700] loss: 0.198 accuracy:92.600
test_accuracy is 80.450 after epochs 189

Epoch: 190
[191,   100] loss: 0.194 accuracy:92.891
[191,   200] loss: 0.197 accuracy:92.797
[191,   300] loss: 0.198 accuracy:92.693
[191,   400] loss: 0.197 accuracy:92.766
[191,   500] loss: 0.196 accuracy:92.797
[191,   600] loss: 0.197 accuracy:92.758
[191,   700] loss: 0.196 accuracy:92.768
test_accuracy is 80.020 after epochs 190

Epoch: 191
[192,   100] loss: 0.201 accuracy:92.484
[192,   200] loss: 0.196 accuracy:92.906
[192,   300] loss: 0.201 accuracy:92.677
[192,   400] loss: 0.202 accuracy:92.625
[192,   500] loss: 0.201 accuracy:92.681
[192,   600] loss: 0.201 accuracy:92.659
[192,   700] loss: 0.199 accuracy:92.734
test_accuracy is 79.960 after epochs 191

Epoch: 192
[193,   100] loss: 0.201 accuracy:92.672
[193,   200] loss: 0.200 accuracy:92.508
[193,   300] loss: 0.199 accuracy:92.562
[193,   400] loss: 0.198 accuracy:92.645
[193,   500] loss: 0.197 accuracy:92.675
[193,   600] loss: 0.196 accuracy:92.716
[193,   700] loss: 0.196 accuracy:92.732
test_accuracy is 80.150 after epochs 192

Epoch: 193
[194,   100] loss: 0.201 accuracy:92.484
[194,   200] loss: 0.201 accuracy:92.438
[194,   300] loss: 0.204 accuracy:92.292
[194,   400] loss: 0.204 accuracy:92.320
[194,   500] loss: 0.202 accuracy:92.469
[194,   600] loss: 0.201 accuracy:92.516
[194,   700] loss: 0.202 accuracy:92.451
test_accuracy is 79.870 after epochs 193

Epoch: 194
[195,   100] loss: 0.192 accuracy:92.922
[195,   200] loss: 0.196 accuracy:92.734
[195,   300] loss: 0.197 accuracy:92.750
[195,   400] loss: 0.198 accuracy:92.770
[195,   500] loss: 0.197 accuracy:92.775
[195,   600] loss: 0.197 accuracy:92.737
[195,   700] loss: 0.197 accuracy:92.754
test_accuracy is 79.050 after epochs 194

Epoch: 195
[196,   100] loss: 0.208 accuracy:92.281
[196,   200] loss: 0.205 accuracy:92.555
[196,   300] loss: 0.201 accuracy:92.594
[196,   400] loss: 0.201 accuracy:92.621
[196,   500] loss: 0.198 accuracy:92.656
[196,   600] loss: 0.198 accuracy:92.682
[196,   700] loss: 0.197 accuracy:92.688
test_accuracy is 79.800 after epochs 195

Epoch: 196
[197,   100] loss: 0.194 accuracy:92.828
[197,   200] loss: 0.192 accuracy:92.898
[197,   300] loss: 0.197 accuracy:92.688
[197,   400] loss: 0.197 accuracy:92.652
[197,   500] loss: 0.198 accuracy:92.537
[197,   600] loss: 0.200 accuracy:92.544
[197,   700] loss: 0.200 accuracy:92.567
test_accuracy is 80.170 after epochs 196

Epoch: 197
[198,   100] loss: 0.201 accuracy:92.656
[198,   200] loss: 0.197 accuracy:92.875
[198,   300] loss: 0.198 accuracy:92.724
[198,   400] loss: 0.195 accuracy:92.852
[198,   500] loss: 0.196 accuracy:92.859
[198,   600] loss: 0.196 accuracy:92.818
[198,   700] loss: 0.195 accuracy:92.857
test_accuracy is 80.930 after epochs 197

Epoch: 198
[199,   100] loss: 0.201 accuracy:92.594
[199,   200] loss: 0.199 accuracy:92.508
[199,   300] loss: 0.195 accuracy:92.708
[199,   400] loss: 0.195 accuracy:92.750
[199,   500] loss: 0.194 accuracy:92.856
[199,   600] loss: 0.194 accuracy:92.826
[199,   700] loss: 0.195 accuracy:92.824
test_accuracy is 80.450 after epochs 198

Epoch: 199
[200,   100] loss: 0.205 accuracy:92.422
[200,   200] loss: 0.205 accuracy:92.523
[200,   300] loss: 0.205 accuracy:92.469
[200,   400] loss: 0.203 accuracy:92.586
[200,   500] loss: 0.201 accuracy:92.638
[200,   600] loss: 0.199 accuracy:92.716
[200,   700] loss: 0.199 accuracy:92.723
test_accuracy is 80.020 after epochs 199
