HXLN_LN_LSTM-default-data-Triangle-version-0-num_layers-4-num_templates-4-dropout-0.1-epochs-200-patch_size-4-num_heads-4-batch_size-64-lr-0.0001-256-512-2-2-True-6-True-True-30-True-8-False-1
transformer embed_dim 256
functional? False
total heads 4
head dim 64
use topk?True
topk:30
MEM SLOTS:8
Null attention:False
USING SHARED MEMORY ATTENTION +++++++++
Using gate style unit
query:32896
key:32896
value:65792
attention_mlp:65792
layernorm1:512
layernorm2:512
input_projector:65792
input projector:256
input_gate_projector:208640
memory_gate_projector:1052672
relational volatie!!!
1525506
Total number of parameters:1948678

Epoch: 0
[1,   100] loss: 0.732 accuracy:49.250
[1,   200] loss: 0.719 accuracy:50.125
[1,   300] loss: 0.718 accuracy:49.656
[1,   400] loss: 0.715 accuracy:49.957
[1,   500] loss: 0.712 accuracy:50.172
[1,   600] loss: 0.711 accuracy:50.289
[1,   700] loss: 0.709 accuracy:50.460
test_accuracy is 54.040 after epochs 0
Saving..

Epoch: 1
[2,   100] loss: 0.698 accuracy:50.562
[2,   200] loss: 0.698 accuracy:51.117
[2,   300] loss: 0.699 accuracy:51.208
[2,   400] loss: 0.702 accuracy:51.176
[2,   500] loss: 0.701 accuracy:51.266
[2,   600] loss: 0.700 accuracy:51.542
[2,   700] loss: 0.699 accuracy:51.667
test_accuracy is 54.610 after epochs 1
Saving..

Epoch: 2
[3,   100] loss: 0.694 accuracy:53.281
[3,   200] loss: 0.696 accuracy:52.164
[3,   300] loss: 0.696 accuracy:52.042
[3,   400] loss: 0.696 accuracy:51.980
[3,   500] loss: 0.695 accuracy:52.291
[3,   600] loss: 0.695 accuracy:52.438
[3,   700] loss: 0.694 accuracy:52.614
test_accuracy is 54.600 after epochs 2

Epoch: 3
[4,   100] loss: 0.690 accuracy:53.578
[4,   200] loss: 0.691 accuracy:52.961
[4,   300] loss: 0.693 accuracy:52.552
[4,   400] loss: 0.692 accuracy:52.887
[4,   500] loss: 0.692 accuracy:52.784
[4,   600] loss: 0.692 accuracy:53.052
[4,   700] loss: 0.691 accuracy:53.263
test_accuracy is 53.480 after epochs 3

Epoch: 4
[5,   100] loss: 0.690 accuracy:53.797
[5,   200] loss: 0.689 accuracy:54.148
[5,   300] loss: 0.688 accuracy:54.438
[5,   400] loss: 0.686 accuracy:54.887
[5,   500] loss: 0.686 accuracy:55.059
[5,   600] loss: 0.686 accuracy:55.044
[5,   700] loss: 0.686 accuracy:55.025
test_accuracy is 56.810 after epochs 4
Saving..

Epoch: 5
[6,   100] loss: 0.684 accuracy:55.000
[6,   200] loss: 0.686 accuracy:54.789
[6,   300] loss: 0.685 accuracy:55.016
[6,   400] loss: 0.685 accuracy:55.059
[6,   500] loss: 0.684 accuracy:55.169
[6,   600] loss: 0.685 accuracy:55.086
[6,   700] loss: 0.685 accuracy:55.158
test_accuracy is 56.690 after epochs 5

Epoch: 6
[7,   100] loss: 0.681 accuracy:56.016
[7,   200] loss: 0.682 accuracy:55.703
[7,   300] loss: 0.682 accuracy:55.917
[7,   400] loss: 0.682 accuracy:55.902
[7,   500] loss: 0.682 accuracy:55.631
[7,   600] loss: 0.682 accuracy:55.648
[7,   700] loss: 0.681 accuracy:55.866
test_accuracy is 57.270 after epochs 6
Saving..

Epoch: 7
[8,   100] loss: 0.673 accuracy:58.781
[8,   200] loss: 0.678 accuracy:57.156
[8,   300] loss: 0.678 accuracy:57.005
[8,   400] loss: 0.680 accuracy:56.527
[8,   500] loss: 0.679 accuracy:56.562
[8,   600] loss: 0.679 accuracy:56.674
[8,   700] loss: 0.678 accuracy:56.875
test_accuracy is 58.760 after epochs 7
Saving..

Epoch: 8
[9,   100] loss: 0.677 accuracy:56.672
[9,   200] loss: 0.676 accuracy:56.961
[9,   300] loss: 0.677 accuracy:56.786
[9,   400] loss: 0.677 accuracy:56.984
[9,   500] loss: 0.676 accuracy:57.250
[9,   600] loss: 0.675 accuracy:57.391
[9,   700] loss: 0.675 accuracy:57.362
test_accuracy is 54.690 after epochs 8

Epoch: 9
[10,   100] loss: 0.679 accuracy:56.734
[10,   200] loss: 0.677 accuracy:57.281
[10,   300] loss: 0.677 accuracy:57.010
[10,   400] loss: 0.676 accuracy:57.062
[10,   500] loss: 0.675 accuracy:57.259
[10,   600] loss: 0.675 accuracy:57.211
[10,   700] loss: 0.675 accuracy:57.257
test_accuracy is 58.590 after epochs 9

Epoch: 10
[11,   100] loss: 0.673 accuracy:58.172
[11,   200] loss: 0.669 accuracy:58.344
[11,   300] loss: 0.671 accuracy:58.120
[11,   400] loss: 0.671 accuracy:58.070
[11,   500] loss: 0.673 accuracy:57.747
[11,   600] loss: 0.672 accuracy:57.729
[11,   700] loss: 0.672 accuracy:57.723
test_accuracy is 53.720 after epochs 10

Epoch: 11
[12,   100] loss: 0.670 accuracy:58.078
[12,   200] loss: 0.669 accuracy:58.023
[12,   300] loss: 0.668 accuracy:58.391
[12,   400] loss: 0.667 accuracy:58.578
[12,   500] loss: 0.667 accuracy:58.594
[12,   600] loss: 0.668 accuracy:58.570
[12,   700] loss: 0.667 accuracy:58.641
test_accuracy is 59.970 after epochs 11
Saving..

Epoch: 12
[13,   100] loss: 0.669 accuracy:59.172
[13,   200] loss: 0.670 accuracy:58.195
[13,   300] loss: 0.670 accuracy:58.078
[13,   400] loss: 0.669 accuracy:58.223
[13,   500] loss: 0.668 accuracy:58.266
[13,   600] loss: 0.668 accuracy:58.352
[13,   700] loss: 0.667 accuracy:58.460
test_accuracy is 56.350 after epochs 12

Epoch: 13
[14,   100] loss: 0.669 accuracy:58.141
[14,   200] loss: 0.669 accuracy:57.992
[14,   300] loss: 0.668 accuracy:58.083
[14,   400] loss: 0.667 accuracy:58.305
[14,   500] loss: 0.666 accuracy:58.550
[14,   600] loss: 0.666 accuracy:58.427
[14,   700] loss: 0.666 accuracy:58.379
test_accuracy is 59.190 after epochs 13

Epoch: 14
[15,   100] loss: 0.670 accuracy:57.797
[15,   200] loss: 0.669 accuracy:58.531
[15,   300] loss: 0.668 accuracy:58.333
[15,   400] loss: 0.665 accuracy:58.789
[15,   500] loss: 0.666 accuracy:58.681
[15,   600] loss: 0.665 accuracy:58.784
[15,   700] loss: 0.665 accuracy:58.893
test_accuracy is 59.950 after epochs 14

Epoch: 15
[16,   100] loss: 0.663 accuracy:58.656
[16,   200] loss: 0.665 accuracy:58.586
[16,   300] loss: 0.665 accuracy:58.766
[16,   400] loss: 0.665 accuracy:58.762
[16,   500] loss: 0.663 accuracy:59.066
[16,   600] loss: 0.663 accuracy:59.208
[16,   700] loss: 0.662 accuracy:59.134
test_accuracy is 56.470 after epochs 15

Epoch: 16
[17,   100] loss: 0.661 accuracy:58.719
[17,   200] loss: 0.662 accuracy:58.719
[17,   300] loss: 0.662 accuracy:58.833
[17,   400] loss: 0.662 accuracy:58.793
[17,   500] loss: 0.661 accuracy:58.941
[17,   600] loss: 0.661 accuracy:59.049
[17,   700] loss: 0.661 accuracy:59.065
test_accuracy is 59.310 after epochs 16

Epoch: 17
[18,   100] loss: 0.661 accuracy:58.750
[18,   200] loss: 0.663 accuracy:58.680
[18,   300] loss: 0.662 accuracy:59.281
[18,   400] loss: 0.662 accuracy:59.324
[18,   500] loss: 0.661 accuracy:59.309
[18,   600] loss: 0.661 accuracy:59.318
[18,   700] loss: 0.661 accuracy:59.368
test_accuracy is 58.890 after epochs 17

Epoch: 18
[19,   100] loss: 0.666 accuracy:59.156
[19,   200] loss: 0.664 accuracy:59.117
[19,   300] loss: 0.663 accuracy:58.854
[19,   400] loss: 0.665 accuracy:58.559
[19,   500] loss: 0.665 accuracy:58.372
[19,   600] loss: 0.665 accuracy:58.391
[19,   700] loss: 0.664 accuracy:58.538
test_accuracy is 57.940 after epochs 18

Epoch: 19
[20,   100] loss: 0.660 accuracy:59.016
[20,   200] loss: 0.659 accuracy:59.289
[20,   300] loss: 0.658 accuracy:59.500
[20,   400] loss: 0.659 accuracy:59.332
[20,   500] loss: 0.659 accuracy:59.269
[20,   600] loss: 0.658 accuracy:59.271
[20,   700] loss: 0.659 accuracy:59.292
test_accuracy is 59.160 after epochs 19

Epoch: 20
[21,   100] loss: 0.661 accuracy:59.047
[21,   200] loss: 0.658 accuracy:59.828
[21,   300] loss: 0.659 accuracy:59.552
[21,   400] loss: 0.659 accuracy:59.805
[21,   500] loss: 0.659 accuracy:59.587
[21,   600] loss: 0.658 accuracy:59.734
[21,   700] loss: 0.658 accuracy:59.705
test_accuracy is 60.000 after epochs 20
Saving..

Epoch: 21
[22,   100] loss: 0.660 accuracy:59.906
[22,   200] loss: 0.657 accuracy:60.039
[22,   300] loss: 0.655 accuracy:60.135
[22,   400] loss: 0.655 accuracy:59.992
[22,   500] loss: 0.656 accuracy:60.041
[22,   600] loss: 0.656 accuracy:59.857
[22,   700] loss: 0.656 accuracy:59.922
test_accuracy is 59.770 after epochs 21

Epoch: 22
[23,   100] loss: 0.654 accuracy:59.984
[23,   200] loss: 0.656 accuracy:59.984
[23,   300] loss: 0.656 accuracy:60.047
[23,   400] loss: 0.656 accuracy:60.176
[23,   500] loss: 0.655 accuracy:60.362
[23,   600] loss: 0.656 accuracy:60.089
[23,   700] loss: 0.656 accuracy:59.929
test_accuracy is 60.110 after epochs 22
Saving..

Epoch: 23
[24,   100] loss: 0.650 accuracy:60.859
[24,   200] loss: 0.651 accuracy:60.836
[24,   300] loss: 0.653 accuracy:60.583
[24,   400] loss: 0.654 accuracy:60.414
[24,   500] loss: 0.654 accuracy:60.378
[24,   600] loss: 0.654 accuracy:60.219
[24,   700] loss: 0.654 accuracy:60.225
test_accuracy is 60.340 after epochs 23
Saving..

Epoch: 24
[25,   100] loss: 0.658 accuracy:59.250
[25,   200] loss: 0.655 accuracy:59.906
[25,   300] loss: 0.654 accuracy:60.182
[25,   400] loss: 0.654 accuracy:60.172
[25,   500] loss: 0.654 accuracy:60.244
[25,   600] loss: 0.653 accuracy:60.461
[25,   700] loss: 0.653 accuracy:60.382
test_accuracy is 60.120 after epochs 24

Epoch: 25
[26,   100] loss: 0.657 accuracy:59.859
[26,   200] loss: 0.654 accuracy:60.305
[26,   300] loss: 0.655 accuracy:60.161
[26,   400] loss: 0.654 accuracy:60.285
[26,   500] loss: 0.653 accuracy:60.116
[26,   600] loss: 0.652 accuracy:60.271
[26,   700] loss: 0.652 accuracy:60.368
test_accuracy is 61.610 after epochs 25
Saving..

Epoch: 26
[27,   100] loss: 0.650 accuracy:60.672
[27,   200] loss: 0.651 accuracy:60.102
[27,   300] loss: 0.652 accuracy:60.016
[27,   400] loss: 0.652 accuracy:60.195
[27,   500] loss: 0.653 accuracy:60.100
[27,   600] loss: 0.652 accuracy:60.099
[27,   700] loss: 0.653 accuracy:60.141
test_accuracy is 59.240 after epochs 26

Epoch: 27
[28,   100] loss: 0.652 accuracy:59.828
[28,   200] loss: 0.650 accuracy:60.352
[28,   300] loss: 0.651 accuracy:60.464
[28,   400] loss: 0.653 accuracy:60.059
[28,   500] loss: 0.654 accuracy:59.803
[28,   600] loss: 0.653 accuracy:60.036
[28,   700] loss: 0.653 accuracy:60.121
test_accuracy is 59.710 after epochs 27

Epoch: 28
[29,   100] loss: 0.653 accuracy:60.641
[29,   200] loss: 0.652 accuracy:60.922
[29,   300] loss: 0.650 accuracy:61.167
[29,   400] loss: 0.652 accuracy:61.070
[29,   500] loss: 0.652 accuracy:60.775
[29,   600] loss: 0.652 accuracy:60.857
[29,   700] loss: 0.652 accuracy:60.775
test_accuracy is 61.410 after epochs 28

Epoch: 29
[30,   100] loss: 0.643 accuracy:62.594
[30,   200] loss: 0.647 accuracy:61.422
[30,   300] loss: 0.651 accuracy:60.833
[30,   400] loss: 0.652 accuracy:60.883
[30,   500] loss: 0.652 accuracy:60.647
[30,   600] loss: 0.652 accuracy:60.693
[30,   700] loss: 0.652 accuracy:60.719
test_accuracy is 60.770 after epochs 29

Epoch: 30
[31,   100] loss: 0.656 accuracy:60.359
[31,   200] loss: 0.647 accuracy:61.203
[31,   300] loss: 0.648 accuracy:61.109
[31,   400] loss: 0.648 accuracy:60.965
[31,   500] loss: 0.650 accuracy:60.625
[31,   600] loss: 0.651 accuracy:60.422
[31,   700] loss: 0.650 accuracy:60.562
test_accuracy is 59.460 after epochs 30

Epoch: 31
[32,   100] loss: 0.656 accuracy:60.844
[32,   200] loss: 0.652 accuracy:60.922
[32,   300] loss: 0.651 accuracy:60.766
[32,   400] loss: 0.653 accuracy:60.230
[32,   500] loss: 0.651 accuracy:60.316
[32,   600] loss: 0.651 accuracy:60.404
[32,   700] loss: 0.650 accuracy:60.433
test_accuracy is 61.960 after epochs 31
Saving..

Epoch: 32
[33,   100] loss: 0.650 accuracy:60.562
[33,   200] loss: 0.650 accuracy:60.711
[33,   300] loss: 0.651 accuracy:60.526
[33,   400] loss: 0.649 accuracy:60.773
[33,   500] loss: 0.650 accuracy:60.856
[33,   600] loss: 0.650 accuracy:60.729
[33,   700] loss: 0.650 accuracy:60.654
test_accuracy is 61.320 after epochs 32

Epoch: 33
[34,   100] loss: 0.655 accuracy:60.141
[34,   200] loss: 0.651 accuracy:60.789
[34,   300] loss: 0.653 accuracy:60.354
[34,   400] loss: 0.651 accuracy:60.484
[34,   500] loss: 0.650 accuracy:60.534
[34,   600] loss: 0.650 accuracy:60.648
[34,   700] loss: 0.650 accuracy:60.723
test_accuracy is 60.020 after epochs 33

Epoch: 34
[35,   100] loss: 0.649 accuracy:60.609
[35,   200] loss: 0.647 accuracy:60.914
[35,   300] loss: 0.647 accuracy:60.922
[35,   400] loss: 0.647 accuracy:60.949
[35,   500] loss: 0.649 accuracy:60.744
[35,   600] loss: 0.649 accuracy:60.633
[35,   700] loss: 0.650 accuracy:60.618
test_accuracy is 61.290 after epochs 34

Epoch: 35
[36,   100] loss: 0.649 accuracy:60.969
[36,   200] loss: 0.649 accuracy:61.047
[36,   300] loss: 0.646 accuracy:61.380
[36,   400] loss: 0.648 accuracy:60.906
[36,   500] loss: 0.648 accuracy:60.769
[36,   600] loss: 0.648 accuracy:60.690
[36,   700] loss: 0.648 accuracy:60.772
test_accuracy is 62.250 after epochs 35
Saving..

Epoch: 36
[37,   100] loss: 0.642 accuracy:61.812
[37,   200] loss: 0.642 accuracy:61.523
[37,   300] loss: 0.644 accuracy:61.286
[37,   400] loss: 0.645 accuracy:61.059
[37,   500] loss: 0.644 accuracy:61.128
[37,   600] loss: 0.644 accuracy:61.128
[37,   700] loss: 0.645 accuracy:60.969
test_accuracy is 61.250 after epochs 36

Epoch: 37
[38,   100] loss: 0.647 accuracy:60.625
[38,   200] loss: 0.646 accuracy:61.414
[38,   300] loss: 0.645 accuracy:61.458
[38,   400] loss: 0.647 accuracy:61.180
[38,   500] loss: 0.648 accuracy:61.072
[38,   600] loss: 0.648 accuracy:60.898
[38,   700] loss: 0.648 accuracy:60.844
test_accuracy is 61.680 after epochs 37

Epoch: 38
[39,   100] loss: 0.649 accuracy:60.969
[39,   200] loss: 0.645 accuracy:61.320
[39,   300] loss: 0.644 accuracy:61.401
[39,   400] loss: 0.645 accuracy:61.305
[39,   500] loss: 0.647 accuracy:60.819
[39,   600] loss: 0.646 accuracy:60.987
[39,   700] loss: 0.647 accuracy:60.967
test_accuracy is 63.360 after epochs 38
Saving..

Epoch: 39
[40,   100] loss: 0.647 accuracy:60.609
[40,   200] loss: 0.646 accuracy:60.781
[40,   300] loss: 0.644 accuracy:60.964
[40,   400] loss: 0.646 accuracy:60.906
[40,   500] loss: 0.647 accuracy:60.897
[40,   600] loss: 0.647 accuracy:60.885
[40,   700] loss: 0.646 accuracy:61.049
test_accuracy is 61.340 after epochs 39

Epoch: 40
[41,   100] loss: 0.647 accuracy:60.828
[41,   200] loss: 0.644 accuracy:61.305
[41,   300] loss: 0.643 accuracy:61.276
[41,   400] loss: 0.642 accuracy:61.074
[41,   500] loss: 0.643 accuracy:61.138
[41,   600] loss: 0.644 accuracy:61.193
[41,   700] loss: 0.644 accuracy:61.147
test_accuracy is 60.150 after epochs 40

Epoch: 41
[42,   100] loss: 0.650 accuracy:60.188
[42,   200] loss: 0.648 accuracy:60.500
[42,   300] loss: 0.645 accuracy:61.089
[42,   400] loss: 0.646 accuracy:61.012
[42,   500] loss: 0.647 accuracy:60.847
[42,   600] loss: 0.646 accuracy:61.154
[42,   700] loss: 0.646 accuracy:61.065
test_accuracy is 60.950 after epochs 41

Epoch: 42
[43,   100] loss: 0.639 accuracy:62.359
[43,   200] loss: 0.645 accuracy:61.383
[43,   300] loss: 0.645 accuracy:61.438
[43,   400] loss: 0.644 accuracy:61.645
[43,   500] loss: 0.643 accuracy:61.734
[43,   600] loss: 0.642 accuracy:61.917
[43,   700] loss: 0.642 accuracy:61.837
test_accuracy is 61.320 after epochs 42

Epoch: 43
[44,   100] loss: 0.640 accuracy:62.266
[44,   200] loss: 0.640 accuracy:61.875
[44,   300] loss: 0.640 accuracy:61.823
[44,   400] loss: 0.643 accuracy:61.449
[44,   500] loss: 0.642 accuracy:61.444
[44,   600] loss: 0.641 accuracy:61.685
[44,   700] loss: 0.641 accuracy:61.837
test_accuracy is 62.190 after epochs 43

Epoch: 44
[45,   100] loss: 0.640 accuracy:61.766
[45,   200] loss: 0.640 accuracy:61.945
[45,   300] loss: 0.639 accuracy:61.911
[45,   400] loss: 0.640 accuracy:61.918
[45,   500] loss: 0.640 accuracy:61.881
[45,   600] loss: 0.641 accuracy:61.888
[45,   700] loss: 0.641 accuracy:61.688
test_accuracy is 60.440 after epochs 44

Epoch: 45
[46,   100] loss: 0.644 accuracy:60.469
[46,   200] loss: 0.641 accuracy:61.242
[46,   300] loss: 0.639 accuracy:61.505
[46,   400] loss: 0.640 accuracy:61.559
[46,   500] loss: 0.641 accuracy:61.478
[46,   600] loss: 0.640 accuracy:61.719
[46,   700] loss: 0.639 accuracy:61.728
test_accuracy is 63.030 after epochs 45

Epoch: 46
[47,   100] loss: 0.640 accuracy:61.688
[47,   200] loss: 0.643 accuracy:61.477
[47,   300] loss: 0.642 accuracy:61.302
[47,   400] loss: 0.642 accuracy:61.426
[47,   500] loss: 0.641 accuracy:61.544
[47,   600] loss: 0.642 accuracy:61.492
[47,   700] loss: 0.641 accuracy:61.576
test_accuracy is 62.290 after epochs 46

Epoch: 47
[48,   100] loss: 0.641 accuracy:61.188
[48,   200] loss: 0.641 accuracy:61.250
[48,   300] loss: 0.639 accuracy:61.672
[48,   400] loss: 0.639 accuracy:61.699
[48,   500] loss: 0.639 accuracy:61.819
[48,   600] loss: 0.639 accuracy:61.911
[48,   700] loss: 0.639 accuracy:61.946
test_accuracy is 61.100 after epochs 47

Epoch: 48
[49,   100] loss: 0.636 accuracy:62.406
[49,   200] loss: 0.633 accuracy:62.898
[49,   300] loss: 0.632 accuracy:63.073
[49,   400] loss: 0.633 accuracy:62.879
[49,   500] loss: 0.634 accuracy:62.612
[49,   600] loss: 0.635 accuracy:62.466
[49,   700] loss: 0.636 accuracy:62.406
test_accuracy is 62.500 after epochs 48

Epoch: 49
[50,   100] loss: 0.646 accuracy:61.000
[50,   200] loss: 0.639 accuracy:61.961
[50,   300] loss: 0.638 accuracy:62.130
[50,   400] loss: 0.636 accuracy:62.305
[50,   500] loss: 0.635 accuracy:62.528
[50,   600] loss: 0.635 accuracy:62.547
[50,   700] loss: 0.635 accuracy:62.500
test_accuracy is 60.590 after epochs 49

Epoch: 50
[51,   100] loss: 0.629 accuracy:63.703
[51,   200] loss: 0.631 accuracy:63.531
[51,   300] loss: 0.635 accuracy:62.911
[51,   400] loss: 0.635 accuracy:62.914
[51,   500] loss: 0.636 accuracy:62.884
[51,   600] loss: 0.636 accuracy:62.622
[51,   700] loss: 0.637 accuracy:62.464
test_accuracy is 62.330 after epochs 50

Epoch: 51
[52,   100] loss: 0.629 accuracy:63.469
[52,   200] loss: 0.630 accuracy:63.078
[52,   300] loss: 0.633 accuracy:62.839
[52,   400] loss: 0.632 accuracy:62.848
[52,   500] loss: 0.632 accuracy:62.781
[52,   600] loss: 0.633 accuracy:62.740
[52,   700] loss: 0.632 accuracy:62.891
test_accuracy is 62.550 after epochs 51

Epoch: 52
[53,   100] loss: 0.642 accuracy:61.234
[53,   200] loss: 0.636 accuracy:62.109
[53,   300] loss: 0.634 accuracy:62.193
[53,   400] loss: 0.632 accuracy:62.371
[53,   500] loss: 0.631 accuracy:62.506
[53,   600] loss: 0.632 accuracy:62.529
[53,   700] loss: 0.630 accuracy:62.714
test_accuracy is 61.310 after epochs 52

Epoch: 53
[54,   100] loss: 0.624 accuracy:63.516
[54,   200] loss: 0.625 accuracy:63.539
[54,   300] loss: 0.627 accuracy:63.203
[54,   400] loss: 0.628 accuracy:62.918
[54,   500] loss: 0.629 accuracy:62.913
[54,   600] loss: 0.628 accuracy:63.169
[54,   700] loss: 0.628 accuracy:63.134
test_accuracy is 64.050 after epochs 53
Saving..

Epoch: 54
[55,   100] loss: 0.628 accuracy:62.375
[55,   200] loss: 0.627 accuracy:62.859
[55,   300] loss: 0.629 accuracy:62.823
[55,   400] loss: 0.626 accuracy:63.277
[55,   500] loss: 0.628 accuracy:63.078
[55,   600] loss: 0.627 accuracy:63.305
[55,   700] loss: 0.627 accuracy:63.353
test_accuracy is 63.160 after epochs 54

Epoch: 55
[56,   100] loss: 0.622 accuracy:63.781
[56,   200] loss: 0.625 accuracy:63.578
[56,   300] loss: 0.626 accuracy:63.510
[56,   400] loss: 0.625 accuracy:63.492
[56,   500] loss: 0.625 accuracy:63.256
[56,   600] loss: 0.625 accuracy:63.435
[56,   700] loss: 0.623 accuracy:63.562
test_accuracy is 63.620 after epochs 55

Epoch: 56
[57,   100] loss: 0.620 accuracy:64.578
[57,   200] loss: 0.621 accuracy:64.297
[57,   300] loss: 0.618 accuracy:64.562
[57,   400] loss: 0.620 accuracy:64.441
[57,   500] loss: 0.620 accuracy:64.397
[57,   600] loss: 0.620 accuracy:64.216
[57,   700] loss: 0.620 accuracy:64.252
test_accuracy is 64.820 after epochs 56
Saving..

Epoch: 57
[58,   100] loss: 0.618 accuracy:64.281
[58,   200] loss: 0.617 accuracy:64.133
[58,   300] loss: 0.618 accuracy:64.167
[58,   400] loss: 0.620 accuracy:63.844
[58,   500] loss: 0.617 accuracy:64.281
[58,   600] loss: 0.617 accuracy:64.336
[58,   700] loss: 0.618 accuracy:64.228
test_accuracy is 64.860 after epochs 57
Saving..

Epoch: 58
[59,   100] loss: 0.611 accuracy:64.828
[59,   200] loss: 0.614 accuracy:64.492
[59,   300] loss: 0.613 accuracy:64.635
[59,   400] loss: 0.612 accuracy:64.805
[59,   500] loss: 0.614 accuracy:64.556
[59,   600] loss: 0.615 accuracy:64.500
[59,   700] loss: 0.616 accuracy:64.317
test_accuracy is 63.810 after epochs 58

Epoch: 59
[60,   100] loss: 0.617 accuracy:63.969
[60,   200] loss: 0.613 accuracy:64.492
[60,   300] loss: 0.617 accuracy:64.318
[60,   400] loss: 0.614 accuracy:64.797
[60,   500] loss: 0.614 accuracy:64.828
[60,   600] loss: 0.613 accuracy:64.852
[60,   700] loss: 0.613 accuracy:64.906
test_accuracy is 62.580 after epochs 59

Epoch: 60
[61,   100] loss: 0.612 accuracy:65.016
[61,   200] loss: 0.611 accuracy:65.172
[61,   300] loss: 0.611 accuracy:64.932
[61,   400] loss: 0.609 accuracy:65.035
[61,   500] loss: 0.609 accuracy:65.125
[61,   600] loss: 0.608 accuracy:65.122
[61,   700] loss: 0.608 accuracy:65.096
test_accuracy is 63.920 after epochs 60

Epoch: 61
[62,   100] loss: 0.609 accuracy:64.625
[62,   200] loss: 0.605 accuracy:65.188
[62,   300] loss: 0.609 accuracy:64.740
[62,   400] loss: 0.608 accuracy:64.984
[62,   500] loss: 0.606 accuracy:65.266
[62,   600] loss: 0.607 accuracy:65.344
[62,   700] loss: 0.607 accuracy:65.393
test_accuracy is 66.310 after epochs 61
Saving..

Epoch: 62
[63,   100] loss: 0.607 accuracy:66.125
[63,   200] loss: 0.605 accuracy:65.766
[63,   300] loss: 0.601 accuracy:66.031
[63,   400] loss: 0.601 accuracy:66.062
[63,   500] loss: 0.601 accuracy:65.963
[63,   600] loss: 0.601 accuracy:65.906
[63,   700] loss: 0.602 accuracy:65.989
test_accuracy is 66.850 after epochs 62
Saving..

Epoch: 63
[64,   100] loss: 0.599 accuracy:65.469
[64,   200] loss: 0.601 accuracy:65.648
[64,   300] loss: 0.603 accuracy:65.542
[64,   400] loss: 0.603 accuracy:65.598
[64,   500] loss: 0.602 accuracy:65.772
[64,   600] loss: 0.602 accuracy:65.758
[64,   700] loss: 0.602 accuracy:65.754
test_accuracy is 66.980 after epochs 63
Saving..

Epoch: 64
[65,   100] loss: 0.599 accuracy:65.891
[65,   200] loss: 0.588 accuracy:67.047
[65,   300] loss: 0.589 accuracy:66.984
[65,   400] loss: 0.590 accuracy:67.141
[65,   500] loss: 0.591 accuracy:67.178
[65,   600] loss: 0.591 accuracy:67.253
[65,   700] loss: 0.591 accuracy:67.138
test_accuracy is 65.880 after epochs 64

Epoch: 65
[66,   100] loss: 0.596 accuracy:67.297
[66,   200] loss: 0.593 accuracy:67.586
[66,   300] loss: 0.589 accuracy:67.927
[66,   400] loss: 0.588 accuracy:68.023
[66,   500] loss: 0.588 accuracy:67.847
[66,   600] loss: 0.588 accuracy:67.818
[66,   700] loss: 0.587 accuracy:67.781
test_accuracy is 68.480 after epochs 65
Saving..

Epoch: 66
[67,   100] loss: 0.580 accuracy:67.812
[67,   200] loss: 0.580 accuracy:68.102
[67,   300] loss: 0.580 accuracy:68.073
[67,   400] loss: 0.580 accuracy:68.172
[67,   500] loss: 0.582 accuracy:67.881
[67,   600] loss: 0.581 accuracy:67.995
[67,   700] loss: 0.582 accuracy:67.868
test_accuracy is 66.940 after epochs 66

Epoch: 67
[68,   100] loss: 0.583 accuracy:68.125
[68,   200] loss: 0.578 accuracy:68.453
[68,   300] loss: 0.575 accuracy:68.620
[68,   400] loss: 0.578 accuracy:68.262
[68,   500] loss: 0.577 accuracy:68.375
[68,   600] loss: 0.579 accuracy:68.206
[68,   700] loss: 0.579 accuracy:68.150
test_accuracy is 68.020 after epochs 67

Epoch: 68
[69,   100] loss: 0.579 accuracy:68.438
[69,   200] loss: 0.580 accuracy:68.180
[69,   300] loss: 0.574 accuracy:68.891
[69,   400] loss: 0.572 accuracy:68.988
[69,   500] loss: 0.572 accuracy:69.044
[69,   600] loss: 0.571 accuracy:69.195
[69,   700] loss: 0.569 accuracy:69.292
test_accuracy is 69.360 after epochs 68
Saving..

Epoch: 69
[70,   100] loss: 0.551 accuracy:69.766
[70,   200] loss: 0.560 accuracy:69.289
[70,   300] loss: 0.560 accuracy:69.333
[70,   400] loss: 0.557 accuracy:69.734
[70,   500] loss: 0.557 accuracy:69.853
[70,   600] loss: 0.559 accuracy:69.688
[70,   700] loss: 0.562 accuracy:69.511
test_accuracy is 68.710 after epochs 69

Epoch: 70
[71,   100] loss: 0.551 accuracy:71.094
[71,   200] loss: 0.554 accuracy:70.398
[71,   300] loss: 0.555 accuracy:70.339
[71,   400] loss: 0.556 accuracy:70.293
[71,   500] loss: 0.557 accuracy:70.194
[71,   600] loss: 0.556 accuracy:70.177
[71,   700] loss: 0.555 accuracy:70.317
test_accuracy is 70.310 after epochs 70
Saving..

Epoch: 71
[72,   100] loss: 0.550 accuracy:71.234
[72,   200] loss: 0.554 accuracy:70.578
[72,   300] loss: 0.555 accuracy:70.365
[72,   400] loss: 0.554 accuracy:70.453
[72,   500] loss: 0.552 accuracy:70.572
[72,   600] loss: 0.550 accuracy:70.823
[72,   700] loss: 0.550 accuracy:70.842
test_accuracy is 72.150 after epochs 71
Saving..

Epoch: 72
[73,   100] loss: 0.544 accuracy:71.141
[73,   200] loss: 0.544 accuracy:71.312
[73,   300] loss: 0.543 accuracy:71.385
[73,   400] loss: 0.540 accuracy:71.594
[73,   500] loss: 0.538 accuracy:71.647
[73,   600] loss: 0.538 accuracy:71.659
[73,   700] loss: 0.536 accuracy:71.779
test_accuracy is 73.400 after epochs 72
Saving..

Epoch: 73
[74,   100] loss: 0.526 accuracy:72.844
[74,   200] loss: 0.524 accuracy:72.891
[74,   300] loss: 0.524 accuracy:72.812
[74,   400] loss: 0.526 accuracy:72.621
[74,   500] loss: 0.526 accuracy:72.756
[74,   600] loss: 0.526 accuracy:72.815
[74,   700] loss: 0.526 accuracy:72.879
test_accuracy is 73.860 after epochs 73
Saving..

Epoch: 74
[75,   100] loss: 0.521 accuracy:72.750
[75,   200] loss: 0.512 accuracy:73.703
[75,   300] loss: 0.510 accuracy:74.021
[75,   400] loss: 0.510 accuracy:74.105
[75,   500] loss: 0.510 accuracy:74.081
[75,   600] loss: 0.510 accuracy:74.112
[75,   700] loss: 0.511 accuracy:74.083
test_accuracy is 75.340 after epochs 74
Saving..

Epoch: 75
[76,   100] loss: 0.482 accuracy:75.969
[76,   200] loss: 0.491 accuracy:75.562
[76,   300] loss: 0.492 accuracy:75.526
[76,   400] loss: 0.491 accuracy:75.645
[76,   500] loss: 0.493 accuracy:75.575
[76,   600] loss: 0.492 accuracy:75.573
[76,   700] loss: 0.491 accuracy:75.703
test_accuracy is 76.450 after epochs 75
Saving..

Epoch: 76
[77,   100] loss: 0.486 accuracy:75.969
[77,   200] loss: 0.480 accuracy:76.469
[77,   300] loss: 0.487 accuracy:76.146
[77,   400] loss: 0.483 accuracy:76.285
[77,   500] loss: 0.483 accuracy:76.269
[77,   600] loss: 0.481 accuracy:76.388
[77,   700] loss: 0.481 accuracy:76.386
test_accuracy is 78.930 after epochs 76
Saving..

Epoch: 77
[78,   100] loss: 0.469 accuracy:77.219
[78,   200] loss: 0.463 accuracy:77.812
[78,   300] loss: 0.465 accuracy:77.635
[78,   400] loss: 0.463 accuracy:77.828
[78,   500] loss: 0.461 accuracy:77.778
[78,   600] loss: 0.461 accuracy:77.734
[78,   700] loss: 0.459 accuracy:77.888
test_accuracy is 73.820 after epochs 77

Epoch: 78
[79,   100] loss: 0.487 accuracy:76.328
[79,   200] loss: 0.476 accuracy:76.898
[79,   300] loss: 0.470 accuracy:77.271
[79,   400] loss: 0.463 accuracy:77.684
[79,   500] loss: 0.464 accuracy:77.778
[79,   600] loss: 0.459 accuracy:78.094
[79,   700] loss: 0.456 accuracy:78.319
test_accuracy is 80.260 after epochs 78
Saving..

Epoch: 79
[80,   100] loss: 0.441 accuracy:79.078
[80,   200] loss: 0.440 accuracy:79.523
[80,   300] loss: 0.440 accuracy:79.495
[80,   400] loss: 0.437 accuracy:79.703
[80,   500] loss: 0.435 accuracy:79.731
[80,   600] loss: 0.435 accuracy:79.729
[80,   700] loss: 0.433 accuracy:79.922
test_accuracy is 81.830 after epochs 79
Saving..

Epoch: 80
[81,   100] loss: 0.412 accuracy:81.094
[81,   200] loss: 0.420 accuracy:80.680
[81,   300] loss: 0.419 accuracy:80.510
[81,   400] loss: 0.422 accuracy:80.531
[81,   500] loss: 0.419 accuracy:80.572
[81,   600] loss: 0.419 accuracy:80.607
[81,   700] loss: 0.418 accuracy:80.701
test_accuracy is 82.660 after epochs 80
Saving..

Epoch: 81
[82,   100] loss: 0.400 accuracy:82.297
[82,   200] loss: 0.404 accuracy:81.945
[82,   300] loss: 0.397 accuracy:82.083
[82,   400] loss: 0.397 accuracy:82.164
[82,   500] loss: 0.393 accuracy:82.316
[82,   600] loss: 0.393 accuracy:82.276
[82,   700] loss: 0.397 accuracy:82.062
test_accuracy is 84.410 after epochs 81
Saving..

Epoch: 82
[83,   100] loss: 0.387 accuracy:82.641
[83,   200] loss: 0.390 accuracy:82.789
[83,   300] loss: 0.384 accuracy:82.865
[83,   400] loss: 0.383 accuracy:82.938
[83,   500] loss: 0.384 accuracy:82.753
[83,   600] loss: 0.385 accuracy:82.883
[83,   700] loss: 0.384 accuracy:82.978
test_accuracy is 84.280 after epochs 82

Epoch: 83
[84,   100] loss: 0.373 accuracy:83.609
[84,   200] loss: 0.375 accuracy:83.477
[84,   300] loss: 0.373 accuracy:83.682
[84,   400] loss: 0.377 accuracy:83.473
[84,   500] loss: 0.376 accuracy:83.516
[84,   600] loss: 0.375 accuracy:83.510
[84,   700] loss: 0.374 accuracy:83.592
test_accuracy is 87.080 after epochs 83
Saving..

Epoch: 84
[85,   100] loss: 0.355 accuracy:84.328
[85,   200] loss: 0.367 accuracy:83.992
[85,   300] loss: 0.363 accuracy:84.172
[85,   400] loss: 0.359 accuracy:84.543
[85,   500] loss: 0.360 accuracy:84.469
[85,   600] loss: 0.360 accuracy:84.404
[85,   700] loss: 0.360 accuracy:84.453
test_accuracy is 86.790 after epochs 84

Epoch: 85
[86,   100] loss: 0.350 accuracy:85.000
[86,   200] loss: 0.345 accuracy:85.406
[86,   300] loss: 0.342 accuracy:85.562
[86,   400] loss: 0.346 accuracy:85.301
[86,   500] loss: 0.345 accuracy:85.478
[86,   600] loss: 0.345 accuracy:85.375
[86,   700] loss: 0.346 accuracy:85.319
test_accuracy is 86.570 after epochs 85

Epoch: 86
[87,   100] loss: 0.353 accuracy:85.156
[87,   200] loss: 0.345 accuracy:85.438
[87,   300] loss: 0.343 accuracy:85.448
[87,   400] loss: 0.340 accuracy:85.516
[87,   500] loss: 0.338 accuracy:85.619
[87,   600] loss: 0.338 accuracy:85.674
[87,   700] loss: 0.337 accuracy:85.710
test_accuracy is 85.740 after epochs 86

Epoch: 87
[88,   100] loss: 0.345 accuracy:85.281
[88,   200] loss: 0.337 accuracy:85.773
[88,   300] loss: 0.335 accuracy:85.953
[88,   400] loss: 0.335 accuracy:85.859
[88,   500] loss: 0.332 accuracy:86.034
[88,   600] loss: 0.332 accuracy:86.023
[88,   700] loss: 0.331 accuracy:86.047
test_accuracy is 87.620 after epochs 87
Saving..

Epoch: 88
[89,   100] loss: 0.336 accuracy:85.469
[89,   200] loss: 0.321 accuracy:86.602
[89,   300] loss: 0.317 accuracy:86.839
[89,   400] loss: 0.313 accuracy:87.082
[89,   500] loss: 0.311 accuracy:87.231
[89,   600] loss: 0.311 accuracy:87.180
[89,   700] loss: 0.312 accuracy:87.134
test_accuracy is 88.080 after epochs 88
Saving..

Epoch: 89
[90,   100] loss: 0.303 accuracy:87.297
[90,   200] loss: 0.304 accuracy:87.391
[90,   300] loss: 0.307 accuracy:87.469
[90,   400] loss: 0.306 accuracy:87.609
[90,   500] loss: 0.301 accuracy:87.862
[90,   600] loss: 0.302 accuracy:87.703
[90,   700] loss: 0.305 accuracy:87.554
test_accuracy is 87.930 after epochs 89

Epoch: 90
[91,   100] loss: 0.291 accuracy:88.281
[91,   200] loss: 0.308 accuracy:87.219
[91,   300] loss: 0.300 accuracy:87.656
[91,   400] loss: 0.297 accuracy:87.902
[91,   500] loss: 0.294 accuracy:88.072
[91,   600] loss: 0.294 accuracy:88.013
[91,   700] loss: 0.294 accuracy:88.004
test_accuracy is 88.800 after epochs 90
Saving..

Epoch: 91
[92,   100] loss: 0.301 accuracy:87.609
[92,   200] loss: 0.297 accuracy:87.836
[92,   300] loss: 0.296 accuracy:88.047
[92,   400] loss: 0.295 accuracy:87.961
[92,   500] loss: 0.294 accuracy:88.041
[92,   600] loss: 0.295 accuracy:88.042
[92,   700] loss: 0.296 accuracy:87.993
test_accuracy is 89.440 after epochs 91
Saving..

Epoch: 92
[93,   100] loss: 0.279 accuracy:88.891
[93,   200] loss: 0.279 accuracy:89.047
[93,   300] loss: 0.282 accuracy:88.859
[93,   400] loss: 0.284 accuracy:88.734
[93,   500] loss: 0.284 accuracy:88.737
[93,   600] loss: 0.281 accuracy:88.859
[93,   700] loss: 0.282 accuracy:88.737
test_accuracy is 90.300 after epochs 92
Saving..

Epoch: 93
[94,   100] loss: 0.278 accuracy:89.000
[94,   200] loss: 0.282 accuracy:88.703
[94,   300] loss: 0.274 accuracy:89.146
[94,   400] loss: 0.279 accuracy:88.918
[94,   500] loss: 0.278 accuracy:88.966
[94,   600] loss: 0.280 accuracy:88.859
[94,   700] loss: 0.281 accuracy:88.779
test_accuracy is 89.210 after epochs 93

Epoch: 94
[95,   100] loss: 0.273 accuracy:89.266
[95,   200] loss: 0.268 accuracy:89.289
[95,   300] loss: 0.265 accuracy:89.505
[95,   400] loss: 0.265 accuracy:89.582
[95,   500] loss: 0.266 accuracy:89.531
[95,   600] loss: 0.266 accuracy:89.529
[95,   700] loss: 0.264 accuracy:89.580
test_accuracy is 89.340 after epochs 94

Epoch: 95
[96,   100] loss: 0.272 accuracy:89.391
[96,   200] loss: 0.275 accuracy:88.984
[96,   300] loss: 0.267 accuracy:89.339
[96,   400] loss: 0.265 accuracy:89.473
[96,   500] loss: 0.266 accuracy:89.384
[96,   600] loss: 0.263 accuracy:89.534
[96,   700] loss: 0.262 accuracy:89.625
test_accuracy is 89.930 after epochs 95

Epoch: 96
[97,   100] loss: 0.251 accuracy:90.594
[97,   200] loss: 0.251 accuracy:90.453
[97,   300] loss: 0.254 accuracy:90.281
[97,   400] loss: 0.256 accuracy:90.090
[97,   500] loss: 0.254 accuracy:90.141
[97,   600] loss: 0.259 accuracy:89.919
[97,   700] loss: 0.259 accuracy:89.906
test_accuracy is 90.970 after epochs 96
Saving..

Epoch: 97
[98,   100] loss: 0.257 accuracy:89.688
[98,   200] loss: 0.256 accuracy:89.906
[98,   300] loss: 0.255 accuracy:89.901
[98,   400] loss: 0.256 accuracy:89.816
[98,   500] loss: 0.259 accuracy:89.741
[98,   600] loss: 0.256 accuracy:89.880
[98,   700] loss: 0.255 accuracy:89.944
test_accuracy is 91.060 after epochs 97
Saving..

Epoch: 98
[99,   100] loss: 0.237 accuracy:91.172
[99,   200] loss: 0.237 accuracy:91.133
[99,   300] loss: 0.236 accuracy:91.094
[99,   400] loss: 0.241 accuracy:90.875
[99,   500] loss: 0.242 accuracy:90.734
[99,   600] loss: 0.244 accuracy:90.630
[99,   700] loss: 0.245 accuracy:90.551
test_accuracy is 91.600 after epochs 98
Saving..

Epoch: 99
[100,   100] loss: 0.226 accuracy:91.344
[100,   200] loss: 0.236 accuracy:90.922
[100,   300] loss: 0.239 accuracy:90.802
[100,   400] loss: 0.237 accuracy:90.957
[100,   500] loss: 0.241 accuracy:90.784
[100,   600] loss: 0.242 accuracy:90.669
[100,   700] loss: 0.243 accuracy:90.638
test_accuracy is 91.440 after epochs 99

Epoch: 100
[101,   100] loss: 0.230 accuracy:91.312
[101,   200] loss: 0.232 accuracy:91.234
[101,   300] loss: 0.230 accuracy:91.344
[101,   400] loss: 0.235 accuracy:91.117
[101,   500] loss: 0.234 accuracy:91.144
[101,   600] loss: 0.232 accuracy:91.245
[101,   700] loss: 0.232 accuracy:91.194
test_accuracy is 92.060 after epochs 100
Saving..

Epoch: 101
[102,   100] loss: 0.250 accuracy:90.266
[102,   200] loss: 0.233 accuracy:90.969
[102,   300] loss: 0.228 accuracy:91.344
[102,   400] loss: 0.232 accuracy:91.340
[102,   500] loss: 0.231 accuracy:91.334
[102,   600] loss: 0.230 accuracy:91.380
[102,   700] loss: 0.228 accuracy:91.406
test_accuracy is 91.640 after epochs 101

Epoch: 102
[103,   100] loss: 0.218 accuracy:91.781
[103,   200] loss: 0.232 accuracy:91.125
[103,   300] loss: 0.232 accuracy:91.120
[103,   400] loss: 0.232 accuracy:91.121
[103,   500] loss: 0.231 accuracy:91.200
[103,   600] loss: 0.231 accuracy:91.156
[103,   700] loss: 0.232 accuracy:91.107
test_accuracy is 92.370 after epochs 102
Saving..

Epoch: 103
[104,   100] loss: 0.210 accuracy:91.578
[104,   200] loss: 0.217 accuracy:91.547
[104,   300] loss: 0.218 accuracy:91.672
[104,   400] loss: 0.215 accuracy:91.844
[104,   500] loss: 0.216 accuracy:91.878
[104,   600] loss: 0.217 accuracy:91.799
[104,   700] loss: 0.218 accuracy:91.804
test_accuracy is 92.270 after epochs 103

Epoch: 104
[105,   100] loss: 0.233 accuracy:90.859
[105,   200] loss: 0.225 accuracy:91.328
[105,   300] loss: 0.220 accuracy:91.714
[105,   400] loss: 0.221 accuracy:91.699
[105,   500] loss: 0.216 accuracy:91.897
[105,   600] loss: 0.219 accuracy:91.768
[105,   700] loss: 0.219 accuracy:91.786
test_accuracy is 93.000 after epochs 104
Saving..

Epoch: 105
[106,   100] loss: 0.215 accuracy:91.719
[106,   200] loss: 0.220 accuracy:91.695
[106,   300] loss: 0.216 accuracy:91.839
[106,   400] loss: 0.216 accuracy:91.859
[106,   500] loss: 0.219 accuracy:91.769
[106,   600] loss: 0.216 accuracy:91.852
[106,   700] loss: 0.213 accuracy:92.013
test_accuracy is 92.620 after epochs 105

Epoch: 106
[107,   100] loss: 0.208 accuracy:91.984
[107,   200] loss: 0.214 accuracy:91.969
[107,   300] loss: 0.212 accuracy:92.010
[107,   400] loss: 0.212 accuracy:92.020
[107,   500] loss: 0.211 accuracy:92.047
[107,   600] loss: 0.213 accuracy:91.958
[107,   700] loss: 0.212 accuracy:91.998
test_accuracy is 92.470 after epochs 106

Epoch: 107
[108,   100] loss: 0.205 accuracy:92.688
[108,   200] loss: 0.200 accuracy:92.781
[108,   300] loss: 0.201 accuracy:92.745
[108,   400] loss: 0.203 accuracy:92.598
[108,   500] loss: 0.205 accuracy:92.438
[108,   600] loss: 0.205 accuracy:92.393
[108,   700] loss: 0.201 accuracy:92.525
test_accuracy is 93.060 after epochs 107
Saving..

Epoch: 108
[109,   100] loss: 0.212 accuracy:91.938
[109,   200] loss: 0.211 accuracy:92.227
[109,   300] loss: 0.205 accuracy:92.484
[109,   400] loss: 0.209 accuracy:92.297
[109,   500] loss: 0.207 accuracy:92.422
[109,   600] loss: 0.207 accuracy:92.417
[109,   700] loss: 0.207 accuracy:92.406
test_accuracy is 92.900 after epochs 108

Epoch: 109
[110,   100] loss: 0.209 accuracy:91.984
[110,   200] loss: 0.206 accuracy:92.289
[110,   300] loss: 0.202 accuracy:92.427
[110,   400] loss: 0.203 accuracy:92.469
[110,   500] loss: 0.204 accuracy:92.422
[110,   600] loss: 0.205 accuracy:92.375
[110,   700] loss: 0.204 accuracy:92.442
test_accuracy is 93.140 after epochs 109
Saving..

Epoch: 110
[111,   100] loss: 0.205 accuracy:92.797
[111,   200] loss: 0.205 accuracy:92.672
[111,   300] loss: 0.208 accuracy:92.562
[111,   400] loss: 0.210 accuracy:92.402
[111,   500] loss: 0.211 accuracy:92.209
[111,   600] loss: 0.211 accuracy:92.188
[111,   700] loss: 0.210 accuracy:92.219
test_accuracy is 93.640 after epochs 110
Saving..

Epoch: 111
[112,   100] loss: 0.182 accuracy:93.188
[112,   200] loss: 0.190 accuracy:92.977
[112,   300] loss: 0.188 accuracy:93.083
[112,   400] loss: 0.189 accuracy:93.215
[112,   500] loss: 0.188 accuracy:93.250
[112,   600] loss: 0.194 accuracy:92.930
[112,   700] loss: 0.193 accuracy:92.946
test_accuracy is 93.680 after epochs 111
Saving..

Epoch: 112
[113,   100] loss: 0.191 accuracy:93.250
[113,   200] loss: 0.196 accuracy:92.883
[113,   300] loss: 0.196 accuracy:92.875
[113,   400] loss: 0.195 accuracy:92.973
[113,   500] loss: 0.196 accuracy:92.844
[113,   600] loss: 0.197 accuracy:92.763
[113,   700] loss: 0.197 accuracy:92.757
test_accuracy is 93.110 after epochs 112

Epoch: 113
[114,   100] loss: 0.184 accuracy:93.656
[114,   200] loss: 0.193 accuracy:93.047
[114,   300] loss: 0.192 accuracy:93.125
[114,   400] loss: 0.192 accuracy:93.090
[114,   500] loss: 0.192 accuracy:93.053
[114,   600] loss: 0.193 accuracy:93.026
[114,   700] loss: 0.194 accuracy:92.973
test_accuracy is 93.660 after epochs 113

Epoch: 114
[115,   100] loss: 0.184 accuracy:93.203
[115,   200] loss: 0.180 accuracy:93.469
[115,   300] loss: 0.183 accuracy:93.312
[115,   400] loss: 0.186 accuracy:93.242
[115,   500] loss: 0.186 accuracy:93.241
[115,   600] loss: 0.185 accuracy:93.258
[115,   700] loss: 0.186 accuracy:93.237
test_accuracy is 93.280 after epochs 114

Epoch: 115
[116,   100] loss: 0.208 accuracy:92.406
[116,   200] loss: 0.200 accuracy:92.602
[116,   300] loss: 0.195 accuracy:92.766
[116,   400] loss: 0.196 accuracy:92.684
[116,   500] loss: 0.190 accuracy:92.903
[116,   600] loss: 0.191 accuracy:92.909
[116,   700] loss: 0.190 accuracy:92.993
test_accuracy is 94.250 after epochs 115
Saving..

Epoch: 116
[117,   100] loss: 0.185 accuracy:93.328
[117,   200] loss: 0.179 accuracy:93.523
[117,   300] loss: 0.180 accuracy:93.552
[117,   400] loss: 0.180 accuracy:93.660
[117,   500] loss: 0.182 accuracy:93.597
[117,   600] loss: 0.183 accuracy:93.503
[117,   700] loss: 0.182 accuracy:93.558
test_accuracy is 93.960 after epochs 116

Epoch: 117
[118,   100] loss: 0.178 accuracy:93.672
[118,   200] loss: 0.184 accuracy:93.523
[118,   300] loss: 0.186 accuracy:93.401
[118,   400] loss: 0.185 accuracy:93.387
[118,   500] loss: 0.185 accuracy:93.381
[118,   600] loss: 0.186 accuracy:93.310
[118,   700] loss: 0.185 accuracy:93.328
test_accuracy is 93.880 after epochs 117

Epoch: 118
[119,   100] loss: 0.174 accuracy:93.562
[119,   200] loss: 0.174 accuracy:93.516
[119,   300] loss: 0.172 accuracy:93.729
[119,   400] loss: 0.176 accuracy:93.664
[119,   500] loss: 0.179 accuracy:93.513
[119,   600] loss: 0.180 accuracy:93.568
[119,   700] loss: 0.179 accuracy:93.580
test_accuracy is 93.370 after epochs 118

Epoch: 119
[120,   100] loss: 0.180 accuracy:93.547
[120,   200] loss: 0.176 accuracy:93.727
[120,   300] loss: 0.178 accuracy:93.646
[120,   400] loss: 0.178 accuracy:93.617
[120,   500] loss: 0.180 accuracy:93.534
[120,   600] loss: 0.182 accuracy:93.471
[120,   700] loss: 0.182 accuracy:93.498
test_accuracy is 93.790 after epochs 119

Epoch: 120
[121,   100] loss: 0.171 accuracy:94.156
[121,   200] loss: 0.174 accuracy:93.898
[121,   300] loss: 0.176 accuracy:93.854
[121,   400] loss: 0.178 accuracy:93.805
[121,   500] loss: 0.176 accuracy:93.878
[121,   600] loss: 0.175 accuracy:93.885
[121,   700] loss: 0.178 accuracy:93.737
test_accuracy is 93.080 after epochs 120

Epoch: 121
[122,   100] loss: 0.176 accuracy:93.594
[122,   200] loss: 0.176 accuracy:93.766
[122,   300] loss: 0.172 accuracy:93.875
[122,   400] loss: 0.174 accuracy:93.824
[122,   500] loss: 0.174 accuracy:93.791
[122,   600] loss: 0.176 accuracy:93.734
[122,   700] loss: 0.177 accuracy:93.730
test_accuracy is 94.150 after epochs 121

Epoch: 122
[123,   100] loss: 0.184 accuracy:93.422
[123,   200] loss: 0.182 accuracy:93.555
[123,   300] loss: 0.177 accuracy:93.682
[123,   400] loss: 0.177 accuracy:93.727
[123,   500] loss: 0.177 accuracy:93.691
[123,   600] loss: 0.176 accuracy:93.724
[123,   700] loss: 0.175 accuracy:93.770
test_accuracy is 94.190 after epochs 122

Epoch: 123
[124,   100] loss: 0.172 accuracy:93.797
[124,   200] loss: 0.168 accuracy:93.961
[124,   300] loss: 0.169 accuracy:93.880
[124,   400] loss: 0.168 accuracy:93.898
[124,   500] loss: 0.169 accuracy:93.916
[124,   600] loss: 0.170 accuracy:93.964
[124,   700] loss: 0.167 accuracy:94.049
test_accuracy is 92.960 after epochs 123

Epoch: 124
[125,   100] loss: 0.180 accuracy:93.609
[125,   200] loss: 0.175 accuracy:93.750
[125,   300] loss: 0.172 accuracy:93.953
[125,   400] loss: 0.172 accuracy:93.934
[125,   500] loss: 0.173 accuracy:93.847
[125,   600] loss: 0.173 accuracy:93.826
[125,   700] loss: 0.172 accuracy:93.839
test_accuracy is 94.910 after epochs 124
Saving..

Epoch: 125
[126,   100] loss: 0.167 accuracy:94.172
[126,   200] loss: 0.173 accuracy:93.938
[126,   300] loss: 0.173 accuracy:93.828
[126,   400] loss: 0.172 accuracy:93.855
[126,   500] loss: 0.171 accuracy:93.922
[126,   600] loss: 0.169 accuracy:94.005
[126,   700] loss: 0.170 accuracy:93.998
test_accuracy is 94.630 after epochs 125

Epoch: 126
[127,   100] loss: 0.170 accuracy:93.938
[127,   200] loss: 0.166 accuracy:94.031
[127,   300] loss: 0.165 accuracy:94.182
[127,   400] loss: 0.164 accuracy:94.215
[127,   500] loss: 0.166 accuracy:94.134
[127,   600] loss: 0.167 accuracy:94.115
[127,   700] loss: 0.169 accuracy:94.025
test_accuracy is 94.570 after epochs 126

Epoch: 127
[128,   100] loss: 0.163 accuracy:94.578
[128,   200] loss: 0.165 accuracy:94.344
[128,   300] loss: 0.166 accuracy:94.328
[128,   400] loss: 0.166 accuracy:94.297
[128,   500] loss: 0.164 accuracy:94.325
[128,   600] loss: 0.163 accuracy:94.398
[128,   700] loss: 0.163 accuracy:94.386
test_accuracy is 94.660 after epochs 127

Epoch: 128
[129,   100] loss: 0.157 accuracy:94.609
[129,   200] loss: 0.155 accuracy:94.703
[129,   300] loss: 0.163 accuracy:94.427
[129,   400] loss: 0.162 accuracy:94.355
[129,   500] loss: 0.165 accuracy:94.287
[129,   600] loss: 0.163 accuracy:94.339
[129,   700] loss: 0.163 accuracy:94.406
test_accuracy is 94.860 after epochs 128

Epoch: 129
[130,   100] loss: 0.170 accuracy:93.906
[130,   200] loss: 0.164 accuracy:94.102
[130,   300] loss: 0.163 accuracy:94.255
[130,   400] loss: 0.165 accuracy:94.156
[130,   500] loss: 0.165 accuracy:94.219
[130,   600] loss: 0.163 accuracy:94.326
[130,   700] loss: 0.161 accuracy:94.388
test_accuracy is 94.760 after epochs 129

Epoch: 130
[131,   100] loss: 0.154 accuracy:94.656
[131,   200] loss: 0.155 accuracy:94.680
[131,   300] loss: 0.160 accuracy:94.417
[131,   400] loss: 0.159 accuracy:94.469
[131,   500] loss: 0.161 accuracy:94.375
[131,   600] loss: 0.159 accuracy:94.443
[131,   700] loss: 0.159 accuracy:94.449
test_accuracy is 95.060 after epochs 130
Saving..

Epoch: 131
[132,   100] loss: 0.152 accuracy:94.891
[132,   200] loss: 0.158 accuracy:94.641
[132,   300] loss: 0.159 accuracy:94.547
[132,   400] loss: 0.162 accuracy:94.500
[132,   500] loss: 0.158 accuracy:94.562
[132,   600] loss: 0.160 accuracy:94.549
[132,   700] loss: 0.160 accuracy:94.531
test_accuracy is 94.470 after epochs 131

Epoch: 132
[133,   100] loss: 0.159 accuracy:94.641
[133,   200] loss: 0.151 accuracy:94.797
[133,   300] loss: 0.152 accuracy:94.766
[133,   400] loss: 0.155 accuracy:94.641
[133,   500] loss: 0.157 accuracy:94.584
[133,   600] loss: 0.157 accuracy:94.544
[133,   700] loss: 0.155 accuracy:94.618
test_accuracy is 94.970 after epochs 132

Epoch: 133
[134,   100] loss: 0.154 accuracy:94.406
[134,   200] loss: 0.148 accuracy:94.711
[134,   300] loss: 0.151 accuracy:94.693
[134,   400] loss: 0.151 accuracy:94.719
[134,   500] loss: 0.151 accuracy:94.766
[134,   600] loss: 0.154 accuracy:94.596
[134,   700] loss: 0.154 accuracy:94.583
test_accuracy is 95.080 after epochs 133
Saving..

Epoch: 134
[135,   100] loss: 0.158 accuracy:94.672
[135,   200] loss: 0.153 accuracy:94.773
[135,   300] loss: 0.150 accuracy:94.958
[135,   400] loss: 0.152 accuracy:94.809
[135,   500] loss: 0.152 accuracy:94.747
[135,   600] loss: 0.154 accuracy:94.664
[135,   700] loss: 0.154 accuracy:94.627
test_accuracy is 95.150 after epochs 134
Saving..

Epoch: 135
[136,   100] loss: 0.158 accuracy:94.734
[136,   200] loss: 0.160 accuracy:94.625
[136,   300] loss: 0.155 accuracy:94.771
[136,   400] loss: 0.155 accuracy:94.781
[136,   500] loss: 0.153 accuracy:94.797
[136,   600] loss: 0.153 accuracy:94.792
[136,   700] loss: 0.151 accuracy:94.837
test_accuracy is 95.560 after epochs 135
Saving..

Epoch: 136
[137,   100] loss: 0.146 accuracy:95.094
[137,   200] loss: 0.151 accuracy:94.773
[137,   300] loss: 0.153 accuracy:94.635
[137,   400] loss: 0.154 accuracy:94.652
[137,   500] loss: 0.155 accuracy:94.669
[137,   600] loss: 0.153 accuracy:94.708
[137,   700] loss: 0.153 accuracy:94.732
test_accuracy is 95.510 after epochs 136

Epoch: 137
[138,   100] loss: 0.152 accuracy:94.672
[138,   200] loss: 0.154 accuracy:94.703
[138,   300] loss: 0.151 accuracy:94.688
[138,   400] loss: 0.152 accuracy:94.734
[138,   500] loss: 0.151 accuracy:94.766
[138,   600] loss: 0.153 accuracy:94.688
[138,   700] loss: 0.153 accuracy:94.670
test_accuracy is 95.030 after epochs 137

Epoch: 138
[139,   100] loss: 0.152 accuracy:94.641
[139,   200] loss: 0.146 accuracy:94.906
[139,   300] loss: 0.146 accuracy:94.943
[139,   400] loss: 0.148 accuracy:94.918
[139,   500] loss: 0.147 accuracy:94.941
[139,   600] loss: 0.147 accuracy:94.956
[139,   700] loss: 0.147 accuracy:94.971
test_accuracy is 95.890 after epochs 138
Saving..

Epoch: 139
[140,   100] loss: 0.165 accuracy:94.391
[140,   200] loss: 0.159 accuracy:94.617
[140,   300] loss: 0.153 accuracy:94.833
[140,   400] loss: 0.155 accuracy:94.738
[140,   500] loss: 0.150 accuracy:94.909
[140,   600] loss: 0.152 accuracy:94.844
[140,   700] loss: 0.153 accuracy:94.770
test_accuracy is 95.730 after epochs 139

Epoch: 140
[141,   100] loss: 0.135 accuracy:95.484
[141,   200] loss: 0.136 accuracy:95.336
[141,   300] loss: 0.143 accuracy:95.120
[141,   400] loss: 0.145 accuracy:95.113
[141,   500] loss: 0.145 accuracy:95.047
[141,   600] loss: 0.146 accuracy:94.995
[141,   700] loss: 0.144 accuracy:95.096
test_accuracy is 95.130 after epochs 140

Epoch: 141
[142,   100] loss: 0.152 accuracy:94.672
[142,   200] loss: 0.153 accuracy:94.828
[142,   300] loss: 0.152 accuracy:94.807
[142,   400] loss: 0.152 accuracy:94.840
[142,   500] loss: 0.151 accuracy:94.903
[142,   600] loss: 0.148 accuracy:94.982
[142,   700] loss: 0.146 accuracy:95.067
test_accuracy is 95.430 after epochs 141

Epoch: 142
[143,   100] loss: 0.144 accuracy:94.859
[143,   200] loss: 0.143 accuracy:94.898
[143,   300] loss: 0.144 accuracy:94.911
[143,   400] loss: 0.143 accuracy:94.977
[143,   500] loss: 0.142 accuracy:95.009
[143,   600] loss: 0.143 accuracy:94.971
[143,   700] loss: 0.142 accuracy:95.036
test_accuracy is 95.600 after epochs 142

Epoch: 143
[144,   100] loss: 0.142 accuracy:95.219
[144,   200] loss: 0.138 accuracy:95.383
[144,   300] loss: 0.142 accuracy:95.203
[144,   400] loss: 0.141 accuracy:95.223
[144,   500] loss: 0.142 accuracy:95.172
[144,   600] loss: 0.142 accuracy:95.151
[144,   700] loss: 0.142 accuracy:95.158
test_accuracy is 95.730 after epochs 143

Epoch: 144
[145,   100] loss: 0.136 accuracy:95.391
[145,   200] loss: 0.135 accuracy:95.445
[145,   300] loss: 0.142 accuracy:95.198
[145,   400] loss: 0.139 accuracy:95.336
[145,   500] loss: 0.141 accuracy:95.287
[145,   600] loss: 0.141 accuracy:95.297
[145,   700] loss: 0.141 accuracy:95.263
test_accuracy is 95.760 after epochs 144

Epoch: 145
[146,   100] loss: 0.145 accuracy:94.938
[146,   200] loss: 0.140 accuracy:95.328
[146,   300] loss: 0.141 accuracy:95.234
[146,   400] loss: 0.144 accuracy:95.109
[146,   500] loss: 0.142 accuracy:95.244
[146,   600] loss: 0.139 accuracy:95.328
[146,   700] loss: 0.137 accuracy:95.404
test_accuracy is 95.870 after epochs 145

Epoch: 146
[147,   100] loss: 0.146 accuracy:94.953
[147,   200] loss: 0.142 accuracy:95.102
[147,   300] loss: 0.141 accuracy:95.141
[147,   400] loss: 0.139 accuracy:95.262
[147,   500] loss: 0.138 accuracy:95.272
[147,   600] loss: 0.137 accuracy:95.323
[147,   700] loss: 0.136 accuracy:95.377
test_accuracy is 95.810 after epochs 146

Epoch: 147
[148,   100] loss: 0.140 accuracy:95.297
[148,   200] loss: 0.141 accuracy:95.289
[148,   300] loss: 0.139 accuracy:95.370
[148,   400] loss: 0.136 accuracy:95.461
[148,   500] loss: 0.137 accuracy:95.494
[148,   600] loss: 0.138 accuracy:95.464
[148,   700] loss: 0.139 accuracy:95.408
test_accuracy is 95.990 after epochs 147
Saving..

Epoch: 148
[149,   100] loss: 0.137 accuracy:95.391
[149,   200] loss: 0.137 accuracy:95.375
[149,   300] loss: 0.139 accuracy:95.286
[149,   400] loss: 0.138 accuracy:95.324
[149,   500] loss: 0.135 accuracy:95.456
[149,   600] loss: 0.136 accuracy:95.411
[149,   700] loss: 0.136 accuracy:95.440
test_accuracy is 95.590 after epochs 148

Epoch: 149
[150,   100] loss: 0.135 accuracy:95.422
[150,   200] loss: 0.136 accuracy:95.414
[150,   300] loss: 0.135 accuracy:95.453
[150,   400] loss: 0.139 accuracy:95.285
[150,   500] loss: 0.138 accuracy:95.366
[150,   600] loss: 0.137 accuracy:95.422
[150,   700] loss: 0.135 accuracy:95.522
test_accuracy is 95.490 after epochs 149

Epoch: 150
[151,   100] loss: 0.128 accuracy:95.672
[151,   200] loss: 0.133 accuracy:95.500
[151,   300] loss: 0.135 accuracy:95.516
[151,   400] loss: 0.132 accuracy:95.602
[151,   500] loss: 0.134 accuracy:95.553
[151,   600] loss: 0.132 accuracy:95.602
[151,   700] loss: 0.133 accuracy:95.594
test_accuracy is 95.860 after epochs 150

Epoch: 151
[152,   100] loss: 0.130 accuracy:95.562
[152,   200] loss: 0.132 accuracy:95.570
[152,   300] loss: 0.133 accuracy:95.542
[152,   400] loss: 0.131 accuracy:95.590
[152,   500] loss: 0.132 accuracy:95.550
[152,   600] loss: 0.131 accuracy:95.635
[152,   700] loss: 0.130 accuracy:95.656
test_accuracy is 95.250 after epochs 151

Epoch: 152
[153,   100] loss: 0.128 accuracy:95.766
[153,   200] loss: 0.134 accuracy:95.484
[153,   300] loss: 0.135 accuracy:95.531
[153,   400] loss: 0.133 accuracy:95.590
[153,   500] loss: 0.136 accuracy:95.484
[153,   600] loss: 0.135 accuracy:95.526
[153,   700] loss: 0.135 accuracy:95.529
test_accuracy is 95.470 after epochs 152

Epoch: 153
[154,   100] loss: 0.134 accuracy:95.375
[154,   200] loss: 0.136 accuracy:95.383
[154,   300] loss: 0.132 accuracy:95.594
[154,   400] loss: 0.133 accuracy:95.551
[154,   500] loss: 0.133 accuracy:95.550
[154,   600] loss: 0.132 accuracy:95.536
[154,   700] loss: 0.130 accuracy:95.627
test_accuracy is 95.220 after epochs 153

Epoch: 154
[155,   100] loss: 0.129 accuracy:95.656
[155,   200] loss: 0.134 accuracy:95.547
[155,   300] loss: 0.131 accuracy:95.641
[155,   400] loss: 0.132 accuracy:95.547
[155,   500] loss: 0.129 accuracy:95.641
[155,   600] loss: 0.129 accuracy:95.698
[155,   700] loss: 0.130 accuracy:95.663
test_accuracy is 95.870 after epochs 154

Epoch: 155
[156,   100] loss: 0.135 accuracy:95.391
[156,   200] loss: 0.135 accuracy:95.484
[156,   300] loss: 0.135 accuracy:95.469
[156,   400] loss: 0.135 accuracy:95.457
[156,   500] loss: 0.133 accuracy:95.519
[156,   600] loss: 0.132 accuracy:95.578
[156,   700] loss: 0.133 accuracy:95.562
test_accuracy is 95.910 after epochs 155

Epoch: 156
[157,   100] loss: 0.124 accuracy:96.172
[157,   200] loss: 0.131 accuracy:95.734
[157,   300] loss: 0.127 accuracy:95.896
[157,   400] loss: 0.130 accuracy:95.781
[157,   500] loss: 0.129 accuracy:95.803
[157,   600] loss: 0.129 accuracy:95.781
[157,   700] loss: 0.130 accuracy:95.748
test_accuracy is 95.770 after epochs 156

Epoch: 157
[158,   100] loss: 0.126 accuracy:95.750
[158,   200] loss: 0.127 accuracy:95.758
[158,   300] loss: 0.128 accuracy:95.786
[158,   400] loss: 0.126 accuracy:95.855
[158,   500] loss: 0.127 accuracy:95.828
[158,   600] loss: 0.127 accuracy:95.831
[158,   700] loss: 0.126 accuracy:95.895
test_accuracy is 96.340 after epochs 157
Saving..

Epoch: 158
[159,   100] loss: 0.127 accuracy:95.812
[159,   200] loss: 0.133 accuracy:95.477
[159,   300] loss: 0.132 accuracy:95.568
[159,   400] loss: 0.131 accuracy:95.570
[159,   500] loss: 0.132 accuracy:95.550
[159,   600] loss: 0.131 accuracy:95.638
[159,   700] loss: 0.130 accuracy:95.645
test_accuracy is 96.330 after epochs 158

Epoch: 159
[160,   100] loss: 0.117 accuracy:96.391
[160,   200] loss: 0.123 accuracy:95.898
[160,   300] loss: 0.128 accuracy:95.750
[160,   400] loss: 0.127 accuracy:95.777
[160,   500] loss: 0.125 accuracy:95.838
[160,   600] loss: 0.125 accuracy:95.878
[160,   700] loss: 0.124 accuracy:95.897
test_accuracy is 95.940 after epochs 159

Epoch: 160
[161,   100] loss: 0.140 accuracy:95.172
[161,   200] loss: 0.127 accuracy:95.758
[161,   300] loss: 0.126 accuracy:95.760
[161,   400] loss: 0.125 accuracy:95.836
[161,   500] loss: 0.124 accuracy:95.853
[161,   600] loss: 0.126 accuracy:95.768
[161,   700] loss: 0.127 accuracy:95.808
test_accuracy is 96.070 after epochs 160

Epoch: 161
[162,   100] loss: 0.121 accuracy:95.922
[162,   200] loss: 0.117 accuracy:96.203
[162,   300] loss: 0.121 accuracy:96.099
[162,   400] loss: 0.121 accuracy:96.047
[162,   500] loss: 0.122 accuracy:95.981
[162,   600] loss: 0.123 accuracy:95.961
[162,   700] loss: 0.122 accuracy:95.991
test_accuracy is 96.500 after epochs 161
Saving..

Epoch: 162
[163,   100] loss: 0.132 accuracy:95.656
[163,   200] loss: 0.130 accuracy:95.719
[163,   300] loss: 0.127 accuracy:95.766
[163,   400] loss: 0.126 accuracy:95.777
[163,   500] loss: 0.126 accuracy:95.819
[163,   600] loss: 0.126 accuracy:95.831
[163,   700] loss: 0.125 accuracy:95.859
test_accuracy is 95.900 after epochs 162

Epoch: 163
[164,   100] loss: 0.114 accuracy:96.266
[164,   200] loss: 0.119 accuracy:96.195
[164,   300] loss: 0.118 accuracy:96.198
[164,   400] loss: 0.118 accuracy:96.172
[164,   500] loss: 0.118 accuracy:96.206
[164,   600] loss: 0.121 accuracy:96.076
[164,   700] loss: 0.120 accuracy:96.114
test_accuracy is 95.770 after epochs 163

Epoch: 164
[165,   100] loss: 0.112 accuracy:96.672
[165,   200] loss: 0.117 accuracy:96.422
[165,   300] loss: 0.117 accuracy:96.328
[165,   400] loss: 0.117 accuracy:96.203
[165,   500] loss: 0.117 accuracy:96.213
[165,   600] loss: 0.118 accuracy:96.174
[165,   700] loss: 0.118 accuracy:96.170
test_accuracy is 96.410 after epochs 164

Epoch: 165
[166,   100] loss: 0.138 accuracy:95.453
[166,   200] loss: 0.123 accuracy:96.070
[166,   300] loss: 0.123 accuracy:95.990
[166,   400] loss: 0.122 accuracy:96.004
[166,   500] loss: 0.122 accuracy:95.944
[166,   600] loss: 0.121 accuracy:96.018
[166,   700] loss: 0.120 accuracy:96.031
test_accuracy is 96.620 after epochs 165
Saving..

Epoch: 166
[167,   100] loss: 0.126 accuracy:95.922
[167,   200] loss: 0.128 accuracy:95.906
[167,   300] loss: 0.124 accuracy:96.057
[167,   400] loss: 0.122 accuracy:96.121
[167,   500] loss: 0.122 accuracy:96.084
[167,   600] loss: 0.122 accuracy:96.062
[167,   700] loss: 0.122 accuracy:96.080
test_accuracy is 96.420 after epochs 166

Epoch: 167
[168,   100] loss: 0.136 accuracy:95.547
[168,   200] loss: 0.124 accuracy:96.016
[168,   300] loss: 0.122 accuracy:96.073
[168,   400] loss: 0.124 accuracy:95.969
[168,   500] loss: 0.123 accuracy:96.016
[168,   600] loss: 0.124 accuracy:95.995
[168,   700] loss: 0.124 accuracy:95.998
test_accuracy is 96.400 after epochs 167

Epoch: 168
[169,   100] loss: 0.109 accuracy:96.438
[169,   200] loss: 0.109 accuracy:96.508
[169,   300] loss: 0.110 accuracy:96.432
[169,   400] loss: 0.112 accuracy:96.387
[169,   500] loss: 0.115 accuracy:96.275
[169,   600] loss: 0.118 accuracy:96.224
[169,   700] loss: 0.119 accuracy:96.165
test_accuracy is 95.790 after epochs 168

Epoch: 169
[170,   100] loss: 0.122 accuracy:96.203
[170,   200] loss: 0.119 accuracy:96.164
[170,   300] loss: 0.119 accuracy:96.161
[170,   400] loss: 0.118 accuracy:96.211
[170,   500] loss: 0.117 accuracy:96.200
[170,   600] loss: 0.118 accuracy:96.154
[170,   700] loss: 0.118 accuracy:96.145
test_accuracy is 96.270 after epochs 169

Epoch: 170
[171,   100] loss: 0.114 accuracy:96.359
[171,   200] loss: 0.110 accuracy:96.547
[171,   300] loss: 0.111 accuracy:96.427
[171,   400] loss: 0.113 accuracy:96.355
[171,   500] loss: 0.112 accuracy:96.381
[171,   600] loss: 0.113 accuracy:96.362
[171,   700] loss: 0.112 accuracy:96.386
test_accuracy is 96.650 after epochs 170
Saving..

Epoch: 171
[172,   100] loss: 0.112 accuracy:96.391
[172,   200] loss: 0.115 accuracy:96.305
[172,   300] loss: 0.115 accuracy:96.260
[172,   400] loss: 0.115 accuracy:96.250
[172,   500] loss: 0.118 accuracy:96.169
[172,   600] loss: 0.117 accuracy:96.156
[172,   700] loss: 0.117 accuracy:96.181
test_accuracy is 96.280 after epochs 171

Epoch: 172
[173,   100] loss: 0.120 accuracy:96.016
[173,   200] loss: 0.121 accuracy:95.961
[173,   300] loss: 0.116 accuracy:96.172
[173,   400] loss: 0.116 accuracy:96.203
[173,   500] loss: 0.116 accuracy:96.197
[173,   600] loss: 0.117 accuracy:96.221
[173,   700] loss: 0.116 accuracy:96.232
test_accuracy is 96.300 after epochs 172

Epoch: 173
[174,   100] loss: 0.105 accuracy:96.438
[174,   200] loss: 0.109 accuracy:96.500
[174,   300] loss: 0.113 accuracy:96.281
[174,   400] loss: 0.112 accuracy:96.309
[174,   500] loss: 0.114 accuracy:96.209
[174,   600] loss: 0.115 accuracy:96.224
[174,   700] loss: 0.114 accuracy:96.228
test_accuracy is 96.830 after epochs 173
Saving..

Epoch: 174
[175,   100] loss: 0.117 accuracy:96.375
[175,   200] loss: 0.119 accuracy:96.234
[175,   300] loss: 0.119 accuracy:96.193
[175,   400] loss: 0.115 accuracy:96.309
[175,   500] loss: 0.114 accuracy:96.384
[175,   600] loss: 0.115 accuracy:96.307
[175,   700] loss: 0.115 accuracy:96.319
test_accuracy is 96.410 after epochs 174

Epoch: 175
[176,   100] loss: 0.116 accuracy:96.156
[176,   200] loss: 0.112 accuracy:96.336
[176,   300] loss: 0.113 accuracy:96.307
[176,   400] loss: 0.112 accuracy:96.375
[176,   500] loss: 0.111 accuracy:96.447
[176,   600] loss: 0.111 accuracy:96.466
[176,   700] loss: 0.111 accuracy:96.444
test_accuracy is 96.610 after epochs 175

Epoch: 176
[177,   100] loss: 0.119 accuracy:96.141
[177,   200] loss: 0.118 accuracy:96.219
[177,   300] loss: 0.116 accuracy:96.302
[177,   400] loss: 0.119 accuracy:96.199
[177,   500] loss: 0.118 accuracy:96.209
[177,   600] loss: 0.118 accuracy:96.188
[177,   700] loss: 0.117 accuracy:96.179
test_accuracy is 96.440 after epochs 176

Epoch: 177
[178,   100] loss: 0.112 accuracy:96.438
[178,   200] loss: 0.109 accuracy:96.484
[178,   300] loss: 0.109 accuracy:96.516
[178,   400] loss: 0.108 accuracy:96.551
[178,   500] loss: 0.109 accuracy:96.528
[178,   600] loss: 0.107 accuracy:96.589
[178,   700] loss: 0.108 accuracy:96.565
test_accuracy is 96.570 after epochs 177

Epoch: 178
[179,   100] loss: 0.117 accuracy:96.266
[179,   200] loss: 0.115 accuracy:96.336
[179,   300] loss: 0.115 accuracy:96.333
[179,   400] loss: 0.117 accuracy:96.277
[179,   500] loss: 0.117 accuracy:96.222
[179,   600] loss: 0.117 accuracy:96.234
[179,   700] loss: 0.117 accuracy:96.194
test_accuracy is 96.480 after epochs 178

Epoch: 179
[180,   100] loss: 0.115 accuracy:96.219
[180,   200] loss: 0.112 accuracy:96.367
[180,   300] loss: 0.111 accuracy:96.438
[180,   400] loss: 0.111 accuracy:96.422
[180,   500] loss: 0.110 accuracy:96.425
[180,   600] loss: 0.113 accuracy:96.297
[180,   700] loss: 0.114 accuracy:96.290
test_accuracy is 96.790 after epochs 179

Epoch: 180
[181,   100] loss: 0.115 accuracy:96.516
[181,   200] loss: 0.112 accuracy:96.516
[181,   300] loss: 0.111 accuracy:96.453
[181,   400] loss: 0.113 accuracy:96.402
[181,   500] loss: 0.112 accuracy:96.369
[181,   600] loss: 0.114 accuracy:96.326
[181,   700] loss: 0.114 accuracy:96.301
test_accuracy is 96.460 after epochs 180

Epoch: 181
[182,   100] loss: 0.123 accuracy:95.938
[182,   200] loss: 0.118 accuracy:96.156
[182,   300] loss: 0.118 accuracy:96.146
[182,   400] loss: 0.115 accuracy:96.238
[182,   500] loss: 0.113 accuracy:96.341
[182,   600] loss: 0.111 accuracy:96.406
[182,   700] loss: 0.113 accuracy:96.395
test_accuracy is 96.540 after epochs 181

Epoch: 182
[183,   100] loss: 0.116 accuracy:96.234
[183,   200] loss: 0.112 accuracy:96.422
[183,   300] loss: 0.110 accuracy:96.443
[183,   400] loss: 0.111 accuracy:96.461
[183,   500] loss: 0.110 accuracy:96.450
[183,   600] loss: 0.111 accuracy:96.435
[183,   700] loss: 0.111 accuracy:96.411
test_accuracy is 96.640 after epochs 182

Epoch: 183
[184,   100] loss: 0.117 accuracy:96.375
[184,   200] loss: 0.120 accuracy:96.250
[184,   300] loss: 0.119 accuracy:96.260
[184,   400] loss: 0.117 accuracy:96.301
[184,   500] loss: 0.115 accuracy:96.353
[184,   600] loss: 0.114 accuracy:96.398
[184,   700] loss: 0.114 accuracy:96.366
test_accuracy is 96.550 after epochs 183

Epoch: 184
[185,   100] loss: 0.113 accuracy:96.203
[185,   200] loss: 0.117 accuracy:96.156
[185,   300] loss: 0.113 accuracy:96.339
[185,   400] loss: 0.112 accuracy:96.387
[185,   500] loss: 0.113 accuracy:96.338
[185,   600] loss: 0.112 accuracy:96.357
[185,   700] loss: 0.112 accuracy:96.404
test_accuracy is 96.510 after epochs 184

Epoch: 185
[186,   100] loss: 0.109 accuracy:96.672
[186,   200] loss: 0.111 accuracy:96.500
[186,   300] loss: 0.110 accuracy:96.536
[186,   400] loss: 0.112 accuracy:96.438
[186,   500] loss: 0.111 accuracy:96.441
[186,   600] loss: 0.112 accuracy:96.445
[186,   700] loss: 0.111 accuracy:96.464
test_accuracy is 96.930 after epochs 185
Saving..

Epoch: 186
[187,   100] loss: 0.112 accuracy:96.516
[187,   200] loss: 0.106 accuracy:96.656
[187,   300] loss: 0.109 accuracy:96.521
[187,   400] loss: 0.107 accuracy:96.605
[187,   500] loss: 0.110 accuracy:96.481
[187,   600] loss: 0.109 accuracy:96.474
[187,   700] loss: 0.110 accuracy:96.453
test_accuracy is 96.720 after epochs 186

Epoch: 187
[188,   100] loss: 0.115 accuracy:96.234
[188,   200] loss: 0.112 accuracy:96.352
[188,   300] loss: 0.110 accuracy:96.391
[188,   400] loss: 0.111 accuracy:96.406
[188,   500] loss: 0.112 accuracy:96.378
[188,   600] loss: 0.112 accuracy:96.333
[188,   700] loss: 0.111 accuracy:96.393
test_accuracy is 96.900 after epochs 187

Epoch: 188
[189,   100] loss: 0.100 accuracy:97.078
[189,   200] loss: 0.102 accuracy:96.961
[189,   300] loss: 0.104 accuracy:96.849
[189,   400] loss: 0.106 accuracy:96.781
[189,   500] loss: 0.107 accuracy:96.734
[189,   600] loss: 0.108 accuracy:96.698
[189,   700] loss: 0.107 accuracy:96.712
test_accuracy is 96.770 after epochs 188

Epoch: 189
[190,   100] loss: 0.114 accuracy:96.188
[190,   200] loss: 0.111 accuracy:96.359
[190,   300] loss: 0.114 accuracy:96.266
[190,   400] loss: 0.114 accuracy:96.309
[190,   500] loss: 0.113 accuracy:96.366
[190,   600] loss: 0.111 accuracy:96.438
[190,   700] loss: 0.110 accuracy:96.415
test_accuracy is 96.810 after epochs 189

Epoch: 190
[191,   100] loss: 0.109 accuracy:96.656
[191,   200] loss: 0.109 accuracy:96.578
[191,   300] loss: 0.108 accuracy:96.526
[191,   400] loss: 0.109 accuracy:96.535
[191,   500] loss: 0.109 accuracy:96.531
[191,   600] loss: 0.109 accuracy:96.589
[191,   700] loss: 0.111 accuracy:96.480
test_accuracy is 96.500 after epochs 190

Epoch: 191
[192,   100] loss: 0.104 accuracy:96.656
[192,   200] loss: 0.109 accuracy:96.547
[192,   300] loss: 0.112 accuracy:96.479
[192,   400] loss: 0.113 accuracy:96.355
[192,   500] loss: 0.112 accuracy:96.406
[192,   600] loss: 0.111 accuracy:96.427
[192,   700] loss: 0.112 accuracy:96.413
test_accuracy is 96.980 after epochs 191
Saving..

Epoch: 192
[193,   100] loss: 0.114 accuracy:96.469
[193,   200] loss: 0.113 accuracy:96.461
[193,   300] loss: 0.113 accuracy:96.375
[193,   400] loss: 0.110 accuracy:96.438
[193,   500] loss: 0.108 accuracy:96.525
[193,   600] loss: 0.107 accuracy:96.583
[193,   700] loss: 0.107 accuracy:96.569
test_accuracy is 96.690 after epochs 192

Epoch: 193
[194,   100] loss: 0.103 accuracy:96.766
[194,   200] loss: 0.108 accuracy:96.492
[194,   300] loss: 0.106 accuracy:96.505
[194,   400] loss: 0.108 accuracy:96.477
[194,   500] loss: 0.108 accuracy:96.500
[194,   600] loss: 0.108 accuracy:96.534
[194,   700] loss: 0.107 accuracy:96.536
test_accuracy is 96.850 after epochs 193

Epoch: 194
[195,   100] loss: 0.117 accuracy:96.453
[195,   200] loss: 0.113 accuracy:96.461
[195,   300] loss: 0.109 accuracy:96.568
[195,   400] loss: 0.109 accuracy:96.531
[195,   500] loss: 0.108 accuracy:96.547
[195,   600] loss: 0.108 accuracy:96.549
[195,   700] loss: 0.108 accuracy:96.558
test_accuracy is 96.920 after epochs 194

Epoch: 195
[196,   100] loss: 0.121 accuracy:96.125
[196,   200] loss: 0.115 accuracy:96.328
[196,   300] loss: 0.112 accuracy:96.432
[196,   400] loss: 0.109 accuracy:96.562
[196,   500] loss: 0.109 accuracy:96.544
[196,   600] loss: 0.109 accuracy:96.526
[196,   700] loss: 0.109 accuracy:96.525
test_accuracy is 97.090 after epochs 195
Saving..

Epoch: 196
[197,   100] loss: 0.105 accuracy:96.656
[197,   200] loss: 0.110 accuracy:96.656
[197,   300] loss: 0.111 accuracy:96.568
[197,   400] loss: 0.110 accuracy:96.602
[197,   500] loss: 0.110 accuracy:96.575
[197,   600] loss: 0.109 accuracy:96.602
[197,   700] loss: 0.108 accuracy:96.618
test_accuracy is 96.710 after epochs 196

Epoch: 197
[198,   100] loss: 0.111 accuracy:96.391
[198,   200] loss: 0.110 accuracy:96.414
[198,   300] loss: 0.111 accuracy:96.375
[198,   400] loss: 0.108 accuracy:96.535
[198,   500] loss: 0.107 accuracy:96.606
[198,   600] loss: 0.107 accuracy:96.625
[198,   700] loss: 0.107 accuracy:96.632
test_accuracy is 96.790 after epochs 197

Epoch: 198
[199,   100] loss: 0.107 accuracy:96.594
[199,   200] loss: 0.108 accuracy:96.617
[199,   300] loss: 0.108 accuracy:96.578
[199,   400] loss: 0.110 accuracy:96.535
[199,   500] loss: 0.110 accuracy:96.534
[199,   600] loss: 0.110 accuracy:96.526
[199,   700] loss: 0.109 accuracy:96.542
test_accuracy is 96.620 after epochs 198

Epoch: 199
[200,   100] loss: 0.102 accuracy:96.844
[200,   200] loss: 0.107 accuracy:96.508
[200,   300] loss: 0.109 accuracy:96.484
[200,   400] loss: 0.109 accuracy:96.508
[200,   500] loss: 0.107 accuracy:96.553
[200,   600] loss: 0.108 accuracy:96.570
[200,   700] loss: 0.107 accuracy:96.583
test_accuracy is 96.700 after epochs 199
