000 (9126475.009.000) 02/11 02:35:28 Job submitted from host: <10.15.2.1:9618?PrivAddr=%3c172.22.0.101:9618%3fsock%3d2293896_6fb7_6%3e&PrivNet=internal.cluster.is.localnet&addrs=10.15.2.1-9618&noUDP&sock=2293896_6fb7_6>
...
001 (9126475.009.000) 02/11 02:37:48 Job executing on host: <172.22.2.85:9618?addrs=172.22.2.85-9618&noUDP&sock=22877_4c32_3>
...
006 (9126475.009.000) 02/11 02:37:58 Image size of job updated: 143436
	79  -  MemoryUsage of job (MB)
	80736  -  ResidentSetSize of job (KB)
...
006 (9126475.009.000) 02/11 02:42:58 Image size of job updated: 2340560
	2032  -  MemoryUsage of job (MB)
	2080520  -  ResidentSetSize of job (KB)
...
006 (9126475.009.000) 02/11 05:15:38 Image size of job updated: 35057752
	2032  -  MemoryUsage of job (MB)
	2080520  -  ResidentSetSize of job (KB)
...
005 (9126475.009.000) 02/11 05:15:38 Job terminated.
	(1) Normal termination (return value 0)
		Usr 0 02:31:43, Sys 0 00:05:30  -  Run Remote Usage
		Usr 0 00:00:00, Sys 0 00:00:00  -  Run Local Usage
		Usr 0 02:31:43, Sys 0 00:05:30  -  Total Remote Usage
		Usr 0 00:00:00, Sys 0 00:00:00  -  Total Local Usage
	0  -  Run Bytes Sent By Job
	0  -  Run Bytes Received By Job
	0  -  Total Bytes Sent By Job
	0  -  Total Bytes Received By Job
	Partitionable Resources :    Usage  Request Allocated Assigned
	   Cpus                 :     1.00        1         1 
	   Disk (KB)            :     2           2    853458 
	   Gpus                 :                 1         1 "CUDA0"
	   Memory (MB)          :  2032       48000     48000 
...
