000 (9126475.010.000) 02/11 02:35:28 Job submitted from host: <10.15.2.1:9618?PrivAddr=%3c172.22.0.101:9618%3fsock%3d2293896_6fb7_6%3e&PrivNet=internal.cluster.is.localnet&addrs=10.15.2.1-9618&noUDP&sock=2293896_6fb7_6>
...
001 (9126475.010.000) 02/11 02:38:09 Job executing on host: <172.22.2.33:9618?addrs=172.22.2.33-9618&noUDP&sock=30377_ac7f_3>
...
006 (9126475.010.000) 02/11 02:38:18 Image size of job updated: 129032
	75  -  MemoryUsage of job (MB)
	76100  -  ResidentSetSize of job (KB)
...
006 (9126475.010.000) 02/11 02:43:19 Image size of job updated: 2352464
	2034  -  MemoryUsage of job (MB)
	2082788  -  ResidentSetSize of job (KB)
...
006 (9126475.010.000) 02/11 02:53:20 Image size of job updated: 2352492
	2034  -  MemoryUsage of job (MB)
	2082816  -  ResidentSetSize of job (KB)
...
006 (9126475.010.000) 02/11 02:58:20 Image size of job updated: 2352504
	2035  -  MemoryUsage of job (MB)
	2082828  -  ResidentSetSize of job (KB)
...
005 (9126475.010.000) 02/11 05:09:34 Job terminated.
	(1) Normal termination (return value 0)
		Usr 0 02:24:33, Sys 0 00:06:33  -  Run Remote Usage
		Usr 0 00:00:00, Sys 0 00:00:00  -  Run Local Usage
		Usr 0 02:24:33, Sys 0 00:06:33  -  Total Remote Usage
		Usr 0 00:00:00, Sys 0 00:00:00  -  Total Local Usage
	0  -  Run Bytes Sent By Job
	0  -  Run Bytes Received By Job
	0  -  Total Bytes Sent By Job
	0  -  Total Bytes Received By Job
	Partitionable Resources :    Usage  Request Allocated Assigned
	   Cpus                 :     1.00        1         1 
	   Disk (KB)            :     2           2    853458 
	   Gpus                 :                 1         1 "CUDA5"
	   Memory (MB)          :  2035       48000     48000 
...
