000 (9126475.002.000) 02/11 02:35:28 Job submitted from host: <10.15.2.1:9618?PrivAddr=%3c172.22.0.101:9618%3fsock%3d2293896_6fb7_6%3e&PrivNet=internal.cluster.is.localnet&addrs=10.15.2.1-9618&noUDP&sock=2293896_6fb7_6>
...
001 (9126475.002.000) 02/11 02:35:34 Job executing on host: <172.22.2.47:9618?addrs=172.22.2.47-9618&noUDP&sock=23942_cc8f_3>
...
006 (9126475.002.000) 02/11 02:35:43 Image size of job updated: 32544
	20  -  MemoryUsage of job (MB)
	19740  -  ResidentSetSize of job (KB)
...
006 (9126475.002.000) 02/11 02:40:44 Image size of job updated: 2384888
	2057  -  MemoryUsage of job (MB)
	2105972  -  ResidentSetSize of job (KB)
...
006 (9126475.002.000) 02/11 02:50:44 Image size of job updated: 2384940
	2057  -  MemoryUsage of job (MB)
	2106024  -  ResidentSetSize of job (KB)
...
006 (9126475.002.000) 02/11 05:05:59 Image size of job updated: 2384940
	2058  -  MemoryUsage of job (MB)
	2106980  -  ResidentSetSize of job (KB)
...
005 (9126475.002.000) 02/11 05:18:08 Job terminated.
	(1) Normal termination (return value 0)
		Usr 0 02:35:39, Sys 0 00:04:49  -  Run Remote Usage
		Usr 0 00:00:00, Sys 0 00:00:00  -  Run Local Usage
		Usr 0 02:35:39, Sys 0 00:04:49  -  Total Remote Usage
		Usr 0 00:00:00, Sys 0 00:00:00  -  Total Local Usage
	0  -  Run Bytes Sent By Job
	0  -  Run Bytes Received By Job
	0  -  Total Bytes Sent By Job
	0  -  Total Bytes Received By Job
	Partitionable Resources :    Usage  Request Allocated Assigned
	   Cpus                 :     1.00        1         1 
	   Disk (KB)            :     2           2    853458 
	   Gpus                 :                 1         1 "CUDA3"
	   Memory (MB)          :  2058       48000     48000 
...
