000 (9126475.016.000) 02/11 02:35:28 Job submitted from host: <10.15.2.1:9618?PrivAddr=%3c172.22.0.101:9618%3fsock%3d2293896_6fb7_6%3e&PrivNet=internal.cluster.is.localnet&addrs=10.15.2.1-9618&noUDP&sock=2293896_6fb7_6>
...
001 (9126475.016.000) 02/11 02:39:19 Job executing on host: <172.22.2.26:9618?addrs=172.22.2.26-9618&noUDP&sock=29259_d19d_3>
...
006 (9126475.016.000) 02/11 02:39:29 Image size of job updated: 123632
	62  -  MemoryUsage of job (MB)
	62912  -  ResidentSetSize of job (KB)
...
006 (9126475.016.000) 02/11 02:44:29 Image size of job updated: 2337796
	2022  -  MemoryUsage of job (MB)
	2070232  -  ResidentSetSize of job (KB)
...
005 (9126475.016.000) 02/11 05:46:16 Job terminated.
	(1) Normal termination (return value 0)
		Usr 0 03:00:46, Sys 0 00:05:22  -  Run Remote Usage
		Usr 0 00:00:00, Sys 0 00:00:00  -  Run Local Usage
		Usr 0 03:00:46, Sys 0 00:05:22  -  Total Remote Usage
		Usr 0 00:00:00, Sys 0 00:00:00  -  Total Local Usage
	0  -  Run Bytes Sent By Job
	0  -  Run Bytes Received By Job
	0  -  Total Bytes Sent By Job
	0  -  Total Bytes Received By Job
	Partitionable Resources :    Usage  Request Allocated Assigned
	   Cpus                 :     1.00        1         1 
	   Disk (KB)            :     2           2    853458 
	   Gpus                 :                 1         1 "CUDA7"
	   Memory (MB)          :  2022       48000     48000 
...
