HXLN_LN_LSTM-default-data-Triangle-version-0-num_layers-4-num_templates-4-dropout-0.1-epochs-200-patch_size-4-num_heads-4-batch_size-64-lr-0.0001-256-512-2-2-True-6-False-False-10-False-8-False-3
transformer embed_dim 256
functional? False
total heads 4
head dim 64
use topk?False
topk:10
flmklsd
total heads 4
head dim 64
use topk?False
topk:10
flmklsd
total heads 4
head dim 64
use topk?False
topk:10
flmklsd
total heads 4
head dim 64
use topk?False
topk:10
flmklsd
Total number of parameters:2267652

Epoch: 0
[1,   100] loss: 0.723 accuracy:49.844
[1,   200] loss: 0.714 accuracy:49.562
[1,   300] loss: 0.709 accuracy:49.911
[1,   400] loss: 0.709 accuracy:49.965
[1,   500] loss: 0.708 accuracy:49.772
[1,   600] loss: 0.707 accuracy:49.833
[1,   700] loss: 0.707 accuracy:49.924
test_accuracy is 49.980 after epochs 0
Saving..

Epoch: 1
[2,   100] loss: 0.702 accuracy:49.500
[2,   200] loss: 0.699 accuracy:50.203
[2,   300] loss: 0.699 accuracy:49.953
[2,   400] loss: 0.699 accuracy:50.102
[2,   500] loss: 0.698 accuracy:50.309
[2,   600] loss: 0.698 accuracy:50.336
[2,   700] loss: 0.698 accuracy:50.234
test_accuracy is 50.580 after epochs 1
Saving..

Epoch: 2
[3,   100] loss: 0.699 accuracy:50.031
[3,   200] loss: 0.700 accuracy:49.977
[3,   300] loss: 0.698 accuracy:49.984
[3,   400] loss: 0.698 accuracy:50.168
[3,   500] loss: 0.697 accuracy:49.859
[3,   600] loss: 0.697 accuracy:49.901
[3,   700] loss: 0.697 accuracy:49.946
test_accuracy is 50.430 after epochs 2

Epoch: 3
[4,   100] loss: 0.698 accuracy:49.000
[4,   200] loss: 0.696 accuracy:49.836
[4,   300] loss: 0.696 accuracy:50.141
[4,   400] loss: 0.696 accuracy:50.258
[4,   500] loss: 0.696 accuracy:50.159
[4,   600] loss: 0.696 accuracy:49.948
[4,   700] loss: 0.696 accuracy:49.817
test_accuracy is 49.610 after epochs 3

Epoch: 4
[5,   100] loss: 0.696 accuracy:50.016
[5,   200] loss: 0.695 accuracy:50.461
[5,   300] loss: 0.696 accuracy:50.271
[5,   400] loss: 0.695 accuracy:50.281
[5,   500] loss: 0.695 accuracy:50.103
[5,   600] loss: 0.696 accuracy:50.143
[5,   700] loss: 0.695 accuracy:50.179
test_accuracy is 50.540 after epochs 4

Epoch: 5
[6,   100] loss: 0.693 accuracy:50.672
[6,   200] loss: 0.694 accuracy:50.836
[6,   300] loss: 0.695 accuracy:50.625
[6,   400] loss: 0.695 accuracy:50.391
[6,   500] loss: 0.694 accuracy:50.700
[6,   600] loss: 0.694 accuracy:50.810
[6,   700] loss: 0.694 accuracy:51.105
test_accuracy is 55.600 after epochs 5
Saving..

Epoch: 6
[7,   100] loss: 0.693 accuracy:51.438
[7,   200] loss: 0.692 accuracy:51.883
[7,   300] loss: 0.691 accuracy:52.495
[7,   400] loss: 0.690 accuracy:52.992
[7,   500] loss: 0.690 accuracy:53.172
[7,   600] loss: 0.689 accuracy:53.417
[7,   700] loss: 0.689 accuracy:53.522
test_accuracy is 51.560 after epochs 6

Epoch: 7
[8,   100] loss: 0.688 accuracy:54.656
[8,   200] loss: 0.687 accuracy:54.539
[8,   300] loss: 0.687 accuracy:54.714
[8,   400] loss: 0.686 accuracy:54.875
[8,   500] loss: 0.686 accuracy:55.006
[8,   600] loss: 0.686 accuracy:54.810
[8,   700] loss: 0.686 accuracy:54.875
test_accuracy is 55.590 after epochs 7

Epoch: 8
[9,   100] loss: 0.684 accuracy:55.000
[9,   200] loss: 0.684 accuracy:55.305
[9,   300] loss: 0.684 accuracy:55.318
[9,   400] loss: 0.684 accuracy:55.465
[9,   500] loss: 0.683 accuracy:55.759
[9,   600] loss: 0.683 accuracy:55.609
[9,   700] loss: 0.683 accuracy:55.491
test_accuracy is 54.860 after epochs 8

Epoch: 9
[10,   100] loss: 0.687 accuracy:54.547
[10,   200] loss: 0.686 accuracy:54.766
[10,   300] loss: 0.685 accuracy:54.938
[10,   400] loss: 0.685 accuracy:55.117
[10,   500] loss: 0.684 accuracy:55.375
[10,   600] loss: 0.684 accuracy:55.344
[10,   700] loss: 0.683 accuracy:55.346
test_accuracy is 56.380 after epochs 9
Saving..

Epoch: 10
[11,   100] loss: 0.680 accuracy:56.219
[11,   200] loss: 0.681 accuracy:56.039
[11,   300] loss: 0.682 accuracy:55.839
[11,   400] loss: 0.682 accuracy:55.762
[11,   500] loss: 0.682 accuracy:55.850
[11,   600] loss: 0.682 accuracy:55.818
[11,   700] loss: 0.682 accuracy:55.866
test_accuracy is 57.160 after epochs 10
Saving..

Epoch: 11
[12,   100] loss: 0.682 accuracy:55.750
[12,   200] loss: 0.682 accuracy:55.969
[12,   300] loss: 0.682 accuracy:55.776
[12,   400] loss: 0.682 accuracy:55.973
[12,   500] loss: 0.682 accuracy:56.109
[12,   600] loss: 0.681 accuracy:56.000
[12,   700] loss: 0.681 accuracy:55.955
test_accuracy is 57.200 after epochs 11
Saving..

Epoch: 12
[13,   100] loss: 0.680 accuracy:55.922
[13,   200] loss: 0.680 accuracy:56.102
[13,   300] loss: 0.681 accuracy:55.833
[13,   400] loss: 0.681 accuracy:55.832
[13,   500] loss: 0.681 accuracy:55.869
[13,   600] loss: 0.681 accuracy:55.849
[13,   700] loss: 0.681 accuracy:55.839
test_accuracy is 56.550 after epochs 12

Epoch: 13
[14,   100] loss: 0.679 accuracy:56.391
[14,   200] loss: 0.680 accuracy:56.047
[14,   300] loss: 0.681 accuracy:55.948
[14,   400] loss: 0.681 accuracy:56.141
[14,   500] loss: 0.680 accuracy:56.325
[14,   600] loss: 0.681 accuracy:56.164
[14,   700] loss: 0.681 accuracy:56.239
test_accuracy is 56.740 after epochs 13

Epoch: 14
[15,   100] loss: 0.680 accuracy:56.609
[15,   200] loss: 0.680 accuracy:56.625
[15,   300] loss: 0.678 accuracy:56.729
[15,   400] loss: 0.678 accuracy:56.605
[15,   500] loss: 0.679 accuracy:56.600
[15,   600] loss: 0.679 accuracy:56.562
[15,   700] loss: 0.679 accuracy:56.455
test_accuracy is 55.200 after epochs 14

Epoch: 15
[16,   100] loss: 0.679 accuracy:56.203
[16,   200] loss: 0.680 accuracy:55.812
[16,   300] loss: 0.680 accuracy:56.000
[16,   400] loss: 0.680 accuracy:56.113
[16,   500] loss: 0.680 accuracy:55.922
[16,   600] loss: 0.679 accuracy:56.133
[16,   700] loss: 0.679 accuracy:56.125
test_accuracy is 55.330 after epochs 15

Epoch: 16
[17,   100] loss: 0.681 accuracy:55.578
[17,   200] loss: 0.679 accuracy:55.992
[17,   300] loss: 0.679 accuracy:56.167
[17,   400] loss: 0.680 accuracy:55.922
[17,   500] loss: 0.680 accuracy:55.953
[17,   600] loss: 0.679 accuracy:55.995
[17,   700] loss: 0.679 accuracy:56.203
test_accuracy is 55.940 after epochs 16

Epoch: 17
[18,   100] loss: 0.682 accuracy:55.453
[18,   200] loss: 0.680 accuracy:56.008
[18,   300] loss: 0.679 accuracy:56.141
[18,   400] loss: 0.679 accuracy:56.320
[18,   500] loss: 0.679 accuracy:56.172
[18,   600] loss: 0.679 accuracy:56.237
[18,   700] loss: 0.678 accuracy:56.199
test_accuracy is 57.210 after epochs 17
Saving..

Epoch: 18
[19,   100] loss: 0.678 accuracy:57.234
[19,   200] loss: 0.679 accuracy:56.484
[19,   300] loss: 0.680 accuracy:56.271
[19,   400] loss: 0.679 accuracy:56.430
[19,   500] loss: 0.679 accuracy:56.241
[19,   600] loss: 0.679 accuracy:56.211
[19,   700] loss: 0.679 accuracy:56.288
test_accuracy is 57.360 after epochs 18
Saving..

Epoch: 19
[20,   100] loss: 0.679 accuracy:55.906
[20,   200] loss: 0.677 accuracy:56.438
[20,   300] loss: 0.678 accuracy:56.135
[20,   400] loss: 0.679 accuracy:56.043
[20,   500] loss: 0.679 accuracy:56.134
[20,   600] loss: 0.679 accuracy:56.102
[20,   700] loss: 0.679 accuracy:56.163
test_accuracy is 55.420 after epochs 19

Epoch: 20
[21,   100] loss: 0.679 accuracy:56.312
[21,   200] loss: 0.680 accuracy:55.961
[21,   300] loss: 0.680 accuracy:56.234
[21,   400] loss: 0.679 accuracy:56.371
[21,   500] loss: 0.679 accuracy:56.394
[21,   600] loss: 0.679 accuracy:56.401
[21,   700] loss: 0.679 accuracy:56.348
test_accuracy is 57.300 after epochs 20

Epoch: 21
[22,   100] loss: 0.674 accuracy:58.156
[22,   200] loss: 0.673 accuracy:58.133
[22,   300] loss: 0.674 accuracy:58.062
[22,   400] loss: 0.676 accuracy:57.605
[22,   500] loss: 0.676 accuracy:57.322
[22,   600] loss: 0.675 accuracy:57.271
[22,   700] loss: 0.675 accuracy:57.277
test_accuracy is 57.970 after epochs 21
Saving..

Epoch: 22
[23,   100] loss: 0.674 accuracy:58.484
[23,   200] loss: 0.672 accuracy:58.898
[23,   300] loss: 0.673 accuracy:58.583
[23,   400] loss: 0.673 accuracy:58.387
[23,   500] loss: 0.672 accuracy:58.553
[23,   600] loss: 0.672 accuracy:58.578
[23,   700] loss: 0.672 accuracy:58.493
test_accuracy is 58.980 after epochs 22
Saving..

Epoch: 23
[24,   100] loss: 0.669 accuracy:59.141
[24,   200] loss: 0.668 accuracy:58.969
[24,   300] loss: 0.669 accuracy:58.578
[24,   400] loss: 0.668 accuracy:58.859
[24,   500] loss: 0.669 accuracy:58.806
[24,   600] loss: 0.669 accuracy:58.719
[24,   700] loss: 0.670 accuracy:58.670
test_accuracy is 57.350 after epochs 23

Epoch: 24
[25,   100] loss: 0.667 accuracy:58.734
[25,   200] loss: 0.666 accuracy:58.859
[25,   300] loss: 0.665 accuracy:59.078
[25,   400] loss: 0.666 accuracy:58.926
[25,   500] loss: 0.667 accuracy:58.916
[25,   600] loss: 0.666 accuracy:58.896
[25,   700] loss: 0.666 accuracy:58.917
test_accuracy is 59.780 after epochs 24
Saving..

Epoch: 25
[26,   100] loss: 0.672 accuracy:58.359
[26,   200] loss: 0.668 accuracy:58.578
[26,   300] loss: 0.669 accuracy:58.375
[26,   400] loss: 0.668 accuracy:58.797
[26,   500] loss: 0.666 accuracy:59.134
[26,   600] loss: 0.666 accuracy:59.026
[26,   700] loss: 0.666 accuracy:59.038
test_accuracy is 60.290 after epochs 25
Saving..

Epoch: 26
[27,   100] loss: 0.665 accuracy:59.734
[27,   200] loss: 0.662 accuracy:59.914
[27,   300] loss: 0.663 accuracy:59.625
[27,   400] loss: 0.663 accuracy:59.539
[27,   500] loss: 0.663 accuracy:59.503
[27,   600] loss: 0.663 accuracy:59.448
[27,   700] loss: 0.663 accuracy:59.431
test_accuracy is 61.900 after epochs 26
Saving..

Epoch: 27
[28,   100] loss: 0.664 accuracy:59.625
[28,   200] loss: 0.660 accuracy:60.047
[28,   300] loss: 0.664 accuracy:59.521
[28,   400] loss: 0.663 accuracy:59.586
[28,   500] loss: 0.662 accuracy:59.775
[28,   600] loss: 0.662 accuracy:59.846
[28,   700] loss: 0.662 accuracy:59.913
test_accuracy is 61.480 after epochs 27

Epoch: 28
[29,   100] loss: 0.651 accuracy:61.156
[29,   200] loss: 0.653 accuracy:61.062
[29,   300] loss: 0.653 accuracy:61.026
[29,   400] loss: 0.653 accuracy:61.012
[29,   500] loss: 0.653 accuracy:60.866
[29,   600] loss: 0.652 accuracy:60.836
[29,   700] loss: 0.653 accuracy:60.779
test_accuracy is 62.560 after epochs 28
Saving..

Epoch: 29
[30,   100] loss: 0.663 accuracy:60.375
[30,   200] loss: 0.660 accuracy:60.766
[30,   300] loss: 0.654 accuracy:61.474
[30,   400] loss: 0.653 accuracy:61.723
[30,   500] loss: 0.652 accuracy:61.478
[30,   600] loss: 0.651 accuracy:61.685
[30,   700] loss: 0.649 accuracy:61.835
test_accuracy is 62.380 after epochs 29

Epoch: 30
[31,   100] loss: 0.649 accuracy:61.141
[31,   200] loss: 0.647 accuracy:61.641
[31,   300] loss: 0.650 accuracy:61.245
[31,   400] loss: 0.648 accuracy:61.383
[31,   500] loss: 0.648 accuracy:61.359
[31,   600] loss: 0.648 accuracy:61.323
[31,   700] loss: 0.647 accuracy:61.395
test_accuracy is 62.620 after epochs 30
Saving..

Epoch: 31
[32,   100] loss: 0.643 accuracy:62.828
[32,   200] loss: 0.641 accuracy:62.969
[32,   300] loss: 0.644 accuracy:62.510
[32,   400] loss: 0.642 accuracy:62.719
[32,   500] loss: 0.641 accuracy:62.837
[32,   600] loss: 0.640 accuracy:62.865
[32,   700] loss: 0.639 accuracy:62.998
test_accuracy is 65.110 after epochs 31
Saving..

Epoch: 32
[33,   100] loss: 0.618 accuracy:64.938
[33,   200] loss: 0.622 accuracy:64.359
[33,   300] loss: 0.621 accuracy:64.474
[33,   400] loss: 0.622 accuracy:64.223
[33,   500] loss: 0.623 accuracy:64.138
[33,   600] loss: 0.621 accuracy:64.224
[33,   700] loss: 0.619 accuracy:64.375
test_accuracy is 62.510 after epochs 32

Epoch: 33
[34,   100] loss: 0.618 accuracy:64.531
[34,   200] loss: 0.609 accuracy:65.555
[34,   300] loss: 0.611 accuracy:65.292
[34,   400] loss: 0.609 accuracy:65.383
[34,   500] loss: 0.606 accuracy:65.469
[34,   600] loss: 0.604 accuracy:65.622
[34,   700] loss: 0.604 accuracy:65.618
test_accuracy is 66.870 after epochs 33
Saving..

Epoch: 34
[35,   100] loss: 0.597 accuracy:66.641
[35,   200] loss: 0.595 accuracy:66.477
[35,   300] loss: 0.595 accuracy:66.401
[35,   400] loss: 0.595 accuracy:66.305
[35,   500] loss: 0.593 accuracy:66.553
[35,   600] loss: 0.591 accuracy:66.672
[35,   700] loss: 0.589 accuracy:66.962
test_accuracy is 69.550 after epochs 34
Saving..

Epoch: 35
[36,   100] loss: 0.589 accuracy:67.734
[36,   200] loss: 0.584 accuracy:67.891
[36,   300] loss: 0.582 accuracy:67.880
[36,   400] loss: 0.582 accuracy:67.801
[36,   500] loss: 0.582 accuracy:67.700
[36,   600] loss: 0.581 accuracy:67.828
[36,   700] loss: 0.581 accuracy:67.837
test_accuracy is 70.070 after epochs 35
Saving..

Epoch: 36
[37,   100] loss: 0.582 accuracy:67.094
[37,   200] loss: 0.574 accuracy:68.055
[37,   300] loss: 0.574 accuracy:67.885
[37,   400] loss: 0.577 accuracy:67.742
[37,   500] loss: 0.575 accuracy:67.925
[37,   600] loss: 0.573 accuracy:68.151
[37,   700] loss: 0.573 accuracy:68.185
test_accuracy is 66.550 after epochs 36

Epoch: 37
[38,   100] loss: 0.569 accuracy:68.438
[38,   200] loss: 0.569 accuracy:68.211
[38,   300] loss: 0.565 accuracy:68.948
[38,   400] loss: 0.566 accuracy:68.980
[38,   500] loss: 0.567 accuracy:68.950
[38,   600] loss: 0.565 accuracy:69.042
[38,   700] loss: 0.564 accuracy:69.165
test_accuracy is 69.740 after epochs 37

Epoch: 38
[39,   100] loss: 0.562 accuracy:69.625
[39,   200] loss: 0.556 accuracy:69.766
[39,   300] loss: 0.558 accuracy:69.469
[39,   400] loss: 0.558 accuracy:69.551
[39,   500] loss: 0.560 accuracy:69.225
[39,   600] loss: 0.560 accuracy:69.148
[39,   700] loss: 0.559 accuracy:69.250
test_accuracy is 69.260 after epochs 38

Epoch: 39
[40,   100] loss: 0.546 accuracy:70.469
[40,   200] loss: 0.548 accuracy:70.344
[40,   300] loss: 0.551 accuracy:70.073
[40,   400] loss: 0.550 accuracy:70.074
[40,   500] loss: 0.552 accuracy:69.981
[40,   600] loss: 0.551 accuracy:70.227
[40,   700] loss: 0.551 accuracy:70.288
test_accuracy is 69.480 after epochs 39

Epoch: 40
[41,   100] loss: 0.540 accuracy:70.812
[41,   200] loss: 0.541 accuracy:70.828
[41,   300] loss: 0.541 accuracy:70.833
[41,   400] loss: 0.541 accuracy:70.688
[41,   500] loss: 0.540 accuracy:70.781
[41,   600] loss: 0.541 accuracy:70.794
[41,   700] loss: 0.541 accuracy:70.844
test_accuracy is 70.710 after epochs 40
Saving..

Epoch: 41
[42,   100] loss: 0.537 accuracy:71.016
[42,   200] loss: 0.538 accuracy:71.125
[42,   300] loss: 0.541 accuracy:70.802
[42,   400] loss: 0.537 accuracy:71.109
[42,   500] loss: 0.538 accuracy:71.159
[42,   600] loss: 0.535 accuracy:71.344
[42,   700] loss: 0.536 accuracy:71.321
test_accuracy is 72.080 after epochs 41
Saving..

Epoch: 42
[43,   100] loss: 0.531 accuracy:71.812
[43,   200] loss: 0.530 accuracy:71.727
[43,   300] loss: 0.528 accuracy:71.672
[43,   400] loss: 0.523 accuracy:71.996
[43,   500] loss: 0.520 accuracy:72.241
[43,   600] loss: 0.520 accuracy:72.260
[43,   700] loss: 0.521 accuracy:72.170
test_accuracy is 68.500 after epochs 42

Epoch: 43
[44,   100] loss: 0.537 accuracy:71.422
[44,   200] loss: 0.527 accuracy:71.969
[44,   300] loss: 0.523 accuracy:72.354
[44,   400] loss: 0.516 accuracy:72.688
[44,   500] loss: 0.513 accuracy:72.975
[44,   600] loss: 0.511 accuracy:73.120
[44,   700] loss: 0.510 accuracy:73.147
test_accuracy is 71.290 after epochs 43

Epoch: 44
[45,   100] loss: 0.516 accuracy:73.172
[45,   200] loss: 0.505 accuracy:73.875
[45,   300] loss: 0.501 accuracy:73.984
[45,   400] loss: 0.498 accuracy:74.004
[45,   500] loss: 0.499 accuracy:74.138
[45,   600] loss: 0.497 accuracy:74.247
[45,   700] loss: 0.495 accuracy:74.420
test_accuracy is 73.040 after epochs 44
Saving..

Epoch: 45
[46,   100] loss: 0.475 accuracy:76.328
[46,   200] loss: 0.470 accuracy:76.875
[46,   300] loss: 0.476 accuracy:76.307
[46,   400] loss: 0.475 accuracy:76.402
[46,   500] loss: 0.477 accuracy:76.134
[46,   600] loss: 0.477 accuracy:76.141
[46,   700] loss: 0.479 accuracy:75.998
test_accuracy is 75.830 after epochs 45
Saving..

Epoch: 46
[47,   100] loss: 0.470 accuracy:75.719
[47,   200] loss: 0.468 accuracy:76.242
[47,   300] loss: 0.471 accuracy:76.156
[47,   400] loss: 0.471 accuracy:76.168
[47,   500] loss: 0.473 accuracy:76.097
[47,   600] loss: 0.474 accuracy:75.969
[47,   700] loss: 0.470 accuracy:76.272
test_accuracy is 74.290 after epochs 46

Epoch: 47
[48,   100] loss: 0.457 accuracy:77.984
[48,   200] loss: 0.454 accuracy:77.789
[48,   300] loss: 0.453 accuracy:77.651
[48,   400] loss: 0.454 accuracy:77.688
[48,   500] loss: 0.454 accuracy:77.778
[48,   600] loss: 0.452 accuracy:77.901
[48,   700] loss: 0.451 accuracy:77.855
test_accuracy is 81.050 after epochs 47
Saving..

Epoch: 48
[49,   100] loss: 0.436 accuracy:78.766
[49,   200] loss: 0.436 accuracy:78.672
[49,   300] loss: 0.435 accuracy:78.865
[49,   400] loss: 0.435 accuracy:78.965
[49,   500] loss: 0.437 accuracy:78.850
[49,   600] loss: 0.436 accuracy:78.849
[49,   700] loss: 0.437 accuracy:78.812
test_accuracy is 75.430 after epochs 48

Epoch: 49
[50,   100] loss: 0.434 accuracy:79.016
[50,   200] loss: 0.432 accuracy:79.234
[50,   300] loss: 0.435 accuracy:78.911
[50,   400] loss: 0.435 accuracy:79.004
[50,   500] loss: 0.433 accuracy:79.159
[50,   600] loss: 0.430 accuracy:79.328
[50,   700] loss: 0.430 accuracy:79.435
test_accuracy is 75.600 after epochs 49

Epoch: 50
[51,   100] loss: 0.447 accuracy:77.953
[51,   200] loss: 0.434 accuracy:79.234
[51,   300] loss: 0.427 accuracy:79.594
[51,   400] loss: 0.425 accuracy:79.758
[51,   500] loss: 0.422 accuracy:79.959
[51,   600] loss: 0.424 accuracy:79.742
[51,   700] loss: 0.424 accuracy:79.848
test_accuracy is 73.670 after epochs 50

Epoch: 51
[52,   100] loss: 0.419 accuracy:80.922
[52,   200] loss: 0.425 accuracy:80.094
[52,   300] loss: 0.426 accuracy:79.906
[52,   400] loss: 0.423 accuracy:80.141
[52,   500] loss: 0.426 accuracy:79.922
[52,   600] loss: 0.425 accuracy:79.849
[52,   700] loss: 0.423 accuracy:79.942
test_accuracy is 72.890 after epochs 51

Epoch: 52
[53,   100] loss: 0.422 accuracy:79.609
[53,   200] loss: 0.420 accuracy:80.219
[53,   300] loss: 0.419 accuracy:80.214
[53,   400] loss: 0.415 accuracy:80.488
[53,   500] loss: 0.413 accuracy:80.603
[53,   600] loss: 0.413 accuracy:80.573
[53,   700] loss: 0.413 accuracy:80.592
test_accuracy is 82.790 after epochs 52
Saving..

Epoch: 53
[54,   100] loss: 0.405 accuracy:81.188
[54,   200] loss: 0.415 accuracy:80.531
[54,   300] loss: 0.418 accuracy:80.292
[54,   400] loss: 0.419 accuracy:80.180
[54,   500] loss: 0.419 accuracy:80.162
[54,   600] loss: 0.418 accuracy:80.214
[54,   700] loss: 0.417 accuracy:80.230
test_accuracy is 77.680 after epochs 53

Epoch: 54
[55,   100] loss: 0.420 accuracy:80.047
[55,   200] loss: 0.410 accuracy:80.695
[55,   300] loss: 0.409 accuracy:80.641
[55,   400] loss: 0.408 accuracy:80.719
[55,   500] loss: 0.404 accuracy:81.044
[55,   600] loss: 0.403 accuracy:81.148
[55,   700] loss: 0.401 accuracy:81.217
test_accuracy is 77.010 after epochs 54

Epoch: 55
[56,   100] loss: 0.411 accuracy:81.391
[56,   200] loss: 0.415 accuracy:80.844
[56,   300] loss: 0.404 accuracy:81.427
[56,   400] loss: 0.404 accuracy:81.414
[56,   500] loss: 0.403 accuracy:81.406
[56,   600] loss: 0.402 accuracy:81.492
[56,   700] loss: 0.401 accuracy:81.596
test_accuracy is 77.430 after epochs 55

Epoch: 56
[57,   100] loss: 0.389 accuracy:82.297
[57,   200] loss: 0.389 accuracy:82.148
[57,   300] loss: 0.391 accuracy:81.885
[57,   400] loss: 0.391 accuracy:81.945
[57,   500] loss: 0.393 accuracy:81.881
[57,   600] loss: 0.392 accuracy:81.940
[57,   700] loss: 0.394 accuracy:81.902
test_accuracy is 84.530 after epochs 56
Saving..

Epoch: 57
[58,   100] loss: 0.404 accuracy:81.156
[58,   200] loss: 0.395 accuracy:81.703
[58,   300] loss: 0.391 accuracy:81.932
[58,   400] loss: 0.390 accuracy:82.016
[58,   500] loss: 0.388 accuracy:82.169
[58,   600] loss: 0.386 accuracy:82.245
[58,   700] loss: 0.386 accuracy:82.241
test_accuracy is 81.560 after epochs 57

Epoch: 58
[59,   100] loss: 0.386 accuracy:82.453
[59,   200] loss: 0.388 accuracy:82.570
[59,   300] loss: 0.385 accuracy:82.552
[59,   400] loss: 0.381 accuracy:82.719
[59,   500] loss: 0.379 accuracy:82.859
[59,   600] loss: 0.382 accuracy:82.672
[59,   700] loss: 0.381 accuracy:82.672
test_accuracy is 82.920 after epochs 58

Epoch: 59
[60,   100] loss: 0.398 accuracy:81.609
[60,   200] loss: 0.387 accuracy:82.281
[60,   300] loss: 0.380 accuracy:82.750
[60,   400] loss: 0.376 accuracy:83.039
[60,   500] loss: 0.378 accuracy:82.878
[60,   600] loss: 0.378 accuracy:82.841
[60,   700] loss: 0.378 accuracy:82.808
test_accuracy is 82.180 after epochs 59

Epoch: 60
[61,   100] loss: 0.386 accuracy:82.328
[61,   200] loss: 0.380 accuracy:82.789
[61,   300] loss: 0.380 accuracy:82.599
[61,   400] loss: 0.380 accuracy:82.680
[61,   500] loss: 0.377 accuracy:82.919
[61,   600] loss: 0.375 accuracy:83.104
[61,   700] loss: 0.378 accuracy:82.946
test_accuracy is 79.150 after epochs 60

Epoch: 61
[62,   100] loss: 0.384 accuracy:82.391
[62,   200] loss: 0.379 accuracy:82.805
[62,   300] loss: 0.376 accuracy:82.844
[62,   400] loss: 0.372 accuracy:83.133
[62,   500] loss: 0.371 accuracy:83.209
[62,   600] loss: 0.372 accuracy:83.089
[62,   700] loss: 0.373 accuracy:83.078
test_accuracy is 83.580 after epochs 61

Epoch: 62
[63,   100] loss: 0.370 accuracy:83.344
[63,   200] loss: 0.371 accuracy:83.414
[63,   300] loss: 0.368 accuracy:83.620
[63,   400] loss: 0.369 accuracy:83.605
[63,   500] loss: 0.367 accuracy:83.619
[63,   600] loss: 0.366 accuracy:83.635
[63,   700] loss: 0.366 accuracy:83.636
test_accuracy is 82.820 after epochs 62

Epoch: 63
[64,   100] loss: 0.357 accuracy:84.031
[64,   200] loss: 0.358 accuracy:84.219
[64,   300] loss: 0.362 accuracy:84.026
[64,   400] loss: 0.363 accuracy:83.863
[64,   500] loss: 0.362 accuracy:83.847
[64,   600] loss: 0.363 accuracy:83.875
[64,   700] loss: 0.365 accuracy:83.759
test_accuracy is 78.630 after epochs 63

Epoch: 64
[65,   100] loss: 0.346 accuracy:84.688
[65,   200] loss: 0.367 accuracy:83.406
[65,   300] loss: 0.360 accuracy:84.057
[65,   400] loss: 0.361 accuracy:83.980
[65,   500] loss: 0.363 accuracy:83.916
[65,   600] loss: 0.363 accuracy:83.893
[65,   700] loss: 0.362 accuracy:83.987
test_accuracy is 79.450 after epochs 64

Epoch: 65
[66,   100] loss: 0.371 accuracy:83.438
[66,   200] loss: 0.370 accuracy:83.500
[66,   300] loss: 0.365 accuracy:83.839
[66,   400] loss: 0.364 accuracy:83.883
[66,   500] loss: 0.361 accuracy:84.078
[66,   600] loss: 0.361 accuracy:84.068
[66,   700] loss: 0.360 accuracy:84.067
test_accuracy is 84.810 after epochs 65
Saving..

Epoch: 66
[67,   100] loss: 0.359 accuracy:83.656
[67,   200] loss: 0.355 accuracy:84.102
[67,   300] loss: 0.354 accuracy:84.292
[67,   400] loss: 0.352 accuracy:84.379
[67,   500] loss: 0.351 accuracy:84.500
[67,   600] loss: 0.352 accuracy:84.451
[67,   700] loss: 0.351 accuracy:84.531
test_accuracy is 85.570 after epochs 66
Saving..

Epoch: 67
[68,   100] loss: 0.351 accuracy:84.188
[68,   200] loss: 0.346 accuracy:84.664
[68,   300] loss: 0.349 accuracy:84.464
[68,   400] loss: 0.348 accuracy:84.496
[68,   500] loss: 0.349 accuracy:84.481
[68,   600] loss: 0.348 accuracy:84.628
[68,   700] loss: 0.349 accuracy:84.645
test_accuracy is 73.860 after epochs 67

Epoch: 68
[69,   100] loss: 0.353 accuracy:84.109
[69,   200] loss: 0.349 accuracy:84.508
[69,   300] loss: 0.348 accuracy:84.599
[69,   400] loss: 0.351 accuracy:84.488
[69,   500] loss: 0.351 accuracy:84.459
[69,   600] loss: 0.347 accuracy:84.677
[69,   700] loss: 0.346 accuracy:84.763
test_accuracy is 78.730 after epochs 68

Epoch: 69
[70,   100] loss: 0.343 accuracy:85.156
[70,   200] loss: 0.339 accuracy:85.211
[70,   300] loss: 0.345 accuracy:84.922
[70,   400] loss: 0.341 accuracy:85.227
[70,   500] loss: 0.343 accuracy:85.088
[70,   600] loss: 0.343 accuracy:85.099
[70,   700] loss: 0.343 accuracy:85.109
test_accuracy is 82.760 after epochs 69

Epoch: 70
[71,   100] loss: 0.354 accuracy:84.438
[71,   200] loss: 0.356 accuracy:84.219
[71,   300] loss: 0.353 accuracy:84.266
[71,   400] loss: 0.352 accuracy:84.242
[71,   500] loss: 0.351 accuracy:84.325
[71,   600] loss: 0.348 accuracy:84.479
[71,   700] loss: 0.348 accuracy:84.469
test_accuracy is 80.070 after epochs 70

Epoch: 71
[72,   100] loss: 0.339 accuracy:85.203
[72,   200] loss: 0.340 accuracy:85.195
[72,   300] loss: 0.340 accuracy:85.219
[72,   400] loss: 0.337 accuracy:85.426
[72,   500] loss: 0.335 accuracy:85.562
[72,   600] loss: 0.335 accuracy:85.607
[72,   700] loss: 0.334 accuracy:85.670
test_accuracy is 73.950 after epochs 71

Epoch: 72
[73,   100] loss: 0.326 accuracy:86.094
[73,   200] loss: 0.330 accuracy:85.852
[73,   300] loss: 0.329 accuracy:85.917
[73,   400] loss: 0.333 accuracy:85.758
[73,   500] loss: 0.331 accuracy:85.844
[73,   600] loss: 0.330 accuracy:85.865
[73,   700] loss: 0.330 accuracy:85.821
test_accuracy is 80.740 after epochs 72

Epoch: 73
[74,   100] loss: 0.319 accuracy:86.750
[74,   200] loss: 0.326 accuracy:86.219
[74,   300] loss: 0.328 accuracy:86.031
[74,   400] loss: 0.326 accuracy:86.109
[74,   500] loss: 0.329 accuracy:85.884
[74,   600] loss: 0.329 accuracy:85.878
[74,   700] loss: 0.330 accuracy:85.752
test_accuracy is 83.570 after epochs 73

Epoch: 74
[75,   100] loss: 0.338 accuracy:85.375
[75,   200] loss: 0.332 accuracy:85.633
[75,   300] loss: 0.330 accuracy:85.755
[75,   400] loss: 0.329 accuracy:85.871
[75,   500] loss: 0.328 accuracy:85.922
[75,   600] loss: 0.326 accuracy:86.070
[75,   700] loss: 0.326 accuracy:86.051
test_accuracy is 80.040 after epochs 74

Epoch: 75
[76,   100] loss: 0.326 accuracy:86.297
[76,   200] loss: 0.323 accuracy:86.086
[76,   300] loss: 0.322 accuracy:86.229
[76,   400] loss: 0.327 accuracy:85.965
[76,   500] loss: 0.328 accuracy:85.897
[76,   600] loss: 0.326 accuracy:85.932
[76,   700] loss: 0.327 accuracy:85.904
test_accuracy is 86.720 after epochs 75
Saving..

Epoch: 76
[77,   100] loss: 0.322 accuracy:86.203
[77,   200] loss: 0.319 accuracy:86.430
[77,   300] loss: 0.322 accuracy:86.156
[77,   400] loss: 0.323 accuracy:86.211
[77,   500] loss: 0.321 accuracy:86.319
[77,   600] loss: 0.321 accuracy:86.271
[77,   700] loss: 0.320 accuracy:86.364
test_accuracy is 74.860 after epochs 76

Epoch: 77
[78,   100] loss: 0.314 accuracy:86.828
[78,   200] loss: 0.316 accuracy:86.602
[78,   300] loss: 0.321 accuracy:86.219
[78,   400] loss: 0.320 accuracy:86.223
[78,   500] loss: 0.320 accuracy:86.225
[78,   600] loss: 0.319 accuracy:86.286
[78,   700] loss: 0.319 accuracy:86.283
test_accuracy is 74.560 after epochs 77

Epoch: 78
[79,   100] loss: 0.334 accuracy:85.531
[79,   200] loss: 0.322 accuracy:86.125
[79,   300] loss: 0.323 accuracy:86.177
[79,   400] loss: 0.322 accuracy:86.266
[79,   500] loss: 0.319 accuracy:86.394
[79,   600] loss: 0.315 accuracy:86.604
[79,   700] loss: 0.314 accuracy:86.645
test_accuracy is 82.720 after epochs 78

Epoch: 79
[80,   100] loss: 0.327 accuracy:85.828
[80,   200] loss: 0.320 accuracy:86.352
[80,   300] loss: 0.321 accuracy:86.406
[80,   400] loss: 0.317 accuracy:86.648
[80,   500] loss: 0.318 accuracy:86.584
[80,   600] loss: 0.319 accuracy:86.547
[80,   700] loss: 0.319 accuracy:86.525
test_accuracy is 87.290 after epochs 79
Saving..

Epoch: 80
[81,   100] loss: 0.329 accuracy:85.297
[81,   200] loss: 0.317 accuracy:86.344
[81,   300] loss: 0.312 accuracy:86.672
[81,   400] loss: 0.313 accuracy:86.641
[81,   500] loss: 0.313 accuracy:86.719
[81,   600] loss: 0.312 accuracy:86.818
[81,   700] loss: 0.311 accuracy:86.873
test_accuracy is 79.380 after epochs 80

Epoch: 81
[82,   100] loss: 0.312 accuracy:86.906
[82,   200] loss: 0.313 accuracy:86.914
[82,   300] loss: 0.310 accuracy:87.047
[82,   400] loss: 0.313 accuracy:86.867
[82,   500] loss: 0.314 accuracy:86.869
[82,   600] loss: 0.316 accuracy:86.727
[82,   700] loss: 0.317 accuracy:86.621
test_accuracy is 85.050 after epochs 81

Epoch: 82
[83,   100] loss: 0.312 accuracy:86.969
[83,   200] loss: 0.299 accuracy:87.656
[83,   300] loss: 0.300 accuracy:87.448
[83,   400] loss: 0.302 accuracy:87.379
[83,   500] loss: 0.303 accuracy:87.322
[83,   600] loss: 0.304 accuracy:87.250
[83,   700] loss: 0.304 accuracy:87.250
test_accuracy is 85.540 after epochs 82

Epoch: 83
[84,   100] loss: 0.319 accuracy:86.312
[84,   200] loss: 0.315 accuracy:86.688
[84,   300] loss: 0.311 accuracy:86.854
[84,   400] loss: 0.310 accuracy:86.906
[84,   500] loss: 0.309 accuracy:86.953
[84,   600] loss: 0.308 accuracy:87.081
[84,   700] loss: 0.306 accuracy:87.212
test_accuracy is 82.210 after epochs 83

Epoch: 84
[85,   100] loss: 0.304 accuracy:87.469
[85,   200] loss: 0.304 accuracy:87.305
[85,   300] loss: 0.307 accuracy:86.990
[85,   400] loss: 0.306 accuracy:87.137
[85,   500] loss: 0.305 accuracy:87.119
[85,   600] loss: 0.307 accuracy:87.018
[85,   700] loss: 0.308 accuracy:86.955
test_accuracy is 83.680 after epochs 84

Epoch: 85
[86,   100] loss: 0.297 accuracy:87.500
[86,   200] loss: 0.302 accuracy:87.273
[86,   300] loss: 0.301 accuracy:87.359
[86,   400] loss: 0.302 accuracy:87.359
[86,   500] loss: 0.301 accuracy:87.362
[86,   600] loss: 0.302 accuracy:87.294
[86,   700] loss: 0.301 accuracy:87.404
test_accuracy is 86.740 after epochs 85

Epoch: 86
[87,   100] loss: 0.303 accuracy:87.328
[87,   200] loss: 0.303 accuracy:87.492
[87,   300] loss: 0.305 accuracy:87.323
[87,   400] loss: 0.302 accuracy:87.473
[87,   500] loss: 0.303 accuracy:87.391
[87,   600] loss: 0.305 accuracy:87.318
[87,   700] loss: 0.304 accuracy:87.371
test_accuracy is 83.410 after epochs 86

Epoch: 87
[88,   100] loss: 0.304 accuracy:87.266
[88,   200] loss: 0.315 accuracy:86.672
[88,   300] loss: 0.309 accuracy:87.026
[88,   400] loss: 0.309 accuracy:87.020
[88,   500] loss: 0.308 accuracy:87.116
[88,   600] loss: 0.306 accuracy:87.240
[88,   700] loss: 0.305 accuracy:87.279
test_accuracy is 87.050 after epochs 87

Epoch: 88
[89,   100] loss: 0.286 accuracy:88.359
[89,   200] loss: 0.290 accuracy:88.039
[89,   300] loss: 0.288 accuracy:88.125
[89,   400] loss: 0.290 accuracy:88.105
[89,   500] loss: 0.292 accuracy:87.953
[89,   600] loss: 0.291 accuracy:88.008
[89,   700] loss: 0.292 accuracy:87.911
test_accuracy is 81.990 after epochs 88

Epoch: 89
[90,   100] loss: 0.301 accuracy:87.172
[90,   200] loss: 0.300 accuracy:87.336
[90,   300] loss: 0.298 accuracy:87.484
[90,   400] loss: 0.300 accuracy:87.324
[90,   500] loss: 0.298 accuracy:87.466
[90,   600] loss: 0.298 accuracy:87.466
[90,   700] loss: 0.296 accuracy:87.569
test_accuracy is 79.230 after epochs 89

Epoch: 90
[91,   100] loss: 0.282 accuracy:88.453
[91,   200] loss: 0.292 accuracy:87.953
[91,   300] loss: 0.295 accuracy:87.714
[91,   400] loss: 0.296 accuracy:87.645
[91,   500] loss: 0.295 accuracy:87.747
[91,   600] loss: 0.293 accuracy:87.859
[91,   700] loss: 0.292 accuracy:87.933
test_accuracy is 84.490 after epochs 90

Epoch: 91
[92,   100] loss: 0.287 accuracy:88.047
[92,   200] loss: 0.290 accuracy:88.000
[92,   300] loss: 0.291 accuracy:88.073
[92,   400] loss: 0.294 accuracy:87.867
[92,   500] loss: 0.290 accuracy:88.081
[92,   600] loss: 0.290 accuracy:88.055
[92,   700] loss: 0.289 accuracy:88.100
test_accuracy is 86.040 after epochs 91

Epoch: 92
[93,   100] loss: 0.294 accuracy:88.000
[93,   200] loss: 0.286 accuracy:88.180
[93,   300] loss: 0.287 accuracy:88.089
[93,   400] loss: 0.289 accuracy:87.922
[93,   500] loss: 0.288 accuracy:88.059
[93,   600] loss: 0.284 accuracy:88.299
[93,   700] loss: 0.286 accuracy:88.203
test_accuracy is 86.400 after epochs 92

Epoch: 93
[94,   100] loss: 0.284 accuracy:88.531
[94,   200] loss: 0.285 accuracy:88.320
[94,   300] loss: 0.285 accuracy:88.328
[94,   400] loss: 0.284 accuracy:88.332
[94,   500] loss: 0.285 accuracy:88.275
[94,   600] loss: 0.285 accuracy:88.271
[94,   700] loss: 0.285 accuracy:88.257
test_accuracy is 76.300 after epochs 93

Epoch: 94
[95,   100] loss: 0.292 accuracy:87.688
[95,   200] loss: 0.292 accuracy:87.938
[95,   300] loss: 0.287 accuracy:88.188
[95,   400] loss: 0.289 accuracy:88.109
[95,   500] loss: 0.290 accuracy:88.131
[95,   600] loss: 0.287 accuracy:88.237
[95,   700] loss: 0.285 accuracy:88.306
test_accuracy is 83.440 after epochs 94

Epoch: 95
[96,   100] loss: 0.292 accuracy:88.000
[96,   200] loss: 0.288 accuracy:88.211
[96,   300] loss: 0.288 accuracy:88.167
[96,   400] loss: 0.286 accuracy:88.320
[96,   500] loss: 0.285 accuracy:88.375
[96,   600] loss: 0.284 accuracy:88.482
[96,   700] loss: 0.284 accuracy:88.462
test_accuracy is 84.030 after epochs 95

Epoch: 96
[97,   100] loss: 0.286 accuracy:87.906
[97,   200] loss: 0.282 accuracy:88.266
[97,   300] loss: 0.284 accuracy:88.198
[97,   400] loss: 0.282 accuracy:88.391
[97,   500] loss: 0.281 accuracy:88.484
[97,   600] loss: 0.282 accuracy:88.409
[97,   700] loss: 0.282 accuracy:88.440
test_accuracy is 86.660 after epochs 96

Epoch: 97
[98,   100] loss: 0.277 accuracy:88.781
[98,   200] loss: 0.273 accuracy:88.875
[98,   300] loss: 0.274 accuracy:88.828
[98,   400] loss: 0.272 accuracy:88.922
[98,   500] loss: 0.274 accuracy:88.725
[98,   600] loss: 0.277 accuracy:88.599
[98,   700] loss: 0.278 accuracy:88.580
test_accuracy is 83.530 after epochs 97

Epoch: 98
[99,   100] loss: 0.277 accuracy:89.016
[99,   200] loss: 0.279 accuracy:88.758
[99,   300] loss: 0.278 accuracy:88.844
[99,   400] loss: 0.276 accuracy:88.863
[99,   500] loss: 0.279 accuracy:88.678
[99,   600] loss: 0.278 accuracy:88.656
[99,   700] loss: 0.276 accuracy:88.783
test_accuracy is 83.370 after epochs 98

Epoch: 99
[100,   100] loss: 0.285 accuracy:88.188
[100,   200] loss: 0.285 accuracy:87.977
[100,   300] loss: 0.280 accuracy:88.312
[100,   400] loss: 0.281 accuracy:88.410
[100,   500] loss: 0.280 accuracy:88.500
[100,   600] loss: 0.278 accuracy:88.578
[100,   700] loss: 0.277 accuracy:88.616
test_accuracy is 86.800 after epochs 99

Epoch: 100
[101,   100] loss: 0.279 accuracy:88.531
[101,   200] loss: 0.285 accuracy:88.211
[101,   300] loss: 0.280 accuracy:88.490
[101,   400] loss: 0.281 accuracy:88.492
[101,   500] loss: 0.280 accuracy:88.562
[101,   600] loss: 0.278 accuracy:88.688
[101,   700] loss: 0.276 accuracy:88.705
test_accuracy is 86.330 after epochs 100

Epoch: 101
[102,   100] loss: 0.263 accuracy:89.531
[102,   200] loss: 0.275 accuracy:88.898
[102,   300] loss: 0.279 accuracy:88.677
[102,   400] loss: 0.278 accuracy:88.656
[102,   500] loss: 0.279 accuracy:88.638
[102,   600] loss: 0.277 accuracy:88.656
[102,   700] loss: 0.279 accuracy:88.643
test_accuracy is 83.050 after epochs 101

Epoch: 102
[103,   100] loss: 0.267 accuracy:89.250
[103,   200] loss: 0.273 accuracy:89.031
[103,   300] loss: 0.270 accuracy:89.115
[103,   400] loss: 0.271 accuracy:89.055
[103,   500] loss: 0.268 accuracy:89.241
[103,   600] loss: 0.270 accuracy:89.169
[103,   700] loss: 0.268 accuracy:89.225
test_accuracy is 79.340 after epochs 102

Epoch: 103
[104,   100] loss: 0.266 accuracy:89.391
[104,   200] loss: 0.269 accuracy:89.164
[104,   300] loss: 0.267 accuracy:89.193
[104,   400] loss: 0.266 accuracy:89.250
[104,   500] loss: 0.269 accuracy:89.072
[104,   600] loss: 0.269 accuracy:89.122
[104,   700] loss: 0.268 accuracy:89.163
test_accuracy is 83.960 after epochs 103

Epoch: 104
[105,   100] loss: 0.275 accuracy:88.844
[105,   200] loss: 0.271 accuracy:88.961
[105,   300] loss: 0.268 accuracy:89.167
[105,   400] loss: 0.268 accuracy:89.207
[105,   500] loss: 0.269 accuracy:89.169
[105,   600] loss: 0.268 accuracy:89.146
[105,   700] loss: 0.269 accuracy:89.152
test_accuracy is 75.450 after epochs 104

Epoch: 105
[106,   100] loss: 0.272 accuracy:89.047
[106,   200] loss: 0.267 accuracy:89.375
[106,   300] loss: 0.264 accuracy:89.526
[106,   400] loss: 0.262 accuracy:89.480
[106,   500] loss: 0.260 accuracy:89.591
[106,   600] loss: 0.262 accuracy:89.531
[106,   700] loss: 0.264 accuracy:89.404
test_accuracy is 79.310 after epochs 105

Epoch: 106
[107,   100] loss: 0.280 accuracy:88.547
[107,   200] loss: 0.268 accuracy:89.305
[107,   300] loss: 0.268 accuracy:89.099
[107,   400] loss: 0.266 accuracy:89.203
[107,   500] loss: 0.266 accuracy:89.297
[107,   600] loss: 0.263 accuracy:89.474
[107,   700] loss: 0.262 accuracy:89.522
test_accuracy is 81.540 after epochs 106

Epoch: 107
[108,   100] loss: 0.272 accuracy:88.750
[108,   200] loss: 0.276 accuracy:88.773
[108,   300] loss: 0.268 accuracy:89.146
[108,   400] loss: 0.268 accuracy:89.180
[108,   500] loss: 0.266 accuracy:89.303
[108,   600] loss: 0.266 accuracy:89.328
[108,   700] loss: 0.263 accuracy:89.489
test_accuracy is 77.960 after epochs 107

Epoch: 108
[109,   100] loss: 0.269 accuracy:89.125
[109,   200] loss: 0.262 accuracy:89.234
[109,   300] loss: 0.265 accuracy:89.172
[109,   400] loss: 0.263 accuracy:89.301
[109,   500] loss: 0.261 accuracy:89.447
[109,   600] loss: 0.260 accuracy:89.523
[109,   700] loss: 0.260 accuracy:89.636
test_accuracy is 81.030 after epochs 108

Epoch: 109
[110,   100] loss: 0.256 accuracy:89.641
[110,   200] loss: 0.257 accuracy:89.766
[110,   300] loss: 0.256 accuracy:89.896
[110,   400] loss: 0.254 accuracy:89.895
[110,   500] loss: 0.253 accuracy:89.916
[110,   600] loss: 0.256 accuracy:89.760
[110,   700] loss: 0.255 accuracy:89.830
test_accuracy is 87.220 after epochs 109

Epoch: 110
[111,   100] loss: 0.261 accuracy:89.484
[111,   200] loss: 0.255 accuracy:89.727
[111,   300] loss: 0.259 accuracy:89.578
[111,   400] loss: 0.258 accuracy:89.684
[111,   500] loss: 0.259 accuracy:89.694
[111,   600] loss: 0.259 accuracy:89.745
[111,   700] loss: 0.259 accuracy:89.730
test_accuracy is 85.760 after epochs 110

Epoch: 111
[112,   100] loss: 0.250 accuracy:89.969
[112,   200] loss: 0.253 accuracy:89.758
[112,   300] loss: 0.252 accuracy:89.760
[112,   400] loss: 0.252 accuracy:89.820
[112,   500] loss: 0.254 accuracy:89.841
[112,   600] loss: 0.253 accuracy:89.909
[112,   700] loss: 0.255 accuracy:89.824
test_accuracy is 74.070 after epochs 111

Epoch: 112
[113,   100] loss: 0.250 accuracy:89.984
[113,   200] loss: 0.255 accuracy:89.688
[113,   300] loss: 0.258 accuracy:89.542
[113,   400] loss: 0.259 accuracy:89.566
[113,   500] loss: 0.258 accuracy:89.622
[113,   600] loss: 0.256 accuracy:89.721
[113,   700] loss: 0.255 accuracy:89.721
test_accuracy is 79.290 after epochs 112

Epoch: 113
[114,   100] loss: 0.258 accuracy:89.672
[114,   200] loss: 0.253 accuracy:89.898
[114,   300] loss: 0.253 accuracy:89.839
[114,   400] loss: 0.252 accuracy:89.859
[114,   500] loss: 0.253 accuracy:89.881
[114,   600] loss: 0.252 accuracy:89.940
[114,   700] loss: 0.253 accuracy:89.913
test_accuracy is 83.170 after epochs 113

Epoch: 114
[115,   100] loss: 0.252 accuracy:89.797
[115,   200] loss: 0.246 accuracy:90.227
[115,   300] loss: 0.247 accuracy:90.161
[115,   400] loss: 0.248 accuracy:90.168
[115,   500] loss: 0.249 accuracy:90.056
[115,   600] loss: 0.250 accuracy:90.018
[115,   700] loss: 0.250 accuracy:90.067
test_accuracy is 79.560 after epochs 114

Epoch: 115
[116,   100] loss: 0.255 accuracy:89.766
[116,   200] loss: 0.251 accuracy:89.938
[116,   300] loss: 0.247 accuracy:90.208
[116,   400] loss: 0.247 accuracy:90.184
[116,   500] loss: 0.250 accuracy:90.056
[116,   600] loss: 0.249 accuracy:90.099
[116,   700] loss: 0.249 accuracy:90.060
test_accuracy is 81.610 after epochs 115

Epoch: 116
[117,   100] loss: 0.247 accuracy:90.109
[117,   200] loss: 0.252 accuracy:90.023
[117,   300] loss: 0.254 accuracy:89.948
[117,   400] loss: 0.254 accuracy:89.973
[117,   500] loss: 0.253 accuracy:89.944
[117,   600] loss: 0.252 accuracy:89.971
[117,   700] loss: 0.251 accuracy:90.013
test_accuracy is 83.070 after epochs 116

Epoch: 117
[118,   100] loss: 0.251 accuracy:90.078
[118,   200] loss: 0.252 accuracy:89.992
[118,   300] loss: 0.251 accuracy:89.948
[118,   400] loss: 0.247 accuracy:90.188
[118,   500] loss: 0.247 accuracy:90.150
[118,   600] loss: 0.247 accuracy:90.109
[118,   700] loss: 0.247 accuracy:90.123
test_accuracy is 82.450 after epochs 117

Epoch: 118
[119,   100] loss: 0.236 accuracy:90.797
[119,   200] loss: 0.243 accuracy:90.453
[119,   300] loss: 0.248 accuracy:90.281
[119,   400] loss: 0.247 accuracy:90.352
[119,   500] loss: 0.246 accuracy:90.359
[119,   600] loss: 0.247 accuracy:90.276
[119,   700] loss: 0.247 accuracy:90.279
test_accuracy is 81.450 after epochs 118

Epoch: 119
[120,   100] loss: 0.252 accuracy:90.141
[120,   200] loss: 0.252 accuracy:90.203
[120,   300] loss: 0.247 accuracy:90.333
[120,   400] loss: 0.245 accuracy:90.309
[120,   500] loss: 0.244 accuracy:90.322
[120,   600] loss: 0.245 accuracy:90.281
[120,   700] loss: 0.246 accuracy:90.272
test_accuracy is 85.180 after epochs 119

Epoch: 120
[121,   100] loss: 0.258 accuracy:89.641
[121,   200] loss: 0.255 accuracy:89.773
[121,   300] loss: 0.250 accuracy:90.182
[121,   400] loss: 0.249 accuracy:90.266
[121,   500] loss: 0.249 accuracy:90.247
[121,   600] loss: 0.250 accuracy:90.180
[121,   700] loss: 0.250 accuracy:90.145
test_accuracy is 83.730 after epochs 120

Epoch: 121
[122,   100] loss: 0.248 accuracy:89.938
[122,   200] loss: 0.242 accuracy:90.250
[122,   300] loss: 0.243 accuracy:90.318
[122,   400] loss: 0.243 accuracy:90.344
[122,   500] loss: 0.243 accuracy:90.319
[122,   600] loss: 0.244 accuracy:90.281
[122,   700] loss: 0.242 accuracy:90.359
test_accuracy is 81.600 after epochs 121

Epoch: 122
[123,   100] loss: 0.248 accuracy:90.266
[123,   200] loss: 0.245 accuracy:90.562
[123,   300] loss: 0.244 accuracy:90.490
[123,   400] loss: 0.240 accuracy:90.641
[123,   500] loss: 0.239 accuracy:90.625
[123,   600] loss: 0.239 accuracy:90.701
[123,   700] loss: 0.241 accuracy:90.511
test_accuracy is 88.360 after epochs 122
Saving..

Epoch: 123
[124,   100] loss: 0.242 accuracy:90.438
[124,   200] loss: 0.239 accuracy:90.523
[124,   300] loss: 0.240 accuracy:90.583
[124,   400] loss: 0.241 accuracy:90.504
[124,   500] loss: 0.241 accuracy:90.537
[124,   600] loss: 0.240 accuracy:90.547
[124,   700] loss: 0.240 accuracy:90.558
test_accuracy is 81.200 after epochs 123

Epoch: 124
[125,   100] loss: 0.244 accuracy:90.547
[125,   200] loss: 0.249 accuracy:90.219
[125,   300] loss: 0.245 accuracy:90.391
[125,   400] loss: 0.245 accuracy:90.418
[125,   500] loss: 0.244 accuracy:90.447
[125,   600] loss: 0.245 accuracy:90.344
[125,   700] loss: 0.242 accuracy:90.504
test_accuracy is 78.830 after epochs 124

Epoch: 125
[126,   100] loss: 0.245 accuracy:90.297
[126,   200] loss: 0.242 accuracy:90.273
[126,   300] loss: 0.239 accuracy:90.542
[126,   400] loss: 0.239 accuracy:90.527
[126,   500] loss: 0.237 accuracy:90.684
[126,   600] loss: 0.237 accuracy:90.768
[126,   700] loss: 0.238 accuracy:90.710
test_accuracy is 81.190 after epochs 125

Epoch: 126
[127,   100] loss: 0.237 accuracy:90.562
[127,   200] loss: 0.237 accuracy:90.445
[127,   300] loss: 0.235 accuracy:90.615
[127,   400] loss: 0.239 accuracy:90.473
[127,   500] loss: 0.237 accuracy:90.625
[127,   600] loss: 0.237 accuracy:90.625
[127,   700] loss: 0.238 accuracy:90.574
test_accuracy is 82.770 after epochs 126

Epoch: 127
[128,   100] loss: 0.237 accuracy:90.625
[128,   200] loss: 0.236 accuracy:90.766
[128,   300] loss: 0.234 accuracy:90.818
[128,   400] loss: 0.236 accuracy:90.812
[128,   500] loss: 0.234 accuracy:90.909
[128,   600] loss: 0.235 accuracy:90.878
[128,   700] loss: 0.236 accuracy:90.812
test_accuracy is 81.290 after epochs 127

Epoch: 128
[129,   100] loss: 0.232 accuracy:90.875
[129,   200] loss: 0.238 accuracy:90.617
[129,   300] loss: 0.235 accuracy:90.880
[129,   400] loss: 0.238 accuracy:90.770
[129,   500] loss: 0.238 accuracy:90.734
[129,   600] loss: 0.237 accuracy:90.784
[129,   700] loss: 0.235 accuracy:90.837
test_accuracy is 84.280 after epochs 128

Epoch: 129
[130,   100] loss: 0.237 accuracy:90.562
[130,   200] loss: 0.234 accuracy:90.875
[130,   300] loss: 0.238 accuracy:90.688
[130,   400] loss: 0.235 accuracy:90.863
[130,   500] loss: 0.235 accuracy:90.872
[130,   600] loss: 0.234 accuracy:90.940
[130,   700] loss: 0.234 accuracy:90.915
test_accuracy is 79.690 after epochs 129

Epoch: 130
[131,   100] loss: 0.227 accuracy:91.141
[131,   200] loss: 0.229 accuracy:90.953
[131,   300] loss: 0.235 accuracy:90.755
[131,   400] loss: 0.236 accuracy:90.625
[131,   500] loss: 0.235 accuracy:90.691
[131,   600] loss: 0.236 accuracy:90.677
[131,   700] loss: 0.236 accuracy:90.688
test_accuracy is 87.200 after epochs 130

Epoch: 131
[132,   100] loss: 0.236 accuracy:91.094
[132,   200] loss: 0.239 accuracy:90.891
[132,   300] loss: 0.237 accuracy:90.943
[132,   400] loss: 0.233 accuracy:91.051
[132,   500] loss: 0.233 accuracy:91.056
[132,   600] loss: 0.232 accuracy:91.117
[132,   700] loss: 0.231 accuracy:91.071
test_accuracy is 82.760 after epochs 131

Epoch: 132
[133,   100] loss: 0.232 accuracy:90.828
[133,   200] loss: 0.238 accuracy:90.562
[133,   300] loss: 0.229 accuracy:91.099
[133,   400] loss: 0.227 accuracy:91.219
[133,   500] loss: 0.230 accuracy:91.112
[133,   600] loss: 0.230 accuracy:91.146
[133,   700] loss: 0.229 accuracy:91.205
test_accuracy is 83.650 after epochs 132

Epoch: 133
[134,   100] loss: 0.238 accuracy:90.562
[134,   200] loss: 0.224 accuracy:91.391
[134,   300] loss: 0.226 accuracy:91.292
[134,   400] loss: 0.225 accuracy:91.289
[134,   500] loss: 0.226 accuracy:91.266
[134,   600] loss: 0.226 accuracy:91.253
[134,   700] loss: 0.227 accuracy:91.217
test_accuracy is 83.590 after epochs 133

Epoch: 134
[135,   100] loss: 0.224 accuracy:91.234
[135,   200] loss: 0.226 accuracy:91.297
[135,   300] loss: 0.225 accuracy:91.401
[135,   400] loss: 0.227 accuracy:91.234
[135,   500] loss: 0.225 accuracy:91.316
[135,   600] loss: 0.226 accuracy:91.232
[135,   700] loss: 0.226 accuracy:91.205
test_accuracy is 86.510 after epochs 134

Epoch: 135
[136,   100] loss: 0.215 accuracy:91.672
[136,   200] loss: 0.217 accuracy:91.547
[136,   300] loss: 0.223 accuracy:91.271
[136,   400] loss: 0.223 accuracy:91.250
[136,   500] loss: 0.222 accuracy:91.406
[136,   600] loss: 0.221 accuracy:91.474
[136,   700] loss: 0.221 accuracy:91.467
test_accuracy is 83.410 after epochs 135

Epoch: 136
[137,   100] loss: 0.218 accuracy:91.734
[137,   200] loss: 0.227 accuracy:91.219
[137,   300] loss: 0.225 accuracy:91.417
[137,   400] loss: 0.225 accuracy:91.320
[137,   500] loss: 0.224 accuracy:91.316
[137,   600] loss: 0.225 accuracy:91.307
[137,   700] loss: 0.226 accuracy:91.237
test_accuracy is 80.270 after epochs 136

Epoch: 137
[138,   100] loss: 0.216 accuracy:91.766
[138,   200] loss: 0.218 accuracy:91.656
[138,   300] loss: 0.217 accuracy:91.641
[138,   400] loss: 0.220 accuracy:91.477
[138,   500] loss: 0.222 accuracy:91.441
[138,   600] loss: 0.223 accuracy:91.372
[138,   700] loss: 0.223 accuracy:91.377
test_accuracy is 84.570 after epochs 137

Epoch: 138
[139,   100] loss: 0.212 accuracy:92.125
[139,   200] loss: 0.222 accuracy:91.672
[139,   300] loss: 0.223 accuracy:91.552
[139,   400] loss: 0.222 accuracy:91.559
[139,   500] loss: 0.223 accuracy:91.541
[139,   600] loss: 0.221 accuracy:91.615
[139,   700] loss: 0.220 accuracy:91.652
test_accuracy is 84.040 after epochs 138

Epoch: 139
[140,   100] loss: 0.232 accuracy:91.094
[140,   200] loss: 0.230 accuracy:90.961
[140,   300] loss: 0.223 accuracy:91.359
[140,   400] loss: 0.222 accuracy:91.387
[140,   500] loss: 0.222 accuracy:91.359
[140,   600] loss: 0.224 accuracy:91.323
[140,   700] loss: 0.223 accuracy:91.382
test_accuracy is 78.890 after epochs 139

Epoch: 140
[141,   100] loss: 0.204 accuracy:92.328
[141,   200] loss: 0.212 accuracy:91.883
[141,   300] loss: 0.211 accuracy:91.906
[141,   400] loss: 0.213 accuracy:91.793
[141,   500] loss: 0.214 accuracy:91.787
[141,   600] loss: 0.218 accuracy:91.573
[141,   700] loss: 0.219 accuracy:91.562
test_accuracy is 80.330 after epochs 140

Epoch: 141
[142,   100] loss: 0.218 accuracy:91.344
[142,   200] loss: 0.220 accuracy:91.453
[142,   300] loss: 0.221 accuracy:91.432
[142,   400] loss: 0.220 accuracy:91.539
[142,   500] loss: 0.221 accuracy:91.506
[142,   600] loss: 0.222 accuracy:91.432
[142,   700] loss: 0.219 accuracy:91.589
test_accuracy is 81.250 after epochs 141

Epoch: 142
[143,   100] loss: 0.220 accuracy:91.469
[143,   200] loss: 0.219 accuracy:91.562
[143,   300] loss: 0.223 accuracy:91.380
[143,   400] loss: 0.219 accuracy:91.672
[143,   500] loss: 0.219 accuracy:91.609
[143,   600] loss: 0.219 accuracy:91.625
[143,   700] loss: 0.221 accuracy:91.556
test_accuracy is 83.930 after epochs 142

Epoch: 143
[144,   100] loss: 0.221 accuracy:91.516
[144,   200] loss: 0.217 accuracy:91.688
[144,   300] loss: 0.219 accuracy:91.604
[144,   400] loss: 0.218 accuracy:91.598
[144,   500] loss: 0.216 accuracy:91.709
[144,   600] loss: 0.219 accuracy:91.625
[144,   700] loss: 0.219 accuracy:91.636
test_accuracy is 78.910 after epochs 143

Epoch: 144
[145,   100] loss: 0.241 accuracy:90.234
[145,   200] loss: 0.228 accuracy:90.922
[145,   300] loss: 0.225 accuracy:91.156
[145,   400] loss: 0.223 accuracy:91.316
[145,   500] loss: 0.220 accuracy:91.531
[145,   600] loss: 0.220 accuracy:91.508
[145,   700] loss: 0.221 accuracy:91.469
test_accuracy is 83.050 after epochs 144

Epoch: 145
[146,   100] loss: 0.219 accuracy:91.531
[146,   200] loss: 0.213 accuracy:91.938
[146,   300] loss: 0.216 accuracy:91.797
[146,   400] loss: 0.216 accuracy:91.738
[146,   500] loss: 0.217 accuracy:91.753
[146,   600] loss: 0.217 accuracy:91.737
[146,   700] loss: 0.218 accuracy:91.701
test_accuracy is 79.990 after epochs 145

Epoch: 146
[147,   100] loss: 0.213 accuracy:91.875
[147,   200] loss: 0.217 accuracy:91.516
[147,   300] loss: 0.216 accuracy:91.615
[147,   400] loss: 0.216 accuracy:91.602
[147,   500] loss: 0.216 accuracy:91.653
[147,   600] loss: 0.216 accuracy:91.667
[147,   700] loss: 0.215 accuracy:91.717
test_accuracy is 82.820 after epochs 146

Epoch: 147
[148,   100] loss: 0.207 accuracy:92.016
[148,   200] loss: 0.207 accuracy:92.039
[148,   300] loss: 0.208 accuracy:91.974
[148,   400] loss: 0.212 accuracy:91.824
[148,   500] loss: 0.213 accuracy:91.859
[148,   600] loss: 0.213 accuracy:91.833
[148,   700] loss: 0.212 accuracy:91.946
test_accuracy is 82.500 after epochs 147

Epoch: 148
[149,   100] loss: 0.212 accuracy:91.922
[149,   200] loss: 0.214 accuracy:91.906
[149,   300] loss: 0.216 accuracy:91.823
[149,   400] loss: 0.216 accuracy:91.863
[149,   500] loss: 0.216 accuracy:91.828
[149,   600] loss: 0.216 accuracy:91.747
[149,   700] loss: 0.214 accuracy:91.839
test_accuracy is 81.600 after epochs 148

Epoch: 149
[150,   100] loss: 0.212 accuracy:92.062
[150,   200] loss: 0.207 accuracy:92.078
[150,   300] loss: 0.210 accuracy:91.969
[150,   400] loss: 0.211 accuracy:91.949
[150,   500] loss: 0.212 accuracy:92.000
[150,   600] loss: 0.213 accuracy:91.956
[150,   700] loss: 0.211 accuracy:92.007
test_accuracy is 79.240 after epochs 149

Epoch: 150
[151,   100] loss: 0.207 accuracy:92.359
[151,   200] loss: 0.213 accuracy:92.008
[151,   300] loss: 0.210 accuracy:92.135
[151,   400] loss: 0.211 accuracy:92.125
[151,   500] loss: 0.211 accuracy:92.088
[151,   600] loss: 0.211 accuracy:92.060
[151,   700] loss: 0.210 accuracy:92.125
test_accuracy is 78.710 after epochs 150

Epoch: 151
[152,   100] loss: 0.205 accuracy:92.750
[152,   200] loss: 0.211 accuracy:92.320
[152,   300] loss: 0.209 accuracy:92.391
[152,   400] loss: 0.206 accuracy:92.465
[152,   500] loss: 0.206 accuracy:92.403
[152,   600] loss: 0.206 accuracy:92.393
[152,   700] loss: 0.207 accuracy:92.321
test_accuracy is 84.030 after epochs 151

Epoch: 152
[153,   100] loss: 0.208 accuracy:92.172
[153,   200] loss: 0.212 accuracy:92.016
[153,   300] loss: 0.212 accuracy:92.078
[153,   400] loss: 0.214 accuracy:92.004
[153,   500] loss: 0.210 accuracy:92.159
[153,   600] loss: 0.210 accuracy:92.128
[153,   700] loss: 0.209 accuracy:92.165
test_accuracy is 80.130 after epochs 152

Epoch: 153
[154,   100] loss: 0.215 accuracy:91.797
[154,   200] loss: 0.216 accuracy:91.773
[154,   300] loss: 0.213 accuracy:91.885
[154,   400] loss: 0.211 accuracy:91.938
[154,   500] loss: 0.210 accuracy:92.028
[154,   600] loss: 0.208 accuracy:92.156
[154,   700] loss: 0.208 accuracy:92.181
test_accuracy is 83.010 after epochs 153

Epoch: 154
[155,   100] loss: 0.215 accuracy:92.188
[155,   200] loss: 0.207 accuracy:92.383
[155,   300] loss: 0.207 accuracy:92.292
[155,   400] loss: 0.206 accuracy:92.297
[155,   500] loss: 0.206 accuracy:92.312
[155,   600] loss: 0.206 accuracy:92.312
[155,   700] loss: 0.204 accuracy:92.391
test_accuracy is 83.500 after epochs 154

Epoch: 155
[156,   100] loss: 0.199 accuracy:92.312
[156,   200] loss: 0.203 accuracy:92.336
[156,   300] loss: 0.201 accuracy:92.417
[156,   400] loss: 0.201 accuracy:92.465
[156,   500] loss: 0.203 accuracy:92.397
[156,   600] loss: 0.204 accuracy:92.362
[156,   700] loss: 0.205 accuracy:92.359
test_accuracy is 82.680 after epochs 155

Epoch: 156
[157,   100] loss: 0.200 accuracy:92.625
[157,   200] loss: 0.201 accuracy:92.578
[157,   300] loss: 0.202 accuracy:92.562
[157,   400] loss: 0.204 accuracy:92.414
[157,   500] loss: 0.202 accuracy:92.450
[157,   600] loss: 0.203 accuracy:92.445
[157,   700] loss: 0.204 accuracy:92.446
test_accuracy is 82.770 after epochs 156

Epoch: 157
[158,   100] loss: 0.206 accuracy:92.422
[158,   200] loss: 0.212 accuracy:91.914
[158,   300] loss: 0.210 accuracy:92.036
[158,   400] loss: 0.210 accuracy:92.133
[158,   500] loss: 0.207 accuracy:92.287
[158,   600] loss: 0.207 accuracy:92.258
[158,   700] loss: 0.206 accuracy:92.297
test_accuracy is 79.550 after epochs 157

Epoch: 158
[159,   100] loss: 0.204 accuracy:92.312
[159,   200] loss: 0.201 accuracy:92.391
[159,   300] loss: 0.204 accuracy:92.297
[159,   400] loss: 0.201 accuracy:92.441
[159,   500] loss: 0.201 accuracy:92.441
[159,   600] loss: 0.203 accuracy:92.391
[159,   700] loss: 0.200 accuracy:92.484
test_accuracy is 83.160 after epochs 158

Epoch: 159
[160,   100] loss: 0.210 accuracy:91.969
[160,   200] loss: 0.210 accuracy:92.094
[160,   300] loss: 0.210 accuracy:92.089
[160,   400] loss: 0.207 accuracy:92.211
[160,   500] loss: 0.206 accuracy:92.213
[160,   600] loss: 0.208 accuracy:92.161
[160,   700] loss: 0.206 accuracy:92.232
test_accuracy is 83.730 after epochs 159

Epoch: 160
[161,   100] loss: 0.192 accuracy:92.906
[161,   200] loss: 0.193 accuracy:92.914
[161,   300] loss: 0.199 accuracy:92.745
[161,   400] loss: 0.202 accuracy:92.523
[161,   500] loss: 0.203 accuracy:92.450
[161,   600] loss: 0.202 accuracy:92.523
[161,   700] loss: 0.201 accuracy:92.493
test_accuracy is 85.180 after epochs 160

Epoch: 161
[162,   100] loss: 0.195 accuracy:92.656
[162,   200] loss: 0.196 accuracy:92.562
[162,   300] loss: 0.200 accuracy:92.490
[162,   400] loss: 0.203 accuracy:92.379
[162,   500] loss: 0.202 accuracy:92.438
[162,   600] loss: 0.202 accuracy:92.458
[162,   700] loss: 0.201 accuracy:92.562
test_accuracy is 82.740 after epochs 161

Epoch: 162
[163,   100] loss: 0.211 accuracy:91.953
[163,   200] loss: 0.212 accuracy:91.977
[163,   300] loss: 0.209 accuracy:92.089
[163,   400] loss: 0.206 accuracy:92.172
[163,   500] loss: 0.204 accuracy:92.319
[163,   600] loss: 0.203 accuracy:92.411
[163,   700] loss: 0.201 accuracy:92.498
test_accuracy is 77.900 after epochs 162

Epoch: 163
[164,   100] loss: 0.203 accuracy:92.297
[164,   200] loss: 0.201 accuracy:92.523
[164,   300] loss: 0.198 accuracy:92.646
[164,   400] loss: 0.198 accuracy:92.668
[164,   500] loss: 0.197 accuracy:92.650
[164,   600] loss: 0.198 accuracy:92.617
[164,   700] loss: 0.197 accuracy:92.643
test_accuracy is 80.540 after epochs 163

Epoch: 164
[165,   100] loss: 0.193 accuracy:92.875
[165,   200] loss: 0.190 accuracy:93.102
[165,   300] loss: 0.195 accuracy:92.875
[165,   400] loss: 0.195 accuracy:92.809
[165,   500] loss: 0.195 accuracy:92.775
[165,   600] loss: 0.197 accuracy:92.690
[165,   700] loss: 0.199 accuracy:92.605
test_accuracy is 84.730 after epochs 164

Epoch: 165
[166,   100] loss: 0.196 accuracy:92.625
[166,   200] loss: 0.197 accuracy:92.523
[166,   300] loss: 0.197 accuracy:92.625
[166,   400] loss: 0.194 accuracy:92.707
[166,   500] loss: 0.194 accuracy:92.737
[166,   600] loss: 0.194 accuracy:92.763
[166,   700] loss: 0.193 accuracy:92.786
test_accuracy is 80.750 after epochs 165

Epoch: 166
[167,   100] loss: 0.192 accuracy:93.109
[167,   200] loss: 0.199 accuracy:92.727
[167,   300] loss: 0.198 accuracy:92.688
[167,   400] loss: 0.197 accuracy:92.746
[167,   500] loss: 0.197 accuracy:92.728
[167,   600] loss: 0.197 accuracy:92.714
[167,   700] loss: 0.197 accuracy:92.734
test_accuracy is 82.550 after epochs 166

Epoch: 167
[168,   100] loss: 0.197 accuracy:92.734
[168,   200] loss: 0.191 accuracy:93.125
[168,   300] loss: 0.195 accuracy:92.901
[168,   400] loss: 0.198 accuracy:92.793
[168,   500] loss: 0.199 accuracy:92.725
[168,   600] loss: 0.198 accuracy:92.732
[168,   700] loss: 0.199 accuracy:92.679
test_accuracy is 82.380 after epochs 167

Epoch: 168
[169,   100] loss: 0.198 accuracy:92.484
[169,   200] loss: 0.200 accuracy:92.555
[169,   300] loss: 0.194 accuracy:92.760
[169,   400] loss: 0.194 accuracy:92.801
[169,   500] loss: 0.193 accuracy:92.853
[169,   600] loss: 0.196 accuracy:92.766
[169,   700] loss: 0.196 accuracy:92.743
test_accuracy is 83.660 after epochs 168

Epoch: 169
[170,   100] loss: 0.200 accuracy:92.562
[170,   200] loss: 0.197 accuracy:92.648
[170,   300] loss: 0.196 accuracy:92.734
[170,   400] loss: 0.199 accuracy:92.617
[170,   500] loss: 0.197 accuracy:92.681
[170,   600] loss: 0.196 accuracy:92.729
[170,   700] loss: 0.196 accuracy:92.712
test_accuracy is 81.580 after epochs 169

Epoch: 170
[171,   100] loss: 0.208 accuracy:92.078
[171,   200] loss: 0.208 accuracy:92.164
[171,   300] loss: 0.204 accuracy:92.333
[171,   400] loss: 0.202 accuracy:92.441
[171,   500] loss: 0.200 accuracy:92.541
[171,   600] loss: 0.200 accuracy:92.542
[171,   700] loss: 0.199 accuracy:92.638
test_accuracy is 79.940 after epochs 170

Epoch: 171
[172,   100] loss: 0.192 accuracy:93.156
[172,   200] loss: 0.193 accuracy:92.930
[172,   300] loss: 0.196 accuracy:92.740
[172,   400] loss: 0.196 accuracy:92.742
[172,   500] loss: 0.198 accuracy:92.603
[172,   600] loss: 0.197 accuracy:92.677
[172,   700] loss: 0.196 accuracy:92.730
test_accuracy is 79.700 after epochs 171

Epoch: 172
[173,   100] loss: 0.189 accuracy:93.172
[173,   200] loss: 0.190 accuracy:93.125
[173,   300] loss: 0.189 accuracy:93.219
[173,   400] loss: 0.188 accuracy:93.203
[173,   500] loss: 0.188 accuracy:93.166
[173,   600] loss: 0.188 accuracy:93.182
[173,   700] loss: 0.189 accuracy:93.109
test_accuracy is 82.730 after epochs 172

Epoch: 173
[174,   100] loss: 0.192 accuracy:93.094
[174,   200] loss: 0.195 accuracy:92.961
[174,   300] loss: 0.200 accuracy:92.651
[174,   400] loss: 0.199 accuracy:92.637
[174,   500] loss: 0.202 accuracy:92.556
[174,   600] loss: 0.200 accuracy:92.628
[174,   700] loss: 0.198 accuracy:92.681
test_accuracy is 81.450 after epochs 173

Epoch: 174
[175,   100] loss: 0.186 accuracy:93.234
[175,   200] loss: 0.187 accuracy:93.266
[175,   300] loss: 0.190 accuracy:93.177
[175,   400] loss: 0.192 accuracy:93.020
[175,   500] loss: 0.192 accuracy:92.950
[175,   600] loss: 0.193 accuracy:92.914
[175,   700] loss: 0.192 accuracy:92.975
test_accuracy is 82.090 after epochs 174

Epoch: 175
[176,   100] loss: 0.197 accuracy:92.766
[176,   200] loss: 0.195 accuracy:93.031
[176,   300] loss: 0.196 accuracy:92.984
[176,   400] loss: 0.198 accuracy:92.867
[176,   500] loss: 0.196 accuracy:92.859
[176,   600] loss: 0.195 accuracy:92.927
[176,   700] loss: 0.195 accuracy:92.884
test_accuracy is 83.100 after epochs 175

Epoch: 176
[177,   100] loss: 0.192 accuracy:92.938
[177,   200] loss: 0.192 accuracy:92.836
[177,   300] loss: 0.197 accuracy:92.693
[177,   400] loss: 0.201 accuracy:92.520
[177,   500] loss: 0.200 accuracy:92.628
[177,   600] loss: 0.200 accuracy:92.685
[177,   700] loss: 0.200 accuracy:92.670
test_accuracy is 82.100 after epochs 176

Epoch: 177
[178,   100] loss: 0.204 accuracy:92.500
[178,   200] loss: 0.201 accuracy:92.445
[178,   300] loss: 0.198 accuracy:92.531
[178,   400] loss: 0.195 accuracy:92.664
[178,   500] loss: 0.191 accuracy:92.844
[178,   600] loss: 0.191 accuracy:92.891
[178,   700] loss: 0.192 accuracy:92.817
test_accuracy is 81.760 after epochs 177

Epoch: 178
[179,   100] loss: 0.207 accuracy:92.516
[179,   200] loss: 0.198 accuracy:92.805
[179,   300] loss: 0.196 accuracy:92.854
[179,   400] loss: 0.195 accuracy:92.910
[179,   500] loss: 0.194 accuracy:92.891
[179,   600] loss: 0.193 accuracy:92.992
[179,   700] loss: 0.194 accuracy:92.933
test_accuracy is 81.300 after epochs 178

Epoch: 179
[180,   100] loss: 0.192 accuracy:93.094
[180,   200] loss: 0.188 accuracy:93.156
[180,   300] loss: 0.190 accuracy:92.974
[180,   400] loss: 0.189 accuracy:93.141
[180,   500] loss: 0.186 accuracy:93.300
[180,   600] loss: 0.186 accuracy:93.268
[180,   700] loss: 0.187 accuracy:93.230
test_accuracy is 81.910 after epochs 179

Epoch: 180
[181,   100] loss: 0.194 accuracy:92.625
[181,   200] loss: 0.193 accuracy:92.820
[181,   300] loss: 0.194 accuracy:92.875
[181,   400] loss: 0.194 accuracy:92.906
[181,   500] loss: 0.193 accuracy:92.894
[181,   600] loss: 0.192 accuracy:92.969
[181,   700] loss: 0.190 accuracy:93.027
test_accuracy is 81.490 after epochs 180

Epoch: 181
[182,   100] loss: 0.182 accuracy:93.125
[182,   200] loss: 0.181 accuracy:93.320
[182,   300] loss: 0.182 accuracy:93.286
[182,   400] loss: 0.183 accuracy:93.258
[182,   500] loss: 0.186 accuracy:93.209
[182,   600] loss: 0.186 accuracy:93.201
[182,   700] loss: 0.188 accuracy:93.109
test_accuracy is 81.300 after epochs 181

Epoch: 182
[183,   100] loss: 0.188 accuracy:93.188
[183,   200] loss: 0.189 accuracy:93.102
[183,   300] loss: 0.190 accuracy:93.057
[183,   400] loss: 0.190 accuracy:93.055
[183,   500] loss: 0.189 accuracy:93.056
[183,   600] loss: 0.190 accuracy:93.016
[183,   700] loss: 0.188 accuracy:93.076
test_accuracy is 82.860 after epochs 182

Epoch: 183
[184,   100] loss: 0.191 accuracy:93.250
[184,   200] loss: 0.189 accuracy:93.148
[184,   300] loss: 0.192 accuracy:92.911
[184,   400] loss: 0.191 accuracy:93.008
[184,   500] loss: 0.192 accuracy:92.978
[184,   600] loss: 0.192 accuracy:92.969
[184,   700] loss: 0.190 accuracy:93.058
test_accuracy is 81.910 after epochs 183

Epoch: 184
[185,   100] loss: 0.193 accuracy:92.828
[185,   200] loss: 0.189 accuracy:93.141
[185,   300] loss: 0.187 accuracy:93.177
[185,   400] loss: 0.191 accuracy:93.004
[185,   500] loss: 0.189 accuracy:93.122
[185,   600] loss: 0.190 accuracy:93.065
[185,   700] loss: 0.190 accuracy:93.065
test_accuracy is 81.750 after epochs 184

Epoch: 185
[186,   100] loss: 0.202 accuracy:92.266
[186,   200] loss: 0.194 accuracy:92.578
[186,   300] loss: 0.195 accuracy:92.646
[186,   400] loss: 0.193 accuracy:92.691
[186,   500] loss: 0.193 accuracy:92.763
[186,   600] loss: 0.193 accuracy:92.779
[186,   700] loss: 0.192 accuracy:92.830
test_accuracy is 80.540 after epochs 185

Epoch: 186
[187,   100] loss: 0.189 accuracy:93.328
[187,   200] loss: 0.190 accuracy:93.133
[187,   300] loss: 0.192 accuracy:93.021
[187,   400] loss: 0.192 accuracy:93.070
[187,   500] loss: 0.191 accuracy:93.131
[187,   600] loss: 0.191 accuracy:93.120
[187,   700] loss: 0.191 accuracy:93.076
test_accuracy is 81.280 after epochs 186

Epoch: 187
[188,   100] loss: 0.190 accuracy:93.297
[188,   200] loss: 0.194 accuracy:92.906
[188,   300] loss: 0.192 accuracy:92.974
[188,   400] loss: 0.192 accuracy:92.852
[188,   500] loss: 0.193 accuracy:92.841
[188,   600] loss: 0.193 accuracy:92.880
[188,   700] loss: 0.191 accuracy:92.920
test_accuracy is 81.460 after epochs 187

Epoch: 188
[189,   100] loss: 0.196 accuracy:93.000
[189,   200] loss: 0.196 accuracy:92.828
[189,   300] loss: 0.195 accuracy:92.833
[189,   400] loss: 0.191 accuracy:93.012
[189,   500] loss: 0.190 accuracy:93.050
[189,   600] loss: 0.189 accuracy:93.083
[189,   700] loss: 0.189 accuracy:93.054
test_accuracy is 81.620 after epochs 188

Epoch: 189
[190,   100] loss: 0.191 accuracy:93.203
[190,   200] loss: 0.190 accuracy:93.039
[190,   300] loss: 0.190 accuracy:93.057
[190,   400] loss: 0.190 accuracy:92.941
[190,   500] loss: 0.190 accuracy:92.994
[190,   600] loss: 0.189 accuracy:93.034
[190,   700] loss: 0.189 accuracy:93.038
test_accuracy is 81.430 after epochs 189

Epoch: 190
[191,   100] loss: 0.187 accuracy:93.297
[191,   200] loss: 0.190 accuracy:93.055
[191,   300] loss: 0.187 accuracy:93.161
[191,   400] loss: 0.188 accuracy:93.129
[191,   500] loss: 0.187 accuracy:93.178
[191,   600] loss: 0.188 accuracy:93.203
[191,   700] loss: 0.188 accuracy:93.134
test_accuracy is 81.880 after epochs 190

Epoch: 191
[192,   100] loss: 0.191 accuracy:92.625
[192,   200] loss: 0.191 accuracy:92.773
[192,   300] loss: 0.192 accuracy:92.854
[192,   400] loss: 0.191 accuracy:92.906
[192,   500] loss: 0.192 accuracy:92.912
[192,   600] loss: 0.190 accuracy:92.995
[192,   700] loss: 0.190 accuracy:93.002
test_accuracy is 82.130 after epochs 191

Epoch: 192
[193,   100] loss: 0.191 accuracy:93.297
[193,   200] loss: 0.181 accuracy:93.680
[193,   300] loss: 0.181 accuracy:93.583
[193,   400] loss: 0.183 accuracy:93.438
[193,   500] loss: 0.185 accuracy:93.269
[193,   600] loss: 0.185 accuracy:93.247
[193,   700] loss: 0.184 accuracy:93.337
test_accuracy is 81.330 after epochs 192

Epoch: 193
[194,   100] loss: 0.193 accuracy:92.703
[194,   200] loss: 0.189 accuracy:93.039
[194,   300] loss: 0.188 accuracy:93.068
[194,   400] loss: 0.188 accuracy:93.172
[194,   500] loss: 0.185 accuracy:93.278
[194,   600] loss: 0.185 accuracy:93.263
[194,   700] loss: 0.184 accuracy:93.324
test_accuracy is 81.040 after epochs 193

Epoch: 194
[195,   100] loss: 0.178 accuracy:93.531
[195,   200] loss: 0.186 accuracy:93.273
[195,   300] loss: 0.187 accuracy:93.245
[195,   400] loss: 0.188 accuracy:93.184
[195,   500] loss: 0.188 accuracy:93.191
[195,   600] loss: 0.187 accuracy:93.247
[195,   700] loss: 0.188 accuracy:93.179
test_accuracy is 81.780 after epochs 194

Epoch: 195
[196,   100] loss: 0.180 accuracy:93.297
[196,   200] loss: 0.187 accuracy:92.992
[196,   300] loss: 0.186 accuracy:93.193
[196,   400] loss: 0.187 accuracy:93.156
[196,   500] loss: 0.188 accuracy:93.094
[196,   600] loss: 0.188 accuracy:93.068
[196,   700] loss: 0.188 accuracy:93.092
test_accuracy is 82.600 after epochs 195

Epoch: 196
[197,   100] loss: 0.183 accuracy:93.500
[197,   200] loss: 0.186 accuracy:93.273
[197,   300] loss: 0.189 accuracy:93.078
[197,   400] loss: 0.188 accuracy:93.078
[197,   500] loss: 0.187 accuracy:93.141
[197,   600] loss: 0.186 accuracy:93.167
[197,   700] loss: 0.186 accuracy:93.143
test_accuracy is 81.000 after epochs 196

Epoch: 197
[198,   100] loss: 0.188 accuracy:93.438
[198,   200] loss: 0.188 accuracy:93.172
[198,   300] loss: 0.189 accuracy:93.104
[198,   400] loss: 0.191 accuracy:93.000
[198,   500] loss: 0.190 accuracy:93.022
[198,   600] loss: 0.191 accuracy:92.984
[198,   700] loss: 0.190 accuracy:93.049
test_accuracy is 81.580 after epochs 197

Epoch: 198
[199,   100] loss: 0.182 accuracy:93.516
[199,   200] loss: 0.187 accuracy:93.344
[199,   300] loss: 0.189 accuracy:93.198
[199,   400] loss: 0.192 accuracy:93.043
[199,   500] loss: 0.190 accuracy:93.159
[199,   600] loss: 0.190 accuracy:93.104
[199,   700] loss: 0.189 accuracy:93.152
test_accuracy is 81.190 after epochs 198

Epoch: 199
[200,   100] loss: 0.186 accuracy:93.078
[200,   200] loss: 0.183 accuracy:93.250
[200,   300] loss: 0.189 accuracy:93.016
[200,   400] loss: 0.189 accuracy:93.062
[200,   500] loss: 0.189 accuracy:93.019
[200,   600] loss: 0.190 accuracy:92.987
[200,   700] loss: 0.189 accuracy:93.000
test_accuracy is 81.150 after epochs 199
