000 (9126475.008.000) 02/11 02:35:28 Job submitted from host: <10.15.2.1:9618?PrivAddr=%3c172.22.0.101:9618%3fsock%3d2293896_6fb7_6%3e&PrivNet=internal.cluster.is.localnet&addrs=10.15.2.1-9618&noUDP&sock=2293896_6fb7_6>
...
001 (9126475.008.000) 02/11 02:37:48 Job executing on host: <172.22.2.62:9618?addrs=172.22.2.62-9618&noUDP&sock=22745_c1b2_3>
...
006 (9126475.008.000) 02/11 02:37:59 Image size of job updated: 148048
	83  -  MemoryUsage of job (MB)
	84952  -  ResidentSetSize of job (KB)
...
006 (9126475.008.000) 02/11 02:43:00 Image size of job updated: 2374672
	2055  -  MemoryUsage of job (MB)
	2104204  -  ResidentSetSize of job (KB)
...
006 (9126475.008.000) 02/11 02:48:00 Image size of job updated: 2376744
	2057  -  MemoryUsage of job (MB)
	2106276  -  ResidentSetSize of job (KB)
...
006 (9126475.008.000) 02/11 02:53:00 Image size of job updated: 2376772
	2057  -  MemoryUsage of job (MB)
	2106304  -  ResidentSetSize of job (KB)
...
006 (9126475.008.000) 02/11 03:43:05 Image size of job updated: 2376772
	2059  -  MemoryUsage of job (MB)
	2107480  -  ResidentSetSize of job (KB)
...
005 (9126475.008.000) 02/11 05:25:55 Job terminated.
	(1) Normal termination (return value 0)
		Usr 0 02:40:40, Sys 0 00:05:41  -  Run Remote Usage
		Usr 0 00:00:00, Sys 0 00:00:00  -  Run Local Usage
		Usr 0 02:40:40, Sys 0 00:05:41  -  Total Remote Usage
		Usr 0 00:00:00, Sys 0 00:00:00  -  Total Local Usage
	0  -  Run Bytes Sent By Job
	0  -  Run Bytes Received By Job
	0  -  Total Bytes Sent By Job
	0  -  Total Bytes Received By Job
	Partitionable Resources :    Usage  Request Allocated Assigned
	   Cpus                 :     1.00        1         1 
	   Disk (KB)            :     2           2    853458 
	   Gpus                 :                 1         1 "CUDA5"
	   Memory (MB)          :  2059       48000     48000 
...
