000 (9126475.006.000) 02/11 02:35:28 Job submitted from host: <10.15.2.1:9618?PrivAddr=%3c172.22.0.101:9618%3fsock%3d2293896_6fb7_6%3e&PrivNet=internal.cluster.is.localnet&addrs=10.15.2.1-9618&noUDP&sock=2293896_6fb7_6>
...
001 (9126475.006.000) 02/11 02:37:20 Job executing on host: <172.22.2.40:9618?addrs=172.22.2.40-9618&noUDP&sock=30316_d538_3>
...
006 (9126475.006.000) 02/11 02:37:29 Image size of job updated: 2098320
	2032  -  MemoryUsage of job (MB)
	2080764  -  ResidentSetSize of job (KB)
...
006 (9126475.006.000) 02/11 02:42:29 Image size of job updated: 2123756
	2056  -  MemoryUsage of job (MB)
	2105276  -  ResidentSetSize of job (KB)
...
006 (9126475.006.000) 02/11 02:47:29 Image size of job updated: 2123756
	2057  -  MemoryUsage of job (MB)
	2105388  -  ResidentSetSize of job (KB)
...
006 (9126475.006.000) 02/11 03:17:33 Image size of job updated: 2125344
	2058  -  MemoryUsage of job (MB)
	2106864  -  ResidentSetSize of job (KB)
...
006 (9126475.006.000) 02/11 03:57:36 Image size of job updated: 2126272
	2058  -  MemoryUsage of job (MB)
	2106864  -  ResidentSetSize of job (KB)
...
006 (9126475.006.000) 02/11 04:07:37 Image size of job updated: 2126424
	2058  -  MemoryUsage of job (MB)
	2106864  -  ResidentSetSize of job (KB)
...
006 (9126475.006.000) 02/11 04:17:38 Image size of job updated: 2127284
	2058  -  MemoryUsage of job (MB)
	2106864  -  ResidentSetSize of job (KB)
...
006 (9126475.006.000) 02/11 04:42:41 Image size of job updated: 2127488
	2058  -  MemoryUsage of job (MB)
	2106864  -  ResidentSetSize of job (KB)
...
006 (9126475.006.000) 02/11 04:47:42 Image size of job updated: 2128512
	2058  -  MemoryUsage of job (MB)
	2106864  -  ResidentSetSize of job (KB)
...
006 (9126475.006.000) 02/11 04:57:42 Image size of job updated: 2128844
	2058  -  MemoryUsage of job (MB)
	2106864  -  ResidentSetSize of job (KB)
...
005 (9126475.006.000) 02/11 05:18:42 Job terminated.
	(1) Normal termination (return value 0)
		Usr 0 02:36:07, Sys 0 00:04:52  -  Run Remote Usage
		Usr 0 00:00:00, Sys 0 00:00:00  -  Run Local Usage
		Usr 0 02:36:07, Sys 0 00:04:52  -  Total Remote Usage
		Usr 0 00:00:00, Sys 0 00:00:00  -  Total Local Usage
	0  -  Run Bytes Sent By Job
	0  -  Run Bytes Received By Job
	0  -  Total Bytes Sent By Job
	0  -  Total Bytes Received By Job
	Partitionable Resources :    Usage  Request Allocated Assigned
	   Cpus                 :     1.00        1         1 
	   Disk (KB)            :     2           2    853458 
	   Gpus                 :                 1         1 "CUDA5"
	   Memory (MB)          :  2058       48000     48000 
...
