HXLN_LN_LSTM-default-data-Triangle-version-0-num_layers-4-num_templates-4-dropout-0.1-epochs-200-patch_size-4-num_heads-4-batch_size-64-lr-0.0001-256-512-2-2-True-6-False-False-10-False-8-False-2
transformer embed_dim 256
functional? False
total heads 4
head dim 64
use topk?False
topk:10
flmklsd
total heads 4
head dim 64
use topk?False
topk:10
flmklsd
total heads 4
head dim 64
use topk?False
topk:10
flmklsd
total heads 4
head dim 64
use topk?False
topk:10
flmklsd
Total number of parameters:2267652

Epoch: 0
[1,   100] loss: 0.715 accuracy:50.156
[1,   200] loss: 0.710 accuracy:49.609
[1,   300] loss: 0.707 accuracy:49.911
[1,   400] loss: 0.705 accuracy:49.988
[1,   500] loss: 0.704 accuracy:50.103
[1,   600] loss: 0.703 accuracy:50.130
[1,   700] loss: 0.702 accuracy:50.221
test_accuracy is 49.630 after epochs 0
Saving..

Epoch: 1
[2,   100] loss: 0.701 accuracy:50.844
[2,   200] loss: 0.699 accuracy:50.430
[2,   300] loss: 0.698 accuracy:50.615
[2,   400] loss: 0.698 accuracy:50.742
[2,   500] loss: 0.698 accuracy:50.688
[2,   600] loss: 0.698 accuracy:50.578
[2,   700] loss: 0.698 accuracy:50.516
test_accuracy is 49.580 after epochs 1

Epoch: 2
[3,   100] loss: 0.697 accuracy:49.953
[3,   200] loss: 0.697 accuracy:49.914
[3,   300] loss: 0.698 accuracy:49.781
[3,   400] loss: 0.697 accuracy:49.805
[3,   500] loss: 0.697 accuracy:49.925
[3,   600] loss: 0.698 accuracy:49.984
[3,   700] loss: 0.697 accuracy:50.069
test_accuracy is 50.400 after epochs 2
Saving..

Epoch: 3
[4,   100] loss: 0.696 accuracy:50.250
[4,   200] loss: 0.697 accuracy:50.336
[4,   300] loss: 0.697 accuracy:50.052
[4,   400] loss: 0.696 accuracy:50.254
[4,   500] loss: 0.696 accuracy:50.256
[4,   600] loss: 0.696 accuracy:50.260
[4,   700] loss: 0.696 accuracy:50.268
test_accuracy is 50.100 after epochs 3

Epoch: 4
[5,   100] loss: 0.695 accuracy:50.438
[5,   200] loss: 0.695 accuracy:49.812
[5,   300] loss: 0.695 accuracy:49.807
[5,   400] loss: 0.696 accuracy:49.852
[5,   500] loss: 0.696 accuracy:49.850
[5,   600] loss: 0.695 accuracy:49.919
[5,   700] loss: 0.695 accuracy:50.047
test_accuracy is 49.740 after epochs 4

Epoch: 5
[6,   100] loss: 0.695 accuracy:50.906
[6,   200] loss: 0.695 accuracy:50.500
[6,   300] loss: 0.695 accuracy:50.161
[6,   400] loss: 0.695 accuracy:50.113
[6,   500] loss: 0.695 accuracy:50.097
[6,   600] loss: 0.695 accuracy:49.938
[6,   700] loss: 0.695 accuracy:49.938
test_accuracy is 49.790 after epochs 5

Epoch: 6
[7,   100] loss: 0.694 accuracy:50.125
[7,   200] loss: 0.694 accuracy:50.773
[7,   300] loss: 0.695 accuracy:50.328
[7,   400] loss: 0.695 accuracy:50.086
[7,   500] loss: 0.695 accuracy:50.159
[7,   600] loss: 0.695 accuracy:50.174
[7,   700] loss: 0.695 accuracy:50.382
test_accuracy is 54.240 after epochs 6
Saving..

Epoch: 7
[8,   100] loss: 0.694 accuracy:50.312
[8,   200] loss: 0.694 accuracy:50.438
[8,   300] loss: 0.695 accuracy:50.677
[8,   400] loss: 0.694 accuracy:51.035
[8,   500] loss: 0.694 accuracy:51.122
[8,   600] loss: 0.693 accuracy:51.401
[8,   700] loss: 0.693 accuracy:51.685
test_accuracy is 50.010 after epochs 7

Epoch: 8
[9,   100] loss: 0.692 accuracy:52.594
[9,   200] loss: 0.693 accuracy:52.258
[9,   300] loss: 0.691 accuracy:53.099
[9,   400] loss: 0.689 accuracy:53.766
[9,   500] loss: 0.688 accuracy:53.981
[9,   600] loss: 0.688 accuracy:54.331
[9,   700] loss: 0.687 accuracy:54.362
test_accuracy is 56.540 after epochs 8
Saving..

Epoch: 9
[10,   100] loss: 0.685 accuracy:56.172
[10,   200] loss: 0.685 accuracy:55.633
[10,   300] loss: 0.685 accuracy:55.391
[10,   400] loss: 0.685 accuracy:55.176
[10,   500] loss: 0.684 accuracy:55.359
[10,   600] loss: 0.685 accuracy:55.229
[10,   700] loss: 0.685 accuracy:55.261
test_accuracy is 53.850 after epochs 9

Epoch: 10
[11,   100] loss: 0.684 accuracy:55.234
[11,   200] loss: 0.685 accuracy:55.195
[11,   300] loss: 0.686 accuracy:54.698
[11,   400] loss: 0.685 accuracy:55.102
[11,   500] loss: 0.685 accuracy:55.059
[11,   600] loss: 0.684 accuracy:55.198
[11,   700] loss: 0.684 accuracy:55.127
test_accuracy is 56.660 after epochs 10
Saving..

Epoch: 11
[12,   100] loss: 0.685 accuracy:54.969
[12,   200] loss: 0.685 accuracy:55.359
[12,   300] loss: 0.684 accuracy:55.516
[12,   400] loss: 0.684 accuracy:55.473
[12,   500] loss: 0.684 accuracy:55.784
[12,   600] loss: 0.683 accuracy:55.792
[12,   700] loss: 0.683 accuracy:55.792
test_accuracy is 53.540 after epochs 11

Epoch: 12
[13,   100] loss: 0.686 accuracy:54.391
[13,   200] loss: 0.685 accuracy:54.836
[13,   300] loss: 0.684 accuracy:55.297
[13,   400] loss: 0.684 accuracy:54.988
[13,   500] loss: 0.683 accuracy:55.459
[13,   600] loss: 0.683 accuracy:55.495
[13,   700] loss: 0.683 accuracy:55.502
test_accuracy is 54.950 after epochs 12

Epoch: 13
[14,   100] loss: 0.686 accuracy:55.328
[14,   200] loss: 0.683 accuracy:55.711
[14,   300] loss: 0.682 accuracy:55.995
[14,   400] loss: 0.682 accuracy:56.062
[14,   500] loss: 0.682 accuracy:55.875
[14,   600] loss: 0.682 accuracy:56.086
[14,   700] loss: 0.682 accuracy:56.078
test_accuracy is 56.730 after epochs 13
Saving..

Epoch: 14
[15,   100] loss: 0.681 accuracy:55.875
[15,   200] loss: 0.680 accuracy:56.484
[15,   300] loss: 0.679 accuracy:56.698
[15,   400] loss: 0.680 accuracy:56.672
[15,   500] loss: 0.680 accuracy:56.653
[15,   600] loss: 0.680 accuracy:56.589
[15,   700] loss: 0.680 accuracy:56.449
test_accuracy is 58.040 after epochs 14
Saving..

Epoch: 15
[16,   100] loss: 0.681 accuracy:56.047
[16,   200] loss: 0.680 accuracy:56.367
[16,   300] loss: 0.680 accuracy:56.417
[16,   400] loss: 0.680 accuracy:56.355
[16,   500] loss: 0.681 accuracy:56.228
[16,   600] loss: 0.681 accuracy:56.154
[16,   700] loss: 0.681 accuracy:56.234
test_accuracy is 56.600 after epochs 15

Epoch: 16
[17,   100] loss: 0.685 accuracy:55.781
[17,   200] loss: 0.683 accuracy:56.000
[17,   300] loss: 0.682 accuracy:55.932
[17,   400] loss: 0.682 accuracy:56.145
[17,   500] loss: 0.681 accuracy:56.316
[17,   600] loss: 0.680 accuracy:56.336
[17,   700] loss: 0.681 accuracy:56.357
test_accuracy is 55.330 after epochs 16

Epoch: 17
[18,   100] loss: 0.683 accuracy:55.828
[18,   200] loss: 0.682 accuracy:56.188
[18,   300] loss: 0.681 accuracy:56.276
[18,   400] loss: 0.681 accuracy:56.309
[18,   500] loss: 0.681 accuracy:56.347
[18,   600] loss: 0.681 accuracy:56.263
[18,   700] loss: 0.681 accuracy:56.179
test_accuracy is 56.590 after epochs 17

Epoch: 18
[19,   100] loss: 0.678 accuracy:56.922
[19,   200] loss: 0.682 accuracy:56.398
[19,   300] loss: 0.681 accuracy:56.385
[19,   400] loss: 0.682 accuracy:56.188
[19,   500] loss: 0.681 accuracy:56.453
[19,   600] loss: 0.680 accuracy:56.529
[19,   700] loss: 0.680 accuracy:56.540
test_accuracy is 57.090 after epochs 18

Epoch: 19
[20,   100] loss: 0.678 accuracy:56.500
[20,   200] loss: 0.679 accuracy:56.516
[20,   300] loss: 0.678 accuracy:56.792
[20,   400] loss: 0.678 accuracy:56.738
[20,   500] loss: 0.679 accuracy:56.506
[20,   600] loss: 0.679 accuracy:56.625
[20,   700] loss: 0.678 accuracy:56.757
test_accuracy is 56.890 after epochs 19

Epoch: 20
[21,   100] loss: 0.678 accuracy:57.219
[21,   200] loss: 0.676 accuracy:57.398
[21,   300] loss: 0.676 accuracy:57.130
[21,   400] loss: 0.677 accuracy:56.953
[21,   500] loss: 0.677 accuracy:56.959
[21,   600] loss: 0.675 accuracy:57.112
[21,   700] loss: 0.675 accuracy:57.125
test_accuracy is 58.120 after epochs 20
Saving..

Epoch: 21
[22,   100] loss: 0.676 accuracy:57.125
[22,   200] loss: 0.677 accuracy:56.633
[22,   300] loss: 0.678 accuracy:56.615
[22,   400] loss: 0.678 accuracy:56.332
[22,   500] loss: 0.677 accuracy:56.694
[22,   600] loss: 0.677 accuracy:56.648
[22,   700] loss: 0.676 accuracy:56.826
test_accuracy is 57.280 after epochs 21

Epoch: 22
[23,   100] loss: 0.667 accuracy:58.047
[23,   200] loss: 0.668 accuracy:57.914
[23,   300] loss: 0.670 accuracy:57.740
[23,   400] loss: 0.671 accuracy:57.410
[23,   500] loss: 0.671 accuracy:57.663
[23,   600] loss: 0.671 accuracy:57.643
[23,   700] loss: 0.672 accuracy:57.587
test_accuracy is 55.030 after epochs 22

Epoch: 23
[24,   100] loss: 0.675 accuracy:56.453
[24,   200] loss: 0.673 accuracy:57.281
[24,   300] loss: 0.672 accuracy:57.490
[24,   400] loss: 0.671 accuracy:57.590
[24,   500] loss: 0.671 accuracy:57.691
[24,   600] loss: 0.671 accuracy:57.674
[24,   700] loss: 0.670 accuracy:57.770
test_accuracy is 57.510 after epochs 23

Epoch: 24
[25,   100] loss: 0.670 accuracy:58.094
[25,   200] loss: 0.669 accuracy:58.367
[25,   300] loss: 0.670 accuracy:58.078
[25,   400] loss: 0.670 accuracy:57.926
[25,   500] loss: 0.670 accuracy:57.700
[25,   600] loss: 0.671 accuracy:57.562
[25,   700] loss: 0.671 accuracy:57.531
test_accuracy is 56.570 after epochs 24

Epoch: 25
[26,   100] loss: 0.667 accuracy:58.906
[26,   200] loss: 0.669 accuracy:58.336
[26,   300] loss: 0.670 accuracy:58.005
[26,   400] loss: 0.671 accuracy:57.816
[26,   500] loss: 0.669 accuracy:58.000
[26,   600] loss: 0.670 accuracy:57.945
[26,   700] loss: 0.669 accuracy:57.944
test_accuracy is 55.910 after epochs 25

Epoch: 26
[27,   100] loss: 0.671 accuracy:57.359
[27,   200] loss: 0.668 accuracy:57.781
[27,   300] loss: 0.667 accuracy:57.964
[27,   400] loss: 0.667 accuracy:57.910
[27,   500] loss: 0.666 accuracy:58.056
[27,   600] loss: 0.667 accuracy:57.974
[27,   700] loss: 0.667 accuracy:58.022
test_accuracy is 59.190 after epochs 26
Saving..

Epoch: 27
[28,   100] loss: 0.670 accuracy:58.578
[28,   200] loss: 0.666 accuracy:59.148
[28,   300] loss: 0.665 accuracy:58.906
[28,   400] loss: 0.666 accuracy:58.723
[28,   500] loss: 0.666 accuracy:58.819
[28,   600] loss: 0.665 accuracy:58.810
[28,   700] loss: 0.665 accuracy:58.712
test_accuracy is 57.180 after epochs 27

Epoch: 28
[29,   100] loss: 0.665 accuracy:58.797
[29,   200] loss: 0.666 accuracy:58.523
[29,   300] loss: 0.666 accuracy:58.672
[29,   400] loss: 0.665 accuracy:58.762
[29,   500] loss: 0.664 accuracy:58.809
[29,   600] loss: 0.663 accuracy:58.971
[29,   700] loss: 0.664 accuracy:58.946
test_accuracy is 60.540 after epochs 28
Saving..

Epoch: 29
[30,   100] loss: 0.661 accuracy:59.719
[30,   200] loss: 0.661 accuracy:59.914
[30,   300] loss: 0.660 accuracy:59.974
[30,   400] loss: 0.660 accuracy:59.863
[30,   500] loss: 0.660 accuracy:60.038
[30,   600] loss: 0.660 accuracy:60.070
[30,   700] loss: 0.660 accuracy:60.138
test_accuracy is 60.530 after epochs 29

Epoch: 30
[31,   100] loss: 0.660 accuracy:59.438
[31,   200] loss: 0.659 accuracy:59.953
[31,   300] loss: 0.659 accuracy:59.885
[31,   400] loss: 0.658 accuracy:60.086
[31,   500] loss: 0.658 accuracy:60.203
[31,   600] loss: 0.658 accuracy:60.185
[31,   700] loss: 0.658 accuracy:60.074
test_accuracy is 61.140 after epochs 30
Saving..

Epoch: 31
[32,   100] loss: 0.655 accuracy:61.109
[32,   200] loss: 0.657 accuracy:61.352
[32,   300] loss: 0.657 accuracy:60.906
[32,   400] loss: 0.658 accuracy:60.539
[32,   500] loss: 0.659 accuracy:60.334
[32,   600] loss: 0.658 accuracy:60.424
[32,   700] loss: 0.658 accuracy:60.208
test_accuracy is 60.330 after epochs 31

Epoch: 32
[33,   100] loss: 0.656 accuracy:61.922
[33,   200] loss: 0.655 accuracy:61.492
[33,   300] loss: 0.657 accuracy:60.911
[33,   400] loss: 0.658 accuracy:60.449
[33,   500] loss: 0.657 accuracy:60.678
[33,   600] loss: 0.655 accuracy:60.799
[33,   700] loss: 0.656 accuracy:60.775
test_accuracy is 61.110 after epochs 32

Epoch: 33
[34,   100] loss: 0.655 accuracy:60.859
[34,   200] loss: 0.654 accuracy:61.008
[34,   300] loss: 0.656 accuracy:60.740
[34,   400] loss: 0.656 accuracy:60.703
[34,   500] loss: 0.656 accuracy:60.622
[34,   600] loss: 0.655 accuracy:60.716
[34,   700] loss: 0.655 accuracy:60.857
test_accuracy is 60.700 after epochs 33

Epoch: 34
[35,   100] loss: 0.655 accuracy:60.516
[35,   200] loss: 0.656 accuracy:60.625
[35,   300] loss: 0.655 accuracy:60.911
[35,   400] loss: 0.656 accuracy:60.672
[35,   500] loss: 0.656 accuracy:60.731
[35,   600] loss: 0.655 accuracy:60.865
[35,   700] loss: 0.655 accuracy:60.772
test_accuracy is 62.110 after epochs 34
Saving..

Epoch: 35
[36,   100] loss: 0.653 accuracy:60.891
[36,   200] loss: 0.655 accuracy:61.047
[36,   300] loss: 0.653 accuracy:61.068
[36,   400] loss: 0.654 accuracy:61.023
[36,   500] loss: 0.654 accuracy:61.038
[36,   600] loss: 0.653 accuracy:61.146
[36,   700] loss: 0.654 accuracy:60.951
test_accuracy is 61.820 after epochs 35

Epoch: 36
[37,   100] loss: 0.654 accuracy:60.719
[37,   200] loss: 0.653 accuracy:61.070
[37,   300] loss: 0.652 accuracy:61.031
[37,   400] loss: 0.651 accuracy:61.137
[37,   500] loss: 0.651 accuracy:61.153
[37,   600] loss: 0.651 accuracy:61.115
[37,   700] loss: 0.651 accuracy:61.150
test_accuracy is 60.780 after epochs 36

Epoch: 37
[38,   100] loss: 0.646 accuracy:61.703
[38,   200] loss: 0.649 accuracy:61.375
[38,   300] loss: 0.648 accuracy:61.490
[38,   400] loss: 0.648 accuracy:61.434
[38,   500] loss: 0.648 accuracy:61.609
[38,   600] loss: 0.648 accuracy:61.438
[38,   700] loss: 0.648 accuracy:61.431
test_accuracy is 62.870 after epochs 37
Saving..

Epoch: 38
[39,   100] loss: 0.650 accuracy:61.500
[39,   200] loss: 0.647 accuracy:61.539
[39,   300] loss: 0.645 accuracy:61.484
[39,   400] loss: 0.645 accuracy:61.602
[39,   500] loss: 0.644 accuracy:61.859
[39,   600] loss: 0.644 accuracy:61.734
[39,   700] loss: 0.644 accuracy:61.708
test_accuracy is 62.290 after epochs 38

Epoch: 39
[40,   100] loss: 0.629 accuracy:63.484
[40,   200] loss: 0.629 accuracy:63.695
[40,   300] loss: 0.633 accuracy:62.964
[40,   400] loss: 0.634 accuracy:62.668
[40,   500] loss: 0.631 accuracy:62.750
[40,   600] loss: 0.632 accuracy:62.724
[40,   700] loss: 0.630 accuracy:62.808
test_accuracy is 61.950 after epochs 39

Epoch: 40
[41,   100] loss: 0.637 accuracy:62.281
[41,   200] loss: 0.629 accuracy:63.180
[41,   300] loss: 0.625 accuracy:63.323
[41,   400] loss: 0.620 accuracy:63.645
[41,   500] loss: 0.623 accuracy:63.212
[41,   600] loss: 0.627 accuracy:62.977
[41,   700] loss: 0.629 accuracy:62.792
test_accuracy is 61.500 after epochs 40

Epoch: 41
[42,   100] loss: 0.643 accuracy:61.438
[42,   200] loss: 0.635 accuracy:62.414
[42,   300] loss: 0.629 accuracy:62.896
[42,   400] loss: 0.623 accuracy:63.402
[42,   500] loss: 0.622 accuracy:63.478
[42,   600] loss: 0.628 accuracy:62.724
[42,   700] loss: 0.630 accuracy:62.585
test_accuracy is 63.760 after epochs 41
Saving..

Epoch: 42
[43,   100] loss: 0.615 accuracy:63.719
[43,   200] loss: 0.617 accuracy:63.758
[43,   300] loss: 0.616 accuracy:63.818
[43,   400] loss: 0.613 accuracy:64.109
[43,   500] loss: 0.610 accuracy:64.369
[43,   600] loss: 0.612 accuracy:64.245
[43,   700] loss: 0.612 accuracy:64.252
test_accuracy is 66.120 after epochs 42
Saving..

Epoch: 43
[44,   100] loss: 0.603 accuracy:65.875
[44,   200] loss: 0.596 accuracy:66.516
[44,   300] loss: 0.596 accuracy:66.109
[44,   400] loss: 0.596 accuracy:66.047
[44,   500] loss: 0.595 accuracy:66.072
[44,   600] loss: 0.595 accuracy:66.052
[44,   700] loss: 0.595 accuracy:66.058
test_accuracy is 67.560 after epochs 43
Saving..

Epoch: 44
[45,   100] loss: 0.601 accuracy:66.453
[45,   200] loss: 0.595 accuracy:66.086
[45,   300] loss: 0.593 accuracy:66.380
[45,   400] loss: 0.592 accuracy:66.375
[45,   500] loss: 0.592 accuracy:66.519
[45,   600] loss: 0.591 accuracy:66.505
[45,   700] loss: 0.589 accuracy:66.672
test_accuracy is 68.670 after epochs 44
Saving..

Epoch: 45
[46,   100] loss: 0.573 accuracy:68.594
[46,   200] loss: 0.577 accuracy:68.000
[46,   300] loss: 0.577 accuracy:68.083
[46,   400] loss: 0.580 accuracy:67.602
[46,   500] loss: 0.578 accuracy:67.772
[46,   600] loss: 0.578 accuracy:67.742
[46,   700] loss: 0.576 accuracy:67.842
test_accuracy is 68.010 after epochs 45

Epoch: 46
[47,   100] loss: 0.567 accuracy:69.438
[47,   200] loss: 0.564 accuracy:69.062
[47,   300] loss: 0.563 accuracy:69.125
[47,   400] loss: 0.563 accuracy:69.086
[47,   500] loss: 0.561 accuracy:69.303
[47,   600] loss: 0.560 accuracy:69.289
[47,   700] loss: 0.561 accuracy:69.123
test_accuracy is 69.270 after epochs 46
Saving..

Epoch: 47
[48,   100] loss: 0.546 accuracy:70.250
[48,   200] loss: 0.541 accuracy:70.961
[48,   300] loss: 0.549 accuracy:70.172
[48,   400] loss: 0.547 accuracy:70.223
[48,   500] loss: 0.547 accuracy:70.312
[48,   600] loss: 0.548 accuracy:70.307
[48,   700] loss: 0.549 accuracy:70.373
test_accuracy is 73.320 after epochs 47
Saving..

Epoch: 48
[49,   100] loss: 0.532 accuracy:71.594
[49,   200] loss: 0.541 accuracy:70.961
[49,   300] loss: 0.541 accuracy:71.000
[49,   400] loss: 0.540 accuracy:71.098
[49,   500] loss: 0.541 accuracy:70.966
[49,   600] loss: 0.541 accuracy:71.010
[49,   700] loss: 0.540 accuracy:71.042
test_accuracy is 71.900 after epochs 48

Epoch: 49
[50,   100] loss: 0.540 accuracy:71.500
[50,   200] loss: 0.534 accuracy:71.820
[50,   300] loss: 0.533 accuracy:71.604
[50,   400] loss: 0.531 accuracy:71.816
[50,   500] loss: 0.530 accuracy:71.812
[50,   600] loss: 0.530 accuracy:71.883
[50,   700] loss: 0.529 accuracy:71.929
test_accuracy is 67.690 after epochs 49

Epoch: 50
[51,   100] loss: 0.518 accuracy:72.812
[51,   200] loss: 0.518 accuracy:72.711
[51,   300] loss: 0.517 accuracy:72.917
[51,   400] loss: 0.519 accuracy:72.750
[51,   500] loss: 0.515 accuracy:73.034
[51,   600] loss: 0.515 accuracy:72.974
[51,   700] loss: 0.512 accuracy:73.183
test_accuracy is 74.680 after epochs 50
Saving..

Epoch: 51
[52,   100] loss: 0.531 accuracy:71.250
[52,   200] loss: 0.519 accuracy:72.266
[52,   300] loss: 0.514 accuracy:72.833
[52,   400] loss: 0.510 accuracy:73.289
[52,   500] loss: 0.506 accuracy:73.659
[52,   600] loss: 0.504 accuracy:73.818
[52,   700] loss: 0.504 accuracy:73.783
test_accuracy is 73.710 after epochs 51

Epoch: 52
[53,   100] loss: 0.498 accuracy:74.609
[53,   200] loss: 0.498 accuracy:74.602
[53,   300] loss: 0.497 accuracy:74.630
[53,   400] loss: 0.497 accuracy:74.672
[53,   500] loss: 0.492 accuracy:75.134
[53,   600] loss: 0.493 accuracy:75.156
[53,   700] loss: 0.493 accuracy:75.161
test_accuracy is 73.430 after epochs 52

Epoch: 53
[54,   100] loss: 0.471 accuracy:76.453
[54,   200] loss: 0.478 accuracy:75.719
[54,   300] loss: 0.478 accuracy:75.844
[54,   400] loss: 0.480 accuracy:75.738
[54,   500] loss: 0.481 accuracy:75.631
[54,   600] loss: 0.480 accuracy:75.797
[54,   700] loss: 0.479 accuracy:75.859
test_accuracy is 74.720 after epochs 53
Saving..

Epoch: 54
[55,   100] loss: 0.463 accuracy:77.000
[55,   200] loss: 0.464 accuracy:77.164
[55,   300] loss: 0.464 accuracy:77.271
[55,   400] loss: 0.463 accuracy:77.328
[55,   500] loss: 0.460 accuracy:77.406
[55,   600] loss: 0.460 accuracy:77.341
[55,   700] loss: 0.461 accuracy:77.290
test_accuracy is 74.990 after epochs 54
Saving..

Epoch: 55
[56,   100] loss: 0.457 accuracy:77.078
[56,   200] loss: 0.463 accuracy:76.891
[56,   300] loss: 0.459 accuracy:77.094
[56,   400] loss: 0.454 accuracy:77.586
[56,   500] loss: 0.451 accuracy:77.787
[56,   600] loss: 0.454 accuracy:77.688
[56,   700] loss: 0.452 accuracy:77.792
test_accuracy is 76.890 after epochs 55
Saving..

Epoch: 56
[57,   100] loss: 0.450 accuracy:78.156
[57,   200] loss: 0.453 accuracy:78.195
[57,   300] loss: 0.446 accuracy:78.719
[57,   400] loss: 0.445 accuracy:78.664
[57,   500] loss: 0.447 accuracy:78.500
[57,   600] loss: 0.444 accuracy:78.695
[57,   700] loss: 0.443 accuracy:78.705
test_accuracy is 78.260 after epochs 56
Saving..

Epoch: 57
[58,   100] loss: 0.439 accuracy:79.406
[58,   200] loss: 0.436 accuracy:79.336
[58,   300] loss: 0.437 accuracy:79.203
[58,   400] loss: 0.438 accuracy:79.203
[58,   500] loss: 0.435 accuracy:79.384
[58,   600] loss: 0.436 accuracy:79.182
[58,   700] loss: 0.437 accuracy:79.163
test_accuracy is 78.830 after epochs 57
Saving..

Epoch: 58
[59,   100] loss: 0.446 accuracy:77.766
[59,   200] loss: 0.435 accuracy:78.664
[59,   300] loss: 0.443 accuracy:78.016
[59,   400] loss: 0.443 accuracy:78.246
[59,   500] loss: 0.439 accuracy:78.581
[59,   600] loss: 0.439 accuracy:78.622
[59,   700] loss: 0.437 accuracy:78.728
test_accuracy is 70.310 after epochs 58

Epoch: 59
[60,   100] loss: 0.435 accuracy:79.125
[60,   200] loss: 0.435 accuracy:79.469
[60,   300] loss: 0.431 accuracy:79.734
[60,   400] loss: 0.425 accuracy:79.824
[60,   500] loss: 0.426 accuracy:79.828
[60,   600] loss: 0.425 accuracy:79.888
[60,   700] loss: 0.426 accuracy:79.815
test_accuracy is 77.780 after epochs 59

Epoch: 60
[61,   100] loss: 0.430 accuracy:79.344
[61,   200] loss: 0.419 accuracy:80.227
[61,   300] loss: 0.419 accuracy:80.234
[61,   400] loss: 0.421 accuracy:80.039
[61,   500] loss: 0.420 accuracy:80.125
[61,   600] loss: 0.420 accuracy:80.047
[61,   700] loss: 0.419 accuracy:80.100
test_accuracy is 75.740 after epochs 60

Epoch: 61
[62,   100] loss: 0.422 accuracy:80.219
[62,   200] loss: 0.409 accuracy:80.930
[62,   300] loss: 0.419 accuracy:80.328
[62,   400] loss: 0.414 accuracy:80.520
[62,   500] loss: 0.412 accuracy:80.697
[62,   600] loss: 0.412 accuracy:80.622
[62,   700] loss: 0.412 accuracy:80.614
test_accuracy is 81.150 after epochs 61
Saving..

Epoch: 62
[63,   100] loss: 0.411 accuracy:80.406
[63,   200] loss: 0.410 accuracy:80.430
[63,   300] loss: 0.406 accuracy:80.823
[63,   400] loss: 0.409 accuracy:80.793
[63,   500] loss: 0.408 accuracy:80.925
[63,   600] loss: 0.408 accuracy:80.898
[63,   700] loss: 0.406 accuracy:80.980
test_accuracy is 80.090 after epochs 62

Epoch: 63
[64,   100] loss: 0.406 accuracy:80.594
[64,   200] loss: 0.408 accuracy:80.570
[64,   300] loss: 0.401 accuracy:81.109
[64,   400] loss: 0.404 accuracy:80.883
[64,   500] loss: 0.405 accuracy:80.969
[64,   600] loss: 0.406 accuracy:80.914
[64,   700] loss: 0.407 accuracy:80.906
test_accuracy is 71.680 after epochs 63

Epoch: 64
[65,   100] loss: 0.410 accuracy:81.094
[65,   200] loss: 0.400 accuracy:81.711
[65,   300] loss: 0.401 accuracy:81.562
[65,   400] loss: 0.400 accuracy:81.562
[65,   500] loss: 0.397 accuracy:81.888
[65,   600] loss: 0.396 accuracy:81.820
[65,   700] loss: 0.396 accuracy:81.886
test_accuracy is 75.070 after epochs 64

Epoch: 65
[66,   100] loss: 0.375 accuracy:82.984
[66,   200] loss: 0.379 accuracy:82.594
[66,   300] loss: 0.379 accuracy:82.521
[66,   400] loss: 0.383 accuracy:82.391
[66,   500] loss: 0.385 accuracy:82.287
[66,   600] loss: 0.387 accuracy:82.135
[66,   700] loss: 0.385 accuracy:82.275
test_accuracy is 79.660 after epochs 65

Epoch: 66
[67,   100] loss: 0.384 accuracy:83.016
[67,   200] loss: 0.390 accuracy:82.391
[67,   300] loss: 0.385 accuracy:82.453
[67,   400] loss: 0.390 accuracy:82.090
[67,   500] loss: 0.389 accuracy:82.066
[67,   600] loss: 0.392 accuracy:81.818
[67,   700] loss: 0.390 accuracy:81.982
test_accuracy is 79.700 after epochs 66

Epoch: 67
[68,   100] loss: 0.402 accuracy:81.344
[68,   200] loss: 0.397 accuracy:81.695
[68,   300] loss: 0.394 accuracy:82.146
[68,   400] loss: 0.390 accuracy:82.238
[68,   500] loss: 0.389 accuracy:82.188
[68,   600] loss: 0.390 accuracy:82.190
[68,   700] loss: 0.391 accuracy:82.138
test_accuracy is 78.980 after epochs 67

Epoch: 68
[69,   100] loss: 0.381 accuracy:82.797
[69,   200] loss: 0.377 accuracy:83.047
[69,   300] loss: 0.377 accuracy:82.885
[69,   400] loss: 0.381 accuracy:82.680
[69,   500] loss: 0.380 accuracy:82.672
[69,   600] loss: 0.383 accuracy:82.544
[69,   700] loss: 0.381 accuracy:82.674
test_accuracy is 76.220 after epochs 68

Epoch: 69
[70,   100] loss: 0.396 accuracy:81.797
[70,   200] loss: 0.394 accuracy:81.898
[70,   300] loss: 0.389 accuracy:82.328
[70,   400] loss: 0.387 accuracy:82.453
[70,   500] loss: 0.386 accuracy:82.444
[70,   600] loss: 0.387 accuracy:82.323
[70,   700] loss: 0.385 accuracy:82.420
test_accuracy is 80.260 after epochs 69

Epoch: 70
[71,   100] loss: 0.382 accuracy:83.016
[71,   200] loss: 0.376 accuracy:83.047
[71,   300] loss: 0.373 accuracy:83.359
[71,   400] loss: 0.373 accuracy:83.184
[71,   500] loss: 0.374 accuracy:83.072
[71,   600] loss: 0.373 accuracy:83.146
[71,   700] loss: 0.374 accuracy:83.145
test_accuracy is 77.850 after epochs 70

Epoch: 71
[72,   100] loss: 0.376 accuracy:82.938
[72,   200] loss: 0.367 accuracy:83.539
[72,   300] loss: 0.364 accuracy:83.651
[72,   400] loss: 0.363 accuracy:83.621
[72,   500] loss: 0.366 accuracy:83.559
[72,   600] loss: 0.363 accuracy:83.698
[72,   700] loss: 0.365 accuracy:83.531
test_accuracy is 84.650 after epochs 71
Saving..

Epoch: 72
[73,   100] loss: 0.362 accuracy:84.062
[73,   200] loss: 0.368 accuracy:83.641
[73,   300] loss: 0.367 accuracy:83.766
[73,   400] loss: 0.368 accuracy:83.676
[73,   500] loss: 0.364 accuracy:83.844
[73,   600] loss: 0.367 accuracy:83.711
[73,   700] loss: 0.366 accuracy:83.719
test_accuracy is 81.080 after epochs 72

Epoch: 73
[74,   100] loss: 0.349 accuracy:84.500
[74,   200] loss: 0.363 accuracy:83.703
[74,   300] loss: 0.359 accuracy:84.026
[74,   400] loss: 0.360 accuracy:84.027
[74,   500] loss: 0.360 accuracy:83.972
[74,   600] loss: 0.359 accuracy:84.031
[74,   700] loss: 0.361 accuracy:83.946
test_accuracy is 78.870 after epochs 73

Epoch: 74
[75,   100] loss: 0.363 accuracy:83.734
[75,   200] loss: 0.363 accuracy:83.695
[75,   300] loss: 0.359 accuracy:83.859
[75,   400] loss: 0.358 accuracy:83.910
[75,   500] loss: 0.359 accuracy:83.928
[75,   600] loss: 0.357 accuracy:84.081
[75,   700] loss: 0.355 accuracy:84.219
test_accuracy is 74.720 after epochs 74

Epoch: 75
[76,   100] loss: 0.346 accuracy:84.766
[76,   200] loss: 0.345 accuracy:84.766
[76,   300] loss: 0.348 accuracy:84.557
[76,   400] loss: 0.345 accuracy:84.695
[76,   500] loss: 0.347 accuracy:84.731
[76,   600] loss: 0.347 accuracy:84.740
[76,   700] loss: 0.347 accuracy:84.719
test_accuracy is 80.050 after epochs 75

Epoch: 76
[77,   100] loss: 0.373 accuracy:83.203
[77,   200] loss: 0.365 accuracy:83.703
[77,   300] loss: 0.358 accuracy:84.219
[77,   400] loss: 0.355 accuracy:84.367
[77,   500] loss: 0.355 accuracy:84.322
[77,   600] loss: 0.354 accuracy:84.365
[77,   700] loss: 0.355 accuracy:84.364
test_accuracy is 84.620 after epochs 76

Epoch: 77
[78,   100] loss: 0.363 accuracy:83.547
[78,   200] loss: 0.349 accuracy:84.484
[78,   300] loss: 0.350 accuracy:84.438
[78,   400] loss: 0.344 accuracy:84.852
[78,   500] loss: 0.342 accuracy:84.891
[78,   600] loss: 0.342 accuracy:84.880
[78,   700] loss: 0.341 accuracy:84.993
test_accuracy is 78.480 after epochs 77

Epoch: 78
[79,   100] loss: 0.343 accuracy:85.250
[79,   200] loss: 0.342 accuracy:85.242
[79,   300] loss: 0.349 accuracy:84.828
[79,   400] loss: 0.347 accuracy:84.879
[79,   500] loss: 0.348 accuracy:84.794
[79,   600] loss: 0.346 accuracy:84.888
[79,   700] loss: 0.346 accuracy:84.924
test_accuracy is 82.440 after epochs 78

Epoch: 79
[80,   100] loss: 0.350 accuracy:84.484
[80,   200] loss: 0.346 accuracy:84.789
[80,   300] loss: 0.347 accuracy:84.682
[80,   400] loss: 0.346 accuracy:84.688
[80,   500] loss: 0.345 accuracy:84.744
[80,   600] loss: 0.343 accuracy:84.857
[80,   700] loss: 0.341 accuracy:84.971
test_accuracy is 78.200 after epochs 79

Epoch: 80
[81,   100] loss: 0.340 accuracy:85.062
[81,   200] loss: 0.336 accuracy:85.297
[81,   300] loss: 0.339 accuracy:85.266
[81,   400] loss: 0.337 accuracy:85.375
[81,   500] loss: 0.338 accuracy:85.287
[81,   600] loss: 0.337 accuracy:85.346
[81,   700] loss: 0.337 accuracy:85.281
test_accuracy is 83.010 after epochs 80

Epoch: 81
[82,   100] loss: 0.340 accuracy:85.141
[82,   200] loss: 0.333 accuracy:85.461
[82,   300] loss: 0.337 accuracy:85.177
[82,   400] loss: 0.336 accuracy:85.246
[82,   500] loss: 0.334 accuracy:85.431
[82,   600] loss: 0.333 accuracy:85.487
[82,   700] loss: 0.332 accuracy:85.502
test_accuracy is 84.700 after epochs 81
Saving..

Epoch: 82
[83,   100] loss: 0.342 accuracy:85.219
[83,   200] loss: 0.332 accuracy:85.812
[83,   300] loss: 0.334 accuracy:85.583
[83,   400] loss: 0.331 accuracy:85.719
[83,   500] loss: 0.331 accuracy:85.787
[83,   600] loss: 0.329 accuracy:85.807
[83,   700] loss: 0.330 accuracy:85.763
test_accuracy is 86.050 after epochs 82
Saving..

Epoch: 83
[84,   100] loss: 0.337 accuracy:85.078
[84,   200] loss: 0.334 accuracy:85.242
[84,   300] loss: 0.335 accuracy:85.266
[84,   400] loss: 0.331 accuracy:85.586
[84,   500] loss: 0.330 accuracy:85.619
[84,   600] loss: 0.332 accuracy:85.586
[84,   700] loss: 0.331 accuracy:85.661
test_accuracy is 87.740 after epochs 83
Saving..

Epoch: 84
[85,   100] loss: 0.342 accuracy:85.547
[85,   200] loss: 0.331 accuracy:85.797
[85,   300] loss: 0.331 accuracy:85.797
[85,   400] loss: 0.334 accuracy:85.484
[85,   500] loss: 0.331 accuracy:85.716
[85,   600] loss: 0.333 accuracy:85.620
[85,   700] loss: 0.333 accuracy:85.645
test_accuracy is 81.970 after epochs 84

Epoch: 85
[86,   100] loss: 0.330 accuracy:85.938
[86,   200] loss: 0.322 accuracy:86.281
[86,   300] loss: 0.328 accuracy:85.906
[86,   400] loss: 0.325 accuracy:86.051
[86,   500] loss: 0.325 accuracy:86.034
[86,   600] loss: 0.325 accuracy:86.031
[86,   700] loss: 0.325 accuracy:86.045
test_accuracy is 84.440 after epochs 85

Epoch: 86
[87,   100] loss: 0.339 accuracy:85.000
[87,   200] loss: 0.332 accuracy:85.289
[87,   300] loss: 0.331 accuracy:85.474
[87,   400] loss: 0.327 accuracy:85.668
[87,   500] loss: 0.322 accuracy:85.956
[87,   600] loss: 0.321 accuracy:86.081
[87,   700] loss: 0.321 accuracy:86.125
test_accuracy is 86.620 after epochs 86

Epoch: 87
[88,   100] loss: 0.334 accuracy:85.500
[88,   200] loss: 0.320 accuracy:86.172
[88,   300] loss: 0.321 accuracy:86.083
[88,   400] loss: 0.323 accuracy:85.957
[88,   500] loss: 0.322 accuracy:86.047
[88,   600] loss: 0.320 accuracy:86.237
[88,   700] loss: 0.321 accuracy:86.208
test_accuracy is 83.450 after epochs 87

Epoch: 88
[89,   100] loss: 0.327 accuracy:86.016
[89,   200] loss: 0.328 accuracy:85.695
[89,   300] loss: 0.321 accuracy:86.130
[89,   400] loss: 0.318 accuracy:86.332
[89,   500] loss: 0.321 accuracy:86.303
[89,   600] loss: 0.320 accuracy:86.362
[89,   700] loss: 0.319 accuracy:86.424
test_accuracy is 84.900 after epochs 88

Epoch: 89
[90,   100] loss: 0.310 accuracy:87.094
[90,   200] loss: 0.321 accuracy:86.672
[90,   300] loss: 0.323 accuracy:86.375
[90,   400] loss: 0.319 accuracy:86.484
[90,   500] loss: 0.319 accuracy:86.556
[90,   600] loss: 0.314 accuracy:86.807
[90,   700] loss: 0.314 accuracy:86.781
test_accuracy is 85.240 after epochs 89

Epoch: 90
[91,   100] loss: 0.307 accuracy:86.781
[91,   200] loss: 0.314 accuracy:86.609
[91,   300] loss: 0.309 accuracy:86.984
[91,   400] loss: 0.314 accuracy:86.777
[91,   500] loss: 0.312 accuracy:86.819
[91,   600] loss: 0.311 accuracy:86.859
[91,   700] loss: 0.309 accuracy:86.926
test_accuracy is 84.710 after epochs 90

Epoch: 91
[92,   100] loss: 0.295 accuracy:87.344
[92,   200] loss: 0.298 accuracy:87.391
[92,   300] loss: 0.303 accuracy:87.276
[92,   400] loss: 0.305 accuracy:87.195
[92,   500] loss: 0.309 accuracy:87.013
[92,   600] loss: 0.308 accuracy:87.008
[92,   700] loss: 0.310 accuracy:86.875
test_accuracy is 86.160 after epochs 91

Epoch: 92
[93,   100] loss: 0.311 accuracy:86.984
[93,   200] loss: 0.312 accuracy:86.703
[93,   300] loss: 0.313 accuracy:86.667
[93,   400] loss: 0.309 accuracy:86.797
[93,   500] loss: 0.309 accuracy:86.897
[93,   600] loss: 0.311 accuracy:86.807
[93,   700] loss: 0.308 accuracy:86.868
test_accuracy is 84.070 after epochs 92

Epoch: 93
[94,   100] loss: 0.304 accuracy:87.031
[94,   200] loss: 0.293 accuracy:87.773
[94,   300] loss: 0.300 accuracy:87.370
[94,   400] loss: 0.299 accuracy:87.477
[94,   500] loss: 0.301 accuracy:87.388
[94,   600] loss: 0.304 accuracy:87.151
[94,   700] loss: 0.305 accuracy:87.194
test_accuracy is 88.350 after epochs 93
Saving..

Epoch: 94
[95,   100] loss: 0.299 accuracy:87.625
[95,   200] loss: 0.297 accuracy:87.680
[95,   300] loss: 0.304 accuracy:87.276
[95,   400] loss: 0.302 accuracy:87.332
[95,   500] loss: 0.300 accuracy:87.412
[95,   600] loss: 0.300 accuracy:87.464
[95,   700] loss: 0.298 accuracy:87.527
test_accuracy is 81.970 after epochs 94

Epoch: 95
[96,   100] loss: 0.300 accuracy:87.391
[96,   200] loss: 0.302 accuracy:87.188
[96,   300] loss: 0.301 accuracy:87.417
[96,   400] loss: 0.304 accuracy:87.219
[96,   500] loss: 0.304 accuracy:87.319
[96,   600] loss: 0.302 accuracy:87.372
[96,   700] loss: 0.302 accuracy:87.310
test_accuracy is 87.490 after epochs 95

Epoch: 96
[97,   100] loss: 0.322 accuracy:86.516
[97,   200] loss: 0.308 accuracy:87.023
[97,   300] loss: 0.302 accuracy:87.286
[97,   400] loss: 0.302 accuracy:87.266
[97,   500] loss: 0.304 accuracy:87.213
[97,   600] loss: 0.304 accuracy:87.180
[97,   700] loss: 0.301 accuracy:87.353
test_accuracy is 85.310 after epochs 96

Epoch: 97
[98,   100] loss: 0.300 accuracy:87.297
[98,   200] loss: 0.299 accuracy:87.578
[98,   300] loss: 0.297 accuracy:87.615
[98,   400] loss: 0.297 accuracy:87.523
[98,   500] loss: 0.295 accuracy:87.619
[98,   600] loss: 0.297 accuracy:87.469
[98,   700] loss: 0.297 accuracy:87.507
test_accuracy is 83.470 after epochs 97

Epoch: 98
[99,   100] loss: 0.306 accuracy:87.406
[99,   200] loss: 0.301 accuracy:87.523
[99,   300] loss: 0.296 accuracy:87.792
[99,   400] loss: 0.293 accuracy:87.879
[99,   500] loss: 0.293 accuracy:87.906
[99,   600] loss: 0.293 accuracy:87.859
[99,   700] loss: 0.291 accuracy:87.929
test_accuracy is 85.380 after epochs 98

Epoch: 99
[100,   100] loss: 0.292 accuracy:87.578
[100,   200] loss: 0.296 accuracy:87.594
[100,   300] loss: 0.294 accuracy:87.682
[100,   400] loss: 0.292 accuracy:87.863
[100,   500] loss: 0.292 accuracy:87.928
[100,   600] loss: 0.294 accuracy:87.760
[100,   700] loss: 0.294 accuracy:87.766
test_accuracy is 84.340 after epochs 99

Epoch: 100
[101,   100] loss: 0.308 accuracy:87.391
[101,   200] loss: 0.298 accuracy:87.781
[101,   300] loss: 0.297 accuracy:87.740
[101,   400] loss: 0.298 accuracy:87.629
[101,   500] loss: 0.297 accuracy:87.706
[101,   600] loss: 0.297 accuracy:87.716
[101,   700] loss: 0.296 accuracy:87.725
test_accuracy is 83.920 after epochs 100

Epoch: 101
[102,   100] loss: 0.291 accuracy:88.078
[102,   200] loss: 0.289 accuracy:88.062
[102,   300] loss: 0.287 accuracy:88.120
[102,   400] loss: 0.286 accuracy:88.242
[102,   500] loss: 0.284 accuracy:88.381
[102,   600] loss: 0.286 accuracy:88.289
[102,   700] loss: 0.286 accuracy:88.275
test_accuracy is 86.160 after epochs 101

Epoch: 102
[103,   100] loss: 0.276 accuracy:88.703
[103,   200] loss: 0.283 accuracy:88.258
[103,   300] loss: 0.284 accuracy:88.130
[103,   400] loss: 0.283 accuracy:88.258
[103,   500] loss: 0.284 accuracy:88.213
[103,   600] loss: 0.282 accuracy:88.315
[103,   700] loss: 0.283 accuracy:88.232
test_accuracy is 86.650 after epochs 102

Epoch: 103
[104,   100] loss: 0.269 accuracy:88.984
[104,   200] loss: 0.277 accuracy:88.719
[104,   300] loss: 0.279 accuracy:88.479
[104,   400] loss: 0.281 accuracy:88.410
[104,   500] loss: 0.284 accuracy:88.312
[104,   600] loss: 0.284 accuracy:88.336
[104,   700] loss: 0.284 accuracy:88.346
test_accuracy is 89.120 after epochs 103
Saving..

Epoch: 104
[105,   100] loss: 0.269 accuracy:88.828
[105,   200] loss: 0.275 accuracy:88.727
[105,   300] loss: 0.280 accuracy:88.464
[105,   400] loss: 0.282 accuracy:88.324
[105,   500] loss: 0.280 accuracy:88.438
[105,   600] loss: 0.280 accuracy:88.448
[105,   700] loss: 0.282 accuracy:88.301
test_accuracy is 84.230 after epochs 104

Epoch: 105
[106,   100] loss: 0.280 accuracy:88.406
[106,   200] loss: 0.278 accuracy:88.602
[106,   300] loss: 0.283 accuracy:88.328
[106,   400] loss: 0.281 accuracy:88.336
[106,   500] loss: 0.278 accuracy:88.541
[106,   600] loss: 0.278 accuracy:88.578
[106,   700] loss: 0.278 accuracy:88.612
test_accuracy is 89.300 after epochs 105
Saving..

Epoch: 106
[107,   100] loss: 0.277 accuracy:88.609
[107,   200] loss: 0.279 accuracy:88.586
[107,   300] loss: 0.282 accuracy:88.453
[107,   400] loss: 0.278 accuracy:88.598
[107,   500] loss: 0.278 accuracy:88.634
[107,   600] loss: 0.279 accuracy:88.549
[107,   700] loss: 0.278 accuracy:88.545
test_accuracy is 86.760 after epochs 106

Epoch: 107
[108,   100] loss: 0.276 accuracy:88.656
[108,   200] loss: 0.285 accuracy:88.180
[108,   300] loss: 0.280 accuracy:88.453
[108,   400] loss: 0.277 accuracy:88.629
[108,   500] loss: 0.277 accuracy:88.641
[108,   600] loss: 0.276 accuracy:88.690
[108,   700] loss: 0.277 accuracy:88.672
test_accuracy is 85.340 after epochs 107

Epoch: 108
[109,   100] loss: 0.284 accuracy:88.328
[109,   200] loss: 0.275 accuracy:88.648
[109,   300] loss: 0.275 accuracy:88.693
[109,   400] loss: 0.273 accuracy:88.801
[109,   500] loss: 0.277 accuracy:88.644
[109,   600] loss: 0.276 accuracy:88.753
[109,   700] loss: 0.276 accuracy:88.763
test_accuracy is 85.540 after epochs 108

Epoch: 109
[110,   100] loss: 0.288 accuracy:88.156
[110,   200] loss: 0.281 accuracy:88.539
[110,   300] loss: 0.279 accuracy:88.693
[110,   400] loss: 0.278 accuracy:88.832
[110,   500] loss: 0.275 accuracy:88.909
[110,   600] loss: 0.278 accuracy:88.740
[110,   700] loss: 0.279 accuracy:88.654
test_accuracy is 86.840 after epochs 109

Epoch: 110
[111,   100] loss: 0.275 accuracy:88.828
[111,   200] loss: 0.267 accuracy:89.219
[111,   300] loss: 0.267 accuracy:89.297
[111,   400] loss: 0.268 accuracy:89.109
[111,   500] loss: 0.268 accuracy:89.081
[111,   600] loss: 0.270 accuracy:89.047
[111,   700] loss: 0.271 accuracy:89.074
test_accuracy is 86.680 after epochs 110

Epoch: 111
[112,   100] loss: 0.281 accuracy:88.469
[112,   200] loss: 0.273 accuracy:88.812
[112,   300] loss: 0.274 accuracy:88.818
[112,   400] loss: 0.274 accuracy:88.848
[112,   500] loss: 0.275 accuracy:88.800
[112,   600] loss: 0.272 accuracy:88.909
[112,   700] loss: 0.271 accuracy:88.967
test_accuracy is 86.320 after epochs 111

Epoch: 112
[113,   100] loss: 0.272 accuracy:89.125
[113,   200] loss: 0.270 accuracy:89.164
[113,   300] loss: 0.268 accuracy:89.255
[113,   400] loss: 0.272 accuracy:88.992
[113,   500] loss: 0.273 accuracy:88.994
[113,   600] loss: 0.273 accuracy:88.953
[113,   700] loss: 0.272 accuracy:88.962
test_accuracy is 87.320 after epochs 112

Epoch: 113
[114,   100] loss: 0.266 accuracy:89.078
[114,   200] loss: 0.268 accuracy:89.078
[114,   300] loss: 0.268 accuracy:89.151
[114,   400] loss: 0.273 accuracy:88.898
[114,   500] loss: 0.271 accuracy:89.000
[114,   600] loss: 0.271 accuracy:89.000
[114,   700] loss: 0.271 accuracy:89.004
test_accuracy is 83.670 after epochs 113

Epoch: 114
[115,   100] loss: 0.261 accuracy:89.562
[115,   200] loss: 0.268 accuracy:89.391
[115,   300] loss: 0.263 accuracy:89.589
[115,   400] loss: 0.265 accuracy:89.410
[115,   500] loss: 0.263 accuracy:89.519
[115,   600] loss: 0.266 accuracy:89.370
[115,   700] loss: 0.267 accuracy:89.324
test_accuracy is 89.280 after epochs 114

Epoch: 115
[116,   100] loss: 0.274 accuracy:88.609
[116,   200] loss: 0.265 accuracy:89.328
[116,   300] loss: 0.263 accuracy:89.469
[116,   400] loss: 0.263 accuracy:89.523
[116,   500] loss: 0.262 accuracy:89.559
[116,   600] loss: 0.264 accuracy:89.422
[116,   700] loss: 0.266 accuracy:89.326
test_accuracy is 88.310 after epochs 115

Epoch: 116
[117,   100] loss: 0.266 accuracy:89.047
[117,   200] loss: 0.263 accuracy:89.484
[117,   300] loss: 0.266 accuracy:89.401
[117,   400] loss: 0.264 accuracy:89.418
[117,   500] loss: 0.266 accuracy:89.375
[117,   600] loss: 0.265 accuracy:89.385
[117,   700] loss: 0.265 accuracy:89.342
test_accuracy is 86.820 after epochs 116

Epoch: 117
[118,   100] loss: 0.263 accuracy:89.359
[118,   200] loss: 0.262 accuracy:89.570
[118,   300] loss: 0.259 accuracy:89.594
[118,   400] loss: 0.261 accuracy:89.492
[118,   500] loss: 0.262 accuracy:89.422
[118,   600] loss: 0.262 accuracy:89.380
[118,   700] loss: 0.262 accuracy:89.417
test_accuracy is 86.340 after epochs 117

Epoch: 118
[119,   100] loss: 0.262 accuracy:89.484
[119,   200] loss: 0.257 accuracy:89.734
[119,   300] loss: 0.260 accuracy:89.427
[119,   400] loss: 0.260 accuracy:89.449
[119,   500] loss: 0.258 accuracy:89.559
[119,   600] loss: 0.259 accuracy:89.500
[119,   700] loss: 0.260 accuracy:89.478
test_accuracy is 86.650 after epochs 118

Epoch: 119
[120,   100] loss: 0.268 accuracy:89.234
[120,   200] loss: 0.264 accuracy:89.562
[120,   300] loss: 0.260 accuracy:89.693
[120,   400] loss: 0.262 accuracy:89.578
[120,   500] loss: 0.263 accuracy:89.475
[120,   600] loss: 0.265 accuracy:89.435
[120,   700] loss: 0.266 accuracy:89.335
test_accuracy is 85.680 after epochs 119

Epoch: 120
[121,   100] loss: 0.257 accuracy:89.812
[121,   200] loss: 0.256 accuracy:90.023
[121,   300] loss: 0.255 accuracy:89.995
[121,   400] loss: 0.255 accuracy:89.883
[121,   500] loss: 0.256 accuracy:89.847
[121,   600] loss: 0.256 accuracy:89.852
[121,   700] loss: 0.253 accuracy:89.951
test_accuracy is 85.590 after epochs 120

Epoch: 121
[122,   100] loss: 0.264 accuracy:89.250
[122,   200] loss: 0.260 accuracy:89.641
[122,   300] loss: 0.259 accuracy:89.667
[122,   400] loss: 0.261 accuracy:89.629
[122,   500] loss: 0.259 accuracy:89.716
[122,   600] loss: 0.256 accuracy:89.888
[122,   700] loss: 0.256 accuracy:89.857
test_accuracy is 88.950 after epochs 121

Epoch: 122
[123,   100] loss: 0.265 accuracy:89.609
[123,   200] loss: 0.255 accuracy:89.984
[123,   300] loss: 0.258 accuracy:89.594
[123,   400] loss: 0.260 accuracy:89.520
[123,   500] loss: 0.259 accuracy:89.522
[123,   600] loss: 0.260 accuracy:89.513
[123,   700] loss: 0.258 accuracy:89.623
test_accuracy is 82.760 after epochs 122

Epoch: 123
[124,   100] loss: 0.258 accuracy:89.578
[124,   200] loss: 0.256 accuracy:89.750
[124,   300] loss: 0.258 accuracy:89.667
[124,   400] loss: 0.258 accuracy:89.727
[124,   500] loss: 0.255 accuracy:89.831
[124,   600] loss: 0.254 accuracy:89.820
[124,   700] loss: 0.254 accuracy:89.801
test_accuracy is 84.390 after epochs 123

Epoch: 124
[125,   100] loss: 0.253 accuracy:89.672
[125,   200] loss: 0.249 accuracy:89.984
[125,   300] loss: 0.248 accuracy:90.026
[125,   400] loss: 0.247 accuracy:90.121
[125,   500] loss: 0.247 accuracy:90.169
[125,   600] loss: 0.249 accuracy:90.057
[125,   700] loss: 0.248 accuracy:90.071
test_accuracy is 86.690 after epochs 124

Epoch: 125
[126,   100] loss: 0.251 accuracy:89.953
[126,   200] loss: 0.247 accuracy:90.094
[126,   300] loss: 0.247 accuracy:90.089
[126,   400] loss: 0.246 accuracy:90.223
[126,   500] loss: 0.244 accuracy:90.325
[126,   600] loss: 0.247 accuracy:90.122
[126,   700] loss: 0.250 accuracy:89.958
test_accuracy is 85.700 after epochs 125

Epoch: 126
[127,   100] loss: 0.252 accuracy:89.641
[127,   200] loss: 0.250 accuracy:89.938
[127,   300] loss: 0.249 accuracy:90.031
[127,   400] loss: 0.247 accuracy:90.211
[127,   500] loss: 0.248 accuracy:90.216
[127,   600] loss: 0.248 accuracy:90.182
[127,   700] loss: 0.248 accuracy:90.199
test_accuracy is 87.490 after epochs 126

Epoch: 127
[128,   100] loss: 0.239 accuracy:90.922
[128,   200] loss: 0.240 accuracy:90.797
[128,   300] loss: 0.243 accuracy:90.526
[128,   400] loss: 0.241 accuracy:90.539
[128,   500] loss: 0.239 accuracy:90.650
[128,   600] loss: 0.240 accuracy:90.589
[128,   700] loss: 0.241 accuracy:90.533
test_accuracy is 80.440 after epochs 127

Epoch: 128
[129,   100] loss: 0.243 accuracy:90.188
[129,   200] loss: 0.252 accuracy:89.898
[129,   300] loss: 0.251 accuracy:89.995
[129,   400] loss: 0.250 accuracy:90.027
[129,   500] loss: 0.246 accuracy:90.200
[129,   600] loss: 0.246 accuracy:90.195
[129,   700] loss: 0.249 accuracy:90.127
test_accuracy is 83.430 after epochs 128

Epoch: 129
[130,   100] loss: 0.244 accuracy:90.750
[130,   200] loss: 0.242 accuracy:90.570
[130,   300] loss: 0.243 accuracy:90.438
[130,   400] loss: 0.243 accuracy:90.555
[130,   500] loss: 0.244 accuracy:90.528
[130,   600] loss: 0.244 accuracy:90.547
[130,   700] loss: 0.243 accuracy:90.574
test_accuracy is 83.620 after epochs 129

Epoch: 130
[131,   100] loss: 0.255 accuracy:90.078
[131,   200] loss: 0.252 accuracy:90.172
[131,   300] loss: 0.254 accuracy:89.958
[131,   400] loss: 0.249 accuracy:90.250
[131,   500] loss: 0.246 accuracy:90.312
[131,   600] loss: 0.245 accuracy:90.357
[131,   700] loss: 0.246 accuracy:90.283
test_accuracy is 85.240 after epochs 130

Epoch: 131
[132,   100] loss: 0.235 accuracy:90.953
[132,   200] loss: 0.240 accuracy:90.508
[132,   300] loss: 0.239 accuracy:90.536
[132,   400] loss: 0.238 accuracy:90.652
[132,   500] loss: 0.243 accuracy:90.406
[132,   600] loss: 0.243 accuracy:90.409
[132,   700] loss: 0.243 accuracy:90.422
test_accuracy is 85.650 after epochs 131

Epoch: 132
[133,   100] loss: 0.237 accuracy:90.812
[133,   200] loss: 0.240 accuracy:90.594
[133,   300] loss: 0.242 accuracy:90.536
[133,   400] loss: 0.245 accuracy:90.344
[133,   500] loss: 0.242 accuracy:90.472
[133,   600] loss: 0.239 accuracy:90.641
[133,   700] loss: 0.239 accuracy:90.616
test_accuracy is 84.440 after epochs 132

Epoch: 133
[134,   100] loss: 0.232 accuracy:90.641
[134,   200] loss: 0.233 accuracy:90.766
[134,   300] loss: 0.235 accuracy:90.729
[134,   400] loss: 0.237 accuracy:90.668
[134,   500] loss: 0.237 accuracy:90.709
[134,   600] loss: 0.238 accuracy:90.622
[134,   700] loss: 0.238 accuracy:90.636
test_accuracy is 87.420 after epochs 133

Epoch: 134
[135,   100] loss: 0.241 accuracy:90.500
[135,   200] loss: 0.235 accuracy:90.883
[135,   300] loss: 0.237 accuracy:90.807
[135,   400] loss: 0.238 accuracy:90.664
[135,   500] loss: 0.240 accuracy:90.631
[135,   600] loss: 0.240 accuracy:90.620
[135,   700] loss: 0.238 accuracy:90.708
test_accuracy is 85.190 after epochs 134

Epoch: 135
[136,   100] loss: 0.235 accuracy:90.750
[136,   200] loss: 0.237 accuracy:90.648
[136,   300] loss: 0.238 accuracy:90.719
[136,   400] loss: 0.237 accuracy:90.719
[136,   500] loss: 0.237 accuracy:90.706
[136,   600] loss: 0.238 accuracy:90.654
[136,   700] loss: 0.239 accuracy:90.685
test_accuracy is 84.990 after epochs 135

Epoch: 136
[137,   100] loss: 0.232 accuracy:90.984
[137,   200] loss: 0.238 accuracy:90.680
[137,   300] loss: 0.235 accuracy:90.802
[137,   400] loss: 0.234 accuracy:90.879
[137,   500] loss: 0.234 accuracy:90.844
[137,   600] loss: 0.233 accuracy:90.906
[137,   700] loss: 0.235 accuracy:90.763
test_accuracy is 89.920 after epochs 136
Saving..

Epoch: 137
[138,   100] loss: 0.233 accuracy:90.922
[138,   200] loss: 0.233 accuracy:90.898
[138,   300] loss: 0.232 accuracy:90.812
[138,   400] loss: 0.233 accuracy:90.828
[138,   500] loss: 0.231 accuracy:90.969
[138,   600] loss: 0.230 accuracy:90.984
[138,   700] loss: 0.230 accuracy:90.987
test_accuracy is 86.360 after epochs 137

Epoch: 138
[139,   100] loss: 0.231 accuracy:91.094
[139,   200] loss: 0.234 accuracy:90.883
[139,   300] loss: 0.237 accuracy:90.703
[139,   400] loss: 0.233 accuracy:90.930
[139,   500] loss: 0.231 accuracy:90.978
[139,   600] loss: 0.230 accuracy:90.992
[139,   700] loss: 0.231 accuracy:90.924
test_accuracy is 87.760 after epochs 138

Epoch: 139
[140,   100] loss: 0.229 accuracy:91.016
[140,   200] loss: 0.228 accuracy:91.227
[140,   300] loss: 0.226 accuracy:91.266
[140,   400] loss: 0.227 accuracy:91.164
[140,   500] loss: 0.228 accuracy:91.134
[140,   600] loss: 0.228 accuracy:91.138
[140,   700] loss: 0.229 accuracy:91.096
test_accuracy is 88.000 after epochs 139

Epoch: 140
[141,   100] loss: 0.222 accuracy:91.625
[141,   200] loss: 0.228 accuracy:91.273
[141,   300] loss: 0.230 accuracy:91.109
[141,   400] loss: 0.232 accuracy:90.965
[141,   500] loss: 0.234 accuracy:90.866
[141,   600] loss: 0.233 accuracy:90.867
[141,   700] loss: 0.233 accuracy:90.886
test_accuracy is 88.160 after epochs 140

Epoch: 141
[142,   100] loss: 0.226 accuracy:91.344
[142,   200] loss: 0.226 accuracy:91.438
[142,   300] loss: 0.227 accuracy:91.359
[142,   400] loss: 0.232 accuracy:91.113
[142,   500] loss: 0.234 accuracy:91.044
[142,   600] loss: 0.233 accuracy:91.076
[142,   700] loss: 0.232 accuracy:91.107
test_accuracy is 84.490 after epochs 141

Epoch: 142
[143,   100] loss: 0.234 accuracy:91.094
[143,   200] loss: 0.236 accuracy:90.891
[143,   300] loss: 0.233 accuracy:90.911
[143,   400] loss: 0.234 accuracy:90.879
[143,   500] loss: 0.234 accuracy:90.900
[143,   600] loss: 0.233 accuracy:90.927
[143,   700] loss: 0.232 accuracy:90.940
test_accuracy is 86.770 after epochs 142

Epoch: 143
[144,   100] loss: 0.235 accuracy:90.953
[144,   200] loss: 0.235 accuracy:90.945
[144,   300] loss: 0.231 accuracy:91.130
[144,   400] loss: 0.230 accuracy:91.070
[144,   500] loss: 0.228 accuracy:91.191
[144,   600] loss: 0.227 accuracy:91.294
[144,   700] loss: 0.227 accuracy:91.306
test_accuracy is 88.100 after epochs 143

Epoch: 144
[145,   100] loss: 0.243 accuracy:90.203
[145,   200] loss: 0.234 accuracy:90.773
[145,   300] loss: 0.230 accuracy:91.073
[145,   400] loss: 0.231 accuracy:91.051
[145,   500] loss: 0.228 accuracy:91.197
[145,   600] loss: 0.227 accuracy:91.211
[145,   700] loss: 0.226 accuracy:91.232
test_accuracy is 88.460 after epochs 144

Epoch: 145
[146,   100] loss: 0.212 accuracy:92.203
[146,   200] loss: 0.223 accuracy:91.648
[146,   300] loss: 0.226 accuracy:91.422
[146,   400] loss: 0.224 accuracy:91.477
[146,   500] loss: 0.222 accuracy:91.516
[146,   600] loss: 0.224 accuracy:91.448
[146,   700] loss: 0.225 accuracy:91.400
test_accuracy is 87.280 after epochs 145

Epoch: 146
[147,   100] loss: 0.236 accuracy:90.422
[147,   200] loss: 0.229 accuracy:91.086
[147,   300] loss: 0.227 accuracy:91.135
[147,   400] loss: 0.227 accuracy:91.176
[147,   500] loss: 0.226 accuracy:91.291
[147,   600] loss: 0.224 accuracy:91.378
[147,   700] loss: 0.225 accuracy:91.328
test_accuracy is 87.150 after epochs 146

Epoch: 147
[148,   100] loss: 0.228 accuracy:91.453
[148,   200] loss: 0.227 accuracy:91.383
[148,   300] loss: 0.227 accuracy:91.354
[148,   400] loss: 0.229 accuracy:91.207
[148,   500] loss: 0.227 accuracy:91.228
[148,   600] loss: 0.228 accuracy:91.221
[148,   700] loss: 0.227 accuracy:91.268
test_accuracy is 86.810 after epochs 147

Epoch: 148
[149,   100] loss: 0.235 accuracy:90.594
[149,   200] loss: 0.223 accuracy:91.117
[149,   300] loss: 0.222 accuracy:91.271
[149,   400] loss: 0.224 accuracy:91.242
[149,   500] loss: 0.223 accuracy:91.341
[149,   600] loss: 0.223 accuracy:91.388
[149,   700] loss: 0.222 accuracy:91.393
test_accuracy is 85.600 after epochs 148

Epoch: 149
[150,   100] loss: 0.216 accuracy:91.484
[150,   200] loss: 0.215 accuracy:91.719
[150,   300] loss: 0.219 accuracy:91.625
[150,   400] loss: 0.223 accuracy:91.449
[150,   500] loss: 0.222 accuracy:91.513
[150,   600] loss: 0.221 accuracy:91.534
[150,   700] loss: 0.221 accuracy:91.538
test_accuracy is 88.070 after epochs 149

Epoch: 150
[151,   100] loss: 0.223 accuracy:91.422
[151,   200] loss: 0.223 accuracy:91.367
[151,   300] loss: 0.224 accuracy:91.333
[151,   400] loss: 0.224 accuracy:91.359
[151,   500] loss: 0.224 accuracy:91.350
[151,   600] loss: 0.222 accuracy:91.422
[151,   700] loss: 0.222 accuracy:91.393
test_accuracy is 87.800 after epochs 150

Epoch: 151
[152,   100] loss: 0.237 accuracy:90.719
[152,   200] loss: 0.228 accuracy:91.133
[152,   300] loss: 0.225 accuracy:91.276
[152,   400] loss: 0.222 accuracy:91.438
[152,   500] loss: 0.224 accuracy:91.334
[152,   600] loss: 0.224 accuracy:91.344
[152,   700] loss: 0.224 accuracy:91.306
test_accuracy is 85.790 after epochs 151

Epoch: 152
[153,   100] loss: 0.215 accuracy:92.031
[153,   200] loss: 0.217 accuracy:91.867
[153,   300] loss: 0.215 accuracy:91.818
[153,   400] loss: 0.216 accuracy:91.742
[153,   500] loss: 0.217 accuracy:91.700
[153,   600] loss: 0.218 accuracy:91.768
[153,   700] loss: 0.218 accuracy:91.732
test_accuracy is 84.930 after epochs 152

Epoch: 153
[154,   100] loss: 0.227 accuracy:91.266
[154,   200] loss: 0.218 accuracy:91.688
[154,   300] loss: 0.218 accuracy:91.656
[154,   400] loss: 0.217 accuracy:91.664
[154,   500] loss: 0.218 accuracy:91.622
[154,   600] loss: 0.217 accuracy:91.711
[154,   700] loss: 0.216 accuracy:91.766
test_accuracy is 85.940 after epochs 153

Epoch: 154
[155,   100] loss: 0.203 accuracy:92.297
[155,   200] loss: 0.210 accuracy:91.828
[155,   300] loss: 0.207 accuracy:92.120
[155,   400] loss: 0.212 accuracy:91.953
[155,   500] loss: 0.213 accuracy:91.891
[155,   600] loss: 0.214 accuracy:91.891
[155,   700] loss: 0.215 accuracy:91.833
test_accuracy is 87.740 after epochs 154

Epoch: 155
[156,   100] loss: 0.228 accuracy:91.016
[156,   200] loss: 0.221 accuracy:91.727
[156,   300] loss: 0.217 accuracy:91.807
[156,   400] loss: 0.216 accuracy:91.879
[156,   500] loss: 0.214 accuracy:91.916
[156,   600] loss: 0.213 accuracy:91.917
[156,   700] loss: 0.214 accuracy:91.908
test_accuracy is 85.890 after epochs 155

Epoch: 156
[157,   100] loss: 0.222 accuracy:91.672
[157,   200] loss: 0.220 accuracy:91.805
[157,   300] loss: 0.219 accuracy:91.745
[157,   400] loss: 0.218 accuracy:91.711
[157,   500] loss: 0.219 accuracy:91.716
[157,   600] loss: 0.214 accuracy:91.914
[157,   700] loss: 0.215 accuracy:91.888
test_accuracy is 88.020 after epochs 156

Epoch: 157
[158,   100] loss: 0.225 accuracy:91.391
[158,   200] loss: 0.219 accuracy:91.711
[158,   300] loss: 0.213 accuracy:92.062
[158,   400] loss: 0.213 accuracy:92.027
[158,   500] loss: 0.215 accuracy:91.919
[158,   600] loss: 0.214 accuracy:91.945
[158,   700] loss: 0.212 accuracy:92.054
test_accuracy is 84.540 after epochs 157

Epoch: 158
[159,   100] loss: 0.210 accuracy:91.719
[159,   200] loss: 0.205 accuracy:92.133
[159,   300] loss: 0.210 accuracy:91.901
[159,   400] loss: 0.209 accuracy:91.926
[159,   500] loss: 0.211 accuracy:91.869
[159,   600] loss: 0.210 accuracy:91.932
[159,   700] loss: 0.211 accuracy:91.951
test_accuracy is 88.130 after epochs 158

Epoch: 159
[160,   100] loss: 0.207 accuracy:91.984
[160,   200] loss: 0.212 accuracy:91.977
[160,   300] loss: 0.208 accuracy:92.130
[160,   400] loss: 0.209 accuracy:92.102
[160,   500] loss: 0.211 accuracy:91.994
[160,   600] loss: 0.213 accuracy:91.844
[160,   700] loss: 0.213 accuracy:91.828
test_accuracy is 88.680 after epochs 159

Epoch: 160
[161,   100] loss: 0.212 accuracy:91.953
[161,   200] loss: 0.217 accuracy:91.719
[161,   300] loss: 0.216 accuracy:91.729
[161,   400] loss: 0.215 accuracy:91.746
[161,   500] loss: 0.213 accuracy:91.897
[161,   600] loss: 0.213 accuracy:91.844
[161,   700] loss: 0.211 accuracy:91.935
test_accuracy is 86.790 after epochs 160

Epoch: 161
[162,   100] loss: 0.204 accuracy:92.125
[162,   200] loss: 0.204 accuracy:92.234
[162,   300] loss: 0.207 accuracy:92.042
[162,   400] loss: 0.206 accuracy:92.152
[162,   500] loss: 0.205 accuracy:92.206
[162,   600] loss: 0.207 accuracy:92.122
[162,   700] loss: 0.208 accuracy:92.074
test_accuracy is 89.700 after epochs 161

Epoch: 162
[163,   100] loss: 0.211 accuracy:91.734
[163,   200] loss: 0.211 accuracy:91.773
[163,   300] loss: 0.213 accuracy:91.714
[163,   400] loss: 0.215 accuracy:91.625
[163,   500] loss: 0.215 accuracy:91.647
[163,   600] loss: 0.215 accuracy:91.716
[163,   700] loss: 0.214 accuracy:91.701
test_accuracy is 89.840 after epochs 162

Epoch: 163
[164,   100] loss: 0.209 accuracy:92.234
[164,   200] loss: 0.207 accuracy:92.062
[164,   300] loss: 0.211 accuracy:91.917
[164,   400] loss: 0.211 accuracy:91.914
[164,   500] loss: 0.212 accuracy:91.872
[164,   600] loss: 0.212 accuracy:91.909
[164,   700] loss: 0.213 accuracy:91.895
test_accuracy is 86.360 after epochs 163

Epoch: 164
[165,   100] loss: 0.213 accuracy:91.859
[165,   200] loss: 0.211 accuracy:91.867
[165,   300] loss: 0.213 accuracy:91.797
[165,   400] loss: 0.208 accuracy:92.027
[165,   500] loss: 0.208 accuracy:92.088
[165,   600] loss: 0.210 accuracy:91.987
[165,   700] loss: 0.210 accuracy:92.009
test_accuracy is 87.830 after epochs 164

Epoch: 165
[166,   100] loss: 0.212 accuracy:91.891
[166,   200] loss: 0.208 accuracy:92.008
[166,   300] loss: 0.207 accuracy:92.068
[166,   400] loss: 0.207 accuracy:92.098
[166,   500] loss: 0.206 accuracy:92.203
[166,   600] loss: 0.206 accuracy:92.172
[166,   700] loss: 0.207 accuracy:92.152
test_accuracy is 88.390 after epochs 165

Epoch: 166
[167,   100] loss: 0.206 accuracy:92.266
[167,   200] loss: 0.212 accuracy:92.195
[167,   300] loss: 0.213 accuracy:92.047
[167,   400] loss: 0.213 accuracy:92.156
[167,   500] loss: 0.212 accuracy:92.153
[167,   600] loss: 0.212 accuracy:92.156
[167,   700] loss: 0.212 accuracy:92.087
test_accuracy is 87.990 after epochs 166

Epoch: 167
[168,   100] loss: 0.211 accuracy:91.953
[168,   200] loss: 0.209 accuracy:92.047
[168,   300] loss: 0.210 accuracy:91.995
[168,   400] loss: 0.209 accuracy:92.070
[168,   500] loss: 0.207 accuracy:92.162
[168,   600] loss: 0.208 accuracy:92.117
[168,   700] loss: 0.207 accuracy:92.154
test_accuracy is 88.610 after epochs 167

Epoch: 168
[169,   100] loss: 0.205 accuracy:92.188
[169,   200] loss: 0.205 accuracy:92.156
[169,   300] loss: 0.208 accuracy:92.021
[169,   400] loss: 0.209 accuracy:91.938
[169,   500] loss: 0.206 accuracy:92.094
[169,   600] loss: 0.205 accuracy:92.143
[169,   700] loss: 0.204 accuracy:92.165
test_accuracy is 87.280 after epochs 168

Epoch: 169
[170,   100] loss: 0.206 accuracy:92.266
[170,   200] loss: 0.202 accuracy:92.461
[170,   300] loss: 0.203 accuracy:92.406
[170,   400] loss: 0.204 accuracy:92.395
[170,   500] loss: 0.203 accuracy:92.400
[170,   600] loss: 0.204 accuracy:92.310
[170,   700] loss: 0.204 accuracy:92.324
test_accuracy is 86.260 after epochs 169

Epoch: 170
[171,   100] loss: 0.197 accuracy:92.781
[171,   200] loss: 0.198 accuracy:92.758
[171,   300] loss: 0.203 accuracy:92.542
[171,   400] loss: 0.202 accuracy:92.594
[171,   500] loss: 0.202 accuracy:92.547
[171,   600] loss: 0.202 accuracy:92.526
[171,   700] loss: 0.202 accuracy:92.475
test_accuracy is 87.380 after epochs 170

Epoch: 171
[172,   100] loss: 0.198 accuracy:92.766
[172,   200] loss: 0.200 accuracy:92.664
[172,   300] loss: 0.204 accuracy:92.458
[172,   400] loss: 0.202 accuracy:92.512
[172,   500] loss: 0.204 accuracy:92.419
[172,   600] loss: 0.203 accuracy:92.438
[172,   700] loss: 0.205 accuracy:92.362
test_accuracy is 87.950 after epochs 171

Epoch: 172
[173,   100] loss: 0.201 accuracy:92.594
[173,   200] loss: 0.206 accuracy:92.328
[173,   300] loss: 0.204 accuracy:92.359
[173,   400] loss: 0.205 accuracy:92.309
[173,   500] loss: 0.205 accuracy:92.334
[173,   600] loss: 0.204 accuracy:92.359
[173,   700] loss: 0.204 accuracy:92.348
test_accuracy is 88.100 after epochs 172

Epoch: 173
[174,   100] loss: 0.208 accuracy:92.062
[174,   200] loss: 0.210 accuracy:91.984
[174,   300] loss: 0.207 accuracy:92.229
[174,   400] loss: 0.206 accuracy:92.309
[174,   500] loss: 0.205 accuracy:92.378
[174,   600] loss: 0.206 accuracy:92.336
[174,   700] loss: 0.207 accuracy:92.324
test_accuracy is 87.590 after epochs 173

Epoch: 174
[175,   100] loss: 0.213 accuracy:92.016
[175,   200] loss: 0.207 accuracy:92.078
[175,   300] loss: 0.207 accuracy:92.089
[175,   400] loss: 0.207 accuracy:92.090
[175,   500] loss: 0.205 accuracy:92.188
[175,   600] loss: 0.206 accuracy:92.172
[175,   700] loss: 0.204 accuracy:92.230
test_accuracy is 88.220 after epochs 174

Epoch: 175
[176,   100] loss: 0.203 accuracy:92.453
[176,   200] loss: 0.207 accuracy:92.242
[176,   300] loss: 0.203 accuracy:92.526
[176,   400] loss: 0.205 accuracy:92.410
[176,   500] loss: 0.203 accuracy:92.438
[176,   600] loss: 0.202 accuracy:92.516
[176,   700] loss: 0.202 accuracy:92.475
test_accuracy is 87.750 after epochs 175

Epoch: 176
[177,   100] loss: 0.199 accuracy:92.438
[177,   200] loss: 0.202 accuracy:92.391
[177,   300] loss: 0.203 accuracy:92.250
[177,   400] loss: 0.202 accuracy:92.340
[177,   500] loss: 0.201 accuracy:92.456
[177,   600] loss: 0.200 accuracy:92.477
[177,   700] loss: 0.199 accuracy:92.571
test_accuracy is 88.450 after epochs 176

Epoch: 177
[178,   100] loss: 0.209 accuracy:92.438
[178,   200] loss: 0.206 accuracy:92.422
[178,   300] loss: 0.209 accuracy:92.245
[178,   400] loss: 0.206 accuracy:92.258
[178,   500] loss: 0.204 accuracy:92.294
[178,   600] loss: 0.203 accuracy:92.359
[178,   700] loss: 0.203 accuracy:92.337
test_accuracy is 88.140 after epochs 177

Epoch: 178
[179,   100] loss: 0.199 accuracy:92.578
[179,   200] loss: 0.198 accuracy:92.602
[179,   300] loss: 0.198 accuracy:92.682
[179,   400] loss: 0.200 accuracy:92.586
[179,   500] loss: 0.199 accuracy:92.600
[179,   600] loss: 0.200 accuracy:92.542
[179,   700] loss: 0.200 accuracy:92.556
test_accuracy is 88.110 after epochs 178

Epoch: 179
[180,   100] loss: 0.206 accuracy:92.375
[180,   200] loss: 0.198 accuracy:92.680
[180,   300] loss: 0.195 accuracy:92.818
[180,   400] loss: 0.196 accuracy:92.727
[180,   500] loss: 0.198 accuracy:92.634
[180,   600] loss: 0.197 accuracy:92.669
[180,   700] loss: 0.197 accuracy:92.658
test_accuracy is 86.790 after epochs 179

Epoch: 180
[181,   100] loss: 0.207 accuracy:92.328
[181,   200] loss: 0.202 accuracy:92.539
[181,   300] loss: 0.198 accuracy:92.672
[181,   400] loss: 0.200 accuracy:92.512
[181,   500] loss: 0.199 accuracy:92.562
[181,   600] loss: 0.198 accuracy:92.607
[181,   700] loss: 0.199 accuracy:92.554
test_accuracy is 86.480 after epochs 180

Epoch: 181
[182,   100] loss: 0.199 accuracy:92.312
[182,   200] loss: 0.196 accuracy:92.602
[182,   300] loss: 0.197 accuracy:92.568
[182,   400] loss: 0.199 accuracy:92.504
[182,   500] loss: 0.198 accuracy:92.616
[182,   600] loss: 0.196 accuracy:92.646
[182,   700] loss: 0.196 accuracy:92.694
test_accuracy is 87.280 after epochs 181

Epoch: 182
[183,   100] loss: 0.203 accuracy:92.375
[183,   200] loss: 0.201 accuracy:92.266
[183,   300] loss: 0.202 accuracy:92.307
[183,   400] loss: 0.201 accuracy:92.484
[183,   500] loss: 0.198 accuracy:92.550
[183,   600] loss: 0.199 accuracy:92.479
[183,   700] loss: 0.199 accuracy:92.518
test_accuracy is 87.700 after epochs 182

Epoch: 183
[184,   100] loss: 0.197 accuracy:92.953
[184,   200] loss: 0.197 accuracy:92.891
[184,   300] loss: 0.196 accuracy:92.828
[184,   400] loss: 0.197 accuracy:92.766
[184,   500] loss: 0.197 accuracy:92.744
[184,   600] loss: 0.198 accuracy:92.656
[184,   700] loss: 0.200 accuracy:92.574
test_accuracy is 87.520 after epochs 183

Epoch: 184
[185,   100] loss: 0.193 accuracy:92.891
[185,   200] loss: 0.195 accuracy:92.812
[185,   300] loss: 0.195 accuracy:92.859
[185,   400] loss: 0.195 accuracy:92.793
[185,   500] loss: 0.194 accuracy:92.753
[185,   600] loss: 0.195 accuracy:92.745
[185,   700] loss: 0.195 accuracy:92.743
test_accuracy is 87.300 after epochs 184

Epoch: 185
[186,   100] loss: 0.197 accuracy:92.562
[186,   200] loss: 0.199 accuracy:92.453
[186,   300] loss: 0.201 accuracy:92.453
[186,   400] loss: 0.198 accuracy:92.566
[186,   500] loss: 0.197 accuracy:92.659
[186,   600] loss: 0.195 accuracy:92.734
[186,   700] loss: 0.195 accuracy:92.752
test_accuracy is 88.270 after epochs 185

Epoch: 186
[187,   100] loss: 0.197 accuracy:92.703
[187,   200] loss: 0.191 accuracy:93.078
[187,   300] loss: 0.192 accuracy:92.974
[187,   400] loss: 0.193 accuracy:92.863
[187,   500] loss: 0.192 accuracy:92.894
[187,   600] loss: 0.191 accuracy:92.896
[187,   700] loss: 0.192 accuracy:92.828
test_accuracy is 87.240 after epochs 186

Epoch: 187
[188,   100] loss: 0.195 accuracy:92.953
[188,   200] loss: 0.197 accuracy:92.727
[188,   300] loss: 0.194 accuracy:92.854
[188,   400] loss: 0.197 accuracy:92.770
[188,   500] loss: 0.197 accuracy:92.719
[188,   600] loss: 0.199 accuracy:92.625
[188,   700] loss: 0.197 accuracy:92.708
test_accuracy is 87.630 after epochs 187

Epoch: 188
[189,   100] loss: 0.194 accuracy:92.766
[189,   200] loss: 0.195 accuracy:92.805
[189,   300] loss: 0.194 accuracy:92.870
[189,   400] loss: 0.192 accuracy:92.898
[189,   500] loss: 0.194 accuracy:92.766
[189,   600] loss: 0.195 accuracy:92.753
[189,   700] loss: 0.195 accuracy:92.752
test_accuracy is 88.070 after epochs 188

Epoch: 189
[190,   100] loss: 0.199 accuracy:92.297
[190,   200] loss: 0.198 accuracy:92.453
[190,   300] loss: 0.197 accuracy:92.495
[190,   400] loss: 0.196 accuracy:92.578
[190,   500] loss: 0.196 accuracy:92.612
[190,   600] loss: 0.197 accuracy:92.628
[190,   700] loss: 0.196 accuracy:92.696
test_accuracy is 88.040 after epochs 189

Epoch: 190
[191,   100] loss: 0.190 accuracy:92.938
[191,   200] loss: 0.184 accuracy:93.250
[191,   300] loss: 0.187 accuracy:93.042
[191,   400] loss: 0.189 accuracy:92.934
[191,   500] loss: 0.191 accuracy:92.822
[191,   600] loss: 0.192 accuracy:92.781
[191,   700] loss: 0.194 accuracy:92.694
test_accuracy is 87.800 after epochs 190

Epoch: 191
[192,   100] loss: 0.197 accuracy:92.578
[192,   200] loss: 0.199 accuracy:92.516
[192,   300] loss: 0.198 accuracy:92.505
[192,   400] loss: 0.198 accuracy:92.656
[192,   500] loss: 0.198 accuracy:92.656
[192,   600] loss: 0.197 accuracy:92.656
[192,   700] loss: 0.197 accuracy:92.694
test_accuracy is 87.980 after epochs 191

Epoch: 192
[193,   100] loss: 0.200 accuracy:92.484
[193,   200] loss: 0.203 accuracy:92.500
[193,   300] loss: 0.197 accuracy:92.724
[193,   400] loss: 0.196 accuracy:92.715
[193,   500] loss: 0.197 accuracy:92.622
[193,   600] loss: 0.197 accuracy:92.625
[193,   700] loss: 0.195 accuracy:92.692
test_accuracy is 88.220 after epochs 192

Epoch: 193
[194,   100] loss: 0.204 accuracy:92.547
[194,   200] loss: 0.199 accuracy:92.750
[194,   300] loss: 0.199 accuracy:92.635
[194,   400] loss: 0.200 accuracy:92.555
[194,   500] loss: 0.199 accuracy:92.575
[194,   600] loss: 0.199 accuracy:92.591
[194,   700] loss: 0.199 accuracy:92.560
test_accuracy is 88.050 after epochs 193

Epoch: 194
[195,   100] loss: 0.200 accuracy:92.375
[195,   200] loss: 0.205 accuracy:92.336
[195,   300] loss: 0.202 accuracy:92.448
[195,   400] loss: 0.201 accuracy:92.520
[195,   500] loss: 0.200 accuracy:92.556
[195,   600] loss: 0.199 accuracy:92.617
[195,   700] loss: 0.200 accuracy:92.594
test_accuracy is 87.260 after epochs 194

Epoch: 195
[196,   100] loss: 0.189 accuracy:93.094
[196,   200] loss: 0.191 accuracy:92.914
[196,   300] loss: 0.192 accuracy:92.906
[196,   400] loss: 0.191 accuracy:92.930
[196,   500] loss: 0.192 accuracy:92.956
[196,   600] loss: 0.192 accuracy:92.875
[196,   700] loss: 0.193 accuracy:92.850
test_accuracy is 87.570 after epochs 195

Epoch: 196
[197,   100] loss: 0.201 accuracy:92.328
[197,   200] loss: 0.203 accuracy:92.297
[197,   300] loss: 0.200 accuracy:92.521
[197,   400] loss: 0.201 accuracy:92.531
[197,   500] loss: 0.200 accuracy:92.622
[197,   600] loss: 0.199 accuracy:92.628
[197,   700] loss: 0.198 accuracy:92.656
test_accuracy is 87.750 after epochs 196

Epoch: 197
[198,   100] loss: 0.198 accuracy:92.766
[198,   200] loss: 0.195 accuracy:92.836
[198,   300] loss: 0.197 accuracy:92.609
[198,   400] loss: 0.197 accuracy:92.633
[198,   500] loss: 0.193 accuracy:92.794
[198,   600] loss: 0.193 accuracy:92.831
[198,   700] loss: 0.192 accuracy:92.866
test_accuracy is 87.500 after epochs 197

Epoch: 198
[199,   100] loss: 0.201 accuracy:92.750
[199,   200] loss: 0.198 accuracy:92.727
[199,   300] loss: 0.197 accuracy:92.714
[199,   400] loss: 0.198 accuracy:92.691
[199,   500] loss: 0.198 accuracy:92.728
[199,   600] loss: 0.197 accuracy:92.714
[199,   700] loss: 0.198 accuracy:92.696
test_accuracy is 87.680 after epochs 198

Epoch: 199
[200,   100] loss: 0.198 accuracy:92.969
[200,   200] loss: 0.203 accuracy:92.531
[200,   300] loss: 0.198 accuracy:92.719
[200,   400] loss: 0.198 accuracy:92.645
[200,   500] loss: 0.197 accuracy:92.666
[200,   600] loss: 0.198 accuracy:92.711
[200,   700] loss: 0.199 accuracy:92.661
test_accuracy is 88.250 after epochs 199
