000 (9126475.000.000) 02/11 02:35:28 Job submitted from host: <10.15.2.1:9618?PrivAddr=%3c172.22.0.101:9618%3fsock%3d2293896_6fb7_6%3e&PrivNet=internal.cluster.is.localnet&addrs=10.15.2.1-9618&noUDP&sock=2293896_6fb7_6>
...
001 (9126475.000.000) 02/11 02:35:33 Job executing on host: <172.22.2.34:9618?addrs=172.22.2.34-9618&noUDP&sock=30226_19b2_3>
...
006 (9126475.000.000) 02/11 02:35:42 Image size of job updated: 30748
	19  -  MemoryUsage of job (MB)
	18868  -  ResidentSetSize of job (KB)
...
006 (9126475.000.000) 02/11 02:40:43 Image size of job updated: 2389260
	2056  -  MemoryUsage of job (MB)
	2105064  -  ResidentSetSize of job (KB)
...
006 (9126475.000.000) 02/11 02:45:43 Image size of job updated: 2392160
	2058  -  MemoryUsage of job (MB)
	2107040  -  ResidentSetSize of job (KB)
...
006 (9126475.000.000) 02/11 02:50:43 Image size of job updated: 2393896
	2060  -  MemoryUsage of job (MB)
	2108776  -  ResidentSetSize of job (KB)
...
006 (9126475.000.000) 02/11 05:15:22 Image size of job updated: 35854752
	2060  -  MemoryUsage of job (MB)
	2108776  -  ResidentSetSize of job (KB)
...
005 (9126475.000.000) 02/11 05:15:23 Job terminated.
	(1) Normal termination (return value 0)
		Usr 0 02:33:44, Sys 0 00:05:07  -  Run Remote Usage
		Usr 0 00:00:00, Sys 0 00:00:00  -  Run Local Usage
		Usr 0 02:33:44, Sys 0 00:05:07  -  Total Remote Usage
		Usr 0 00:00:00, Sys 0 00:00:00  -  Total Local Usage
	0  -  Run Bytes Sent By Job
	0  -  Run Bytes Received By Job
	0  -  Total Bytes Sent By Job
	0  -  Total Bytes Received By Job
	Partitionable Resources :    Usage  Request Allocated Assigned
	   Cpus                 :     1.00        1         1 
	   Disk (KB)            :     2           2    853458 
	   Gpus                 :                 1         1 "CUDA2"
	   Memory (MB)          :  2060       48000     48000 
...
