HXLN_LN_LSTM-default-data-Triangle-version-0-num_layers-4-num_templates-4-dropout-0.1-epochs-200-patch_size-4-num_heads-4-batch_size-64-lr-0.0001-256-512-2-2-True-6-True-False-10-True-8-False-3
transformer embed_dim 256
functional? False
total heads 4
head dim 64
use topk?False
topk:10
MEM SLOTS:8
Null attention:False
USING SHARED MEMORY ATTENTION +++++++++
Using gate style unit
query:32896
key:32896
value:65792
attention_mlp:65792
layernorm1:512
layernorm2:512
input_projector:65792
input projector:256
input_gate_projector:208640
memory_gate_projector:1052672
relational volatie!!!
1525506
Total number of parameters:1948678

Epoch: 0
[1,   100] loss: 0.742 accuracy:50.250
[1,   200] loss: 0.730 accuracy:50.562
[1,   300] loss: 0.720 accuracy:50.604
[1,   400] loss: 0.718 accuracy:50.461
[1,   500] loss: 0.715 accuracy:50.650
[1,   600] loss: 0.714 accuracy:50.292
[1,   700] loss: 0.713 accuracy:50.174
test_accuracy is 50.240 after epochs 0
Saving..

Epoch: 1
[2,   100] loss: 0.701 accuracy:50.109
[2,   200] loss: 0.702 accuracy:49.875
[2,   300] loss: 0.701 accuracy:50.266
[2,   400] loss: 0.700 accuracy:50.160
[2,   500] loss: 0.701 accuracy:50.209
[2,   600] loss: 0.701 accuracy:50.320
[2,   700] loss: 0.701 accuracy:50.424
test_accuracy is 50.180 after epochs 1

Epoch: 2
[3,   100] loss: 0.699 accuracy:48.969
[3,   200] loss: 0.699 accuracy:49.758
[3,   300] loss: 0.698 accuracy:49.896
[3,   400] loss: 0.698 accuracy:50.129
[3,   500] loss: 0.698 accuracy:50.078
[3,   600] loss: 0.698 accuracy:50.122
[3,   700] loss: 0.698 accuracy:50.045
test_accuracy is 50.440 after epochs 2
Saving..

Epoch: 3
[4,   100] loss: 0.695 accuracy:51.094
[4,   200] loss: 0.696 accuracy:50.516
[4,   300] loss: 0.697 accuracy:50.510
[4,   400] loss: 0.697 accuracy:50.527
[4,   500] loss: 0.697 accuracy:50.784
[4,   600] loss: 0.696 accuracy:50.680
[4,   700] loss: 0.696 accuracy:50.520
test_accuracy is 49.940 after epochs 3

Epoch: 4
[5,   100] loss: 0.698 accuracy:49.516
[5,   200] loss: 0.697 accuracy:50.227
[5,   300] loss: 0.696 accuracy:50.578
[5,   400] loss: 0.696 accuracy:50.715
[5,   500] loss: 0.697 accuracy:50.647
[5,   600] loss: 0.696 accuracy:50.562
[5,   700] loss: 0.696 accuracy:50.583
test_accuracy is 55.380 after epochs 4
Saving..

Epoch: 5
[6,   100] loss: 0.697 accuracy:50.812
[6,   200] loss: 0.695 accuracy:50.516
[6,   300] loss: 0.695 accuracy:50.469
[6,   400] loss: 0.695 accuracy:50.492
[6,   500] loss: 0.695 accuracy:50.506
[6,   600] loss: 0.695 accuracy:50.549
[6,   700] loss: 0.695 accuracy:50.444
test_accuracy is 55.670 after epochs 5
Saving..

Epoch: 6
[7,   100] loss: 0.694 accuracy:51.969
[7,   200] loss: 0.694 accuracy:51.695
[7,   300] loss: 0.693 accuracy:52.161
[7,   400] loss: 0.693 accuracy:52.004
[7,   500] loss: 0.693 accuracy:51.797
[7,   600] loss: 0.693 accuracy:51.794
[7,   700] loss: 0.693 accuracy:51.790
test_accuracy is 49.890 after epochs 6

Epoch: 7
[8,   100] loss: 0.693 accuracy:52.422
[8,   200] loss: 0.693 accuracy:51.641
[8,   300] loss: 0.693 accuracy:51.578
[8,   400] loss: 0.693 accuracy:51.695
[8,   500] loss: 0.693 accuracy:51.597
[8,   600] loss: 0.693 accuracy:51.719
[8,   700] loss: 0.693 accuracy:51.721
test_accuracy is 49.560 after epochs 7

Epoch: 8
[9,   100] loss: 0.698 accuracy:49.891
[9,   200] loss: 0.695 accuracy:50.992
[9,   300] loss: 0.694 accuracy:51.526
[9,   400] loss: 0.693 accuracy:51.984
[9,   500] loss: 0.693 accuracy:52.212
[9,   600] loss: 0.692 accuracy:52.362
[9,   700] loss: 0.692 accuracy:52.402
test_accuracy is 50.030 after epochs 8

Epoch: 9
[10,   100] loss: 0.691 accuracy:52.703
[10,   200] loss: 0.691 accuracy:52.570
[10,   300] loss: 0.690 accuracy:52.776
[10,   400] loss: 0.690 accuracy:52.809
[10,   500] loss: 0.690 accuracy:53.169
[10,   600] loss: 0.690 accuracy:53.227
[10,   700] loss: 0.690 accuracy:53.136
test_accuracy is 52.740 after epochs 9

Epoch: 10
[11,   100] loss: 0.684 accuracy:55.750
[11,   200] loss: 0.686 accuracy:54.914
[11,   300] loss: 0.686 accuracy:54.990
[11,   400] loss: 0.687 accuracy:54.586
[11,   500] loss: 0.687 accuracy:54.831
[11,   600] loss: 0.688 accuracy:54.565
[11,   700] loss: 0.688 accuracy:54.518
test_accuracy is 55.410 after epochs 10

Epoch: 11
[12,   100] loss: 0.687 accuracy:55.281
[12,   200] loss: 0.685 accuracy:55.633
[12,   300] loss: 0.686 accuracy:54.901
[12,   400] loss: 0.686 accuracy:54.801
[12,   500] loss: 0.686 accuracy:54.706
[12,   600] loss: 0.686 accuracy:54.690
[12,   700] loss: 0.687 accuracy:54.525
test_accuracy is 56.130 after epochs 11
Saving..

Epoch: 12
[13,   100] loss: 0.686 accuracy:55.016
[13,   200] loss: 0.687 accuracy:54.398
[13,   300] loss: 0.686 accuracy:54.344
[13,   400] loss: 0.686 accuracy:54.859
[13,   500] loss: 0.686 accuracy:54.803
[13,   600] loss: 0.686 accuracy:54.831
[13,   700] loss: 0.685 accuracy:55.150
test_accuracy is 55.660 after epochs 12

Epoch: 13
[14,   100] loss: 0.687 accuracy:54.156
[14,   200] loss: 0.688 accuracy:54.242
[14,   300] loss: 0.687 accuracy:54.661
[14,   400] loss: 0.686 accuracy:54.961
[14,   500] loss: 0.686 accuracy:55.200
[14,   600] loss: 0.686 accuracy:55.201
[14,   700] loss: 0.685 accuracy:55.449
test_accuracy is 57.250 after epochs 13
Saving..

Epoch: 14
[15,   100] loss: 0.680 accuracy:57.047
[15,   200] loss: 0.685 accuracy:55.359
[15,   300] loss: 0.686 accuracy:55.109
[15,   400] loss: 0.685 accuracy:55.293
[15,   500] loss: 0.685 accuracy:55.356
[15,   600] loss: 0.685 accuracy:55.339
[15,   700] loss: 0.685 accuracy:55.246
test_accuracy is 51.130 after epochs 14

Epoch: 15
[16,   100] loss: 0.682 accuracy:56.188
[16,   200] loss: 0.684 accuracy:55.891
[16,   300] loss: 0.683 accuracy:56.172
[16,   400] loss: 0.683 accuracy:56.348
[16,   500] loss: 0.683 accuracy:56.087
[16,   600] loss: 0.683 accuracy:56.128
[16,   700] loss: 0.684 accuracy:55.953
test_accuracy is 56.960 after epochs 15

Epoch: 16
[17,   100] loss: 0.684 accuracy:56.328
[17,   200] loss: 0.682 accuracy:56.602
[17,   300] loss: 0.683 accuracy:56.172
[17,   400] loss: 0.683 accuracy:56.316
[17,   500] loss: 0.683 accuracy:56.000
[17,   600] loss: 0.685 accuracy:55.625
[17,   700] loss: 0.685 accuracy:55.350
test_accuracy is 55.420 after epochs 16

Epoch: 17
[18,   100] loss: 0.683 accuracy:56.266
[18,   200] loss: 0.685 accuracy:55.578
[18,   300] loss: 0.684 accuracy:55.802
[18,   400] loss: 0.685 accuracy:55.590
[18,   500] loss: 0.684 accuracy:55.684
[18,   600] loss: 0.685 accuracy:55.523
[18,   700] loss: 0.685 accuracy:55.502
test_accuracy is 56.270 after epochs 17

Epoch: 18
[19,   100] loss: 0.684 accuracy:55.812
[19,   200] loss: 0.684 accuracy:55.766
[19,   300] loss: 0.686 accuracy:55.115
[19,   400] loss: 0.685 accuracy:55.441
[19,   500] loss: 0.684 accuracy:55.453
[19,   600] loss: 0.684 accuracy:55.594
[19,   700] loss: 0.684 accuracy:55.672
test_accuracy is 57.310 after epochs 18
Saving..

Epoch: 19
[20,   100] loss: 0.681 accuracy:56.719
[20,   200] loss: 0.683 accuracy:56.109
[20,   300] loss: 0.683 accuracy:56.104
[20,   400] loss: 0.683 accuracy:55.809
[20,   500] loss: 0.683 accuracy:55.766
[20,   600] loss: 0.683 accuracy:55.883
[20,   700] loss: 0.683 accuracy:55.991
test_accuracy is 57.850 after epochs 19
Saving..

Epoch: 20
[21,   100] loss: 0.682 accuracy:56.312
[21,   200] loss: 0.681 accuracy:56.875
[21,   300] loss: 0.682 accuracy:56.682
[21,   400] loss: 0.681 accuracy:56.641
[21,   500] loss: 0.681 accuracy:56.581
[21,   600] loss: 0.681 accuracy:56.714
[21,   700] loss: 0.681 accuracy:56.848
test_accuracy is 52.420 after epochs 20

Epoch: 21
[22,   100] loss: 0.682 accuracy:56.219
[22,   200] loss: 0.681 accuracy:56.602
[22,   300] loss: 0.681 accuracy:56.594
[22,   400] loss: 0.681 accuracy:56.547
[22,   500] loss: 0.680 accuracy:56.675
[22,   600] loss: 0.680 accuracy:56.729
[22,   700] loss: 0.680 accuracy:56.746
test_accuracy is 55.320 after epochs 21

Epoch: 22
[23,   100] loss: 0.684 accuracy:56.312
[23,   200] loss: 0.684 accuracy:55.961
[23,   300] loss: 0.682 accuracy:56.396
[23,   400] loss: 0.682 accuracy:56.555
[23,   500] loss: 0.681 accuracy:56.694
[23,   600] loss: 0.681 accuracy:56.789
[23,   700] loss: 0.681 accuracy:56.763
test_accuracy is 58.190 after epochs 22
Saving..

Epoch: 23
[24,   100] loss: 0.681 accuracy:56.250
[24,   200] loss: 0.677 accuracy:57.461
[24,   300] loss: 0.678 accuracy:57.354
[24,   400] loss: 0.679 accuracy:57.219
[24,   500] loss: 0.678 accuracy:57.231
[24,   600] loss: 0.679 accuracy:57.005
[24,   700] loss: 0.679 accuracy:56.931
test_accuracy is 55.600 after epochs 23

Epoch: 24
[25,   100] loss: 0.679 accuracy:57.062
[25,   200] loss: 0.678 accuracy:57.211
[25,   300] loss: 0.679 accuracy:57.083
[25,   400] loss: 0.680 accuracy:56.984
[25,   500] loss: 0.680 accuracy:56.791
[25,   600] loss: 0.681 accuracy:56.617
[25,   700] loss: 0.680 accuracy:56.629
test_accuracy is 58.410 after epochs 24
Saving..

Epoch: 25
[26,   100] loss: 0.678 accuracy:57.453
[26,   200] loss: 0.677 accuracy:57.734
[26,   300] loss: 0.679 accuracy:57.109
[26,   400] loss: 0.678 accuracy:57.188
[26,   500] loss: 0.678 accuracy:57.278
[26,   600] loss: 0.678 accuracy:57.359
[26,   700] loss: 0.677 accuracy:57.516
test_accuracy is 56.390 after epochs 25

Epoch: 26
[27,   100] loss: 0.678 accuracy:57.234
[27,   200] loss: 0.677 accuracy:57.109
[27,   300] loss: 0.680 accuracy:56.427
[27,   400] loss: 0.680 accuracy:56.438
[27,   500] loss: 0.680 accuracy:56.416
[27,   600] loss: 0.681 accuracy:56.438
[27,   700] loss: 0.680 accuracy:56.404
test_accuracy is 55.540 after epochs 26

Epoch: 27
[28,   100] loss: 0.680 accuracy:56.516
[28,   200] loss: 0.680 accuracy:56.648
[28,   300] loss: 0.678 accuracy:57.042
[28,   400] loss: 0.677 accuracy:57.309
[28,   500] loss: 0.677 accuracy:57.431
[28,   600] loss: 0.676 accuracy:57.643
[28,   700] loss: 0.676 accuracy:57.627
test_accuracy is 58.410 after epochs 27

Epoch: 28
[29,   100] loss: 0.677 accuracy:56.922
[29,   200] loss: 0.676 accuracy:57.383
[29,   300] loss: 0.677 accuracy:57.135
[29,   400] loss: 0.677 accuracy:57.121
[29,   500] loss: 0.676 accuracy:57.281
[29,   600] loss: 0.676 accuracy:57.383
[29,   700] loss: 0.676 accuracy:57.467
test_accuracy is 57.750 after epochs 28

Epoch: 29
[30,   100] loss: 0.676 accuracy:57.250
[30,   200] loss: 0.673 accuracy:58.250
[30,   300] loss: 0.675 accuracy:57.766
[30,   400] loss: 0.674 accuracy:57.820
[30,   500] loss: 0.674 accuracy:57.656
[30,   600] loss: 0.674 accuracy:57.661
[30,   700] loss: 0.675 accuracy:57.538
test_accuracy is 54.450 after epochs 29

Epoch: 30
[31,   100] loss: 0.682 accuracy:55.969
[31,   200] loss: 0.677 accuracy:57.328
[31,   300] loss: 0.676 accuracy:57.464
[31,   400] loss: 0.676 accuracy:57.492
[31,   500] loss: 0.675 accuracy:57.616
[31,   600] loss: 0.675 accuracy:57.680
[31,   700] loss: 0.675 accuracy:57.692
test_accuracy is 58.150 after epochs 30

Epoch: 31
[32,   100] loss: 0.675 accuracy:57.719
[32,   200] loss: 0.674 accuracy:57.938
[32,   300] loss: 0.672 accuracy:58.385
[32,   400] loss: 0.673 accuracy:58.160
[32,   500] loss: 0.673 accuracy:58.181
[32,   600] loss: 0.674 accuracy:58.060
[32,   700] loss: 0.673 accuracy:58.025
test_accuracy is 59.120 after epochs 31
Saving..

Epoch: 32
[33,   100] loss: 0.676 accuracy:57.156
[33,   200] loss: 0.673 accuracy:57.797
[33,   300] loss: 0.670 accuracy:58.516
[33,   400] loss: 0.670 accuracy:58.410
[33,   500] loss: 0.670 accuracy:58.478
[33,   600] loss: 0.669 accuracy:58.625
[33,   700] loss: 0.670 accuracy:58.589
test_accuracy is 56.970 after epochs 32

Epoch: 33
[34,   100] loss: 0.675 accuracy:57.859
[34,   200] loss: 0.671 accuracy:58.648
[34,   300] loss: 0.670 accuracy:58.708
[34,   400] loss: 0.670 accuracy:58.781
[34,   500] loss: 0.670 accuracy:58.741
[34,   600] loss: 0.670 accuracy:58.745
[34,   700] loss: 0.670 accuracy:58.732
test_accuracy is 59.410 after epochs 33
Saving..

Epoch: 34
[35,   100] loss: 0.668 accuracy:58.844
[35,   200] loss: 0.668 accuracy:58.938
[35,   300] loss: 0.670 accuracy:58.599
[35,   400] loss: 0.670 accuracy:58.715
[35,   500] loss: 0.670 accuracy:58.513
[35,   600] loss: 0.670 accuracy:58.562
[35,   700] loss: 0.670 accuracy:58.574
test_accuracy is 55.280 after epochs 34

Epoch: 35
[36,   100] loss: 0.671 accuracy:58.641
[36,   200] loss: 0.669 accuracy:59.172
[36,   300] loss: 0.667 accuracy:59.250
[36,   400] loss: 0.667 accuracy:59.320
[36,   500] loss: 0.667 accuracy:59.266
[36,   600] loss: 0.667 accuracy:59.247
[36,   700] loss: 0.668 accuracy:58.942
test_accuracy is 59.100 after epochs 35

Epoch: 36
[37,   100] loss: 0.668 accuracy:58.859
[37,   200] loss: 0.668 accuracy:58.867
[37,   300] loss: 0.670 accuracy:58.495
[37,   400] loss: 0.669 accuracy:58.602
[37,   500] loss: 0.666 accuracy:58.991
[37,   600] loss: 0.665 accuracy:59.208
[37,   700] loss: 0.666 accuracy:59.087
test_accuracy is 59.220 after epochs 36

Epoch: 37
[38,   100] loss: 0.664 accuracy:59.453
[38,   200] loss: 0.665 accuracy:59.070
[38,   300] loss: 0.664 accuracy:59.276
[38,   400] loss: 0.663 accuracy:59.559
[38,   500] loss: 0.663 accuracy:59.466
[38,   600] loss: 0.662 accuracy:59.711
[38,   700] loss: 0.661 accuracy:59.801
test_accuracy is 61.710 after epochs 37
Saving..

Epoch: 38
[39,   100] loss: 0.662 accuracy:60.031
[39,   200] loss: 0.663 accuracy:59.602
[39,   300] loss: 0.663 accuracy:59.458
[39,   400] loss: 0.663 accuracy:59.426
[39,   500] loss: 0.660 accuracy:59.769
[39,   600] loss: 0.659 accuracy:59.891
[39,   700] loss: 0.659 accuracy:59.868
test_accuracy is 59.730 after epochs 38

Epoch: 39
[40,   100] loss: 0.661 accuracy:59.094
[40,   200] loss: 0.659 accuracy:59.305
[40,   300] loss: 0.658 accuracy:59.391
[40,   400] loss: 0.659 accuracy:59.406
[40,   500] loss: 0.658 accuracy:59.672
[40,   600] loss: 0.657 accuracy:59.833
[40,   700] loss: 0.656 accuracy:59.873
test_accuracy is 55.110 after epochs 39

Epoch: 40
[41,   100] loss: 0.653 accuracy:59.797
[41,   200] loss: 0.648 accuracy:60.094
[41,   300] loss: 0.648 accuracy:60.292
[41,   400] loss: 0.648 accuracy:60.430
[41,   500] loss: 0.647 accuracy:60.534
[41,   600] loss: 0.645 accuracy:60.604
[41,   700] loss: 0.645 accuracy:60.719
test_accuracy is 58.850 after epochs 40

Epoch: 41
[42,   100] loss: 0.644 accuracy:60.781
[42,   200] loss: 0.641 accuracy:61.336
[42,   300] loss: 0.640 accuracy:61.693
[42,   400] loss: 0.637 accuracy:61.820
[42,   500] loss: 0.638 accuracy:61.731
[42,   600] loss: 0.638 accuracy:61.820
[42,   700] loss: 0.637 accuracy:61.922
test_accuracy is 60.660 after epochs 41

Epoch: 42
[43,   100] loss: 0.635 accuracy:62.141
[43,   200] loss: 0.626 accuracy:63.109
[43,   300] loss: 0.627 accuracy:62.859
[43,   400] loss: 0.626 accuracy:63.168
[43,   500] loss: 0.626 accuracy:63.128
[43,   600] loss: 0.623 accuracy:63.406
[43,   700] loss: 0.620 accuracy:63.598
test_accuracy is 63.620 after epochs 42
Saving..

Epoch: 43
[44,   100] loss: 0.611 accuracy:63.609
[44,   200] loss: 0.612 accuracy:63.758
[44,   300] loss: 0.606 accuracy:64.464
[44,   400] loss: 0.603 accuracy:64.824
[44,   500] loss: 0.606 accuracy:64.588
[44,   600] loss: 0.604 accuracy:64.901
[44,   700] loss: 0.603 accuracy:65.027
test_accuracy is 67.950 after epochs 43
Saving..

Epoch: 44
[45,   100] loss: 0.597 accuracy:65.734
[45,   200] loss: 0.586 accuracy:66.656
[45,   300] loss: 0.587 accuracy:66.401
[45,   400] loss: 0.585 accuracy:66.785
[45,   500] loss: 0.582 accuracy:67.112
[45,   600] loss: 0.580 accuracy:67.367
[45,   700] loss: 0.576 accuracy:67.676
test_accuracy is 70.460 after epochs 44
Saving..

Epoch: 45
[46,   100] loss: 0.580 accuracy:67.562
[46,   200] loss: 0.571 accuracy:68.172
[46,   300] loss: 0.565 accuracy:68.891
[46,   400] loss: 0.569 accuracy:68.566
[46,   500] loss: 0.567 accuracy:68.703
[46,   600] loss: 0.567 accuracy:68.661
[46,   700] loss: 0.563 accuracy:68.980
test_accuracy is 72.170 after epochs 45
Saving..

Epoch: 46
[47,   100] loss: 0.548 accuracy:70.062
[47,   200] loss: 0.542 accuracy:70.883
[47,   300] loss: 0.540 accuracy:71.000
[47,   400] loss: 0.536 accuracy:71.414
[47,   500] loss: 0.533 accuracy:71.713
[47,   600] loss: 0.532 accuracy:71.708
[47,   700] loss: 0.529 accuracy:71.862
test_accuracy is 72.990 after epochs 46
Saving..

Epoch: 47
[48,   100] loss: 0.522 accuracy:72.734
[48,   200] loss: 0.524 accuracy:72.359
[48,   300] loss: 0.522 accuracy:72.484
[48,   400] loss: 0.519 accuracy:72.621
[48,   500] loss: 0.517 accuracy:72.875
[48,   600] loss: 0.514 accuracy:73.005
[48,   700] loss: 0.516 accuracy:72.850
test_accuracy is 75.470 after epochs 47
Saving..

Epoch: 48
[49,   100] loss: 0.482 accuracy:75.672
[49,   200] loss: 0.500 accuracy:74.102
[49,   300] loss: 0.503 accuracy:74.104
[49,   400] loss: 0.498 accuracy:74.379
[49,   500] loss: 0.497 accuracy:74.331
[49,   600] loss: 0.496 accuracy:74.453
[49,   700] loss: 0.494 accuracy:74.607
test_accuracy is 72.390 after epochs 48

Epoch: 49
[50,   100] loss: 0.500 accuracy:74.469
[50,   200] loss: 0.491 accuracy:74.969
[50,   300] loss: 0.493 accuracy:74.896
[50,   400] loss: 0.490 accuracy:75.172
[50,   500] loss: 0.486 accuracy:75.409
[50,   600] loss: 0.486 accuracy:75.414
[50,   700] loss: 0.485 accuracy:75.511
test_accuracy is 76.530 after epochs 49
Saving..

Epoch: 50
[51,   100] loss: 0.487 accuracy:75.703
[51,   200] loss: 0.481 accuracy:75.797
[51,   300] loss: 0.474 accuracy:76.276
[51,   400] loss: 0.471 accuracy:76.516
[51,   500] loss: 0.467 accuracy:76.844
[51,   600] loss: 0.473 accuracy:76.469
[51,   700] loss: 0.472 accuracy:76.549
test_accuracy is 79.070 after epochs 50
Saving..

Epoch: 51
[52,   100] loss: 0.479 accuracy:76.000
[52,   200] loss: 0.468 accuracy:76.516
[52,   300] loss: 0.461 accuracy:76.990
[52,   400] loss: 0.459 accuracy:77.184
[52,   500] loss: 0.458 accuracy:77.122
[52,   600] loss: 0.459 accuracy:77.091
[52,   700] loss: 0.458 accuracy:77.143
test_accuracy is 80.980 after epochs 51
Saving..

Epoch: 52
[53,   100] loss: 0.438 accuracy:79.094
[53,   200] loss: 0.436 accuracy:79.141
[53,   300] loss: 0.438 accuracy:79.031
[53,   400] loss: 0.436 accuracy:79.129
[53,   500] loss: 0.436 accuracy:79.066
[53,   600] loss: 0.438 accuracy:78.883
[53,   700] loss: 0.439 accuracy:78.871
test_accuracy is 80.960 after epochs 52

Epoch: 53
[54,   100] loss: 0.436 accuracy:78.500
[54,   200] loss: 0.442 accuracy:78.203
[54,   300] loss: 0.437 accuracy:78.703
[54,   400] loss: 0.442 accuracy:78.441
[54,   500] loss: 0.446 accuracy:78.088
[54,   600] loss: 0.444 accuracy:78.320
[54,   700] loss: 0.441 accuracy:78.487
test_accuracy is 77.580 after epochs 53

Epoch: 54
[55,   100] loss: 0.438 accuracy:78.625
[55,   200] loss: 0.439 accuracy:78.742
[55,   300] loss: 0.441 accuracy:78.568
[55,   400] loss: 0.445 accuracy:78.262
[55,   500] loss: 0.440 accuracy:78.603
[55,   600] loss: 0.438 accuracy:78.760
[55,   700] loss: 0.440 accuracy:78.656
test_accuracy is 80.920 after epochs 54

Epoch: 55
[56,   100] loss: 0.415 accuracy:80.359
[56,   200] loss: 0.421 accuracy:80.172
[56,   300] loss: 0.416 accuracy:80.484
[56,   400] loss: 0.414 accuracy:80.527
[56,   500] loss: 0.415 accuracy:80.425
[56,   600] loss: 0.414 accuracy:80.513
[56,   700] loss: 0.416 accuracy:80.337
test_accuracy is 80.230 after epochs 55

Epoch: 56
[57,   100] loss: 0.421 accuracy:80.156
[57,   200] loss: 0.415 accuracy:80.547
[57,   300] loss: 0.412 accuracy:80.833
[57,   400] loss: 0.412 accuracy:80.930
[57,   500] loss: 0.414 accuracy:80.775
[57,   600] loss: 0.412 accuracy:80.820
[57,   700] loss: 0.414 accuracy:80.757
test_accuracy is 79.840 after epochs 56

Epoch: 57
[58,   100] loss: 0.417 accuracy:80.609
[58,   200] loss: 0.407 accuracy:81.195
[58,   300] loss: 0.406 accuracy:81.099
[58,   400] loss: 0.410 accuracy:80.848
[58,   500] loss: 0.407 accuracy:80.991
[58,   600] loss: 0.407 accuracy:80.992
[58,   700] loss: 0.405 accuracy:81.087
test_accuracy is 84.140 after epochs 57
Saving..

Epoch: 58
[59,   100] loss: 0.404 accuracy:81.484
[59,   200] loss: 0.407 accuracy:81.289
[59,   300] loss: 0.402 accuracy:81.495
[59,   400] loss: 0.401 accuracy:81.543
[59,   500] loss: 0.400 accuracy:81.528
[59,   600] loss: 0.402 accuracy:81.354
[59,   700] loss: 0.402 accuracy:81.395
test_accuracy is 80.990 after epochs 58

Epoch: 59
[60,   100] loss: 0.397 accuracy:81.500
[60,   200] loss: 0.402 accuracy:81.094
[60,   300] loss: 0.401 accuracy:81.104
[60,   400] loss: 0.402 accuracy:81.113
[60,   500] loss: 0.400 accuracy:81.175
[60,   600] loss: 0.401 accuracy:81.206
[60,   700] loss: 0.401 accuracy:81.239
test_accuracy is 84.260 after epochs 59
Saving..

Epoch: 60
[61,   100] loss: 0.387 accuracy:81.906
[61,   200] loss: 0.399 accuracy:81.305
[61,   300] loss: 0.397 accuracy:81.516
[61,   400] loss: 0.398 accuracy:81.543
[61,   500] loss: 0.399 accuracy:81.475
[61,   600] loss: 0.397 accuracy:81.633
[61,   700] loss: 0.397 accuracy:81.665
test_accuracy is 82.070 after epochs 60

Epoch: 61
[62,   100] loss: 0.382 accuracy:83.156
[62,   200] loss: 0.377 accuracy:83.211
[62,   300] loss: 0.382 accuracy:82.802
[62,   400] loss: 0.382 accuracy:82.848
[62,   500] loss: 0.382 accuracy:82.722
[62,   600] loss: 0.382 accuracy:82.794
[62,   700] loss: 0.383 accuracy:82.701
test_accuracy is 84.040 after epochs 61

Epoch: 62
[63,   100] loss: 0.379 accuracy:83.156
[63,   200] loss: 0.378 accuracy:83.023
[63,   300] loss: 0.381 accuracy:82.958
[63,   400] loss: 0.381 accuracy:82.777
[63,   500] loss: 0.381 accuracy:82.678
[63,   600] loss: 0.381 accuracy:82.747
[63,   700] loss: 0.381 accuracy:82.725
test_accuracy is 84.700 after epochs 62
Saving..

Epoch: 63
[64,   100] loss: 0.376 accuracy:82.750
[64,   200] loss: 0.381 accuracy:82.344
[64,   300] loss: 0.375 accuracy:82.823
[64,   400] loss: 0.373 accuracy:83.020
[64,   500] loss: 0.379 accuracy:82.619
[64,   600] loss: 0.384 accuracy:82.305
[64,   700] loss: 0.382 accuracy:82.426
test_accuracy is 84.580 after epochs 63

Epoch: 64
[65,   100] loss: 0.384 accuracy:82.453
[65,   200] loss: 0.369 accuracy:83.359
[65,   300] loss: 0.378 accuracy:82.802
[65,   400] loss: 0.378 accuracy:82.766
[65,   500] loss: 0.372 accuracy:83.169
[65,   600] loss: 0.370 accuracy:83.326
[65,   700] loss: 0.366 accuracy:83.560
test_accuracy is 83.390 after epochs 64

Epoch: 65
[66,   100] loss: 0.366 accuracy:83.469
[66,   200] loss: 0.365 accuracy:83.633
[66,   300] loss: 0.370 accuracy:83.370
[66,   400] loss: 0.371 accuracy:83.395
[66,   500] loss: 0.371 accuracy:83.353
[66,   600] loss: 0.372 accuracy:83.333
[66,   700] loss: 0.376 accuracy:82.989
test_accuracy is 85.730 after epochs 65
Saving..

Epoch: 66
[67,   100] loss: 0.368 accuracy:83.250
[67,   200] loss: 0.374 accuracy:82.844
[67,   300] loss: 0.373 accuracy:83.109
[67,   400] loss: 0.374 accuracy:82.988
[67,   500] loss: 0.373 accuracy:82.981
[67,   600] loss: 0.372 accuracy:83.089
[67,   700] loss: 0.371 accuracy:83.096
test_accuracy is 84.600 after epochs 66

Epoch: 67
[68,   100] loss: 0.360 accuracy:83.891
[68,   200] loss: 0.358 accuracy:84.102
[68,   300] loss: 0.359 accuracy:84.203
[68,   400] loss: 0.363 accuracy:83.867
[68,   500] loss: 0.362 accuracy:83.941
[68,   600] loss: 0.363 accuracy:83.859
[68,   700] loss: 0.361 accuracy:83.913
test_accuracy is 83.420 after epochs 67

Epoch: 68
[69,   100] loss: 0.374 accuracy:83.375
[69,   200] loss: 0.368 accuracy:83.789
[69,   300] loss: 0.361 accuracy:83.964
[69,   400] loss: 0.361 accuracy:83.910
[69,   500] loss: 0.364 accuracy:83.756
[69,   600] loss: 0.364 accuracy:83.826
[69,   700] loss: 0.365 accuracy:83.730
test_accuracy is 85.220 after epochs 68

Epoch: 69
[70,   100] loss: 0.357 accuracy:84.141
[70,   200] loss: 0.361 accuracy:83.922
[70,   300] loss: 0.363 accuracy:83.755
[70,   400] loss: 0.362 accuracy:83.828
[70,   500] loss: 0.356 accuracy:84.122
[70,   600] loss: 0.355 accuracy:84.174
[70,   700] loss: 0.354 accuracy:84.154
test_accuracy is 87.400 after epochs 69
Saving..

Epoch: 70
[71,   100] loss: 0.345 accuracy:84.672
[71,   200] loss: 0.349 accuracy:84.734
[71,   300] loss: 0.351 accuracy:84.724
[71,   400] loss: 0.352 accuracy:84.691
[71,   500] loss: 0.346 accuracy:84.888
[71,   600] loss: 0.347 accuracy:84.815
[71,   700] loss: 0.345 accuracy:84.871
test_accuracy is 78.950 after epochs 70

Epoch: 71
[72,   100] loss: 0.347 accuracy:84.719
[72,   200] loss: 0.348 accuracy:84.672
[72,   300] loss: 0.350 accuracy:84.740
[72,   400] loss: 0.348 accuracy:84.824
[72,   500] loss: 0.346 accuracy:84.934
[72,   600] loss: 0.347 accuracy:84.812
[72,   700] loss: 0.343 accuracy:85.132
test_accuracy is 86.670 after epochs 71

Epoch: 72
[73,   100] loss: 0.355 accuracy:84.422
[73,   200] loss: 0.360 accuracy:83.953
[73,   300] loss: 0.355 accuracy:84.208
[73,   400] loss: 0.351 accuracy:84.562
[73,   500] loss: 0.349 accuracy:84.769
[73,   600] loss: 0.348 accuracy:84.826
[73,   700] loss: 0.347 accuracy:84.875
test_accuracy is 85.160 after epochs 72

Epoch: 73
[74,   100] loss: 0.347 accuracy:84.750
[74,   200] loss: 0.344 accuracy:84.938
[74,   300] loss: 0.346 accuracy:84.708
[74,   400] loss: 0.343 accuracy:84.910
[74,   500] loss: 0.344 accuracy:84.875
[74,   600] loss: 0.343 accuracy:84.914
[74,   700] loss: 0.342 accuracy:84.980
test_accuracy is 87.420 after epochs 73
Saving..

Epoch: 74
[75,   100] loss: 0.336 accuracy:85.078
[75,   200] loss: 0.332 accuracy:85.523
[75,   300] loss: 0.329 accuracy:85.802
[75,   400] loss: 0.329 accuracy:85.766
[75,   500] loss: 0.329 accuracy:85.825
[75,   600] loss: 0.328 accuracy:85.789
[75,   700] loss: 0.329 accuracy:85.783
test_accuracy is 85.940 after epochs 74

Epoch: 75
[76,   100] loss: 0.325 accuracy:86.391
[76,   200] loss: 0.338 accuracy:85.609
[76,   300] loss: 0.334 accuracy:85.755
[76,   400] loss: 0.333 accuracy:85.805
[76,   500] loss: 0.334 accuracy:85.709
[76,   600] loss: 0.332 accuracy:85.812
[76,   700] loss: 0.333 accuracy:85.703
test_accuracy is 83.700 after epochs 75

Epoch: 76
[77,   100] loss: 0.333 accuracy:85.656
[77,   200] loss: 0.331 accuracy:85.609
[77,   300] loss: 0.335 accuracy:85.490
[77,   400] loss: 0.331 accuracy:85.770
[77,   500] loss: 0.332 accuracy:85.694
[77,   600] loss: 0.334 accuracy:85.529
[77,   700] loss: 0.332 accuracy:85.607
test_accuracy is 87.600 after epochs 76
Saving..

Epoch: 77
[78,   100] loss: 0.310 accuracy:87.031
[78,   200] loss: 0.317 accuracy:86.531
[78,   300] loss: 0.321 accuracy:86.188
[78,   400] loss: 0.322 accuracy:86.148
[78,   500] loss: 0.327 accuracy:85.838
[78,   600] loss: 0.325 accuracy:85.878
[78,   700] loss: 0.327 accuracy:85.819
test_accuracy is 88.540 after epochs 77
Saving..

Epoch: 78
[79,   100] loss: 0.343 accuracy:84.828
[79,   200] loss: 0.329 accuracy:85.844
[79,   300] loss: 0.331 accuracy:85.755
[79,   400] loss: 0.333 accuracy:85.480
[79,   500] loss: 0.328 accuracy:85.728
[79,   600] loss: 0.326 accuracy:85.831
[79,   700] loss: 0.326 accuracy:85.929
test_accuracy is 88.600 after epochs 78
Saving..

Epoch: 79
[80,   100] loss: 0.320 accuracy:86.594
[80,   200] loss: 0.314 accuracy:86.789
[80,   300] loss: 0.321 accuracy:86.365
[80,   400] loss: 0.320 accuracy:86.422
[80,   500] loss: 0.321 accuracy:86.431
[80,   600] loss: 0.320 accuracy:86.396
[80,   700] loss: 0.320 accuracy:86.382
test_accuracy is 87.320 after epochs 79

Epoch: 80
[81,   100] loss: 0.325 accuracy:86.203
[81,   200] loss: 0.329 accuracy:86.055
[81,   300] loss: 0.327 accuracy:86.182
[81,   400] loss: 0.326 accuracy:86.207
[81,   500] loss: 0.327 accuracy:86.103
[81,   600] loss: 0.329 accuracy:85.917
[81,   700] loss: 0.328 accuracy:85.962
test_accuracy is 86.920 after epochs 80

Epoch: 81
[82,   100] loss: 0.327 accuracy:85.750
[82,   200] loss: 0.319 accuracy:86.227
[82,   300] loss: 0.317 accuracy:86.370
[82,   400] loss: 0.314 accuracy:86.543
[82,   500] loss: 0.313 accuracy:86.622
[82,   600] loss: 0.312 accuracy:86.706
[82,   700] loss: 0.313 accuracy:86.674
test_accuracy is 87.580 after epochs 81

Epoch: 82
[83,   100] loss: 0.317 accuracy:86.672
[83,   200] loss: 0.311 accuracy:87.023
[83,   300] loss: 0.312 accuracy:86.839
[83,   400] loss: 0.313 accuracy:86.730
[83,   500] loss: 0.313 accuracy:86.734
[83,   600] loss: 0.312 accuracy:86.703
[83,   700] loss: 0.312 accuracy:86.730
test_accuracy is 85.860 after epochs 82

Epoch: 83
[84,   100] loss: 0.326 accuracy:86.047
[84,   200] loss: 0.314 accuracy:86.703
[84,   300] loss: 0.313 accuracy:86.760
[84,   400] loss: 0.313 accuracy:86.734
[84,   500] loss: 0.313 accuracy:86.744
[84,   600] loss: 0.313 accuracy:86.740
[84,   700] loss: 0.314 accuracy:86.699
test_accuracy is 84.620 after epochs 83

Epoch: 84
[85,   100] loss: 0.325 accuracy:85.844
[85,   200] loss: 0.317 accuracy:86.367
[85,   300] loss: 0.313 accuracy:86.604
[85,   400] loss: 0.314 accuracy:86.535
[85,   500] loss: 0.317 accuracy:86.478
[85,   600] loss: 0.314 accuracy:86.654
[85,   700] loss: 0.311 accuracy:86.824
test_accuracy is 87.160 after epochs 84

Epoch: 85
[86,   100] loss: 0.301 accuracy:87.719
[86,   200] loss: 0.305 accuracy:87.336
[86,   300] loss: 0.305 accuracy:87.312
[86,   400] loss: 0.304 accuracy:87.352
[86,   500] loss: 0.306 accuracy:87.234
[86,   600] loss: 0.303 accuracy:87.367
[86,   700] loss: 0.303 accuracy:87.400
test_accuracy is 86.770 after epochs 85

Epoch: 86
[87,   100] loss: 0.303 accuracy:87.172
[87,   200] loss: 0.302 accuracy:87.430
[87,   300] loss: 0.306 accuracy:87.141
[87,   400] loss: 0.306 accuracy:87.129
[87,   500] loss: 0.304 accuracy:87.269
[87,   600] loss: 0.303 accuracy:87.310
[87,   700] loss: 0.305 accuracy:87.252
test_accuracy is 88.950 after epochs 86
Saving..

Epoch: 87
[88,   100] loss: 0.301 accuracy:87.281
[88,   200] loss: 0.301 accuracy:87.453
[88,   300] loss: 0.301 accuracy:87.427
[88,   400] loss: 0.301 accuracy:87.488
[88,   500] loss: 0.299 accuracy:87.569
[88,   600] loss: 0.301 accuracy:87.547
[88,   700] loss: 0.301 accuracy:87.502
test_accuracy is 89.800 after epochs 87
Saving..

Epoch: 88
[89,   100] loss: 0.300 accuracy:87.281
[89,   200] loss: 0.295 accuracy:87.852
[89,   300] loss: 0.296 accuracy:87.745
[89,   400] loss: 0.294 accuracy:87.840
[89,   500] loss: 0.296 accuracy:87.797
[89,   600] loss: 0.295 accuracy:87.841
[89,   700] loss: 0.298 accuracy:87.663
test_accuracy is 87.130 after epochs 88

Epoch: 89
[90,   100] loss: 0.298 accuracy:87.766
[90,   200] loss: 0.301 accuracy:87.250
[90,   300] loss: 0.298 accuracy:87.380
[90,   400] loss: 0.297 accuracy:87.496
[90,   500] loss: 0.298 accuracy:87.469
[90,   600] loss: 0.299 accuracy:87.409
[90,   700] loss: 0.298 accuracy:87.502
test_accuracy is 86.620 after epochs 89

Epoch: 90
[91,   100] loss: 0.282 accuracy:88.406
[91,   200] loss: 0.281 accuracy:88.469
[91,   300] loss: 0.283 accuracy:88.401
[91,   400] loss: 0.285 accuracy:88.309
[91,   500] loss: 0.288 accuracy:88.156
[91,   600] loss: 0.288 accuracy:88.172
[91,   700] loss: 0.286 accuracy:88.221
test_accuracy is 90.460 after epochs 90
Saving..

Epoch: 91
[92,   100] loss: 0.294 accuracy:87.875
[92,   200] loss: 0.290 accuracy:88.109
[92,   300] loss: 0.295 accuracy:87.766
[92,   400] loss: 0.295 accuracy:87.766
[92,   500] loss: 0.294 accuracy:87.772
[92,   600] loss: 0.293 accuracy:87.857
[92,   700] loss: 0.292 accuracy:87.882
test_accuracy is 89.730 after epochs 91

Epoch: 92
[93,   100] loss: 0.286 accuracy:88.031
[93,   200] loss: 0.294 accuracy:87.836
[93,   300] loss: 0.293 accuracy:87.818
[93,   400] loss: 0.292 accuracy:87.910
[93,   500] loss: 0.291 accuracy:87.963
[93,   600] loss: 0.290 accuracy:87.997
[93,   700] loss: 0.289 accuracy:87.975
test_accuracy is 88.640 after epochs 92

Epoch: 93
[94,   100] loss: 0.289 accuracy:87.984
[94,   200] loss: 0.283 accuracy:88.469
[94,   300] loss: 0.284 accuracy:88.411
[94,   400] loss: 0.281 accuracy:88.531
[94,   500] loss: 0.282 accuracy:88.481
[94,   600] loss: 0.282 accuracy:88.448
[94,   700] loss: 0.281 accuracy:88.484
test_accuracy is 88.870 after epochs 93

Epoch: 94
[95,   100] loss: 0.294 accuracy:87.781
[95,   200] loss: 0.288 accuracy:87.953
[95,   300] loss: 0.288 accuracy:88.021
[95,   400] loss: 0.287 accuracy:88.184
[95,   500] loss: 0.283 accuracy:88.372
[95,   600] loss: 0.281 accuracy:88.430
[95,   700] loss: 0.281 accuracy:88.467
test_accuracy is 86.750 after epochs 94

Epoch: 95
[96,   100] loss: 0.294 accuracy:87.656
[96,   200] loss: 0.289 accuracy:87.781
[96,   300] loss: 0.284 accuracy:88.188
[96,   400] loss: 0.285 accuracy:88.168
[96,   500] loss: 0.281 accuracy:88.397
[96,   600] loss: 0.279 accuracy:88.497
[96,   700] loss: 0.280 accuracy:88.491
test_accuracy is 88.250 after epochs 95

Epoch: 96
[97,   100] loss: 0.288 accuracy:88.094
[97,   200] loss: 0.288 accuracy:88.320
[97,   300] loss: 0.285 accuracy:88.307
[97,   400] loss: 0.281 accuracy:88.512
[97,   500] loss: 0.278 accuracy:88.656
[97,   600] loss: 0.278 accuracy:88.677
[97,   700] loss: 0.280 accuracy:88.567
test_accuracy is 86.880 after epochs 96

Epoch: 97
[98,   100] loss: 0.272 accuracy:88.906
[98,   200] loss: 0.273 accuracy:88.953
[98,   300] loss: 0.273 accuracy:88.948
[98,   400] loss: 0.278 accuracy:88.691
[98,   500] loss: 0.277 accuracy:88.709
[98,   600] loss: 0.277 accuracy:88.724
[98,   700] loss: 0.276 accuracy:88.772
test_accuracy is 88.740 after epochs 97

Epoch: 98
[99,   100] loss: 0.264 accuracy:89.531
[99,   200] loss: 0.272 accuracy:88.977
[99,   300] loss: 0.274 accuracy:88.974
[99,   400] loss: 0.277 accuracy:88.820
[99,   500] loss: 0.274 accuracy:89.019
[99,   600] loss: 0.274 accuracy:88.979
[99,   700] loss: 0.275 accuracy:88.962
test_accuracy is 89.340 after epochs 98

Epoch: 99
[100,   100] loss: 0.268 accuracy:88.859
[100,   200] loss: 0.268 accuracy:88.969
[100,   300] loss: 0.274 accuracy:88.615
[100,   400] loss: 0.278 accuracy:88.500
[100,   500] loss: 0.275 accuracy:88.691
[100,   600] loss: 0.275 accuracy:88.721
[100,   700] loss: 0.278 accuracy:88.605
test_accuracy is 89.920 after epochs 99

Epoch: 100
[101,   100] loss: 0.280 accuracy:87.984
[101,   200] loss: 0.277 accuracy:88.469
[101,   300] loss: 0.274 accuracy:88.734
[101,   400] loss: 0.273 accuracy:88.785
[101,   500] loss: 0.271 accuracy:88.816
[101,   600] loss: 0.270 accuracy:88.852
[101,   700] loss: 0.273 accuracy:88.786
test_accuracy is 88.920 after epochs 100

Epoch: 101
[102,   100] loss: 0.273 accuracy:88.734
[102,   200] loss: 0.267 accuracy:89.102
[102,   300] loss: 0.267 accuracy:89.099
[102,   400] loss: 0.270 accuracy:88.977
[102,   500] loss: 0.268 accuracy:89.084
[102,   600] loss: 0.269 accuracy:89.060
[102,   700] loss: 0.268 accuracy:89.114
test_accuracy is 90.790 after epochs 101
Saving..

Epoch: 102
[103,   100] loss: 0.281 accuracy:88.797
[103,   200] loss: 0.276 accuracy:88.766
[103,   300] loss: 0.271 accuracy:88.984
[103,   400] loss: 0.270 accuracy:89.094
[103,   500] loss: 0.271 accuracy:89.147
[103,   600] loss: 0.272 accuracy:89.044
[103,   700] loss: 0.272 accuracy:89.069
test_accuracy is 90.200 after epochs 102

Epoch: 103
[104,   100] loss: 0.262 accuracy:89.516
[104,   200] loss: 0.276 accuracy:88.961
[104,   300] loss: 0.273 accuracy:89.062
[104,   400] loss: 0.274 accuracy:88.922
[104,   500] loss: 0.272 accuracy:89.072
[104,   600] loss: 0.274 accuracy:88.948
[104,   700] loss: 0.273 accuracy:89.009
test_accuracy is 89.770 after epochs 103

Epoch: 104
[105,   100] loss: 0.265 accuracy:89.422
[105,   200] loss: 0.271 accuracy:88.852
[105,   300] loss: 0.266 accuracy:89.281
[105,   400] loss: 0.266 accuracy:89.254
[105,   500] loss: 0.266 accuracy:89.241
[105,   600] loss: 0.266 accuracy:89.266
[105,   700] loss: 0.265 accuracy:89.286
test_accuracy is 88.690 after epochs 104

Epoch: 105
[106,   100] loss: 0.259 accuracy:89.734
[106,   200] loss: 0.254 accuracy:89.875
[106,   300] loss: 0.259 accuracy:89.724
[106,   400] loss: 0.258 accuracy:89.793
[106,   500] loss: 0.258 accuracy:89.747
[106,   600] loss: 0.262 accuracy:89.594
[106,   700] loss: 0.261 accuracy:89.594
test_accuracy is 88.220 after epochs 105

Epoch: 106
[107,   100] loss: 0.268 accuracy:89.078
[107,   200] loss: 0.264 accuracy:89.258
[107,   300] loss: 0.262 accuracy:89.391
[107,   400] loss: 0.263 accuracy:89.301
[107,   500] loss: 0.261 accuracy:89.491
[107,   600] loss: 0.262 accuracy:89.510
[107,   700] loss: 0.263 accuracy:89.464
test_accuracy is 88.670 after epochs 106

Epoch: 107
[108,   100] loss: 0.261 accuracy:89.531
[108,   200] loss: 0.262 accuracy:89.484
[108,   300] loss: 0.265 accuracy:89.198
[108,   400] loss: 0.263 accuracy:89.398
[108,   500] loss: 0.261 accuracy:89.431
[108,   600] loss: 0.261 accuracy:89.406
[108,   700] loss: 0.263 accuracy:89.330
test_accuracy is 89.850 after epochs 107

Epoch: 108
[109,   100] loss: 0.266 accuracy:89.016
[109,   200] loss: 0.259 accuracy:89.250
[109,   300] loss: 0.258 accuracy:89.521
[109,   400] loss: 0.253 accuracy:89.738
[109,   500] loss: 0.256 accuracy:89.634
[109,   600] loss: 0.256 accuracy:89.688
[109,   700] loss: 0.256 accuracy:89.696
test_accuracy is 91.430 after epochs 108
Saving..

Epoch: 109
[110,   100] loss: 0.248 accuracy:90.375
[110,   200] loss: 0.250 accuracy:90.234
[110,   300] loss: 0.254 accuracy:90.047
[110,   400] loss: 0.254 accuracy:89.965
[110,   500] loss: 0.256 accuracy:89.825
[110,   600] loss: 0.258 accuracy:89.755
[110,   700] loss: 0.256 accuracy:89.839
test_accuracy is 90.940 after epochs 109

Epoch: 110
[111,   100] loss: 0.242 accuracy:90.422
[111,   200] loss: 0.247 accuracy:90.242
[111,   300] loss: 0.251 accuracy:90.016
[111,   400] loss: 0.247 accuracy:90.223
[111,   500] loss: 0.250 accuracy:90.069
[111,   600] loss: 0.251 accuracy:90.081
[111,   700] loss: 0.251 accuracy:90.054
test_accuracy is 90.410 after epochs 110

Epoch: 111
[112,   100] loss: 0.273 accuracy:88.953
[112,   200] loss: 0.260 accuracy:89.656
[112,   300] loss: 0.259 accuracy:89.714
[112,   400] loss: 0.259 accuracy:89.746
[112,   500] loss: 0.261 accuracy:89.669
[112,   600] loss: 0.259 accuracy:89.781
[112,   700] loss: 0.257 accuracy:89.879
test_accuracy is 90.590 after epochs 111

Epoch: 112
[113,   100] loss: 0.251 accuracy:90.234
[113,   200] loss: 0.242 accuracy:90.586
[113,   300] loss: 0.242 accuracy:90.630
[113,   400] loss: 0.246 accuracy:90.371
[113,   500] loss: 0.246 accuracy:90.353
[113,   600] loss: 0.247 accuracy:90.323
[113,   700] loss: 0.245 accuracy:90.393
test_accuracy is 90.320 after epochs 112

Epoch: 113
[114,   100] loss: 0.245 accuracy:90.422
[114,   200] loss: 0.246 accuracy:90.344
[114,   300] loss: 0.250 accuracy:90.031
[114,   400] loss: 0.253 accuracy:89.848
[114,   500] loss: 0.250 accuracy:90.037
[114,   600] loss: 0.251 accuracy:89.977
[114,   700] loss: 0.253 accuracy:89.884
test_accuracy is 89.970 after epochs 113

Epoch: 114
[115,   100] loss: 0.245 accuracy:90.281
[115,   200] loss: 0.244 accuracy:90.383
[115,   300] loss: 0.243 accuracy:90.453
[115,   400] loss: 0.242 accuracy:90.617
[115,   500] loss: 0.247 accuracy:90.362
[115,   600] loss: 0.246 accuracy:90.370
[115,   700] loss: 0.246 accuracy:90.379
test_accuracy is 88.370 after epochs 114

Epoch: 115
[116,   100] loss: 0.237 accuracy:90.828
[116,   200] loss: 0.246 accuracy:90.461
[116,   300] loss: 0.250 accuracy:90.318
[116,   400] loss: 0.249 accuracy:90.281
[116,   500] loss: 0.248 accuracy:90.237
[116,   600] loss: 0.248 accuracy:90.221
[116,   700] loss: 0.247 accuracy:90.306
test_accuracy is 91.260 after epochs 115

Epoch: 116
[117,   100] loss: 0.243 accuracy:90.531
[117,   200] loss: 0.245 accuracy:90.406
[117,   300] loss: 0.243 accuracy:90.536
[117,   400] loss: 0.243 accuracy:90.590
[117,   500] loss: 0.243 accuracy:90.547
[117,   600] loss: 0.244 accuracy:90.430
[117,   700] loss: 0.242 accuracy:90.536
test_accuracy is 90.440 after epochs 116

Epoch: 117
[118,   100] loss: 0.259 accuracy:89.281
[118,   200] loss: 0.249 accuracy:89.906
[118,   300] loss: 0.247 accuracy:90.115
[118,   400] loss: 0.243 accuracy:90.352
[118,   500] loss: 0.241 accuracy:90.491
[118,   600] loss: 0.243 accuracy:90.365
[118,   700] loss: 0.245 accuracy:90.286
test_accuracy is 90.190 after epochs 117

Epoch: 118
[119,   100] loss: 0.230 accuracy:91.188
[119,   200] loss: 0.244 accuracy:90.688
[119,   300] loss: 0.242 accuracy:90.583
[119,   400] loss: 0.241 accuracy:90.660
[119,   500] loss: 0.239 accuracy:90.694
[119,   600] loss: 0.239 accuracy:90.742
[119,   700] loss: 0.240 accuracy:90.647
test_accuracy is 88.180 after epochs 118

Epoch: 119
[120,   100] loss: 0.241 accuracy:90.250
[120,   200] loss: 0.251 accuracy:90.109
[120,   300] loss: 0.245 accuracy:90.297
[120,   400] loss: 0.242 accuracy:90.504
[120,   500] loss: 0.245 accuracy:90.381
[120,   600] loss: 0.244 accuracy:90.427
[120,   700] loss: 0.242 accuracy:90.498
test_accuracy is 89.800 after epochs 119

Epoch: 120
[121,   100] loss: 0.244 accuracy:90.484
[121,   200] loss: 0.245 accuracy:90.461
[121,   300] loss: 0.245 accuracy:90.474
[121,   400] loss: 0.243 accuracy:90.559
[121,   500] loss: 0.241 accuracy:90.644
[121,   600] loss: 0.240 accuracy:90.591
[121,   700] loss: 0.240 accuracy:90.605
test_accuracy is 90.270 after epochs 120

Epoch: 121
[122,   100] loss: 0.236 accuracy:91.000
[122,   200] loss: 0.235 accuracy:90.836
[122,   300] loss: 0.239 accuracy:90.661
[122,   400] loss: 0.240 accuracy:90.605
[122,   500] loss: 0.241 accuracy:90.497
[122,   600] loss: 0.240 accuracy:90.544
[122,   700] loss: 0.241 accuracy:90.478
test_accuracy is 91.520 after epochs 121
Saving..

Epoch: 122
[123,   100] loss: 0.227 accuracy:91.156
[123,   200] loss: 0.232 accuracy:90.938
[123,   300] loss: 0.236 accuracy:90.792
[123,   400] loss: 0.235 accuracy:90.879
[123,   500] loss: 0.235 accuracy:90.856
[123,   600] loss: 0.235 accuracy:90.919
[123,   700] loss: 0.236 accuracy:90.873
test_accuracy is 89.130 after epochs 122

Epoch: 123
[124,   100] loss: 0.233 accuracy:90.828
[124,   200] loss: 0.226 accuracy:91.203
[124,   300] loss: 0.226 accuracy:91.208
[124,   400] loss: 0.229 accuracy:91.109
[124,   500] loss: 0.229 accuracy:91.022
[124,   600] loss: 0.231 accuracy:90.964
[124,   700] loss: 0.231 accuracy:90.944
test_accuracy is 91.560 after epochs 123
Saving..

Epoch: 124
[125,   100] loss: 0.226 accuracy:91.172
[125,   200] loss: 0.227 accuracy:91.055
[125,   300] loss: 0.228 accuracy:91.120
[125,   400] loss: 0.228 accuracy:91.152
[125,   500] loss: 0.229 accuracy:91.131
[125,   600] loss: 0.229 accuracy:91.172
[125,   700] loss: 0.228 accuracy:91.156
test_accuracy is 92.190 after epochs 124
Saving..

Epoch: 125
[126,   100] loss: 0.245 accuracy:90.625
[126,   200] loss: 0.235 accuracy:90.695
[126,   300] loss: 0.235 accuracy:90.677
[126,   400] loss: 0.233 accuracy:90.734
[126,   500] loss: 0.232 accuracy:90.850
[126,   600] loss: 0.232 accuracy:90.859
[126,   700] loss: 0.231 accuracy:90.902
test_accuracy is 90.000 after epochs 125

Epoch: 126
[127,   100] loss: 0.242 accuracy:90.750
[127,   200] loss: 0.236 accuracy:90.977
[127,   300] loss: 0.235 accuracy:90.896
[127,   400] loss: 0.233 accuracy:91.027
[127,   500] loss: 0.233 accuracy:91.025
[127,   600] loss: 0.234 accuracy:91.010
[127,   700] loss: 0.233 accuracy:91.058
test_accuracy is 89.800 after epochs 126

Epoch: 127
[128,   100] loss: 0.227 accuracy:91.188
[128,   200] loss: 0.228 accuracy:91.062
[128,   300] loss: 0.230 accuracy:91.068
[128,   400] loss: 0.228 accuracy:91.180
[128,   500] loss: 0.229 accuracy:91.097
[128,   600] loss: 0.231 accuracy:90.997
[128,   700] loss: 0.231 accuracy:91.071
test_accuracy is 90.560 after epochs 127

Epoch: 128
[129,   100] loss: 0.233 accuracy:90.984
[129,   200] loss: 0.229 accuracy:91.242
[129,   300] loss: 0.224 accuracy:91.438
[129,   400] loss: 0.228 accuracy:91.184
[129,   500] loss: 0.227 accuracy:91.197
[129,   600] loss: 0.229 accuracy:91.174
[129,   700] loss: 0.229 accuracy:91.152
test_accuracy is 91.010 after epochs 128

Epoch: 129
[130,   100] loss: 0.237 accuracy:91.141
[130,   200] loss: 0.230 accuracy:91.289
[130,   300] loss: 0.227 accuracy:91.339
[130,   400] loss: 0.225 accuracy:91.434
[130,   500] loss: 0.228 accuracy:91.359
[130,   600] loss: 0.228 accuracy:91.302
[130,   700] loss: 0.228 accuracy:91.328
test_accuracy is 91.480 after epochs 129

Epoch: 130
[131,   100] loss: 0.227 accuracy:91.469
[131,   200] loss: 0.223 accuracy:91.703
[131,   300] loss: 0.225 accuracy:91.526
[131,   400] loss: 0.225 accuracy:91.379
[131,   500] loss: 0.226 accuracy:91.359
[131,   600] loss: 0.228 accuracy:91.242
[131,   700] loss: 0.227 accuracy:91.252
test_accuracy is 90.360 after epochs 130

Epoch: 131
[132,   100] loss: 0.225 accuracy:91.203
[132,   200] loss: 0.222 accuracy:91.453
[132,   300] loss: 0.223 accuracy:91.417
[132,   400] loss: 0.226 accuracy:91.285
[132,   500] loss: 0.227 accuracy:91.281
[132,   600] loss: 0.228 accuracy:91.216
[132,   700] loss: 0.227 accuracy:91.230
test_accuracy is 90.870 after epochs 131

Epoch: 132
[133,   100] loss: 0.215 accuracy:91.703
[133,   200] loss: 0.215 accuracy:91.648
[133,   300] loss: 0.220 accuracy:91.432
[133,   400] loss: 0.223 accuracy:91.406
[133,   500] loss: 0.223 accuracy:91.397
[133,   600] loss: 0.225 accuracy:91.318
[133,   700] loss: 0.224 accuracy:91.366
test_accuracy is 91.540 after epochs 132

Epoch: 133
[134,   100] loss: 0.227 accuracy:91.359
[134,   200] loss: 0.222 accuracy:91.633
[134,   300] loss: 0.222 accuracy:91.589
[134,   400] loss: 0.225 accuracy:91.496
[134,   500] loss: 0.223 accuracy:91.606
[134,   600] loss: 0.225 accuracy:91.477
[134,   700] loss: 0.223 accuracy:91.500
test_accuracy is 91.980 after epochs 133

Epoch: 134
[135,   100] loss: 0.212 accuracy:92.203
[135,   200] loss: 0.216 accuracy:91.883
[135,   300] loss: 0.219 accuracy:91.656
[135,   400] loss: 0.219 accuracy:91.523
[135,   500] loss: 0.218 accuracy:91.534
[135,   600] loss: 0.219 accuracy:91.451
[135,   700] loss: 0.220 accuracy:91.426
test_accuracy is 92.260 after epochs 134
Saving..

Epoch: 135
[136,   100] loss: 0.209 accuracy:92.141
[136,   200] loss: 0.215 accuracy:91.891
[136,   300] loss: 0.212 accuracy:92.052
[136,   400] loss: 0.216 accuracy:91.922
[136,   500] loss: 0.216 accuracy:91.959
[136,   600] loss: 0.217 accuracy:91.893
[136,   700] loss: 0.217 accuracy:91.837
test_accuracy is 91.620 after epochs 135

Epoch: 136
[137,   100] loss: 0.209 accuracy:92.156
[137,   200] loss: 0.216 accuracy:91.820
[137,   300] loss: 0.216 accuracy:91.792
[137,   400] loss: 0.217 accuracy:91.855
[137,   500] loss: 0.214 accuracy:91.994
[137,   600] loss: 0.213 accuracy:92.005
[137,   700] loss: 0.217 accuracy:91.877
test_accuracy is 91.980 after epochs 136

Epoch: 137
[138,   100] loss: 0.233 accuracy:91.125
[138,   200] loss: 0.227 accuracy:91.242
[138,   300] loss: 0.221 accuracy:91.500
[138,   400] loss: 0.221 accuracy:91.504
[138,   500] loss: 0.219 accuracy:91.616
[138,   600] loss: 0.219 accuracy:91.602
[138,   700] loss: 0.220 accuracy:91.567
test_accuracy is 92.670 after epochs 137
Saving..

Epoch: 138
[139,   100] loss: 0.225 accuracy:91.250
[139,   200] loss: 0.218 accuracy:91.695
[139,   300] loss: 0.217 accuracy:91.661
[139,   400] loss: 0.219 accuracy:91.680
[139,   500] loss: 0.215 accuracy:91.853
[139,   600] loss: 0.215 accuracy:91.815
[139,   700] loss: 0.214 accuracy:91.857
test_accuracy is 90.060 after epochs 138

Epoch: 139
[140,   100] loss: 0.215 accuracy:92.031
[140,   200] loss: 0.221 accuracy:91.609
[140,   300] loss: 0.215 accuracy:91.875
[140,   400] loss: 0.216 accuracy:91.789
[140,   500] loss: 0.218 accuracy:91.722
[140,   600] loss: 0.217 accuracy:91.779
[140,   700] loss: 0.216 accuracy:91.824
test_accuracy is 91.820 after epochs 139

Epoch: 140
[141,   100] loss: 0.208 accuracy:92.172
[141,   200] loss: 0.207 accuracy:92.234
[141,   300] loss: 0.206 accuracy:92.318
[141,   400] loss: 0.210 accuracy:92.109
[141,   500] loss: 0.211 accuracy:92.062
[141,   600] loss: 0.209 accuracy:92.120
[141,   700] loss: 0.211 accuracy:92.016
test_accuracy is 90.870 after epochs 140

Epoch: 141
[142,   100] loss: 0.211 accuracy:91.656
[142,   200] loss: 0.216 accuracy:91.570
[142,   300] loss: 0.219 accuracy:91.552
[142,   400] loss: 0.219 accuracy:91.617
[142,   500] loss: 0.221 accuracy:91.469
[142,   600] loss: 0.219 accuracy:91.586
[142,   700] loss: 0.218 accuracy:91.645
test_accuracy is 92.090 after epochs 141

Epoch: 142
[143,   100] loss: 0.222 accuracy:91.656
[143,   200] loss: 0.214 accuracy:92.109
[143,   300] loss: 0.216 accuracy:92.083
[143,   400] loss: 0.215 accuracy:92.070
[143,   500] loss: 0.213 accuracy:92.084
[143,   600] loss: 0.211 accuracy:92.135
[143,   700] loss: 0.212 accuracy:92.074
test_accuracy is 91.990 after epochs 142

Epoch: 143
[144,   100] loss: 0.212 accuracy:91.750
[144,   200] loss: 0.220 accuracy:91.625
[144,   300] loss: 0.218 accuracy:91.604
[144,   400] loss: 0.214 accuracy:91.820
[144,   500] loss: 0.212 accuracy:91.862
[144,   600] loss: 0.214 accuracy:91.784
[144,   700] loss: 0.213 accuracy:91.848
test_accuracy is 92.500 after epochs 143

Epoch: 144
[145,   100] loss: 0.208 accuracy:91.938
[145,   200] loss: 0.207 accuracy:92.023
[145,   300] loss: 0.209 accuracy:91.969
[145,   400] loss: 0.211 accuracy:91.883
[145,   500] loss: 0.212 accuracy:91.800
[145,   600] loss: 0.211 accuracy:91.826
[145,   700] loss: 0.211 accuracy:91.886
test_accuracy is 92.770 after epochs 144
Saving..

Epoch: 145
[146,   100] loss: 0.221 accuracy:91.406
[146,   200] loss: 0.214 accuracy:91.906
[146,   300] loss: 0.216 accuracy:91.885
[146,   400] loss: 0.212 accuracy:92.035
[146,   500] loss: 0.212 accuracy:91.991
[146,   600] loss: 0.210 accuracy:92.034
[146,   700] loss: 0.210 accuracy:92.011
test_accuracy is 92.750 after epochs 145

Epoch: 146
[147,   100] loss: 0.219 accuracy:91.703
[147,   200] loss: 0.215 accuracy:91.789
[147,   300] loss: 0.215 accuracy:91.818
[147,   400] loss: 0.213 accuracy:91.941
[147,   500] loss: 0.210 accuracy:92.044
[147,   600] loss: 0.210 accuracy:92.083
[147,   700] loss: 0.211 accuracy:92.051
test_accuracy is 92.940 after epochs 146
Saving..

Epoch: 147
[148,   100] loss: 0.215 accuracy:91.781
[148,   200] loss: 0.211 accuracy:92.039
[148,   300] loss: 0.211 accuracy:92.052
[148,   400] loss: 0.210 accuracy:92.125
[148,   500] loss: 0.212 accuracy:92.013
[148,   600] loss: 0.211 accuracy:92.117
[148,   700] loss: 0.211 accuracy:92.049
test_accuracy is 92.590 after epochs 147

Epoch: 148
[149,   100] loss: 0.207 accuracy:92.391
[149,   200] loss: 0.207 accuracy:92.383
[149,   300] loss: 0.211 accuracy:92.047
[149,   400] loss: 0.213 accuracy:91.941
[149,   500] loss: 0.211 accuracy:92.016
[149,   600] loss: 0.210 accuracy:92.081
[149,   700] loss: 0.209 accuracy:92.107
test_accuracy is 92.130 after epochs 148

Epoch: 149
[150,   100] loss: 0.206 accuracy:92.328
[150,   200] loss: 0.206 accuracy:92.352
[150,   300] loss: 0.209 accuracy:92.208
[150,   400] loss: 0.208 accuracy:92.219
[150,   500] loss: 0.208 accuracy:92.225
[150,   600] loss: 0.210 accuracy:92.125
[150,   700] loss: 0.208 accuracy:92.219
test_accuracy is 92.920 after epochs 149

Epoch: 150
[151,   100] loss: 0.220 accuracy:91.859
[151,   200] loss: 0.220 accuracy:91.719
[151,   300] loss: 0.214 accuracy:91.927
[151,   400] loss: 0.214 accuracy:91.906
[151,   500] loss: 0.212 accuracy:91.944
[151,   600] loss: 0.211 accuracy:91.995
[151,   700] loss: 0.210 accuracy:92.051
test_accuracy is 92.500 after epochs 150

Epoch: 151
[152,   100] loss: 0.204 accuracy:92.594
[152,   200] loss: 0.202 accuracy:92.648
[152,   300] loss: 0.200 accuracy:92.714
[152,   400] loss: 0.199 accuracy:92.695
[152,   500] loss: 0.201 accuracy:92.675
[152,   600] loss: 0.203 accuracy:92.576
[152,   700] loss: 0.203 accuracy:92.536
test_accuracy is 91.530 after epochs 151

Epoch: 152
[153,   100] loss: 0.193 accuracy:93.094
[153,   200] loss: 0.197 accuracy:92.844
[153,   300] loss: 0.195 accuracy:92.901
[153,   400] loss: 0.196 accuracy:92.750
[153,   500] loss: 0.199 accuracy:92.675
[153,   600] loss: 0.199 accuracy:92.646
[153,   700] loss: 0.200 accuracy:92.583
test_accuracy is 91.460 after epochs 152

Epoch: 153
[154,   100] loss: 0.210 accuracy:92.188
[154,   200] loss: 0.205 accuracy:92.375
[154,   300] loss: 0.207 accuracy:92.375
[154,   400] loss: 0.205 accuracy:92.418
[154,   500] loss: 0.204 accuracy:92.459
[154,   600] loss: 0.204 accuracy:92.430
[154,   700] loss: 0.205 accuracy:92.368
test_accuracy is 91.860 after epochs 153

Epoch: 154
[155,   100] loss: 0.200 accuracy:92.500
[155,   200] loss: 0.202 accuracy:92.391
[155,   300] loss: 0.204 accuracy:92.401
[155,   400] loss: 0.203 accuracy:92.418
[155,   500] loss: 0.202 accuracy:92.444
[155,   600] loss: 0.201 accuracy:92.479
[155,   700] loss: 0.202 accuracy:92.420
test_accuracy is 91.390 after epochs 154

Epoch: 155
[156,   100] loss: 0.196 accuracy:92.672
[156,   200] loss: 0.193 accuracy:92.922
[156,   300] loss: 0.196 accuracy:92.807
[156,   400] loss: 0.195 accuracy:92.852
[156,   500] loss: 0.197 accuracy:92.769
[156,   600] loss: 0.195 accuracy:92.797
[156,   700] loss: 0.196 accuracy:92.759
test_accuracy is 91.700 after epochs 155

Epoch: 156
[157,   100] loss: 0.206 accuracy:92.172
[157,   200] loss: 0.210 accuracy:92.156
[157,   300] loss: 0.204 accuracy:92.505
[157,   400] loss: 0.203 accuracy:92.551
[157,   500] loss: 0.203 accuracy:92.481
[157,   600] loss: 0.203 accuracy:92.500
[157,   700] loss: 0.204 accuracy:92.467
test_accuracy is 92.700 after epochs 156

Epoch: 157
[158,   100] loss: 0.201 accuracy:92.609
[158,   200] loss: 0.198 accuracy:92.758
[158,   300] loss: 0.201 accuracy:92.589
[158,   400] loss: 0.201 accuracy:92.547
[158,   500] loss: 0.200 accuracy:92.600
[158,   600] loss: 0.201 accuracy:92.555
[158,   700] loss: 0.202 accuracy:92.549
test_accuracy is 93.140 after epochs 157
Saving..

Epoch: 158
[159,   100] loss: 0.196 accuracy:92.719
[159,   200] loss: 0.207 accuracy:92.352
[159,   300] loss: 0.205 accuracy:92.328
[159,   400] loss: 0.204 accuracy:92.297
[159,   500] loss: 0.204 accuracy:92.322
[159,   600] loss: 0.204 accuracy:92.255
[159,   700] loss: 0.201 accuracy:92.379
test_accuracy is 93.030 after epochs 158

Epoch: 159
[160,   100] loss: 0.201 accuracy:92.562
[160,   200] loss: 0.202 accuracy:92.398
[160,   300] loss: 0.199 accuracy:92.568
[160,   400] loss: 0.199 accuracy:92.543
[160,   500] loss: 0.199 accuracy:92.606
[160,   600] loss: 0.200 accuracy:92.542
[160,   700] loss: 0.200 accuracy:92.504
test_accuracy is 91.880 after epochs 159

Epoch: 160
[161,   100] loss: 0.190 accuracy:93.234
[161,   200] loss: 0.188 accuracy:93.203
[161,   300] loss: 0.194 accuracy:92.901
[161,   400] loss: 0.194 accuracy:92.816
[161,   500] loss: 0.193 accuracy:92.900
[161,   600] loss: 0.193 accuracy:92.891
[161,   700] loss: 0.193 accuracy:92.944
test_accuracy is 92.050 after epochs 160

Epoch: 161
[162,   100] loss: 0.199 accuracy:92.812
[162,   200] loss: 0.198 accuracy:92.672
[162,   300] loss: 0.203 accuracy:92.422
[162,   400] loss: 0.201 accuracy:92.527
[162,   500] loss: 0.203 accuracy:92.453
[162,   600] loss: 0.203 accuracy:92.411
[162,   700] loss: 0.201 accuracy:92.487
test_accuracy is 92.450 after epochs 161

Epoch: 162
[163,   100] loss: 0.186 accuracy:93.531
[163,   200] loss: 0.195 accuracy:92.883
[163,   300] loss: 0.195 accuracy:92.943
[163,   400] loss: 0.195 accuracy:92.941
[163,   500] loss: 0.194 accuracy:92.972
[163,   600] loss: 0.196 accuracy:92.870
[163,   700] loss: 0.195 accuracy:92.900
test_accuracy is 92.340 after epochs 162

Epoch: 163
[164,   100] loss: 0.197 accuracy:92.578
[164,   200] loss: 0.196 accuracy:92.672
[164,   300] loss: 0.194 accuracy:92.693
[164,   400] loss: 0.195 accuracy:92.680
[164,   500] loss: 0.197 accuracy:92.581
[164,   600] loss: 0.198 accuracy:92.544
[164,   700] loss: 0.197 accuracy:92.665
test_accuracy is 91.990 after epochs 163

Epoch: 164
[165,   100] loss: 0.200 accuracy:92.422
[165,   200] loss: 0.198 accuracy:92.625
[165,   300] loss: 0.199 accuracy:92.406
[165,   400] loss: 0.197 accuracy:92.434
[165,   500] loss: 0.196 accuracy:92.581
[165,   600] loss: 0.196 accuracy:92.633
[165,   700] loss: 0.196 accuracy:92.629
test_accuracy is 92.740 after epochs 164

Epoch: 165
[166,   100] loss: 0.194 accuracy:93.094
[166,   200] loss: 0.195 accuracy:92.883
[166,   300] loss: 0.196 accuracy:92.859
[166,   400] loss: 0.193 accuracy:92.926
[166,   500] loss: 0.193 accuracy:92.938
[166,   600] loss: 0.195 accuracy:92.812
[166,   700] loss: 0.194 accuracy:92.844
test_accuracy is 92.530 after epochs 165

Epoch: 166
[167,   100] loss: 0.190 accuracy:92.984
[167,   200] loss: 0.189 accuracy:93.055
[167,   300] loss: 0.190 accuracy:92.938
[167,   400] loss: 0.192 accuracy:92.906
[167,   500] loss: 0.190 accuracy:92.984
[167,   600] loss: 0.190 accuracy:92.977
[167,   700] loss: 0.191 accuracy:92.906
test_accuracy is 93.620 after epochs 166
Saving..

Epoch: 167
[168,   100] loss: 0.189 accuracy:93.422
[168,   200] loss: 0.184 accuracy:93.500
[168,   300] loss: 0.188 accuracy:93.240
[168,   400] loss: 0.190 accuracy:93.109
[168,   500] loss: 0.192 accuracy:92.994
[168,   600] loss: 0.192 accuracy:93.010
[168,   700] loss: 0.192 accuracy:92.991
test_accuracy is 92.200 after epochs 167

Epoch: 168
[169,   100] loss: 0.193 accuracy:93.047
[169,   200] loss: 0.187 accuracy:93.242
[169,   300] loss: 0.190 accuracy:93.120
[169,   400] loss: 0.190 accuracy:93.059
[169,   500] loss: 0.189 accuracy:93.062
[169,   600] loss: 0.189 accuracy:93.083
[169,   700] loss: 0.188 accuracy:93.083
test_accuracy is 92.840 after epochs 168

Epoch: 169
[170,   100] loss: 0.191 accuracy:92.844
[170,   200] loss: 0.187 accuracy:93.039
[170,   300] loss: 0.189 accuracy:93.068
[170,   400] loss: 0.191 accuracy:92.996
[170,   500] loss: 0.189 accuracy:93.106
[170,   600] loss: 0.191 accuracy:93.036
[170,   700] loss: 0.191 accuracy:93.016
test_accuracy is 92.300 after epochs 169

Epoch: 170
[171,   100] loss: 0.173 accuracy:93.875
[171,   200] loss: 0.175 accuracy:93.766
[171,   300] loss: 0.182 accuracy:93.448
[171,   400] loss: 0.186 accuracy:93.270
[171,   500] loss: 0.186 accuracy:93.294
[171,   600] loss: 0.186 accuracy:93.281
[171,   700] loss: 0.188 accuracy:93.219
test_accuracy is 92.510 after epochs 170

Epoch: 171
[172,   100] loss: 0.191 accuracy:92.969
[172,   200] loss: 0.194 accuracy:92.805
[172,   300] loss: 0.196 accuracy:92.734
[172,   400] loss: 0.193 accuracy:92.809
[172,   500] loss: 0.192 accuracy:92.838
[172,   600] loss: 0.191 accuracy:92.927
[172,   700] loss: 0.191 accuracy:92.942
test_accuracy is 92.550 after epochs 171

Epoch: 172
[173,   100] loss: 0.190 accuracy:92.969
[173,   200] loss: 0.193 accuracy:92.781
[173,   300] loss: 0.192 accuracy:92.917
[173,   400] loss: 0.190 accuracy:93.027
[173,   500] loss: 0.191 accuracy:92.987
[173,   600] loss: 0.191 accuracy:93.047
[173,   700] loss: 0.190 accuracy:93.089
test_accuracy is 92.150 after epochs 172

Epoch: 173
[174,   100] loss: 0.188 accuracy:93.141
[174,   200] loss: 0.187 accuracy:93.227
[174,   300] loss: 0.189 accuracy:93.104
[174,   400] loss: 0.190 accuracy:92.961
[174,   500] loss: 0.192 accuracy:92.919
[174,   600] loss: 0.191 accuracy:92.966
[174,   700] loss: 0.193 accuracy:92.886
test_accuracy is 93.090 after epochs 173

Epoch: 174
[175,   100] loss: 0.193 accuracy:93.078
[175,   200] loss: 0.190 accuracy:93.133
[175,   300] loss: 0.189 accuracy:93.099
[175,   400] loss: 0.187 accuracy:93.195
[175,   500] loss: 0.186 accuracy:93.250
[175,   600] loss: 0.188 accuracy:93.164
[175,   700] loss: 0.189 accuracy:93.134
test_accuracy is 92.080 after epochs 174

Epoch: 175
[176,   100] loss: 0.186 accuracy:93.453
[176,   200] loss: 0.191 accuracy:93.102
[176,   300] loss: 0.191 accuracy:93.052
[176,   400] loss: 0.189 accuracy:93.148
[176,   500] loss: 0.191 accuracy:93.022
[176,   600] loss: 0.191 accuracy:93.047
[176,   700] loss: 0.190 accuracy:93.058
test_accuracy is 92.670 after epochs 175

Epoch: 176
[177,   100] loss: 0.190 accuracy:93.031
[177,   200] loss: 0.191 accuracy:92.891
[177,   300] loss: 0.193 accuracy:92.870
[177,   400] loss: 0.192 accuracy:92.801
[177,   500] loss: 0.190 accuracy:92.903
[177,   600] loss: 0.189 accuracy:92.945
[177,   700] loss: 0.189 accuracy:92.908
test_accuracy is 92.600 after epochs 176

Epoch: 177
[178,   100] loss: 0.187 accuracy:93.297
[178,   200] loss: 0.191 accuracy:93.062
[178,   300] loss: 0.195 accuracy:92.797
[178,   400] loss: 0.192 accuracy:92.941
[178,   500] loss: 0.191 accuracy:92.975
[178,   600] loss: 0.190 accuracy:93.026
[178,   700] loss: 0.191 accuracy:92.975
test_accuracy is 92.310 after epochs 177

Epoch: 178
[179,   100] loss: 0.188 accuracy:93.141
[179,   200] loss: 0.189 accuracy:93.180
[179,   300] loss: 0.188 accuracy:93.198
[179,   400] loss: 0.187 accuracy:93.176
[179,   500] loss: 0.188 accuracy:93.197
[179,   600] loss: 0.189 accuracy:93.201
[179,   700] loss: 0.188 accuracy:93.208
test_accuracy is 92.940 after epochs 178

Epoch: 179
[180,   100] loss: 0.193 accuracy:93.031
[180,   200] loss: 0.185 accuracy:93.258
[180,   300] loss: 0.183 accuracy:93.406
[180,   400] loss: 0.186 accuracy:93.254
[180,   500] loss: 0.186 accuracy:93.338
[180,   600] loss: 0.184 accuracy:93.307
[180,   700] loss: 0.184 accuracy:93.321
test_accuracy is 92.780 after epochs 179

Epoch: 180
[181,   100] loss: 0.190 accuracy:93.344
[181,   200] loss: 0.198 accuracy:92.938
[181,   300] loss: 0.194 accuracy:93.047
[181,   400] loss: 0.190 accuracy:93.266
[181,   500] loss: 0.188 accuracy:93.266
[181,   600] loss: 0.190 accuracy:93.214
[181,   700] loss: 0.188 accuracy:93.214
test_accuracy is 93.120 after epochs 180

Epoch: 181
[182,   100] loss: 0.196 accuracy:92.469
[182,   200] loss: 0.190 accuracy:92.961
[182,   300] loss: 0.186 accuracy:93.130
[182,   400] loss: 0.185 accuracy:93.230
[182,   500] loss: 0.185 accuracy:93.253
[182,   600] loss: 0.184 accuracy:93.302
[182,   700] loss: 0.184 accuracy:93.319
test_accuracy is 93.200 after epochs 181

Epoch: 182
[183,   100] loss: 0.197 accuracy:92.766
[183,   200] loss: 0.194 accuracy:92.891
[183,   300] loss: 0.189 accuracy:93.036
[183,   400] loss: 0.186 accuracy:93.086
[183,   500] loss: 0.186 accuracy:93.006
[183,   600] loss: 0.185 accuracy:93.107
[183,   700] loss: 0.183 accuracy:93.194
test_accuracy is 92.390 after epochs 182

Epoch: 183
[184,   100] loss: 0.181 accuracy:93.344
[184,   200] loss: 0.186 accuracy:93.227
[184,   300] loss: 0.183 accuracy:93.417
[184,   400] loss: 0.184 accuracy:93.355
[184,   500] loss: 0.183 accuracy:93.362
[184,   600] loss: 0.183 accuracy:93.320
[184,   700] loss: 0.183 accuracy:93.321
test_accuracy is 93.130 after epochs 183

Epoch: 184
[185,   100] loss: 0.185 accuracy:93.312
[185,   200] loss: 0.178 accuracy:93.594
[185,   300] loss: 0.177 accuracy:93.557
[185,   400] loss: 0.178 accuracy:93.473
[185,   500] loss: 0.178 accuracy:93.506
[185,   600] loss: 0.178 accuracy:93.482
[185,   700] loss: 0.179 accuracy:93.475
test_accuracy is 92.360 after epochs 184

Epoch: 185
[186,   100] loss: 0.182 accuracy:93.312
[186,   200] loss: 0.181 accuracy:93.359
[186,   300] loss: 0.182 accuracy:93.297
[186,   400] loss: 0.182 accuracy:93.344
[186,   500] loss: 0.182 accuracy:93.400
[186,   600] loss: 0.182 accuracy:93.419
[186,   700] loss: 0.182 accuracy:93.429
test_accuracy is 91.960 after epochs 185

Epoch: 186
[187,   100] loss: 0.184 accuracy:93.484
[187,   200] loss: 0.186 accuracy:93.227
[187,   300] loss: 0.189 accuracy:93.135
[187,   400] loss: 0.187 accuracy:93.191
[187,   500] loss: 0.187 accuracy:93.228
[187,   600] loss: 0.186 accuracy:93.229
[187,   700] loss: 0.186 accuracy:93.225
test_accuracy is 92.920 after epochs 186

Epoch: 187
[188,   100] loss: 0.186 accuracy:92.969
[188,   200] loss: 0.186 accuracy:93.148
[188,   300] loss: 0.184 accuracy:93.359
[188,   400] loss: 0.184 accuracy:93.309
[188,   500] loss: 0.182 accuracy:93.431
[188,   600] loss: 0.182 accuracy:93.409
[188,   700] loss: 0.183 accuracy:93.426
test_accuracy is 92.650 after epochs 187

Epoch: 188
[189,   100] loss: 0.180 accuracy:93.453
[189,   200] loss: 0.179 accuracy:93.672
[189,   300] loss: 0.179 accuracy:93.672
[189,   400] loss: 0.179 accuracy:93.617
[189,   500] loss: 0.180 accuracy:93.537
[189,   600] loss: 0.180 accuracy:93.534
[189,   700] loss: 0.181 accuracy:93.502
test_accuracy is 92.630 after epochs 188

Epoch: 189
[190,   100] loss: 0.187 accuracy:93.312
[190,   200] loss: 0.182 accuracy:93.445
[190,   300] loss: 0.185 accuracy:93.385
[190,   400] loss: 0.186 accuracy:93.336
[190,   500] loss: 0.184 accuracy:93.388
[190,   600] loss: 0.184 accuracy:93.362
[190,   700] loss: 0.185 accuracy:93.330
test_accuracy is 92.770 after epochs 189

Epoch: 190
[191,   100] loss: 0.185 accuracy:93.234
[191,   200] loss: 0.182 accuracy:93.297
[191,   300] loss: 0.180 accuracy:93.375
[191,   400] loss: 0.180 accuracy:93.414
[191,   500] loss: 0.181 accuracy:93.362
[191,   600] loss: 0.182 accuracy:93.357
[191,   700] loss: 0.182 accuracy:93.373
test_accuracy is 92.910 after epochs 190

Epoch: 191
[192,   100] loss: 0.182 accuracy:93.375
[192,   200] loss: 0.185 accuracy:93.211
[192,   300] loss: 0.185 accuracy:93.224
[192,   400] loss: 0.182 accuracy:93.363
[192,   500] loss: 0.182 accuracy:93.375
[192,   600] loss: 0.183 accuracy:93.326
[192,   700] loss: 0.183 accuracy:93.312
test_accuracy is 92.540 after epochs 191

Epoch: 192
[193,   100] loss: 0.186 accuracy:93.109
[193,   200] loss: 0.186 accuracy:93.234
[193,   300] loss: 0.186 accuracy:93.193
[193,   400] loss: 0.185 accuracy:93.258
[193,   500] loss: 0.183 accuracy:93.347
[193,   600] loss: 0.184 accuracy:93.286
[193,   700] loss: 0.182 accuracy:93.337
test_accuracy is 92.280 after epochs 192

Epoch: 193
[194,   100] loss: 0.180 accuracy:93.516
[194,   200] loss: 0.184 accuracy:93.375
[194,   300] loss: 0.183 accuracy:93.365
[194,   400] loss: 0.184 accuracy:93.270
[194,   500] loss: 0.185 accuracy:93.269
[194,   600] loss: 0.184 accuracy:93.318
[194,   700] loss: 0.185 accuracy:93.252
test_accuracy is 92.730 after epochs 193

Epoch: 194
[195,   100] loss: 0.173 accuracy:93.641
[195,   200] loss: 0.177 accuracy:93.508
[195,   300] loss: 0.181 accuracy:93.396
[195,   400] loss: 0.177 accuracy:93.559
[195,   500] loss: 0.179 accuracy:93.525
[195,   600] loss: 0.179 accuracy:93.484
[195,   700] loss: 0.179 accuracy:93.471
test_accuracy is 92.610 after epochs 194

Epoch: 195
[196,   100] loss: 0.176 accuracy:93.719
[196,   200] loss: 0.179 accuracy:93.688
[196,   300] loss: 0.175 accuracy:93.745
[196,   400] loss: 0.178 accuracy:93.621
[196,   500] loss: 0.179 accuracy:93.569
[196,   600] loss: 0.181 accuracy:93.487
[196,   700] loss: 0.181 accuracy:93.424
test_accuracy is 92.710 after epochs 195

Epoch: 196
[197,   100] loss: 0.172 accuracy:93.750
[197,   200] loss: 0.185 accuracy:93.117
[197,   300] loss: 0.186 accuracy:93.203
[197,   400] loss: 0.186 accuracy:93.277
[197,   500] loss: 0.184 accuracy:93.294
[197,   600] loss: 0.184 accuracy:93.247
[197,   700] loss: 0.183 accuracy:93.357
test_accuracy is 92.730 after epochs 196

Epoch: 197
[198,   100] loss: 0.194 accuracy:93.203
[198,   200] loss: 0.184 accuracy:93.430
[198,   300] loss: 0.182 accuracy:93.490
[198,   400] loss: 0.183 accuracy:93.422
[198,   500] loss: 0.182 accuracy:93.441
[198,   600] loss: 0.181 accuracy:93.500
[198,   700] loss: 0.181 accuracy:93.531
test_accuracy is 92.880 after epochs 197

Epoch: 198
[199,   100] loss: 0.194 accuracy:92.812
[199,   200] loss: 0.188 accuracy:93.172
[199,   300] loss: 0.185 accuracy:93.318
[199,   400] loss: 0.183 accuracy:93.355
[199,   500] loss: 0.180 accuracy:93.472
[199,   600] loss: 0.181 accuracy:93.432
[199,   700] loss: 0.180 accuracy:93.453
test_accuracy is 92.980 after epochs 198

Epoch: 199
[200,   100] loss: 0.183 accuracy:93.422
[200,   200] loss: 0.181 accuracy:93.398
[200,   300] loss: 0.179 accuracy:93.547
[200,   400] loss: 0.178 accuracy:93.582
[200,   500] loss: 0.178 accuracy:93.588
[200,   600] loss: 0.178 accuracy:93.620
[200,   700] loss: 0.180 accuracy:93.531
test_accuracy is 92.710 after epochs 199
