000 (9126475.001.000) 02/11 02:35:28 Job submitted from host: <10.15.2.1:9618?PrivAddr=%3c172.22.0.101:9618%3fsock%3d2293896_6fb7_6%3e&PrivNet=internal.cluster.is.localnet&addrs=10.15.2.1-9618&noUDP&sock=2293896_6fb7_6>
...
001 (9126475.001.000) 02/11 02:35:33 Job executing on host: <172.22.2.40:9618?addrs=172.22.2.40-9618&noUDP&sock=30316_d538_3>
...
006 (9126475.001.000) 02/11 02:35:42 Image size of job updated: 28492
	19  -  MemoryUsage of job (MB)
	18724  -  ResidentSetSize of job (KB)
...
006 (9126475.001.000) 02/11 02:40:43 Image size of job updated: 2371796
	2054  -  MemoryUsage of job (MB)
	2102648  -  ResidentSetSize of job (KB)
...
006 (9126475.001.000) 02/11 02:45:43 Image size of job updated: 2373768
	2056  -  MemoryUsage of job (MB)
	2104620  -  ResidentSetSize of job (KB)
...
006 (9126475.001.000) 02/11 03:10:46 Image size of job updated: 2375520
	2058  -  MemoryUsage of job (MB)
	2106372  -  ResidentSetSize of job (KB)
...
006 (9126475.001.000) 02/11 04:00:51 Image size of job updated: 2375520
	2059  -  MemoryUsage of job (MB)
	2108104  -  ResidentSetSize of job (KB)
...
005 (9126475.001.000) 02/11 05:18:03 Job terminated.
	(1) Normal termination (return value 0)
		Usr 0 02:35:15, Sys 0 00:06:20  -  Run Remote Usage
		Usr 0 00:00:00, Sys 0 00:00:00  -  Run Local Usage
		Usr 0 02:35:15, Sys 0 00:06:20  -  Total Remote Usage
		Usr 0 00:00:00, Sys 0 00:00:00  -  Total Local Usage
	0  -  Run Bytes Sent By Job
	0  -  Run Bytes Received By Job
	0  -  Total Bytes Sent By Job
	0  -  Total Bytes Received By Job
	Partitionable Resources :    Usage  Request Allocated Assigned
	   Cpus                 :     1.00        1         1 
	   Disk (KB)            :     2           2    853458 
	   Gpus                 :                 1         1 "CUDA1"
	   Memory (MB)          :  2059       48000     48000 
...
