HXLN_LN_LSTM-default-data-Triangle-version-0-num_layers-4-num_templates-4-dropout-0.1-epochs-200-patch_size-4-num_heads-4-batch_size-64-lr-0.0001-256-512-2-2-True-6-True-False-10-False-8-False-1
transformer embed_dim 256
functional? False
total heads 4
head dim 64
use topk?False
topk:10
Total number of parameters:686340

Epoch: 0
[1,   100] loss: 0.743 accuracy:50.000
[1,   200] loss: 0.724 accuracy:50.492
[1,   300] loss: 0.716 accuracy:50.521
[1,   400] loss: 0.713 accuracy:50.355
[1,   500] loss: 0.710 accuracy:50.525
[1,   600] loss: 0.709 accuracy:50.542
[1,   700] loss: 0.708 accuracy:50.232
test_accuracy is 50.290 after epochs 0
Saving..

Epoch: 1
[2,   100] loss: 0.702 accuracy:49.688
[2,   200] loss: 0.701 accuracy:50.000
[2,   300] loss: 0.700 accuracy:50.078
[2,   400] loss: 0.700 accuracy:50.176
[2,   500] loss: 0.699 accuracy:50.103
[2,   600] loss: 0.699 accuracy:50.094
[2,   700] loss: 0.699 accuracy:50.069
test_accuracy is 49.150 after epochs 1

Epoch: 2
[3,   100] loss: 0.697 accuracy:49.172
[3,   200] loss: 0.698 accuracy:49.594
[3,   300] loss: 0.698 accuracy:50.031
[3,   400] loss: 0.697 accuracy:50.098
[3,   500] loss: 0.697 accuracy:50.237
[3,   600] loss: 0.697 accuracy:49.974
[3,   700] loss: 0.697 accuracy:49.958
test_accuracy is 50.810 after epochs 2
Saving..

Epoch: 3
[4,   100] loss: 0.698 accuracy:49.125
[4,   200] loss: 0.697 accuracy:49.609
[4,   300] loss: 0.697 accuracy:49.406
[4,   400] loss: 0.697 accuracy:49.559
[4,   500] loss: 0.696 accuracy:49.566
[4,   600] loss: 0.696 accuracy:49.562
[4,   700] loss: 0.697 accuracy:49.565
test_accuracy is 50.490 after epochs 3

Epoch: 4
[5,   100] loss: 0.696 accuracy:50.281
[5,   200] loss: 0.696 accuracy:49.875
[5,   300] loss: 0.696 accuracy:49.984
[5,   400] loss: 0.696 accuracy:49.988
[5,   500] loss: 0.696 accuracy:49.831
[5,   600] loss: 0.696 accuracy:49.831
[5,   700] loss: 0.696 accuracy:49.757
test_accuracy is 50.350 after epochs 4

Epoch: 5
[6,   100] loss: 0.695 accuracy:49.969
[6,   200] loss: 0.695 accuracy:50.109
[6,   300] loss: 0.695 accuracy:49.969
[6,   400] loss: 0.695 accuracy:50.254
[6,   500] loss: 0.695 accuracy:50.303
[6,   600] loss: 0.695 accuracy:50.378
[6,   700] loss: 0.695 accuracy:50.391
test_accuracy is 51.230 after epochs 5
Saving..

Epoch: 6
[7,   100] loss: 0.695 accuracy:49.578
[7,   200] loss: 0.694 accuracy:50.336
[7,   300] loss: 0.694 accuracy:50.786
[7,   400] loss: 0.694 accuracy:50.473
[7,   500] loss: 0.694 accuracy:50.478
[7,   600] loss: 0.694 accuracy:50.487
[7,   700] loss: 0.694 accuracy:50.554
test_accuracy is 50.120 after epochs 6

Epoch: 7
[8,   100] loss: 0.692 accuracy:51.578
[8,   200] loss: 0.693 accuracy:51.664
[8,   300] loss: 0.693 accuracy:51.531
[8,   400] loss: 0.693 accuracy:51.434
[8,   500] loss: 0.694 accuracy:50.981
[8,   600] loss: 0.694 accuracy:50.930
[8,   700] loss: 0.693 accuracy:51.112
test_accuracy is 49.360 after epochs 7

Epoch: 8
[9,   100] loss: 0.695 accuracy:50.703
[9,   200] loss: 0.693 accuracy:51.555
[9,   300] loss: 0.693 accuracy:51.870
[9,   400] loss: 0.692 accuracy:52.188
[9,   500] loss: 0.692 accuracy:52.275
[9,   600] loss: 0.691 accuracy:52.654
[9,   700] loss: 0.690 accuracy:52.969
test_accuracy is 55.280 after epochs 8
Saving..

Epoch: 9
[10,   100] loss: 0.689 accuracy:53.469
[10,   200] loss: 0.689 accuracy:53.938
[10,   300] loss: 0.688 accuracy:54.036
[10,   400] loss: 0.688 accuracy:54.305
[10,   500] loss: 0.687 accuracy:54.416
[10,   600] loss: 0.687 accuracy:54.469
[10,   700] loss: 0.687 accuracy:54.453
test_accuracy is 55.670 after epochs 9
Saving..

Epoch: 10
[11,   100] loss: 0.685 accuracy:55.031
[11,   200] loss: 0.686 accuracy:54.945
[11,   300] loss: 0.686 accuracy:55.052
[11,   400] loss: 0.686 accuracy:54.859
[11,   500] loss: 0.686 accuracy:54.703
[11,   600] loss: 0.686 accuracy:54.935
[11,   700] loss: 0.686 accuracy:54.850
test_accuracy is 56.090 after epochs 10
Saving..

Epoch: 11
[12,   100] loss: 0.687 accuracy:54.453
[12,   200] loss: 0.685 accuracy:55.336
[12,   300] loss: 0.684 accuracy:55.557
[12,   400] loss: 0.684 accuracy:55.660
[12,   500] loss: 0.684 accuracy:55.959
[12,   600] loss: 0.684 accuracy:55.802
[12,   700] loss: 0.684 accuracy:55.926
test_accuracy is 54.790 after epochs 11

Epoch: 12
[13,   100] loss: 0.681 accuracy:55.969
[13,   200] loss: 0.681 accuracy:55.898
[13,   300] loss: 0.683 accuracy:55.307
[13,   400] loss: 0.684 accuracy:55.172
[13,   500] loss: 0.684 accuracy:55.337
[13,   600] loss: 0.683 accuracy:55.542
[13,   700] loss: 0.683 accuracy:55.507
test_accuracy is 55.040 after epochs 12

Epoch: 13
[14,   100] loss: 0.684 accuracy:55.625
[14,   200] loss: 0.683 accuracy:55.961
[14,   300] loss: 0.684 accuracy:55.854
[14,   400] loss: 0.684 accuracy:55.723
[14,   500] loss: 0.683 accuracy:55.888
[14,   600] loss: 0.683 accuracy:55.992
[14,   700] loss: 0.683 accuracy:55.973
test_accuracy is 56.630 after epochs 13
Saving..

Epoch: 14
[15,   100] loss: 0.682 accuracy:56.359
[15,   200] loss: 0.682 accuracy:56.133
[15,   300] loss: 0.681 accuracy:56.297
[15,   400] loss: 0.681 accuracy:56.344
[15,   500] loss: 0.680 accuracy:56.566
[15,   600] loss: 0.681 accuracy:56.539
[15,   700] loss: 0.681 accuracy:56.391
test_accuracy is 56.720 after epochs 14
Saving..

Epoch: 15
[16,   100] loss: 0.681 accuracy:56.172
[16,   200] loss: 0.680 accuracy:56.461
[16,   300] loss: 0.681 accuracy:56.573
[16,   400] loss: 0.681 accuracy:56.578
[16,   500] loss: 0.680 accuracy:56.647
[16,   600] loss: 0.680 accuracy:56.732
[16,   700] loss: 0.680 accuracy:56.882
test_accuracy is 55.770 after epochs 15

Epoch: 16
[17,   100] loss: 0.682 accuracy:55.781
[17,   200] loss: 0.683 accuracy:55.516
[17,   300] loss: 0.683 accuracy:55.469
[17,   400] loss: 0.683 accuracy:55.512
[17,   500] loss: 0.683 accuracy:55.756
[17,   600] loss: 0.682 accuracy:55.828
[17,   700] loss: 0.682 accuracy:55.810
test_accuracy is 56.660 after epochs 16

Epoch: 17
[18,   100] loss: 0.681 accuracy:55.844
[18,   200] loss: 0.681 accuracy:55.766
[18,   300] loss: 0.682 accuracy:55.583
[18,   400] loss: 0.682 accuracy:55.773
[18,   500] loss: 0.683 accuracy:55.494
[18,   600] loss: 0.683 accuracy:55.638
[18,   700] loss: 0.683 accuracy:55.594
test_accuracy is 57.030 after epochs 17
Saving..

Epoch: 18
[19,   100] loss: 0.683 accuracy:55.422
[19,   200] loss: 0.683 accuracy:55.867
[19,   300] loss: 0.682 accuracy:56.167
[19,   400] loss: 0.681 accuracy:56.340
[19,   500] loss: 0.681 accuracy:56.397
[19,   600] loss: 0.680 accuracy:56.503
[19,   700] loss: 0.680 accuracy:56.527
test_accuracy is 57.070 after epochs 18
Saving..

Epoch: 19
[20,   100] loss: 0.680 accuracy:56.203
[20,   200] loss: 0.679 accuracy:56.836
[20,   300] loss: 0.680 accuracy:56.531
[20,   400] loss: 0.680 accuracy:56.387
[20,   500] loss: 0.680 accuracy:56.638
[20,   600] loss: 0.680 accuracy:56.654
[20,   700] loss: 0.680 accuracy:56.504
test_accuracy is 56.650 after epochs 19

Epoch: 20
[21,   100] loss: 0.680 accuracy:57.312
[21,   200] loss: 0.679 accuracy:57.391
[21,   300] loss: 0.680 accuracy:56.802
[21,   400] loss: 0.680 accuracy:56.781
[21,   500] loss: 0.681 accuracy:56.447
[21,   600] loss: 0.681 accuracy:56.281
[21,   700] loss: 0.681 accuracy:56.301
test_accuracy is 55.980 after epochs 20

Epoch: 21
[22,   100] loss: 0.679 accuracy:56.828
[22,   200] loss: 0.679 accuracy:56.859
[22,   300] loss: 0.679 accuracy:56.896
[22,   400] loss: 0.680 accuracy:56.539
[22,   500] loss: 0.681 accuracy:56.434
[22,   600] loss: 0.680 accuracy:56.620
[22,   700] loss: 0.680 accuracy:56.728
test_accuracy is 56.670 after epochs 21

Epoch: 22
[23,   100] loss: 0.682 accuracy:54.969
[23,   200] loss: 0.681 accuracy:55.383
[23,   300] loss: 0.681 accuracy:55.521
[23,   400] loss: 0.681 accuracy:55.727
[23,   500] loss: 0.682 accuracy:55.734
[23,   600] loss: 0.682 accuracy:55.786
[23,   700] loss: 0.681 accuracy:55.980
test_accuracy is 53.400 after epochs 22

Epoch: 23
[24,   100] loss: 0.683 accuracy:56.281
[24,   200] loss: 0.680 accuracy:57.070
[24,   300] loss: 0.678 accuracy:57.297
[24,   400] loss: 0.678 accuracy:57.035
[24,   500] loss: 0.679 accuracy:56.975
[24,   600] loss: 0.679 accuracy:56.945
[24,   700] loss: 0.679 accuracy:56.862
test_accuracy is 56.240 after epochs 23

Epoch: 24
[25,   100] loss: 0.680 accuracy:57.406
[25,   200] loss: 0.681 accuracy:56.586
[25,   300] loss: 0.681 accuracy:56.776
[25,   400] loss: 0.681 accuracy:56.848
[25,   500] loss: 0.681 accuracy:56.734
[25,   600] loss: 0.681 accuracy:56.602
[25,   700] loss: 0.681 accuracy:56.605
test_accuracy is 56.830 after epochs 24

Epoch: 25
[26,   100] loss: 0.675 accuracy:57.438
[26,   200] loss: 0.677 accuracy:57.172
[26,   300] loss: 0.677 accuracy:57.005
[26,   400] loss: 0.678 accuracy:56.781
[26,   500] loss: 0.678 accuracy:56.769
[26,   600] loss: 0.679 accuracy:56.779
[26,   700] loss: 0.679 accuracy:56.708
test_accuracy is 57.130 after epochs 25
Saving..

Epoch: 26
[27,   100] loss: 0.678 accuracy:56.859
[27,   200] loss: 0.680 accuracy:56.711
[27,   300] loss: 0.679 accuracy:56.651
[27,   400] loss: 0.679 accuracy:56.863
[27,   500] loss: 0.680 accuracy:56.647
[27,   600] loss: 0.680 accuracy:56.826
[27,   700] loss: 0.679 accuracy:56.895
test_accuracy is 53.830 after epochs 26

Epoch: 27
[28,   100] loss: 0.680 accuracy:57.109
[28,   200] loss: 0.680 accuracy:56.484
[28,   300] loss: 0.680 accuracy:56.411
[28,   400] loss: 0.679 accuracy:56.746
[28,   500] loss: 0.678 accuracy:56.966
[28,   600] loss: 0.679 accuracy:56.635
[28,   700] loss: 0.679 accuracy:56.674
test_accuracy is 57.840 after epochs 27
Saving..

Epoch: 28
[29,   100] loss: 0.682 accuracy:56.344
[29,   200] loss: 0.681 accuracy:56.359
[29,   300] loss: 0.680 accuracy:56.490
[29,   400] loss: 0.680 accuracy:56.527
[29,   500] loss: 0.681 accuracy:56.481
[29,   600] loss: 0.680 accuracy:56.604
[29,   700] loss: 0.679 accuracy:56.723
test_accuracy is 57.550 after epochs 28

Epoch: 29
[30,   100] loss: 0.676 accuracy:57.406
[30,   200] loss: 0.677 accuracy:56.977
[30,   300] loss: 0.679 accuracy:56.578
[30,   400] loss: 0.679 accuracy:56.684
[30,   500] loss: 0.679 accuracy:56.822
[30,   600] loss: 0.679 accuracy:56.867
[30,   700] loss: 0.679 accuracy:56.708
test_accuracy is 57.880 after epochs 29
Saving..

Epoch: 30
[31,   100] loss: 0.679 accuracy:57.250
[31,   200] loss: 0.680 accuracy:57.375
[31,   300] loss: 0.678 accuracy:57.589
[31,   400] loss: 0.678 accuracy:57.391
[31,   500] loss: 0.678 accuracy:57.419
[31,   600] loss: 0.678 accuracy:57.240
[31,   700] loss: 0.679 accuracy:57.094
test_accuracy is 52.910 after epochs 30

Epoch: 31
[32,   100] loss: 0.683 accuracy:55.391
[32,   200] loss: 0.682 accuracy:55.852
[32,   300] loss: 0.681 accuracy:56.276
[32,   400] loss: 0.680 accuracy:56.465
[32,   500] loss: 0.680 accuracy:56.675
[32,   600] loss: 0.679 accuracy:56.747
[32,   700] loss: 0.679 accuracy:56.862
test_accuracy is 57.310 after epochs 31

Epoch: 32
[33,   100] loss: 0.679 accuracy:56.578
[33,   200] loss: 0.679 accuracy:56.727
[33,   300] loss: 0.679 accuracy:56.568
[33,   400] loss: 0.679 accuracy:56.664
[33,   500] loss: 0.679 accuracy:56.750
[33,   600] loss: 0.678 accuracy:56.930
[33,   700] loss: 0.678 accuracy:56.964
test_accuracy is 58.850 after epochs 32
Saving..

Epoch: 33
[34,   100] loss: 0.676 accuracy:57.312
[34,   200] loss: 0.676 accuracy:57.273
[34,   300] loss: 0.677 accuracy:57.094
[34,   400] loss: 0.676 accuracy:57.191
[34,   500] loss: 0.676 accuracy:57.288
[34,   600] loss: 0.675 accuracy:57.555
[34,   700] loss: 0.674 accuracy:57.509
test_accuracy is 57.780 after epochs 33

Epoch: 34
[35,   100] loss: 0.677 accuracy:56.750
[35,   200] loss: 0.676 accuracy:56.922
[35,   300] loss: 0.675 accuracy:57.104
[35,   400] loss: 0.674 accuracy:57.309
[35,   500] loss: 0.675 accuracy:57.228
[35,   600] loss: 0.674 accuracy:57.315
[35,   700] loss: 0.674 accuracy:57.317
test_accuracy is 58.710 after epochs 34

Epoch: 35
[36,   100] loss: 0.670 accuracy:58.750
[36,   200] loss: 0.672 accuracy:58.117
[36,   300] loss: 0.670 accuracy:58.344
[36,   400] loss: 0.672 accuracy:57.902
[36,   500] loss: 0.671 accuracy:57.972
[36,   600] loss: 0.671 accuracy:57.909
[36,   700] loss: 0.671 accuracy:58.105
test_accuracy is 58.470 after epochs 35

Epoch: 36
[37,   100] loss: 0.672 accuracy:57.453
[37,   200] loss: 0.672 accuracy:57.742
[37,   300] loss: 0.671 accuracy:57.599
[37,   400] loss: 0.672 accuracy:57.719
[37,   500] loss: 0.672 accuracy:57.888
[37,   600] loss: 0.672 accuracy:57.917
[37,   700] loss: 0.672 accuracy:57.806
test_accuracy is 59.160 after epochs 36
Saving..

Epoch: 37
[38,   100] loss: 0.669 accuracy:57.844
[38,   200] loss: 0.668 accuracy:58.297
[38,   300] loss: 0.669 accuracy:58.182
[38,   400] loss: 0.669 accuracy:58.238
[38,   500] loss: 0.669 accuracy:58.241
[38,   600] loss: 0.669 accuracy:58.297
[38,   700] loss: 0.670 accuracy:58.161
test_accuracy is 59.280 after epochs 37
Saving..

Epoch: 38
[39,   100] loss: 0.668 accuracy:58.672
[39,   200] loss: 0.670 accuracy:58.516
[39,   300] loss: 0.670 accuracy:58.349
[39,   400] loss: 0.669 accuracy:58.551
[39,   500] loss: 0.668 accuracy:58.419
[39,   600] loss: 0.669 accuracy:58.289
[39,   700] loss: 0.670 accuracy:58.203
test_accuracy is 57.990 after epochs 38

Epoch: 39
[40,   100] loss: 0.665 accuracy:58.797
[40,   200] loss: 0.668 accuracy:58.258
[40,   300] loss: 0.669 accuracy:58.094
[40,   400] loss: 0.669 accuracy:58.160
[40,   500] loss: 0.670 accuracy:57.962
[40,   600] loss: 0.671 accuracy:57.784
[40,   700] loss: 0.670 accuracy:57.915
test_accuracy is 58.750 after epochs 39

Epoch: 40
[41,   100] loss: 0.672 accuracy:57.906
[41,   200] loss: 0.669 accuracy:58.312
[41,   300] loss: 0.669 accuracy:58.104
[41,   400] loss: 0.669 accuracy:58.039
[41,   500] loss: 0.670 accuracy:58.125
[41,   600] loss: 0.669 accuracy:58.211
[41,   700] loss: 0.669 accuracy:58.167
test_accuracy is 58.970 after epochs 40

Epoch: 41
[42,   100] loss: 0.668 accuracy:58.703
[42,   200] loss: 0.668 accuracy:58.273
[42,   300] loss: 0.668 accuracy:58.562
[42,   400] loss: 0.668 accuracy:58.297
[42,   500] loss: 0.670 accuracy:58.138
[42,   600] loss: 0.669 accuracy:58.266
[42,   700] loss: 0.669 accuracy:58.342
test_accuracy is 59.670 after epochs 41
Saving..

Epoch: 42
[43,   100] loss: 0.670 accuracy:58.156
[43,   200] loss: 0.667 accuracy:58.453
[43,   300] loss: 0.667 accuracy:58.552
[43,   400] loss: 0.668 accuracy:58.387
[43,   500] loss: 0.669 accuracy:58.281
[43,   600] loss: 0.668 accuracy:58.284
[43,   700] loss: 0.667 accuracy:58.408
test_accuracy is 57.590 after epochs 42

Epoch: 43
[44,   100] loss: 0.672 accuracy:57.688
[44,   200] loss: 0.667 accuracy:58.484
[44,   300] loss: 0.668 accuracy:58.443
[44,   400] loss: 0.667 accuracy:58.398
[44,   500] loss: 0.667 accuracy:58.478
[44,   600] loss: 0.667 accuracy:58.531
[44,   700] loss: 0.667 accuracy:58.542
test_accuracy is 55.230 after epochs 43

Epoch: 44
[45,   100] loss: 0.666 accuracy:58.656
[45,   200] loss: 0.666 accuracy:58.867
[45,   300] loss: 0.664 accuracy:58.922
[45,   400] loss: 0.664 accuracy:58.770
[45,   500] loss: 0.665 accuracy:58.653
[45,   600] loss: 0.664 accuracy:58.883
[45,   700] loss: 0.664 accuracy:58.821
test_accuracy is 59.600 after epochs 44

Epoch: 45
[46,   100] loss: 0.663 accuracy:59.922
[46,   200] loss: 0.663 accuracy:59.680
[46,   300] loss: 0.662 accuracy:59.547
[46,   400] loss: 0.661 accuracy:59.691
[46,   500] loss: 0.661 accuracy:59.694
[46,   600] loss: 0.662 accuracy:59.492
[46,   700] loss: 0.662 accuracy:59.426
test_accuracy is 59.760 after epochs 45
Saving..

Epoch: 46
[47,   100] loss: 0.663 accuracy:58.703
[47,   200] loss: 0.665 accuracy:58.508
[47,   300] loss: 0.664 accuracy:58.714
[47,   400] loss: 0.664 accuracy:58.539
[47,   500] loss: 0.663 accuracy:58.956
[47,   600] loss: 0.663 accuracy:58.979
[47,   700] loss: 0.663 accuracy:58.960
test_accuracy is 58.710 after epochs 46

Epoch: 47
[48,   100] loss: 0.661 accuracy:59.594
[48,   200] loss: 0.661 accuracy:59.148
[48,   300] loss: 0.662 accuracy:58.922
[48,   400] loss: 0.661 accuracy:59.102
[48,   500] loss: 0.661 accuracy:59.081
[48,   600] loss: 0.662 accuracy:59.094
[48,   700] loss: 0.661 accuracy:59.132
test_accuracy is 60.690 after epochs 47
Saving..

Epoch: 48
[49,   100] loss: 0.662 accuracy:59.672
[49,   200] loss: 0.659 accuracy:60.023
[49,   300] loss: 0.660 accuracy:59.734
[49,   400] loss: 0.660 accuracy:59.559
[49,   500] loss: 0.661 accuracy:59.650
[49,   600] loss: 0.661 accuracy:59.589
[49,   700] loss: 0.660 accuracy:59.641
test_accuracy is 60.240 after epochs 48

Epoch: 49
[50,   100] loss: 0.660 accuracy:59.609
[50,   200] loss: 0.660 accuracy:59.758
[50,   300] loss: 0.659 accuracy:59.620
[50,   400] loss: 0.659 accuracy:59.582
[50,   500] loss: 0.659 accuracy:59.706
[50,   600] loss: 0.659 accuracy:59.740
[50,   700] loss: 0.659 accuracy:59.690
test_accuracy is 59.370 after epochs 49

Epoch: 50
[51,   100] loss: 0.663 accuracy:59.781
[51,   200] loss: 0.661 accuracy:59.430
[51,   300] loss: 0.659 accuracy:59.589
[51,   400] loss: 0.657 accuracy:59.883
[51,   500] loss: 0.658 accuracy:59.856
[51,   600] loss: 0.658 accuracy:59.812
[51,   700] loss: 0.659 accuracy:59.777
test_accuracy is 58.270 after epochs 50

Epoch: 51
[52,   100] loss: 0.660 accuracy:59.844
[52,   200] loss: 0.659 accuracy:59.336
[52,   300] loss: 0.659 accuracy:59.391
[52,   400] loss: 0.659 accuracy:59.574
[52,   500] loss: 0.658 accuracy:59.656
[52,   600] loss: 0.659 accuracy:59.578
[52,   700] loss: 0.659 accuracy:59.576
test_accuracy is 59.860 after epochs 51

Epoch: 52
[53,   100] loss: 0.656 accuracy:59.672
[53,   200] loss: 0.657 accuracy:59.609
[53,   300] loss: 0.657 accuracy:59.422
[53,   400] loss: 0.656 accuracy:59.730
[53,   500] loss: 0.655 accuracy:59.900
[53,   600] loss: 0.656 accuracy:59.758
[53,   700] loss: 0.656 accuracy:59.779
test_accuracy is 60.760 after epochs 52
Saving..

Epoch: 53
[54,   100] loss: 0.648 accuracy:60.953
[54,   200] loss: 0.650 accuracy:60.547
[54,   300] loss: 0.653 accuracy:60.260
[54,   400] loss: 0.655 accuracy:59.855
[54,   500] loss: 0.655 accuracy:59.853
[54,   600] loss: 0.655 accuracy:60.042
[54,   700] loss: 0.654 accuracy:60.176
test_accuracy is 58.080 after epochs 53

Epoch: 54
[55,   100] loss: 0.656 accuracy:60.562
[55,   200] loss: 0.654 accuracy:60.727
[55,   300] loss: 0.656 accuracy:60.312
[55,   400] loss: 0.656 accuracy:60.117
[55,   500] loss: 0.657 accuracy:59.966
[55,   600] loss: 0.657 accuracy:59.919
[55,   700] loss: 0.657 accuracy:59.871
test_accuracy is 56.230 after epochs 54

Epoch: 55
[56,   100] loss: 0.659 accuracy:59.453
[56,   200] loss: 0.656 accuracy:59.781
[56,   300] loss: 0.653 accuracy:60.026
[56,   400] loss: 0.653 accuracy:59.871
[56,   500] loss: 0.654 accuracy:59.744
[56,   600] loss: 0.653 accuracy:59.812
[56,   700] loss: 0.653 accuracy:59.897
test_accuracy is 60.720 after epochs 55

Epoch: 56
[57,   100] loss: 0.650 accuracy:60.047
[57,   200] loss: 0.649 accuracy:60.367
[57,   300] loss: 0.649 accuracy:60.646
[57,   400] loss: 0.652 accuracy:60.422
[57,   500] loss: 0.653 accuracy:60.263
[57,   600] loss: 0.653 accuracy:60.323
[57,   700] loss: 0.653 accuracy:60.366
test_accuracy is 61.040 after epochs 56
Saving..

Epoch: 57
[58,   100] loss: 0.662 accuracy:59.328
[58,   200] loss: 0.657 accuracy:60.125
[58,   300] loss: 0.658 accuracy:59.906
[58,   400] loss: 0.657 accuracy:59.992
[58,   500] loss: 0.657 accuracy:59.928
[58,   600] loss: 0.656 accuracy:59.958
[58,   700] loss: 0.656 accuracy:59.935
test_accuracy is 61.450 after epochs 57
Saving..

Epoch: 58
[59,   100] loss: 0.650 accuracy:61.375
[59,   200] loss: 0.650 accuracy:61.094
[59,   300] loss: 0.651 accuracy:60.635
[59,   400] loss: 0.652 accuracy:60.586
[59,   500] loss: 0.652 accuracy:60.497
[59,   600] loss: 0.652 accuracy:60.401
[59,   700] loss: 0.652 accuracy:60.254
test_accuracy is 61.370 after epochs 58

Epoch: 59
[60,   100] loss: 0.653 accuracy:60.859
[60,   200] loss: 0.653 accuracy:60.688
[60,   300] loss: 0.653 accuracy:60.167
[60,   400] loss: 0.653 accuracy:60.305
[60,   500] loss: 0.653 accuracy:60.228
[60,   600] loss: 0.651 accuracy:60.359
[60,   700] loss: 0.651 accuracy:60.424
test_accuracy is 60.010 after epochs 59

Epoch: 60
[61,   100] loss: 0.655 accuracy:59.688
[61,   200] loss: 0.650 accuracy:60.156
[61,   300] loss: 0.651 accuracy:60.396
[61,   400] loss: 0.651 accuracy:60.344
[61,   500] loss: 0.649 accuracy:60.766
[61,   600] loss: 0.651 accuracy:60.638
[61,   700] loss: 0.651 accuracy:60.705
test_accuracy is 61.360 after epochs 60

Epoch: 61
[62,   100] loss: 0.652 accuracy:60.391
[62,   200] loss: 0.651 accuracy:60.250
[62,   300] loss: 0.649 accuracy:60.156
[62,   400] loss: 0.649 accuracy:60.316
[62,   500] loss: 0.649 accuracy:60.384
[62,   600] loss: 0.650 accuracy:60.357
[62,   700] loss: 0.650 accuracy:60.246
test_accuracy is 60.490 after epochs 61

Epoch: 62
[63,   100] loss: 0.649 accuracy:60.250
[63,   200] loss: 0.649 accuracy:59.938
[63,   300] loss: 0.649 accuracy:60.229
[63,   400] loss: 0.649 accuracy:60.293
[63,   500] loss: 0.649 accuracy:60.509
[63,   600] loss: 0.650 accuracy:60.516
[63,   700] loss: 0.649 accuracy:60.551
test_accuracy is 60.920 after epochs 62

Epoch: 63
[64,   100] loss: 0.648 accuracy:60.516
[64,   200] loss: 0.651 accuracy:60.023
[64,   300] loss: 0.650 accuracy:60.010
[64,   400] loss: 0.650 accuracy:60.031
[64,   500] loss: 0.650 accuracy:60.141
[64,   600] loss: 0.649 accuracy:60.393
[64,   700] loss: 0.649 accuracy:60.384
test_accuracy is 61.730 after epochs 63
Saving..

Epoch: 64
[65,   100] loss: 0.654 accuracy:59.594
[65,   200] loss: 0.653 accuracy:60.156
[65,   300] loss: 0.652 accuracy:60.281
[65,   400] loss: 0.651 accuracy:60.398
[65,   500] loss: 0.650 accuracy:60.622
[65,   600] loss: 0.650 accuracy:60.594
[65,   700] loss: 0.650 accuracy:60.587
test_accuracy is 60.450 after epochs 64

Epoch: 65
[66,   100] loss: 0.653 accuracy:61.000
[66,   200] loss: 0.651 accuracy:60.680
[66,   300] loss: 0.648 accuracy:61.089
[66,   400] loss: 0.650 accuracy:60.789
[66,   500] loss: 0.649 accuracy:60.941
[66,   600] loss: 0.650 accuracy:60.690
[66,   700] loss: 0.649 accuracy:60.658
test_accuracy is 61.250 after epochs 65

Epoch: 66
[67,   100] loss: 0.647 accuracy:60.312
[67,   200] loss: 0.648 accuracy:60.688
[67,   300] loss: 0.648 accuracy:60.380
[67,   400] loss: 0.650 accuracy:60.375
[67,   500] loss: 0.650 accuracy:60.281
[67,   600] loss: 0.650 accuracy:60.406
[67,   700] loss: 0.650 accuracy:60.337
test_accuracy is 61.540 after epochs 66

Epoch: 67
[68,   100] loss: 0.644 accuracy:61.844
[68,   200] loss: 0.647 accuracy:61.094
[68,   300] loss: 0.646 accuracy:60.875
[68,   400] loss: 0.648 accuracy:60.531
[68,   500] loss: 0.647 accuracy:60.587
[68,   600] loss: 0.648 accuracy:60.500
[68,   700] loss: 0.648 accuracy:60.455
test_accuracy is 61.700 after epochs 67

Epoch: 68
[69,   100] loss: 0.645 accuracy:61.062
[69,   200] loss: 0.649 accuracy:60.352
[69,   300] loss: 0.647 accuracy:60.599
[69,   400] loss: 0.647 accuracy:60.688
[69,   500] loss: 0.649 accuracy:60.484
[69,   600] loss: 0.648 accuracy:60.544
[69,   700] loss: 0.649 accuracy:60.368
test_accuracy is 61.000 after epochs 68

Epoch: 69
[70,   100] loss: 0.654 accuracy:59.672
[70,   200] loss: 0.648 accuracy:60.484
[70,   300] loss: 0.647 accuracy:60.688
[70,   400] loss: 0.647 accuracy:60.707
[70,   500] loss: 0.647 accuracy:60.741
[70,   600] loss: 0.646 accuracy:60.797
[70,   700] loss: 0.647 accuracy:60.859
test_accuracy is 61.480 after epochs 69

Epoch: 70
[71,   100] loss: 0.644 accuracy:61.078
[71,   200] loss: 0.645 accuracy:61.008
[71,   300] loss: 0.649 accuracy:60.557
[71,   400] loss: 0.649 accuracy:60.523
[71,   500] loss: 0.648 accuracy:60.428
[71,   600] loss: 0.649 accuracy:60.344
[71,   700] loss: 0.649 accuracy:60.426
test_accuracy is 62.120 after epochs 70
Saving..

Epoch: 71
[72,   100] loss: 0.653 accuracy:59.359
[72,   200] loss: 0.648 accuracy:60.094
[72,   300] loss: 0.649 accuracy:60.021
[72,   400] loss: 0.648 accuracy:60.281
[72,   500] loss: 0.647 accuracy:60.475
[72,   600] loss: 0.648 accuracy:60.542
[72,   700] loss: 0.648 accuracy:60.442
test_accuracy is 59.170 after epochs 71

Epoch: 72
[73,   100] loss: 0.650 accuracy:59.922
[73,   200] loss: 0.649 accuracy:60.617
[73,   300] loss: 0.650 accuracy:60.484
[73,   400] loss: 0.650 accuracy:60.398
[73,   500] loss: 0.649 accuracy:60.544
[73,   600] loss: 0.649 accuracy:60.633
[73,   700] loss: 0.647 accuracy:60.846
test_accuracy is 61.740 after epochs 72

Epoch: 73
[74,   100] loss: 0.643 accuracy:61.047
[74,   200] loss: 0.647 accuracy:60.734
[74,   300] loss: 0.646 accuracy:60.938
[74,   400] loss: 0.644 accuracy:61.059
[74,   500] loss: 0.644 accuracy:61.181
[74,   600] loss: 0.643 accuracy:61.237
[74,   700] loss: 0.644 accuracy:61.181
test_accuracy is 60.940 after epochs 73

Epoch: 74
[75,   100] loss: 0.647 accuracy:60.766
[75,   200] loss: 0.648 accuracy:60.359
[75,   300] loss: 0.646 accuracy:60.516
[75,   400] loss: 0.646 accuracy:60.527
[75,   500] loss: 0.645 accuracy:60.578
[75,   600] loss: 0.645 accuracy:60.758
[75,   700] loss: 0.645 accuracy:60.826
test_accuracy is 61.600 after epochs 74

Epoch: 75
[76,   100] loss: 0.648 accuracy:60.281
[76,   200] loss: 0.647 accuracy:60.180
[76,   300] loss: 0.647 accuracy:60.250
[76,   400] loss: 0.648 accuracy:60.402
[76,   500] loss: 0.648 accuracy:60.388
[76,   600] loss: 0.647 accuracy:60.432
[76,   700] loss: 0.646 accuracy:60.641
test_accuracy is 60.610 after epochs 75

Epoch: 76
[77,   100] loss: 0.648 accuracy:60.281
[77,   200] loss: 0.644 accuracy:60.953
[77,   300] loss: 0.644 accuracy:61.016
[77,   400] loss: 0.645 accuracy:60.973
[77,   500] loss: 0.644 accuracy:60.881
[77,   600] loss: 0.644 accuracy:60.763
[77,   700] loss: 0.644 accuracy:60.723
test_accuracy is 62.130 after epochs 76
Saving..

Epoch: 77
[78,   100] loss: 0.643 accuracy:61.594
[78,   200] loss: 0.641 accuracy:60.797
[78,   300] loss: 0.641 accuracy:60.911
[78,   400] loss: 0.642 accuracy:60.961
[78,   500] loss: 0.642 accuracy:61.069
[78,   600] loss: 0.642 accuracy:61.190
[78,   700] loss: 0.642 accuracy:61.190
test_accuracy is 61.010 after epochs 77

Epoch: 78
[79,   100] loss: 0.649 accuracy:60.312
[79,   200] loss: 0.647 accuracy:60.242
[79,   300] loss: 0.650 accuracy:60.031
[79,   400] loss: 0.648 accuracy:60.418
[79,   500] loss: 0.648 accuracy:60.516
[79,   600] loss: 0.646 accuracy:60.516
[79,   700] loss: 0.647 accuracy:60.522
test_accuracy is 61.520 after epochs 78

Epoch: 79
[80,   100] loss: 0.646 accuracy:60.016
[80,   200] loss: 0.646 accuracy:59.977
[80,   300] loss: 0.647 accuracy:60.260
[80,   400] loss: 0.647 accuracy:60.352
[80,   500] loss: 0.648 accuracy:60.247
[80,   600] loss: 0.646 accuracy:60.500
[80,   700] loss: 0.645 accuracy:60.670
test_accuracy is 61.480 after epochs 79

Epoch: 80
[81,   100] loss: 0.648 accuracy:60.719
[81,   200] loss: 0.644 accuracy:60.750
[81,   300] loss: 0.645 accuracy:60.724
[81,   400] loss: 0.644 accuracy:60.844
[81,   500] loss: 0.646 accuracy:60.653
[81,   600] loss: 0.643 accuracy:61.034
[81,   700] loss: 0.643 accuracy:61.152
test_accuracy is 60.530 after epochs 80

Epoch: 81
[82,   100] loss: 0.644 accuracy:61.125
[82,   200] loss: 0.641 accuracy:61.750
[82,   300] loss: 0.642 accuracy:61.417
[82,   400] loss: 0.644 accuracy:61.266
[82,   500] loss: 0.644 accuracy:61.097
[82,   600] loss: 0.644 accuracy:61.107
[82,   700] loss: 0.644 accuracy:61.067
test_accuracy is 61.350 after epochs 81

Epoch: 82
[83,   100] loss: 0.643 accuracy:61.188
[83,   200] loss: 0.643 accuracy:61.312
[83,   300] loss: 0.644 accuracy:60.979
[83,   400] loss: 0.643 accuracy:61.203
[83,   500] loss: 0.645 accuracy:61.094
[83,   600] loss: 0.643 accuracy:61.312
[83,   700] loss: 0.643 accuracy:61.312
test_accuracy is 61.960 after epochs 82

Epoch: 83
[84,   100] loss: 0.641 accuracy:61.016
[84,   200] loss: 0.640 accuracy:60.922
[84,   300] loss: 0.640 accuracy:61.010
[84,   400] loss: 0.642 accuracy:60.742
[84,   500] loss: 0.641 accuracy:60.997
[84,   600] loss: 0.641 accuracy:61.091
[84,   700] loss: 0.641 accuracy:61.083
test_accuracy is 61.810 after epochs 83

Epoch: 84
[85,   100] loss: 0.645 accuracy:60.672
[85,   200] loss: 0.643 accuracy:60.953
[85,   300] loss: 0.641 accuracy:61.062
[85,   400] loss: 0.642 accuracy:60.961
[85,   500] loss: 0.642 accuracy:61.019
[85,   600] loss: 0.643 accuracy:60.995
[85,   700] loss: 0.643 accuracy:60.967
test_accuracy is 61.060 after epochs 84

Epoch: 85
[86,   100] loss: 0.639 accuracy:61.375
[86,   200] loss: 0.639 accuracy:61.297
[86,   300] loss: 0.643 accuracy:60.760
[86,   400] loss: 0.642 accuracy:60.961
[86,   500] loss: 0.642 accuracy:61.209
[86,   600] loss: 0.642 accuracy:61.146
[86,   700] loss: 0.641 accuracy:61.326
test_accuracy is 60.960 after epochs 85

Epoch: 86
[87,   100] loss: 0.647 accuracy:60.656
[87,   200] loss: 0.643 accuracy:61.203
[87,   300] loss: 0.645 accuracy:60.891
[87,   400] loss: 0.642 accuracy:61.094
[87,   500] loss: 0.642 accuracy:61.116
[87,   600] loss: 0.642 accuracy:61.146
[87,   700] loss: 0.642 accuracy:61.172
test_accuracy is 61.020 after epochs 86

Epoch: 87
[88,   100] loss: 0.641 accuracy:61.688
[88,   200] loss: 0.641 accuracy:61.688
[88,   300] loss: 0.640 accuracy:61.281
[88,   400] loss: 0.639 accuracy:61.566
[88,   500] loss: 0.640 accuracy:61.337
[88,   600] loss: 0.640 accuracy:61.320
[88,   700] loss: 0.640 accuracy:61.259
test_accuracy is 61.770 after epochs 87

Epoch: 88
[89,   100] loss: 0.644 accuracy:61.375
[89,   200] loss: 0.645 accuracy:60.906
[89,   300] loss: 0.643 accuracy:61.219
[89,   400] loss: 0.643 accuracy:60.996
[89,   500] loss: 0.643 accuracy:60.984
[89,   600] loss: 0.642 accuracy:61.206
[89,   700] loss: 0.642 accuracy:61.194
test_accuracy is 62.170 after epochs 88
Saving..

Epoch: 89
[90,   100] loss: 0.632 accuracy:61.797
[90,   200] loss: 0.636 accuracy:61.984
[90,   300] loss: 0.637 accuracy:61.755
[90,   400] loss: 0.637 accuracy:61.570
[90,   500] loss: 0.638 accuracy:61.372
[90,   600] loss: 0.639 accuracy:61.393
[90,   700] loss: 0.640 accuracy:61.217
test_accuracy is 61.030 after epochs 89

Epoch: 90
[91,   100] loss: 0.644 accuracy:60.797
[91,   200] loss: 0.642 accuracy:60.773
[91,   300] loss: 0.639 accuracy:61.208
[91,   400] loss: 0.638 accuracy:61.363
[91,   500] loss: 0.638 accuracy:61.278
[91,   600] loss: 0.639 accuracy:61.292
[91,   700] loss: 0.639 accuracy:61.337
test_accuracy is 61.600 after epochs 90

Epoch: 91
[92,   100] loss: 0.643 accuracy:60.844
[92,   200] loss: 0.642 accuracy:61.016
[92,   300] loss: 0.640 accuracy:61.219
[92,   400] loss: 0.640 accuracy:61.391
[92,   500] loss: 0.641 accuracy:61.081
[92,   600] loss: 0.642 accuracy:60.911
[92,   700] loss: 0.642 accuracy:60.993
test_accuracy is 60.580 after epochs 91

Epoch: 92
[93,   100] loss: 0.641 accuracy:60.953
[93,   200] loss: 0.641 accuracy:60.766
[93,   300] loss: 0.642 accuracy:60.797
[93,   400] loss: 0.641 accuracy:61.023
[93,   500] loss: 0.640 accuracy:61.109
[93,   600] loss: 0.640 accuracy:61.096
[93,   700] loss: 0.640 accuracy:61.100
test_accuracy is 61.640 after epochs 92

Epoch: 93
[94,   100] loss: 0.637 accuracy:61.031
[94,   200] loss: 0.637 accuracy:61.641
[94,   300] loss: 0.635 accuracy:61.948
[94,   400] loss: 0.637 accuracy:61.684
[94,   500] loss: 0.637 accuracy:61.706
[94,   600] loss: 0.638 accuracy:61.432
[94,   700] loss: 0.638 accuracy:61.388
test_accuracy is 60.880 after epochs 93

Epoch: 94
[95,   100] loss: 0.641 accuracy:61.141
[95,   200] loss: 0.641 accuracy:60.961
[95,   300] loss: 0.640 accuracy:61.349
[95,   400] loss: 0.639 accuracy:61.230
[95,   500] loss: 0.640 accuracy:61.263
[95,   600] loss: 0.640 accuracy:61.221
[95,   700] loss: 0.639 accuracy:61.275
test_accuracy is 62.010 after epochs 94

Epoch: 95
[96,   100] loss: 0.638 accuracy:61.156
[96,   200] loss: 0.639 accuracy:61.359
[96,   300] loss: 0.636 accuracy:61.594
[96,   400] loss: 0.639 accuracy:61.207
[96,   500] loss: 0.639 accuracy:61.353
[96,   600] loss: 0.639 accuracy:61.198
[96,   700] loss: 0.641 accuracy:60.926
test_accuracy is 63.280 after epochs 95
Saving..

Epoch: 96
[97,   100] loss: 0.641 accuracy:61.250
[97,   200] loss: 0.638 accuracy:61.352
[97,   300] loss: 0.639 accuracy:61.417
[97,   400] loss: 0.639 accuracy:61.344
[97,   500] loss: 0.640 accuracy:61.131
[97,   600] loss: 0.639 accuracy:61.250
[97,   700] loss: 0.640 accuracy:61.163
test_accuracy is 62.510 after epochs 96

Epoch: 97
[98,   100] loss: 0.644 accuracy:60.562
[98,   200] loss: 0.639 accuracy:61.180
[98,   300] loss: 0.638 accuracy:61.594
[98,   400] loss: 0.637 accuracy:61.500
[98,   500] loss: 0.637 accuracy:61.553
[98,   600] loss: 0.637 accuracy:61.643
[98,   700] loss: 0.639 accuracy:61.442
test_accuracy is 60.910 after epochs 97

Epoch: 98
[99,   100] loss: 0.638 accuracy:62.062
[99,   200] loss: 0.644 accuracy:61.148
[99,   300] loss: 0.643 accuracy:61.125
[99,   400] loss: 0.642 accuracy:61.438
[99,   500] loss: 0.643 accuracy:61.350
[99,   600] loss: 0.643 accuracy:61.305
[99,   700] loss: 0.643 accuracy:61.156
test_accuracy is 62.610 after epochs 98

Epoch: 99
[100,   100] loss: 0.640 accuracy:61.391
[100,   200] loss: 0.639 accuracy:61.875
[100,   300] loss: 0.641 accuracy:61.438
[100,   400] loss: 0.640 accuracy:61.387
[100,   500] loss: 0.640 accuracy:61.422
[100,   600] loss: 0.640 accuracy:61.344
[100,   700] loss: 0.640 accuracy:61.214
test_accuracy is 62.200 after epochs 99

Epoch: 100
[101,   100] loss: 0.634 accuracy:61.688
[101,   200] loss: 0.637 accuracy:61.352
[101,   300] loss: 0.640 accuracy:60.911
[101,   400] loss: 0.640 accuracy:60.828
[101,   500] loss: 0.640 accuracy:61.094
[101,   600] loss: 0.639 accuracy:61.104
[101,   700] loss: 0.638 accuracy:61.163
test_accuracy is 61.450 after epochs 100

Epoch: 101
[102,   100] loss: 0.634 accuracy:61.141
[102,   200] loss: 0.638 accuracy:61.156
[102,   300] loss: 0.638 accuracy:61.068
[102,   400] loss: 0.641 accuracy:60.891
[102,   500] loss: 0.639 accuracy:61.172
[102,   600] loss: 0.639 accuracy:61.104
[102,   700] loss: 0.639 accuracy:61.045
test_accuracy is 61.750 after epochs 101

Epoch: 102
[103,   100] loss: 0.639 accuracy:60.938
[103,   200] loss: 0.638 accuracy:61.453
[103,   300] loss: 0.638 accuracy:61.443
[103,   400] loss: 0.637 accuracy:61.668
[103,   500] loss: 0.637 accuracy:61.644
[103,   600] loss: 0.636 accuracy:61.635
[103,   700] loss: 0.636 accuracy:61.670
test_accuracy is 61.270 after epochs 102

Epoch: 103
[104,   100] loss: 0.642 accuracy:61.219
[104,   200] loss: 0.640 accuracy:61.523
[104,   300] loss: 0.639 accuracy:61.484
[104,   400] loss: 0.640 accuracy:61.203
[104,   500] loss: 0.640 accuracy:61.078
[104,   600] loss: 0.640 accuracy:61.055
[104,   700] loss: 0.639 accuracy:61.257
test_accuracy is 61.570 after epochs 103

Epoch: 104
[105,   100] loss: 0.639 accuracy:61.844
[105,   200] loss: 0.638 accuracy:61.531
[105,   300] loss: 0.637 accuracy:61.505
[105,   400] loss: 0.637 accuracy:61.570
[105,   500] loss: 0.637 accuracy:61.353
[105,   600] loss: 0.637 accuracy:61.260
[105,   700] loss: 0.636 accuracy:61.413
test_accuracy is 62.170 after epochs 104

Epoch: 105
[106,   100] loss: 0.637 accuracy:61.375
[106,   200] loss: 0.637 accuracy:61.477
[106,   300] loss: 0.637 accuracy:61.323
[106,   400] loss: 0.638 accuracy:61.141
[106,   500] loss: 0.639 accuracy:61.025
[106,   600] loss: 0.639 accuracy:61.297
[106,   700] loss: 0.640 accuracy:61.279
test_accuracy is 62.010 after epochs 105

Epoch: 106
[107,   100] loss: 0.632 accuracy:62.406
[107,   200] loss: 0.636 accuracy:62.172
[107,   300] loss: 0.635 accuracy:62.250
[107,   400] loss: 0.636 accuracy:62.055
[107,   500] loss: 0.636 accuracy:61.859
[107,   600] loss: 0.637 accuracy:61.802
[107,   700] loss: 0.636 accuracy:61.864
test_accuracy is 62.110 after epochs 106

Epoch: 107
[108,   100] loss: 0.640 accuracy:61.781
[108,   200] loss: 0.638 accuracy:61.320
[108,   300] loss: 0.635 accuracy:61.729
[108,   400] loss: 0.637 accuracy:61.332
[108,   500] loss: 0.634 accuracy:61.737
[108,   600] loss: 0.635 accuracy:61.690
[108,   700] loss: 0.634 accuracy:61.732
test_accuracy is 62.410 after epochs 107

Epoch: 108
[109,   100] loss: 0.627 accuracy:63.078
[109,   200] loss: 0.630 accuracy:62.266
[109,   300] loss: 0.634 accuracy:62.026
[109,   400] loss: 0.633 accuracy:62.000
[109,   500] loss: 0.635 accuracy:61.722
[109,   600] loss: 0.634 accuracy:61.823
[109,   700] loss: 0.634 accuracy:61.837
test_accuracy is 62.880 after epochs 108

Epoch: 109
[110,   100] loss: 0.632 accuracy:61.891
[110,   200] loss: 0.631 accuracy:62.422
[110,   300] loss: 0.632 accuracy:62.203
[110,   400] loss: 0.633 accuracy:62.102
[110,   500] loss: 0.633 accuracy:62.109
[110,   600] loss: 0.634 accuracy:62.102
[110,   700] loss: 0.635 accuracy:61.844
test_accuracy is 62.500 after epochs 109

Epoch: 110
[111,   100] loss: 0.639 accuracy:61.094
[111,   200] loss: 0.633 accuracy:61.766
[111,   300] loss: 0.633 accuracy:61.797
[111,   400] loss: 0.634 accuracy:61.977
[111,   500] loss: 0.635 accuracy:61.772
[111,   600] loss: 0.635 accuracy:61.870
[111,   700] loss: 0.636 accuracy:61.839
test_accuracy is 61.800 after epochs 110

Epoch: 111
[112,   100] loss: 0.630 accuracy:61.766
[112,   200] loss: 0.632 accuracy:61.922
[112,   300] loss: 0.636 accuracy:61.745
[112,   400] loss: 0.635 accuracy:61.723
[112,   500] loss: 0.635 accuracy:61.819
[112,   600] loss: 0.634 accuracy:62.057
[112,   700] loss: 0.633 accuracy:62.248
test_accuracy is 63.510 after epochs 111
Saving..

Epoch: 112
[113,   100] loss: 0.633 accuracy:62.297
[113,   200] loss: 0.634 accuracy:62.281
[113,   300] loss: 0.633 accuracy:62.438
[113,   400] loss: 0.632 accuracy:62.465
[113,   500] loss: 0.631 accuracy:62.656
[113,   600] loss: 0.632 accuracy:62.633
[113,   700] loss: 0.631 accuracy:62.616
test_accuracy is 61.920 after epochs 112

Epoch: 113
[114,   100] loss: 0.632 accuracy:62.219
[114,   200] loss: 0.631 accuracy:62.812
[114,   300] loss: 0.629 accuracy:63.094
[114,   400] loss: 0.627 accuracy:63.270
[114,   500] loss: 0.628 accuracy:63.131
[114,   600] loss: 0.628 accuracy:63.016
[114,   700] loss: 0.629 accuracy:62.975
test_accuracy is 61.740 after epochs 113

Epoch: 114
[115,   100] loss: 0.635 accuracy:62.250
[115,   200] loss: 0.632 accuracy:62.328
[115,   300] loss: 0.629 accuracy:62.891
[115,   400] loss: 0.630 accuracy:62.820
[115,   500] loss: 0.631 accuracy:62.928
[115,   600] loss: 0.632 accuracy:62.875
[115,   700] loss: 0.631 accuracy:62.766
test_accuracy is 64.530 after epochs 114
Saving..

Epoch: 115
[116,   100] loss: 0.622 accuracy:63.703
[116,   200] loss: 0.625 accuracy:63.562
[116,   300] loss: 0.628 accuracy:63.188
[116,   400] loss: 0.628 accuracy:63.102
[116,   500] loss: 0.629 accuracy:63.181
[116,   600] loss: 0.629 accuracy:62.966
[116,   700] loss: 0.630 accuracy:62.812
test_accuracy is 63.390 after epochs 115

Epoch: 116
[117,   100] loss: 0.632 accuracy:62.984
[117,   200] loss: 0.631 accuracy:62.781
[117,   300] loss: 0.629 accuracy:63.208
[117,   400] loss: 0.631 accuracy:62.902
[117,   500] loss: 0.629 accuracy:63.256
[117,   600] loss: 0.628 accuracy:63.253
[117,   700] loss: 0.629 accuracy:63.194
test_accuracy is 63.620 after epochs 116

Epoch: 117
[118,   100] loss: 0.628 accuracy:63.266
[118,   200] loss: 0.627 accuracy:63.516
[118,   300] loss: 0.628 accuracy:63.016
[118,   400] loss: 0.628 accuracy:63.168
[118,   500] loss: 0.629 accuracy:63.016
[118,   600] loss: 0.629 accuracy:63.003
[118,   700] loss: 0.628 accuracy:63.239
test_accuracy is 64.390 after epochs 117

Epoch: 118
[119,   100] loss: 0.626 accuracy:63.391
[119,   200] loss: 0.625 accuracy:63.312
[119,   300] loss: 0.626 accuracy:63.172
[119,   400] loss: 0.625 accuracy:63.277
[119,   500] loss: 0.625 accuracy:63.434
[119,   600] loss: 0.625 accuracy:63.469
[119,   700] loss: 0.625 accuracy:63.498
test_accuracy is 64.130 after epochs 118

Epoch: 119
[120,   100] loss: 0.624 accuracy:64.047
[120,   200] loss: 0.626 accuracy:63.883
[120,   300] loss: 0.625 accuracy:63.828
[120,   400] loss: 0.626 accuracy:63.648
[120,   500] loss: 0.627 accuracy:63.369
[120,   600] loss: 0.627 accuracy:63.388
[120,   700] loss: 0.626 accuracy:63.592
test_accuracy is 62.860 after epochs 119

Epoch: 120
[121,   100] loss: 0.624 accuracy:64.234
[121,   200] loss: 0.622 accuracy:64.242
[121,   300] loss: 0.625 accuracy:63.745
[121,   400] loss: 0.623 accuracy:63.949
[121,   500] loss: 0.622 accuracy:64.134
[121,   600] loss: 0.622 accuracy:64.018
[121,   700] loss: 0.622 accuracy:64.020
test_accuracy is 65.090 after epochs 120
Saving..

Epoch: 121
[122,   100] loss: 0.628 accuracy:63.234
[122,   200] loss: 0.623 accuracy:63.797
[122,   300] loss: 0.622 accuracy:64.115
[122,   400] loss: 0.621 accuracy:63.969
[122,   500] loss: 0.622 accuracy:63.884
[122,   600] loss: 0.621 accuracy:64.081
[122,   700] loss: 0.621 accuracy:64.094
test_accuracy is 64.750 after epochs 121

Epoch: 122
[123,   100] loss: 0.627 accuracy:63.547
[123,   200] loss: 0.625 accuracy:63.898
[123,   300] loss: 0.625 accuracy:63.865
[123,   400] loss: 0.623 accuracy:64.020
[123,   500] loss: 0.623 accuracy:64.097
[123,   600] loss: 0.622 accuracy:64.159
[123,   700] loss: 0.622 accuracy:64.167
test_accuracy is 63.890 after epochs 122

Epoch: 123
[124,   100] loss: 0.615 accuracy:64.203
[124,   200] loss: 0.617 accuracy:64.570
[124,   300] loss: 0.618 accuracy:64.604
[124,   400] loss: 0.618 accuracy:64.664
[124,   500] loss: 0.619 accuracy:64.528
[124,   600] loss: 0.618 accuracy:64.503
[124,   700] loss: 0.619 accuracy:64.335
test_accuracy is 65.220 after epochs 123
Saving..

Epoch: 124
[125,   100] loss: 0.612 accuracy:65.062
[125,   200] loss: 0.611 accuracy:65.297
[125,   300] loss: 0.613 accuracy:65.156
[125,   400] loss: 0.615 accuracy:64.793
[125,   500] loss: 0.616 accuracy:64.759
[125,   600] loss: 0.616 accuracy:64.763
[125,   700] loss: 0.617 accuracy:64.795
test_accuracy is 65.770 after epochs 124
Saving..

Epoch: 125
[126,   100] loss: 0.618 accuracy:65.031
[126,   200] loss: 0.617 accuracy:65.039
[126,   300] loss: 0.615 accuracy:65.156
[126,   400] loss: 0.614 accuracy:65.219
[126,   500] loss: 0.615 accuracy:64.997
[126,   600] loss: 0.615 accuracy:64.951
[126,   700] loss: 0.614 accuracy:65.047
test_accuracy is 66.300 after epochs 125
Saving..

Epoch: 126
[127,   100] loss: 0.615 accuracy:64.031
[127,   200] loss: 0.614 accuracy:64.492
[127,   300] loss: 0.614 accuracy:64.953
[127,   400] loss: 0.613 accuracy:65.250
[127,   500] loss: 0.614 accuracy:64.966
[127,   600] loss: 0.615 accuracy:64.826
[127,   700] loss: 0.613 accuracy:65.094
test_accuracy is 65.830 after epochs 126

Epoch: 127
[128,   100] loss: 0.616 accuracy:64.484
[128,   200] loss: 0.614 accuracy:65.172
[128,   300] loss: 0.614 accuracy:65.083
[128,   400] loss: 0.612 accuracy:65.223
[128,   500] loss: 0.612 accuracy:65.178
[128,   600] loss: 0.612 accuracy:65.208
[128,   700] loss: 0.611 accuracy:65.279
test_accuracy is 64.930 after epochs 127

Epoch: 128
[129,   100] loss: 0.608 accuracy:64.875
[129,   200] loss: 0.606 accuracy:65.578
[129,   300] loss: 0.607 accuracy:65.401
[129,   400] loss: 0.606 accuracy:65.598
[129,   500] loss: 0.605 accuracy:65.697
[129,   600] loss: 0.605 accuracy:65.630
[129,   700] loss: 0.605 accuracy:65.638
test_accuracy is 67.230 after epochs 128
Saving..

Epoch: 129
[130,   100] loss: 0.602 accuracy:66.141
[130,   200] loss: 0.602 accuracy:66.062
[130,   300] loss: 0.601 accuracy:66.276
[130,   400] loss: 0.603 accuracy:65.832
[130,   500] loss: 0.602 accuracy:65.953
[130,   600] loss: 0.602 accuracy:65.904
[130,   700] loss: 0.601 accuracy:65.884
test_accuracy is 67.430 after epochs 129
Saving..

Epoch: 130
[131,   100] loss: 0.597 accuracy:66.750
[131,   200] loss: 0.597 accuracy:66.820
[131,   300] loss: 0.597 accuracy:66.766
[131,   400] loss: 0.595 accuracy:66.945
[131,   500] loss: 0.596 accuracy:66.791
[131,   600] loss: 0.596 accuracy:66.763
[131,   700] loss: 0.596 accuracy:66.643
test_accuracy is 65.730 after epochs 130

Epoch: 131
[132,   100] loss: 0.585 accuracy:67.391
[132,   200] loss: 0.587 accuracy:67.555
[132,   300] loss: 0.587 accuracy:67.365
[132,   400] loss: 0.589 accuracy:67.258
[132,   500] loss: 0.590 accuracy:67.053
[132,   600] loss: 0.588 accuracy:67.198
[132,   700] loss: 0.589 accuracy:67.185
test_accuracy is 67.360 after epochs 131

Epoch: 132
[133,   100] loss: 0.597 accuracy:67.109
[133,   200] loss: 0.589 accuracy:67.344
[133,   300] loss: 0.591 accuracy:67.255
[133,   400] loss: 0.590 accuracy:67.500
[133,   500] loss: 0.588 accuracy:67.697
[133,   600] loss: 0.588 accuracy:67.615
[133,   700] loss: 0.587 accuracy:67.632
test_accuracy is 65.690 after epochs 132

Epoch: 133
[134,   100] loss: 0.584 accuracy:68.328
[134,   200] loss: 0.582 accuracy:67.930
[134,   300] loss: 0.582 accuracy:67.818
[134,   400] loss: 0.582 accuracy:67.773
[134,   500] loss: 0.583 accuracy:67.675
[134,   600] loss: 0.584 accuracy:67.568
[134,   700] loss: 0.582 accuracy:67.603
test_accuracy is 68.280 after epochs 133
Saving..

Epoch: 134
[135,   100] loss: 0.585 accuracy:67.562
[135,   200] loss: 0.576 accuracy:68.250
[135,   300] loss: 0.571 accuracy:68.630
[135,   400] loss: 0.573 accuracy:68.402
[135,   500] loss: 0.573 accuracy:68.375
[135,   600] loss: 0.574 accuracy:68.393
[135,   700] loss: 0.573 accuracy:68.386
test_accuracy is 66.880 after epochs 134

Epoch: 135
[136,   100] loss: 0.571 accuracy:68.156
[136,   200] loss: 0.569 accuracy:68.148
[136,   300] loss: 0.567 accuracy:68.594
[136,   400] loss: 0.567 accuracy:68.629
[136,   500] loss: 0.569 accuracy:68.694
[136,   600] loss: 0.568 accuracy:68.862
[136,   700] loss: 0.567 accuracy:68.931
test_accuracy is 69.820 after epochs 135
Saving..

Epoch: 136
[137,   100] loss: 0.559 accuracy:69.797
[137,   200] loss: 0.566 accuracy:69.359
[137,   300] loss: 0.568 accuracy:68.927
[137,   400] loss: 0.567 accuracy:68.879
[137,   500] loss: 0.566 accuracy:69.084
[137,   600] loss: 0.563 accuracy:69.404
[137,   700] loss: 0.563 accuracy:69.357
test_accuracy is 70.910 after epochs 136
Saving..

Epoch: 137
[138,   100] loss: 0.560 accuracy:70.000
[138,   200] loss: 0.560 accuracy:69.766
[138,   300] loss: 0.558 accuracy:69.906
[138,   400] loss: 0.557 accuracy:70.184
[138,   500] loss: 0.555 accuracy:70.266
[138,   600] loss: 0.555 accuracy:70.182
[138,   700] loss: 0.554 accuracy:70.208
test_accuracy is 71.590 after epochs 137
Saving..

Epoch: 138
[139,   100] loss: 0.556 accuracy:69.797
[139,   200] loss: 0.556 accuracy:69.867
[139,   300] loss: 0.554 accuracy:69.964
[139,   400] loss: 0.554 accuracy:70.176
[139,   500] loss: 0.554 accuracy:70.200
[139,   600] loss: 0.553 accuracy:70.224
[139,   700] loss: 0.552 accuracy:70.295
test_accuracy is 70.190 after epochs 138

Epoch: 139
[140,   100] loss: 0.539 accuracy:71.922
[140,   200] loss: 0.546 accuracy:71.078
[140,   300] loss: 0.543 accuracy:71.448
[140,   400] loss: 0.546 accuracy:70.977
[140,   500] loss: 0.544 accuracy:71.100
[140,   600] loss: 0.545 accuracy:70.891
[140,   700] loss: 0.545 accuracy:70.725
test_accuracy is 72.330 after epochs 139
Saving..

Epoch: 140
[141,   100] loss: 0.552 accuracy:69.625
[141,   200] loss: 0.552 accuracy:69.914
[141,   300] loss: 0.551 accuracy:69.922
[141,   400] loss: 0.548 accuracy:70.203
[141,   500] loss: 0.547 accuracy:70.250
[141,   600] loss: 0.545 accuracy:70.404
[141,   700] loss: 0.544 accuracy:70.413
test_accuracy is 72.200 after epochs 140

Epoch: 141
[142,   100] loss: 0.534 accuracy:71.625
[142,   200] loss: 0.538 accuracy:71.398
[142,   300] loss: 0.538 accuracy:71.411
[142,   400] loss: 0.538 accuracy:71.238
[142,   500] loss: 0.537 accuracy:71.312
[142,   600] loss: 0.536 accuracy:71.365
[142,   700] loss: 0.537 accuracy:71.319
test_accuracy is 70.420 after epochs 141

Epoch: 142
[143,   100] loss: 0.542 accuracy:70.266
[143,   200] loss: 0.541 accuracy:70.812
[143,   300] loss: 0.537 accuracy:71.276
[143,   400] loss: 0.534 accuracy:71.582
[143,   500] loss: 0.533 accuracy:71.688
[143,   600] loss: 0.533 accuracy:71.615
[143,   700] loss: 0.533 accuracy:71.670
test_accuracy is 72.460 after epochs 142
Saving..

Epoch: 143
[144,   100] loss: 0.530 accuracy:71.375
[144,   200] loss: 0.529 accuracy:71.602
[144,   300] loss: 0.529 accuracy:71.771
[144,   400] loss: 0.529 accuracy:71.828
[144,   500] loss: 0.529 accuracy:71.900
[144,   600] loss: 0.528 accuracy:71.948
[144,   700] loss: 0.529 accuracy:71.857
test_accuracy is 70.660 after epochs 143

Epoch: 144
[145,   100] loss: 0.535 accuracy:70.875
[145,   200] loss: 0.525 accuracy:71.688
[145,   300] loss: 0.529 accuracy:71.792
[145,   400] loss: 0.529 accuracy:71.633
[145,   500] loss: 0.528 accuracy:71.737
[145,   600] loss: 0.526 accuracy:71.857
[145,   700] loss: 0.525 accuracy:71.980
test_accuracy is 70.530 after epochs 144

Epoch: 145
[146,   100] loss: 0.522 accuracy:72.031
[146,   200] loss: 0.523 accuracy:72.023
[146,   300] loss: 0.524 accuracy:71.906
[146,   400] loss: 0.520 accuracy:72.234
[146,   500] loss: 0.521 accuracy:72.291
[146,   600] loss: 0.521 accuracy:72.341
[146,   700] loss: 0.521 accuracy:72.239
test_accuracy is 72.850 after epochs 145
Saving..

Epoch: 146
[147,   100] loss: 0.529 accuracy:71.391
[147,   200] loss: 0.532 accuracy:71.078
[147,   300] loss: 0.524 accuracy:71.833
[147,   400] loss: 0.523 accuracy:72.016
[147,   500] loss: 0.522 accuracy:72.150
[147,   600] loss: 0.523 accuracy:72.073
[147,   700] loss: 0.523 accuracy:72.143
test_accuracy is 74.160 after epochs 146
Saving..

Epoch: 147
[148,   100] loss: 0.540 accuracy:70.641
[148,   200] loss: 0.530 accuracy:71.375
[148,   300] loss: 0.525 accuracy:71.906
[148,   400] loss: 0.523 accuracy:72.070
[148,   500] loss: 0.521 accuracy:72.206
[148,   600] loss: 0.521 accuracy:72.323
[148,   700] loss: 0.521 accuracy:72.299
test_accuracy is 73.750 after epochs 147

Epoch: 148
[149,   100] loss: 0.513 accuracy:72.594
[149,   200] loss: 0.515 accuracy:72.828
[149,   300] loss: 0.515 accuracy:72.724
[149,   400] loss: 0.514 accuracy:72.719
[149,   500] loss: 0.513 accuracy:72.784
[149,   600] loss: 0.513 accuracy:72.760
[149,   700] loss: 0.515 accuracy:72.703
test_accuracy is 75.030 after epochs 148
Saving..

Epoch: 149
[150,   100] loss: 0.520 accuracy:72.703
[150,   200] loss: 0.513 accuracy:73.289
[150,   300] loss: 0.512 accuracy:73.292
[150,   400] loss: 0.513 accuracy:72.969
[150,   500] loss: 0.513 accuracy:72.841
[150,   600] loss: 0.511 accuracy:72.982
[150,   700] loss: 0.510 accuracy:73.040
test_accuracy is 74.120 after epochs 149

Epoch: 150
[151,   100] loss: 0.512 accuracy:73.125
[151,   200] loss: 0.512 accuracy:73.281
[151,   300] loss: 0.508 accuracy:73.396
[151,   400] loss: 0.514 accuracy:72.938
[151,   500] loss: 0.509 accuracy:73.278
[151,   600] loss: 0.511 accuracy:73.188
[151,   700] loss: 0.510 accuracy:73.212
test_accuracy is 74.260 after epochs 150

Epoch: 151
[152,   100] loss: 0.510 accuracy:73.438
[152,   200] loss: 0.504 accuracy:73.648
[152,   300] loss: 0.502 accuracy:73.750
[152,   400] loss: 0.503 accuracy:73.730
[152,   500] loss: 0.506 accuracy:73.591
[152,   600] loss: 0.505 accuracy:73.661
[152,   700] loss: 0.505 accuracy:73.641
test_accuracy is 72.970 after epochs 151

Epoch: 152
[153,   100] loss: 0.502 accuracy:73.688
[153,   200] loss: 0.503 accuracy:73.883
[153,   300] loss: 0.503 accuracy:73.823
[153,   400] loss: 0.501 accuracy:73.891
[153,   500] loss: 0.501 accuracy:73.825
[153,   600] loss: 0.500 accuracy:73.836
[153,   700] loss: 0.501 accuracy:73.879
test_accuracy is 74.070 after epochs 152

Epoch: 153
[154,   100] loss: 0.498 accuracy:73.859
[154,   200] loss: 0.501 accuracy:73.727
[154,   300] loss: 0.497 accuracy:73.932
[154,   400] loss: 0.498 accuracy:73.746
[154,   500] loss: 0.497 accuracy:73.950
[154,   600] loss: 0.499 accuracy:73.812
[154,   700] loss: 0.498 accuracy:73.857
test_accuracy is 74.240 after epochs 153

Epoch: 154
[155,   100] loss: 0.510 accuracy:73.531
[155,   200] loss: 0.503 accuracy:73.945
[155,   300] loss: 0.502 accuracy:74.016
[155,   400] loss: 0.501 accuracy:74.000
[155,   500] loss: 0.499 accuracy:74.088
[155,   600] loss: 0.498 accuracy:74.214
[155,   700] loss: 0.498 accuracy:74.127
test_accuracy is 73.150 after epochs 154

Epoch: 155
[156,   100] loss: 0.508 accuracy:73.219
[156,   200] loss: 0.504 accuracy:73.586
[156,   300] loss: 0.503 accuracy:73.766
[156,   400] loss: 0.503 accuracy:73.770
[156,   500] loss: 0.503 accuracy:73.713
[156,   600] loss: 0.504 accuracy:73.591
[156,   700] loss: 0.503 accuracy:73.696
test_accuracy is 74.320 after epochs 155

Epoch: 156
[157,   100] loss: 0.495 accuracy:74.172
[157,   200] loss: 0.497 accuracy:74.062
[157,   300] loss: 0.496 accuracy:74.047
[157,   400] loss: 0.497 accuracy:73.879
[157,   500] loss: 0.497 accuracy:73.834
[157,   600] loss: 0.496 accuracy:74.016
[157,   700] loss: 0.495 accuracy:74.076
test_accuracy is 75.570 after epochs 156
Saving..

Epoch: 157
[158,   100] loss: 0.485 accuracy:75.438
[158,   200] loss: 0.489 accuracy:74.906
[158,   300] loss: 0.492 accuracy:74.625
[158,   400] loss: 0.492 accuracy:74.484
[158,   500] loss: 0.495 accuracy:74.372
[158,   600] loss: 0.494 accuracy:74.372
[158,   700] loss: 0.496 accuracy:74.147
test_accuracy is 71.850 after epochs 157

Epoch: 158
[159,   100] loss: 0.496 accuracy:74.000
[159,   200] loss: 0.487 accuracy:74.656
[159,   300] loss: 0.491 accuracy:74.354
[159,   400] loss: 0.492 accuracy:74.402
[159,   500] loss: 0.490 accuracy:74.541
[159,   600] loss: 0.490 accuracy:74.471
[159,   700] loss: 0.491 accuracy:74.446
test_accuracy is 75.200 after epochs 158

Epoch: 159
[160,   100] loss: 0.500 accuracy:74.328
[160,   200] loss: 0.497 accuracy:74.133
[160,   300] loss: 0.496 accuracy:74.432
[160,   400] loss: 0.495 accuracy:74.434
[160,   500] loss: 0.493 accuracy:74.594
[160,   600] loss: 0.492 accuracy:74.583
[160,   700] loss: 0.493 accuracy:74.400
test_accuracy is 76.050 after epochs 159
Saving..

Epoch: 160
[161,   100] loss: 0.490 accuracy:74.344
[161,   200] loss: 0.488 accuracy:74.516
[161,   300] loss: 0.485 accuracy:74.854
[161,   400] loss: 0.487 accuracy:74.688
[161,   500] loss: 0.488 accuracy:74.634
[161,   600] loss: 0.487 accuracy:74.701
[161,   700] loss: 0.486 accuracy:74.743
test_accuracy is 74.170 after epochs 160

Epoch: 161
[162,   100] loss: 0.491 accuracy:74.469
[162,   200] loss: 0.488 accuracy:74.844
[162,   300] loss: 0.488 accuracy:74.833
[162,   400] loss: 0.485 accuracy:74.957
[162,   500] loss: 0.486 accuracy:74.816
[162,   600] loss: 0.485 accuracy:74.883
[162,   700] loss: 0.485 accuracy:74.931
test_accuracy is 75.820 after epochs 161

Epoch: 162
[163,   100] loss: 0.491 accuracy:74.125
[163,   200] loss: 0.489 accuracy:74.594
[163,   300] loss: 0.486 accuracy:74.781
[163,   400] loss: 0.487 accuracy:74.723
[163,   500] loss: 0.487 accuracy:74.719
[163,   600] loss: 0.485 accuracy:74.753
[163,   700] loss: 0.485 accuracy:74.754
test_accuracy is 75.530 after epochs 162

Epoch: 163
[164,   100] loss: 0.474 accuracy:75.672
[164,   200] loss: 0.477 accuracy:75.023
[164,   300] loss: 0.475 accuracy:75.328
[164,   400] loss: 0.478 accuracy:75.309
[164,   500] loss: 0.479 accuracy:75.228
[164,   600] loss: 0.479 accuracy:75.190
[164,   700] loss: 0.480 accuracy:75.071
test_accuracy is 76.120 after epochs 163
Saving..

Epoch: 164
[165,   100] loss: 0.490 accuracy:74.688
[165,   200] loss: 0.482 accuracy:75.258
[165,   300] loss: 0.482 accuracy:75.219
[165,   400] loss: 0.483 accuracy:74.984
[165,   500] loss: 0.483 accuracy:74.987
[165,   600] loss: 0.482 accuracy:75.076
[165,   700] loss: 0.482 accuracy:75.045
test_accuracy is 75.800 after epochs 164

Epoch: 165
[166,   100] loss: 0.491 accuracy:74.656
[166,   200] loss: 0.485 accuracy:74.875
[166,   300] loss: 0.482 accuracy:75.229
[166,   400] loss: 0.480 accuracy:75.422
[166,   500] loss: 0.481 accuracy:75.303
[166,   600] loss: 0.482 accuracy:75.201
[166,   700] loss: 0.482 accuracy:75.112
test_accuracy is 76.690 after epochs 165
Saving..

Epoch: 166
[167,   100] loss: 0.475 accuracy:75.641
[167,   200] loss: 0.469 accuracy:75.930
[167,   300] loss: 0.473 accuracy:75.542
[167,   400] loss: 0.474 accuracy:75.504
[167,   500] loss: 0.474 accuracy:75.519
[167,   600] loss: 0.476 accuracy:75.331
[167,   700] loss: 0.478 accuracy:75.196
test_accuracy is 76.810 after epochs 166
Saving..

Epoch: 167
[168,   100] loss: 0.476 accuracy:75.328
[168,   200] loss: 0.479 accuracy:75.203
[168,   300] loss: 0.479 accuracy:75.245
[168,   400] loss: 0.477 accuracy:75.383
[168,   500] loss: 0.474 accuracy:75.666
[168,   600] loss: 0.474 accuracy:75.589
[168,   700] loss: 0.475 accuracy:75.500
test_accuracy is 77.540 after epochs 167
Saving..

Epoch: 168
[169,   100] loss: 0.480 accuracy:75.266
[169,   200] loss: 0.481 accuracy:75.305
[169,   300] loss: 0.477 accuracy:75.411
[169,   400] loss: 0.477 accuracy:75.535
[169,   500] loss: 0.473 accuracy:75.750
[169,   600] loss: 0.473 accuracy:75.797
[169,   700] loss: 0.473 accuracy:75.710
test_accuracy is 76.160 after epochs 168

Epoch: 169
[170,   100] loss: 0.476 accuracy:75.938
[170,   200] loss: 0.472 accuracy:76.125
[170,   300] loss: 0.475 accuracy:75.870
[170,   400] loss: 0.473 accuracy:75.906
[170,   500] loss: 0.472 accuracy:76.037
[170,   600] loss: 0.474 accuracy:75.758
[170,   700] loss: 0.475 accuracy:75.732
test_accuracy is 76.110 after epochs 169

Epoch: 170
[171,   100] loss: 0.483 accuracy:74.734
[171,   200] loss: 0.475 accuracy:75.234
[171,   300] loss: 0.475 accuracy:75.125
[171,   400] loss: 0.475 accuracy:75.258
[171,   500] loss: 0.475 accuracy:75.219
[171,   600] loss: 0.474 accuracy:75.349
[171,   700] loss: 0.472 accuracy:75.556
test_accuracy is 76.230 after epochs 170

Epoch: 171
[172,   100] loss: 0.476 accuracy:75.812
[172,   200] loss: 0.470 accuracy:76.195
[172,   300] loss: 0.467 accuracy:76.141
[172,   400] loss: 0.469 accuracy:75.879
[172,   500] loss: 0.471 accuracy:75.697
[172,   600] loss: 0.472 accuracy:75.688
[172,   700] loss: 0.473 accuracy:75.654
test_accuracy is 77.190 after epochs 171

Epoch: 172
[173,   100] loss: 0.465 accuracy:75.859
[173,   200] loss: 0.468 accuracy:75.812
[173,   300] loss: 0.467 accuracy:75.990
[173,   400] loss: 0.468 accuracy:75.910
[173,   500] loss: 0.468 accuracy:75.997
[173,   600] loss: 0.468 accuracy:76.042
[173,   700] loss: 0.468 accuracy:75.920
test_accuracy is 76.600 after epochs 172

Epoch: 173
[174,   100] loss: 0.473 accuracy:75.609
[174,   200] loss: 0.467 accuracy:76.203
[174,   300] loss: 0.469 accuracy:75.938
[174,   400] loss: 0.468 accuracy:75.910
[174,   500] loss: 0.469 accuracy:75.753
[174,   600] loss: 0.472 accuracy:75.625
[174,   700] loss: 0.472 accuracy:75.547
test_accuracy is 77.680 after epochs 173
Saving..

Epoch: 174
[175,   100] loss: 0.479 accuracy:75.125
[175,   200] loss: 0.475 accuracy:75.391
[175,   300] loss: 0.472 accuracy:75.620
[175,   400] loss: 0.472 accuracy:75.789
[175,   500] loss: 0.471 accuracy:75.719
[175,   600] loss: 0.470 accuracy:75.771
[175,   700] loss: 0.470 accuracy:75.781
test_accuracy is 76.690 after epochs 174

Epoch: 175
[176,   100] loss: 0.462 accuracy:76.250
[176,   200] loss: 0.464 accuracy:76.516
[176,   300] loss: 0.466 accuracy:76.172
[176,   400] loss: 0.466 accuracy:76.055
[176,   500] loss: 0.468 accuracy:75.878
[176,   600] loss: 0.469 accuracy:75.826
[176,   700] loss: 0.469 accuracy:75.801
test_accuracy is 76.630 after epochs 175

Epoch: 176
[177,   100] loss: 0.459 accuracy:76.375
[177,   200] loss: 0.468 accuracy:75.805
[177,   300] loss: 0.464 accuracy:76.068
[177,   400] loss: 0.463 accuracy:76.156
[177,   500] loss: 0.464 accuracy:76.147
[177,   600] loss: 0.464 accuracy:76.229
[177,   700] loss: 0.464 accuracy:76.205
test_accuracy is 76.170 after epochs 176

Epoch: 177
[178,   100] loss: 0.466 accuracy:76.297
[178,   200] loss: 0.470 accuracy:75.688
[178,   300] loss: 0.466 accuracy:76.104
[178,   400] loss: 0.464 accuracy:76.340
[178,   500] loss: 0.462 accuracy:76.341
[178,   600] loss: 0.464 accuracy:76.266
[178,   700] loss: 0.463 accuracy:76.297
test_accuracy is 76.850 after epochs 177

Epoch: 178
[179,   100] loss: 0.476 accuracy:75.031
[179,   200] loss: 0.468 accuracy:75.672
[179,   300] loss: 0.470 accuracy:75.484
[179,   400] loss: 0.470 accuracy:75.566
[179,   500] loss: 0.469 accuracy:75.688
[179,   600] loss: 0.469 accuracy:75.664
[179,   700] loss: 0.469 accuracy:75.663
test_accuracy is 77.350 after epochs 178

Epoch: 179
[180,   100] loss: 0.451 accuracy:76.500
[180,   200] loss: 0.460 accuracy:76.453
[180,   300] loss: 0.465 accuracy:76.036
[180,   400] loss: 0.465 accuracy:76.016
[180,   500] loss: 0.463 accuracy:76.231
[180,   600] loss: 0.462 accuracy:76.250
[180,   700] loss: 0.463 accuracy:76.248
test_accuracy is 77.920 after epochs 179
Saving..

Epoch: 180
[181,   100] loss: 0.467 accuracy:75.875
[181,   200] loss: 0.463 accuracy:76.273
[181,   300] loss: 0.462 accuracy:76.406
[181,   400] loss: 0.463 accuracy:76.289
[181,   500] loss: 0.464 accuracy:76.200
[181,   600] loss: 0.465 accuracy:76.089
[181,   700] loss: 0.466 accuracy:76.125
test_accuracy is 77.160 after epochs 180

Epoch: 181
[182,   100] loss: 0.455 accuracy:77.016
[182,   200] loss: 0.456 accuracy:77.156
[182,   300] loss: 0.460 accuracy:76.635
[182,   400] loss: 0.460 accuracy:76.566
[182,   500] loss: 0.462 accuracy:76.353
[182,   600] loss: 0.461 accuracy:76.406
[182,   700] loss: 0.461 accuracy:76.382
test_accuracy is 77.750 after epochs 181

Epoch: 182
[183,   100] loss: 0.464 accuracy:76.141
[183,   200] loss: 0.463 accuracy:76.195
[183,   300] loss: 0.461 accuracy:76.198
[183,   400] loss: 0.461 accuracy:76.367
[183,   500] loss: 0.461 accuracy:76.434
[183,   600] loss: 0.460 accuracy:76.424
[183,   700] loss: 0.461 accuracy:76.451
test_accuracy is 77.640 after epochs 182

Epoch: 183
[184,   100] loss: 0.451 accuracy:77.031
[184,   200] loss: 0.455 accuracy:77.039
[184,   300] loss: 0.451 accuracy:77.307
[184,   400] loss: 0.451 accuracy:77.293
[184,   500] loss: 0.454 accuracy:77.116
[184,   600] loss: 0.456 accuracy:76.995
[184,   700] loss: 0.457 accuracy:76.987
test_accuracy is 78.020 after epochs 183
Saving..

Epoch: 184
[185,   100] loss: 0.452 accuracy:76.953
[185,   200] loss: 0.455 accuracy:76.828
[185,   300] loss: 0.459 accuracy:76.495
[185,   400] loss: 0.461 accuracy:76.449
[185,   500] loss: 0.463 accuracy:76.237
[185,   600] loss: 0.464 accuracy:76.326
[185,   700] loss: 0.463 accuracy:76.321
test_accuracy is 77.640 after epochs 184

Epoch: 185
[186,   100] loss: 0.461 accuracy:76.500
[186,   200] loss: 0.464 accuracy:76.141
[186,   300] loss: 0.461 accuracy:76.542
[186,   400] loss: 0.460 accuracy:76.461
[186,   500] loss: 0.462 accuracy:76.369
[186,   600] loss: 0.463 accuracy:76.268
[186,   700] loss: 0.462 accuracy:76.344
test_accuracy is 78.030 after epochs 185
Saving..

Epoch: 186
[187,   100] loss: 0.477 accuracy:74.719
[187,   200] loss: 0.468 accuracy:75.773
[187,   300] loss: 0.463 accuracy:76.203
[187,   400] loss: 0.461 accuracy:76.281
[187,   500] loss: 0.459 accuracy:76.463
[187,   600] loss: 0.460 accuracy:76.458
[187,   700] loss: 0.461 accuracy:76.364
test_accuracy is 77.970 after epochs 186

Epoch: 187
[188,   100] loss: 0.462 accuracy:76.375
[188,   200] loss: 0.461 accuracy:76.758
[188,   300] loss: 0.462 accuracy:76.599
[188,   400] loss: 0.459 accuracy:76.605
[188,   500] loss: 0.458 accuracy:76.681
[188,   600] loss: 0.457 accuracy:76.786
[188,   700] loss: 0.456 accuracy:76.864
test_accuracy is 78.280 after epochs 187
Saving..

Epoch: 188
[189,   100] loss: 0.464 accuracy:76.469
[189,   200] loss: 0.461 accuracy:76.344
[189,   300] loss: 0.461 accuracy:76.286
[189,   400] loss: 0.462 accuracy:76.305
[189,   500] loss: 0.462 accuracy:76.228
[189,   600] loss: 0.461 accuracy:76.263
[189,   700] loss: 0.460 accuracy:76.371
test_accuracy is 78.690 after epochs 188
Saving..

Epoch: 189
[190,   100] loss: 0.458 accuracy:76.844
[190,   200] loss: 0.459 accuracy:76.445
[190,   300] loss: 0.457 accuracy:76.328
[190,   400] loss: 0.459 accuracy:76.234
[190,   500] loss: 0.460 accuracy:76.259
[190,   600] loss: 0.459 accuracy:76.378
[190,   700] loss: 0.459 accuracy:76.471
test_accuracy is 77.940 after epochs 189

Epoch: 190
[191,   100] loss: 0.461 accuracy:76.891
[191,   200] loss: 0.458 accuracy:77.031
[191,   300] loss: 0.462 accuracy:76.484
[191,   400] loss: 0.460 accuracy:76.750
[191,   500] loss: 0.457 accuracy:76.862
[191,   600] loss: 0.459 accuracy:76.719
[191,   700] loss: 0.458 accuracy:76.797
test_accuracy is 78.060 after epochs 190

Epoch: 191
[192,   100] loss: 0.460 accuracy:76.453
[192,   200] loss: 0.459 accuracy:76.461
[192,   300] loss: 0.457 accuracy:76.729
[192,   400] loss: 0.459 accuracy:76.676
[192,   500] loss: 0.459 accuracy:76.703
[192,   600] loss: 0.458 accuracy:76.721
[192,   700] loss: 0.458 accuracy:76.732
test_accuracy is 78.290 after epochs 191

Epoch: 192
[193,   100] loss: 0.448 accuracy:77.531
[193,   200] loss: 0.457 accuracy:76.617
[193,   300] loss: 0.461 accuracy:76.219
[193,   400] loss: 0.459 accuracy:76.441
[193,   500] loss: 0.457 accuracy:76.666
[193,   600] loss: 0.456 accuracy:76.802
[193,   700] loss: 0.457 accuracy:76.810
test_accuracy is 77.940 after epochs 192

Epoch: 193
[194,   100] loss: 0.456 accuracy:77.281
[194,   200] loss: 0.450 accuracy:77.359
[194,   300] loss: 0.455 accuracy:77.094
[194,   400] loss: 0.457 accuracy:76.930
[194,   500] loss: 0.459 accuracy:76.697
[194,   600] loss: 0.458 accuracy:76.737
[194,   700] loss: 0.458 accuracy:76.748
test_accuracy is 76.870 after epochs 193

Epoch: 194
[195,   100] loss: 0.464 accuracy:76.312
[195,   200] loss: 0.455 accuracy:76.828
[195,   300] loss: 0.455 accuracy:76.828
[195,   400] loss: 0.454 accuracy:76.973
[195,   500] loss: 0.455 accuracy:76.891
[195,   600] loss: 0.456 accuracy:76.724
[195,   700] loss: 0.457 accuracy:76.719
test_accuracy is 77.760 after epochs 194

Epoch: 195
[196,   100] loss: 0.466 accuracy:76.359
[196,   200] loss: 0.458 accuracy:76.953
[196,   300] loss: 0.456 accuracy:77.005
[196,   400] loss: 0.456 accuracy:76.934
[196,   500] loss: 0.455 accuracy:76.994
[196,   600] loss: 0.457 accuracy:76.852
[196,   700] loss: 0.456 accuracy:76.808
test_accuracy is 78.580 after epochs 195

Epoch: 196
[197,   100] loss: 0.453 accuracy:77.188
[197,   200] loss: 0.456 accuracy:76.695
[197,   300] loss: 0.459 accuracy:76.396
[197,   400] loss: 0.460 accuracy:76.375
[197,   500] loss: 0.458 accuracy:76.553
[197,   600] loss: 0.458 accuracy:76.609
[197,   700] loss: 0.459 accuracy:76.576
test_accuracy is 77.900 after epochs 196

Epoch: 197
[198,   100] loss: 0.462 accuracy:76.141
[198,   200] loss: 0.460 accuracy:76.641
[198,   300] loss: 0.455 accuracy:76.979
[198,   400] loss: 0.456 accuracy:76.914
[198,   500] loss: 0.455 accuracy:77.034
[198,   600] loss: 0.456 accuracy:76.893
[198,   700] loss: 0.457 accuracy:76.855
test_accuracy is 79.030 after epochs 197
Saving..

Epoch: 198
[199,   100] loss: 0.457 accuracy:77.047
[199,   200] loss: 0.458 accuracy:76.766
[199,   300] loss: 0.456 accuracy:76.818
[199,   400] loss: 0.456 accuracy:76.898
[199,   500] loss: 0.457 accuracy:76.787
[199,   600] loss: 0.458 accuracy:76.643
[199,   700] loss: 0.458 accuracy:76.598
test_accuracy is 77.570 after epochs 198

Epoch: 199
[200,   100] loss: 0.457 accuracy:76.797
[200,   200] loss: 0.452 accuracy:77.055
[200,   300] loss: 0.456 accuracy:76.891
[200,   400] loss: 0.456 accuracy:76.789
[200,   500] loss: 0.455 accuracy:76.731
[200,   600] loss: 0.454 accuracy:76.812
[200,   700] loss: 0.454 accuracy:76.871
test_accuracy is 77.760 after epochs 199
