Running on g025
128key_LnNoDropLSTM-default-data-cifar10-version-0-num_layers-4-num_templates-4-dropout-0.1-epochs-200-patch_size-4-num_heads-4-batch_size-64-lr-0.0001-256-512-2-2-True-6-True-True-20-True-1-8
Files already downloaded and verified
Files already downloaded and verified
line 153
transformer embed_dim 256
functional? False
total heads 4
head dim 64
use topk?True
topk:20
MEM SLOTS:8
Null attention:False
NEW !!! USING SHARED MEMORY ATTENTION +++++++++
Using gate style unit
query:32896
key:32896
value:65792
attention_mlp:65792
layernorm1:512
layernorm2:512
input_projector:65792
input projector:256
input_gate_projector:208640
memory_gate_projector:1052672
relational volatie!!!
64
32
4
48
torch.Size([])
torch.Size([])
torch.Size([128, 256])
torch.Size([128])
torch.Size([128, 256])
torch.Size([128])
torch.Size([256, 256])
torch.Size([256])
torch.Size([256, 256])
torch.Size([256])
torch.Size([256])
torch.Size([256])
torch.Size([256])
torch.Size([256])
torch.Size([256, 256])
torch.Size([256])
torch.Size([256])
torch.Size([1, 300, 256])
torch.Size([512, 256])
torch.Size([512])
torch.Size([8, 256, 512])
torch.Size([8, 512])
Total number of rmc_parameters:1525506
Total number of parameters:1958412

Epoch: 0
[1,   100] loss: 2.081 accuracy:23.484
[1,   200] loss: 1.998 accuracy:25.688
[1,   300] loss: 1.948 accuracy:27.672
[1,   400] loss: 1.911 accuracy:28.805
[1,   500] loss: 1.882 accuracy:30.006
[1,   600] loss: 1.856 accuracy:30.971
[1,   700] loss: 1.835 accuracy:31.757
test_accuracy is 39.710 after epochs 0
Saving..

Epoch: 1
[2,   100] loss: 1.661 accuracy:39.047
[2,   200] loss: 1.644 accuracy:39.938
[2,   300] loss: 1.636 accuracy:40.172
[2,   400] loss: 1.628 accuracy:40.414
[2,   500] loss: 1.613 accuracy:41.000
[2,   600] loss: 1.601 accuracy:41.477
[2,   700] loss: 1.593 accuracy:41.746
test_accuracy is 45.280 after epochs 1
Saving..

Epoch: 2
[3,   100] loss: 1.510 accuracy:44.969
[3,   200] loss: 1.507 accuracy:45.211
[3,   300] loss: 1.505 accuracy:45.240
[3,   400] loss: 1.498 accuracy:45.555
[3,   500] loss: 1.488 accuracy:45.831
[3,   600] loss: 1.482 accuracy:45.938
[3,   700] loss: 1.479 accuracy:46.098
test_accuracy is 48.340 after epochs 2
Saving..

Epoch: 3
[4,   100] loss: 1.399 accuracy:48.391
[4,   200] loss: 1.403 accuracy:48.844
[4,   300] loss: 1.399 accuracy:49.370
[4,   400] loss: 1.400 accuracy:49.176
[4,   500] loss: 1.401 accuracy:48.922
[4,   600] loss: 1.396 accuracy:49.198
[4,   700] loss: 1.395 accuracy:49.252
test_accuracy is 52.140 after epochs 3
Saving..

Epoch: 4
[5,   100] loss: 1.365 accuracy:50.672
[5,   200] loss: 1.357 accuracy:50.734
[5,   300] loss: 1.350 accuracy:51.182
[5,   400] loss: 1.351 accuracy:51.336
[5,   500] loss: 1.350 accuracy:51.347
[5,   600] loss: 1.345 accuracy:51.378
[5,   700] loss: 1.340 accuracy:51.609
test_accuracy is 53.560 after epochs 4
Saving..

Epoch: 5
[6,   100] loss: 1.310 accuracy:53.250
[6,   200] loss: 1.301 accuracy:52.656
[6,   300] loss: 1.308 accuracy:52.625
[6,   400] loss: 1.307 accuracy:52.488
[6,   500] loss: 1.300 accuracy:52.722
[6,   600] loss: 1.294 accuracy:52.953
[6,   700] loss: 1.298 accuracy:52.850
test_accuracy is 54.520 after epochs 5
Saving..

Epoch: 6
[7,   100] loss: 1.278 accuracy:53.703
[7,   200] loss: 1.282 accuracy:53.891
[7,   300] loss: 1.272 accuracy:54.089
[7,   400] loss: 1.269 accuracy:54.156
[7,   500] loss: 1.267 accuracy:54.200
[7,   600] loss: 1.264 accuracy:54.302
[7,   700] loss: 1.259 accuracy:54.451
test_accuracy is 56.140 after epochs 6
Saving..

Epoch: 7
[8,   100] loss: 1.242 accuracy:54.625
[8,   200] loss: 1.238 accuracy:54.750
[8,   300] loss: 1.228 accuracy:55.255
[8,   400] loss: 1.229 accuracy:55.184
[8,   500] loss: 1.226 accuracy:55.425
[8,   600] loss: 1.226 accuracy:55.526
[8,   700] loss: 1.226 accuracy:55.462
test_accuracy is 57.620 after epochs 7
Saving..

Epoch: 8
[9,   100] loss: 1.187 accuracy:56.438
[9,   200] loss: 1.192 accuracy:56.703
[9,   300] loss: 1.197 accuracy:56.474
[9,   400] loss: 1.197 accuracy:56.562
[9,   500] loss: 1.197 accuracy:56.578
[9,   600] loss: 1.197 accuracy:56.539
[9,   700] loss: 1.194 accuracy:56.632
test_accuracy is 58.320 after epochs 8
Saving..

Epoch: 9
[10,   100] loss: 1.178 accuracy:57.156
[10,   200] loss: 1.174 accuracy:57.414
[10,   300] loss: 1.177 accuracy:57.391
[10,   400] loss: 1.174 accuracy:57.512
[10,   500] loss: 1.168 accuracy:57.688
[10,   600] loss: 1.169 accuracy:57.779
[10,   700] loss: 1.170 accuracy:57.719
test_accuracy is 59.830 after epochs 9
Saving..

Epoch: 10
[11,   100] loss: 1.151 accuracy:57.844
[11,   200] loss: 1.149 accuracy:58.250
[11,   300] loss: 1.152 accuracy:58.281
[11,   400] loss: 1.146 accuracy:58.586
[11,   500] loss: 1.150 accuracy:58.516
[11,   600] loss: 1.146 accuracy:58.677
[11,   700] loss: 1.143 accuracy:58.790
test_accuracy is 59.810 after epochs 10

Epoch: 11
[12,   100] loss: 1.106 accuracy:60.750
[12,   200] loss: 1.112 accuracy:59.891
[12,   300] loss: 1.118 accuracy:59.542
[12,   400] loss: 1.113 accuracy:59.746
[12,   500] loss: 1.117 accuracy:59.612
[12,   600] loss: 1.118 accuracy:59.622
[12,   700] loss: 1.118 accuracy:59.658
test_accuracy is 60.700 after epochs 11
Saving..

Epoch: 12
[13,   100] loss: 1.097 accuracy:60.469
[13,   200] loss: 1.099 accuracy:60.359
[13,   300] loss: 1.098 accuracy:60.411
[13,   400] loss: 1.096 accuracy:60.465
[13,   500] loss: 1.097 accuracy:60.456
[13,   600] loss: 1.099 accuracy:60.471
[13,   700] loss: 1.098 accuracy:60.525
test_accuracy is 61.380 after epochs 12
Saving..

Epoch: 13
[14,   100] loss: 1.099 accuracy:60.562
[14,   200] loss: 1.078 accuracy:61.094
[14,   300] loss: 1.078 accuracy:61.240
[14,   400] loss: 1.075 accuracy:61.219
[14,   500] loss: 1.078 accuracy:61.069
[14,   600] loss: 1.074 accuracy:61.172
[14,   700] loss: 1.072 accuracy:61.326
test_accuracy is 62.620 after epochs 13
Saving..

Epoch: 14
[15,   100] loss: 1.046 accuracy:62.734
[15,   200] loss: 1.054 accuracy:61.922
[15,   300] loss: 1.053 accuracy:62.057
[15,   400] loss: 1.054 accuracy:62.094
[15,   500] loss: 1.056 accuracy:61.841
[15,   600] loss: 1.055 accuracy:61.938
[15,   700] loss: 1.055 accuracy:61.964
test_accuracy is 62.480 after epochs 14

Epoch: 15
[16,   100] loss: 1.059 accuracy:62.188
[16,   200] loss: 1.048 accuracy:62.438
[16,   300] loss: 1.040 accuracy:62.740
[16,   400] loss: 1.033 accuracy:62.980
[16,   500] loss: 1.035 accuracy:62.847
[16,   600] loss: 1.038 accuracy:62.656
[16,   700] loss: 1.040 accuracy:62.558
test_accuracy is 62.290 after epochs 15

Epoch: 16
[17,   100] loss: 1.012 accuracy:63.125
[17,   200] loss: 1.017 accuracy:63.258
[17,   300] loss: 1.021 accuracy:63.161
[17,   400] loss: 1.026 accuracy:62.973
[17,   500] loss: 1.024 accuracy:63.059
[17,   600] loss: 1.025 accuracy:63.010
[17,   700] loss: 1.024 accuracy:63.038
test_accuracy is 63.440 after epochs 16
Saving..

Epoch: 17
[18,   100] loss: 1.012 accuracy:62.984
[18,   200] loss: 1.003 accuracy:63.609
[18,   300] loss: 1.007 accuracy:63.589
[18,   400] loss: 1.008 accuracy:63.477
[18,   500] loss: 1.013 accuracy:63.381
[18,   600] loss: 1.011 accuracy:63.432
[18,   700] loss: 1.008 accuracy:63.554
test_accuracy is 64.450 after epochs 17
Saving..

Epoch: 18
[19,   100] loss: 0.985 accuracy:65.125
[19,   200] loss: 0.982 accuracy:64.656
[19,   300] loss: 0.977 accuracy:64.620
[19,   400] loss: 0.980 accuracy:64.391
[19,   500] loss: 0.983 accuracy:64.341
[19,   600] loss: 0.984 accuracy:64.310
[19,   700] loss: 0.984 accuracy:64.417
test_accuracy is 63.740 after epochs 18

Epoch: 19
[20,   100] loss: 0.963 accuracy:64.875
[20,   200] loss: 0.973 accuracy:64.094
[20,   300] loss: 0.975 accuracy:64.266
[20,   400] loss: 0.976 accuracy:64.453
[20,   500] loss: 0.981 accuracy:64.412
[20,   600] loss: 0.981 accuracy:64.398
[20,   700] loss: 0.978 accuracy:64.504
test_accuracy is 65.370 after epochs 19
Saving..

Epoch: 20
[21,   100] loss: 0.962 accuracy:64.625
[21,   200] loss: 0.966 accuracy:64.938
[21,   300] loss: 0.965 accuracy:65.120
[21,   400] loss: 0.965 accuracy:65.180
[21,   500] loss: 0.963 accuracy:65.291
[21,   600] loss: 0.964 accuracy:65.333
[21,   700] loss: 0.963 accuracy:65.350
test_accuracy is 64.990 after epochs 20

Epoch: 21
[22,   100] loss: 0.934 accuracy:66.328
[22,   200] loss: 0.940 accuracy:66.031
[22,   300] loss: 0.942 accuracy:65.911
[22,   400] loss: 0.950 accuracy:65.840
[22,   500] loss: 0.947 accuracy:65.797
[22,   600] loss: 0.946 accuracy:65.839
[22,   700] loss: 0.944 accuracy:65.996
test_accuracy is 65.370 after epochs 21

Epoch: 22
[23,   100] loss: 0.956 accuracy:65.672
[23,   200] loss: 0.942 accuracy:66.219
[23,   300] loss: 0.943 accuracy:66.161
[23,   400] loss: 0.946 accuracy:66.051
[23,   500] loss: 0.942 accuracy:66.178
[23,   600] loss: 0.935 accuracy:66.401
[23,   700] loss: 0.932 accuracy:66.484
test_accuracy is 66.560 after epochs 22
Saving..

Epoch: 23
[24,   100] loss: 0.903 accuracy:67.906
[24,   200] loss: 0.917 accuracy:67.266
[24,   300] loss: 0.921 accuracy:66.724
[24,   400] loss: 0.923 accuracy:66.598
[24,   500] loss: 0.919 accuracy:66.822
[24,   600] loss: 0.919 accuracy:66.872
[24,   700] loss: 0.919 accuracy:66.926
test_accuracy is 67.130 after epochs 23
Saving..

Epoch: 24
[25,   100] loss: 0.926 accuracy:66.891
[25,   200] loss: 0.926 accuracy:66.805
[25,   300] loss: 0.927 accuracy:66.578
[25,   400] loss: 0.916 accuracy:66.934
[25,   500] loss: 0.913 accuracy:67.116
[25,   600] loss: 0.915 accuracy:67.169
[25,   700] loss: 0.912 accuracy:67.317
test_accuracy is 67.210 after epochs 24
Saving..

Epoch: 25
[26,   100] loss: 0.906 accuracy:67.078
[26,   200] loss: 0.899 accuracy:67.625
[26,   300] loss: 0.906 accuracy:67.344
[26,   400] loss: 0.903 accuracy:67.691
[26,   500] loss: 0.899 accuracy:67.841
[26,   600] loss: 0.898 accuracy:67.898
[26,   700] loss: 0.896 accuracy:68.002
test_accuracy is 67.000 after epochs 25

Epoch: 26
[27,   100] loss: 0.871 accuracy:68.141
[27,   200] loss: 0.875 accuracy:68.094
[27,   300] loss: 0.880 accuracy:68.010
[27,   400] loss: 0.879 accuracy:68.148
[27,   500] loss: 0.878 accuracy:68.291
[27,   600] loss: 0.879 accuracy:68.279
[27,   700] loss: 0.880 accuracy:68.301
test_accuracy is 67.930 after epochs 26
Saving..

Epoch: 27
[28,   100] loss: 0.873 accuracy:68.531
[28,   200] loss: 0.874 accuracy:68.430
[28,   300] loss: 0.869 accuracy:68.677
[28,   400] loss: 0.873 accuracy:68.453
[28,   500] loss: 0.871 accuracy:68.431
[28,   600] loss: 0.871 accuracy:68.435
[28,   700] loss: 0.872 accuracy:68.453
test_accuracy is 67.830 after epochs 27

Epoch: 28
[29,   100] loss: 0.847 accuracy:69.156
[29,   200] loss: 0.848 accuracy:69.227
[29,   300] loss: 0.852 accuracy:69.307
[29,   400] loss: 0.854 accuracy:69.203
[29,   500] loss: 0.857 accuracy:69.119
[29,   600] loss: 0.859 accuracy:69.003
[29,   700] loss: 0.858 accuracy:69.087
test_accuracy is 68.120 after epochs 28
Saving..

Epoch: 29
[30,   100] loss: 0.862 accuracy:69.281
[30,   200] loss: 0.847 accuracy:69.578
[30,   300] loss: 0.841 accuracy:69.828
[30,   400] loss: 0.840 accuracy:69.988
[30,   500] loss: 0.841 accuracy:69.969
[30,   600] loss: 0.842 accuracy:69.885
[30,   700] loss: 0.844 accuracy:69.801
test_accuracy is 65.800 after epochs 29

Epoch: 30
[31,   100] loss: 0.817 accuracy:70.578
[31,   200] loss: 0.821 accuracy:70.547
[31,   300] loss: 0.829 accuracy:70.307
[31,   400] loss: 0.821 accuracy:70.633
[31,   500] loss: 0.826 accuracy:70.472
[31,   600] loss: 0.829 accuracy:70.372
[31,   700] loss: 0.828 accuracy:70.426
test_accuracy is 67.840 after epochs 30

Epoch: 31
[32,   100] loss: 0.827 accuracy:70.078
[32,   200] loss: 0.817 accuracy:70.625
[32,   300] loss: 0.815 accuracy:70.708
[32,   400] loss: 0.821 accuracy:70.559
[32,   500] loss: 0.823 accuracy:70.625
[32,   600] loss: 0.823 accuracy:70.680
[32,   700] loss: 0.825 accuracy:70.645
test_accuracy is 68.460 after epochs 31
Saving..

Epoch: 32
[33,   100] loss: 0.791 accuracy:72.156
[33,   200] loss: 0.811 accuracy:71.430
[33,   300] loss: 0.809 accuracy:71.125
[33,   400] loss: 0.811 accuracy:70.965
[33,   500] loss: 0.813 accuracy:70.916
[33,   600] loss: 0.816 accuracy:70.815
[33,   700] loss: 0.818 accuracy:70.728
test_accuracy is 69.240 after epochs 32
Saving..

Epoch: 33
[34,   100] loss: 0.809 accuracy:70.812
[34,   200] loss: 0.801 accuracy:71.273
[34,   300] loss: 0.799 accuracy:71.104
[34,   400] loss: 0.794 accuracy:71.344
[34,   500] loss: 0.796 accuracy:71.278
[34,   600] loss: 0.796 accuracy:71.430
[34,   700] loss: 0.795 accuracy:71.438
test_accuracy is 67.100 after epochs 33

Epoch: 34
[35,   100] loss: 0.782 accuracy:72.297
[35,   200] loss: 0.794 accuracy:71.867
[35,   300] loss: 0.794 accuracy:71.911
[35,   400] loss: 0.796 accuracy:71.586
[35,   500] loss: 0.795 accuracy:71.600
[35,   600] loss: 0.793 accuracy:71.659
[35,   700] loss: 0.796 accuracy:71.511
test_accuracy is 69.030 after epochs 34

Epoch: 35
[36,   100] loss: 0.770 accuracy:72.234
[36,   200] loss: 0.775 accuracy:72.172
[36,   300] loss: 0.772 accuracy:72.193
[36,   400] loss: 0.776 accuracy:72.121
[36,   500] loss: 0.779 accuracy:72.025
[36,   600] loss: 0.779 accuracy:72.073
[36,   700] loss: 0.782 accuracy:71.908
test_accuracy is 70.170 after epochs 35
Saving..

Epoch: 36
[37,   100] loss: 0.765 accuracy:72.859
[37,   200] loss: 0.770 accuracy:72.750
[37,   300] loss: 0.771 accuracy:72.464
[37,   400] loss: 0.769 accuracy:72.680
[37,   500] loss: 0.769 accuracy:72.453
[37,   600] loss: 0.771 accuracy:72.422
[37,   700] loss: 0.776 accuracy:72.286
test_accuracy is 70.390 after epochs 36
Saving..

Epoch: 37
[38,   100] loss: 0.750 accuracy:72.844
[38,   200] loss: 0.749 accuracy:73.016
[38,   300] loss: 0.754 accuracy:72.802
[38,   400] loss: 0.755 accuracy:72.746
[38,   500] loss: 0.756 accuracy:72.778
[38,   600] loss: 0.760 accuracy:72.586
[38,   700] loss: 0.762 accuracy:72.556
test_accuracy is 69.790 after epochs 37

Epoch: 38
[39,   100] loss: 0.738 accuracy:73.578
[39,   200] loss: 0.749 accuracy:73.133
[39,   300] loss: 0.748 accuracy:73.125
[39,   400] loss: 0.754 accuracy:72.828
[39,   500] loss: 0.753 accuracy:72.728
[39,   600] loss: 0.753 accuracy:72.740
[39,   700] loss: 0.758 accuracy:72.661
test_accuracy is 70.280 after epochs 38

Epoch: 39
[40,   100] loss: 0.754 accuracy:73.141
[40,   200] loss: 0.752 accuracy:72.938
[40,   300] loss: 0.754 accuracy:72.911
[40,   400] loss: 0.754 accuracy:72.871
[40,   500] loss: 0.754 accuracy:72.922
[40,   600] loss: 0.751 accuracy:72.880
[40,   700] loss: 0.752 accuracy:72.873
test_accuracy is 70.600 after epochs 39
Saving..

Epoch: 40
[41,   100] loss: 0.724 accuracy:74.406
[41,   200] loss: 0.730 accuracy:73.945
[41,   300] loss: 0.733 accuracy:73.958
[41,   400] loss: 0.739 accuracy:73.562
[41,   500] loss: 0.738 accuracy:73.575
[41,   600] loss: 0.741 accuracy:73.440
[41,   700] loss: 0.743 accuracy:73.420
test_accuracy is 70.460 after epochs 40

Epoch: 41
[42,   100] loss: 0.740 accuracy:73.984
[42,   200] loss: 0.732 accuracy:74.195
[42,   300] loss: 0.724 accuracy:74.286
[42,   400] loss: 0.724 accuracy:74.363
[42,   500] loss: 0.729 accuracy:74.100
[42,   600] loss: 0.730 accuracy:74.016
[42,   700] loss: 0.727 accuracy:73.975
test_accuracy is 70.350 after epochs 41

Epoch: 42
[43,   100] loss: 0.724 accuracy:74.203
[43,   200] loss: 0.714 accuracy:74.500
[43,   300] loss: 0.722 accuracy:74.375
[43,   400] loss: 0.721 accuracy:74.297
[43,   500] loss: 0.721 accuracy:74.263
[43,   600] loss: 0.721 accuracy:74.320
[43,   700] loss: 0.719 accuracy:74.455
test_accuracy is 70.740 after epochs 42
Saving..

Epoch: 43
[44,   100] loss: 0.711 accuracy:74.438
[44,   200] loss: 0.722 accuracy:73.953
[44,   300] loss: 0.727 accuracy:73.859
[44,   400] loss: 0.720 accuracy:74.055
[44,   500] loss: 0.720 accuracy:74.059
[44,   600] loss: 0.717 accuracy:74.182
[44,   700] loss: 0.717 accuracy:74.190
test_accuracy is 71.280 after epochs 43
Saving..

Epoch: 44
[45,   100] loss: 0.693 accuracy:74.297
[45,   200] loss: 0.703 accuracy:74.320
[45,   300] loss: 0.701 accuracy:74.312
[45,   400] loss: 0.704 accuracy:74.301
[45,   500] loss: 0.707 accuracy:74.341
[45,   600] loss: 0.704 accuracy:74.375
[45,   700] loss: 0.706 accuracy:74.350
test_accuracy is 71.210 after epochs 44

Epoch: 45
[46,   100] loss: 0.695 accuracy:75.188
[46,   200] loss: 0.690 accuracy:75.609
[46,   300] loss: 0.693 accuracy:75.464
[46,   400] loss: 0.689 accuracy:75.715
[46,   500] loss: 0.689 accuracy:75.578
[46,   600] loss: 0.691 accuracy:75.531
[46,   700] loss: 0.694 accuracy:75.478
test_accuracy is 71.120 after epochs 45

Epoch: 46
[47,   100] loss: 0.677 accuracy:75.656
[47,   200] loss: 0.690 accuracy:75.164
[47,   300] loss: 0.691 accuracy:75.323
[47,   400] loss: 0.690 accuracy:75.375
[47,   500] loss: 0.690 accuracy:75.281
[47,   600] loss: 0.687 accuracy:75.383
[47,   700] loss: 0.690 accuracy:75.275
test_accuracy is 71.700 after epochs 46
Saving..

Epoch: 47
[48,   100] loss: 0.645 accuracy:77.188
[48,   200] loss: 0.667 accuracy:76.172
[48,   300] loss: 0.667 accuracy:75.995
[48,   400] loss: 0.671 accuracy:75.934
[48,   500] loss: 0.674 accuracy:75.872
[48,   600] loss: 0.673 accuracy:75.823
[48,   700] loss: 0.675 accuracy:75.710
test_accuracy is 71.510 after epochs 47

Epoch: 48
[49,   100] loss: 0.655 accuracy:76.172
[49,   200] loss: 0.656 accuracy:76.375
[49,   300] loss: 0.657 accuracy:76.292
[49,   400] loss: 0.665 accuracy:76.082
[49,   500] loss: 0.664 accuracy:76.166
[49,   600] loss: 0.668 accuracy:75.979
[49,   700] loss: 0.670 accuracy:75.940
test_accuracy is 71.810 after epochs 48
Saving..

Epoch: 49
[50,   100] loss: 0.653 accuracy:76.531
[50,   200] loss: 0.650 accuracy:76.836
[50,   300] loss: 0.656 accuracy:76.755
[50,   400] loss: 0.653 accuracy:76.797
[50,   500] loss: 0.654 accuracy:76.672
[50,   600] loss: 0.658 accuracy:76.487
[50,   700] loss: 0.661 accuracy:76.422
test_accuracy is 71.200 after epochs 49

Epoch: 50
[51,   100] loss: 0.662 accuracy:76.453
[51,   200] loss: 0.647 accuracy:77.148
[51,   300] loss: 0.652 accuracy:77.083
[51,   400] loss: 0.651 accuracy:76.922
[51,   500] loss: 0.655 accuracy:76.559
[51,   600] loss: 0.654 accuracy:76.576
[51,   700] loss: 0.652 accuracy:76.652
test_accuracy is 72.180 after epochs 50
Saving..

Epoch: 51
[52,   100] loss: 0.645 accuracy:76.828
[52,   200] loss: 0.652 accuracy:76.695
[52,   300] loss: 0.650 accuracy:76.635
[52,   400] loss: 0.652 accuracy:76.594
[52,   500] loss: 0.652 accuracy:76.594
[52,   600] loss: 0.649 accuracy:76.693
[52,   700] loss: 0.648 accuracy:76.708
test_accuracy is 71.990 after epochs 51

Epoch: 52
[53,   100] loss: 0.615 accuracy:77.844
[53,   200] loss: 0.631 accuracy:77.484
[53,   300] loss: 0.629 accuracy:77.495
[53,   400] loss: 0.635 accuracy:77.355
[53,   500] loss: 0.638 accuracy:77.150
[53,   600] loss: 0.640 accuracy:77.076
[53,   700] loss: 0.639 accuracy:77.129
test_accuracy is 73.180 after epochs 52
Saving..

Epoch: 53
[54,   100] loss: 0.619 accuracy:77.250
[54,   200] loss: 0.622 accuracy:77.109
[54,   300] loss: 0.630 accuracy:76.943
[54,   400] loss: 0.634 accuracy:77.027
[54,   500] loss: 0.634 accuracy:77.000
[54,   600] loss: 0.632 accuracy:77.130
[54,   700] loss: 0.633 accuracy:77.087
test_accuracy is 72.270 after epochs 53

Epoch: 54
[55,   100] loss: 0.623 accuracy:77.562
[55,   200] loss: 0.618 accuracy:77.398
[55,   300] loss: 0.621 accuracy:77.656
[55,   400] loss: 0.617 accuracy:77.812
[55,   500] loss: 0.620 accuracy:77.703
[55,   600] loss: 0.621 accuracy:77.714
[55,   700] loss: 0.623 accuracy:77.636
test_accuracy is 72.030 after epochs 54

Epoch: 55
[56,   100] loss: 0.611 accuracy:77.828
[56,   200] loss: 0.610 accuracy:77.945
[56,   300] loss: 0.613 accuracy:77.854
[56,   400] loss: 0.610 accuracy:77.949
[56,   500] loss: 0.612 accuracy:77.862
[56,   600] loss: 0.613 accuracy:77.771
[56,   700] loss: 0.613 accuracy:77.792
test_accuracy is 72.930 after epochs 55

Epoch: 56
[57,   100] loss: 0.602 accuracy:78.266
[57,   200] loss: 0.601 accuracy:78.219
[57,   300] loss: 0.610 accuracy:77.807
[57,   400] loss: 0.608 accuracy:77.938
[57,   500] loss: 0.611 accuracy:77.906
[57,   600] loss: 0.611 accuracy:77.956
[57,   700] loss: 0.611 accuracy:77.830
test_accuracy is 72.270 after epochs 56

Epoch: 57
[58,   100] loss: 0.587 accuracy:78.562
[58,   200] loss: 0.588 accuracy:78.641
[58,   300] loss: 0.590 accuracy:78.547
[58,   400] loss: 0.590 accuracy:78.625
[58,   500] loss: 0.596 accuracy:78.463
[58,   600] loss: 0.597 accuracy:78.443
[58,   700] loss: 0.601 accuracy:78.292
test_accuracy is 72.500 after epochs 57

Epoch: 58
[59,   100] loss: 0.594 accuracy:78.875
[59,   200] loss: 0.601 accuracy:78.383
[59,   300] loss: 0.598 accuracy:78.453
[59,   400] loss: 0.598 accuracy:78.492
[59,   500] loss: 0.600 accuracy:78.416
[59,   600] loss: 0.599 accuracy:78.464
[59,   700] loss: 0.600 accuracy:78.496
test_accuracy is 72.650 after epochs 58

Epoch: 59
[60,   100] loss: 0.553 accuracy:80.234
[60,   200] loss: 0.567 accuracy:79.742
[60,   300] loss: 0.573 accuracy:79.562
[60,   400] loss: 0.579 accuracy:79.301
[60,   500] loss: 0.582 accuracy:79.075
[60,   600] loss: 0.582 accuracy:79.062
[60,   700] loss: 0.585 accuracy:78.989
test_accuracy is 72.890 after epochs 59

Epoch: 60
[61,   100] loss: 0.579 accuracy:79.391
[61,   200] loss: 0.581 accuracy:79.148
[61,   300] loss: 0.584 accuracy:79.156
[61,   400] loss: 0.584 accuracy:79.324
[61,   500] loss: 0.580 accuracy:79.375
[61,   600] loss: 0.582 accuracy:79.281
[61,   700] loss: 0.582 accuracy:79.217
test_accuracy is 72.680 after epochs 60

Epoch: 61
[62,   100] loss: 0.565 accuracy:79.422
[62,   200] loss: 0.570 accuracy:79.555
[62,   300] loss: 0.571 accuracy:79.609
[62,   400] loss: 0.571 accuracy:79.609
[62,   500] loss: 0.570 accuracy:79.541
[62,   600] loss: 0.569 accuracy:79.578
[62,   700] loss: 0.575 accuracy:79.388
test_accuracy is 72.800 after epochs 61

Epoch: 62
[63,   100] loss: 0.559 accuracy:79.875
[63,   200] loss: 0.570 accuracy:79.500
[63,   300] loss: 0.562 accuracy:79.750
[63,   400] loss: 0.564 accuracy:79.746
[63,   500] loss: 0.562 accuracy:79.822
[63,   600] loss: 0.565 accuracy:79.680
[63,   700] loss: 0.567 accuracy:79.688
test_accuracy is 72.740 after epochs 62

Epoch: 63
[64,   100] loss: 0.560 accuracy:80.047
[64,   200] loss: 0.560 accuracy:79.977
[64,   300] loss: 0.560 accuracy:80.010
[64,   400] loss: 0.559 accuracy:79.969
[64,   500] loss: 0.558 accuracy:79.972
[64,   600] loss: 0.560 accuracy:79.927
[64,   700] loss: 0.560 accuracy:79.855
test_accuracy is 72.780 after epochs 63

Epoch: 64
[65,   100] loss: 0.528 accuracy:81.391
[65,   200] loss: 0.537 accuracy:80.906
[65,   300] loss: 0.544 accuracy:80.630
[65,   400] loss: 0.541 accuracy:80.684
[65,   500] loss: 0.544 accuracy:80.481
[65,   600] loss: 0.545 accuracy:80.466
[65,   700] loss: 0.550 accuracy:80.230
test_accuracy is 72.160 after epochs 64

Epoch: 65
[66,   100] loss: 0.541 accuracy:80.344
[66,   200] loss: 0.550 accuracy:79.969
[66,   300] loss: 0.541 accuracy:80.510
[66,   400] loss: 0.547 accuracy:80.238
[66,   500] loss: 0.548 accuracy:80.219
[66,   600] loss: 0.548 accuracy:80.258
[66,   700] loss: 0.549 accuracy:80.170
test_accuracy is 72.920 after epochs 65

Epoch: 66
[67,   100] loss: 0.524 accuracy:81.047
[67,   200] loss: 0.532 accuracy:80.906
[67,   300] loss: 0.532 accuracy:80.854
[67,   400] loss: 0.536 accuracy:80.656
[67,   500] loss: 0.535 accuracy:80.697
[67,   600] loss: 0.536 accuracy:80.628
[67,   700] loss: 0.539 accuracy:80.504
test_accuracy is 72.810 after epochs 66

Epoch: 67
