000 (9127350.001.000) 02/11 04:58:25 Job submitted from host: <10.15.2.1:9618?PrivAddr=%3c172.22.0.101:9618%3fsock%3d2293896_6fb7_6%3e&PrivNet=internal.cluster.is.localnet&addrs=10.15.2.1-9618&noUDP&sock=2293896_6fb7_6>
...
001 (9127350.001.000) 02/11 05:47:46 Job executing on host: <172.22.2.42:9618?addrs=172.22.2.42-9618&noUDP&sock=23986_faba_3>
...
006 (9127350.001.000) 02/11 05:47:55 Image size of job updated: 20556
	16  -  MemoryUsage of job (MB)
	16200  -  ResidentSetSize of job (KB)
...
006 (9127350.001.000) 02/11 05:52:56 Image size of job updated: 2345488
	2238  -  MemoryUsage of job (MB)
	2291368  -  ResidentSetSize of job (KB)
...
006 (9127350.001.000) 02/11 05:57:56 Image size of job updated: 2352760
	2244  -  MemoryUsage of job (MB)
	2297848  -  ResidentSetSize of job (KB)
...
006 (9127350.001.000) 02/11 06:02:56 Image size of job updated: 2353300
	2246  -  MemoryUsage of job (MB)
	2299180  -  ResidentSetSize of job (KB)
...
006 (9127350.001.000) 02/11 06:12:58 Image size of job updated: 2354900
	2246  -  MemoryUsage of job (MB)
	2299856  -  ResidentSetSize of job (KB)
...
006 (9127350.001.000) 02/11 06:17:58 Image size of job updated: 2355860
	2248  -  MemoryUsage of job (MB)
	2300948  -  ResidentSetSize of job (KB)
...
